2026-03-10 12:02:11,544 - INFO - 启动维护任务 | 协议类型: IPV4
2026-03-10 12:02:11,544 - INFO - --------------------------------------------------
2026-03-10 12:02:11,544 - INFO - [hk.616049.xyz (HKG)] 开始处理节点维护
2026-03-10 12:02:11,591 - DEBUG - DNS解析重试中 hk.616049.xyz: [Errno -2] Name or service not known
2026-03-10 12:02:12,625 - DEBUG - DNS解析重试中 hk.616049.xyz: [Errno -2] Name or service not known
2026-03-10 12:02:13,661 - DEBUG - DNS解析重试中 hk.616049.xyz: [Errno -2] Name or service not known
2026-03-10 12:02:14,662 - WARNING - [hk.616049.xyz (HKG)] ├─ 无有效DNS记录，触发紧急更新
2026-03-10 12:15:10,589 - ERROR - CFST更新失败: None
2026-03-10 12:15:10,590 - INFO - --------------------------------------------------
2026-03-10 12:15:10,590 - INFO - [us.616049.xyz (LAX)] 开始处理节点维护
2026-03-10 12:15:10,620 - DEBUG - DNS解析重试中 us.616049.xyz: [Errno -2] Name or service not known
2026-03-10 12:15:11,625 - DEBUG - DNS解析重试中 us.616049.xyz: [Errno -2] Name or service not known
2026-03-10 12:15:12,676 - DEBUG - DNS解析重试中 us.616049.xyz: [Errno -2] Name or service not known
2026-03-10 12:15:13,677 - WARNING - [us.616049.xyz (LAX)] ├─ 无有效DNS记录，触发紧急更新
2026-03-10 12:28:09,058 - ERROR - CFST更新失败: None
2026-03-10 12:28:09,059 - INFO - --------------------------------------------------
2026-03-10 12:28:09,059 - INFO - [de.616049.xyz (FRA)] 开始处理节点维护
2026-03-10 12:28:09,095 - DEBUG - DNS解析重试中 de.616049.xyz: [Errno -2] Name or service not known
2026-03-10 12:28:10,130 - DEBUG - DNS解析重试中 de.616049.xyz: [Errno -2] Name or service not known
2026-03-10 12:28:11,162 - DEBUG - DNS解析重试中 de.616049.xyz: [Errno -2] Name or service not known
2026-03-10 12:28:12,163 - WARNING - [de.616049.xyz (FRA)] ├─ 无有效DNS记录，触发紧急更新
2026-03-10 12:41:07,634 - ERROR - CFST更新失败: None
2026-03-10 12:41:07,637 - DEBUG - Starting new HTTPS connection (1): api.telegram.org:443
2026-03-10 12:41:08,042 - DEBUG - https://api.telegram.org:443 "POST /bot/sendMessage HTTP/1.1" 404 55
