2026-07-07 15:31:04,866 - INFO - 启动维护任务 | 协议类型: IPV4
2026-07-07 15:31:04,866 - INFO - --------------------------------------------------
2026-07-07 15:31:04,866 - INFO - [hk.616049.xyz (HKG)] 开始处理节点维护
2026-07-07 15:31:04,883 - DEBUG - DNS解析重试中 hk.616049.xyz: [Errno -5] No address associated with hostname
2026-07-07 15:31:05,894 - DEBUG - DNS解析重试中 hk.616049.xyz: [Errno -5] No address associated with hostname
2026-07-07 15:31:06,915 - DEBUG - DNS解析重试中 hk.616049.xyz: [Errno -5] No address associated with hostname
2026-07-07 15:31:07,916 - WARNING - [hk.616049.xyz (HKG)] ├─ 无有效DNS记录，触发紧急更新
2026-07-07 15:43:39,734 - ERROR - CFST更新失败: None
2026-07-07 15:43:39,735 - INFO - --------------------------------------------------
2026-07-07 15:43:39,735 - INFO - [us.616049.xyz (LAX)] 开始处理节点维护
2026-07-07 15:43:39,745 - DEBUG - DNS解析重试中 us.616049.xyz: [Errno -5] No address associated with hostname
2026-07-07 15:43:40,765 - DEBUG - DNS解析重试中 us.616049.xyz: [Errno -5] No address associated with hostname
2026-07-07 15:43:41,780 - DEBUG - DNS解析重试中 us.616049.xyz: [Errno -5] No address associated with hostname
2026-07-07 15:43:42,781 - WARNING - [us.616049.xyz (LAX)] ├─ 无有效DNS记录，触发紧急更新
2026-07-07 15:56:17,265 - ERROR - CFST更新失败: None
2026-07-07 15:56:17,265 - INFO - --------------------------------------------------
2026-07-07 15:56:17,265 - INFO - [de.616049.xyz (FRA)] 开始处理节点维护
2026-07-07 15:56:17,278 - DEBUG - DNS解析重试中 de.616049.xyz: [Errno -5] No address associated with hostname
2026-07-07 15:56:18,306 - DEBUG - DNS解析重试中 de.616049.xyz: [Errno -5] No address associated with hostname
2026-07-07 15:56:19,316 - DEBUG - DNS解析重试中 de.616049.xyz: [Errno -5] No address associated with hostname
2026-07-07 15:56:20,318 - WARNING - [de.616049.xyz (FRA)] ├─ 无有效DNS记录，触发紧急更新
2026-07-07 16:08:52,843 - ERROR - CFST更新失败: None
2026-07-07 16:08:52,847 - DEBUG - Starting new HTTPS connection (1): api.telegram.org:443
2026-07-07 16:08:53,300 - DEBUG - https://api.telegram.org:443 "POST /bot/sendMessage HTTP/1.1" 404 55
