2026-04-11 00:41:35,784 - INFO - 启动维护任务 | 协议类型: IPV4
2026-04-11 00:41:35,784 - INFO - --------------------------------------------------
2026-04-11 00:41:35,785 - INFO - [hk.616049.xyz (HKG)] 开始处理节点维护
2026-04-11 00:41:35,792 - DEBUG - DNS解析重试中 hk.616049.xyz: [Errno -2] Name or service not known
2026-04-11 00:41:36,814 - DEBUG - DNS解析重试中 hk.616049.xyz: [Errno -2] Name or service not known
2026-04-11 00:41:37,833 - DEBUG - DNS解析重试中 hk.616049.xyz: [Errno -2] Name or service not known
2026-04-11 00:41:38,835 - WARNING - [hk.616049.xyz (HKG)] ├─ 无有效DNS记录，触发紧急更新
2026-04-11 00:54:34,139 - ERROR - CFST更新失败: None
2026-04-11 00:54:34,140 - INFO - --------------------------------------------------
2026-04-11 00:54:34,140 - INFO - [us.616049.xyz (LAX)] 开始处理节点维护
2026-04-11 00:54:34,163 - DEBUG - DNS解析重试中 us.616049.xyz: [Errno -2] Name or service not known
2026-04-11 00:54:35,171 - DEBUG - DNS解析重试中 us.616049.xyz: [Errno -2] Name or service not known
2026-04-11 00:54:36,181 - DEBUG - DNS解析重试中 us.616049.xyz: [Errno -2] Name or service not known
2026-04-11 00:54:37,182 - WARNING - [us.616049.xyz (LAX)] ├─ 无有效DNS记录，触发紧急更新
2026-04-11 01:07:31,204 - ERROR - CFST更新失败: None
2026-04-11 01:07:31,204 - INFO - --------------------------------------------------
2026-04-11 01:07:31,204 - INFO - [de.616049.xyz (FRA)] 开始处理节点维护
2026-04-11 01:07:31,211 - DEBUG - DNS解析重试中 de.616049.xyz: [Errno -2] Name or service not known
2026-04-11 01:07:32,223 - DEBUG - DNS解析重试中 de.616049.xyz: [Errno -2] Name or service not known
2026-04-11 01:07:33,245 - DEBUG - DNS解析重试中 de.616049.xyz: [Errno -2] Name or service not known
2026-04-11 01:07:34,246 - WARNING - [de.616049.xyz (FRA)] ├─ 无有效DNS记录，触发紧急更新
2026-04-11 01:20:28,316 - ERROR - CFST更新失败: None
2026-04-11 01:20:28,320 - DEBUG - Starting new HTTPS connection (1): api.telegram.org:443
2026-04-11 01:20:28,628 - DEBUG - https://api.telegram.org:443 "POST /bot/sendMessage HTTP/1.1" 404 55
