2026-02-10 09:46:58,943 - INFO - 启动维护任务 | 协议类型: IPV4
2026-02-10 09:46:58,943 - INFO - --------------------------------------------------
2026-02-10 09:46:58,943 - INFO - [hk.616049.xyz (HKG)] 开始处理节点维护
2026-02-10 09:46:58,952 - DEBUG - DNS解析重试中 hk.616049.xyz: [Errno -2] Name or service not known
2026-02-10 09:46:59,961 - DEBUG - DNS解析重试中 hk.616049.xyz: [Errno -2] Name or service not known
2026-02-10 09:47:00,993 - DEBUG - DNS解析重试中 hk.616049.xyz: [Errno -2] Name or service not known
2026-02-10 09:47:01,994 - WARNING - [hk.616049.xyz (HKG)] ├─ 无有效DNS记录，触发紧急更新
2026-02-10 10:00:01,459 - ERROR - CFST更新失败: None
2026-02-10 10:00:01,459 - INFO - --------------------------------------------------
2026-02-10 10:00:01,459 - INFO - [us.616049.xyz (LAX)] 开始处理节点维护
2026-02-10 10:00:01,467 - DEBUG - DNS解析重试中 us.616049.xyz: [Errno -2] Name or service not known
2026-02-10 10:00:02,477 - DEBUG - DNS解析重试中 us.616049.xyz: [Errno -2] Name or service not known
2026-02-10 10:00:03,491 - DEBUG - DNS解析重试中 us.616049.xyz: [Errno -2] Name or service not known
2026-02-10 10:00:04,493 - WARNING - [us.616049.xyz (LAX)] ├─ 无有效DNS记录，触发紧急更新
2026-02-10 10:13:03,713 - ERROR - CFST更新失败: None
2026-02-10 10:13:03,714 - INFO - --------------------------------------------------
2026-02-10 10:13:03,714 - INFO - [de.616049.xyz (FRA)] 开始处理节点维护
2026-02-10 10:13:03,728 - DEBUG - DNS解析重试中 de.616049.xyz: [Errno -2] Name or service not known
2026-02-10 10:13:04,748 - DEBUG - DNS解析重试中 de.616049.xyz: [Errno -2] Name or service not known
2026-02-10 10:13:05,771 - DEBUG - DNS解析重试中 de.616049.xyz: [Errno -2] Name or service not known
2026-02-10 10:13:06,772 - WARNING - [de.616049.xyz (FRA)] ├─ 无有效DNS记录，触发紧急更新
2026-02-10 10:26:04,376 - ERROR - CFST更新失败: None
2026-02-10 10:26:04,381 - DEBUG - Starting new HTTPS connection (1): api.telegram.org:443
2026-02-10 10:26:04,667 - DEBUG - https://api.telegram.org:443 "POST /bot/sendMessage HTTP/1.1" 404 55
