2026-04-15 23:00:14,905 - INFO - 启动维护任务 | 协议类型: IPV4
2026-04-15 23:00:14,906 - INFO - --------------------------------------------------
2026-04-15 23:00:14,906 - INFO - [hk.616049.xyz (HKG)] 开始处理节点维护
2026-04-15 23:00:14,927 - DEBUG - DNS解析重试中 hk.616049.xyz: [Errno -2] Name or service not known
2026-04-15 23:00:15,949 - DEBUG - DNS解析重试中 hk.616049.xyz: [Errno -2] Name or service not known
2026-04-15 23:00:16,977 - DEBUG - DNS解析重试中 hk.616049.xyz: [Errno -2] Name or service not known
2026-04-15 23:00:17,979 - WARNING - [hk.616049.xyz (HKG)] ├─ 无有效DNS记录，触发紧急更新
2026-04-15 23:13:12,409 - ERROR - CFST更新失败: None
2026-04-15 23:13:12,409 - INFO - --------------------------------------------------
2026-04-15 23:13:12,409 - INFO - [us.616049.xyz (LAX)] 开始处理节点维护
2026-04-15 23:13:12,424 - DEBUG - DNS解析重试中 us.616049.xyz: [Errno -2] Name or service not known
2026-04-15 23:13:13,445 - DEBUG - DNS解析重试中 us.616049.xyz: [Errno -2] Name or service not known
2026-04-15 23:13:14,476 - DEBUG - DNS解析重试中 us.616049.xyz: [Errno -2] Name or service not known
2026-04-15 23:13:15,477 - WARNING - [us.616049.xyz (LAX)] ├─ 无有效DNS记录，触发紧急更新
2026-04-15 23:26:09,743 - ERROR - CFST更新失败: None
2026-04-15 23:26:09,743 - INFO - --------------------------------------------------
2026-04-15 23:26:09,743 - INFO - [de.616049.xyz (FRA)] 开始处理节点维护
2026-04-15 23:26:09,818 - DEBUG - DNS解析重试中 de.616049.xyz: [Errno -2] Name or service not known
2026-04-15 23:26:10,844 - DEBUG - DNS解析重试中 de.616049.xyz: [Errno -2] Name or service not known
2026-04-15 23:26:11,867 - DEBUG - DNS解析重试中 de.616049.xyz: [Errno -2] Name or service not known
2026-04-15 23:26:12,869 - WARNING - [de.616049.xyz (FRA)] ├─ 无有效DNS记录，触发紧急更新
2026-04-15 23:39:07,684 - ERROR - CFST更新失败: None
2026-04-15 23:39:07,687 - DEBUG - Starting new HTTPS connection (1): api.telegram.org:443
2026-04-15 23:39:08,166 - DEBUG - https://api.telegram.org:443 "POST /bot/sendMessage HTTP/1.1" 404 55
