2026-03-09 09:21:26,636 - INFO - 启动维护任务 | 协议类型: IPV4
2026-03-09 09:21:26,636 - INFO - --------------------------------------------------
2026-03-09 09:21:26,636 - INFO - [hk.616049.xyz (HKG)] 开始处理节点维护
2026-03-09 09:21:26,664 - DEBUG - DNS解析重试中 hk.616049.xyz: [Errno -2] Name or service not known
2026-03-09 09:21:27,677 - DEBUG - DNS解析重试中 hk.616049.xyz: [Errno -2] Name or service not known
2026-03-09 09:21:28,699 - DEBUG - DNS解析重试中 hk.616049.xyz: [Errno -2] Name or service not known
2026-03-09 09:21:29,700 - WARNING - [hk.616049.xyz (HKG)] ├─ 无有效DNS记录，触发紧急更新
2026-03-09 09:34:25,921 - ERROR - CFST更新失败: None
2026-03-09 09:34:25,921 - INFO - --------------------------------------------------
2026-03-09 09:34:25,921 - INFO - [us.616049.xyz (LAX)] 开始处理节点维护
2026-03-09 09:34:25,932 - DEBUG - DNS解析重试中 us.616049.xyz: [Errno -2] Name or service not known
2026-03-09 09:34:26,952 - DEBUG - DNS解析重试中 us.616049.xyz: [Errno -2] Name or service not known
2026-03-09 09:34:27,965 - DEBUG - DNS解析重试中 us.616049.xyz: [Errno -2] Name or service not known
2026-03-09 09:34:28,966 - WARNING - [us.616049.xyz (LAX)] ├─ 无有效DNS记录，触发紧急更新
2026-03-09 09:47:24,499 - ERROR - CFST更新失败: None
2026-03-09 09:47:24,499 - INFO - --------------------------------------------------
2026-03-09 09:47:24,499 - INFO - [de.616049.xyz (FRA)] 开始处理节点维护
2026-03-09 09:47:24,512 - DEBUG - DNS解析重试中 de.616049.xyz: [Errno -2] Name or service not known
2026-03-09 09:47:25,519 - DEBUG - DNS解析重试中 de.616049.xyz: [Errno -2] Name or service not known
2026-03-09 09:47:26,530 - DEBUG - DNS解析重试中 de.616049.xyz: [Errno -2] Name or service not known
2026-03-09 09:47:27,531 - WARNING - [de.616049.xyz (FRA)] ├─ 无有效DNS记录，触发紧急更新
2026-03-09 10:00:22,780 - ERROR - CFST更新失败: None
2026-03-09 10:00:22,785 - DEBUG - Starting new HTTPS connection (1): api.telegram.org:443
2026-03-09 10:00:23,091 - DEBUG - https://api.telegram.org:443 "POST /bot/sendMessage HTTP/1.1" 404 55
