2026-02-02 04:17:41,589 - INFO - 启动维护任务 | 协议类型: IPV4
2026-02-02 04:17:41,589 - INFO - --------------------------------------------------
2026-02-02 04:17:41,589 - INFO - [hk.616049.xyz (HKG)] 开始处理节点维护
2026-02-02 04:17:41,654 - DEBUG - DNS解析重试中 hk.616049.xyz: [Errno -2] Name or service not known
2026-02-02 04:17:42,680 - DEBUG - DNS解析重试中 hk.616049.xyz: [Errno -2] Name or service not known
2026-02-02 04:17:43,701 - DEBUG - DNS解析重试中 hk.616049.xyz: [Errno -2] Name or service not known
2026-02-02 04:17:44,702 - WARNING - [hk.616049.xyz (HKG)] ├─ 无有效DNS记录，触发紧急更新
2026-02-02 04:30:41,263 - ERROR - CFST更新失败: None
2026-02-02 04:30:41,263 - INFO - --------------------------------------------------
2026-02-02 04:30:41,263 - INFO - [us.616049.xyz (LAX)] 开始处理节点维护
2026-02-02 04:30:41,299 - DEBUG - DNS解析重试中 us.616049.xyz: [Errno -2] Name or service not known
2026-02-02 04:30:42,322 - DEBUG - DNS解析重试中 us.616049.xyz: [Errno -2] Name or service not known
2026-02-02 04:30:43,355 - DEBUG - DNS解析重试中 us.616049.xyz: [Errno -2] Name or service not known
2026-02-02 04:30:44,356 - WARNING - [us.616049.xyz (LAX)] ├─ 无有效DNS记录，触发紧急更新
2026-02-02 04:43:41,440 - ERROR - CFST更新失败: None
2026-02-02 04:43:41,440 - INFO - --------------------------------------------------
2026-02-02 04:43:41,440 - INFO - [de.616049.xyz (FRA)] 开始处理节点维护
2026-02-02 04:43:41,484 - DEBUG - DNS解析重试中 de.616049.xyz: [Errno -2] Name or service not known
2026-02-02 04:43:42,525 - DEBUG - DNS解析重试中 de.616049.xyz: [Errno -2] Name or service not known
2026-02-02 04:43:43,563 - DEBUG - DNS解析重试中 de.616049.xyz: [Errno -2] Name or service not known
2026-02-02 04:43:44,564 - WARNING - [de.616049.xyz (FRA)] ├─ 无有效DNS记录，触发紧急更新
2026-02-02 04:56:40,402 - ERROR - CFST更新失败: None
2026-02-02 04:56:40,406 - DEBUG - Starting new HTTPS connection (1): api.telegram.org:443
2026-02-02 04:56:40,736 - DEBUG - https://api.telegram.org:443 "POST /bot/sendMessage HTTP/1.1" 404 55
