2026-06-26 10:36:04,612 - INFO - 启动维护任务 | 协议类型: IPV4
2026-06-26 10:36:04,613 - INFO - --------------------------------------------------
2026-06-26 10:36:04,613 - INFO - [hk.616049.xyz (HKG)] 开始处理节点维护
2026-06-26 10:36:04,630 - DEBUG - DNS解析重试中 hk.616049.xyz: [Errno -2] Name or service not known
2026-06-26 10:36:05,657 - DEBUG - DNS解析重试中 hk.616049.xyz: [Errno -2] Name or service not known
2026-06-26 10:36:06,674 - DEBUG - DNS解析重试中 hk.616049.xyz: [Errno -2] Name or service not known
2026-06-26 10:36:07,675 - WARNING - [hk.616049.xyz (HKG)] ├─ 无有效DNS记录，触发紧急更新
2026-06-26 10:48:37,550 - ERROR - CFST更新失败: None
2026-06-26 10:48:37,550 - INFO - --------------------------------------------------
2026-06-26 10:48:37,550 - INFO - [us.616049.xyz (LAX)] 开始处理节点维护
2026-06-26 10:48:37,587 - DEBUG - DNS解析重试中 us.616049.xyz: [Errno -2] Name or service not known
2026-06-26 10:48:38,604 - DEBUG - DNS解析重试中 us.616049.xyz: [Errno -2] Name or service not known
2026-06-26 10:48:39,616 - DEBUG - DNS解析重试中 us.616049.xyz: [Errno -2] Name or service not known
2026-06-26 10:48:40,617 - WARNING - [us.616049.xyz (LAX)] ├─ 无有效DNS记录，触发紧急更新
2026-06-26 11:01:10,218 - ERROR - CFST更新失败: None
2026-06-26 11:01:10,218 - INFO - --------------------------------------------------
2026-06-26 11:01:10,218 - INFO - [de.616049.xyz (FRA)] 开始处理节点维护
2026-06-26 11:01:10,232 - DEBUG - DNS解析重试中 de.616049.xyz: [Errno -2] Name or service not known
2026-06-26 11:01:11,259 - DEBUG - DNS解析重试中 de.616049.xyz: [Errno -2] Name or service not known
2026-06-26 11:01:12,292 - DEBUG - DNS解析重试中 de.616049.xyz: [Errno -2] Name or service not known
2026-06-26 11:01:13,293 - WARNING - [de.616049.xyz (FRA)] ├─ 无有效DNS记录，触发紧急更新
2026-06-26 11:13:42,882 - ERROR - CFST更新失败: None
2026-06-26 11:13:42,886 - DEBUG - Starting new HTTPS connection (1): api.telegram.org:443
2026-06-26 11:13:43,160 - DEBUG - https://api.telegram.org:443 "POST /bot/sendMessage HTTP/1.1" 404 55
