2026-06-07 01:01:53,881 - INFO - 启动维护任务 | 协议类型: IPV4
2026-06-07 01:01:53,881 - INFO - --------------------------------------------------
2026-06-07 01:01:53,881 - INFO - [hk.616049.xyz (HKG)] 开始处理节点维护
2026-06-07 01:01:53,897 - DEBUG - DNS解析重试中 hk.616049.xyz: [Errno -2] Name or service not known
2026-06-07 01:01:54,911 - DEBUG - DNS解析重试中 hk.616049.xyz: [Errno -2] Name or service not known
2026-06-07 01:01:55,933 - DEBUG - DNS解析重试中 hk.616049.xyz: [Errno -2] Name or service not known
2026-06-07 01:01:56,934 - WARNING - [hk.616049.xyz (HKG)] ├─ 无有效DNS记录，触发紧急更新
2026-06-07 01:14:34,993 - ERROR - CFST更新失败: None
2026-06-07 01:14:34,993 - INFO - --------------------------------------------------
2026-06-07 01:14:34,993 - INFO - [us.616049.xyz (LAX)] 开始处理节点维护
2026-06-07 01:14:35,011 - DEBUG - DNS解析重试中 us.616049.xyz: [Errno -2] Name or service not known
2026-06-07 01:14:36,036 - DEBUG - DNS解析重试中 us.616049.xyz: [Errno -2] Name or service not known
2026-06-07 01:14:37,049 - DEBUG - DNS解析重试中 us.616049.xyz: [Errno -2] Name or service not known
2026-06-07 01:14:38,050 - WARNING - [us.616049.xyz (LAX)] ├─ 无有效DNS记录，触发紧急更新
2026-06-07 01:27:16,510 - ERROR - CFST更新失败: None
2026-06-07 01:27:16,511 - INFO - --------------------------------------------------
2026-06-07 01:27:16,511 - INFO - [de.616049.xyz (FRA)] 开始处理节点维护
2026-06-07 01:27:16,537 - DEBUG - DNS解析重试中 de.616049.xyz: [Errno -2] Name or service not known
2026-06-07 01:27:17,555 - DEBUG - DNS解析重试中 de.616049.xyz: [Errno -2] Name or service not known
2026-06-07 01:27:18,564 - DEBUG - DNS解析重试中 de.616049.xyz: [Errno -2] Name or service not known
2026-06-07 01:27:19,565 - WARNING - [de.616049.xyz (FRA)] ├─ 无有效DNS记录，触发紧急更新
2026-06-07 01:39:57,513 - ERROR - CFST更新失败: None
2026-06-07 01:39:57,517 - DEBUG - Starting new HTTPS connection (1): api.telegram.org:443
2026-06-07 01:39:57,793 - DEBUG - https://api.telegram.org:443 "POST /bot/sendMessage HTTP/1.1" 404 55
