2026-04-19 09:55:51,822 - INFO - 启动维护任务 | 协议类型: IPV4
2026-04-19 09:55:51,822 - INFO - --------------------------------------------------
2026-04-19 09:55:51,822 - INFO - [hk.616049.xyz (HKG)] 开始处理节点维护
2026-04-19 09:55:51,854 - DEBUG - DNS解析重试中 hk.616049.xyz: [Errno -2] Name or service not known
2026-04-19 09:55:52,862 - DEBUG - DNS解析重试中 hk.616049.xyz: [Errno -2] Name or service not known
2026-04-19 09:55:53,895 - DEBUG - DNS解析重试中 hk.616049.xyz: [Errno -2] Name or service not known
2026-04-19 09:55:54,896 - WARNING - [hk.616049.xyz (HKG)] ├─ 无有效DNS记录，触发紧急更新
2026-04-19 10:08:55,316 - ERROR - CFST更新失败: None
2026-04-19 10:08:55,316 - INFO - --------------------------------------------------
2026-04-19 10:08:55,316 - INFO - [us.616049.xyz (LAX)] 开始处理节点维护
2026-04-19 10:08:55,346 - DEBUG - DNS解析重试中 us.616049.xyz: [Errno -2] Name or service not known
2026-04-19 10:08:56,384 - DEBUG - DNS解析重试中 us.616049.xyz: [Errno -2] Name or service not known
2026-04-19 10:08:57,415 - DEBUG - DNS解析重试中 us.616049.xyz: [Errno -2] Name or service not known
2026-04-19 10:08:58,416 - WARNING - [us.616049.xyz (LAX)] ├─ 无有效DNS记录，触发紧急更新
2026-04-19 10:21:59,195 - ERROR - CFST更新失败: None
2026-04-19 10:21:59,195 - INFO - --------------------------------------------------
2026-04-19 10:21:59,195 - INFO - [de.616049.xyz (FRA)] 开始处理节点维护
2026-04-19 10:21:59,228 - DEBUG - DNS解析重试中 de.616049.xyz: [Errno -2] Name or service not known
2026-04-19 10:22:00,260 - DEBUG - DNS解析重试中 de.616049.xyz: [Errno -2] Name or service not known
2026-04-19 10:22:01,294 - DEBUG - DNS解析重试中 de.616049.xyz: [Errno -2] Name or service not known
2026-04-19 10:22:02,295 - WARNING - [de.616049.xyz (FRA)] ├─ 无有效DNS记录，触发紧急更新
2026-04-19 10:35:02,713 - ERROR - CFST更新失败: None
2026-04-19 10:35:02,717 - DEBUG - Starting new HTTPS connection (1): api.telegram.org:443
2026-04-19 10:35:03,144 - DEBUG - https://api.telegram.org:443 "POST /bot/sendMessage HTTP/1.1" 404 55
