2026-03-01 14:36:19,034 - INFO - 启动维护任务 | 协议类型: IPV4
2026-03-01 14:36:19,034 - INFO - --------------------------------------------------
2026-03-01 14:36:19,034 - INFO - [hk.616049.xyz (HKG)] 开始处理节点维护
2026-03-01 14:36:19,045 - DEBUG - DNS解析重试中 hk.616049.xyz: [Errno -2] Name or service not known
2026-03-01 14:36:20,054 - DEBUG - DNS解析重试中 hk.616049.xyz: [Errno -2] Name or service not known
2026-03-01 14:36:21,072 - DEBUG - DNS解析重试中 hk.616049.xyz: [Errno -2] Name or service not known
2026-03-01 14:36:22,073 - WARNING - [hk.616049.xyz (HKG)] ├─ 无有效DNS记录，触发紧急更新
2026-03-01 14:49:17,096 - ERROR - CFST更新失败: None
2026-03-01 14:49:17,096 - INFO - --------------------------------------------------
2026-03-01 14:49:17,096 - INFO - [us.616049.xyz (LAX)] 开始处理节点维护
2026-03-01 14:49:17,105 - DEBUG - DNS解析重试中 us.616049.xyz: [Errno -2] Name or service not known
2026-03-01 14:49:18,136 - DEBUG - DNS解析重试中 us.616049.xyz: [Errno -2] Name or service not known
2026-03-01 14:49:19,156 - DEBUG - DNS解析重试中 us.616049.xyz: [Errno -2] Name or service not known
2026-03-01 14:49:20,157 - WARNING - [us.616049.xyz (LAX)] ├─ 无有效DNS记录，触发紧急更新
2026-03-01 15:02:14,977 - ERROR - CFST更新失败: None
2026-03-01 15:02:14,978 - INFO - --------------------------------------------------
2026-03-01 15:02:14,978 - INFO - [de.616049.xyz (FRA)] 开始处理节点维护
2026-03-01 15:02:14,985 - DEBUG - DNS解析重试中 de.616049.xyz: [Errno -2] Name or service not known
2026-03-01 15:02:16,000 - DEBUG - DNS解析重试中 de.616049.xyz: [Errno -2] Name or service not known
2026-03-01 15:02:17,013 - DEBUG - DNS解析重试中 de.616049.xyz: [Errno -2] Name or service not known
2026-03-01 15:02:18,014 - WARNING - [de.616049.xyz (FRA)] ├─ 无有效DNS记录，触发紧急更新
2026-03-01 15:15:13,403 - ERROR - CFST更新失败: None
2026-03-01 15:15:13,407 - DEBUG - Starting new HTTPS connection (1): api.telegram.org:443
2026-03-01 15:15:13,692 - DEBUG - https://api.telegram.org:443 "POST /bot/sendMessage HTTP/1.1" 404 55
