2026-03-30 15:17:28,599 - INFO - 启动维护任务 | 协议类型: IPV4
2026-03-30 15:17:28,599 - INFO - --------------------------------------------------
2026-03-30 15:17:28,599 - INFO - [hk.616049.xyz (HKG)] 开始处理节点维护
2026-03-30 15:17:28,614 - DEBUG - DNS解析重试中 hk.616049.xyz: [Errno -2] Name or service not known
2026-03-30 15:17:29,630 - DEBUG - DNS解析重试中 hk.616049.xyz: [Errno -2] Name or service not known
2026-03-30 15:17:30,637 - DEBUG - DNS解析重试中 hk.616049.xyz: [Errno -2] Name or service not known
2026-03-30 15:17:31,639 - WARNING - [hk.616049.xyz (HKG)] ├─ 无有效DNS记录，触发紧急更新
2026-03-30 15:30:26,102 - ERROR - CFST更新失败: None
2026-03-30 15:30:26,103 - INFO - --------------------------------------------------
2026-03-30 15:30:26,103 - INFO - [us.616049.xyz (LAX)] 开始处理节点维护
2026-03-30 15:30:26,115 - DEBUG - DNS解析重试中 us.616049.xyz: [Errno -2] Name or service not known
2026-03-30 15:30:27,125 - DEBUG - DNS解析重试中 us.616049.xyz: [Errno -2] Name or service not known
2026-03-30 15:30:28,137 - DEBUG - DNS解析重试中 us.616049.xyz: [Errno -2] Name or service not known
2026-03-30 15:30:29,138 - WARNING - [us.616049.xyz (LAX)] ├─ 无有效DNS记录，触发紧急更新
2026-03-30 15:43:23,253 - ERROR - CFST更新失败: None
2026-03-30 15:43:23,253 - INFO - --------------------------------------------------
2026-03-30 15:43:23,253 - INFO - [de.616049.xyz (FRA)] 开始处理节点维护
2026-03-30 15:43:23,260 - DEBUG - DNS解析重试中 de.616049.xyz: [Errno -2] Name or service not known
2026-03-30 15:43:24,267 - DEBUG - DNS解析重试中 de.616049.xyz: [Errno -2] Name or service not known
2026-03-30 15:43:25,277 - DEBUG - DNS解析重试中 de.616049.xyz: [Errno -2] Name or service not known
2026-03-30 15:43:26,278 - WARNING - [de.616049.xyz (FRA)] ├─ 无有效DNS记录，触发紧急更新
2026-03-30 15:56:21,092 - ERROR - CFST更新失败: None
2026-03-30 15:56:21,095 - DEBUG - Starting new HTTPS connection (1): api.telegram.org:443
2026-03-30 15:56:21,376 - DEBUG - https://api.telegram.org:443 "POST /bot/sendMessage HTTP/1.1" 404 55
