2026-07-12 21:00:04,746 - INFO - 启动维护任务 | 协议类型: IPV4
2026-07-12 21:00:04,746 - INFO - --------------------------------------------------
2026-07-12 21:00:04,746 - INFO - [hk.616049.xyz (HKG)] 开始处理节点维护
2026-07-12 21:00:04,789 - DEBUG - DNS解析重试中 hk.616049.xyz: [Errno -5] No address associated with hostname
2026-07-12 21:00:05,836 - DEBUG - DNS解析重试中 hk.616049.xyz: [Errno -5] No address associated with hostname
2026-07-12 21:00:06,889 - DEBUG - DNS解析重试中 hk.616049.xyz: [Errno -5] No address associated with hostname
2026-07-12 21:00:07,890 - WARNING - [hk.616049.xyz (HKG)] ├─ 无有效DNS记录，触发紧急更新
2026-07-12 21:12:47,883 - ERROR - CFST更新失败: None
2026-07-12 21:12:47,883 - INFO - --------------------------------------------------
2026-07-12 21:12:47,883 - INFO - [us.616049.xyz (LAX)] 开始处理节点维护
2026-07-12 21:12:48,127 - DEBUG - DNS解析重试中 us.616049.xyz: [Errno -5] No address associated with hostname
2026-07-12 21:12:49,170 - DEBUG - DNS解析重试中 us.616049.xyz: [Errno -5] No address associated with hostname
2026-07-12 21:12:50,235 - DEBUG - DNS解析重试中 us.616049.xyz: [Errno -5] No address associated with hostname
2026-07-12 21:12:51,236 - WARNING - [us.616049.xyz (LAX)] ├─ 无有效DNS记录，触发紧急更新
2026-07-12 21:25:31,812 - ERROR - CFST更新失败: None
2026-07-12 21:25:31,812 - INFO - --------------------------------------------------
2026-07-12 21:25:31,812 - INFO - [de.616049.xyz (FRA)] 开始处理节点维护
2026-07-12 21:25:31,878 - DEBUG - DNS解析重试中 de.616049.xyz: [Errno -5] No address associated with hostname
2026-07-12 21:25:32,919 - DEBUG - DNS解析重试中 de.616049.xyz: [Errno -5] No address associated with hostname
2026-07-12 21:25:33,983 - DEBUG - DNS解析重试中 de.616049.xyz: [Errno -5] No address associated with hostname
2026-07-12 21:25:34,984 - WARNING - [de.616049.xyz (FRA)] ├─ 无有效DNS记录，触发紧急更新
2026-07-12 21:38:09,731 - ERROR - CFST更新失败: None
2026-07-12 21:38:09,735 - DEBUG - Starting new HTTPS connection (1): api.telegram.org:443
2026-07-12 21:38:10,078 - DEBUG - https://api.telegram.org:443 "POST /bot/sendMessage HTTP/1.1" 404 55
