2026-03-31 09:44:49,941 - INFO - 启动维护任务 | 协议类型: IPV4
2026-03-31 09:44:49,941 - INFO - --------------------------------------------------
2026-03-31 09:44:49,941 - INFO - [hk.616049.xyz (HKG)] 开始处理节点维护
2026-03-31 09:44:49,963 - DEBUG - DNS解析重试中 hk.616049.xyz: [Errno -2] Name or service not known
2026-03-31 09:44:50,972 - DEBUG - DNS解析重试中 hk.616049.xyz: [Errno -2] Name or service not known
2026-03-31 09:44:51,981 - DEBUG - DNS解析重试中 hk.616049.xyz: [Errno -2] Name or service not known
2026-03-31 09:44:52,982 - WARNING - [hk.616049.xyz (HKG)] ├─ 无有效DNS记录，触发紧急更新
2026-03-31 09:57:48,528 - ERROR - CFST更新失败: None
2026-03-31 09:57:48,528 - INFO - --------------------------------------------------
2026-03-31 09:57:48,528 - INFO - [us.616049.xyz (LAX)] 开始处理节点维护
2026-03-31 09:57:48,537 - DEBUG - DNS解析重试中 us.616049.xyz: [Errno -2] Name or service not known
2026-03-31 09:57:49,568 - DEBUG - DNS解析重试中 us.616049.xyz: [Errno -2] Name or service not known
2026-03-31 09:57:50,579 - DEBUG - DNS解析重试中 us.616049.xyz: [Errno -2] Name or service not known
2026-03-31 09:57:51,581 - WARNING - [us.616049.xyz (LAX)] ├─ 无有效DNS记录，触发紧急更新
2026-03-31 10:10:46,134 - ERROR - CFST更新失败: None
2026-03-31 10:10:46,134 - INFO - --------------------------------------------------
2026-03-31 10:10:46,134 - INFO - [de.616049.xyz (FRA)] 开始处理节点维护
2026-03-31 10:10:46,148 - DEBUG - DNS解析重试中 de.616049.xyz: [Errno -2] Name or service not known
2026-03-31 10:10:47,163 - DEBUG - DNS解析重试中 de.616049.xyz: [Errno -2] Name or service not known
2026-03-31 10:10:48,180 - DEBUG - DNS解析重试中 de.616049.xyz: [Errno -2] Name or service not known
2026-03-31 10:10:49,181 - WARNING - [de.616049.xyz (FRA)] ├─ 无有效DNS记录，触发紧急更新
2026-03-31 10:23:44,891 - ERROR - CFST更新失败: None
2026-03-31 10:23:44,894 - DEBUG - Starting new HTTPS connection (1): api.telegram.org:443
2026-03-31 10:23:45,179 - DEBUG - https://api.telegram.org:443 "POST /bot/sendMessage HTTP/1.1" 404 55
