2026-02-16 14:54:56,592 - INFO - 启动维护任务 | 协议类型: IPV4
2026-02-16 14:54:56,592 - INFO - --------------------------------------------------
2026-02-16 14:54:56,592 - INFO - [hk.616049.xyz (HKG)] 开始处理节点维护
2026-02-16 14:54:56,613 - DEBUG - DNS解析重试中 hk.616049.xyz: [Errno -2] Name or service not known
2026-02-16 14:54:57,630 - DEBUG - DNS解析重试中 hk.616049.xyz: [Errno -2] Name or service not known
2026-02-16 14:54:58,650 - DEBUG - DNS解析重试中 hk.616049.xyz: [Errno -2] Name or service not known
2026-02-16 14:54:59,651 - WARNING - [hk.616049.xyz (HKG)] ├─ 无有效DNS记录，触发紧急更新
2026-02-16 15:08:07,568 - ERROR - CFST更新失败: None
2026-02-16 15:08:07,568 - INFO - --------------------------------------------------
2026-02-16 15:08:07,568 - INFO - [us.616049.xyz (LAX)] 开始处理节点维护
2026-02-16 15:08:07,604 - DEBUG - DNS解析重试中 us.616049.xyz: [Errno -2] Name or service not known
2026-02-16 15:08:08,612 - DEBUG - DNS解析重试中 us.616049.xyz: [Errno -2] Name or service not known
2026-02-16 15:08:09,637 - DEBUG - DNS解析重试中 us.616049.xyz: [Errno -2] Name or service not known
2026-02-16 15:08:10,638 - WARNING - [us.616049.xyz (LAX)] ├─ 无有效DNS记录，触发紧急更新
2026-02-16 15:21:20,325 - ERROR - CFST更新失败: None
2026-02-16 15:21:20,325 - INFO - --------------------------------------------------
2026-02-16 15:21:20,325 - INFO - [de.616049.xyz (FRA)] 开始处理节点维护
2026-02-16 15:21:20,356 - DEBUG - DNS解析重试中 de.616049.xyz: [Errno -2] Name or service not known
2026-02-16 15:21:21,386 - DEBUG - DNS解析重试中 de.616049.xyz: [Errno -2] Name or service not known
2026-02-16 15:21:22,405 - DEBUG - DNS解析重试中 de.616049.xyz: [Errno -2] Name or service not known
2026-02-16 15:21:23,406 - WARNING - [de.616049.xyz (FRA)] ├─ 无有效DNS记录，触发紧急更新
2026-02-16 15:34:30,481 - ERROR - CFST更新失败: None
2026-02-16 15:34:30,484 - DEBUG - Starting new HTTPS connection (1): api.telegram.org:443
2026-02-16 15:34:30,926 - DEBUG - https://api.telegram.org:443 "POST /bot/sendMessage HTTP/1.1" 404 55
