2026-04-18 14:58:01,601 - INFO - 启动维护任务 | 协议类型: IPV4
2026-04-18 14:58:01,601 - INFO - --------------------------------------------------
2026-04-18 14:58:01,602 - INFO - [hk.616049.xyz (HKG)] 开始处理节点维护
2026-04-18 14:58:01,640 - DEBUG - DNS解析重试中 hk.616049.xyz: [Errno -2] Name or service not known
2026-04-18 14:58:02,668 - DEBUG - DNS解析重试中 hk.616049.xyz: [Errno -2] Name or service not known
2026-04-18 14:58:03,691 - DEBUG - DNS解析重试中 hk.616049.xyz: [Errno -2] Name or service not known
2026-04-18 14:58:04,692 - WARNING - [hk.616049.xyz (HKG)] ├─ 无有效DNS记录，触发紧急更新
2026-04-18 15:11:10,201 - ERROR - CFST更新失败: None
2026-04-18 15:11:10,202 - INFO - --------------------------------------------------
2026-04-18 15:11:10,202 - INFO - [us.616049.xyz (LAX)] 开始处理节点维护
2026-04-18 15:11:10,241 - DEBUG - DNS解析重试中 us.616049.xyz: [Errno -2] Name or service not known
2026-04-18 15:11:11,278 - DEBUG - DNS解析重试中 us.616049.xyz: [Errno -2] Name or service not known
2026-04-18 15:11:12,308 - DEBUG - DNS解析重试中 us.616049.xyz: [Errno -2] Name or service not known
2026-04-18 15:11:13,309 - WARNING - [us.616049.xyz (LAX)] ├─ 无有效DNS记录，触发紧急更新
2026-04-18 15:24:17,836 - ERROR - CFST更新失败: None
2026-04-18 15:24:17,836 - INFO - --------------------------------------------------
2026-04-18 15:24:17,836 - INFO - [de.616049.xyz (FRA)] 开始处理节点维护
2026-04-18 15:24:17,868 - DEBUG - DNS解析重试中 de.616049.xyz: [Errno -2] Name or service not known
2026-04-18 15:24:18,897 - DEBUG - DNS解析重试中 de.616049.xyz: [Errno -2] Name or service not known
2026-04-18 15:24:19,904 - DEBUG - DNS解析重试中 de.616049.xyz: [Errno -2] Name or service not known
2026-04-18 15:24:20,905 - WARNING - [de.616049.xyz (FRA)] ├─ 无有效DNS记录，触发紧急更新
2026-04-18 15:37:24,998 - ERROR - CFST更新失败: None
2026-04-18 15:37:25,001 - DEBUG - Starting new HTTPS connection (1): api.telegram.org:443
2026-04-18 15:37:25,331 - DEBUG - https://api.telegram.org:443 "POST /bot/sendMessage HTTP/1.1" 404 55
