2026-05-29 07:07:37,262 - INFO - 启动维护任务 | 协议类型: IPV4
2026-05-29 07:07:37,262 - INFO - --------------------------------------------------
2026-05-29 07:07:37,262 - INFO - [hk.616049.xyz (HKG)] 开始处理节点维护
2026-05-29 07:07:37,275 - DEBUG - DNS解析重试中 hk.616049.xyz: [Errno -2] Name or service not known
2026-05-29 07:07:38,285 - DEBUG - DNS解析重试中 hk.616049.xyz: [Errno -2] Name or service not known
2026-05-29 07:07:39,294 - DEBUG - DNS解析重试中 hk.616049.xyz: [Errno -2] Name or service not known
2026-05-29 07:07:40,295 - WARNING - [hk.616049.xyz (HKG)] ├─ 无有效DNS记录，触发紧急更新
2026-05-29 07:20:31,798 - ERROR - CFST更新失败: None
2026-05-29 07:20:31,798 - INFO - --------------------------------------------------
2026-05-29 07:20:31,798 - INFO - [us.616049.xyz (LAX)] 开始处理节点维护
2026-05-29 07:20:31,808 - DEBUG - DNS解析重试中 us.616049.xyz: [Errno -2] Name or service not known
2026-05-29 07:20:32,828 - DEBUG - DNS解析重试中 us.616049.xyz: [Errno -2] Name or service not known
2026-05-29 07:20:33,840 - DEBUG - DNS解析重试中 us.616049.xyz: [Errno -2] Name or service not known
2026-05-29 07:20:34,841 - WARNING - [us.616049.xyz (LAX)] ├─ 无有效DNS记录，触发紧急更新
2026-05-29 07:33:25,804 - ERROR - CFST更新失败: None
2026-05-29 07:33:25,804 - INFO - --------------------------------------------------
2026-05-29 07:33:25,804 - INFO - [de.616049.xyz (FRA)] 开始处理节点维护
2026-05-29 07:33:25,811 - DEBUG - DNS解析重试中 de.616049.xyz: [Errno -2] Name or service not known
2026-05-29 07:33:26,919 - DEBUG - DNS解析重试中 de.616049.xyz: [Errno -2] Name or service not known
2026-05-29 07:33:27,928 - DEBUG - DNS解析重试中 de.616049.xyz: [Errno -2] Name or service not known
2026-05-29 07:33:28,930 - WARNING - [de.616049.xyz (FRA)] ├─ 无有效DNS记录，触发紧急更新
2026-05-29 07:46:20,282 - ERROR - CFST更新失败: None
2026-05-29 07:46:20,285 - DEBUG - Starting new HTTPS connection (1): api.telegram.org:443
2026-05-29 07:46:20,563 - DEBUG - https://api.telegram.org:443 "POST /bot/sendMessage HTTP/1.1" 404 55
