2026-05-21 02:10:54,647 - INFO - 启动维护任务 | 协议类型: IPV4
2026-05-21 02:10:54,647 - INFO - --------------------------------------------------
2026-05-21 02:10:54,647 - INFO - [hk.616049.xyz (HKG)] 开始处理节点维护
2026-05-21 02:10:54,668 - DEBUG - DNS解析重试中 hk.616049.xyz: [Errno -2] Name or service not known
2026-05-21 02:10:55,680 - DEBUG - DNS解析重试中 hk.616049.xyz: [Errno -2] Name or service not known
2026-05-21 02:10:56,703 - DEBUG - DNS解析重试中 hk.616049.xyz: [Errno -2] Name or service not known
2026-05-21 02:10:57,705 - WARNING - [hk.616049.xyz (HKG)] ├─ 无有效DNS记录，触发紧急更新
2026-05-21 02:23:55,319 - ERROR - CFST更新失败: None
2026-05-21 02:23:55,319 - INFO - --------------------------------------------------
2026-05-21 02:23:55,319 - INFO - [us.616049.xyz (LAX)] 开始处理节点维护
2026-05-21 02:23:55,335 - DEBUG - DNS解析重试中 us.616049.xyz: [Errno -2] Name or service not known
2026-05-21 02:23:56,348 - DEBUG - DNS解析重试中 us.616049.xyz: [Errno -2] Name or service not known
2026-05-21 02:23:57,373 - DEBUG - DNS解析重试中 us.616049.xyz: [Errno -2] Name or service not known
2026-05-21 02:23:58,374 - WARNING - [us.616049.xyz (LAX)] ├─ 无有效DNS记录，触发紧急更新
2026-05-21 02:36:56,041 - ERROR - CFST更新失败: None
2026-05-21 02:36:56,041 - INFO - --------------------------------------------------
2026-05-21 02:36:56,041 - INFO - [de.616049.xyz (FRA)] 开始处理节点维护
2026-05-21 02:36:56,062 - DEBUG - DNS解析重试中 de.616049.xyz: [Errno -2] Name or service not known
2026-05-21 02:36:57,079 - DEBUG - DNS解析重试中 de.616049.xyz: [Errno -2] Name or service not known
2026-05-21 02:36:58,101 - DEBUG - DNS解析重试中 de.616049.xyz: [Errno -2] Name or service not known
2026-05-21 02:36:59,102 - WARNING - [de.616049.xyz (FRA)] ├─ 无有效DNS记录，触发紧急更新
2026-05-21 02:49:56,510 - ERROR - CFST更新失败: None
2026-05-21 02:49:56,514 - DEBUG - Starting new HTTPS connection (1): api.telegram.org:443
2026-05-21 02:49:56,821 - DEBUG - https://api.telegram.org:443 "POST /bot/sendMessage HTTP/1.1" 404 55
