2026-03-03 09:22:59,733 - INFO - 启动维护任务 | 协议类型: IPV4
2026-03-03 09:22:59,733 - INFO - --------------------------------------------------
2026-03-03 09:22:59,734 - INFO - [hk.616049.xyz (HKG)] 开始处理节点维护
2026-03-03 09:22:59,788 - DEBUG - DNS解析重试中 hk.616049.xyz: [Errno -2] Name or service not known
2026-03-03 09:23:00,817 - DEBUG - DNS解析重试中 hk.616049.xyz: [Errno -2] Name or service not known
2026-03-03 09:23:01,824 - DEBUG - DNS解析重试中 hk.616049.xyz: [Errno -2] Name or service not known
2026-03-03 09:23:02,826 - WARNING - [hk.616049.xyz (HKG)] ├─ 无有效DNS记录，触发紧急更新
2026-03-03 09:35:56,167 - ERROR - CFST更新失败: None
2026-03-03 09:35:56,167 - INFO - --------------------------------------------------
2026-03-03 09:35:56,167 - INFO - [us.616049.xyz (LAX)] 开始处理节点维护
2026-03-03 09:35:56,211 - DEBUG - DNS解析重试中 us.616049.xyz: [Errno -2] Name or service not known
2026-03-03 09:35:57,218 - DEBUG - DNS解析重试中 us.616049.xyz: [Errno -2] Name or service not known
2026-03-03 09:35:58,244 - DEBUG - DNS解析重试中 us.616049.xyz: [Errno -2] Name or service not known
2026-03-03 09:35:59,245 - WARNING - [us.616049.xyz (LAX)] ├─ 无有效DNS记录，触发紧急更新
2026-03-03 09:48:53,115 - ERROR - CFST更新失败: None
2026-03-03 09:48:53,115 - INFO - --------------------------------------------------
2026-03-03 09:48:53,115 - INFO - [de.616049.xyz (FRA)] 开始处理节点维护
2026-03-03 09:48:53,150 - DEBUG - DNS解析重试中 de.616049.xyz: [Errno -2] Name or service not known
2026-03-03 09:48:54,197 - DEBUG - DNS解析重试中 de.616049.xyz: [Errno -2] Name or service not known
2026-03-03 09:48:55,231 - DEBUG - DNS解析重试中 de.616049.xyz: [Errno -2] Name or service not known
2026-03-03 09:48:56,233 - WARNING - [de.616049.xyz (FRA)] ├─ 无有效DNS记录，触发紧急更新
2026-03-03 10:01:50,704 - ERROR - CFST更新失败: None
2026-03-03 10:01:50,707 - DEBUG - Starting new HTTPS connection (1): api.telegram.org:443
2026-03-03 10:01:51,040 - DEBUG - https://api.telegram.org:443 "POST /bot/sendMessage HTTP/1.1" 404 55
