2026-04-19 16:43:37,297 - INFO - 启动维护任务 | 协议类型: IPV4
2026-04-19 16:43:37,297 - INFO - --------------------------------------------------
2026-04-19 16:43:37,297 - INFO - [hk.616049.xyz (HKG)] 开始处理节点维护
2026-04-19 16:43:37,313 - DEBUG - DNS解析重试中 hk.616049.xyz: [Errno -2] Name or service not known
2026-04-19 16:43:38,328 - DEBUG - DNS解析重试中 hk.616049.xyz: [Errno -2] Name or service not known
2026-04-19 16:43:39,338 - DEBUG - DNS解析重试中 hk.616049.xyz: [Errno -2] Name or service not known
2026-04-19 16:43:40,339 - WARNING - [hk.616049.xyz (HKG)] ├─ 无有效DNS记录，触发紧急更新
2026-04-19 16:56:36,271 - ERROR - CFST更新失败: None
2026-04-19 16:56:36,272 - INFO - --------------------------------------------------
2026-04-19 16:56:36,272 - INFO - [us.616049.xyz (LAX)] 开始处理节点维护
2026-04-19 16:56:36,280 - DEBUG - DNS解析重试中 us.616049.xyz: [Errno -2] Name or service not known
2026-04-19 16:56:37,301 - DEBUG - DNS解析重试中 us.616049.xyz: [Errno -2] Name or service not known
2026-04-19 16:56:38,312 - DEBUG - DNS解析重试中 us.616049.xyz: [Errno -2] Name or service not known
2026-04-19 16:56:39,313 - WARNING - [us.616049.xyz (LAX)] ├─ 无有效DNS记录，触发紧急更新
2026-04-19 17:09:32,924 - ERROR - CFST更新失败: None
2026-04-19 17:09:32,924 - INFO - --------------------------------------------------
2026-04-19 17:09:32,924 - INFO - [de.616049.xyz (FRA)] 开始处理节点维护
2026-04-19 17:09:32,931 - DEBUG - DNS解析重试中 de.616049.xyz: [Errno -2] Name or service not known
2026-04-19 17:09:33,940 - DEBUG - DNS解析重试中 de.616049.xyz: [Errno -2] Name or service not known
2026-04-19 17:09:34,951 - DEBUG - DNS解析重试中 de.616049.xyz: [Errno -2] Name or service not known
2026-04-19 17:09:35,952 - WARNING - [de.616049.xyz (FRA)] ├─ 无有效DNS记录，触发紧急更新
2026-04-19 17:22:29,426 - ERROR - CFST更新失败: None
2026-04-19 17:22:29,430 - DEBUG - Starting new HTTPS connection (1): api.telegram.org:443
2026-04-19 17:22:29,710 - DEBUG - https://api.telegram.org:443 "POST /bot/sendMessage HTTP/1.1" 404 55
