2026-02-06 18:32:14,233 - INFO - 启动维护任务 | 协议类型: IPV4
2026-02-06 18:32:14,233 - INFO - --------------------------------------------------
2026-02-06 18:32:14,234 - INFO - [hk.616049.xyz (HKG)] 开始处理节点维护
2026-02-06 18:32:14,256 - DEBUG - DNS解析重试中 hk.616049.xyz: [Errno -2] Name or service not known
2026-02-06 18:32:15,286 - DEBUG - DNS解析重试中 hk.616049.xyz: [Errno -2] Name or service not known
2026-02-06 18:32:16,309 - DEBUG - DNS解析重试中 hk.616049.xyz: [Errno -2] Name or service not known
2026-02-06 18:32:17,310 - WARNING - [hk.616049.xyz (HKG)] ├─ 无有效DNS记录，触发紧急更新
2026-02-06 18:45:13,823 - ERROR - CFST更新失败: None
2026-02-06 18:45:13,824 - INFO - --------------------------------------------------
2026-02-06 18:45:13,824 - INFO - [us.616049.xyz (LAX)] 开始处理节点维护
2026-02-06 18:45:13,848 - DEBUG - DNS解析重试中 us.616049.xyz: [Errno -2] Name or service not known
2026-02-06 18:45:14,887 - DEBUG - DNS解析重试中 us.616049.xyz: [Errno -2] Name or service not known
2026-02-06 18:45:15,894 - DEBUG - DNS解析重试中 us.616049.xyz: [Errno -2] Name or service not known
2026-02-06 18:45:16,895 - WARNING - [us.616049.xyz (LAX)] ├─ 无有效DNS记录，触发紧急更新
2026-02-06 18:58:16,613 - ERROR - CFST更新失败: None
2026-02-06 18:58:16,614 - INFO - --------------------------------------------------
2026-02-06 18:58:16,614 - INFO - [de.616049.xyz (FRA)] 开始处理节点维护
2026-02-06 18:58:16,635 - DEBUG - DNS解析重试中 de.616049.xyz: [Errno -2] Name or service not known
2026-02-06 18:58:17,669 - DEBUG - DNS解析重试中 de.616049.xyz: [Errno -2] Name or service not known
2026-02-06 18:58:18,697 - DEBUG - DNS解析重试中 de.616049.xyz: [Errno -2] Name or service not known
2026-02-06 18:58:19,699 - WARNING - [de.616049.xyz (FRA)] ├─ 无有效DNS记录，触发紧急更新
2026-02-06 19:11:19,242 - ERROR - CFST更新失败: None
2026-02-06 19:11:19,246 - DEBUG - Starting new HTTPS connection (1): api.telegram.org:443
2026-02-06 19:11:19,580 - DEBUG - https://api.telegram.org:443 "POST /bot/sendMessage HTTP/1.1" 404 55
