2026-04-06 04:24:01,370 - INFO - 启动维护任务 | 协议类型: IPV4
2026-04-06 04:24:01,370 - INFO - --------------------------------------------------
2026-04-06 04:24:01,370 - INFO - [hk.616049.xyz (HKG)] 开始处理节点维护
2026-04-06 04:24:01,385 - DEBUG - DNS解析重试中 hk.616049.xyz: [Errno -2] Name or service not known
2026-04-06 04:24:02,497 - DEBUG - DNS解析重试中 hk.616049.xyz: [Errno -2] Name or service not known
2026-04-06 04:24:03,521 - DEBUG - DNS解析重试中 hk.616049.xyz: [Errno -2] Name or service not known
2026-04-06 04:24:04,523 - WARNING - [hk.616049.xyz (HKG)] ├─ 无有效DNS记录，触发紧急更新
2026-04-06 04:36:58,395 - ERROR - CFST更新失败: None
2026-04-06 04:36:58,395 - INFO - --------------------------------------------------
2026-04-06 04:36:58,395 - INFO - [us.616049.xyz (LAX)] 开始处理节点维护
2026-04-06 04:36:58,427 - DEBUG - DNS解析重试中 us.616049.xyz: [Errno -2] Name or service not known
2026-04-06 04:36:59,436 - DEBUG - DNS解析重试中 us.616049.xyz: [Errno -2] Name or service not known
2026-04-06 04:37:00,444 - DEBUG - DNS解析重试中 us.616049.xyz: [Errno -2] Name or service not known
2026-04-06 04:37:01,445 - WARNING - [us.616049.xyz (LAX)] ├─ 无有效DNS记录，触发紧急更新
2026-04-06 04:49:54,333 - ERROR - CFST更新失败: None
2026-04-06 04:49:54,334 - INFO - --------------------------------------------------
2026-04-06 04:49:54,334 - INFO - [de.616049.xyz (FRA)] 开始处理节点维护
2026-04-06 04:49:54,341 - DEBUG - DNS解析重试中 de.616049.xyz: [Errno -2] Name or service not known
2026-04-06 04:49:55,349 - DEBUG - DNS解析重试中 de.616049.xyz: [Errno -2] Name or service not known
2026-04-06 04:49:56,355 - DEBUG - DNS解析重试中 de.616049.xyz: [Errno -2] Name or service not known
2026-04-06 04:49:57,356 - WARNING - [de.616049.xyz (FRA)] ├─ 无有效DNS记录，触发紧急更新
2026-04-06 05:02:50,449 - ERROR - CFST更新失败: None
2026-04-06 05:02:50,453 - DEBUG - Starting new HTTPS connection (1): api.telegram.org:443
2026-04-06 05:02:50,944 - DEBUG - https://api.telegram.org:443 "POST /bot/sendMessage HTTP/1.1" 404 55
