2026-05-17 00:48:32,761 - INFO - 启动维护任务 | 协议类型: IPV4
2026-05-17 00:48:32,761 - INFO - --------------------------------------------------
2026-05-17 00:48:32,761 - INFO - [hk.616049.xyz (HKG)] 开始处理节点维护
2026-05-17 00:48:32,813 - DEBUG - DNS解析重试中 hk.616049.xyz: [Errno -2] Name or service not known
2026-05-17 00:48:33,849 - DEBUG - DNS解析重试中 hk.616049.xyz: [Errno -2] Name or service not known
2026-05-17 00:48:34,883 - DEBUG - DNS解析重试中 hk.616049.xyz: [Errno -2] Name or service not known
2026-05-17 00:48:35,884 - WARNING - [hk.616049.xyz (HKG)] ├─ 无有效DNS记录，触发紧急更新
2026-05-17 01:01:36,155 - ERROR - CFST更新失败: None
2026-05-17 01:01:36,156 - INFO - --------------------------------------------------
2026-05-17 01:01:36,156 - INFO - [us.616049.xyz (LAX)] 开始处理节点维护
2026-05-17 01:01:36,195 - DEBUG - DNS解析重试中 us.616049.xyz: [Errno -2] Name or service not known
2026-05-17 01:01:37,254 - DEBUG - DNS解析重试中 us.616049.xyz: [Errno -2] Name or service not known
2026-05-17 01:01:38,308 - DEBUG - DNS解析重试中 us.616049.xyz: [Errno -2] Name or service not known
2026-05-17 01:01:39,309 - WARNING - [us.616049.xyz (LAX)] ├─ 无有效DNS记录，触发紧急更新
2026-05-17 01:14:39,146 - ERROR - CFST更新失败: None
2026-05-17 01:14:39,146 - INFO - --------------------------------------------------
2026-05-17 01:14:39,146 - INFO - [de.616049.xyz (FRA)] 开始处理节点维护
2026-05-17 01:14:39,210 - DEBUG - DNS解析重试中 de.616049.xyz: [Errno -2] Name or service not known
2026-05-17 01:14:40,263 - DEBUG - DNS解析重试中 de.616049.xyz: [Errno -2] Name or service not known
2026-05-17 01:14:41,294 - DEBUG - DNS解析重试中 de.616049.xyz: [Errno -2] Name or service not known
2026-05-17 01:14:42,295 - WARNING - [de.616049.xyz (FRA)] ├─ 无有效DNS记录，触发紧急更新
2026-05-17 01:27:42,987 - ERROR - CFST更新失败: None
2026-05-17 01:27:42,991 - DEBUG - Starting new HTTPS connection (1): api.telegram.org:443
2026-05-17 01:27:43,410 - DEBUG - https://api.telegram.org:443 "POST /bot/sendMessage HTTP/1.1" 404 55
