2026-05-03 22:41:58,286 - INFO - 启动维护任务 | 协议类型: IPV4
2026-05-03 22:41:58,286 - INFO - --------------------------------------------------
2026-05-03 22:41:58,287 - INFO - [hk.616049.xyz (HKG)] 开始处理节点维护
2026-05-03 22:41:58,294 - DEBUG - DNS解析重试中 hk.616049.xyz: [Errno -2] Name or service not known
2026-05-03 22:41:59,302 - DEBUG - DNS解析重试中 hk.616049.xyz: [Errno -2] Name or service not known
2026-05-03 22:42:00,309 - DEBUG - DNS解析重试中 hk.616049.xyz: [Errno -2] Name or service not known
2026-05-03 22:42:01,310 - WARNING - [hk.616049.xyz (HKG)] ├─ 无有效DNS记录，触发紧急更新
2026-05-03 22:54:53,114 - ERROR - CFST更新失败: None
2026-05-03 22:54:53,114 - INFO - --------------------------------------------------
2026-05-03 22:54:53,114 - INFO - [us.616049.xyz (LAX)] 开始处理节点维护
2026-05-03 22:54:53,140 - DEBUG - DNS解析重试中 us.616049.xyz: [Errno -2] Name or service not known
2026-05-03 22:54:54,160 - DEBUG - DNS解析重试中 us.616049.xyz: [Errno -2] Name or service not known
2026-05-03 22:54:55,178 - DEBUG - DNS解析重试中 us.616049.xyz: [Errno -2] Name or service not known
2026-05-03 22:54:56,180 - WARNING - [us.616049.xyz (LAX)] ├─ 无有效DNS记录，触发紧急更新
2026-05-03 23:07:47,677 - ERROR - CFST更新失败: None
2026-05-03 23:07:47,677 - INFO - --------------------------------------------------
2026-05-03 23:07:47,677 - INFO - [de.616049.xyz (FRA)] 开始处理节点维护
2026-05-03 23:07:47,686 - DEBUG - DNS解析重试中 de.616049.xyz: [Errno -2] Name or service not known
2026-05-03 23:07:48,696 - DEBUG - DNS解析重试中 de.616049.xyz: [Errno -2] Name or service not known
2026-05-03 23:07:49,708 - DEBUG - DNS解析重试中 de.616049.xyz: [Errno -2] Name or service not known
2026-05-03 23:07:50,709 - WARNING - [de.616049.xyz (FRA)] ├─ 无有效DNS记录，触发紧急更新
2026-05-03 23:20:42,179 - ERROR - CFST更新失败: None
2026-05-03 23:20:42,182 - DEBUG - Starting new HTTPS connection (1): api.telegram.org:443
2026-05-03 23:20:42,465 - DEBUG - https://api.telegram.org:443 "POST /bot/sendMessage HTTP/1.1" 404 55
