2026-05-26 04:57:34,229 - INFO - 启动维护任务 | 协议类型: IPV4
2026-05-26 04:57:34,229 - INFO - --------------------------------------------------
2026-05-26 04:57:34,229 - INFO - [hk.616049.xyz (HKG)] 开始处理节点维护
2026-05-26 04:57:34,432 - DEBUG - DNS解析重试中 hk.616049.xyz: [Errno -2] Name or service not known
2026-05-26 04:57:35,576 - DEBUG - DNS解析重试中 hk.616049.xyz: [Errno -2] Name or service not known
2026-05-26 04:57:36,585 - DEBUG - DNS解析重试中 hk.616049.xyz: [Errno -2] Name or service not known
2026-05-26 04:57:37,586 - WARNING - [hk.616049.xyz (HKG)] ├─ 无有效DNS记录，触发紧急更新
2026-05-26 05:10:29,572 - ERROR - CFST更新失败: None
2026-05-26 05:10:29,572 - INFO - --------------------------------------------------
2026-05-26 05:10:29,572 - INFO - [us.616049.xyz (LAX)] 开始处理节点维护
2026-05-26 05:10:29,585 - DEBUG - DNS解析重试中 us.616049.xyz: [Errno -2] Name or service not known
2026-05-26 05:10:30,595 - DEBUG - DNS解析重试中 us.616049.xyz: [Errno -2] Name or service not known
2026-05-26 05:10:31,601 - DEBUG - DNS解析重试中 us.616049.xyz: [Errno -2] Name or service not known
2026-05-26 05:10:32,602 - WARNING - [us.616049.xyz (LAX)] ├─ 无有效DNS记录，触发紧急更新
2026-05-26 05:23:24,113 - ERROR - CFST更新失败: None
2026-05-26 05:23:24,113 - INFO - --------------------------------------------------
2026-05-26 05:23:24,114 - INFO - [de.616049.xyz (FRA)] 开始处理节点维护
2026-05-26 05:23:24,120 - DEBUG - DNS解析重试中 de.616049.xyz: [Errno -2] Name or service not known
2026-05-26 05:23:25,128 - DEBUG - DNS解析重试中 de.616049.xyz: [Errno -2] Name or service not known
2026-05-26 05:23:26,135 - DEBUG - DNS解析重试中 de.616049.xyz: [Errno -2] Name or service not known
2026-05-26 05:23:27,136 - WARNING - [de.616049.xyz (FRA)] ├─ 无有效DNS记录，触发紧急更新
2026-05-26 05:36:19,017 - ERROR - CFST更新失败: None
2026-05-26 05:36:19,021 - DEBUG - Starting new HTTPS connection (1): api.telegram.org:443
2026-05-26 05:36:19,488 - DEBUG - https://api.telegram.org:443 "POST /bot/sendMessage HTTP/1.1" 404 55
