2026-07-16 18:07:44,728 - INFO - 启动维护任务 | 协议类型: IPV4
2026-07-16 18:07:44,729 - INFO - --------------------------------------------------
2026-07-16 18:07:44,729 - INFO - [hk.616049.xyz (HKG)] 开始处理节点维护
2026-07-16 18:07:44,762 - DEBUG - DNS解析重试中 hk.616049.xyz: [Errno -5] No address associated with hostname
2026-07-16 18:07:45,783 - DEBUG - DNS解析重试中 hk.616049.xyz: [Errno -5] No address associated with hostname
2026-07-16 18:07:46,805 - DEBUG - DNS解析重试中 hk.616049.xyz: [Errno -5] No address associated with hostname
2026-07-16 18:07:47,806 - WARNING - [hk.616049.xyz (HKG)] ├─ 无有效DNS记录，触发紧急更新
2026-07-16 18:20:26,624 - ERROR - CFST更新失败: None
2026-07-16 18:20:26,624 - INFO - --------------------------------------------------
2026-07-16 18:20:26,624 - INFO - [us.616049.xyz (LAX)] 开始处理节点维护
2026-07-16 18:20:26,652 - DEBUG - DNS解析重试中 us.616049.xyz: [Errno -5] No address associated with hostname
2026-07-16 18:20:27,671 - DEBUG - DNS解析重试中 us.616049.xyz: [Errno -5] No address associated with hostname
2026-07-16 18:20:28,696 - DEBUG - DNS解析重试中 us.616049.xyz: [Errno -5] No address associated with hostname
2026-07-16 18:20:29,697 - WARNING - [us.616049.xyz (LAX)] ├─ 无有效DNS记录，触发紧急更新
2026-07-16 18:33:03,216 - ERROR - CFST更新失败: None
2026-07-16 18:33:03,216 - INFO - --------------------------------------------------
2026-07-16 18:33:03,216 - INFO - [de.616049.xyz (FRA)] 开始处理节点维护
2026-07-16 18:33:03,228 - DEBUG - DNS解析重试中 de.616049.xyz: [Errno -5] No address associated with hostname
2026-07-16 18:33:04,246 - DEBUG - DNS解析重试中 de.616049.xyz: [Errno -5] No address associated with hostname
2026-07-16 18:33:05,270 - DEBUG - DNS解析重试中 de.616049.xyz: [Errno -5] No address associated with hostname
2026-07-16 18:33:06,271 - WARNING - [de.616049.xyz (FRA)] ├─ 无有效DNS记录，触发紧急更新
2026-07-16 18:45:42,026 - ERROR - CFST更新失败: None
2026-07-16 18:45:42,030 - DEBUG - Starting new HTTPS connection (1): api.telegram.org:443
2026-07-16 18:45:42,311 - DEBUG - https://api.telegram.org:443 "POST /bot/sendMessage HTTP/1.1" 404 55
