2026-04-29 10:09:10,975 - INFO - 启动维护任务 | 协议类型: IPV4
2026-04-29 10:09:10,975 - INFO - --------------------------------------------------
2026-04-29 10:09:10,975 - INFO - [hk.616049.xyz (HKG)] 开始处理节点维护
2026-04-29 10:09:10,986 - DEBUG - DNS解析重试中 hk.616049.xyz: [Errno -2] Name or service not known
2026-04-29 10:09:11,998 - DEBUG - DNS解析重试中 hk.616049.xyz: [Errno -2] Name or service not known
2026-04-29 10:09:13,017 - DEBUG - DNS解析重试中 hk.616049.xyz: [Errno -2] Name or service not known
2026-04-29 10:09:14,019 - WARNING - [hk.616049.xyz (HKG)] ├─ 无有效DNS记录，触发紧急更新
2026-04-29 10:22:11,147 - ERROR - CFST更新失败: None
2026-04-29 10:22:11,147 - INFO - --------------------------------------------------
2026-04-29 10:22:11,147 - INFO - [us.616049.xyz (LAX)] 开始处理节点维护
2026-04-29 10:22:11,156 - DEBUG - DNS解析重试中 us.616049.xyz: [Errno -2] Name or service not known
2026-04-29 10:22:12,174 - DEBUG - DNS解析重试中 us.616049.xyz: [Errno -2] Name or service not known
2026-04-29 10:22:13,188 - DEBUG - DNS解析重试中 us.616049.xyz: [Errno -2] Name or service not known
2026-04-29 10:22:14,190 - WARNING - [us.616049.xyz (LAX)] ├─ 无有效DNS记录，触发紧急更新
2026-04-29 10:35:10,827 - ERROR - CFST更新失败: None
2026-04-29 10:35:10,827 - INFO - --------------------------------------------------
2026-04-29 10:35:10,827 - INFO - [de.616049.xyz (FRA)] 开始处理节点维护
2026-04-29 10:35:10,837 - DEBUG - DNS解析重试中 de.616049.xyz: [Errno -2] Name or service not known
2026-04-29 10:35:11,846 - DEBUG - DNS解析重试中 de.616049.xyz: [Errno -2] Name or service not known
2026-04-29 10:35:12,863 - DEBUG - DNS解析重试中 de.616049.xyz: [Errno -2] Name or service not known
2026-04-29 10:35:13,864 - WARNING - [de.616049.xyz (FRA)] ├─ 无有效DNS记录，触发紧急更新
2026-04-29 10:48:10,327 - ERROR - CFST更新失败: None
2026-04-29 10:48:10,330 - DEBUG - Starting new HTTPS connection (1): api.telegram.org:443
2026-04-29 10:48:10,609 - DEBUG - https://api.telegram.org:443 "POST /bot/sendMessage HTTP/1.1" 404 55
