2026-03-29 09:45:12,758 - INFO - 启动维护任务 | 协议类型: IPV4
2026-03-29 09:45:12,758 - INFO - --------------------------------------------------
2026-03-29 09:45:12,758 - INFO - [hk.616049.xyz (HKG)] 开始处理节点维护
2026-03-29 09:45:12,768 - DEBUG - DNS解析重试中 hk.616049.xyz: [Errno -2] Name or service not known
2026-03-29 09:45:13,790 - DEBUG - DNS解析重试中 hk.616049.xyz: [Errno -2] Name or service not known
2026-03-29 09:45:14,814 - DEBUG - DNS解析重试中 hk.616049.xyz: [Errno -2] Name or service not known
2026-03-29 09:45:15,815 - WARNING - [hk.616049.xyz (HKG)] ├─ 无有效DNS记录，触发紧急更新
2026-03-29 09:58:11,327 - ERROR - CFST更新失败: None
2026-03-29 09:58:11,328 - INFO - --------------------------------------------------
2026-03-29 09:58:11,328 - INFO - [us.616049.xyz (LAX)] 开始处理节点维护
2026-03-29 09:58:11,340 - DEBUG - DNS解析重试中 us.616049.xyz: [Errno -2] Name or service not known
2026-03-29 09:58:12,365 - DEBUG - DNS解析重试中 us.616049.xyz: [Errno -2] Name or service not known
2026-03-29 09:58:13,377 - DEBUG - DNS解析重试中 us.616049.xyz: [Errno -2] Name or service not known
2026-03-29 09:58:14,378 - WARNING - [us.616049.xyz (LAX)] ├─ 无有效DNS记录，触发紧急更新
2026-03-29 10:11:09,662 - ERROR - CFST更新失败: None
2026-03-29 10:11:09,662 - INFO - --------------------------------------------------
2026-03-29 10:11:09,662 - INFO - [de.616049.xyz (FRA)] 开始处理节点维护
2026-03-29 10:11:09,672 - DEBUG - DNS解析重试中 de.616049.xyz: [Errno -2] Name or service not known
2026-03-29 10:11:10,684 - DEBUG - DNS解析重试中 de.616049.xyz: [Errno -2] Name or service not known
2026-03-29 10:11:11,690 - DEBUG - DNS解析重试中 de.616049.xyz: [Errno -2] Name or service not known
2026-03-29 10:11:12,692 - WARNING - [de.616049.xyz (FRA)] ├─ 无有效DNS记录，触发紧急更新
2026-03-29 10:24:07,708 - ERROR - CFST更新失败: None
2026-03-29 10:24:07,711 - DEBUG - Starting new HTTPS connection (1): api.telegram.org:443
2026-03-29 10:24:08,016 - DEBUG - https://api.telegram.org:443 "POST /bot/sendMessage HTTP/1.1" 404 55
