2026-02-25 09:24:43,303 - INFO - 启动维护任务 | 协议类型: IPV4
2026-02-25 09:24:43,303 - INFO - --------------------------------------------------
2026-02-25 09:24:43,303 - INFO - [hk.616049.xyz (HKG)] 开始处理节点维护
2026-02-25 09:24:43,442 - DEBUG - DNS解析重试中 hk.616049.xyz: [Errno -2] Name or service not known
2026-02-25 09:24:44,466 - DEBUG - DNS解析重试中 hk.616049.xyz: [Errno -2] Name or service not known
2026-02-25 09:24:45,490 - DEBUG - DNS解析重试中 hk.616049.xyz: [Errno -2] Name or service not known
2026-02-25 09:24:46,491 - WARNING - [hk.616049.xyz (HKG)] ├─ 无有效DNS记录，触发紧急更新
2026-02-25 09:37:41,841 - ERROR - CFST更新失败: None
2026-02-25 09:37:41,841 - INFO - --------------------------------------------------
2026-02-25 09:37:41,841 - INFO - [us.616049.xyz (LAX)] 开始处理节点维护
2026-02-25 09:37:41,863 - DEBUG - DNS解析重试中 us.616049.xyz: [Errno -2] Name or service not known
2026-02-25 09:37:42,885 - DEBUG - DNS解析重试中 us.616049.xyz: [Errno -2] Name or service not known
2026-02-25 09:37:43,925 - DEBUG - DNS解析重试中 us.616049.xyz: [Errno -2] Name or service not known
2026-02-25 09:37:44,927 - WARNING - [us.616049.xyz (LAX)] ├─ 无有效DNS记录，触发紧急更新
2026-02-25 09:50:39,622 - ERROR - CFST更新失败: None
2026-02-25 09:50:39,622 - INFO - --------------------------------------------------
2026-02-25 09:50:39,622 - INFO - [de.616049.xyz (FRA)] 开始处理节点维护
2026-02-25 09:50:39,644 - DEBUG - DNS解析重试中 de.616049.xyz: [Errno -2] Name or service not known
2026-02-25 09:50:40,692 - DEBUG - DNS解析重试中 de.616049.xyz: [Errno -2] Name or service not known
2026-02-25 09:50:41,714 - DEBUG - DNS解析重试中 de.616049.xyz: [Errno -2] Name or service not known
2026-02-25 09:50:42,715 - WARNING - [de.616049.xyz (FRA)] ├─ 无有效DNS记录，触发紧急更新
2026-02-25 10:03:37,739 - ERROR - CFST更新失败: None
2026-02-25 10:03:37,742 - DEBUG - Starting new HTTPS connection (1): api.telegram.org:443
2026-02-25 10:03:38,074 - DEBUG - https://api.telegram.org:443 "POST /bot/sendMessage HTTP/1.1" 404 55
