2026-03-02 02:22:29,645 - INFO - 启动维护任务 | 协议类型: IPV4
2026-03-02 02:22:29,645 - INFO - --------------------------------------------------
2026-03-02 02:22:29,645 - INFO - [hk.616049.xyz (HKG)] 开始处理节点维护
2026-03-02 02:22:29,668 - DEBUG - DNS解析重试中 hk.616049.xyz: [Errno -2] Name or service not known
2026-03-02 02:22:30,698 - DEBUG - DNS解析重试中 hk.616049.xyz: [Errno -2] Name or service not known
2026-03-02 02:22:31,722 - DEBUG - DNS解析重试中 hk.616049.xyz: [Errno -2] Name or service not known
2026-03-02 02:22:32,723 - WARNING - [hk.616049.xyz (HKG)] ├─ 无有效DNS记录，触发紧急更新
2026-03-02 02:35:26,371 - ERROR - CFST更新失败: None
2026-03-02 02:35:26,371 - INFO - --------------------------------------------------
2026-03-02 02:35:26,372 - INFO - [us.616049.xyz (LAX)] 开始处理节点维护
2026-03-02 02:35:26,394 - DEBUG - DNS解析重试中 us.616049.xyz: [Errno -2] Name or service not known
2026-03-02 02:35:27,417 - DEBUG - DNS解析重试中 us.616049.xyz: [Errno -2] Name or service not known
2026-03-02 02:35:28,424 - DEBUG - DNS解析重试中 us.616049.xyz: [Errno -2] Name or service not known
2026-03-02 02:35:29,426 - WARNING - [us.616049.xyz (LAX)] ├─ 无有效DNS记录，触发紧急更新
2026-03-02 02:48:22,209 - ERROR - CFST更新失败: None
2026-03-02 02:48:22,209 - INFO - --------------------------------------------------
2026-03-02 02:48:22,209 - INFO - [de.616049.xyz (FRA)] 开始处理节点维护
2026-03-02 02:48:22,243 - DEBUG - DNS解析重试中 de.616049.xyz: [Errno -2] Name or service not known
2026-03-02 02:48:23,266 - DEBUG - DNS解析重试中 de.616049.xyz: [Errno -2] Name or service not known
2026-03-02 02:48:24,291 - DEBUG - DNS解析重试中 de.616049.xyz: [Errno -2] Name or service not known
2026-03-02 02:48:25,292 - WARNING - [de.616049.xyz (FRA)] ├─ 无有效DNS记录，触发紧急更新
2026-03-02 03:01:18,196 - ERROR - CFST更新失败: None
2026-03-02 03:01:18,200 - DEBUG - Starting new HTTPS connection (1): api.telegram.org:443
2026-03-02 03:01:18,526 - DEBUG - https://api.telegram.org:443 "POST /bot/sendMessage HTTP/1.1" 404 55
