2026-06-23 03:18:46,737 - INFO - 启动维护任务 | 协议类型: IPV4
2026-06-23 03:18:46,737 - INFO - --------------------------------------------------
2026-06-23 03:18:46,737 - INFO - [hk.616049.xyz (HKG)] 开始处理节点维护
2026-06-23 03:18:46,762 - DEBUG - DNS解析重试中 hk.616049.xyz: [Errno -2] Name or service not known
2026-06-23 03:18:47,790 - DEBUG - DNS解析重试中 hk.616049.xyz: [Errno -2] Name or service not known
2026-06-23 03:18:48,816 - DEBUG - DNS解析重试中 hk.616049.xyz: [Errno -2] Name or service not known
2026-06-23 03:18:49,818 - WARNING - [hk.616049.xyz (HKG)] ├─ 无有效DNS记录，触发紧急更新
2026-06-23 03:31:25,605 - ERROR - CFST更新失败: None
2026-06-23 03:31:25,606 - INFO - --------------------------------------------------
2026-06-23 03:31:25,606 - INFO - [us.616049.xyz (LAX)] 开始处理节点维护
2026-06-23 03:31:25,630 - DEBUG - DNS解析重试中 us.616049.xyz: [Errno -2] Name or service not known
2026-06-23 03:31:26,644 - DEBUG - DNS解析重试中 us.616049.xyz: [Errno -2] Name or service not known
2026-06-23 03:31:27,665 - DEBUG - DNS解析重试中 us.616049.xyz: [Errno -2] Name or service not known
2026-06-23 03:31:28,666 - WARNING - [us.616049.xyz (LAX)] ├─ 无有效DNS记录，触发紧急更新
2026-06-23 03:44:04,554 - ERROR - CFST更新失败: None
2026-06-23 03:44:04,554 - INFO - --------------------------------------------------
2026-06-23 03:44:04,554 - INFO - [de.616049.xyz (FRA)] 开始处理节点维护
2026-06-23 03:44:04,592 - DEBUG - DNS解析重试中 de.616049.xyz: [Errno -2] Name or service not known
2026-06-23 03:44:05,612 - DEBUG - DNS解析重试中 de.616049.xyz: [Errno -2] Name or service not known
2026-06-23 03:44:06,626 - DEBUG - DNS解析重试中 de.616049.xyz: [Errno -2] Name or service not known
2026-06-23 03:44:07,627 - WARNING - [de.616049.xyz (FRA)] ├─ 无有效DNS记录，触发紧急更新
2026-06-23 03:56:43,474 - ERROR - CFST更新失败: None
2026-06-23 03:56:43,478 - DEBUG - Starting new HTTPS connection (1): api.telegram.org:443
2026-06-23 03:56:43,950 - DEBUG - https://api.telegram.org:443 "POST /bot/sendMessage HTTP/1.1" 404 55
