2026-03-20 09:20:51,268 - INFO - 启动维护任务 | 协议类型: IPV4
2026-03-20 09:20:51,268 - INFO - --------------------------------------------------
2026-03-20 09:20:51,268 - INFO - [hk.616049.xyz (HKG)] 开始处理节点维护
2026-03-20 09:20:51,304 - DEBUG - DNS解析重试中 hk.616049.xyz: [Errno -2] Name or service not known
2026-03-20 09:20:52,333 - DEBUG - DNS解析重试中 hk.616049.xyz: [Errno -2] Name or service not known
2026-03-20 09:20:53,363 - DEBUG - DNS解析重试中 hk.616049.xyz: [Errno -2] Name or service not known
2026-03-20 09:20:54,365 - WARNING - [hk.616049.xyz (HKG)] ├─ 无有效DNS记录，触发紧急更新
2026-03-20 09:33:50,922 - ERROR - CFST更新失败: None
2026-03-20 09:33:50,922 - INFO - --------------------------------------------------
2026-03-20 09:33:50,922 - INFO - [us.616049.xyz (LAX)] 开始处理节点维护
2026-03-20 09:33:50,951 - DEBUG - DNS解析重试中 us.616049.xyz: [Errno -2] Name or service not known
2026-03-20 09:33:51,981 - DEBUG - DNS解析重试中 us.616049.xyz: [Errno -2] Name or service not known
2026-03-20 09:33:53,011 - DEBUG - DNS解析重试中 us.616049.xyz: [Errno -2] Name or service not known
2026-03-20 09:33:54,012 - WARNING - [us.616049.xyz (LAX)] ├─ 无有效DNS记录，触发紧急更新
2026-03-20 09:46:50,274 - ERROR - CFST更新失败: None
2026-03-20 09:46:50,274 - INFO - --------------------------------------------------
2026-03-20 09:46:50,274 - INFO - [de.616049.xyz (FRA)] 开始处理节点维护
2026-03-20 09:46:50,303 - DEBUG - DNS解析重试中 de.616049.xyz: [Errno -2] Name or service not known
2026-03-20 09:46:51,337 - DEBUG - DNS解析重试中 de.616049.xyz: [Errno -2] Name or service not known
2026-03-20 09:46:52,343 - DEBUG - DNS解析重试中 de.616049.xyz: [Errno -2] Name or service not known
2026-03-20 09:46:53,344 - WARNING - [de.616049.xyz (FRA)] ├─ 无有效DNS记录，触发紧急更新
2026-03-20 09:59:49,747 - ERROR - CFST更新失败: None
2026-03-20 09:59:49,750 - DEBUG - Starting new HTTPS connection (1): api.telegram.org:443
2026-03-20 09:59:50,178 - DEBUG - https://api.telegram.org:443 "POST /bot/sendMessage HTTP/1.1" 404 55
