2026-02-12 00:57:12,930 - INFO - 启动维护任务 | 协议类型: IPV4
2026-02-12 00:57:12,930 - INFO - --------------------------------------------------
2026-02-12 00:57:12,930 - INFO - [hk.616049.xyz (HKG)] 开始处理节点维护
2026-02-12 00:57:12,944 - DEBUG - DNS解析重试中 hk.616049.xyz: [Errno -2] Name or service not known
2026-02-12 00:57:13,963 - DEBUG - DNS解析重试中 hk.616049.xyz: [Errno -2] Name or service not known
2026-02-12 00:57:14,978 - DEBUG - DNS解析重试中 hk.616049.xyz: [Errno -2] Name or service not known
2026-02-12 00:57:15,979 - WARNING - [hk.616049.xyz (HKG)] ├─ 无有效DNS记录，触发紧急更新
2026-02-12 01:10:11,446 - ERROR - CFST更新失败: None
2026-02-12 01:10:11,446 - INFO - --------------------------------------------------
2026-02-12 01:10:11,446 - INFO - [us.616049.xyz (LAX)] 开始处理节点维护
2026-02-12 01:10:11,472 - DEBUG - DNS解析重试中 us.616049.xyz: [Errno -2] Name or service not known
2026-02-12 01:10:12,489 - DEBUG - DNS解析重试中 us.616049.xyz: [Errno -2] Name or service not known
2026-02-12 01:10:13,531 - DEBUG - DNS解析重试中 us.616049.xyz: [Errno -2] Name or service not known
2026-02-12 01:10:14,532 - WARNING - [us.616049.xyz (LAX)] ├─ 无有效DNS记录，触发紧急更新
2026-02-12 01:23:09,087 - ERROR - CFST更新失败: None
2026-02-12 01:23:09,087 - INFO - --------------------------------------------------
2026-02-12 01:23:09,087 - INFO - [de.616049.xyz (FRA)] 开始处理节点维护
2026-02-12 01:23:09,100 - DEBUG - DNS解析重试中 de.616049.xyz: [Errno -2] Name or service not known
2026-02-12 01:23:10,123 - DEBUG - DNS解析重试中 de.616049.xyz: [Errno -2] Name or service not known
2026-02-12 01:23:11,130 - DEBUG - DNS解析重试中 de.616049.xyz: [Errno -2] Name or service not known
2026-02-12 01:23:12,131 - WARNING - [de.616049.xyz (FRA)] ├─ 无有效DNS记录，触发紧急更新
2026-02-12 01:36:05,791 - ERROR - CFST更新失败: None
2026-02-12 01:36:05,795 - DEBUG - Starting new HTTPS connection (1): api.telegram.org:443
2026-02-12 01:36:06,285 - DEBUG - https://api.telegram.org:443 "POST /bot/sendMessage HTTP/1.1" 404 55
