2026-02-05 04:25:34,050 - INFO - 启动维护任务 | 协议类型: IPV4
2026-02-05 04:25:34,050 - INFO - --------------------------------------------------
2026-02-05 04:25:34,050 - INFO - [hk.616049.xyz (HKG)] 开始处理节点维护
2026-02-05 04:25:34,077 - DEBUG - DNS解析重试中 hk.616049.xyz: [Errno -2] Name or service not known
2026-02-05 04:25:35,095 - DEBUG - DNS解析重试中 hk.616049.xyz: [Errno -2] Name or service not known
2026-02-05 04:25:36,109 - DEBUG - DNS解析重试中 hk.616049.xyz: [Errno -2] Name or service not known
2026-02-05 04:25:37,110 - WARNING - [hk.616049.xyz (HKG)] ├─ 无有效DNS记录，触发紧急更新
2026-02-05 04:38:32,537 - ERROR - CFST更新失败: None
2026-02-05 04:38:32,537 - INFO - --------------------------------------------------
2026-02-05 04:38:32,537 - INFO - [us.616049.xyz (LAX)] 开始处理节点维护
2026-02-05 04:38:32,552 - DEBUG - DNS解析重试中 us.616049.xyz: [Errno -2] Name or service not known
2026-02-05 04:38:33,568 - DEBUG - DNS解析重试中 us.616049.xyz: [Errno -2] Name or service not known
2026-02-05 04:38:34,591 - DEBUG - DNS解析重试中 us.616049.xyz: [Errno -2] Name or service not known
2026-02-05 04:38:35,592 - WARNING - [us.616049.xyz (LAX)] ├─ 无有效DNS记录，触发紧急更新
2026-02-05 04:51:29,898 - ERROR - CFST更新失败: None
2026-02-05 04:51:29,898 - INFO - --------------------------------------------------
2026-02-05 04:51:29,898 - INFO - [de.616049.xyz (FRA)] 开始处理节点维护
2026-02-05 04:51:29,942 - DEBUG - DNS解析重试中 de.616049.xyz: [Errno -2] Name or service not known
2026-02-05 04:51:30,957 - DEBUG - DNS解析重试中 de.616049.xyz: [Errno -2] Name or service not known
2026-02-05 04:51:31,973 - DEBUG - DNS解析重试中 de.616049.xyz: [Errno -2] Name or service not known
2026-02-05 04:51:32,975 - WARNING - [de.616049.xyz (FRA)] ├─ 无有效DNS记录，触发紧急更新
2026-02-05 05:04:27,403 - ERROR - CFST更新失败: None
2026-02-05 05:04:27,406 - DEBUG - Starting new HTTPS connection (1): api.telegram.org:443
2026-02-05 05:04:27,902 - DEBUG - https://api.telegram.org:443 "POST /bot/sendMessage HTTP/1.1" 404 55
