2026-04-22 15:21:42,651 - INFO - 启动维护任务 | 协议类型: IPV4
2026-04-22 15:21:42,651 - INFO - --------------------------------------------------
2026-04-22 15:21:42,651 - INFO - [hk.616049.xyz (HKG)] 开始处理节点维护
2026-04-22 15:21:42,687 - DEBUG - DNS解析重试中 hk.616049.xyz: [Errno -2] Name or service not known
2026-04-22 15:21:43,714 - DEBUG - DNS解析重试中 hk.616049.xyz: [Errno -2] Name or service not known
2026-04-22 15:21:44,738 - DEBUG - DNS解析重试中 hk.616049.xyz: [Errno -2] Name or service not known
2026-04-22 15:21:45,739 - WARNING - [hk.616049.xyz (HKG)] ├─ 无有效DNS记录，触发紧急更新
2026-04-22 15:34:39,189 - ERROR - CFST更新失败: None
2026-04-22 15:34:39,190 - INFO - --------------------------------------------------
2026-04-22 15:34:39,190 - INFO - [us.616049.xyz (LAX)] 开始处理节点维护
2026-04-22 15:34:39,211 - DEBUG - DNS解析重试中 us.616049.xyz: [Errno -2] Name or service not known
2026-04-22 15:34:40,233 - DEBUG - DNS解析重试中 us.616049.xyz: [Errno -2] Name or service not known
2026-04-22 15:34:41,267 - DEBUG - DNS解析重试中 us.616049.xyz: [Errno -2] Name or service not known
2026-04-22 15:34:42,268 - WARNING - [us.616049.xyz (LAX)] ├─ 无有效DNS记录，触发紧急更新
2026-04-22 15:47:35,444 - ERROR - CFST更新失败: None
2026-04-22 15:47:35,444 - INFO - --------------------------------------------------
2026-04-22 15:47:35,444 - INFO - [de.616049.xyz (FRA)] 开始处理节点维护
2026-04-22 15:47:35,477 - DEBUG - DNS解析重试中 de.616049.xyz: [Errno -2] Name or service not known
2026-04-22 15:47:36,524 - DEBUG - DNS解析重试中 de.616049.xyz: [Errno -2] Name or service not known
2026-04-22 15:47:37,548 - DEBUG - DNS解析重试中 de.616049.xyz: [Errno -2] Name or service not known
2026-04-22 15:47:38,549 - WARNING - [de.616049.xyz (FRA)] ├─ 无有效DNS记录，触发紧急更新
2026-04-22 16:00:32,353 - ERROR - CFST更新失败: None
2026-04-22 16:00:32,356 - DEBUG - Starting new HTTPS connection (1): api.telegram.org:443
2026-04-22 16:00:32,690 - DEBUG - https://api.telegram.org:443 "POST /bot/sendMessage HTTP/1.1" 404 55
