2026-06-18 20:46:03,751 - INFO - 启动维护任务 | 协议类型: IPV4
2026-06-18 20:46:03,751 - INFO - --------------------------------------------------
2026-06-18 20:46:03,751 - INFO - [hk.616049.xyz (HKG)] 开始处理节点维护
2026-06-18 20:46:03,765 - DEBUG - DNS解析重试中 hk.616049.xyz: [Errno -2] Name or service not known
2026-06-18 20:46:04,778 - DEBUG - DNS解析重试中 hk.616049.xyz: [Errno -2] Name or service not known
2026-06-18 20:46:05,792 - DEBUG - DNS解析重试中 hk.616049.xyz: [Errno -2] Name or service not known
2026-06-18 20:46:06,794 - WARNING - [hk.616049.xyz (HKG)] ├─ 无有效DNS记录，触发紧急更新
2026-06-18 20:58:46,038 - ERROR - CFST更新失败: None
2026-06-18 20:58:46,038 - INFO - --------------------------------------------------
2026-06-18 20:58:46,038 - INFO - [us.616049.xyz (LAX)] 开始处理节点维护
2026-06-18 20:58:46,054 - DEBUG - DNS解析重试中 us.616049.xyz: [Errno -2] Name or service not known
2026-06-18 20:58:47,070 - DEBUG - DNS解析重试中 us.616049.xyz: [Errno -2] Name or service not known
2026-06-18 20:58:48,083 - DEBUG - DNS解析重试中 us.616049.xyz: [Errno -2] Name or service not known
2026-06-18 20:58:49,084 - WARNING - [us.616049.xyz (LAX)] ├─ 无有效DNS记录，触发紧急更新
2026-06-18 21:11:29,492 - ERROR - CFST更新失败: None
2026-06-18 21:11:29,493 - INFO - --------------------------------------------------
2026-06-18 21:11:29,493 - INFO - [de.616049.xyz (FRA)] 开始处理节点维护
2026-06-18 21:11:29,518 - DEBUG - DNS解析重试中 de.616049.xyz: [Errno -2] Name or service not known
2026-06-18 21:11:30,532 - DEBUG - DNS解析重试中 de.616049.xyz: [Errno -2] Name or service not known
2026-06-18 21:11:31,554 - DEBUG - DNS解析重试中 de.616049.xyz: [Errno -2] Name or service not known
2026-06-18 21:11:32,555 - WARNING - [de.616049.xyz (FRA)] ├─ 无有效DNS记录，触发紧急更新
2026-06-18 21:24:12,073 - ERROR - CFST更新失败: None
2026-06-18 21:24:12,076 - DEBUG - Starting new HTTPS connection (1): api.telegram.org:443
2026-06-18 21:24:12,363 - DEBUG - https://api.telegram.org:443 "POST /bot/sendMessage HTTP/1.1" 404 55
