2026-05-06 06:49:14,764 - INFO - 启动维护任务 | 协议类型: IPV4
2026-05-06 06:49:14,764 - INFO - --------------------------------------------------
2026-05-06 06:49:14,764 - INFO - [hk.616049.xyz (HKG)] 开始处理节点维护
2026-05-06 06:49:14,851 - DEBUG - DNS解析重试中 hk.616049.xyz: [Errno -2] Name or service not known
2026-05-06 06:49:15,876 - DEBUG - DNS解析重试中 hk.616049.xyz: [Errno -2] Name or service not known
2026-05-06 06:49:16,899 - DEBUG - DNS解析重试中 hk.616049.xyz: [Errno -2] Name or service not known
2026-05-06 06:49:17,900 - WARNING - [hk.616049.xyz (HKG)] ├─ 无有效DNS记录，触发紧急更新
2026-05-06 07:02:29,095 - ERROR - CFST更新失败: None
2026-05-06 07:02:29,096 - INFO - --------------------------------------------------
2026-05-06 07:02:29,096 - INFO - [us.616049.xyz (LAX)] 开始处理节点维护
2026-05-06 07:02:29,128 - DEBUG - DNS解析重试中 us.616049.xyz: [Errno -2] Name or service not known
2026-05-06 07:02:30,154 - DEBUG - DNS解析重试中 us.616049.xyz: [Errno -2] Name or service not known
2026-05-06 07:02:31,263 - DEBUG - DNS解析重试中 us.616049.xyz: [Errno -2] Name or service not known
2026-05-06 07:02:32,264 - WARNING - [us.616049.xyz (LAX)] ├─ 无有效DNS记录，触发紧急更新
2026-05-06 07:15:40,822 - ERROR - CFST更新失败: None
2026-05-06 07:15:40,823 - INFO - --------------------------------------------------
2026-05-06 07:15:40,823 - INFO - [de.616049.xyz (FRA)] 开始处理节点维护
2026-05-06 07:15:41,219 - DEBUG - DNS解析重试中 de.616049.xyz: [Errno -2] Name or service not known
2026-05-06 07:15:42,253 - DEBUG - DNS解析重试中 de.616049.xyz: [Errno -2] Name or service not known
2026-05-06 07:15:43,261 - DEBUG - DNS解析重试中 de.616049.xyz: [Errno -2] Name or service not known
2026-05-06 07:15:44,263 - WARNING - [de.616049.xyz (FRA)] ├─ 无有效DNS记录，触发紧急更新
2026-05-06 07:28:47,814 - ERROR - CFST更新失败: None
2026-05-06 07:28:47,817 - DEBUG - Starting new HTTPS connection (1): api.telegram.org:443
2026-05-06 07:28:48,274 - DEBUG - https://api.telegram.org:443 "POST /bot/sendMessage HTTP/1.1" 404 55
