2026-04-08 21:03:49,463 - INFO - 启动维护任务 | 协议类型: IPV4
2026-04-08 21:03:49,463 - INFO - --------------------------------------------------
2026-04-08 21:03:49,463 - INFO - [hk.616049.xyz (HKG)] 开始处理节点维护
2026-04-08 21:03:49,493 - DEBUG - DNS解析重试中 hk.616049.xyz: [Errno -2] Name or service not known
2026-04-08 21:03:50,509 - DEBUG - DNS解析重试中 hk.616049.xyz: [Errno -2] Name or service not known
2026-04-08 21:03:51,523 - DEBUG - DNS解析重试中 hk.616049.xyz: [Errno -2] Name or service not known
2026-04-08 21:03:52,525 - WARNING - [hk.616049.xyz (HKG)] ├─ 无有效DNS记录，触发紧急更新
2026-04-08 21:16:45,718 - ERROR - CFST更新失败: None
2026-04-08 21:16:45,719 - INFO - --------------------------------------------------
2026-04-08 21:16:45,719 - INFO - [us.616049.xyz (LAX)] 开始处理节点维护
2026-04-08 21:16:45,744 - DEBUG - DNS解析重试中 us.616049.xyz: [Errno -2] Name or service not known
2026-04-08 21:16:46,754 - DEBUG - DNS解析重试中 us.616049.xyz: [Errno -2] Name or service not known
2026-04-08 21:16:47,768 - DEBUG - DNS解析重试中 us.616049.xyz: [Errno -2] Name or service not known
2026-04-08 21:16:48,769 - WARNING - [us.616049.xyz (LAX)] ├─ 无有效DNS记录，触发紧急更新
2026-04-08 21:29:41,261 - ERROR - CFST更新失败: None
2026-04-08 21:29:41,262 - INFO - --------------------------------------------------
2026-04-08 21:29:41,262 - INFO - [de.616049.xyz (FRA)] 开始处理节点维护
2026-04-08 21:29:41,277 - DEBUG - DNS解析重试中 de.616049.xyz: [Errno -2] Name or service not known
2026-04-08 21:29:42,285 - DEBUG - DNS解析重试中 de.616049.xyz: [Errno -2] Name or service not known
2026-04-08 21:29:43,296 - DEBUG - DNS解析重试中 de.616049.xyz: [Errno -2] Name or service not known
2026-04-08 21:29:44,297 - WARNING - [de.616049.xyz (FRA)] ├─ 无有效DNS记录，触发紧急更新
2026-04-08 21:42:37,139 - ERROR - CFST更新失败: None
2026-04-08 21:42:37,142 - DEBUG - Starting new HTTPS connection (1): api.telegram.org:443
2026-04-08 21:42:37,653 - DEBUG - https://api.telegram.org:443 "POST /bot/sendMessage HTTP/1.1" 404 55
