2026-03-28 22:25:38,173 - INFO - 启动维护任务 | 协议类型: IPV4
2026-03-28 22:25:38,173 - INFO - --------------------------------------------------
2026-03-28 22:25:38,173 - INFO - [hk.616049.xyz (HKG)] 开始处理节点维护
2026-03-28 22:25:38,184 - DEBUG - DNS解析重试中 hk.616049.xyz: [Errno -2] Name or service not known
2026-03-28 22:25:39,193 - DEBUG - DNS解析重试中 hk.616049.xyz: [Errno -2] Name or service not known
2026-03-28 22:25:40,209 - DEBUG - DNS解析重试中 hk.616049.xyz: [Errno -2] Name or service not known
2026-03-28 22:25:41,210 - WARNING - [hk.616049.xyz (HKG)] ├─ 无有效DNS记录，触发紧急更新
2026-03-28 22:38:42,126 - ERROR - CFST更新失败: None
2026-03-28 22:38:42,127 - INFO - --------------------------------------------------
2026-03-28 22:38:42,127 - INFO - [us.616049.xyz (LAX)] 开始处理节点维护
2026-03-28 22:38:42,139 - DEBUG - DNS解析重试中 us.616049.xyz: [Errno -2] Name or service not known
2026-03-28 22:38:43,156 - DEBUG - DNS解析重试中 us.616049.xyz: [Errno -2] Name or service not known
2026-03-28 22:38:44,198 - DEBUG - DNS解析重试中 us.616049.xyz: [Errno -2] Name or service not known
2026-03-28 22:38:45,200 - WARNING - [us.616049.xyz (LAX)] ├─ 无有效DNS记录，触发紧急更新
2026-03-28 22:51:45,836 - ERROR - CFST更新失败: None
2026-03-28 22:51:45,836 - INFO - --------------------------------------------------
2026-03-28 22:51:45,836 - INFO - [de.616049.xyz (FRA)] 开始处理节点维护
2026-03-28 22:51:45,854 - DEBUG - DNS解析重试中 de.616049.xyz: [Errno -2] Name or service not known
2026-03-28 22:51:46,860 - DEBUG - DNS解析重试中 de.616049.xyz: [Errno -2] Name or service not known
2026-03-28 22:51:47,891 - DEBUG - DNS解析重试中 de.616049.xyz: [Errno -2] Name or service not known
2026-03-28 22:51:48,892 - WARNING - [de.616049.xyz (FRA)] ├─ 无有效DNS记录，触发紧急更新
2026-03-28 23:04:49,252 - ERROR - CFST更新失败: None
2026-03-28 23:04:49,256 - DEBUG - Starting new HTTPS connection (1): api.telegram.org:443
2026-03-28 23:04:49,548 - DEBUG - https://api.telegram.org:443 "POST /bot/sendMessage HTTP/1.1" 404 55
