2026-06-06 01:48:06,471 - INFO - 启动维护任务 | 协议类型: IPV4
2026-06-06 01:48:06,471 - INFO - --------------------------------------------------
2026-06-06 01:48:06,472 - INFO - [hk.616049.xyz (HKG)] 开始处理节点维护
2026-06-06 01:48:06,483 - DEBUG - DNS解析重试中 hk.616049.xyz: [Errno -2] Name or service not known
2026-06-06 01:48:07,499 - DEBUG - DNS解析重试中 hk.616049.xyz: [Errno -2] Name or service not known
2026-06-06 01:48:08,515 - DEBUG - DNS解析重试中 hk.616049.xyz: [Errno -2] Name or service not known
2026-06-06 01:48:09,516 - WARNING - [hk.616049.xyz (HKG)] ├─ 无有效DNS记录，触发紧急更新
2026-06-06 02:00:50,843 - ERROR - CFST更新失败: None
2026-06-06 02:00:50,844 - INFO - --------------------------------------------------
2026-06-06 02:00:50,844 - INFO - [us.616049.xyz (LAX)] 开始处理节点维护
2026-06-06 02:00:50,857 - DEBUG - DNS解析重试中 us.616049.xyz: [Errno -2] Name or service not known
2026-06-06 02:00:51,870 - DEBUG - DNS解析重试中 us.616049.xyz: [Errno -2] Name or service not known
2026-06-06 02:00:52,891 - DEBUG - DNS解析重试中 us.616049.xyz: [Errno -2] Name or service not known
2026-06-06 02:00:53,892 - WARNING - [us.616049.xyz (LAX)] ├─ 无有效DNS记录，触发紧急更新
2026-06-06 02:13:38,054 - ERROR - CFST更新失败: None
2026-06-06 02:13:38,054 - INFO - --------------------------------------------------
2026-06-06 02:13:38,054 - INFO - [de.616049.xyz (FRA)] 开始处理节点维护
2026-06-06 02:13:38,074 - DEBUG - DNS解析重试中 de.616049.xyz: [Errno -2] Name or service not known
2026-06-06 02:13:39,089 - DEBUG - DNS解析重试中 de.616049.xyz: [Errno -2] Name or service not known
2026-06-06 02:13:40,109 - DEBUG - DNS解析重试中 de.616049.xyz: [Errno -2] Name or service not known
2026-06-06 02:13:41,110 - WARNING - [de.616049.xyz (FRA)] ├─ 无有效DNS记录，触发紧急更新
2026-06-06 02:26:20,393 - ERROR - CFST更新失败: None
2026-06-06 02:26:20,397 - DEBUG - Starting new HTTPS connection (1): api.telegram.org:443
2026-06-06 02:26:20,700 - DEBUG - https://api.telegram.org:443 "POST /bot/sendMessage HTTP/1.1" 404 55
