2026-03-29 18:24:35,961 - INFO - 启动维护任务 | 协议类型: IPV4
2026-03-29 18:24:35,961 - INFO - --------------------------------------------------
2026-03-29 18:24:35,961 - INFO - [hk.616049.xyz (HKG)] 开始处理节点维护
2026-03-29 18:24:35,998 - DEBUG - DNS解析重试中 hk.616049.xyz: [Errno -2] Name or service not known
2026-03-29 18:24:37,026 - DEBUG - DNS解析重试中 hk.616049.xyz: [Errno -2] Name or service not known
2026-03-29 18:24:38,051 - DEBUG - DNS解析重试中 hk.616049.xyz: [Errno -2] Name or service not known
2026-03-29 18:24:39,052 - WARNING - [hk.616049.xyz (HKG)] ├─ 无有效DNS记录，触发紧急更新
2026-03-29 18:37:35,122 - ERROR - CFST更新失败: None
2026-03-29 18:37:35,122 - INFO - --------------------------------------------------
2026-03-29 18:37:35,122 - INFO - [us.616049.xyz (LAX)] 开始处理节点维护
2026-03-29 18:37:35,157 - DEBUG - DNS解析重试中 us.616049.xyz: [Errno -2] Name or service not known
2026-03-29 18:37:36,182 - DEBUG - DNS解析重试中 us.616049.xyz: [Errno -2] Name or service not known
2026-03-29 18:37:37,205 - DEBUG - DNS解析重试中 us.616049.xyz: [Errno -2] Name or service not known
2026-03-29 18:37:38,206 - WARNING - [us.616049.xyz (LAX)] ├─ 无有效DNS记录，触发紧急更新
2026-03-29 18:50:33,837 - ERROR - CFST更新失败: None
2026-03-29 18:50:33,837 - INFO - --------------------------------------------------
2026-03-29 18:50:33,837 - INFO - [de.616049.xyz (FRA)] 开始处理节点维护
2026-03-29 18:50:33,868 - DEBUG - DNS解析重试中 de.616049.xyz: [Errno -2] Name or service not known
2026-03-29 18:50:34,889 - DEBUG - DNS解析重试中 de.616049.xyz: [Errno -2] Name or service not known
2026-03-29 18:50:35,895 - DEBUG - DNS解析重试中 de.616049.xyz: [Errno -2] Name or service not known
2026-03-29 18:50:36,896 - WARNING - [de.616049.xyz (FRA)] ├─ 无有效DNS记录，触发紧急更新
2026-03-29 19:03:32,381 - ERROR - CFST更新失败: None
2026-03-29 19:03:32,384 - DEBUG - Starting new HTTPS connection (1): api.telegram.org:443
2026-03-29 19:03:32,825 - DEBUG - https://api.telegram.org:443 "POST /bot/sendMessage HTTP/1.1" 404 55
