2026-05-12 06:46:03,679 - INFO - 启动维护任务 | 协议类型: IPV4
2026-05-12 06:46:03,679 - INFO - --------------------------------------------------
2026-05-12 06:46:03,679 - INFO - [hk.616049.xyz (HKG)] 开始处理节点维护
2026-05-12 06:46:03,687 - DEBUG - DNS解析重试中 hk.616049.xyz: [Errno -2] Name or service not known
2026-05-12 06:46:04,695 - DEBUG - DNS解析重试中 hk.616049.xyz: [Errno -2] Name or service not known
2026-05-12 06:46:05,703 - DEBUG - DNS解析重试中 hk.616049.xyz: [Errno -2] Name or service not known
2026-05-12 06:46:06,704 - WARNING - [hk.616049.xyz (HKG)] ├─ 无有效DNS记录，触发紧急更新
2026-05-12 06:58:42,476 - ERROR - CFST更新失败: None
2026-05-12 06:58:42,476 - INFO - --------------------------------------------------
2026-05-12 06:58:42,476 - INFO - [us.616049.xyz (LAX)] 开始处理节点维护
2026-05-12 06:58:42,492 - DEBUG - DNS解析重试中 us.616049.xyz: [Errno -2] Name or service not known
2026-05-12 06:58:43,499 - DEBUG - DNS解析重试中 us.616049.xyz: [Errno -2] Name or service not known
2026-05-12 06:58:44,514 - DEBUG - DNS解析重试中 us.616049.xyz: [Errno -2] Name or service not known
2026-05-12 06:58:45,515 - WARNING - [us.616049.xyz (LAX)] ├─ 无有效DNS记录，触发紧急更新
2026-05-12 07:11:21,456 - ERROR - CFST更新失败: None
2026-05-12 07:11:21,456 - INFO - --------------------------------------------------
2026-05-12 07:11:21,456 - INFO - [de.616049.xyz (FRA)] 开始处理节点维护
2026-05-12 07:11:21,463 - DEBUG - DNS解析重试中 de.616049.xyz: [Errno -2] Name or service not known
2026-05-12 07:11:22,482 - DEBUG - DNS解析重试中 de.616049.xyz: [Errno -2] Name or service not known
2026-05-12 07:11:23,488 - DEBUG - DNS解析重试中 de.616049.xyz: [Errno -2] Name or service not known
2026-05-12 07:11:24,489 - WARNING - [de.616049.xyz (FRA)] ├─ 无有效DNS记录，触发紧急更新
2026-05-12 07:24:00,059 - ERROR - CFST更新失败: None
2026-05-12 07:24:00,063 - DEBUG - Starting new HTTPS connection (1): api.telegram.org:443
2026-05-12 07:24:00,541 - DEBUG - https://api.telegram.org:443 "POST /bot/sendMessage HTTP/1.1" 404 55
