2026-03-07 16:21:04,366 - INFO - 启动维护任务 | 协议类型: IPV4
2026-03-07 16:21:04,366 - INFO - --------------------------------------------------
2026-03-07 16:21:04,366 - INFO - [hk.616049.xyz (HKG)] 开始处理节点维护
2026-03-07 16:21:04,372 - DEBUG - DNS解析重试中 hk.616049.xyz: [Errno -2] Name or service not known
2026-03-07 16:21:05,388 - DEBUG - DNS解析重试中 hk.616049.xyz: [Errno -2] Name or service not known
2026-03-07 16:21:06,396 - DEBUG - DNS解析重试中 hk.616049.xyz: [Errno -2] Name or service not known
2026-03-07 16:21:07,397 - WARNING - [hk.616049.xyz (HKG)] ├─ 无有效DNS记录，触发紧急更新
2026-03-07 16:34:01,515 - ERROR - CFST更新失败: None
2026-03-07 16:34:01,515 - INFO - --------------------------------------------------
2026-03-07 16:34:01,516 - INFO - [us.616049.xyz (LAX)] 开始处理节点维护
2026-03-07 16:34:01,541 - DEBUG - DNS解析重试中 us.616049.xyz: [Errno -2] Name or service not known
2026-03-07 16:34:02,550 - DEBUG - DNS解析重试中 us.616049.xyz: [Errno -2] Name or service not known
2026-03-07 16:34:03,560 - DEBUG - DNS解析重试中 us.616049.xyz: [Errno -2] Name or service not known
2026-03-07 16:34:04,561 - WARNING - [us.616049.xyz (LAX)] ├─ 无有效DNS记录，触发紧急更新
2026-03-07 16:46:58,729 - ERROR - CFST更新失败: None
2026-03-07 16:46:58,730 - INFO - --------------------------------------------------
2026-03-07 16:46:58,730 - INFO - [de.616049.xyz (FRA)] 开始处理节点维护
2026-03-07 16:46:58,736 - DEBUG - DNS解析重试中 de.616049.xyz: [Errno -2] Name or service not known
2026-03-07 16:46:59,744 - DEBUG - DNS解析重试中 de.616049.xyz: [Errno -2] Name or service not known
2026-03-07 16:47:00,759 - DEBUG - DNS解析重试中 de.616049.xyz: [Errno -2] Name or service not known
2026-03-07 16:47:01,760 - WARNING - [de.616049.xyz (FRA)] ├─ 无有效DNS记录，触发紧急更新
2026-03-07 16:59:55,424 - ERROR - CFST更新失败: None
2026-03-07 16:59:55,428 - DEBUG - Starting new HTTPS connection (1): api.telegram.org:443
2026-03-07 16:59:55,923 - DEBUG - https://api.telegram.org:443 "POST /bot/sendMessage HTTP/1.1" 404 55
