2026-06-12 10:45:44,071 - INFO - 启动维护任务 | 协议类型: IPV4
2026-06-12 10:45:44,072 - INFO - --------------------------------------------------
2026-06-12 10:45:44,072 - INFO - [hk.616049.xyz (HKG)] 开始处理节点维护
2026-06-12 10:45:44,085 - DEBUG - DNS解析重试中 hk.616049.xyz: [Errno -2] Name or service not known
2026-06-12 10:45:45,094 - DEBUG - DNS解析重试中 hk.616049.xyz: [Errno -2] Name or service not known
2026-06-12 10:45:46,102 - DEBUG - DNS解析重试中 hk.616049.xyz: [Errno -2] Name or service not known
2026-06-12 10:45:47,103 - WARNING - [hk.616049.xyz (HKG)] ├─ 无有效DNS记录，触发紧急更新
2026-06-12 10:58:24,640 - ERROR - CFST更新失败: None
2026-06-12 10:58:24,640 - INFO - --------------------------------------------------
2026-06-12 10:58:24,640 - INFO - [us.616049.xyz (LAX)] 开始处理节点维护
2026-06-12 10:58:24,648 - DEBUG - DNS解析重试中 us.616049.xyz: [Errno -2] Name or service not known
2026-06-12 10:58:25,663 - DEBUG - DNS解析重试中 us.616049.xyz: [Errno -2] Name or service not known
2026-06-12 10:58:26,673 - DEBUG - DNS解析重试中 us.616049.xyz: [Errno -2] Name or service not known
2026-06-12 10:58:27,674 - WARNING - [us.616049.xyz (LAX)] ├─ 无有效DNS记录，触发紧急更新
2026-06-12 11:11:02,512 - ERROR - CFST更新失败: None
2026-06-12 11:11:02,512 - INFO - --------------------------------------------------
2026-06-12 11:11:02,512 - INFO - [de.616049.xyz (FRA)] 开始处理节点维护
2026-06-12 11:11:02,529 - DEBUG - DNS解析重试中 de.616049.xyz: [Errno -2] Name or service not known
2026-06-12 11:11:03,537 - DEBUG - DNS解析重试中 de.616049.xyz: [Errno -2] Name or service not known
2026-06-12 11:11:04,564 - DEBUG - DNS解析重试中 de.616049.xyz: [Errno -2] Name or service not known
2026-06-12 11:11:05,565 - WARNING - [de.616049.xyz (FRA)] ├─ 无有效DNS记录，触发紧急更新
2026-06-12 11:23:39,664 - ERROR - CFST更新失败: None
2026-06-12 11:23:39,668 - DEBUG - Starting new HTTPS connection (1): api.telegram.org:443
2026-06-12 11:23:39,945 - DEBUG - https://api.telegram.org:443 "POST /bot/sendMessage HTTP/1.1" 404 55
