2026-04-18 00:45:48,925 - INFO - 启动维护任务 | 协议类型: IPV4
2026-04-18 00:45:48,925 - INFO - --------------------------------------------------
2026-04-18 00:45:48,925 - INFO - [hk.616049.xyz (HKG)] 开始处理节点维护
2026-04-18 00:45:48,947 - DEBUG - DNS解析重试中 hk.616049.xyz: [Errno -2] Name or service not known
2026-04-18 00:45:49,977 - DEBUG - DNS解析重试中 hk.616049.xyz: [Errno -2] Name or service not known
2026-04-18 00:45:50,999 - DEBUG - DNS解析重试中 hk.616049.xyz: [Errno -2] Name or service not known
2026-04-18 00:45:52,000 - WARNING - [hk.616049.xyz (HKG)] ├─ 无有效DNS记录，触发紧急更新
2026-04-18 00:58:46,032 - ERROR - CFST更新失败: None
2026-04-18 00:58:46,032 - INFO - --------------------------------------------------
2026-04-18 00:58:46,032 - INFO - [us.616049.xyz (LAX)] 开始处理节点维护
2026-04-18 00:58:46,062 - DEBUG - DNS解析重试中 us.616049.xyz: [Errno -2] Name or service not known
2026-04-18 00:58:47,095 - DEBUG - DNS解析重试中 us.616049.xyz: [Errno -2] Name or service not known
2026-04-18 00:58:48,118 - DEBUG - DNS解析重试中 us.616049.xyz: [Errno -2] Name or service not known
2026-04-18 00:58:49,120 - WARNING - [us.616049.xyz (LAX)] ├─ 无有效DNS记录，触发紧急更新
2026-04-18 01:11:43,155 - ERROR - CFST更新失败: None
2026-04-18 01:11:43,155 - INFO - --------------------------------------------------
2026-04-18 01:11:43,155 - INFO - [de.616049.xyz (FRA)] 开始处理节点维护
2026-04-18 01:11:43,179 - DEBUG - DNS解析重试中 de.616049.xyz: [Errno -2] Name or service not known
2026-04-18 01:11:44,207 - DEBUG - DNS解析重试中 de.616049.xyz: [Errno -2] Name or service not known
2026-04-18 01:11:45,230 - DEBUG - DNS解析重试中 de.616049.xyz: [Errno -2] Name or service not known
2026-04-18 01:11:46,232 - WARNING - [de.616049.xyz (FRA)] ├─ 无有效DNS记录，触发紧急更新
2026-04-18 01:24:40,686 - ERROR - CFST更新失败: None
2026-04-18 01:24:40,689 - DEBUG - Starting new HTTPS connection (1): api.telegram.org:443
2026-04-18 01:24:41,020 - DEBUG - https://api.telegram.org:443 "POST /bot/sendMessage HTTP/1.1" 404 55
