2026-02-08 20:31:39,128 - INFO - 启动维护任务 | 协议类型: IPV4
2026-02-08 20:31:39,129 - INFO - --------------------------------------------------
2026-02-08 20:31:39,129 - INFO - [hk.616049.xyz (HKG)] 开始处理节点维护
2026-02-08 20:31:39,150 - DEBUG - DNS解析重试中 hk.616049.xyz: [Errno -2] Name or service not known
2026-02-08 20:31:40,192 - DEBUG - DNS解析重试中 hk.616049.xyz: [Errno -2] Name or service not known
2026-02-08 20:31:41,213 - DEBUG - DNS解析重试中 hk.616049.xyz: [Errno -2] Name or service not known
2026-02-08 20:31:42,214 - WARNING - [hk.616049.xyz (HKG)] ├─ 无有效DNS记录，触发紧急更新
2026-02-08 20:44:39,274 - ERROR - CFST更新失败: None
2026-02-08 20:44:39,274 - INFO - --------------------------------------------------
2026-02-08 20:44:39,274 - INFO - [us.616049.xyz (LAX)] 开始处理节点维护
2026-02-08 20:44:39,316 - DEBUG - DNS解析重试中 us.616049.xyz: [Errno -2] Name or service not known
2026-02-08 20:44:40,344 - DEBUG - DNS解析重试中 us.616049.xyz: [Errno -2] Name or service not known
2026-02-08 20:44:41,367 - DEBUG - DNS解析重试中 us.616049.xyz: [Errno -2] Name or service not known
2026-02-08 20:44:42,368 - WARNING - [us.616049.xyz (LAX)] ├─ 无有效DNS记录，触发紧急更新
2026-02-08 20:57:38,860 - ERROR - CFST更新失败: None
2026-02-08 20:57:38,860 - INFO - --------------------------------------------------
2026-02-08 20:57:38,860 - INFO - [de.616049.xyz (FRA)] 开始处理节点维护
2026-02-08 20:57:38,887 - DEBUG - DNS解析重试中 de.616049.xyz: [Errno -2] Name or service not known
2026-02-08 20:57:39,913 - DEBUG - DNS解析重试中 de.616049.xyz: [Errno -2] Name or service not known
2026-02-08 20:57:40,943 - DEBUG - DNS解析重试中 de.616049.xyz: [Errno -2] Name or service not known
2026-02-08 20:57:41,944 - WARNING - [de.616049.xyz (FRA)] ├─ 无有效DNS记录，触发紧急更新
2026-02-08 21:10:38,381 - ERROR - CFST更新失败: None
2026-02-08 21:10:38,384 - DEBUG - Starting new HTTPS connection (1): api.telegram.org:443
2026-02-08 21:10:38,712 - DEBUG - https://api.telegram.org:443 "POST /bot/sendMessage HTTP/1.1" 404 55
