2026-03-06 06:23:23,841 - INFO - 启动维护任务 | 协议类型: IPV4
2026-03-06 06:23:23,841 - INFO - --------------------------------------------------
2026-03-06 06:23:23,841 - INFO - [hk.616049.xyz (HKG)] 开始处理节点维护
2026-03-06 06:23:23,876 - DEBUG - DNS解析重试中 hk.616049.xyz: [Errno -2] Name or service not known
2026-03-06 06:23:24,908 - DEBUG - DNS解析重试中 hk.616049.xyz: [Errno -2] Name or service not known
2026-03-06 06:23:25,945 - DEBUG - DNS解析重试中 hk.616049.xyz: [Errno -2] Name or service not known
2026-03-06 06:23:26,946 - WARNING - [hk.616049.xyz (HKG)] ├─ 无有效DNS记录，触发紧急更新
2026-03-06 06:36:35,952 - ERROR - CFST更新失败: None
2026-03-06 06:36:35,953 - INFO - --------------------------------------------------
2026-03-06 06:36:35,953 - INFO - [us.616049.xyz (LAX)] 开始处理节点维护
2026-03-06 06:36:35,986 - DEBUG - DNS解析重试中 us.616049.xyz: [Errno -2] Name or service not known
2026-03-06 06:36:37,029 - DEBUG - DNS解析重试中 us.616049.xyz: [Errno -2] Name or service not known
2026-03-06 06:36:38,064 - DEBUG - DNS解析重试中 us.616049.xyz: [Errno -2] Name or service not known
2026-03-06 06:36:39,066 - WARNING - [us.616049.xyz (LAX)] ├─ 无有效DNS记录，触发紧急更新
2026-03-06 06:49:52,122 - ERROR - CFST更新失败: None
2026-03-06 06:49:52,123 - INFO - --------------------------------------------------
2026-03-06 06:49:52,123 - INFO - [de.616049.xyz (FRA)] 开始处理节点维护
2026-03-06 06:49:52,185 - DEBUG - DNS解析重试中 de.616049.xyz: [Errno -2] Name or service not known
2026-03-06 06:49:53,219 - DEBUG - DNS解析重试中 de.616049.xyz: [Errno -2] Name or service not known
2026-03-06 06:49:54,252 - DEBUG - DNS解析重试中 de.616049.xyz: [Errno -2] Name or service not known
2026-03-06 06:49:55,253 - WARNING - [de.616049.xyz (FRA)] ├─ 无有效DNS记录，触发紧急更新
2026-03-06 07:03:03,205 - ERROR - CFST更新失败: None
2026-03-06 07:03:03,208 - DEBUG - Starting new HTTPS connection (1): api.telegram.org:443
2026-03-06 07:03:03,637 - DEBUG - https://api.telegram.org:443 "POST /bot/sendMessage HTTP/1.1" 404 55
