2026-06-05 07:02:33,485 - INFO - 启动维护任务 | 协议类型: IPV4
2026-06-05 07:02:33,485 - INFO - --------------------------------------------------
2026-06-05 07:02:33,485 - INFO - [hk.616049.xyz (HKG)] 开始处理节点维护
2026-06-05 07:02:33,534 - DEBUG - DNS解析重试中 hk.616049.xyz: [Errno -2] Name or service not known
2026-06-05 07:02:34,564 - DEBUG - DNS解析重试中 hk.616049.xyz: [Errno -2] Name or service not known
2026-06-05 07:02:35,595 - DEBUG - DNS解析重试中 hk.616049.xyz: [Errno -2] Name or service not known
2026-06-05 07:02:36,596 - WARNING - [hk.616049.xyz (HKG)] ├─ 无有效DNS记录，触发紧急更新
2026-06-05 07:15:12,212 - ERROR - CFST更新失败: None
2026-06-05 07:15:12,213 - INFO - --------------------------------------------------
2026-06-05 07:15:12,213 - INFO - [us.616049.xyz (LAX)] 开始处理节点维护
2026-06-05 07:15:12,263 - DEBUG - DNS解析重试中 us.616049.xyz: [Errno -2] Name or service not known
2026-06-05 07:15:13,292 - DEBUG - DNS解析重试中 us.616049.xyz: [Errno -2] Name or service not known
2026-06-05 07:15:14,331 - DEBUG - DNS解析重试中 us.616049.xyz: [Errno -2] Name or service not known
2026-06-05 07:15:15,332 - WARNING - [us.616049.xyz (LAX)] ├─ 无有效DNS记录，触发紧急更新
2026-06-05 07:27:50,325 - ERROR - CFST更新失败: None
2026-06-05 07:27:50,325 - INFO - --------------------------------------------------
2026-06-05 07:27:50,325 - INFO - [de.616049.xyz (FRA)] 开始处理节点维护
2026-06-05 07:27:50,353 - DEBUG - DNS解析重试中 de.616049.xyz: [Errno -2] Name or service not known
2026-06-05 07:27:51,382 - DEBUG - DNS解析重试中 de.616049.xyz: [Errno -2] Name or service not known
2026-06-05 07:27:52,413 - DEBUG - DNS解析重试中 de.616049.xyz: [Errno -2] Name or service not known
2026-06-05 07:27:53,414 - WARNING - [de.616049.xyz (FRA)] ├─ 无有效DNS记录，触发紧急更新
2026-06-05 07:40:28,816 - ERROR - CFST更新失败: None
2026-06-05 07:40:28,820 - DEBUG - Starting new HTTPS connection (1): api.telegram.org:443
2026-06-05 07:40:29,319 - DEBUG - https://api.telegram.org:443 "POST /bot/sendMessage HTTP/1.1" 404 55
