2026-05-23 06:51:05,564 - INFO - 启动维护任务 | 协议类型: IPV4
2026-05-23 06:51:05,564 - INFO - --------------------------------------------------
2026-05-23 06:51:05,564 - INFO - [hk.616049.xyz (HKG)] 开始处理节点维护
2026-05-23 06:51:05,582 - DEBUG - DNS解析重试中 hk.616049.xyz: [Errno -2] Name or service not known
2026-05-23 06:51:06,592 - DEBUG - DNS解析重试中 hk.616049.xyz: [Errno -2] Name or service not known
2026-05-23 06:51:07,609 - DEBUG - DNS解析重试中 hk.616049.xyz: [Errno -2] Name or service not known
2026-05-23 06:51:08,611 - WARNING - [hk.616049.xyz (HKG)] ├─ 无有效DNS记录，触发紧急更新
2026-05-23 07:04:01,519 - ERROR - CFST更新失败: None
2026-05-23 07:04:01,520 - INFO - --------------------------------------------------
2026-05-23 07:04:01,520 - INFO - [us.616049.xyz (LAX)] 开始处理节点维护
2026-05-23 07:04:01,528 - DEBUG - DNS解析重试中 us.616049.xyz: [Errno -2] Name or service not known
2026-05-23 07:04:02,535 - DEBUG - DNS解析重试中 us.616049.xyz: [Errno -2] Name or service not known
2026-05-23 07:04:03,550 - DEBUG - DNS解析重试中 us.616049.xyz: [Errno -2] Name or service not known
2026-05-23 07:04:04,551 - WARNING - [us.616049.xyz (LAX)] ├─ 无有效DNS记录，触发紧急更新
2026-05-23 07:16:56,748 - ERROR - CFST更新失败: None
2026-05-23 07:16:56,749 - INFO - --------------------------------------------------
2026-05-23 07:16:56,749 - INFO - [de.616049.xyz (FRA)] 开始处理节点维护
2026-05-23 07:16:56,756 - DEBUG - DNS解析重试中 de.616049.xyz: [Errno -2] Name or service not known
2026-05-23 07:16:57,766 - DEBUG - DNS解析重试中 de.616049.xyz: [Errno -2] Name or service not known
2026-05-23 07:16:58,775 - DEBUG - DNS解析重试中 de.616049.xyz: [Errno -2] Name or service not known
2026-05-23 07:16:59,776 - WARNING - [de.616049.xyz (FRA)] ├─ 无有效DNS记录，触发紧急更新
2026-05-23 07:29:51,533 - ERROR - CFST更新失败: None
2026-05-23 07:29:51,536 - DEBUG - Starting new HTTPS connection (1): api.telegram.org:443
2026-05-23 07:29:51,816 - DEBUG - https://api.telegram.org:443 "POST /bot/sendMessage HTTP/1.1" 404 55
