2026-06-22 01:20:38,545 - INFO - 启动维护任务 | 协议类型: IPV4
2026-06-22 01:20:38,545 - INFO - --------------------------------------------------
2026-06-22 01:20:38,545 - INFO - [hk.616049.xyz (HKG)] 开始处理节点维护
2026-06-22 01:20:38,565 - DEBUG - DNS解析重试中 hk.616049.xyz: [Errno -2] Name or service not known
2026-06-22 01:20:39,590 - DEBUG - DNS解析重试中 hk.616049.xyz: [Errno -2] Name or service not known
2026-06-22 01:20:40,616 - DEBUG - DNS解析重试中 hk.616049.xyz: [Errno -2] Name or service not known
2026-06-22 01:20:41,617 - WARNING - [hk.616049.xyz (HKG)] ├─ 无有效DNS记录，触发紧急更新
2026-06-22 01:33:22,236 - ERROR - CFST更新失败: None
2026-06-22 01:33:22,236 - INFO - --------------------------------------------------
2026-06-22 01:33:22,236 - INFO - [us.616049.xyz (LAX)] 开始处理节点维护
2026-06-22 01:33:22,267 - DEBUG - DNS解析重试中 us.616049.xyz: [Errno -2] Name or service not known
2026-06-22 01:33:23,296 - DEBUG - DNS解析重试中 us.616049.xyz: [Errno -2] Name or service not known
2026-06-22 01:33:24,318 - DEBUG - DNS解析重试中 us.616049.xyz: [Errno -2] Name or service not known
2026-06-22 01:33:25,320 - WARNING - [us.616049.xyz (LAX)] ├─ 无有效DNS记录，触发紧急更新
2026-06-22 01:46:04,653 - ERROR - CFST更新失败: None
2026-06-22 01:46:04,653 - INFO - --------------------------------------------------
2026-06-22 01:46:04,653 - INFO - [de.616049.xyz (FRA)] 开始处理节点维护
2026-06-22 01:46:04,680 - DEBUG - DNS解析重试中 de.616049.xyz: [Errno -2] Name or service not known
2026-06-22 01:46:05,707 - DEBUG - DNS解析重试中 de.616049.xyz: [Errno -2] Name or service not known
2026-06-22 01:46:06,743 - DEBUG - DNS解析重试中 de.616049.xyz: [Errno -2] Name or service not known
2026-06-22 01:46:07,744 - WARNING - [de.616049.xyz (FRA)] ├─ 无有效DNS记录，触发紧急更新
2026-06-22 01:58:46,348 - ERROR - CFST更新失败: None
2026-06-22 01:58:46,352 - DEBUG - Starting new HTTPS connection (1): api.telegram.org:443
2026-06-22 01:58:46,642 - DEBUG - https://api.telegram.org:443 "POST /bot/sendMessage HTTP/1.1" 404 55
