2026-03-23 12:21:49,681 - INFO - 启动维护任务 | 协议类型: IPV4
2026-03-23 12:21:49,681 - INFO - --------------------------------------------------
2026-03-23 12:21:49,681 - INFO - [hk.616049.xyz (HKG)] 开始处理节点维护
2026-03-23 12:21:49,692 - DEBUG - DNS解析重试中 hk.616049.xyz: [Errno -2] Name or service not known
2026-03-23 12:21:50,704 - DEBUG - DNS解析重试中 hk.616049.xyz: [Errno -2] Name or service not known
2026-03-23 12:21:51,723 - DEBUG - DNS解析重试中 hk.616049.xyz: [Errno -2] Name or service not known
2026-03-23 12:21:52,724 - WARNING - [hk.616049.xyz (HKG)] ├─ 无有效DNS记录，触发紧急更新
2026-03-23 12:34:49,197 - ERROR - CFST更新失败: None
2026-03-23 12:34:49,198 - INFO - --------------------------------------------------
2026-03-23 12:34:49,198 - INFO - [us.616049.xyz (LAX)] 开始处理节点维护
2026-03-23 12:34:49,210 - DEBUG - DNS解析重试中 us.616049.xyz: [Errno -2] Name or service not known
2026-03-23 12:34:50,248 - DEBUG - DNS解析重试中 us.616049.xyz: [Errno -2] Name or service not known
2026-03-23 12:34:51,270 - DEBUG - DNS解析重试中 us.616049.xyz: [Errno -2] Name or service not known
2026-03-23 12:34:52,272 - WARNING - [us.616049.xyz (LAX)] ├─ 无有效DNS记录，触发紧急更新
2026-03-23 12:47:48,250 - ERROR - CFST更新失败: None
2026-03-23 12:47:48,251 - INFO - --------------------------------------------------
2026-03-23 12:47:48,251 - INFO - [de.616049.xyz (FRA)] 开始处理节点维护
2026-03-23 12:47:48,288 - DEBUG - DNS解析重试中 de.616049.xyz: [Errno -2] Name or service not known
2026-03-23 12:47:49,307 - DEBUG - DNS解析重试中 de.616049.xyz: [Errno -2] Name or service not known
2026-03-23 12:47:50,323 - DEBUG - DNS解析重试中 de.616049.xyz: [Errno -2] Name or service not known
2026-03-23 12:47:51,324 - WARNING - [de.616049.xyz (FRA)] ├─ 无有效DNS记录，触发紧急更新
2026-03-23 13:00:47,421 - ERROR - CFST更新失败: None
2026-03-23 13:00:47,425 - DEBUG - Starting new HTTPS connection (1): api.telegram.org:443
2026-03-23 13:00:47,734 - DEBUG - https://api.telegram.org:443 "POST /bot/sendMessage HTTP/1.1" 404 55
