2026-03-19 06:25:57,297 - INFO - 启动维护任务 | 协议类型: IPV4
2026-03-19 06:25:57,297 - INFO - --------------------------------------------------
2026-03-19 06:25:57,298 - INFO - [hk.616049.xyz (HKG)] 开始处理节点维护
2026-03-19 06:25:57,304 - DEBUG - DNS解析重试中 hk.616049.xyz: [Errno -2] Name or service not known
2026-03-19 06:25:58,312 - DEBUG - DNS解析重试中 hk.616049.xyz: [Errno -2] Name or service not known
2026-03-19 06:25:59,322 - DEBUG - DNS解析重试中 hk.616049.xyz: [Errno -2] Name or service not known
2026-03-19 06:26:00,323 - WARNING - [hk.616049.xyz (HKG)] ├─ 无有效DNS记录，触发紧急更新
2026-03-19 06:38:55,853 - ERROR - CFST更新失败: None
2026-03-19 06:38:55,853 - INFO - --------------------------------------------------
2026-03-19 06:38:55,853 - INFO - [us.616049.xyz (LAX)] 开始处理节点维护
2026-03-19 06:38:55,861 - DEBUG - DNS解析重试中 us.616049.xyz: [Errno -2] Name or service not known
2026-03-19 06:38:56,868 - DEBUG - DNS解析重试中 us.616049.xyz: [Errno -2] Name or service not known
2026-03-19 06:38:57,875 - DEBUG - DNS解析重试中 us.616049.xyz: [Errno -2] Name or service not known
2026-03-19 06:38:58,876 - WARNING - [us.616049.xyz (LAX)] ├─ 无有效DNS记录，触发紧急更新
2026-03-19 06:51:56,555 - ERROR - CFST更新失败: None
2026-03-19 06:51:56,556 - INFO - --------------------------------------------------
2026-03-19 06:51:56,556 - INFO - [de.616049.xyz (FRA)] 开始处理节点维护
2026-03-19 06:51:56,570 - DEBUG - DNS解析重试中 de.616049.xyz: [Errno -2] Name or service not known
2026-03-19 06:51:57,578 - DEBUG - DNS解析重试中 de.616049.xyz: [Errno -2] Name or service not known
2026-03-19 06:51:58,586 - DEBUG - DNS解析重试中 de.616049.xyz: [Errno -2] Name or service not known
2026-03-19 06:51:59,587 - WARNING - [de.616049.xyz (FRA)] ├─ 无有效DNS记录，触发紧急更新
2026-03-19 07:04:54,812 - ERROR - CFST更新失败: None
2026-03-19 07:04:54,816 - DEBUG - Starting new HTTPS connection (1): api.telegram.org:443
2026-03-19 07:04:55,290 - DEBUG - https://api.telegram.org:443 "POST /bot/sendMessage HTTP/1.1" 404 55
