2026-03-20 00:49:41,215 - INFO - 启动维护任务 | 协议类型: IPV4
2026-03-20 00:49:41,215 - INFO - --------------------------------------------------
2026-03-20 00:49:41,215 - INFO - [hk.616049.xyz (HKG)] 开始处理节点维护
2026-03-20 00:49:41,251 - DEBUG - DNS解析重试中 hk.616049.xyz: [Errno -2] Name or service not known
2026-03-20 00:49:42,291 - DEBUG - DNS解析重试中 hk.616049.xyz: [Errno -2] Name or service not known
2026-03-20 00:49:43,323 - DEBUG - DNS解析重试中 hk.616049.xyz: [Errno -2] Name or service not known
2026-03-20 00:49:44,324 - WARNING - [hk.616049.xyz (HKG)] ├─ 无有效DNS记录，触发紧急更新
2026-03-20 01:02:53,957 - ERROR - CFST更新失败: None
2026-03-20 01:02:53,958 - INFO - --------------------------------------------------
2026-03-20 01:02:53,958 - INFO - [us.616049.xyz (LAX)] 开始处理节点维护
2026-03-20 01:02:53,989 - DEBUG - DNS解析重试中 us.616049.xyz: [Errno -2] Name or service not known
2026-03-20 01:02:55,019 - DEBUG - DNS解析重试中 us.616049.xyz: [Errno -2] Name or service not known
2026-03-20 01:02:56,062 - DEBUG - DNS解析重试中 us.616049.xyz: [Errno -2] Name or service not known
2026-03-20 01:02:57,063 - WARNING - [us.616049.xyz (LAX)] ├─ 无有效DNS记录，触发紧急更新
2026-03-20 01:16:06,315 - ERROR - CFST更新失败: None
2026-03-20 01:16:06,315 - INFO - --------------------------------------------------
2026-03-20 01:16:06,315 - INFO - [de.616049.xyz (FRA)] 开始处理节点维护
2026-03-20 01:16:06,354 - DEBUG - DNS解析重试中 de.616049.xyz: [Errno -2] Name or service not known
2026-03-20 01:16:07,387 - DEBUG - DNS解析重试中 de.616049.xyz: [Errno -2] Name or service not known
2026-03-20 01:16:08,418 - DEBUG - DNS解析重试中 de.616049.xyz: [Errno -2] Name or service not known
2026-03-20 01:16:09,420 - WARNING - [de.616049.xyz (FRA)] ├─ 无有效DNS记录，触发紧急更新
2026-03-20 01:29:18,853 - ERROR - CFST更新失败: None
2026-03-20 01:29:18,856 - DEBUG - Starting new HTTPS connection (1): api.telegram.org:443
2026-03-20 01:29:19,291 - DEBUG - https://api.telegram.org:443 "POST /bot/sendMessage HTTP/1.1" 404 55
