2026-04-30 01:19:43,467 - INFO - 启动维护任务 | 协议类型: IPV4
2026-04-30 01:19:43,467 - INFO - --------------------------------------------------
2026-04-30 01:19:43,467 - INFO - [hk.616049.xyz (HKG)] 开始处理节点维护
2026-04-30 01:19:43,490 - DEBUG - DNS解析重试中 hk.616049.xyz: [Errno -2] Name or service not known
2026-04-30 01:19:44,499 - DEBUG - DNS解析重试中 hk.616049.xyz: [Errno -2] Name or service not known
2026-04-30 01:19:45,514 - DEBUG - DNS解析重试中 hk.616049.xyz: [Errno -2] Name or service not known
2026-04-30 01:19:46,515 - WARNING - [hk.616049.xyz (HKG)] ├─ 无有效DNS记录，触发紧急更新
2026-04-30 01:32:45,716 - ERROR - CFST更新失败: None
2026-04-30 01:32:45,716 - INFO - --------------------------------------------------
2026-04-30 01:32:45,716 - INFO - [us.616049.xyz (LAX)] 开始处理节点维护
2026-04-30 01:32:45,737 - DEBUG - DNS解析重试中 us.616049.xyz: [Errno -2] Name or service not known
2026-04-30 01:32:46,757 - DEBUG - DNS解析重试中 us.616049.xyz: [Errno -2] Name or service not known
2026-04-30 01:32:47,771 - DEBUG - DNS解析重试中 us.616049.xyz: [Errno -2] Name or service not known
2026-04-30 01:32:48,772 - WARNING - [us.616049.xyz (LAX)] ├─ 无有效DNS记录，触发紧急更新
2026-04-30 01:45:46,418 - ERROR - CFST更新失败: None
2026-04-30 01:45:46,418 - INFO - --------------------------------------------------
2026-04-30 01:45:46,419 - INFO - [de.616049.xyz (FRA)] 开始处理节点维护
2026-04-30 01:45:46,427 - DEBUG - DNS解析重试中 de.616049.xyz: [Errno -2] Name or service not known
2026-04-30 01:45:47,458 - DEBUG - DNS解析重试中 de.616049.xyz: [Errno -2] Name or service not known
2026-04-30 01:45:48,465 - DEBUG - DNS解析重试中 de.616049.xyz: [Errno -2] Name or service not known
2026-04-30 01:45:49,466 - WARNING - [de.616049.xyz (FRA)] ├─ 无有效DNS记录，触发紧急更新
2026-04-30 01:58:46,867 - ERROR - CFST更新失败: None
2026-04-30 01:58:46,870 - DEBUG - Starting new HTTPS connection (1): api.telegram.org:443
2026-04-30 01:58:47,150 - DEBUG - https://api.telegram.org:443 "POST /bot/sendMessage HTTP/1.1" 404 55
