2026-06-21 10:53:27,156 - INFO - 启动维护任务 | 协议类型: IPV4
2026-06-21 10:53:27,156 - INFO - --------------------------------------------------
2026-06-21 10:53:27,156 - INFO - [hk.616049.xyz (HKG)] 开始处理节点维护
2026-06-21 10:53:27,173 - DEBUG - DNS解析重试中 hk.616049.xyz: [Errno -2] Name or service not known
2026-06-21 10:53:28,185 - DEBUG - DNS解析重试中 hk.616049.xyz: [Errno -2] Name or service not known
2026-06-21 10:53:29,196 - DEBUG - DNS解析重试中 hk.616049.xyz: [Errno -2] Name or service not known
2026-06-21 10:53:30,197 - WARNING - [hk.616049.xyz (HKG)] ├─ 无有效DNS记录，触发紧急更新
2026-06-21 11:06:04,749 - ERROR - CFST更新失败: None
2026-06-21 11:06:04,750 - INFO - --------------------------------------------------
2026-06-21 11:06:04,750 - INFO - [us.616049.xyz (LAX)] 开始处理节点维护
2026-06-21 11:06:04,762 - DEBUG - DNS解析重试中 us.616049.xyz: [Errno -2] Name or service not known
2026-06-21 11:06:05,783 - DEBUG - DNS解析重试中 us.616049.xyz: [Errno -2] Name or service not known
2026-06-21 11:06:06,788 - DEBUG - DNS解析重试中 us.616049.xyz: [Errno -2] Name or service not known
2026-06-21 11:06:07,790 - WARNING - [us.616049.xyz (LAX)] ├─ 无有效DNS记录，触发紧急更新
2026-06-21 11:18:41,841 - ERROR - CFST更新失败: None
2026-06-21 11:18:41,841 - INFO - --------------------------------------------------
2026-06-21 11:18:41,841 - INFO - [de.616049.xyz (FRA)] 开始处理节点维护
2026-06-21 11:18:41,856 - DEBUG - DNS解析重试中 de.616049.xyz: [Errno -2] Name or service not known
2026-06-21 11:18:42,874 - DEBUG - DNS解析重试中 de.616049.xyz: [Errno -2] Name or service not known
2026-06-21 11:18:43,885 - DEBUG - DNS解析重试中 de.616049.xyz: [Errno -2] Name or service not known
2026-06-21 11:18:44,886 - WARNING - [de.616049.xyz (FRA)] ├─ 无有效DNS记录，触发紧急更新
2026-06-21 11:31:18,895 - ERROR - CFST更新失败: None
2026-06-21 11:31:18,899 - DEBUG - Starting new HTTPS connection (1): api.telegram.org:443
2026-06-21 11:31:19,371 - DEBUG - https://api.telegram.org:443 "POST /bot/sendMessage HTTP/1.1" 404 55
