2026-05-22 01:51:38,404 - INFO - 启动维护任务 | 协议类型: IPV4
2026-05-22 01:51:38,404 - INFO - --------------------------------------------------
2026-05-22 01:51:38,405 - INFO - [hk.616049.xyz (HKG)] 开始处理节点维护
2026-05-22 01:51:38,419 - DEBUG - DNS解析重试中 hk.616049.xyz: [Errno -2] Name or service not known
2026-05-22 01:51:39,424 - DEBUG - DNS解析重试中 hk.616049.xyz: [Errno -2] Name or service not known
2026-05-22 01:51:40,438 - DEBUG - DNS解析重试中 hk.616049.xyz: [Errno -2] Name or service not known
2026-05-22 01:51:41,439 - WARNING - [hk.616049.xyz (HKG)] ├─ 无有效DNS记录，触发紧急更新
2026-05-22 02:04:35,806 - ERROR - CFST更新失败: None
2026-05-22 02:04:35,807 - INFO - --------------------------------------------------
2026-05-22 02:04:35,807 - INFO - [us.616049.xyz (LAX)] 开始处理节点维护
2026-05-22 02:04:35,821 - DEBUG - DNS解析重试中 us.616049.xyz: [Errno -2] Name or service not known
2026-05-22 02:04:36,845 - DEBUG - DNS解析重试中 us.616049.xyz: [Errno -2] Name or service not known
2026-05-22 02:04:37,859 - DEBUG - DNS解析重试中 us.616049.xyz: [Errno -2] Name or service not known
2026-05-22 02:04:38,860 - WARNING - [us.616049.xyz (LAX)] ├─ 无有效DNS记录，触发紧急更新
2026-05-22 02:17:33,065 - ERROR - CFST更新失败: None
2026-05-22 02:17:33,065 - INFO - --------------------------------------------------
2026-05-22 02:17:33,065 - INFO - [de.616049.xyz (FRA)] 开始处理节点维护
2026-05-22 02:17:33,091 - DEBUG - DNS解析重试中 de.616049.xyz: [Errno -2] Name or service not known
2026-05-22 02:17:34,118 - DEBUG - DNS解析重试中 de.616049.xyz: [Errno -2] Name or service not known
2026-05-22 02:17:35,123 - DEBUG - DNS解析重试中 de.616049.xyz: [Errno -2] Name or service not known
2026-05-22 02:17:36,124 - WARNING - [de.616049.xyz (FRA)] ├─ 无有效DNS记录，触发紧急更新
2026-05-22 02:30:29,986 - ERROR - CFST更新失败: None
2026-05-22 02:30:29,990 - DEBUG - Starting new HTTPS connection (1): api.telegram.org:443
2026-05-22 02:30:30,437 - DEBUG - https://api.telegram.org:443 "POST /bot/sendMessage HTTP/1.1" 404 55
