2026-04-12 20:42:14,894 - INFO - 启动维护任务 | 协议类型: IPV4
2026-04-12 20:42:14,894 - INFO - --------------------------------------------------
2026-04-12 20:42:14,894 - INFO - [hk.616049.xyz (HKG)] 开始处理节点维护
2026-04-12 20:42:14,910 - DEBUG - DNS解析重试中 hk.616049.xyz: [Errno -2] Name or service not known
2026-04-12 20:42:15,919 - DEBUG - DNS解析重试中 hk.616049.xyz: [Errno -2] Name or service not known
2026-04-12 20:42:16,930 - DEBUG - DNS解析重试中 hk.616049.xyz: [Errno -2] Name or service not known
2026-04-12 20:42:17,931 - WARNING - [hk.616049.xyz (HKG)] ├─ 无有效DNS记录，触发紧急更新
2026-04-12 20:55:11,185 - ERROR - CFST更新失败: None
2026-04-12 20:55:11,186 - INFO - --------------------------------------------------
2026-04-12 20:55:11,186 - INFO - [us.616049.xyz (LAX)] 开始处理节点维护
2026-04-12 20:55:11,193 - DEBUG - DNS解析重试中 us.616049.xyz: [Errno -2] Name or service not known
2026-04-12 20:55:12,198 - DEBUG - DNS解析重试中 us.616049.xyz: [Errno -2] Name or service not known
2026-04-12 20:55:13,219 - DEBUG - DNS解析重试中 us.616049.xyz: [Errno -2] Name or service not known
2026-04-12 20:55:14,220 - WARNING - [us.616049.xyz (LAX)] ├─ 无有效DNS记录，触发紧急更新
2026-04-12 21:08:07,707 - ERROR - CFST更新失败: None
2026-04-12 21:08:07,708 - INFO - --------------------------------------------------
2026-04-12 21:08:07,708 - INFO - [de.616049.xyz (FRA)] 开始处理节点维护
2026-04-12 21:08:07,725 - DEBUG - DNS解析重试中 de.616049.xyz: [Errno -2] Name or service not known
2026-04-12 21:08:08,736 - DEBUG - DNS解析重试中 de.616049.xyz: [Errno -2] Name or service not known
2026-04-12 21:08:09,768 - DEBUG - DNS解析重试中 de.616049.xyz: [Errno -2] Name or service not known
2026-04-12 21:08:10,769 - WARNING - [de.616049.xyz (FRA)] ├─ 无有效DNS记录，触发紧急更新
2026-04-12 21:21:03,948 - ERROR - CFST更新失败: None
2026-04-12 21:21:03,951 - DEBUG - Starting new HTTPS connection (1): api.telegram.org:443
2026-04-12 21:21:04,442 - DEBUG - https://api.telegram.org:443 "POST /bot/sendMessage HTTP/1.1" 404 55
