2026-04-21 06:35:54,682 - INFO - 启动维护任务 | 协议类型: IPV4
2026-04-21 06:35:54,682 - INFO - --------------------------------------------------
2026-04-21 06:35:54,682 - INFO - [hk.616049.xyz (HKG)] 开始处理节点维护
2026-04-21 06:35:54,705 - DEBUG - DNS解析重试中 hk.616049.xyz: [Errno -2] Name or service not known
2026-04-21 06:35:55,728 - DEBUG - DNS解析重试中 hk.616049.xyz: [Errno -2] Name or service not known
2026-04-21 06:35:56,736 - DEBUG - DNS解析重试中 hk.616049.xyz: [Errno -2] Name or service not known
2026-04-21 06:35:57,738 - WARNING - [hk.616049.xyz (HKG)] ├─ 无有效DNS记录，触发紧急更新
2026-04-21 06:49:03,714 - ERROR - CFST更新失败: None
2026-04-21 06:49:03,714 - INFO - --------------------------------------------------
2026-04-21 06:49:03,714 - INFO - [us.616049.xyz (LAX)] 开始处理节点维护
2026-04-21 06:49:03,738 - DEBUG - DNS解析重试中 us.616049.xyz: [Errno -2] Name or service not known
2026-04-21 06:49:04,768 - DEBUG - DNS解析重试中 us.616049.xyz: [Errno -2] Name or service not known
2026-04-21 06:49:05,858 - DEBUG - DNS解析重试中 us.616049.xyz: [Errno -2] Name or service not known
2026-04-21 06:49:06,860 - WARNING - [us.616049.xyz (LAX)] ├─ 无有效DNS记录，触发紧急更新
2026-04-21 07:02:12,462 - ERROR - CFST更新失败: None
2026-04-21 07:02:12,462 - INFO - --------------------------------------------------
2026-04-21 07:02:12,462 - INFO - [de.616049.xyz (FRA)] 开始处理节点维护
2026-04-21 07:02:12,534 - DEBUG - DNS解析重试中 de.616049.xyz: [Errno -2] Name or service not known
2026-04-21 07:02:13,612 - DEBUG - DNS解析重试中 de.616049.xyz: [Errno -2] Name or service not known
2026-04-21 07:02:14,675 - DEBUG - DNS解析重试中 de.616049.xyz: [Errno -2] Name or service not known
2026-04-21 07:02:15,677 - WARNING - [de.616049.xyz (FRA)] ├─ 无有效DNS记录，触发紧急更新
2026-04-21 07:15:22,025 - ERROR - CFST更新失败: None
2026-04-21 07:15:22,028 - DEBUG - Starting new HTTPS connection (1): api.telegram.org:443
2026-04-21 07:15:22,516 - DEBUG - https://api.telegram.org:443 "POST /bot/sendMessage HTTP/1.1" 404 55
