2026-02-28 09:12:26,317 - INFO - 启动维护任务 | 协议类型: IPV4
2026-02-28 09:12:26,317 - INFO - --------------------------------------------------
2026-02-28 09:12:26,317 - INFO - [hk.616049.xyz (HKG)] 开始处理节点维护
2026-02-28 09:12:26,338 - DEBUG - DNS解析重试中 hk.616049.xyz: [Errno -2] Name or service not known
2026-02-28 09:12:27,345 - DEBUG - DNS解析重试中 hk.616049.xyz: [Errno -2] Name or service not known
2026-02-28 09:12:28,353 - DEBUG - DNS解析重试中 hk.616049.xyz: [Errno -2] Name or service not known
2026-02-28 09:12:29,355 - WARNING - [hk.616049.xyz (HKG)] ├─ 无有效DNS记录，触发紧急更新
2026-02-28 09:25:22,941 - ERROR - CFST更新失败: None
2026-02-28 09:25:22,941 - INFO - --------------------------------------------------
2026-02-28 09:25:22,941 - INFO - [us.616049.xyz (LAX)] 开始处理节点维护
2026-02-28 09:25:22,960 - DEBUG - DNS解析重试中 us.616049.xyz: [Errno -2] Name or service not known
2026-02-28 09:25:23,967 - DEBUG - DNS解析重试中 us.616049.xyz: [Errno -2] Name or service not known
2026-02-28 09:25:24,982 - DEBUG - DNS解析重试中 us.616049.xyz: [Errno -2] Name or service not known
2026-02-28 09:25:25,983 - WARNING - [us.616049.xyz (LAX)] ├─ 无有效DNS记录，触发紧急更新
2026-02-28 09:38:19,043 - ERROR - CFST更新失败: None
2026-02-28 09:38:19,043 - INFO - --------------------------------------------------
2026-02-28 09:38:19,043 - INFO - [de.616049.xyz (FRA)] 开始处理节点维护
2026-02-28 09:38:19,057 - DEBUG - DNS解析重试中 de.616049.xyz: [Errno -2] Name or service not known
2026-02-28 09:38:20,079 - DEBUG - DNS解析重试中 de.616049.xyz: [Errno -2] Name or service not known
2026-02-28 09:38:21,108 - DEBUG - DNS解析重试中 de.616049.xyz: [Errno -2] Name or service not known
2026-02-28 09:38:22,109 - WARNING - [de.616049.xyz (FRA)] ├─ 无有效DNS记录，触发紧急更新
2026-02-28 09:51:15,237 - ERROR - CFST更新失败: None
2026-02-28 09:51:15,241 - DEBUG - Starting new HTTPS connection (1): api.telegram.org:443
2026-02-28 09:51:15,713 - DEBUG - https://api.telegram.org:443 "POST /bot/sendMessage HTTP/1.1" 404 55
