2026-03-22 04:17:34,875 - INFO - 启动维护任务 | 协议类型: IPV4
2026-03-22 04:17:34,875 - INFO - --------------------------------------------------
2026-03-22 04:17:34,876 - INFO - [hk.616049.xyz (HKG)] 开始处理节点维护
2026-03-22 04:17:34,905 - DEBUG - DNS解析重试中 hk.616049.xyz: [Errno -2] Name or service not known
2026-03-22 04:17:35,936 - DEBUG - DNS解析重试中 hk.616049.xyz: [Errno -2] Name or service not known
2026-03-22 04:17:36,969 - DEBUG - DNS解析重试中 hk.616049.xyz: [Errno -2] Name or service not known
2026-03-22 04:17:37,971 - WARNING - [hk.616049.xyz (HKG)] ├─ 无有效DNS记录，触发紧急更新
2026-03-22 04:30:35,103 - ERROR - CFST更新失败: None
2026-03-22 04:30:35,103 - INFO - --------------------------------------------------
2026-03-22 04:30:35,103 - INFO - [us.616049.xyz (LAX)] 开始处理节点维护
2026-03-22 04:30:35,133 - DEBUG - DNS解析重试中 us.616049.xyz: [Errno -2] Name or service not known
2026-03-22 04:30:36,171 - DEBUG - DNS解析重试中 us.616049.xyz: [Errno -2] Name or service not known
2026-03-22 04:30:37,176 - DEBUG - DNS解析重试中 us.616049.xyz: [Errno -2] Name or service not known
2026-03-22 04:30:38,177 - WARNING - [us.616049.xyz (LAX)] ├─ 无有效DNS记录，触发紧急更新
2026-03-22 04:43:35,419 - ERROR - CFST更新失败: None
2026-03-22 04:43:35,419 - INFO - --------------------------------------------------
2026-03-22 04:43:35,419 - INFO - [de.616049.xyz (FRA)] 开始处理节点维护
2026-03-22 04:43:35,448 - DEBUG - DNS解析重试中 de.616049.xyz: [Errno -2] Name or service not known
2026-03-22 04:43:36,478 - DEBUG - DNS解析重试中 de.616049.xyz: [Errno -2] Name or service not known
2026-03-22 04:43:37,486 - DEBUG - DNS解析重试中 de.616049.xyz: [Errno -2] Name or service not known
2026-03-22 04:43:38,487 - WARNING - [de.616049.xyz (FRA)] ├─ 无有效DNS记录，触发紧急更新
2026-03-22 04:56:35,981 - ERROR - CFST更新失败: None
2026-03-22 04:56:35,985 - DEBUG - Starting new HTTPS connection (1): api.telegram.org:443
2026-03-22 04:56:36,432 - DEBUG - https://api.telegram.org:443 "POST /bot/sendMessage HTTP/1.1" 404 55
