2026-03-10 04:25:21,634 - INFO - 启动维护任务 | 协议类型: IPV4
2026-03-10 04:25:21,634 - INFO - --------------------------------------------------
2026-03-10 04:25:21,634 - INFO - [hk.616049.xyz (HKG)] 开始处理节点维护
2026-03-10 04:25:21,673 - DEBUG - DNS解析重试中 hk.616049.xyz: [Errno -2] Name or service not known
2026-03-10 04:25:22,704 - DEBUG - DNS解析重试中 hk.616049.xyz: [Errno -2] Name or service not known
2026-03-10 04:25:23,729 - DEBUG - DNS解析重试中 hk.616049.xyz: [Errno -2] Name or service not known
2026-03-10 04:25:24,730 - WARNING - [hk.616049.xyz (HKG)] ├─ 无有效DNS记录，触发紧急更新
2026-03-10 04:38:18,670 - ERROR - CFST更新失败: None
2026-03-10 04:38:18,670 - INFO - --------------------------------------------------
2026-03-10 04:38:18,670 - INFO - [us.616049.xyz (LAX)] 开始处理节点维护
2026-03-10 04:38:18,693 - DEBUG - DNS解析重试中 us.616049.xyz: [Errno -2] Name or service not known
2026-03-10 04:38:19,716 - DEBUG - DNS解析重试中 us.616049.xyz: [Errno -2] Name or service not known
2026-03-10 04:38:20,751 - DEBUG - DNS解析重试中 us.616049.xyz: [Errno -2] Name or service not known
2026-03-10 04:38:21,752 - WARNING - [us.616049.xyz (LAX)] ├─ 无有效DNS记录，触发紧急更新
2026-03-10 04:51:15,256 - ERROR - CFST更新失败: None
2026-03-10 04:51:15,256 - INFO - --------------------------------------------------
2026-03-10 04:51:15,256 - INFO - [de.616049.xyz (FRA)] 开始处理节点维护
2026-03-10 04:51:15,286 - DEBUG - DNS解析重试中 de.616049.xyz: [Errno -2] Name or service not known
2026-03-10 04:51:16,291 - DEBUG - DNS解析重试中 de.616049.xyz: [Errno -2] Name or service not known
2026-03-10 04:51:17,318 - DEBUG - DNS解析重试中 de.616049.xyz: [Errno -2] Name or service not known
2026-03-10 04:51:18,320 - WARNING - [de.616049.xyz (FRA)] ├─ 无有效DNS记录，触发紧急更新
2026-03-10 05:04:12,405 - ERROR - CFST更新失败: None
2026-03-10 05:04:12,409 - DEBUG - Starting new HTTPS connection (1): api.telegram.org:443
2026-03-10 05:04:12,737 - DEBUG - https://api.telegram.org:443 "POST /bot/sendMessage HTTP/1.1" 404 55
