2026-04-29 03:22:21,581 - INFO - 启动维护任务 | 协议类型: IPV4
2026-04-29 03:22:21,582 - INFO - --------------------------------------------------
2026-04-29 03:22:21,582 - INFO - [hk.616049.xyz (HKG)] 开始处理节点维护
2026-04-29 03:22:21,595 - DEBUG - DNS解析重试中 hk.616049.xyz: [Errno -2] Name or service not known
2026-04-29 03:22:22,610 - DEBUG - DNS解析重试中 hk.616049.xyz: [Errno -2] Name or service not known
2026-04-29 03:22:23,624 - DEBUG - DNS解析重试中 hk.616049.xyz: [Errno -2] Name or service not known
2026-04-29 03:22:24,626 - WARNING - [hk.616049.xyz (HKG)] ├─ 无有效DNS记录，触发紧急更新
2026-04-29 03:35:23,893 - ERROR - CFST更新失败: None
2026-04-29 03:35:23,893 - INFO - --------------------------------------------------
2026-04-29 03:35:23,893 - INFO - [us.616049.xyz (LAX)] 开始处理节点维护
2026-04-29 03:35:23,917 - DEBUG - DNS解析重试中 us.616049.xyz: [Errno -2] Name or service not known
2026-04-29 03:35:24,927 - DEBUG - DNS解析重试中 us.616049.xyz: [Errno -2] Name or service not known
2026-04-29 03:35:26,023 - DEBUG - DNS解析重试中 us.616049.xyz: [Errno -2] Name or service not known
2026-04-29 03:35:27,024 - WARNING - [us.616049.xyz (LAX)] ├─ 无有效DNS记录，触发紧急更新
2026-04-29 03:48:25,833 - ERROR - CFST更新失败: None
2026-04-29 03:48:25,833 - INFO - --------------------------------------------------
2026-04-29 03:48:25,833 - INFO - [de.616049.xyz (FRA)] 开始处理节点维护
2026-04-29 03:48:25,860 - DEBUG - DNS解析重试中 de.616049.xyz: [Errno -2] Name or service not known
2026-04-29 03:48:26,886 - DEBUG - DNS解析重试中 de.616049.xyz: [Errno -2] Name or service not known
2026-04-29 03:48:27,905 - DEBUG - DNS解析重试中 de.616049.xyz: [Errno -2] Name or service not known
2026-04-29 03:48:28,906 - WARNING - [de.616049.xyz (FRA)] ├─ 无有效DNS记录，触发紧急更新
2026-04-29 04:01:27,975 - ERROR - CFST更新失败: None
2026-04-29 04:01:27,979 - DEBUG - Starting new HTTPS connection (1): api.telegram.org:443
2026-04-29 04:01:28,260 - DEBUG - https://api.telegram.org:443 "POST /bot/sendMessage HTTP/1.1" 404 55
