2026-04-16 23:20:32,102 - INFO - 启动维护任务 | 协议类型: IPV4
2026-04-16 23:20:32,102 - INFO - --------------------------------------------------
2026-04-16 23:20:32,102 - INFO - [hk.616049.xyz (HKG)] 开始处理节点维护
2026-04-16 23:20:32,133 - DEBUG - DNS解析重试中 hk.616049.xyz: [Errno -2] Name or service not known
2026-04-16 23:20:33,162 - DEBUG - DNS解析重试中 hk.616049.xyz: [Errno -2] Name or service not known
2026-04-16 23:20:34,200 - DEBUG - DNS解析重试中 hk.616049.xyz: [Errno -2] Name or service not known
2026-04-16 23:20:35,201 - WARNING - [hk.616049.xyz (HKG)] ├─ 无有效DNS记录，触发紧急更新
2026-04-16 23:33:36,454 - ERROR - CFST更新失败: None
2026-04-16 23:33:36,454 - INFO - --------------------------------------------------
2026-04-16 23:33:36,454 - INFO - [us.616049.xyz (LAX)] 开始处理节点维护
2026-04-16 23:33:36,485 - DEBUG - DNS解析重试中 us.616049.xyz: [Errno -2] Name or service not known
2026-04-16 23:33:37,534 - DEBUG - DNS解析重试中 us.616049.xyz: [Errno -2] Name or service not known
2026-04-16 23:33:38,544 - DEBUG - DNS解析重试中 us.616049.xyz: [Errno -2] Name or service not known
2026-04-16 23:33:39,546 - WARNING - [us.616049.xyz (LAX)] ├─ 无有效DNS记录，触发紧急更新
2026-04-16 23:46:41,115 - ERROR - CFST更新失败: None
2026-04-16 23:46:41,115 - INFO - --------------------------------------------------
2026-04-16 23:46:41,115 - INFO - [de.616049.xyz (FRA)] 开始处理节点维护
2026-04-16 23:46:41,159 - DEBUG - DNS解析重试中 de.616049.xyz: [Errno -2] Name or service not known
2026-04-16 23:46:42,192 - DEBUG - DNS解析重试中 de.616049.xyz: [Errno -2] Name or service not known
2026-04-16 23:46:43,231 - DEBUG - DNS解析重试中 de.616049.xyz: [Errno -2] Name or service not known
2026-04-16 23:46:44,233 - WARNING - [de.616049.xyz (FRA)] ├─ 无有效DNS记录，触发紧急更新
2026-04-16 23:59:49,934 - ERROR - CFST更新失败: None
2026-04-16 23:59:49,938 - DEBUG - Starting new HTTPS connection (1): api.telegram.org:443
2026-04-16 23:59:50,362 - DEBUG - https://api.telegram.org:443 "POST /bot/sendMessage HTTP/1.1" 404 55
