2026-03-27 20:43:59,447 - INFO - 启动维护任务 | 协议类型: IPV4
2026-03-27 20:43:59,447 - INFO - --------------------------------------------------
2026-03-27 20:43:59,448 - INFO - [hk.616049.xyz (HKG)] 开始处理节点维护
2026-03-27 20:43:59,471 - DEBUG - DNS解析重试中 hk.616049.xyz: [Errno -2] Name or service not known
2026-03-27 20:44:00,494 - DEBUG - DNS解析重试中 hk.616049.xyz: [Errno -2] Name or service not known
2026-03-27 20:44:01,520 - DEBUG - DNS解析重试中 hk.616049.xyz: [Errno -2] Name or service not known
2026-03-27 20:44:02,521 - WARNING - [hk.616049.xyz (HKG)] ├─ 无有效DNS记录，触发紧急更新
2026-03-27 20:57:12,823 - ERROR - CFST更新失败: None
2026-03-27 20:57:12,824 - INFO - --------------------------------------------------
2026-03-27 20:57:12,824 - INFO - [us.616049.xyz (LAX)] 开始处理节点维护
2026-03-27 20:57:12,864 - DEBUG - DNS解析重试中 us.616049.xyz: [Errno -2] Name or service not known
2026-03-27 20:57:13,890 - DEBUG - DNS解析重试中 us.616049.xyz: [Errno -2] Name or service not known
2026-03-27 20:57:14,898 - DEBUG - DNS解析重试中 us.616049.xyz: [Errno -2] Name or service not known
2026-03-27 20:57:15,899 - WARNING - [us.616049.xyz (LAX)] ├─ 无有效DNS记录，触发紧急更新
2026-03-27 21:10:22,950 - ERROR - CFST更新失败: None
2026-03-27 21:10:22,950 - INFO - --------------------------------------------------
2026-03-27 21:10:22,950 - INFO - [de.616049.xyz (FRA)] 开始处理节点维护
2026-03-27 21:10:22,982 - DEBUG - DNS解析重试中 de.616049.xyz: [Errno -2] Name or service not known
2026-03-27 21:10:23,998 - DEBUG - DNS解析重试中 de.616049.xyz: [Errno -2] Name or service not known
2026-03-27 21:10:25,009 - DEBUG - DNS解析重试中 de.616049.xyz: [Errno -2] Name or service not known
2026-03-27 21:10:26,010 - WARNING - [de.616049.xyz (FRA)] ├─ 无有效DNS记录，触发紧急更新
2026-03-27 21:23:33,158 - ERROR - CFST更新失败: None
2026-03-27 21:23:33,161 - DEBUG - Starting new HTTPS connection (1): api.telegram.org:443
2026-03-27 21:23:33,612 - DEBUG - https://api.telegram.org:443 "POST /bot/sendMessage HTTP/1.1" 404 55
