2026-07-24 03:01:07,445 - INFO - 启动维护任务 | 协议类型: IPV4
2026-07-24 03:01:07,445 - INFO - --------------------------------------------------
2026-07-24 03:01:07,445 - INFO - [hk.616049.xyz (HKG)] 开始处理节点维护
2026-07-24 03:01:07,530 - DEBUG - DNS解析重试中 hk.616049.xyz: [Errno -5] No address associated with hostname
2026-07-24 03:01:08,544 - DEBUG - DNS解析重试中 hk.616049.xyz: [Errno -5] No address associated with hostname
2026-07-24 03:01:09,568 - DEBUG - DNS解析重试中 hk.616049.xyz: [Errno -5] No address associated with hostname
2026-07-24 03:01:10,569 - WARNING - [hk.616049.xyz (HKG)] ├─ 无有效DNS记录，触发紧急更新
2026-07-24 03:13:40,930 - ERROR - CFST更新失败: None
2026-07-24 03:13:40,930 - INFO - --------------------------------------------------
2026-07-24 03:13:40,930 - INFO - [us.616049.xyz (LAX)] 开始处理节点维护
2026-07-24 03:13:40,951 - DEBUG - DNS解析重试中 us.616049.xyz: [Errno -5] No address associated with hostname
2026-07-24 03:13:41,974 - DEBUG - DNS解析重试中 us.616049.xyz: [Errno -5] No address associated with hostname
2026-07-24 03:13:42,988 - DEBUG - DNS解析重试中 us.616049.xyz: [Errno -5] No address associated with hostname
2026-07-24 03:13:43,990 - WARNING - [us.616049.xyz (LAX)] ├─ 无有效DNS记录，触发紧急更新
2026-07-24 03:26:13,134 - ERROR - CFST更新失败: None
2026-07-24 03:26:13,134 - INFO - --------------------------------------------------
2026-07-24 03:26:13,134 - INFO - [de.616049.xyz (FRA)] 开始处理节点维护
2026-07-24 03:26:13,146 - DEBUG - DNS解析重试中 de.616049.xyz: [Errno -5] No address associated with hostname
2026-07-24 03:26:14,164 - DEBUG - DNS解析重试中 de.616049.xyz: [Errno -5] No address associated with hostname
2026-07-24 03:26:15,179 - DEBUG - DNS解析重试中 de.616049.xyz: [Errno -5] No address associated with hostname
2026-07-24 03:26:16,180 - WARNING - [de.616049.xyz (FRA)] ├─ 无有效DNS记录，触发紧急更新
2026-07-24 03:38:45,790 - ERROR - CFST更新失败: None
2026-07-24 03:38:45,794 - DEBUG - Starting new HTTPS connection (1): api.telegram.org:443
2026-07-24 03:38:46,072 - DEBUG - https://api.telegram.org:443 "POST /bot/sendMessage HTTP/1.1" 404 55
