2026-03-08 06:15:27,711 - INFO - 启动维护任务 | 协议类型: IPV4
2026-03-08 06:15:27,711 - INFO - --------------------------------------------------
2026-03-08 06:15:27,711 - INFO - [hk.616049.xyz (HKG)] 开始处理节点维护
2026-03-08 06:15:27,744 - DEBUG - DNS解析重试中 hk.616049.xyz: [Errno -2] Name or service not known
2026-03-08 06:15:28,785 - DEBUG - DNS解析重试中 hk.616049.xyz: [Errno -2] Name or service not known
2026-03-08 06:15:29,826 - DEBUG - DNS解析重试中 hk.616049.xyz: [Errno -2] Name or service not known
2026-03-08 06:15:30,827 - WARNING - [hk.616049.xyz (HKG)] ├─ 无有效DNS记录，触发紧急更新
2026-03-08 06:28:26,768 - ERROR - CFST更新失败: None
2026-03-08 06:28:26,768 - INFO - --------------------------------------------------
2026-03-08 06:28:26,768 - INFO - [us.616049.xyz (LAX)] 开始处理节点维护
2026-03-08 06:28:26,805 - DEBUG - DNS解析重试中 us.616049.xyz: [Errno -2] Name or service not known
2026-03-08 06:28:27,845 - DEBUG - DNS解析重试中 us.616049.xyz: [Errno -2] Name or service not known
2026-03-08 06:28:28,881 - DEBUG - DNS解析重试中 us.616049.xyz: [Errno -2] Name or service not known
2026-03-08 06:28:29,882 - WARNING - [us.616049.xyz (LAX)] ├─ 无有效DNS记录，触发紧急更新
2026-03-08 06:41:25,141 - ERROR - CFST更新失败: None
2026-03-08 06:41:25,141 - INFO - --------------------------------------------------
2026-03-08 06:41:25,141 - INFO - [de.616049.xyz (FRA)] 开始处理节点维护
2026-03-08 06:41:25,201 - DEBUG - DNS解析重试中 de.616049.xyz: [Errno -2] Name or service not known
2026-03-08 06:41:26,243 - DEBUG - DNS解析重试中 de.616049.xyz: [Errno -2] Name or service not known
2026-03-08 06:41:27,275 - DEBUG - DNS解析重试中 de.616049.xyz: [Errno -2] Name or service not known
2026-03-08 06:41:28,276 - WARNING - [de.616049.xyz (FRA)] ├─ 无有效DNS记录，触发紧急更新
2026-03-08 06:54:23,482 - ERROR - CFST更新失败: None
2026-03-08 06:54:23,486 - DEBUG - Starting new HTTPS connection (1): api.telegram.org:443
2026-03-08 06:54:23,883 - DEBUG - https://api.telegram.org:443 "POST /bot/sendMessage HTTP/1.1" 404 55
