2026-02-19 16:34:42,772 - INFO - 启动维护任务 | 协议类型: IPV4
2026-02-19 16:34:42,772 - INFO - --------------------------------------------------
2026-02-19 16:34:42,772 - INFO - [hk.616049.xyz (HKG)] 开始处理节点维护
2026-02-19 16:34:42,808 - DEBUG - DNS解析重试中 hk.616049.xyz: [Errno -2] Name or service not known
2026-02-19 16:34:43,833 - DEBUG - DNS解析重试中 hk.616049.xyz: [Errno -2] Name or service not known
2026-02-19 16:34:44,871 - DEBUG - DNS解析重试中 hk.616049.xyz: [Errno -2] Name or service not known
2026-02-19 16:34:45,872 - WARNING - [hk.616049.xyz (HKG)] ├─ 无有效DNS记录，触发紧急更新
2026-02-19 16:47:42,639 - ERROR - CFST更新失败: None
2026-02-19 16:47:42,640 - INFO - --------------------------------------------------
2026-02-19 16:47:42,640 - INFO - [us.616049.xyz (LAX)] 开始处理节点维护
2026-02-19 16:47:42,685 - DEBUG - DNS解析重试中 us.616049.xyz: [Errno -2] Name or service not known
2026-02-19 16:47:43,727 - DEBUG - DNS解析重试中 us.616049.xyz: [Errno -2] Name or service not known
2026-02-19 16:47:44,766 - DEBUG - DNS解析重试中 us.616049.xyz: [Errno -2] Name or service not known
2026-02-19 16:47:45,767 - WARNING - [us.616049.xyz (LAX)] ├─ 无有效DNS记录，触发紧急更新
2026-02-19 17:00:44,050 - ERROR - CFST更新失败: None
2026-02-19 17:00:44,050 - INFO - --------------------------------------------------
2026-02-19 17:00:44,051 - INFO - [de.616049.xyz (FRA)] 开始处理节点维护
2026-02-19 17:00:44,072 - DEBUG - DNS解析重试中 de.616049.xyz: [Errno -2] Name or service not known
2026-02-19 17:00:45,103 - DEBUG - DNS解析重试中 de.616049.xyz: [Errno -2] Name or service not known
2026-02-19 17:00:46,138 - DEBUG - DNS解析重试中 de.616049.xyz: [Errno -2] Name or service not known
2026-02-19 17:00:47,140 - WARNING - [de.616049.xyz (FRA)] ├─ 无有效DNS记录，触发紧急更新
2026-02-19 17:13:44,524 - ERROR - CFST更新失败: None
2026-02-19 17:13:44,528 - DEBUG - Starting new HTTPS connection (1): api.telegram.org:443
2026-02-19 17:13:44,860 - DEBUG - https://api.telegram.org:443 "POST /bot/sendMessage HTTP/1.1" 404 55
