2026-02-19 14:51:16,208 - INFO - 启动维护任务 | 协议类型: IPV4
2026-02-19 14:51:16,208 - INFO - --------------------------------------------------
2026-02-19 14:51:16,208 - INFO - [hk.616049.xyz (HKG)] 开始处理节点维护
2026-02-19 14:51:16,231 - DEBUG - DNS解析重试中 hk.616049.xyz: [Errno -2] Name or service not known
2026-02-19 14:51:17,264 - DEBUG - DNS解析重试中 hk.616049.xyz: [Errno -2] Name or service not known
2026-02-19 14:51:18,295 - DEBUG - DNS解析重试中 hk.616049.xyz: [Errno -2] Name or service not known
2026-02-19 14:51:19,296 - WARNING - [hk.616049.xyz (HKG)] ├─ 无有效DNS记录，触发紧急更新
2026-02-19 15:04:18,301 - ERROR - CFST更新失败: None
2026-02-19 15:04:18,301 - INFO - --------------------------------------------------
2026-02-19 15:04:18,302 - INFO - [us.616049.xyz (LAX)] 开始处理节点维护
2026-02-19 15:04:18,330 - DEBUG - DNS解析重试中 us.616049.xyz: [Errno -2] Name or service not known
2026-02-19 15:04:19,354 - DEBUG - DNS解析重试中 us.616049.xyz: [Errno -2] Name or service not known
2026-02-19 15:04:20,374 - DEBUG - DNS解析重试中 us.616049.xyz: [Errno -2] Name or service not known
2026-02-19 15:04:21,375 - WARNING - [us.616049.xyz (LAX)] ├─ 无有效DNS记录，触发紧急更新
2026-02-19 15:17:17,847 - ERROR - CFST更新失败: None
2026-02-19 15:17:17,848 - INFO - --------------------------------------------------
2026-02-19 15:17:17,848 - INFO - [de.616049.xyz (FRA)] 开始处理节点维护
2026-02-19 15:17:17,862 - DEBUG - DNS解析重试中 de.616049.xyz: [Errno -2] Name or service not known
2026-02-19 15:17:18,877 - DEBUG - DNS解析重试中 de.616049.xyz: [Errno -2] Name or service not known
2026-02-19 15:17:19,892 - DEBUG - DNS解析重试中 de.616049.xyz: [Errno -2] Name or service not known
2026-02-19 15:17:20,894 - WARNING - [de.616049.xyz (FRA)] ├─ 无有效DNS记录，触发紧急更新
2026-02-19 15:30:16,763 - ERROR - CFST更新失败: None
2026-02-19 15:30:16,767 - DEBUG - Starting new HTTPS connection (1): api.telegram.org:443
2026-02-19 15:30:17,216 - DEBUG - https://api.telegram.org:443 "POST /bot/sendMessage HTTP/1.1" 404 55
