2026-05-13 22:10:08,125 - INFO - 启动维护任务 | 协议类型: IPV4
2026-05-13 22:10:08,125 - INFO - --------------------------------------------------
2026-05-13 22:10:08,125 - INFO - [hk.616049.xyz (HKG)] 开始处理节点维护
2026-05-13 22:10:08,153 - DEBUG - DNS解析重试中 hk.616049.xyz: [Errno -2] Name or service not known
2026-05-13 22:10:09,192 - DEBUG - DNS解析重试中 hk.616049.xyz: [Errno -2] Name or service not known
2026-05-13 22:10:10,215 - DEBUG - DNS解析重试中 hk.616049.xyz: [Errno -2] Name or service not known
2026-05-13 22:10:11,216 - WARNING - [hk.616049.xyz (HKG)] ├─ 无有效DNS记录，触发紧急更新
2026-05-13 22:23:07,618 - ERROR - CFST更新失败: None
2026-05-13 22:23:07,618 - INFO - --------------------------------------------------
2026-05-13 22:23:07,618 - INFO - [us.616049.xyz (LAX)] 开始处理节点维护
2026-05-13 22:23:07,647 - DEBUG - DNS解析重试中 us.616049.xyz: [Errno -2] Name or service not known
2026-05-13 22:23:08,688 - DEBUG - DNS解析重试中 us.616049.xyz: [Errno -2] Name or service not known
2026-05-13 22:23:09,721 - DEBUG - DNS解析重试中 us.616049.xyz: [Errno -2] Name or service not known
2026-05-13 22:23:10,722 - WARNING - [us.616049.xyz (LAX)] ├─ 无有效DNS记录，触发紧急更新
2026-05-13 22:36:05,565 - ERROR - CFST更新失败: None
2026-05-13 22:36:05,565 - INFO - --------------------------------------------------
2026-05-13 22:36:05,565 - INFO - [de.616049.xyz (FRA)] 开始处理节点维护
2026-05-13 22:36:05,592 - DEBUG - DNS解析重试中 de.616049.xyz: [Errno -2] Name or service not known
2026-05-13 22:36:06,622 - DEBUG - DNS解析重试中 de.616049.xyz: [Errno -2] Name or service not known
2026-05-13 22:36:07,654 - DEBUG - DNS解析重试中 de.616049.xyz: [Errno -2] Name or service not known
2026-05-13 22:36:08,655 - WARNING - [de.616049.xyz (FRA)] ├─ 无有效DNS记录，触发紧急更新
2026-05-13 22:49:01,379 - ERROR - CFST更新失败: None
2026-05-13 22:49:01,382 - DEBUG - Starting new HTTPS connection (1): api.telegram.org:443
2026-05-13 22:49:01,713 - DEBUG - https://api.telegram.org:443 "POST /bot/sendMessage HTTP/1.1" 404 55
