2026-02-09 06:18:43,185 - INFO - 启动维护任务 | 协议类型: IPV4
2026-02-09 06:18:43,185 - INFO - --------------------------------------------------
2026-02-09 06:18:43,186 - INFO - [hk.616049.xyz (HKG)] 开始处理节点维护
2026-02-09 06:18:43,215 - DEBUG - DNS解析重试中 hk.616049.xyz: [Errno -2] Name or service not known
2026-02-09 06:18:44,264 - DEBUG - DNS解析重试中 hk.616049.xyz: [Errno -2] Name or service not known
2026-02-09 06:18:45,277 - DEBUG - DNS解析重试中 hk.616049.xyz: [Errno -2] Name or service not known
2026-02-09 06:18:46,279 - WARNING - [hk.616049.xyz (HKG)] ├─ 无有效DNS记录，触发紧急更新
2026-02-09 06:31:43,260 - ERROR - CFST更新失败: None
2026-02-09 06:31:43,260 - INFO - --------------------------------------------------
2026-02-09 06:31:43,261 - INFO - [us.616049.xyz (LAX)] 开始处理节点维护
2026-02-09 06:31:43,272 - DEBUG - DNS解析重试中 us.616049.xyz: [Errno -2] Name or service not known
2026-02-09 06:31:44,301 - DEBUG - DNS解析重试中 us.616049.xyz: [Errno -2] Name or service not known
2026-02-09 06:31:45,312 - DEBUG - DNS解析重试中 us.616049.xyz: [Errno -2] Name or service not known
2026-02-09 06:31:46,313 - WARNING - [us.616049.xyz (LAX)] ├─ 无有效DNS记录，触发紧急更新
2026-02-09 06:44:43,321 - ERROR - CFST更新失败: None
2026-02-09 06:44:43,321 - INFO - --------------------------------------------------
2026-02-09 06:44:43,321 - INFO - [de.616049.xyz (FRA)] 开始处理节点维护
2026-02-09 06:44:43,347 - DEBUG - DNS解析重试中 de.616049.xyz: [Errno -2] Name or service not known
2026-02-09 06:44:44,365 - DEBUG - DNS解析重试中 de.616049.xyz: [Errno -2] Name or service not known
2026-02-09 06:44:45,388 - DEBUG - DNS解析重试中 de.616049.xyz: [Errno -2] Name or service not known
2026-02-09 06:44:46,389 - WARNING - [de.616049.xyz (FRA)] ├─ 无有效DNS记录，触发紧急更新
2026-02-09 06:57:43,499 - ERROR - CFST更新失败: None
2026-02-09 06:57:43,502 - DEBUG - Starting new HTTPS connection (1): api.telegram.org:443
2026-02-09 06:57:43,806 - DEBUG - https://api.telegram.org:443 "POST /bot/sendMessage HTTP/1.1" 404 55
