2026-05-10 20:59:30,405 - INFO - 启动维护任务 | 协议类型: IPV4
2026-05-10 20:59:30,405 - INFO - --------------------------------------------------
2026-05-10 20:59:30,405 - INFO - [hk.616049.xyz (HKG)] 开始处理节点维护
2026-05-10 20:59:30,413 - DEBUG - DNS解析重试中 hk.616049.xyz: [Errno -2] Name or service not known
2026-05-10 20:59:31,419 - DEBUG - DNS解析重试中 hk.616049.xyz: [Errno -2] Name or service not known
2026-05-10 20:59:32,724 - DEBUG - DNS解析重试中 hk.616049.xyz: [Errno -2] Name or service not known
2026-05-10 20:59:33,726 - WARNING - [hk.616049.xyz (HKG)] ├─ 无有效DNS记录，触发紧急更新
2026-05-10 21:12:10,022 - ERROR - CFST更新失败: None
2026-05-10 21:12:10,022 - INFO - --------------------------------------------------
2026-05-10 21:12:10,022 - INFO - [us.616049.xyz (LAX)] 开始处理节点维护
2026-05-10 21:12:10,035 - DEBUG - DNS解析重试中 us.616049.xyz: [Errno -2] Name or service not known
2026-05-10 21:12:11,044 - DEBUG - DNS解析重试中 us.616049.xyz: [Errno -2] Name or service not known
2026-05-10 21:12:12,053 - DEBUG - DNS解析重试中 us.616049.xyz: [Errno -2] Name or service not known
2026-05-10 21:12:13,054 - WARNING - [us.616049.xyz (LAX)] ├─ 无有效DNS记录，触发紧急更新
2026-05-10 21:24:48,466 - ERROR - CFST更新失败: None
2026-05-10 21:24:48,466 - INFO - --------------------------------------------------
2026-05-10 21:24:48,466 - INFO - [de.616049.xyz (FRA)] 开始处理节点维护
2026-05-10 21:24:48,491 - DEBUG - DNS解析重试中 de.616049.xyz: [Errno -2] Name or service not known
2026-05-10 21:24:49,500 - DEBUG - DNS解析重试中 de.616049.xyz: [Errno -2] Name or service not known
2026-05-10 21:24:50,509 - DEBUG - DNS解析重试中 de.616049.xyz: [Errno -2] Name or service not known
2026-05-10 21:24:51,510 - WARNING - [de.616049.xyz (FRA)] ├─ 无有效DNS记录，触发紧急更新
2026-05-10 21:37:26,733 - ERROR - CFST更新失败: None
2026-05-10 21:37:26,737 - DEBUG - Starting new HTTPS connection (1): api.telegram.org:443
2026-05-10 21:37:27,208 - DEBUG - https://api.telegram.org:443 "POST /bot/sendMessage HTTP/1.1" 404 55
