2026-05-18 06:44:42,594 - INFO - 启动维护任务 | 协议类型: IPV4
2026-05-18 06:44:42,594 - INFO - --------------------------------------------------
2026-05-18 06:44:42,594 - INFO - [hk.616049.xyz (HKG)] 开始处理节点维护
2026-05-18 06:44:42,650 - DEBUG - DNS解析重试中 hk.616049.xyz: [Errno -2] Name or service not known
2026-05-18 06:44:43,681 - DEBUG - DNS解析重试中 hk.616049.xyz: [Errno -2] Name or service not known
2026-05-18 06:44:44,711 - DEBUG - DNS解析重试中 hk.616049.xyz: [Errno -2] Name or service not known
2026-05-18 06:44:45,712 - WARNING - [hk.616049.xyz (HKG)] ├─ 无有效DNS记录，触发紧急更新
2026-05-18 06:57:45,602 - ERROR - CFST更新失败: None
2026-05-18 06:57:45,602 - INFO - --------------------------------------------------
2026-05-18 06:57:45,602 - INFO - [us.616049.xyz (LAX)] 开始处理节点维护
2026-05-18 06:57:45,655 - DEBUG - DNS解析重试中 us.616049.xyz: [Errno -2] Name or service not known
2026-05-18 06:57:46,696 - DEBUG - DNS解析重试中 us.616049.xyz: [Errno -2] Name or service not known
2026-05-18 06:57:47,707 - DEBUG - DNS解析重试中 us.616049.xyz: [Errno -2] Name or service not known
2026-05-18 06:57:48,708 - WARNING - [us.616049.xyz (LAX)] ├─ 无有效DNS记录，触发紧急更新
2026-05-18 07:10:48,573 - ERROR - CFST更新失败: None
2026-05-18 07:10:48,573 - INFO - --------------------------------------------------
2026-05-18 07:10:48,573 - INFO - [de.616049.xyz (FRA)] 开始处理节点维护
2026-05-18 07:10:48,604 - DEBUG - DNS解析重试中 de.616049.xyz: [Errno -2] Name or service not known
2026-05-18 07:10:49,658 - DEBUG - DNS解析重试中 de.616049.xyz: [Errno -2] Name or service not known
2026-05-18 07:10:50,711 - DEBUG - DNS解析重试中 de.616049.xyz: [Errno -2] Name or service not known
2026-05-18 07:10:51,712 - WARNING - [de.616049.xyz (FRA)] ├─ 无有效DNS记录，触发紧急更新
2026-05-18 07:23:50,976 - ERROR - CFST更新失败: None
2026-05-18 07:23:50,979 - DEBUG - Starting new HTTPS connection (1): api.telegram.org:443
2026-05-18 07:23:51,397 - DEBUG - https://api.telegram.org:443 "POST /bot/sendMessage HTTP/1.1" 404 55
