2026-07-06 06:54:27,937 - INFO - 启动维护任务 | 协议类型: IPV4
2026-07-06 06:54:27,937 - INFO - --------------------------------------------------
2026-07-06 06:54:27,937 - INFO - [hk.616049.xyz (HKG)] 开始处理节点维护
2026-07-06 06:54:27,950 - DEBUG - DNS解析重试中 hk.616049.xyz: [Errno -5] No address associated with hostname
2026-07-06 06:54:28,961 - DEBUG - DNS解析重试中 hk.616049.xyz: [Errno -5] No address associated with hostname
2026-07-06 06:54:29,974 - DEBUG - DNS解析重试中 hk.616049.xyz: [Errno -5] No address associated with hostname
2026-07-06 06:54:30,975 - WARNING - [hk.616049.xyz (HKG)] ├─ 无有效DNS记录，触发紧急更新
2026-07-06 07:07:01,169 - ERROR - CFST更新失败: None
2026-07-06 07:07:01,169 - INFO - --------------------------------------------------
2026-07-06 07:07:01,170 - INFO - [us.616049.xyz (LAX)] 开始处理节点维护
2026-07-06 07:07:01,185 - DEBUG - DNS解析重试中 us.616049.xyz: [Errno -5] No address associated with hostname
2026-07-06 07:07:02,197 - DEBUG - DNS解析重试中 us.616049.xyz: [Errno -5] No address associated with hostname
2026-07-06 07:07:03,226 - DEBUG - DNS解析重试中 us.616049.xyz: [Errno -5] No address associated with hostname
2026-07-06 07:07:04,227 - WARNING - [us.616049.xyz (LAX)] ├─ 无有效DNS记录，触发紧急更新
2026-07-06 07:19:34,698 - ERROR - CFST更新失败: None
2026-07-06 07:19:34,698 - INFO - --------------------------------------------------
2026-07-06 07:19:34,698 - INFO - [de.616049.xyz (FRA)] 开始处理节点维护
2026-07-06 07:19:34,720 - DEBUG - DNS解析重试中 de.616049.xyz: [Errno -5] No address associated with hostname
2026-07-06 07:19:35,738 - DEBUG - DNS解析重试中 de.616049.xyz: [Errno -5] No address associated with hostname
2026-07-06 07:19:36,760 - DEBUG - DNS解析重试中 de.616049.xyz: [Errno -5] No address associated with hostname
2026-07-06 07:19:37,762 - WARNING - [de.616049.xyz (FRA)] ├─ 无有效DNS记录，触发紧急更新
2026-07-06 07:32:08,359 - ERROR - CFST更新失败: None
2026-07-06 07:32:08,363 - DEBUG - Starting new HTTPS connection (1): api.telegram.org:443
2026-07-06 07:32:08,637 - DEBUG - https://api.telegram.org:443 "POST /bot/sendMessage HTTP/1.1" 404 55
