2026-04-05 04:20:50,883 - INFO - 启动维护任务 | 协议类型: IPV4
2026-04-05 04:20:50,883 - INFO - --------------------------------------------------
2026-04-05 04:20:50,883 - INFO - [hk.616049.xyz (HKG)] 开始处理节点维护
2026-04-05 04:20:50,891 - DEBUG - DNS解析重试中 hk.616049.xyz: [Errno -2] Name or service not known
2026-04-05 04:20:51,901 - DEBUG - DNS解析重试中 hk.616049.xyz: [Errno -2] Name or service not known
2026-04-05 04:20:52,916 - DEBUG - DNS解析重试中 hk.616049.xyz: [Errno -2] Name or service not known
2026-04-05 04:20:53,918 - WARNING - [hk.616049.xyz (HKG)] ├─ 无有效DNS记录，触发紧急更新
2026-04-05 04:33:48,450 - ERROR - CFST更新失败: None
2026-04-05 04:33:48,450 - INFO - --------------------------------------------------
2026-04-05 04:33:48,450 - INFO - [us.616049.xyz (LAX)] 开始处理节点维护
2026-04-05 04:33:48,458 - DEBUG - DNS解析重试中 us.616049.xyz: [Errno -2] Name or service not known
2026-04-05 04:33:49,468 - DEBUG - DNS解析重试中 us.616049.xyz: [Errno -2] Name or service not known
2026-04-05 04:33:50,478 - DEBUG - DNS解析重试中 us.616049.xyz: [Errno -2] Name or service not known
2026-04-05 04:33:51,479 - WARNING - [us.616049.xyz (LAX)] ├─ 无有效DNS记录，触发紧急更新
2026-04-05 04:46:45,991 - ERROR - CFST更新失败: None
2026-04-05 04:46:45,991 - INFO - --------------------------------------------------
2026-04-05 04:46:45,991 - INFO - [de.616049.xyz (FRA)] 开始处理节点维护
2026-04-05 04:46:46,005 - DEBUG - DNS解析重试中 de.616049.xyz: [Errno -2] Name or service not known
2026-04-05 04:46:47,021 - DEBUG - DNS解析重试中 de.616049.xyz: [Errno -2] Name or service not known
2026-04-05 04:46:48,057 - DEBUG - DNS解析重试中 de.616049.xyz: [Errno -2] Name or service not known
2026-04-05 04:46:49,058 - WARNING - [de.616049.xyz (FRA)] ├─ 无有效DNS记录，触发紧急更新
2026-04-05 04:59:43,681 - ERROR - CFST更新失败: None
2026-04-05 04:59:43,684 - DEBUG - Starting new HTTPS connection (1): api.telegram.org:443
2026-04-05 04:59:43,964 - DEBUG - https://api.telegram.org:443 "POST /bot/sendMessage HTTP/1.1" 404 55
