2026-07-05 10:14:01,796 - INFO - 启动维护任务 | 协议类型: IPV4
2026-07-05 10:14:01,796 - INFO - --------------------------------------------------
2026-07-05 10:14:01,796 - INFO - [hk.616049.xyz (HKG)] 开始处理节点维护
2026-07-05 10:14:01,830 - DEBUG - DNS解析重试中 hk.616049.xyz: [Errno -5] No address associated with hostname
2026-07-05 10:14:02,861 - DEBUG - DNS解析重试中 hk.616049.xyz: [Errno -5] No address associated with hostname
2026-07-05 10:14:03,894 - DEBUG - DNS解析重试中 hk.616049.xyz: [Errno -5] No address associated with hostname
2026-07-05 10:14:04,896 - WARNING - [hk.616049.xyz (HKG)] ├─ 无有效DNS记录，触发紧急更新
2026-07-05 10:26:34,800 - ERROR - CFST更新失败: None
2026-07-05 10:26:34,800 - INFO - --------------------------------------------------
2026-07-05 10:26:34,800 - INFO - [us.616049.xyz (LAX)] 开始处理节点维护
2026-07-05 10:26:34,838 - DEBUG - DNS解析重试中 us.616049.xyz: [Errno -5] No address associated with hostname
2026-07-05 10:26:35,886 - DEBUG - DNS解析重试中 us.616049.xyz: [Errno -5] No address associated with hostname
2026-07-05 10:26:36,892 - DEBUG - DNS解析重试中 us.616049.xyz: [Errno -5] No address associated with hostname
2026-07-05 10:26:37,893 - WARNING - [us.616049.xyz (LAX)] ├─ 无有效DNS记录，触发紧急更新
2026-07-05 10:39:08,267 - ERROR - CFST更新失败: None
2026-07-05 10:39:08,267 - INFO - --------------------------------------------------
2026-07-05 10:39:08,267 - INFO - [de.616049.xyz (FRA)] 开始处理节点维护
2026-07-05 10:39:08,292 - DEBUG - DNS解析重试中 de.616049.xyz: [Errno -5] No address associated with hostname
2026-07-05 10:39:09,318 - DEBUG - DNS解析重试中 de.616049.xyz: [Errno -5] No address associated with hostname
2026-07-05 10:39:10,325 - DEBUG - DNS解析重试中 de.616049.xyz: [Errno -5] No address associated with hostname
2026-07-05 10:39:11,326 - WARNING - [de.616049.xyz (FRA)] ├─ 无有效DNS记录，触发紧急更新
2026-07-05 10:51:41,713 - ERROR - CFST更新失败: None
2026-07-05 10:51:41,716 - DEBUG - Starting new HTTPS connection (1): api.telegram.org:443
2026-07-05 10:51:42,059 - DEBUG - https://api.telegram.org:443 "POST /bot/sendMessage HTTP/1.1" 404 55
