2026-05-27 10:39:50,147 - INFO - 启动维护任务 | 协议类型: IPV4
2026-05-27 10:39:50,147 - INFO - --------------------------------------------------
2026-05-27 10:39:50,147 - INFO - [hk.616049.xyz (HKG)] 开始处理节点维护
2026-05-27 10:39:50,177 - DEBUG - DNS解析重试中 hk.616049.xyz: [Errno -2] Name or service not known
2026-05-27 10:39:51,219 - DEBUG - DNS解析重试中 hk.616049.xyz: [Errno -2] Name or service not known
2026-05-27 10:39:52,230 - DEBUG - DNS解析重试中 hk.616049.xyz: [Errno -2] Name or service not known
2026-05-27 10:39:53,231 - WARNING - [hk.616049.xyz (HKG)] ├─ 无有效DNS记录，触发紧急更新
2026-05-27 10:52:57,644 - ERROR - CFST更新失败: None
2026-05-27 10:52:57,644 - INFO - --------------------------------------------------
2026-05-27 10:52:57,644 - INFO - [us.616049.xyz (LAX)] 开始处理节点维护
2026-05-27 10:52:57,682 - DEBUG - DNS解析重试中 us.616049.xyz: [Errno -2] Name or service not known
2026-05-27 10:52:58,741 - DEBUG - DNS解析重试中 us.616049.xyz: [Errno -2] Name or service not known
2026-05-27 10:52:59,773 - DEBUG - DNS解析重试中 us.616049.xyz: [Errno -2] Name or service not known
2026-05-27 10:53:00,773 - WARNING - [us.616049.xyz (LAX)] ├─ 无有效DNS记录，触发紧急更新
2026-05-27 11:06:06,991 - ERROR - CFST更新失败: None
2026-05-27 11:06:06,992 - INFO - --------------------------------------------------
2026-05-27 11:06:06,992 - INFO - [de.616049.xyz (FRA)] 开始处理节点维护
2026-05-27 11:06:07,036 - DEBUG - DNS解析重试中 de.616049.xyz: [Errno -2] Name or service not known
2026-05-27 11:06:08,069 - DEBUG - DNS解析重试中 de.616049.xyz: [Errno -2] Name or service not known
2026-05-27 11:06:09,100 - DEBUG - DNS解析重试中 de.616049.xyz: [Errno -2] Name or service not known
2026-05-27 11:06:10,101 - WARNING - [de.616049.xyz (FRA)] ├─ 无有效DNS记录，触发紧急更新
2026-05-27 11:19:14,454 - ERROR - CFST更新失败: None
2026-05-27 11:19:14,457 - DEBUG - Starting new HTTPS connection (1): api.telegram.org:443
2026-05-27 11:19:14,980 - DEBUG - https://api.telegram.org:443 "POST /bot/sendMessage HTTP/1.1" 404 55
