2026-04-03 16:42:59,628 - INFO - 启动维护任务 | 协议类型: IPV4
2026-04-03 16:42:59,628 - INFO - --------------------------------------------------
2026-04-03 16:42:59,628 - INFO - [hk.616049.xyz (HKG)] 开始处理节点维护
2026-04-03 16:42:59,639 - DEBUG - DNS解析重试中 hk.616049.xyz: [Errno -2] Name or service not known
2026-04-03 16:43:00,655 - DEBUG - DNS解析重试中 hk.616049.xyz: [Errno -2] Name or service not known
2026-04-03 16:43:01,670 - DEBUG - DNS解析重试中 hk.616049.xyz: [Errno -2] Name or service not known
2026-04-03 16:43:02,672 - WARNING - [hk.616049.xyz (HKG)] ├─ 无有效DNS记录，触发紧急更新
2026-04-03 16:56:07,939 - ERROR - CFST更新失败: None
2026-04-03 16:56:07,940 - INFO - --------------------------------------------------
2026-04-03 16:56:07,940 - INFO - [us.616049.xyz (LAX)] 开始处理节点维护
2026-04-03 16:56:07,958 - DEBUG - DNS解析重试中 us.616049.xyz: [Errno -2] Name or service not known
2026-04-03 16:56:08,977 - DEBUG - DNS解析重试中 us.616049.xyz: [Errno -2] Name or service not known
2026-04-03 16:56:09,997 - DEBUG - DNS解析重试中 us.616049.xyz: [Errno -2] Name or service not known
2026-04-03 16:56:10,998 - WARNING - [us.616049.xyz (LAX)] ├─ 无有效DNS记录，触发紧急更新
2026-04-03 17:09:15,937 - ERROR - CFST更新失败: None
2026-04-03 17:09:15,938 - INFO - --------------------------------------------------
2026-04-03 17:09:15,938 - INFO - [de.616049.xyz (FRA)] 开始处理节点维护
2026-04-03 17:09:15,960 - DEBUG - DNS解析重试中 de.616049.xyz: [Errno -2] Name or service not known
2026-04-03 17:09:16,981 - DEBUG - DNS解析重试中 de.616049.xyz: [Errno -2] Name or service not known
2026-04-03 17:09:17,992 - DEBUG - DNS解析重试中 de.616049.xyz: [Errno -2] Name or service not known
2026-04-03 17:09:18,993 - WARNING - [de.616049.xyz (FRA)] ├─ 无有效DNS记录，触发紧急更新
2026-04-03 17:22:23,546 - ERROR - CFST更新失败: None
2026-04-03 17:22:23,552 - DEBUG - Starting new HTTPS connection (1): api.telegram.org:443
2026-04-03 17:22:23,844 - DEBUG - https://api.telegram.org:443 "POST /bot/sendMessage HTTP/1.1" 404 55
