2026-06-20 06:45:15,386 - INFO - 启动维护任务 | 协议类型: IPV4
2026-06-20 06:45:15,386 - INFO - --------------------------------------------------
2026-06-20 06:45:15,386 - INFO - [hk.616049.xyz (HKG)] 开始处理节点维护
2026-06-20 06:45:15,415 - DEBUG - DNS解析重试中 hk.616049.xyz: [Errno -2] Name or service not known
2026-06-20 06:45:16,420 - DEBUG - DNS解析重试中 hk.616049.xyz: [Errno -2] Name or service not known
2026-06-20 06:45:17,444 - DEBUG - DNS解析重试中 hk.616049.xyz: [Errno -2] Name or service not known
2026-06-20 06:45:18,446 - WARNING - [hk.616049.xyz (HKG)] ├─ 无有效DNS记录，触发紧急更新
2026-06-20 06:57:57,687 - ERROR - CFST更新失败: None
2026-06-20 06:57:57,687 - INFO - --------------------------------------------------
2026-06-20 06:57:57,688 - INFO - [us.616049.xyz (LAX)] 开始处理节点维护
2026-06-20 06:57:57,716 - DEBUG - DNS解析重试中 us.616049.xyz: [Errno -2] Name or service not known
2026-06-20 06:57:58,743 - DEBUG - DNS解析重试中 us.616049.xyz: [Errno -2] Name or service not known
2026-06-20 06:57:59,751 - DEBUG - DNS解析重试中 us.616049.xyz: [Errno -2] Name or service not known
2026-06-20 06:58:00,752 - WARNING - [us.616049.xyz (LAX)] ├─ 无有效DNS记录，触发紧急更新
2026-06-20 07:10:42,271 - ERROR - CFST更新失败: None
2026-06-20 07:10:42,272 - INFO - --------------------------------------------------
2026-06-20 07:10:42,272 - INFO - [de.616049.xyz (FRA)] 开始处理节点维护
2026-06-20 07:10:42,302 - DEBUG - DNS解析重试中 de.616049.xyz: [Errno -2] Name or service not known
2026-06-20 07:10:43,341 - DEBUG - DNS解析重试中 de.616049.xyz: [Errno -2] Name or service not known
2026-06-20 07:10:44,349 - DEBUG - DNS解析重试中 de.616049.xyz: [Errno -2] Name or service not known
2026-06-20 07:10:45,350 - WARNING - [de.616049.xyz (FRA)] ├─ 无有效DNS记录，触发紧急更新
2026-06-20 07:23:23,980 - ERROR - CFST更新失败: None
2026-06-20 07:23:23,984 - DEBUG - Starting new HTTPS connection (1): api.telegram.org:443
2026-06-20 07:23:24,276 - DEBUG - https://api.telegram.org:443 "POST /bot/sendMessage HTTP/1.1" 404 55
