2026-07-23 13:29:05,769 - INFO - 启动维护任务 | 协议类型: IPV4
2026-07-23 13:29:05,769 - INFO - --------------------------------------------------
2026-07-23 13:29:05,769 - INFO - [hk.616049.xyz (HKG)] 开始处理节点维护
2026-07-23 13:29:05,834 - DEBUG - DNS解析重试中 hk.616049.xyz: [Errno -5] No address associated with hostname
2026-07-23 13:29:06,874 - DEBUG - DNS解析重试中 hk.616049.xyz: [Errno -5] No address associated with hostname
2026-07-23 13:29:07,933 - DEBUG - DNS解析重试中 hk.616049.xyz: [Errno -5] No address associated with hostname
2026-07-23 13:29:08,934 - WARNING - [hk.616049.xyz (HKG)] ├─ 无有效DNS记录，触发紧急更新
2026-07-23 13:41:55,484 - ERROR - CFST更新失败: None
2026-07-23 13:41:55,484 - INFO - --------------------------------------------------
2026-07-23 13:41:55,485 - INFO - [us.616049.xyz (LAX)] 开始处理节点维护
2026-07-23 13:41:55,776 - DEBUG - DNS解析重试中 us.616049.xyz: [Errno -5] No address associated with hostname
2026-07-23 13:41:56,876 - DEBUG - DNS解析重试中 us.616049.xyz: [Errno -5] No address associated with hostname
2026-07-23 13:41:57,923 - DEBUG - DNS解析重试中 us.616049.xyz: [Errno -5] No address associated with hostname
2026-07-23 13:41:58,924 - WARNING - [us.616049.xyz (LAX)] ├─ 无有效DNS记录，触发紧急更新
2026-07-23 13:54:40,612 - ERROR - CFST更新失败: None
2026-07-23 13:54:40,613 - INFO - --------------------------------------------------
2026-07-23 13:54:40,613 - INFO - [de.616049.xyz (FRA)] 开始处理节点维护
2026-07-23 13:54:40,672 - DEBUG - DNS解析重试中 de.616049.xyz: [Errno -5] No address associated with hostname
2026-07-23 13:54:41,722 - DEBUG - DNS解析重试中 de.616049.xyz: [Errno -5] No address associated with hostname
2026-07-23 13:54:42,771 - DEBUG - DNS解析重试中 de.616049.xyz: [Errno -5] No address associated with hostname
2026-07-23 13:54:43,773 - WARNING - [de.616049.xyz (FRA)] ├─ 无有效DNS记录，触发紧急更新
2026-07-23 14:07:24,102 - ERROR - CFST更新失败: None
2026-07-23 14:07:24,106 - DEBUG - Starting new HTTPS connection (1): api.telegram.org:443
2026-07-23 14:07:24,476 - DEBUG - https://api.telegram.org:443 "POST /bot/sendMessage HTTP/1.1" 404 55
