2026-05-29 22:44:20,465 - INFO - 启动维护任务 | 协议类型: IPV4
2026-05-29 22:44:20,465 - INFO - --------------------------------------------------
2026-05-29 22:44:20,465 - INFO - [hk.616049.xyz (HKG)] 开始处理节点维护
2026-05-29 22:44:20,488 - DEBUG - DNS解析重试中 hk.616049.xyz: [Errno -2] Name or service not known
2026-05-29 22:44:21,497 - DEBUG - DNS解析重试中 hk.616049.xyz: [Errno -2] Name or service not known
2026-05-29 22:44:22,507 - DEBUG - DNS解析重试中 hk.616049.xyz: [Errno -2] Name or service not known
2026-05-29 22:44:23,508 - WARNING - [hk.616049.xyz (HKG)] ├─ 无有效DNS记录，触发紧急更新
2026-05-29 22:57:17,341 - ERROR - CFST更新失败: None
2026-05-29 22:57:17,342 - INFO - --------------------------------------------------
2026-05-29 22:57:17,342 - INFO - [us.616049.xyz (LAX)] 开始处理节点维护
2026-05-29 22:57:17,351 - DEBUG - DNS解析重试中 us.616049.xyz: [Errno -2] Name or service not known
2026-05-29 22:57:18,385 - DEBUG - DNS解析重试中 us.616049.xyz: [Errno -2] Name or service not known
2026-05-29 22:57:19,397 - DEBUG - DNS解析重试中 us.616049.xyz: [Errno -2] Name or service not known
2026-05-29 22:57:20,398 - WARNING - [us.616049.xyz (LAX)] ├─ 无有效DNS记录，触发紧急更新
2026-05-29 23:10:13,793 - ERROR - CFST更新失败: None
2026-05-29 23:10:13,793 - INFO - --------------------------------------------------
2026-05-29 23:10:13,794 - INFO - [de.616049.xyz (FRA)] 开始处理节点维护
2026-05-29 23:10:13,814 - DEBUG - DNS解析重试中 de.616049.xyz: [Errno -2] Name or service not known
2026-05-29 23:10:14,838 - DEBUG - DNS解析重试中 de.616049.xyz: [Errno -2] Name or service not known
2026-05-29 23:10:15,853 - DEBUG - DNS解析重试中 de.616049.xyz: [Errno -2] Name or service not known
2026-05-29 23:10:16,854 - WARNING - [de.616049.xyz (FRA)] ├─ 无有效DNS记录，触发紧急更新
2026-05-29 23:23:10,204 - ERROR - CFST更新失败: None
2026-05-29 23:23:10,208 - DEBUG - Starting new HTTPS connection (1): api.telegram.org:443
2026-05-29 23:23:10,507 - DEBUG - https://api.telegram.org:443 "POST /bot/sendMessage HTTP/1.1" 404 55
