2026-06-17 16:53:46,328 - INFO - 启动维护任务 | 协议类型: IPV4
2026-06-17 16:53:46,329 - INFO - --------------------------------------------------
2026-06-17 16:53:46,329 - INFO - [hk.616049.xyz (HKG)] 开始处理节点维护
2026-06-17 16:53:46,355 - DEBUG - DNS解析重试中 hk.616049.xyz: [Errno -2] Name or service not known
2026-06-17 16:53:47,389 - DEBUG - DNS解析重试中 hk.616049.xyz: [Errno -2] Name or service not known
2026-06-17 16:53:48,418 - DEBUG - DNS解析重试中 hk.616049.xyz: [Errno -2] Name or service not known
2026-06-17 16:53:49,419 - WARNING - [hk.616049.xyz (HKG)] ├─ 无有效DNS记录，触发紧急更新
2026-06-17 17:05:40,993 - ERROR - CFST更新失败: None
2026-06-17 17:05:40,993 - INFO - --------------------------------------------------
2026-06-17 17:05:40,993 - INFO - [us.616049.xyz (LAX)] 开始处理节点维护
2026-06-17 17:05:41,017 - DEBUG - DNS解析重试中 us.616049.xyz: [Errno -2] Name or service not known
2026-06-17 17:05:42,033 - DEBUG - DNS解析重试中 us.616049.xyz: [Errno -2] Name or service not known
2026-06-17 17:05:43,077 - DEBUG - DNS解析重试中 us.616049.xyz: [Errno -2] Name or service not known
2026-06-17 17:05:44,078 - WARNING - [us.616049.xyz (LAX)] ├─ 无有效DNS记录，触发紧急更新
2026-06-17 17:17:35,471 - ERROR - CFST更新失败: None
2026-06-17 17:17:35,471 - INFO - --------------------------------------------------
2026-06-17 17:17:35,471 - INFO - [de.616049.xyz (FRA)] 开始处理节点维护
2026-06-17 17:17:35,489 - DEBUG - DNS解析重试中 de.616049.xyz: [Errno -2] Name or service not known
2026-06-17 17:17:36,508 - DEBUG - DNS解析重试中 de.616049.xyz: [Errno -2] Name or service not known
2026-06-17 17:17:37,543 - DEBUG - DNS解析重试中 de.616049.xyz: [Errno -2] Name or service not known
2026-06-17 17:17:38,544 - WARNING - [de.616049.xyz (FRA)] ├─ 无有效DNS记录，触发紧急更新
2026-06-17 17:29:29,979 - ERROR - CFST更新失败: None
2026-06-17 17:29:29,981 - DEBUG - Starting new HTTPS connection (1): api.telegram.org:443
2026-06-17 17:29:30,395 - DEBUG - https://api.telegram.org:443 "POST /bot/sendMessage HTTP/1.1" 404 55
