2026-02-14 04:28:38,611 - INFO - 启动维护任务 | 协议类型: IPV4
2026-02-14 04:28:38,611 - INFO - --------------------------------------------------
2026-02-14 04:28:38,612 - INFO - [hk.616049.xyz (HKG)] 开始处理节点维护
2026-02-14 04:28:38,636 - DEBUG - DNS解析重试中 hk.616049.xyz: [Errno -2] Name or service not known
2026-02-14 04:28:39,658 - DEBUG - DNS解析重试中 hk.616049.xyz: [Errno -2] Name or service not known
2026-02-14 04:28:40,681 - DEBUG - DNS解析重试中 hk.616049.xyz: [Errno -2] Name or service not known
2026-02-14 04:28:41,683 - WARNING - [hk.616049.xyz (HKG)] ├─ 无有效DNS记录，触发紧急更新
2026-02-14 04:41:40,238 - ERROR - CFST更新失败: None
2026-02-14 04:41:40,238 - INFO - --------------------------------------------------
2026-02-14 04:41:40,238 - INFO - [us.616049.xyz (LAX)] 开始处理节点维护
2026-02-14 04:41:40,260 - DEBUG - DNS解析重试中 us.616049.xyz: [Errno -2] Name or service not known
2026-02-14 04:41:41,283 - DEBUG - DNS解析重试中 us.616049.xyz: [Errno -2] Name or service not known
2026-02-14 04:41:42,307 - DEBUG - DNS解析重试中 us.616049.xyz: [Errno -2] Name or service not known
2026-02-14 04:41:43,308 - WARNING - [us.616049.xyz (LAX)] ├─ 无有效DNS记录，触发紧急更新
2026-02-14 04:54:38,682 - ERROR - CFST更新失败: None
2026-02-14 04:54:38,683 - INFO - --------------------------------------------------
2026-02-14 04:54:38,683 - INFO - [de.616049.xyz (FRA)] 开始处理节点维护
2026-02-14 04:54:38,704 - DEBUG - DNS解析重试中 de.616049.xyz: [Errno -2] Name or service not known
2026-02-14 04:54:39,728 - DEBUG - DNS解析重试中 de.616049.xyz: [Errno -2] Name or service not known
2026-02-14 04:54:40,758 - DEBUG - DNS解析重试中 de.616049.xyz: [Errno -2] Name or service not known
2026-02-14 04:54:41,760 - WARNING - [de.616049.xyz (FRA)] ├─ 无有效DNS记录，触发紧急更新
2026-02-14 05:07:37,694 - ERROR - CFST更新失败: None
2026-02-14 05:07:37,698 - DEBUG - Starting new HTTPS connection (1): api.telegram.org:443
2026-02-14 05:07:38,011 - DEBUG - https://api.telegram.org:443 "POST /bot/sendMessage HTTP/1.1" 404 55
