2026-07-22 01:07:21,994 - INFO - 启动维护任务 | 协议类型: IPV4
2026-07-22 01:07:21,994 - INFO - --------------------------------------------------
2026-07-22 01:07:21,994 - INFO - [hk.616049.xyz (HKG)] 开始处理节点维护
2026-07-22 01:07:22,045 - DEBUG - DNS解析重试中 hk.616049.xyz: [Errno -5] No address associated with hostname
2026-07-22 01:07:23,097 - DEBUG - DNS解析重试中 hk.616049.xyz: [Errno -5] No address associated with hostname
2026-07-22 01:07:24,144 - DEBUG - DNS解析重试中 hk.616049.xyz: [Errno -5] No address associated with hostname
2026-07-22 01:07:25,146 - WARNING - [hk.616049.xyz (HKG)] ├─ 无有效DNS记录，触发紧急更新
2026-07-22 01:19:58,328 - ERROR - CFST更新失败: None
2026-07-22 01:19:58,329 - INFO - --------------------------------------------------
2026-07-22 01:19:58,329 - INFO - [us.616049.xyz (LAX)] 开始处理节点维护
2026-07-22 01:19:58,371 - DEBUG - DNS解析重试中 us.616049.xyz: [Errno -5] No address associated with hostname
2026-07-22 01:19:59,421 - DEBUG - DNS解析重试中 us.616049.xyz: [Errno -5] No address associated with hostname
2026-07-22 01:20:00,452 - DEBUG - DNS解析重试中 us.616049.xyz: [Errno -5] No address associated with hostname
2026-07-22 01:20:01,454 - WARNING - [us.616049.xyz (LAX)] ├─ 无有效DNS记录，触发紧急更新
2026-07-22 01:32:33,250 - ERROR - CFST更新失败: None
2026-07-22 01:32:33,250 - INFO - --------------------------------------------------
2026-07-22 01:32:33,250 - INFO - [de.616049.xyz (FRA)] 开始处理节点维护
2026-07-22 01:32:33,275 - DEBUG - DNS解析重试中 de.616049.xyz: [Errno -5] No address associated with hostname
2026-07-22 01:32:34,320 - DEBUG - DNS解析重试中 de.616049.xyz: [Errno -5] No address associated with hostname
2026-07-22 01:32:35,353 - DEBUG - DNS解析重试中 de.616049.xyz: [Errno -5] No address associated with hostname
2026-07-22 01:32:36,355 - WARNING - [de.616049.xyz (FRA)] ├─ 无有效DNS记录，触发紧急更新
2026-07-22 01:45:08,694 - ERROR - CFST更新失败: None
2026-07-22 01:45:08,698 - DEBUG - Starting new HTTPS connection (1): api.telegram.org:443
2026-07-22 01:45:09,111 - DEBUG - https://api.telegram.org:443 "POST /bot/sendMessage HTTP/1.1" 404 55
