2026-05-15 06:50:18,596 - INFO - 启动维护任务 | 协议类型: IPV4
2026-05-15 06:50:18,596 - INFO - --------------------------------------------------
2026-05-15 06:50:18,596 - INFO - [hk.616049.xyz (HKG)] 开始处理节点维护
2026-05-15 06:50:18,647 - DEBUG - DNS解析重试中 hk.616049.xyz: [Errno -2] Name or service not known
2026-05-15 06:50:19,698 - DEBUG - DNS解析重试中 hk.616049.xyz: [Errno -2] Name or service not known
2026-05-15 06:50:20,753 - DEBUG - DNS解析重试中 hk.616049.xyz: [Errno -2] Name or service not known
2026-05-15 06:50:21,754 - WARNING - [hk.616049.xyz (HKG)] ├─ 无有效DNS记录，触发紧急更新
2026-05-15 07:03:16,364 - ERROR - CFST更新失败: None
2026-05-15 07:03:16,364 - INFO - --------------------------------------------------
2026-05-15 07:03:16,364 - INFO - [us.616049.xyz (LAX)] 开始处理节点维护
2026-05-15 07:03:16,415 - DEBUG - DNS解析重试中 us.616049.xyz: [Errno -2] Name or service not known
2026-05-15 07:03:17,553 - DEBUG - DNS解析重试中 us.616049.xyz: [Errno -2] Name or service not known
2026-05-15 07:03:18,612 - DEBUG - DNS解析重试中 us.616049.xyz: [Errno -2] Name or service not known
2026-05-15 07:03:19,614 - WARNING - [us.616049.xyz (LAX)] ├─ 无有效DNS记录，触发紧急更新
2026-05-15 07:16:14,148 - ERROR - CFST更新失败: None
2026-05-15 07:16:14,148 - INFO - --------------------------------------------------
2026-05-15 07:16:14,148 - INFO - [de.616049.xyz (FRA)] 开始处理节点维护
2026-05-15 07:16:14,199 - DEBUG - DNS解析重试中 de.616049.xyz: [Errno -2] Name or service not known
2026-05-15 07:16:15,252 - DEBUG - DNS解析重试中 de.616049.xyz: [Errno -2] Name or service not known
2026-05-15 07:16:16,303 - DEBUG - DNS解析重试中 de.616049.xyz: [Errno -2] Name or service not known
2026-05-15 07:16:17,305 - WARNING - [de.616049.xyz (FRA)] ├─ 无有效DNS记录，触发紧急更新
2026-05-15 07:29:11,167 - ERROR - CFST更新失败: None
2026-05-15 07:29:11,171 - DEBUG - Starting new HTTPS connection (1): api.telegram.org:443
2026-05-15 07:29:11,589 - DEBUG - https://api.telegram.org:443 "POST /bot/sendMessage HTTP/1.1" 404 55
