2026-03-26 00:55:09,808 - INFO - 启动维护任务 | 协议类型: IPV4
2026-03-26 00:55:09,809 - INFO - --------------------------------------------------
2026-03-26 00:55:09,809 - INFO - [hk.616049.xyz (HKG)] 开始处理节点维护
2026-03-26 00:55:09,830 - DEBUG - DNS解析重试中 hk.616049.xyz: [Errno -2] Name or service not known
2026-03-26 00:55:10,860 - DEBUG - DNS解析重试中 hk.616049.xyz: [Errno -2] Name or service not known
2026-03-26 00:55:11,883 - DEBUG - DNS解析重试中 hk.616049.xyz: [Errno -2] Name or service not known
2026-03-26 00:55:12,884 - WARNING - [hk.616049.xyz (HKG)] ├─ 无有效DNS记录，触发紧急更新
2026-03-26 01:08:06,423 - ERROR - CFST更新失败: None
2026-03-26 01:08:06,423 - INFO - --------------------------------------------------
2026-03-26 01:08:06,423 - INFO - [us.616049.xyz (LAX)] 开始处理节点维护
2026-03-26 01:08:06,463 - DEBUG - DNS解析重试中 us.616049.xyz: [Errno -2] Name or service not known
2026-03-26 01:08:07,510 - DEBUG - DNS解析重试中 us.616049.xyz: [Errno -2] Name or service not known
2026-03-26 01:08:08,542 - DEBUG - DNS解析重试中 us.616049.xyz: [Errno -2] Name or service not known
2026-03-26 01:08:09,543 - WARNING - [us.616049.xyz (LAX)] ├─ 无有效DNS记录，触发紧急更新
2026-03-26 01:21:02,780 - ERROR - CFST更新失败: None
2026-03-26 01:21:02,781 - INFO - --------------------------------------------------
2026-03-26 01:21:02,781 - INFO - [de.616049.xyz (FRA)] 开始处理节点维护
2026-03-26 01:21:02,812 - DEBUG - DNS解析重试中 de.616049.xyz: [Errno -2] Name or service not known
2026-03-26 01:21:03,825 - DEBUG - DNS解析重试中 de.616049.xyz: [Errno -2] Name or service not known
2026-03-26 01:21:04,855 - DEBUG - DNS解析重试中 de.616049.xyz: [Errno -2] Name or service not known
2026-03-26 01:21:05,856 - WARNING - [de.616049.xyz (FRA)] ├─ 无有效DNS记录，触发紧急更新
2026-03-26 01:33:58,929 - ERROR - CFST更新失败: None
2026-03-26 01:33:58,933 - DEBUG - Starting new HTTPS connection (1): api.telegram.org:443
2026-03-26 01:33:59,280 - DEBUG - https://api.telegram.org:443 "POST /bot/sendMessage HTTP/1.1" 404 55
