2026-05-27 22:58:15,322 - INFO - 启动维护任务 | 协议类型: IPV4
2026-05-27 22:58:15,322 - INFO - --------------------------------------------------
2026-05-27 22:58:15,322 - INFO - [hk.616049.xyz (HKG)] 开始处理节点维护
2026-05-27 22:58:15,349 - DEBUG - DNS解析重试中 hk.616049.xyz: [Errno -2] Name or service not known
2026-05-27 22:58:16,392 - DEBUG - DNS解析重试中 hk.616049.xyz: [Errno -2] Name or service not known
2026-05-27 22:58:17,441 - DEBUG - DNS解析重试中 hk.616049.xyz: [Errno -2] Name or service not known
2026-05-27 22:58:18,442 - WARNING - [hk.616049.xyz (HKG)] ├─ 无有效DNS记录，触发紧急更新
2026-05-27 23:11:14,283 - ERROR - CFST更新失败: None
2026-05-27 23:11:14,283 - INFO - --------------------------------------------------
2026-05-27 23:11:14,283 - INFO - [us.616049.xyz (LAX)] 开始处理节点维护
2026-05-27 23:11:14,311 - DEBUG - DNS解析重试中 us.616049.xyz: [Errno -2] Name or service not known
2026-05-27 23:11:15,345 - DEBUG - DNS解析重试中 us.616049.xyz: [Errno -2] Name or service not known
2026-05-27 23:11:16,391 - DEBUG - DNS解析重试中 us.616049.xyz: [Errno -2] Name or service not known
2026-05-27 23:11:17,392 - WARNING - [us.616049.xyz (LAX)] ├─ 无有效DNS记录，触发紧急更新
2026-05-27 23:24:11,592 - ERROR - CFST更新失败: None
2026-05-27 23:24:11,593 - INFO - --------------------------------------------------
2026-05-27 23:24:11,593 - INFO - [de.616049.xyz (FRA)] 开始处理节点维护
2026-05-27 23:24:11,627 - DEBUG - DNS解析重试中 de.616049.xyz: [Errno -2] Name or service not known
2026-05-27 23:24:12,674 - DEBUG - DNS解析重试中 de.616049.xyz: [Errno -2] Name or service not known
2026-05-27 23:24:13,703 - DEBUG - DNS解析重试中 de.616049.xyz: [Errno -2] Name or service not known
2026-05-27 23:24:14,704 - WARNING - [de.616049.xyz (FRA)] ├─ 无有效DNS记录，触发紧急更新
2026-05-27 23:37:10,610 - ERROR - CFST更新失败: None
2026-05-27 23:37:10,613 - DEBUG - Starting new HTTPS connection (1): api.telegram.org:443
2026-05-27 23:37:11,016 - DEBUG - https://api.telegram.org:443 "POST /bot/sendMessage HTTP/1.1" 404 55
