2026-04-30 10:09:15,954 - INFO - 启动维护任务 | 协议类型: IPV4
2026-04-30 10:09:15,954 - INFO - --------------------------------------------------
2026-04-30 10:09:15,954 - INFO - [hk.616049.xyz (HKG)] 开始处理节点维护
2026-04-30 10:09:15,963 - DEBUG - DNS解析重试中 hk.616049.xyz: [Errno -2] Name or service not known
2026-04-30 10:09:16,973 - DEBUG - DNS解析重试中 hk.616049.xyz: [Errno -2] Name or service not known
2026-04-30 10:09:17,985 - DEBUG - DNS解析重试中 hk.616049.xyz: [Errno -2] Name or service not known
2026-04-30 10:09:18,986 - WARNING - [hk.616049.xyz (HKG)] ├─ 无有效DNS记录，触发紧急更新
2026-04-30 10:22:11,128 - ERROR - CFST更新失败: None
2026-04-30 10:22:11,128 - INFO - --------------------------------------------------
2026-04-30 10:22:11,129 - INFO - [us.616049.xyz (LAX)] 开始处理节点维护
2026-04-30 10:22:11,148 - DEBUG - DNS解析重试中 us.616049.xyz: [Errno -2] Name or service not known
2026-04-30 10:22:12,162 - DEBUG - DNS解析重试中 us.616049.xyz: [Errno -2] Name or service not known
2026-04-30 10:22:13,181 - DEBUG - DNS解析重试中 us.616049.xyz: [Errno -2] Name or service not known
2026-04-30 10:22:14,182 - WARNING - [us.616049.xyz (LAX)] ├─ 无有效DNS记录，触发紧急更新
2026-04-30 10:35:05,793 - ERROR - CFST更新失败: None
2026-04-30 10:35:05,793 - INFO - --------------------------------------------------
2026-04-30 10:35:05,794 - INFO - [de.616049.xyz (FRA)] 开始处理节点维护
2026-04-30 10:35:05,818 - DEBUG - DNS解析重试中 de.616049.xyz: [Errno -2] Name or service not known
2026-04-30 10:35:06,828 - DEBUG - DNS解析重试中 de.616049.xyz: [Errno -2] Name or service not known
2026-04-30 10:35:07,844 - DEBUG - DNS解析重试中 de.616049.xyz: [Errno -2] Name or service not known
2026-04-30 10:35:08,845 - WARNING - [de.616049.xyz (FRA)] ├─ 无有效DNS记录，触发紧急更新
2026-04-30 10:48:00,636 - ERROR - CFST更新失败: None
2026-04-30 10:48:00,640 - DEBUG - Starting new HTTPS connection (1): api.telegram.org:443
2026-04-30 10:48:00,916 - DEBUG - https://api.telegram.org:443 "POST /bot/sendMessage HTTP/1.1" 404 55
