2026-06-30 22:00:09,607 - INFO - 启动维护任务 | 协议类型: IPV4
2026-06-30 22:00:09,608 - INFO - --------------------------------------------------
2026-06-30 22:00:09,608 - INFO - [hk.616049.xyz (HKG)] 开始处理节点维护
2026-06-30 22:00:09,628 - DEBUG - DNS解析重试中 hk.616049.xyz: [Errno -2] Name or service not known
2026-06-30 22:00:10,647 - DEBUG - DNS解析重试中 hk.616049.xyz: [Errno -2] Name or service not known
2026-06-30 22:00:11,661 - DEBUG - DNS解析重试中 hk.616049.xyz: [Errno -2] Name or service not known
2026-06-30 22:00:12,663 - WARNING - [hk.616049.xyz (HKG)] ├─ 无有效DNS记录，触发紧急更新
2026-06-30 22:12:42,924 - ERROR - CFST更新失败: None
2026-06-30 22:12:42,924 - INFO - --------------------------------------------------
2026-06-30 22:12:42,924 - INFO - [us.616049.xyz (LAX)] 开始处理节点维护
2026-06-30 22:12:42,940 - DEBUG - DNS解析重试中 us.616049.xyz: [Errno -2] Name or service not known
2026-06-30 22:12:43,954 - DEBUG - DNS解析重试中 us.616049.xyz: [Errno -2] Name or service not known
2026-06-30 22:12:44,981 - DEBUG - DNS解析重试中 us.616049.xyz: [Errno -2] Name or service not known
2026-06-30 22:12:45,982 - WARNING - [us.616049.xyz (LAX)] ├─ 无有效DNS记录，触发紧急更新
2026-06-30 22:25:15,663 - ERROR - CFST更新失败: None
2026-06-30 22:25:15,663 - INFO - --------------------------------------------------
2026-06-30 22:25:15,663 - INFO - [de.616049.xyz (FRA)] 开始处理节点维护
2026-06-30 22:25:15,678 - DEBUG - DNS解析重试中 de.616049.xyz: [Errno -2] Name or service not known
2026-06-30 22:25:16,692 - DEBUG - DNS解析重试中 de.616049.xyz: [Errno -2] Name or service not known
2026-06-30 22:25:17,716 - DEBUG - DNS解析重试中 de.616049.xyz: [Errno -2] Name or service not known
2026-06-30 22:25:18,717 - WARNING - [de.616049.xyz (FRA)] ├─ 无有效DNS记录，触发紧急更新
2026-06-30 22:37:49,254 - ERROR - CFST更新失败: None
2026-06-30 22:37:49,257 - DEBUG - Starting new HTTPS connection (1): api.telegram.org:443
2026-06-30 22:37:49,563 - DEBUG - https://api.telegram.org:443 "POST /bot/sendMessage HTTP/1.1" 404 55
