2026-03-31 20:58:37,090 - INFO - 启动维护任务 | 协议类型: IPV4
2026-03-31 20:58:37,090 - INFO - --------------------------------------------------
2026-03-31 20:58:37,090 - INFO - [hk.616049.xyz (HKG)] 开始处理节点维护
2026-03-31 20:58:37,100 - DEBUG - DNS解析重试中 hk.616049.xyz: [Errno -2] Name or service not known
2026-03-31 20:58:38,111 - DEBUG - DNS解析重试中 hk.616049.xyz: [Errno -2] Name or service not known
2026-03-31 20:58:39,137 - DEBUG - DNS解析重试中 hk.616049.xyz: [Errno -2] Name or service not known
2026-03-31 20:58:40,138 - WARNING - [hk.616049.xyz (HKG)] ├─ 无有效DNS记录，触发紧急更新
2026-03-31 21:11:35,816 - ERROR - CFST更新失败: None
2026-03-31 21:11:35,816 - INFO - --------------------------------------------------
2026-03-31 21:11:35,816 - INFO - [us.616049.xyz (LAX)] 开始处理节点维护
2026-03-31 21:11:35,826 - DEBUG - DNS解析重试中 us.616049.xyz: [Errno -2] Name or service not known
2026-03-31 21:11:36,838 - DEBUG - DNS解析重试中 us.616049.xyz: [Errno -2] Name or service not known
2026-03-31 21:11:37,850 - DEBUG - DNS解析重试中 us.616049.xyz: [Errno -2] Name or service not known
2026-03-31 21:11:38,851 - WARNING - [us.616049.xyz (LAX)] ├─ 无有效DNS记录，触发紧急更新
2026-03-31 21:24:34,923 - ERROR - CFST更新失败: None
2026-03-31 21:24:34,923 - INFO - --------------------------------------------------
2026-03-31 21:24:34,923 - INFO - [de.616049.xyz (FRA)] 开始处理节点维护
2026-03-31 21:24:34,933 - DEBUG - DNS解析重试中 de.616049.xyz: [Errno -2] Name or service not known
2026-03-31 21:24:35,950 - DEBUG - DNS解析重试中 de.616049.xyz: [Errno -2] Name or service not known
2026-03-31 21:24:36,963 - DEBUG - DNS解析重试中 de.616049.xyz: [Errno -2] Name or service not known
2026-03-31 21:24:37,965 - WARNING - [de.616049.xyz (FRA)] ├─ 无有效DNS记录，触发紧急更新
2026-03-31 21:37:35,994 - ERROR - CFST更新失败: None
2026-03-31 21:37:35,997 - DEBUG - Starting new HTTPS connection (1): api.telegram.org:443
2026-03-31 21:37:36,294 - DEBUG - https://api.telegram.org:443 "POST /bot/sendMessage HTTP/1.1" 404 55
