2026-06-03 02:00:17,536 - INFO - 启动维护任务 | 协议类型: IPV4
2026-06-03 02:00:17,536 - INFO - --------------------------------------------------
2026-06-03 02:00:17,537 - INFO - [hk.616049.xyz (HKG)] 开始处理节点维护
2026-06-03 02:00:17,570 - DEBUG - DNS解析重试中 hk.616049.xyz: [Errno -2] Name or service not known
2026-06-03 02:00:18,597 - DEBUG - DNS解析重试中 hk.616049.xyz: [Errno -2] Name or service not known
2026-06-03 02:00:19,621 - DEBUG - DNS解析重试中 hk.616049.xyz: [Errno -2] Name or service not known
2026-06-03 02:00:20,622 - WARNING - [hk.616049.xyz (HKG)] ├─ 无有效DNS记录，触发紧急更新
2026-06-03 02:12:54,113 - ERROR - CFST更新失败: None
2026-06-03 02:12:54,114 - INFO - --------------------------------------------------
2026-06-03 02:12:54,114 - INFO - [us.616049.xyz (LAX)] 开始处理节点维护
2026-06-03 02:12:54,135 - DEBUG - DNS解析重试中 us.616049.xyz: [Errno -2] Name or service not known
2026-06-03 02:12:55,171 - DEBUG - DNS解析重试中 us.616049.xyz: [Errno -2] Name or service not known
2026-06-03 02:12:56,199 - DEBUG - DNS解析重试中 us.616049.xyz: [Errno -2] Name or service not known
2026-06-03 02:12:57,200 - WARNING - [us.616049.xyz (LAX)] ├─ 无有效DNS记录，触发紧急更新
2026-06-03 02:25:30,664 - ERROR - CFST更新失败: None
2026-06-03 02:25:30,664 - INFO - --------------------------------------------------
2026-06-03 02:25:30,664 - INFO - [de.616049.xyz (FRA)] 开始处理节点维护
2026-06-03 02:25:30,686 - DEBUG - DNS解析重试中 de.616049.xyz: [Errno -2] Name or service not known
2026-06-03 02:25:31,738 - DEBUG - DNS解析重试中 de.616049.xyz: [Errno -2] Name or service not known
2026-06-03 02:25:32,997 - DEBUG - DNS解析重试中 de.616049.xyz: [Errno -2] Name or service not known
2026-06-03 02:25:33,998 - WARNING - [de.616049.xyz (FRA)] ├─ 无有效DNS记录，触发紧急更新
2026-06-03 02:38:06,821 - ERROR - CFST更新失败: None
2026-06-03 02:38:06,824 - DEBUG - Starting new HTTPS connection (1): api.telegram.org:443
2026-06-03 02:38:07,158 - DEBUG - https://api.telegram.org:443 "POST /bot/sendMessage HTTP/1.1" 404 55
