2026-05-05 10:04:26,708 - INFO - 启动维护任务 | 协议类型: IPV4
2026-05-05 10:04:26,709 - INFO - --------------------------------------------------
2026-05-05 10:04:26,709 - INFO - [hk.616049.xyz (HKG)] 开始处理节点维护
2026-05-05 10:04:26,720 - DEBUG - DNS解析重试中 hk.616049.xyz: [Errno -2] Name or service not known
2026-05-05 10:04:27,734 - DEBUG - DNS解析重试中 hk.616049.xyz: [Errno -2] Name or service not known
2026-05-05 10:04:28,756 - DEBUG - DNS解析重试中 hk.616049.xyz: [Errno -2] Name or service not known
2026-05-05 10:04:29,757 - WARNING - [hk.616049.xyz (HKG)] ├─ 无有效DNS记录，触发紧急更新
2026-05-05 10:17:22,823 - ERROR - CFST更新失败: None
2026-05-05 10:17:22,824 - INFO - --------------------------------------------------
2026-05-05 10:17:22,824 - INFO - [us.616049.xyz (LAX)] 开始处理节点维护
2026-05-05 10:17:22,835 - DEBUG - DNS解析重试中 us.616049.xyz: [Errno -2] Name or service not known
2026-05-05 10:17:23,847 - DEBUG - DNS解析重试中 us.616049.xyz: [Errno -2] Name or service not known
2026-05-05 10:17:24,852 - DEBUG - DNS解析重试中 us.616049.xyz: [Errno -2] Name or service not known
2026-05-05 10:17:25,853 - WARNING - [us.616049.xyz (LAX)] ├─ 无有效DNS记录，触发紧急更新
2026-05-05 10:30:19,943 - ERROR - CFST更新失败: None
2026-05-05 10:30:19,944 - INFO - --------------------------------------------------
2026-05-05 10:30:19,944 - INFO - [de.616049.xyz (FRA)] 开始处理节点维护
2026-05-05 10:30:19,955 - DEBUG - DNS解析重试中 de.616049.xyz: [Errno -2] Name or service not known
2026-05-05 10:30:20,971 - DEBUG - DNS解析重试中 de.616049.xyz: [Errno -2] Name or service not known
2026-05-05 10:30:21,987 - DEBUG - DNS解析重试中 de.616049.xyz: [Errno -2] Name or service not known
2026-05-05 10:30:22,989 - WARNING - [de.616049.xyz (FRA)] ├─ 无有效DNS记录，触发紧急更新
2026-05-05 10:43:15,741 - ERROR - CFST更新失败: None
2026-05-05 10:43:15,745 - DEBUG - Starting new HTTPS connection (1): api.telegram.org:443
2026-05-05 10:43:16,036 - DEBUG - https://api.telegram.org:443 "POST /bot/sendMessage HTTP/1.1" 404 55
