2026-06-25 05:17:23,374 - INFO - 启动维护任务 | 协议类型: IPV4
2026-06-25 05:17:23,375 - INFO - --------------------------------------------------
2026-06-25 05:17:23,375 - INFO - [hk.616049.xyz (HKG)] 开始处理节点维护
2026-06-25 05:17:23,450 - DEBUG - DNS解析重试中 hk.616049.xyz: [Errno -2] Name or service not known
2026-06-25 05:17:24,507 - DEBUG - DNS解析重试中 hk.616049.xyz: [Errno -2] Name or service not known
2026-06-25 05:17:25,558 - DEBUG - DNS解析重试中 hk.616049.xyz: [Errno -2] Name or service not known
2026-06-25 05:17:26,559 - WARNING - [hk.616049.xyz (HKG)] ├─ 无有效DNS记录，触发紧急更新
2026-06-25 05:29:58,610 - ERROR - CFST更新失败: None
2026-06-25 05:29:58,610 - INFO - --------------------------------------------------
2026-06-25 05:29:58,611 - INFO - [us.616049.xyz (LAX)] 开始处理节点维护
2026-06-25 05:29:58,669 - DEBUG - DNS解析重试中 us.616049.xyz: [Errno -2] Name or service not known
2026-06-25 05:29:59,721 - DEBUG - DNS解析重试中 us.616049.xyz: [Errno -2] Name or service not known
2026-06-25 05:30:00,777 - DEBUG - DNS解析重试中 us.616049.xyz: [Errno -2] Name or service not known
2026-06-25 05:30:01,779 - WARNING - [us.616049.xyz (LAX)] ├─ 无有效DNS记录，触发紧急更新
2026-06-25 05:42:33,570 - ERROR - CFST更新失败: None
2026-06-25 05:42:33,570 - INFO - --------------------------------------------------
2026-06-25 05:42:33,570 - INFO - [de.616049.xyz (FRA)] 开始处理节点维护
2026-06-25 05:42:33,628 - DEBUG - DNS解析重试中 de.616049.xyz: [Errno -2] Name or service not known
2026-06-25 05:42:34,661 - DEBUG - DNS解析重试中 de.616049.xyz: [Errno -2] Name or service not known
2026-06-25 05:42:35,742 - DEBUG - DNS解析重试中 de.616049.xyz: [Errno -2] Name or service not known
2026-06-25 05:42:36,743 - WARNING - [de.616049.xyz (FRA)] ├─ 无有效DNS记录，触发紧急更新
2026-06-25 05:55:09,115 - ERROR - CFST更新失败: None
2026-06-25 05:55:09,119 - DEBUG - Starting new HTTPS connection (1): api.telegram.org:443
2026-06-25 05:55:09,501 - DEBUG - https://api.telegram.org:443 "POST /bot/sendMessage HTTP/1.1" 404 55
