2026-02-03 14:40:19,824 - INFO - 启动维护任务 | 协议类型: IPV4
2026-02-03 14:40:19,824 - INFO - --------------------------------------------------
2026-02-03 14:40:19,824 - INFO - [hk.616049.xyz (HKG)] 开始处理节点维护
2026-02-03 14:40:19,886 - DEBUG - DNS解析重试中 hk.616049.xyz: [Errno -2] Name or service not known
2026-02-03 14:40:20,907 - DEBUG - DNS解析重试中 hk.616049.xyz: [Errno -2] Name or service not known
2026-02-03 14:40:21,943 - DEBUG - DNS解析重试中 hk.616049.xyz: [Errno -2] Name or service not known
2026-02-03 14:40:22,944 - WARNING - [hk.616049.xyz (HKG)] ├─ 无有效DNS记录，触发紧急更新
2026-02-03 14:53:21,561 - ERROR - CFST更新失败: None
2026-02-03 14:53:21,561 - INFO - --------------------------------------------------
2026-02-03 14:53:21,561 - INFO - [us.616049.xyz (LAX)] 开始处理节点维护
2026-02-03 14:53:21,588 - DEBUG - DNS解析重试中 us.616049.xyz: [Errno -2] Name or service not known
2026-02-03 14:53:22,614 - DEBUG - DNS解析重试中 us.616049.xyz: [Errno -2] Name or service not known
2026-02-03 14:53:23,651 - DEBUG - DNS解析重试中 us.616049.xyz: [Errno -2] Name or service not known
2026-02-03 14:53:24,652 - WARNING - [us.616049.xyz (LAX)] ├─ 无有效DNS记录，触发紧急更新
2026-02-03 15:06:22,264 - ERROR - CFST更新失败: None
2026-02-03 15:06:22,264 - INFO - --------------------------------------------------
2026-02-03 15:06:22,264 - INFO - [de.616049.xyz (FRA)] 开始处理节点维护
2026-02-03 15:06:22,281 - DEBUG - DNS解析重试中 de.616049.xyz: [Errno -2] Name or service not known
2026-02-03 15:06:23,318 - DEBUG - DNS解析重试中 de.616049.xyz: [Errno -2] Name or service not known
2026-02-03 15:06:24,336 - DEBUG - DNS解析重试中 de.616049.xyz: [Errno -2] Name or service not known
2026-02-03 15:06:25,338 - WARNING - [de.616049.xyz (FRA)] ├─ 无有效DNS记录，触发紧急更新
2026-02-03 15:19:22,704 - ERROR - CFST更新失败: None
2026-02-03 15:19:22,707 - DEBUG - Starting new HTTPS connection (1): api.telegram.org:443
2026-02-03 15:19:23,227 - DEBUG - https://api.telegram.org:443 "POST /bot/sendMessage HTTP/1.1" 404 55
