2026-04-16 09:55:55,650 - INFO - 启动维护任务 | 协议类型: IPV4
2026-04-16 09:55:55,651 - INFO - --------------------------------------------------
2026-04-16 09:55:55,651 - INFO - [hk.616049.xyz (HKG)] 开始处理节点维护
2026-04-16 09:55:55,682 - DEBUG - DNS解析重试中 hk.616049.xyz: [Errno -2] Name or service not known
2026-04-16 09:55:56,712 - DEBUG - DNS解析重试中 hk.616049.xyz: [Errno -2] Name or service not known
2026-04-16 09:55:57,747 - DEBUG - DNS解析重试中 hk.616049.xyz: [Errno -2] Name or service not known
2026-04-16 09:55:58,749 - WARNING - [hk.616049.xyz (HKG)] ├─ 无有效DNS记录，触发紧急更新
2026-04-16 10:08:54,089 - ERROR - CFST更新失败: None
2026-04-16 10:08:54,089 - INFO - --------------------------------------------------
2026-04-16 10:08:54,089 - INFO - [us.616049.xyz (LAX)] 开始处理节点维护
2026-04-16 10:08:54,125 - DEBUG - DNS解析重试中 us.616049.xyz: [Errno -2] Name or service not known
2026-04-16 10:08:55,158 - DEBUG - DNS解析重试中 us.616049.xyz: [Errno -2] Name or service not known
2026-04-16 10:08:56,164 - DEBUG - DNS解析重试中 us.616049.xyz: [Errno -2] Name or service not known
2026-04-16 10:08:57,165 - WARNING - [us.616049.xyz (LAX)] ├─ 无有效DNS记录，触发紧急更新
2026-04-16 10:21:51,937 - ERROR - CFST更新失败: None
2026-04-16 10:21:51,938 - INFO - --------------------------------------------------
2026-04-16 10:21:51,938 - INFO - [de.616049.xyz (FRA)] 开始处理节点维护
2026-04-16 10:21:51,967 - DEBUG - DNS解析重试中 de.616049.xyz: [Errno -2] Name or service not known
2026-04-16 10:21:53,007 - DEBUG - DNS解析重试中 de.616049.xyz: [Errno -2] Name or service not known
2026-04-16 10:21:54,153 - DEBUG - DNS解析重试中 de.616049.xyz: [Errno -2] Name or service not known
2026-04-16 10:21:55,154 - WARNING - [de.616049.xyz (FRA)] ├─ 无有效DNS记录，触发紧急更新
2026-04-16 10:34:50,666 - ERROR - CFST更新失败: None
2026-04-16 10:34:50,670 - DEBUG - Starting new HTTPS connection (1): api.telegram.org:443
2026-04-16 10:34:51,056 - DEBUG - https://api.telegram.org:443 "POST /bot/sendMessage HTTP/1.1" 404 55
