2026-04-10 00:58:42,303 - INFO - 启动维护任务 | 协议类型: IPV4
2026-04-10 00:58:42,303 - INFO - --------------------------------------------------
2026-04-10 00:58:42,303 - INFO - [hk.616049.xyz (HKG)] 开始处理节点维护
2026-04-10 00:58:42,320 - DEBUG - DNS解析重试中 hk.616049.xyz: [Errno -2] Name or service not known
2026-04-10 00:58:43,338 - DEBUG - DNS解析重试中 hk.616049.xyz: [Errno -2] Name or service not known
2026-04-10 00:58:44,352 - DEBUG - DNS解析重试中 hk.616049.xyz: [Errno -2] Name or service not known
2026-04-10 00:58:45,353 - WARNING - [hk.616049.xyz (HKG)] ├─ 无有效DNS记录，触发紧急更新
2026-04-10 01:11:40,639 - ERROR - CFST更新失败: None
2026-04-10 01:11:40,639 - INFO - --------------------------------------------------
2026-04-10 01:11:40,640 - INFO - [us.616049.xyz (LAX)] 开始处理节点维护
2026-04-10 01:11:40,676 - DEBUG - DNS解析重试中 us.616049.xyz: [Errno -2] Name or service not known
2026-04-10 01:11:41,692 - DEBUG - DNS解析重试中 us.616049.xyz: [Errno -2] Name or service not known
2026-04-10 01:11:42,704 - DEBUG - DNS解析重试中 us.616049.xyz: [Errno -2] Name or service not known
2026-04-10 01:11:43,706 - WARNING - [us.616049.xyz (LAX)] ├─ 无有效DNS记录，触发紧急更新
2026-04-10 01:24:38,993 - ERROR - CFST更新失败: None
2026-04-10 01:24:38,993 - INFO - --------------------------------------------------
2026-04-10 01:24:38,993 - INFO - [de.616049.xyz (FRA)] 开始处理节点维护
2026-04-10 01:24:39,004 - DEBUG - DNS解析重试中 de.616049.xyz: [Errno -2] Name or service not known
2026-04-10 01:24:40,021 - DEBUG - DNS解析重试中 de.616049.xyz: [Errno -2] Name or service not known
2026-04-10 01:24:41,034 - DEBUG - DNS解析重试中 de.616049.xyz: [Errno -2] Name or service not known
2026-04-10 01:24:42,035 - WARNING - [de.616049.xyz (FRA)] ├─ 无有效DNS记录，触发紧急更新
2026-04-10 01:37:37,530 - ERROR - CFST更新失败: None
2026-04-10 01:37:37,533 - DEBUG - Starting new HTTPS connection (1): api.telegram.org:443
2026-04-10 01:37:37,831 - DEBUG - https://api.telegram.org:443 "POST /bot/sendMessage HTTP/1.1" 404 55
