2026-04-06 02:31:46,870 - INFO - 启动维护任务 | 协议类型: IPV4
2026-04-06 02:31:46,870 - INFO - --------------------------------------------------
2026-04-06 02:31:46,871 - INFO - [hk.616049.xyz (HKG)] 开始处理节点维护
2026-04-06 02:31:46,888 - DEBUG - DNS解析重试中 hk.616049.xyz: [Errno -2] Name or service not known
2026-04-06 02:31:47,909 - DEBUG - DNS解析重试中 hk.616049.xyz: [Errno -2] Name or service not known
2026-04-06 02:31:48,929 - DEBUG - DNS解析重试中 hk.616049.xyz: [Errno -2] Name or service not known
2026-04-06 02:31:49,930 - WARNING - [hk.616049.xyz (HKG)] ├─ 无有效DNS记录，触发紧急更新
2026-04-06 02:44:50,740 - ERROR - CFST更新失败: None
2026-04-06 02:44:50,741 - INFO - --------------------------------------------------
2026-04-06 02:44:50,741 - INFO - [us.616049.xyz (LAX)] 开始处理节点维护
2026-04-06 02:44:50,759 - DEBUG - DNS解析重试中 us.616049.xyz: [Errno -2] Name or service not known
2026-04-06 02:44:51,776 - DEBUG - DNS解析重试中 us.616049.xyz: [Errno -2] Name or service not known
2026-04-06 02:44:52,792 - DEBUG - DNS解析重试中 us.616049.xyz: [Errno -2] Name or service not known
2026-04-06 02:44:53,793 - WARNING - [us.616049.xyz (LAX)] ├─ 无有效DNS记录，触发紧急更新
2026-04-06 02:57:50,514 - ERROR - CFST更新失败: None
2026-04-06 02:57:50,514 - INFO - --------------------------------------------------
2026-04-06 02:57:50,515 - INFO - [de.616049.xyz (FRA)] 开始处理节点维护
2026-04-06 02:57:50,533 - DEBUG - DNS解析重试中 de.616049.xyz: [Errno -2] Name or service not known
2026-04-06 02:57:51,551 - DEBUG - DNS解析重试中 de.616049.xyz: [Errno -2] Name or service not known
2026-04-06 02:57:52,557 - DEBUG - DNS解析重试中 de.616049.xyz: [Errno -2] Name or service not known
2026-04-06 02:57:53,558 - WARNING - [de.616049.xyz (FRA)] ├─ 无有效DNS记录，触发紧急更新
2026-04-06 03:10:50,404 - ERROR - CFST更新失败: None
2026-04-06 03:10:50,407 - DEBUG - Starting new HTTPS connection (1): api.telegram.org:443
2026-04-06 03:10:50,712 - DEBUG - https://api.telegram.org:443 "POST /bot/sendMessage HTTP/1.1" 404 55
