2026-04-17 15:21:39,049 - INFO - 启动维护任务 | 协议类型: IPV4
2026-04-17 15:21:39,049 - INFO - --------------------------------------------------
2026-04-17 15:21:39,049 - INFO - [hk.616049.xyz (HKG)] 开始处理节点维护
2026-04-17 15:21:39,065 - DEBUG - DNS解析重试中 hk.616049.xyz: [Errno -2] Name or service not known
2026-04-17 15:21:40,075 - DEBUG - DNS解析重试中 hk.616049.xyz: [Errno -2] Name or service not known
2026-04-17 15:21:41,084 - DEBUG - DNS解析重试中 hk.616049.xyz: [Errno -2] Name or service not known
2026-04-17 15:21:42,086 - WARNING - [hk.616049.xyz (HKG)] ├─ 无有效DNS记录，触发紧急更新
2026-04-17 15:34:21,767 - ERROR - CFST更新失败: None
2026-04-17 15:34:21,767 - INFO - --------------------------------------------------
2026-04-17 15:34:21,768 - INFO - [us.616049.xyz (LAX)] 开始处理节点维护
2026-04-17 15:34:21,776 - DEBUG - DNS解析重试中 us.616049.xyz: [Errno -2] Name or service not known
2026-04-17 15:34:22,785 - DEBUG - DNS解析重试中 us.616049.xyz: [Errno -2] Name or service not known
2026-04-17 15:34:23,792 - DEBUG - DNS解析重试中 us.616049.xyz: [Errno -2] Name or service not known
2026-04-17 15:34:24,793 - WARNING - [us.616049.xyz (LAX)] ├─ 无有效DNS记录，触发紧急更新
2026-04-17 15:47:03,865 - ERROR - CFST更新失败: None
2026-04-17 15:47:03,866 - INFO - --------------------------------------------------
2026-04-17 15:47:03,866 - INFO - [de.616049.xyz (FRA)] 开始处理节点维护
2026-04-17 15:47:03,932 - DEBUG - DNS解析重试中 de.616049.xyz: [Errno -2] Name or service not known
2026-04-17 15:47:05,013 - DEBUG - DNS解析重试中 de.616049.xyz: [Errno -2] Name or service not known
2026-04-17 15:47:06,028 - DEBUG - DNS解析重试中 de.616049.xyz: [Errno -2] Name or service not known
2026-04-17 15:47:07,029 - WARNING - [de.616049.xyz (FRA)] ├─ 无有效DNS记录，触发紧急更新
2026-04-17 15:59:41,209 - ERROR - CFST更新失败: None
2026-04-17 15:59:41,212 - DEBUG - Starting new HTTPS connection (1): api.telegram.org:443
2026-04-17 15:59:41,707 - DEBUG - https://api.telegram.org:443 "POST /bot/sendMessage HTTP/1.1" 404 55
