2026-05-26 00:15:31,769 - INFO - 启动维护任务 | 协议类型: IPV4
2026-05-26 00:15:31,769 - INFO - --------------------------------------------------
2026-05-26 00:15:31,769 - INFO - [hk.616049.xyz (HKG)] 开始处理节点维护
2026-05-26 00:15:31,816 - DEBUG - DNS解析重试中 hk.616049.xyz: [Errno -2] Name or service not known
2026-05-26 00:15:32,845 - DEBUG - DNS解析重试中 hk.616049.xyz: [Errno -2] Name or service not known
2026-05-26 00:15:33,882 - DEBUG - DNS解析重试中 hk.616049.xyz: [Errno -2] Name or service not known
2026-05-26 00:15:34,883 - WARNING - [hk.616049.xyz (HKG)] ├─ 无有效DNS记录，触发紧急更新
2026-05-26 00:28:28,626 - ERROR - CFST更新失败: None
2026-05-26 00:28:28,627 - INFO - --------------------------------------------------
2026-05-26 00:28:28,627 - INFO - [us.616049.xyz (LAX)] 开始处理节点维护
2026-05-26 00:28:28,935 - DEBUG - DNS解析重试中 us.616049.xyz: [Errno -2] Name or service not known
2026-05-26 00:28:29,977 - DEBUG - DNS解析重试中 us.616049.xyz: [Errno -2] Name or service not known
2026-05-26 00:28:31,006 - DEBUG - DNS解析重试中 us.616049.xyz: [Errno -2] Name or service not known
2026-05-26 00:28:32,008 - WARNING - [us.616049.xyz (LAX)] ├─ 无有效DNS记录，触发紧急更新
2026-05-26 00:41:25,250 - ERROR - CFST更新失败: None
2026-05-26 00:41:25,251 - INFO - --------------------------------------------------
2026-05-26 00:41:25,251 - INFO - [de.616049.xyz (FRA)] 开始处理节点维护
2026-05-26 00:41:25,279 - DEBUG - DNS解析重试中 de.616049.xyz: [Errno -2] Name or service not known
2026-05-26 00:41:26,309 - DEBUG - DNS解析重试中 de.616049.xyz: [Errno -2] Name or service not known
2026-05-26 00:41:27,339 - DEBUG - DNS解析重试中 de.616049.xyz: [Errno -2] Name or service not known
2026-05-26 00:41:28,340 - WARNING - [de.616049.xyz (FRA)] ├─ 无有效DNS记录，触发紧急更新
2026-05-26 00:54:21,542 - ERROR - CFST更新失败: None
2026-05-26 00:54:21,546 - DEBUG - Starting new HTTPS connection (1): api.telegram.org:443
2026-05-26 00:54:22,076 - DEBUG - https://api.telegram.org:443 "POST /bot/sendMessage HTTP/1.1" 404 55
