2026-06-04 06:23:54,970 - INFO - 启动维护任务 | 协议类型: IPV4
2026-06-04 06:23:54,971 - INFO - --------------------------------------------------
2026-06-04 06:23:54,971 - INFO - [hk.616049.xyz (HKG)] 开始处理节点维护
2026-06-04 06:23:54,992 - DEBUG - DNS解析重试中 hk.616049.xyz: [Errno -2] Name or service not known
2026-06-04 06:23:56,006 - DEBUG - DNS解析重试中 hk.616049.xyz: [Errno -2] Name or service not known
2026-06-04 06:23:57,018 - DEBUG - DNS解析重试中 hk.616049.xyz: [Errno -2] Name or service not known
2026-06-04 06:23:58,019 - WARNING - [hk.616049.xyz (HKG)] ├─ 无有效DNS记录，触发紧急更新
2026-06-04 06:36:36,691 - ERROR - CFST更新失败: None
2026-06-04 06:36:36,692 - INFO - --------------------------------------------------
2026-06-04 06:36:36,692 - INFO - [us.616049.xyz (LAX)] 开始处理节点维护
2026-06-04 06:36:36,703 - DEBUG - DNS解析重试中 us.616049.xyz: [Errno -2] Name or service not known
2026-06-04 06:36:37,718 - DEBUG - DNS解析重试中 us.616049.xyz: [Errno -2] Name or service not known
2026-06-04 06:36:38,742 - DEBUG - DNS解析重试中 us.616049.xyz: [Errno -2] Name or service not known
2026-06-04 06:36:39,744 - WARNING - [us.616049.xyz (LAX)] ├─ 无有效DNS记录，触发紧急更新
2026-06-04 06:49:18,647 - ERROR - CFST更新失败: None
2026-06-04 06:49:18,648 - INFO - --------------------------------------------------
2026-06-04 06:49:18,648 - INFO - [de.616049.xyz (FRA)] 开始处理节点维护
2026-06-04 06:49:18,662 - DEBUG - DNS解析重试中 de.616049.xyz: [Errno -2] Name or service not known
2026-06-04 06:49:19,687 - DEBUG - DNS解析重试中 de.616049.xyz: [Errno -2] Name or service not known
2026-06-04 06:49:20,721 - DEBUG - DNS解析重试中 de.616049.xyz: [Errno -2] Name or service not known
2026-06-04 06:49:21,722 - WARNING - [de.616049.xyz (FRA)] ├─ 无有效DNS记录，触发紧急更新
2026-06-04 07:02:05,448 - ERROR - CFST更新失败: None
2026-06-04 07:02:05,451 - DEBUG - Starting new HTTPS connection (1): api.telegram.org:443
2026-06-04 07:02:05,744 - DEBUG - https://api.telegram.org:443 "POST /bot/sendMessage HTTP/1.1" 404 55
