2026-05-11 14:58:58,106 - INFO - 启动维护任务 | 协议类型: IPV4
2026-05-11 14:58:58,106 - INFO - --------------------------------------------------
2026-05-11 14:58:58,107 - INFO - [hk.616049.xyz (HKG)] 开始处理节点维护
2026-05-11 14:58:58,175 - DEBUG - DNS解析重试中 hk.616049.xyz: [Errno -2] Name or service not known
2026-05-11 14:58:59,198 - DEBUG - DNS解析重试中 hk.616049.xyz: [Errno -2] Name or service not known
2026-05-11 14:59:00,221 - DEBUG - DNS解析重试中 hk.616049.xyz: [Errno -2] Name or service not known
2026-05-11 14:59:01,222 - WARNING - [hk.616049.xyz (HKG)] ├─ 无有效DNS记录，触发紧急更新
2026-05-11 15:11:38,582 - ERROR - CFST更新失败: None
2026-05-11 15:11:38,582 - INFO - --------------------------------------------------
2026-05-11 15:11:38,583 - INFO - [us.616049.xyz (LAX)] 开始处理节点维护
2026-05-11 15:11:38,605 - DEBUG - DNS解析重试中 us.616049.xyz: [Errno -2] Name or service not known
2026-05-11 15:11:39,623 - DEBUG - DNS解析重试中 us.616049.xyz: [Errno -2] Name or service not known
2026-05-11 15:11:40,649 - DEBUG - DNS解析重试中 us.616049.xyz: [Errno -2] Name or service not known
2026-05-11 15:11:41,650 - WARNING - [us.616049.xyz (LAX)] ├─ 无有效DNS记录，触发紧急更新
2026-05-11 15:24:19,023 - ERROR - CFST更新失败: None
2026-05-11 15:24:19,024 - INFO - --------------------------------------------------
2026-05-11 15:24:19,024 - INFO - [de.616049.xyz (FRA)] 开始处理节点维护
2026-05-11 15:24:19,045 - DEBUG - DNS解析重试中 de.616049.xyz: [Errno -2] Name or service not known
2026-05-11 15:24:20,069 - DEBUG - DNS解析重试中 de.616049.xyz: [Errno -2] Name or service not known
2026-05-11 15:24:21,078 - DEBUG - DNS解析重试中 de.616049.xyz: [Errno -2] Name or service not known
2026-05-11 15:24:22,079 - WARNING - [de.616049.xyz (FRA)] ├─ 无有效DNS记录，触发紧急更新
2026-05-11 15:36:58,556 - ERROR - CFST更新失败: None
2026-05-11 15:36:58,559 - DEBUG - Starting new HTTPS connection (1): api.telegram.org:443
2026-05-11 15:36:59,005 - DEBUG - https://api.telegram.org:443 "POST /bot/sendMessage HTTP/1.1" 404 55
