2026-03-29 22:27:21,121 - INFO - 启动维护任务 | 协议类型: IPV4
2026-03-29 22:27:21,121 - INFO - --------------------------------------------------
2026-03-29 22:27:21,122 - INFO - [hk.616049.xyz (HKG)] 开始处理节点维护
2026-03-29 22:27:21,134 - DEBUG - DNS解析重试中 hk.616049.xyz: [Errno -2] Name or service not known
2026-03-29 22:27:22,146 - DEBUG - DNS解析重试中 hk.616049.xyz: [Errno -2] Name or service not known
2026-03-29 22:27:23,156 - DEBUG - DNS解析重试中 hk.616049.xyz: [Errno -2] Name or service not known
2026-03-29 22:27:24,157 - WARNING - [hk.616049.xyz (HKG)] ├─ 无有效DNS记录，触发紧急更新
2026-03-29 22:40:19,279 - ERROR - CFST更新失败: None
2026-03-29 22:40:19,279 - INFO - --------------------------------------------------
2026-03-29 22:40:19,279 - INFO - [us.616049.xyz (LAX)] 开始处理节点维护
2026-03-29 22:40:19,287 - DEBUG - DNS解析重试中 us.616049.xyz: [Errno -2] Name or service not known
2026-03-29 22:40:20,296 - DEBUG - DNS解析重试中 us.616049.xyz: [Errno -2] Name or service not known
2026-03-29 22:40:21,304 - DEBUG - DNS解析重试中 us.616049.xyz: [Errno -2] Name or service not known
2026-03-29 22:40:22,305 - WARNING - [us.616049.xyz (LAX)] ├─ 无有效DNS记录，触发紧急更新
2026-03-29 22:53:16,983 - ERROR - CFST更新失败: None
2026-03-29 22:53:16,983 - INFO - --------------------------------------------------
2026-03-29 22:53:16,983 - INFO - [de.616049.xyz (FRA)] 开始处理节点维护
2026-03-29 22:53:16,998 - DEBUG - DNS解析重试中 de.616049.xyz: [Errno -2] Name or service not known
2026-03-29 22:53:18,012 - DEBUG - DNS解析重试中 de.616049.xyz: [Errno -2] Name or service not known
2026-03-29 22:53:19,021 - DEBUG - DNS解析重试中 de.616049.xyz: [Errno -2] Name or service not known
2026-03-29 22:53:20,022 - WARNING - [de.616049.xyz (FRA)] ├─ 无有效DNS记录，触发紧急更新
2026-03-29 23:06:14,465 - ERROR - CFST更新失败: None
2026-03-29 23:06:14,469 - DEBUG - Starting new HTTPS connection (1): api.telegram.org:443
2026-03-29 23:06:14,769 - DEBUG - https://api.telegram.org:443 "POST /bot/sendMessage HTTP/1.1" 404 55
