2026-04-06 06:22:05,517 - INFO - 启动维护任务 | 协议类型: IPV4
2026-04-06 06:22:05,517 - INFO - --------------------------------------------------
2026-04-06 06:22:05,517 - INFO - [hk.616049.xyz (HKG)] 开始处理节点维护
2026-04-06 06:22:05,526 - DEBUG - DNS解析重试中 hk.616049.xyz: [Errno -2] Name or service not known
2026-04-06 06:22:06,535 - DEBUG - DNS解析重试中 hk.616049.xyz: [Errno -2] Name or service not known
2026-04-06 06:22:07,553 - DEBUG - DNS解析重试中 hk.616049.xyz: [Errno -2] Name or service not known
2026-04-06 06:22:08,554 - WARNING - [hk.616049.xyz (HKG)] ├─ 无有效DNS记录，触发紧急更新
2026-04-06 06:35:04,478 - ERROR - CFST更新失败: None
2026-04-06 06:35:04,478 - INFO - --------------------------------------------------
2026-04-06 06:35:04,478 - INFO - [us.616049.xyz (LAX)] 开始处理节点维护
2026-04-06 06:35:04,486 - DEBUG - DNS解析重试中 us.616049.xyz: [Errno -2] Name or service not known
2026-04-06 06:35:05,496 - DEBUG - DNS解析重试中 us.616049.xyz: [Errno -2] Name or service not known
2026-04-06 06:35:06,507 - DEBUG - DNS解析重试中 us.616049.xyz: [Errno -2] Name or service not known
2026-04-06 06:35:07,508 - WARNING - [us.616049.xyz (LAX)] ├─ 无有效DNS记录，触发紧急更新
2026-04-06 06:48:03,083 - ERROR - CFST更新失败: None
2026-04-06 06:48:03,083 - INFO - --------------------------------------------------
2026-04-06 06:48:03,084 - INFO - [de.616049.xyz (FRA)] 开始处理节点维护
2026-04-06 06:48:03,096 - DEBUG - DNS解析重试中 de.616049.xyz: [Errno -2] Name or service not known
2026-04-06 06:48:04,114 - DEBUG - DNS解析重试中 de.616049.xyz: [Errno -2] Name or service not known
2026-04-06 06:48:05,127 - DEBUG - DNS解析重试中 de.616049.xyz: [Errno -2] Name or service not known
2026-04-06 06:48:06,128 - WARNING - [de.616049.xyz (FRA)] ├─ 无有效DNS记录，触发紧急更新
2026-04-06 07:01:02,442 - ERROR - CFST更新失败: None
2026-04-06 07:01:02,445 - DEBUG - Starting new HTTPS connection (1): api.telegram.org:443
2026-04-06 07:01:02,728 - DEBUG - https://api.telegram.org:443 "POST /bot/sendMessage HTTP/1.1" 404 55
