2026-05-01 06:43:27,530 - INFO - 启动维护任务 | 协议类型: IPV4
2026-05-01 06:43:27,530 - INFO - --------------------------------------------------
2026-05-01 06:43:27,530 - INFO - [hk.616049.xyz (HKG)] 开始处理节点维护
2026-05-01 06:43:27,547 - DEBUG - DNS解析重试中 hk.616049.xyz: [Errno -2] Name or service not known
2026-05-01 06:43:28,559 - DEBUG - DNS解析重试中 hk.616049.xyz: [Errno -2] Name or service not known
2026-05-01 06:43:29,565 - DEBUG - DNS解析重试中 hk.616049.xyz: [Errno -2] Name or service not known
2026-05-01 06:43:30,566 - WARNING - [hk.616049.xyz (HKG)] ├─ 无有效DNS记录，触发紧急更新
2026-05-01 06:56:23,434 - ERROR - CFST更新失败: None
2026-05-01 06:56:23,434 - INFO - --------------------------------------------------
2026-05-01 06:56:23,434 - INFO - [us.616049.xyz (LAX)] 开始处理节点维护
2026-05-01 06:56:23,454 - DEBUG - DNS解析重试中 us.616049.xyz: [Errno -2] Name or service not known
2026-05-01 06:56:24,466 - DEBUG - DNS解析重试中 us.616049.xyz: [Errno -2] Name or service not known
2026-05-01 06:56:25,485 - DEBUG - DNS解析重试中 us.616049.xyz: [Errno -2] Name or service not known
2026-05-01 06:56:26,486 - WARNING - [us.616049.xyz (LAX)] ├─ 无有效DNS记录，触发紧急更新
2026-05-01 07:09:19,532 - ERROR - CFST更新失败: None
2026-05-01 07:09:19,532 - INFO - --------------------------------------------------
2026-05-01 07:09:19,533 - INFO - [de.616049.xyz (FRA)] 开始处理节点维护
2026-05-01 07:09:19,543 - DEBUG - DNS解析重试中 de.616049.xyz: [Errno -2] Name or service not known
2026-05-01 07:09:20,557 - DEBUG - DNS解析重试中 de.616049.xyz: [Errno -2] Name or service not known
2026-05-01 07:09:21,563 - DEBUG - DNS解析重试中 de.616049.xyz: [Errno -2] Name or service not known
2026-05-01 07:09:22,564 - WARNING - [de.616049.xyz (FRA)] ├─ 无有效DNS记录，触发紧急更新
2026-05-01 07:22:15,249 - ERROR - CFST更新失败: None
2026-05-01 07:22:15,252 - DEBUG - Starting new HTTPS connection (1): api.telegram.org:443
2026-05-01 07:22:15,540 - DEBUG - https://api.telegram.org:443 "POST /bot/sendMessage HTTP/1.1" 404 55
