2026-06-19 04:12:38,959 - INFO - 启动维护任务 | 协议类型: IPV4
2026-06-19 04:12:38,959 - INFO - --------------------------------------------------
2026-06-19 04:12:38,959 - INFO - [hk.616049.xyz (HKG)] 开始处理节点维护
2026-06-19 04:12:39,150 - DEBUG - DNS解析重试中 hk.616049.xyz: [Errno -2] Name or service not known
2026-06-19 04:12:40,160 - DEBUG - DNS解析重试中 hk.616049.xyz: [Errno -2] Name or service not known
2026-06-19 04:12:41,181 - DEBUG - DNS解析重试中 hk.616049.xyz: [Errno -2] Name or service not known
2026-06-19 04:12:42,182 - WARNING - [hk.616049.xyz (HKG)] ├─ 无有效DNS记录，触发紧急更新
2026-06-19 04:25:16,993 - ERROR - CFST更新失败: None
2026-06-19 04:25:16,993 - INFO - --------------------------------------------------
2026-06-19 04:25:16,993 - INFO - [us.616049.xyz (LAX)] 开始处理节点维护
2026-06-19 04:25:17,002 - DEBUG - DNS解析重试中 us.616049.xyz: [Errno -2] Name or service not known
2026-06-19 04:25:18,017 - DEBUG - DNS解析重试中 us.616049.xyz: [Errno -2] Name or service not known
2026-06-19 04:25:19,037 - DEBUG - DNS解析重试中 us.616049.xyz: [Errno -2] Name or service not known
2026-06-19 04:25:20,039 - WARNING - [us.616049.xyz (LAX)] ├─ 无有效DNS记录，触发紧急更新
2026-06-19 04:37:54,678 - ERROR - CFST更新失败: None
2026-06-19 04:37:54,679 - INFO - --------------------------------------------------
2026-06-19 04:37:54,679 - INFO - [de.616049.xyz (FRA)] 开始处理节点维护
2026-06-19 04:37:54,697 - DEBUG - DNS解析重试中 de.616049.xyz: [Errno -2] Name or service not known
2026-06-19 04:37:55,715 - DEBUG - DNS解析重试中 de.616049.xyz: [Errno -2] Name or service not known
2026-06-19 04:37:56,725 - DEBUG - DNS解析重试中 de.616049.xyz: [Errno -2] Name or service not known
2026-06-19 04:37:57,726 - WARNING - [de.616049.xyz (FRA)] ├─ 无有效DNS记录，触发紧急更新
2026-06-19 04:50:32,061 - ERROR - CFST更新失败: None
2026-06-19 04:50:32,065 - DEBUG - Starting new HTTPS connection (1): api.telegram.org:443
2026-06-19 04:50:32,358 - DEBUG - https://api.telegram.org:443 "POST /bot/sendMessage HTTP/1.1" 404 55
