2026-03-04 16:30:11,895 - INFO - 启动维护任务 | 协议类型: IPV4
2026-03-04 16:30:11,895 - INFO - --------------------------------------------------
2026-03-04 16:30:11,895 - INFO - [hk.616049.xyz (HKG)] 开始处理节点维护
2026-03-04 16:30:11,906 - DEBUG - DNS解析重试中 hk.616049.xyz: [Errno -2] Name or service not known
2026-03-04 16:30:12,934 - DEBUG - DNS解析重试中 hk.616049.xyz: [Errno -2] Name or service not known
2026-03-04 16:30:13,949 - DEBUG - DNS解析重试中 hk.616049.xyz: [Errno -2] Name or service not known
2026-03-04 16:30:14,950 - WARNING - [hk.616049.xyz (HKG)] ├─ 无有效DNS记录，触发紧急更新
2026-03-04 16:43:15,881 - ERROR - CFST更新失败: None
2026-03-04 16:43:15,881 - INFO - --------------------------------------------------
2026-03-04 16:43:15,881 - INFO - [us.616049.xyz (LAX)] 开始处理节点维护
2026-03-04 16:43:15,899 - DEBUG - DNS解析重试中 us.616049.xyz: [Errno -2] Name or service not known
2026-03-04 16:43:16,921 - DEBUG - DNS解析重试中 us.616049.xyz: [Errno -2] Name or service not known
2026-03-04 16:43:17,935 - DEBUG - DNS解析重试中 us.616049.xyz: [Errno -2] Name or service not known
2026-03-04 16:43:18,936 - WARNING - [us.616049.xyz (LAX)] ├─ 无有效DNS记录，触发紧急更新
2026-03-04 16:56:19,952 - ERROR - CFST更新失败: None
2026-03-04 16:56:19,953 - INFO - --------------------------------------------------
2026-03-04 16:56:19,953 - INFO - [de.616049.xyz (FRA)] 开始处理节点维护
2026-03-04 16:56:19,999 - DEBUG - DNS解析重试中 de.616049.xyz: [Errno -2] Name or service not known
2026-03-04 16:56:21,017 - DEBUG - DNS解析重试中 de.616049.xyz: [Errno -2] Name or service not known
2026-03-04 16:56:22,034 - DEBUG - DNS解析重试中 de.616049.xyz: [Errno -2] Name or service not known
2026-03-04 16:56:23,036 - WARNING - [de.616049.xyz (FRA)] ├─ 无有效DNS记录，触发紧急更新
2026-03-04 17:09:23,368 - ERROR - CFST更新失败: None
2026-03-04 17:09:23,372 - DEBUG - Starting new HTTPS connection (1): api.telegram.org:443
2026-03-04 17:09:23,670 - DEBUG - https://api.telegram.org:443 "POST /bot/sendMessage HTTP/1.1" 404 55
