2026-06-04 16:12:36,834 - INFO - 启动维护任务 | 协议类型: IPV4
2026-06-04 16:12:36,834 - INFO - --------------------------------------------------
2026-06-04 16:12:36,834 - INFO - [hk.616049.xyz (HKG)] 开始处理节点维护
2026-06-04 16:12:36,845 - DEBUG - DNS解析重试中 hk.616049.xyz: [Errno -2] Name or service not known
2026-06-04 16:12:37,856 - DEBUG - DNS解析重试中 hk.616049.xyz: [Errno -2] Name or service not known
2026-06-04 16:12:38,876 - DEBUG - DNS解析重试中 hk.616049.xyz: [Errno -2] Name or service not known
2026-06-04 16:12:39,877 - WARNING - [hk.616049.xyz (HKG)] ├─ 无有效DNS记录，触发紧急更新
2026-06-04 16:25:14,489 - ERROR - CFST更新失败: None
2026-06-04 16:25:14,489 - INFO - --------------------------------------------------
2026-06-04 16:25:14,489 - INFO - [us.616049.xyz (LAX)] 开始处理节点维护
2026-06-04 16:25:14,498 - DEBUG - DNS解析重试中 us.616049.xyz: [Errno -2] Name or service not known
2026-06-04 16:25:15,508 - DEBUG - DNS解析重试中 us.616049.xyz: [Errno -2] Name or service not known
2026-06-04 16:25:16,527 - DEBUG - DNS解析重试中 us.616049.xyz: [Errno -2] Name or service not known
2026-06-04 16:25:17,528 - WARNING - [us.616049.xyz (LAX)] ├─ 无有效DNS记录，触发紧急更新
2026-06-04 16:37:52,105 - ERROR - CFST更新失败: None
2026-06-04 16:37:52,105 - INFO - --------------------------------------------------
2026-06-04 16:37:52,105 - INFO - [de.616049.xyz (FRA)] 开始处理节点维护
2026-06-04 16:37:52,125 - DEBUG - DNS解析重试中 de.616049.xyz: [Errno -2] Name or service not known
2026-06-04 16:37:53,137 - DEBUG - DNS解析重试中 de.616049.xyz: [Errno -2] Name or service not known
2026-06-04 16:37:54,147 - DEBUG - DNS解析重试中 de.616049.xyz: [Errno -2] Name or service not known
2026-06-04 16:37:55,148 - WARNING - [de.616049.xyz (FRA)] ├─ 无有效DNS记录，触发紧急更新
2026-06-04 16:50:32,343 - ERROR - CFST更新失败: None
2026-06-04 16:50:32,347 - DEBUG - Starting new HTTPS connection (1): api.telegram.org:443
2026-06-04 16:50:32,624 - DEBUG - https://api.telegram.org:443 "POST /bot/sendMessage HTTP/1.1" 404 55
