2026-05-02 14:00:57,638 - INFO - 启动维护任务 | 协议类型: IPV4
2026-05-02 14:00:57,638 - INFO - --------------------------------------------------
2026-05-02 14:00:57,638 - INFO - [hk.616049.xyz (HKG)] 开始处理节点维护
2026-05-02 14:00:57,657 - DEBUG - DNS解析重试中 hk.616049.xyz: [Errno -2] Name or service not known
2026-05-02 14:00:58,671 - DEBUG - DNS解析重试中 hk.616049.xyz: [Errno -2] Name or service not known
2026-05-02 14:00:59,688 - DEBUG - DNS解析重试中 hk.616049.xyz: [Errno -2] Name or service not known
2026-05-02 14:01:00,689 - WARNING - [hk.616049.xyz (HKG)] ├─ 无有效DNS记录，触发紧急更新
2026-05-02 14:13:57,841 - ERROR - CFST更新失败: None
2026-05-02 14:13:57,842 - INFO - --------------------------------------------------
2026-05-02 14:13:57,842 - INFO - [us.616049.xyz (LAX)] 开始处理节点维护
2026-05-02 14:13:57,919 - DEBUG - DNS解析重试中 us.616049.xyz: [Errno -2] Name or service not known
2026-05-02 14:13:58,938 - DEBUG - DNS解析重试中 us.616049.xyz: [Errno -2] Name or service not known
2026-05-02 14:14:00,031 - DEBUG - DNS解析重试中 us.616049.xyz: [Errno -2] Name or service not known
2026-05-02 14:14:01,032 - WARNING - [us.616049.xyz (LAX)] ├─ 无有效DNS记录，触发紧急更新
2026-05-02 14:26:58,546 - ERROR - CFST更新失败: None
2026-05-02 14:26:58,547 - INFO - --------------------------------------------------
2026-05-02 14:26:58,547 - INFO - [de.616049.xyz (FRA)] 开始处理节点维护
2026-05-02 14:26:58,782 - DEBUG - DNS解析重试中 de.616049.xyz: [Errno -2] Name or service not known
2026-05-02 14:26:59,808 - DEBUG - DNS解析重试中 de.616049.xyz: [Errno -2] Name or service not known
2026-05-02 14:27:00,829 - DEBUG - DNS解析重试中 de.616049.xyz: [Errno -2] Name or service not known
2026-05-02 14:27:01,830 - WARNING - [de.616049.xyz (FRA)] ├─ 无有效DNS记录，触发紧急更新
2026-05-02 14:39:58,483 - ERROR - CFST更新失败: None
2026-05-02 14:39:58,486 - DEBUG - Starting new HTTPS connection (1): api.telegram.org:443
2026-05-02 14:39:58,786 - DEBUG - https://api.telegram.org:443 "POST /bot/sendMessage HTTP/1.1" 404 55
