2026-07-08 06:52:44,062 - INFO - 启动维护任务 | 协议类型: IPV4
2026-07-08 06:52:44,062 - INFO - --------------------------------------------------
2026-07-08 06:52:44,062 - INFO - [hk.616049.xyz (HKG)] 开始处理节点维护
2026-07-08 06:52:44,157 - DEBUG - DNS解析重试中 hk.616049.xyz: [Errno -5] No address associated with hostname
2026-07-08 06:52:45,164 - DEBUG - DNS解析重试中 hk.616049.xyz: [Errno -5] No address associated with hostname
2026-07-08 06:52:46,171 - DEBUG - DNS解析重试中 hk.616049.xyz: [Errno -5] No address associated with hostname
2026-07-08 06:52:47,172 - WARNING - [hk.616049.xyz (HKG)] ├─ 无有效DNS记录，触发紧急更新
2026-07-08 07:05:21,362 - ERROR - CFST更新失败: None
2026-07-08 07:05:21,362 - INFO - --------------------------------------------------
2026-07-08 07:05:21,362 - INFO - [us.616049.xyz (LAX)] 开始处理节点维护
2026-07-08 07:05:21,440 - DEBUG - DNS解析重试中 us.616049.xyz: [Errno -5] No address associated with hostname
2026-07-08 07:05:22,531 - DEBUG - DNS解析重试中 us.616049.xyz: [Errno -5] No address associated with hostname
2026-07-08 07:05:23,589 - DEBUG - DNS解析重试中 us.616049.xyz: [Errno -5] No address associated with hostname
2026-07-08 07:05:24,590 - WARNING - [us.616049.xyz (LAX)] ├─ 无有效DNS记录，触发紧急更新
2026-07-08 07:17:59,125 - ERROR - CFST更新失败: None
2026-07-08 07:17:59,125 - INFO - --------------------------------------------------
2026-07-08 07:17:59,125 - INFO - [de.616049.xyz (FRA)] 开始处理节点维护
2026-07-08 07:17:59,174 - DEBUG - DNS解析重试中 de.616049.xyz: [Errno -5] No address associated with hostname
2026-07-08 07:18:00,267 - DEBUG - DNS解析重试中 de.616049.xyz: [Errno -5] No address associated with hostname
2026-07-08 07:18:01,347 - DEBUG - DNS解析重试中 de.616049.xyz: [Errno -5] No address associated with hostname
2026-07-08 07:18:02,348 - WARNING - [de.616049.xyz (FRA)] ├─ 无有效DNS记录，触发紧急更新
2026-07-08 07:30:34,596 - ERROR - CFST更新失败: None
2026-07-08 07:30:34,599 - DEBUG - Starting new HTTPS connection (1): api.telegram.org:443
2026-07-08 07:30:34,980 - DEBUG - https://api.telegram.org:443 "POST /bot/sendMessage HTTP/1.1" 404 55
