2026-04-01 09:51:53,044 - INFO - 启动维护任务 | 协议类型: IPV4
2026-04-01 09:51:53,044 - INFO - --------------------------------------------------
2026-04-01 09:51:53,044 - INFO - [hk.616049.xyz (HKG)] 开始处理节点维护
2026-04-01 09:51:53,052 - DEBUG - DNS解析重试中 hk.616049.xyz: [Errno -2] Name or service not known
2026-04-01 09:51:54,061 - DEBUG - DNS解析重试中 hk.616049.xyz: [Errno -2] Name or service not known
2026-04-01 09:51:55,087 - DEBUG - DNS解析重试中 hk.616049.xyz: [Errno -2] Name or service not known
2026-04-01 09:51:56,088 - WARNING - [hk.616049.xyz (HKG)] ├─ 无有效DNS记录，触发紧急更新
2026-04-01 10:04:55,104 - ERROR - CFST更新失败: None
2026-04-01 10:04:55,105 - INFO - --------------------------------------------------
2026-04-01 10:04:55,105 - INFO - [us.616049.xyz (LAX)] 开始处理节点维护
2026-04-01 10:04:55,116 - DEBUG - DNS解析重试中 us.616049.xyz: [Errno -2] Name or service not known
2026-04-01 10:04:56,131 - DEBUG - DNS解析重试中 us.616049.xyz: [Errno -2] Name or service not known
2026-04-01 10:04:57,141 - DEBUG - DNS解析重试中 us.616049.xyz: [Errno -2] Name or service not known
2026-04-01 10:04:58,142 - WARNING - [us.616049.xyz (LAX)] ├─ 无有效DNS记录，触发紧急更新
2026-04-01 10:17:58,017 - ERROR - CFST更新失败: None
2026-04-01 10:17:58,017 - INFO - --------------------------------------------------
2026-04-01 10:17:58,018 - INFO - [de.616049.xyz (FRA)] 开始处理节点维护
2026-04-01 10:17:58,029 - DEBUG - DNS解析重试中 de.616049.xyz: [Errno -2] Name or service not known
2026-04-01 10:17:59,037 - DEBUG - DNS解析重试中 de.616049.xyz: [Errno -2] Name or service not known
2026-04-01 10:18:00,044 - DEBUG - DNS解析重试中 de.616049.xyz: [Errno -2] Name or service not known
2026-04-01 10:18:01,045 - WARNING - [de.616049.xyz (FRA)] ├─ 无有效DNS记录，触发紧急更新
2026-04-01 10:30:59,263 - ERROR - CFST更新失败: None
2026-04-01 10:30:59,266 - DEBUG - Starting new HTTPS connection (1): api.telegram.org:443
2026-04-01 10:30:59,551 - DEBUG - https://api.telegram.org:443 "POST /bot/sendMessage HTTP/1.1" 404 55
