2026-03-06 16:28:45,220 - INFO - 启动维护任务 | 协议类型: IPV4
2026-03-06 16:28:45,220 - INFO - --------------------------------------------------
2026-03-06 16:28:45,220 - INFO - [hk.616049.xyz (HKG)] 开始处理节点维护
2026-03-06 16:28:45,243 - DEBUG - DNS解析重试中 hk.616049.xyz: [Errno -2] Name or service not known
2026-03-06 16:28:46,266 - DEBUG - DNS解析重试中 hk.616049.xyz: [Errno -2] Name or service not known
2026-03-06 16:28:47,293 - DEBUG - DNS解析重试中 hk.616049.xyz: [Errno -2] Name or service not known
2026-03-06 16:28:48,294 - WARNING - [hk.616049.xyz (HKG)] ├─ 无有效DNS记录，触发紧急更新
2026-03-06 16:41:42,069 - ERROR - CFST更新失败: None
2026-03-06 16:41:42,069 - INFO - --------------------------------------------------
2026-03-06 16:41:42,069 - INFO - [us.616049.xyz (LAX)] 开始处理节点维护
2026-03-06 16:41:42,095 - DEBUG - DNS解析重试中 us.616049.xyz: [Errno -2] Name or service not known
2026-03-06 16:41:43,131 - DEBUG - DNS解析重试中 us.616049.xyz: [Errno -2] Name or service not known
2026-03-06 16:41:44,155 - DEBUG - DNS解析重试中 us.616049.xyz: [Errno -2] Name or service not known
2026-03-06 16:41:45,156 - WARNING - [us.616049.xyz (LAX)] ├─ 无有效DNS记录，触发紧急更新
2026-03-06 16:54:38,166 - ERROR - CFST更新失败: None
2026-03-06 16:54:38,167 - INFO - --------------------------------------------------
2026-03-06 16:54:38,167 - INFO - [de.616049.xyz (FRA)] 开始处理节点维护
2026-03-06 16:54:38,189 - DEBUG - DNS解析重试中 de.616049.xyz: [Errno -2] Name or service not known
2026-03-06 16:54:39,222 - DEBUG - DNS解析重试中 de.616049.xyz: [Errno -2] Name or service not known
2026-03-06 16:54:40,230 - DEBUG - DNS解析重试中 de.616049.xyz: [Errno -2] Name or service not known
2026-03-06 16:54:41,231 - WARNING - [de.616049.xyz (FRA)] ├─ 无有效DNS记录，触发紧急更新
2026-03-06 17:07:40,342 - ERROR - CFST更新失败: None
2026-03-06 17:07:40,346 - DEBUG - Starting new HTTPS connection (1): api.telegram.org:443
2026-03-06 17:07:40,672 - DEBUG - https://api.telegram.org:443 "POST /bot/sendMessage HTTP/1.1" 404 55
