2026-02-27 12:06:00,247 - INFO - 启动维护任务 | 协议类型: IPV4
2026-02-27 12:06:00,247 - INFO - --------------------------------------------------
2026-02-27 12:06:00,247 - INFO - [hk.616049.xyz (HKG)] 开始处理节点维护
2026-02-27 12:06:00,265 - DEBUG - DNS解析重试中 hk.616049.xyz: [Errno -2] Name or service not known
2026-02-27 12:06:01,272 - DEBUG - DNS解析重试中 hk.616049.xyz: [Errno -2] Name or service not known
2026-02-27 12:06:02,288 - DEBUG - DNS解析重试中 hk.616049.xyz: [Errno -2] Name or service not known
2026-02-27 12:06:03,289 - WARNING - [hk.616049.xyz (HKG)] ├─ 无有效DNS记录，触发紧急更新
2026-02-27 12:18:56,761 - ERROR - CFST更新失败: None
2026-02-27 12:18:56,762 - INFO - --------------------------------------------------
2026-02-27 12:18:56,762 - INFO - [us.616049.xyz (LAX)] 开始处理节点维护
2026-02-27 12:18:56,776 - DEBUG - DNS解析重试中 us.616049.xyz: [Errno -2] Name or service not known
2026-02-27 12:18:57,790 - DEBUG - DNS解析重试中 us.616049.xyz: [Errno -2] Name or service not known
2026-02-27 12:18:58,798 - DEBUG - DNS解析重试中 us.616049.xyz: [Errno -2] Name or service not known
2026-02-27 12:18:59,799 - WARNING - [us.616049.xyz (LAX)] ├─ 无有效DNS记录，触发紧急更新
2026-02-27 12:31:52,878 - ERROR - CFST更新失败: None
2026-02-27 12:31:52,878 - INFO - --------------------------------------------------
2026-02-27 12:31:52,878 - INFO - [de.616049.xyz (FRA)] 开始处理节点维护
2026-02-27 12:31:52,885 - DEBUG - DNS解析重试中 de.616049.xyz: [Errno -2] Name or service not known
2026-02-27 12:31:53,890 - DEBUG - DNS解析重试中 de.616049.xyz: [Errno -2] Name or service not known
2026-02-27 12:31:54,905 - DEBUG - DNS解析重试中 de.616049.xyz: [Errno -2] Name or service not known
2026-02-27 12:31:55,906 - WARNING - [de.616049.xyz (FRA)] ├─ 无有效DNS记录，触发紧急更新
2026-02-27 12:44:48,982 - ERROR - CFST更新失败: None
2026-02-27 12:44:48,986 - DEBUG - Starting new HTTPS connection (1): api.telegram.org:443
2026-02-27 12:44:49,474 - DEBUG - https://api.telegram.org:443 "POST /bot/sendMessage HTTP/1.1" 404 55
