2026-04-12 04:23:29,342 - INFO - 启动维护任务 | 协议类型: IPV4
2026-04-12 04:23:29,342 - INFO - --------------------------------------------------
2026-04-12 04:23:29,342 - INFO - [hk.616049.xyz (HKG)] 开始处理节点维护
2026-04-12 04:23:29,370 - DEBUG - DNS解析重试中 hk.616049.xyz: [Errno -2] Name or service not known
2026-04-12 04:23:30,378 - DEBUG - DNS解析重试中 hk.616049.xyz: [Errno -2] Name or service not known
2026-04-12 04:23:31,393 - DEBUG - DNS解析重试中 hk.616049.xyz: [Errno -2] Name or service not known
2026-04-12 04:23:32,394 - WARNING - [hk.616049.xyz (HKG)] ├─ 无有效DNS记录，触发紧急更新
2026-04-12 04:36:26,748 - ERROR - CFST更新失败: None
2026-04-12 04:36:26,749 - INFO - --------------------------------------------------
2026-04-12 04:36:26,749 - INFO - [us.616049.xyz (LAX)] 开始处理节点维护
2026-04-12 04:36:26,761 - DEBUG - DNS解析重试中 us.616049.xyz: [Errno -2] Name or service not known
2026-04-12 04:36:27,778 - DEBUG - DNS解析重试中 us.616049.xyz: [Errno -2] Name or service not known
2026-04-12 04:36:28,798 - DEBUG - DNS解析重试中 us.616049.xyz: [Errno -2] Name or service not known
2026-04-12 04:36:29,799 - WARNING - [us.616049.xyz (LAX)] ├─ 无有效DNS记录，触发紧急更新
2026-04-12 04:49:23,650 - ERROR - CFST更新失败: None
2026-04-12 04:49:23,650 - INFO - --------------------------------------------------
2026-04-12 04:49:23,650 - INFO - [de.616049.xyz (FRA)] 开始处理节点维护
2026-04-12 04:49:23,661 - DEBUG - DNS解析重试中 de.616049.xyz: [Errno -2] Name or service not known
2026-04-12 04:49:24,674 - DEBUG - DNS解析重试中 de.616049.xyz: [Errno -2] Name or service not known
2026-04-12 04:49:25,687 - DEBUG - DNS解析重试中 de.616049.xyz: [Errno -2] Name or service not known
2026-04-12 04:49:26,688 - WARNING - [de.616049.xyz (FRA)] ├─ 无有效DNS记录，触发紧急更新
2026-04-12 05:02:20,999 - ERROR - CFST更新失败: None
2026-04-12 05:02:21,002 - DEBUG - Starting new HTTPS connection (1): api.telegram.org:443
2026-04-12 05:02:21,299 - DEBUG - https://api.telegram.org:443 "POST /bot/sendMessage HTTP/1.1" 404 55
