2026-03-01 02:22:10,986 - INFO - 启动维护任务 | 协议类型: IPV4
2026-03-01 02:22:10,986 - INFO - --------------------------------------------------
2026-03-01 02:22:10,987 - INFO - [hk.616049.xyz (HKG)] 开始处理节点维护
2026-03-01 02:22:11,010 - DEBUG - DNS解析重试中 hk.616049.xyz: [Errno -2] Name or service not known
2026-03-01 02:22:12,022 - DEBUG - DNS解析重试中 hk.616049.xyz: [Errno -2] Name or service not known
2026-03-01 02:22:13,038 - DEBUG - DNS解析重试中 hk.616049.xyz: [Errno -2] Name or service not known
2026-03-01 02:22:14,039 - WARNING - [hk.616049.xyz (HKG)] ├─ 无有效DNS记录，触发紧急更新
2026-03-01 02:35:09,922 - ERROR - CFST更新失败: None
2026-03-01 02:35:09,922 - INFO - --------------------------------------------------
2026-03-01 02:35:09,922 - INFO - [us.616049.xyz (LAX)] 开始处理节点维护
2026-03-01 02:35:09,932 - DEBUG - DNS解析重试中 us.616049.xyz: [Errno -2] Name or service not known
2026-03-01 02:35:10,973 - DEBUG - DNS解析重试中 us.616049.xyz: [Errno -2] Name or service not known
2026-03-01 02:35:12,003 - DEBUG - DNS解析重试中 us.616049.xyz: [Errno -2] Name or service not known
2026-03-01 02:35:13,004 - WARNING - [us.616049.xyz (LAX)] ├─ 无有效DNS记录，触发紧急更新
2026-03-01 02:48:08,394 - ERROR - CFST更新失败: None
2026-03-01 02:48:08,395 - INFO - --------------------------------------------------
2026-03-01 02:48:08,395 - INFO - [de.616049.xyz (FRA)] 开始处理节点维护
2026-03-01 02:48:08,414 - DEBUG - DNS解析重试中 de.616049.xyz: [Errno -2] Name or service not known
2026-03-01 02:48:09,465 - DEBUG - DNS解析重试中 de.616049.xyz: [Errno -2] Name or service not known
2026-03-01 02:48:10,489 - DEBUG - DNS解析重试中 de.616049.xyz: [Errno -2] Name or service not known
2026-03-01 02:48:11,491 - WARNING - [de.616049.xyz (FRA)] ├─ 无有效DNS记录，触发紧急更新
2026-03-01 03:01:06,722 - ERROR - CFST更新失败: None
2026-03-01 03:01:06,726 - DEBUG - Starting new HTTPS connection (1): api.telegram.org:443
2026-03-01 03:01:07,022 - DEBUG - https://api.telegram.org:443 "POST /bot/sendMessage HTTP/1.1" 404 55
