2026-03-28 14:49:21,261 - INFO - 启动维护任务 | 协议类型: IPV4
2026-03-28 14:49:21,261 - INFO - --------------------------------------------------
2026-03-28 14:49:21,261 - INFO - [hk.616049.xyz (HKG)] 开始处理节点维护
2026-03-28 14:49:21,284 - DEBUG - DNS解析重试中 hk.616049.xyz: [Errno -2] Name or service not known
2026-03-28 14:49:22,292 - DEBUG - DNS解析重试中 hk.616049.xyz: [Errno -2] Name or service not known
2026-03-28 14:49:23,312 - DEBUG - DNS解析重试中 hk.616049.xyz: [Errno -2] Name or service not known
2026-03-28 14:49:24,313 - WARNING - [hk.616049.xyz (HKG)] ├─ 无有效DNS记录，触发紧急更新
2026-03-28 15:02:18,106 - ERROR - CFST更新失败: None
2026-03-28 15:02:18,106 - INFO - --------------------------------------------------
2026-03-28 15:02:18,106 - INFO - [us.616049.xyz (LAX)] 开始处理节点维护
2026-03-28 15:02:18,113 - DEBUG - DNS解析重试中 us.616049.xyz: [Errno -2] Name or service not known
2026-03-28 15:02:19,127 - DEBUG - DNS解析重试中 us.616049.xyz: [Errno -2] Name or service not known
2026-03-28 15:02:20,135 - DEBUG - DNS解析重试中 us.616049.xyz: [Errno -2] Name or service not known
2026-03-28 15:02:21,137 - WARNING - [us.616049.xyz (LAX)] ├─ 无有效DNS记录，触发紧急更新
2026-03-28 15:15:14,228 - ERROR - CFST更新失败: None
2026-03-28 15:15:14,229 - INFO - --------------------------------------------------
2026-03-28 15:15:14,229 - INFO - [de.616049.xyz (FRA)] 开始处理节点维护
2026-03-28 15:15:14,238 - DEBUG - DNS解析重试中 de.616049.xyz: [Errno -2] Name or service not known
2026-03-28 15:15:15,253 - DEBUG - DNS解析重试中 de.616049.xyz: [Errno -2] Name or service not known
2026-03-28 15:15:16,272 - DEBUG - DNS解析重试中 de.616049.xyz: [Errno -2] Name or service not known
2026-03-28 15:15:17,273 - WARNING - [de.616049.xyz (FRA)] ├─ 无有效DNS记录，触发紧急更新
2026-03-28 15:28:10,334 - ERROR - CFST更新失败: None
2026-03-28 15:28:10,337 - DEBUG - Starting new HTTPS connection (1): api.telegram.org:443
2026-03-28 15:28:10,811 - DEBUG - https://api.telegram.org:443 "POST /bot/sendMessage HTTP/1.1" 404 55
