2026-04-30 19:39:59,744 - INFO - 启动维护任务 | 协议类型: IPV4
2026-04-30 19:39:59,744 - INFO - --------------------------------------------------
2026-04-30 19:39:59,744 - INFO - [hk.616049.xyz (HKG)] 开始处理节点维护
2026-04-30 19:39:59,759 - DEBUG - DNS解析重试中 hk.616049.xyz: [Errno -2] Name or service not known
2026-04-30 19:40:00,772 - DEBUG - DNS解析重试中 hk.616049.xyz: [Errno -2] Name or service not known
2026-04-30 19:40:01,782 - DEBUG - DNS解析重试中 hk.616049.xyz: [Errno -2] Name or service not known
2026-04-30 19:40:02,783 - WARNING - [hk.616049.xyz (HKG)] ├─ 无有效DNS记录，触发紧急更新
2026-04-30 19:53:01,324 - ERROR - CFST更新失败: None
2026-04-30 19:53:01,324 - INFO - --------------------------------------------------
2026-04-30 19:53:01,324 - INFO - [us.616049.xyz (LAX)] 开始处理节点维护
2026-04-30 19:53:01,336 - DEBUG - DNS解析重试中 us.616049.xyz: [Errno -2] Name or service not known
2026-04-30 19:53:02,348 - DEBUG - DNS解析重试中 us.616049.xyz: [Errno -2] Name or service not known
2026-04-30 19:53:03,368 - DEBUG - DNS解析重试中 us.616049.xyz: [Errno -2] Name or service not known
2026-04-30 19:53:04,369 - WARNING - [us.616049.xyz (LAX)] ├─ 无有效DNS记录，触发紧急更新
2026-04-30 20:06:03,321 - ERROR - CFST更新失败: None
2026-04-30 20:06:03,321 - INFO - --------------------------------------------------
2026-04-30 20:06:03,321 - INFO - [de.616049.xyz (FRA)] 开始处理节点维护
2026-04-30 20:06:03,332 - DEBUG - DNS解析重试中 de.616049.xyz: [Errno -2] Name or service not known
2026-04-30 20:06:04,347 - DEBUG - DNS解析重试中 de.616049.xyz: [Errno -2] Name or service not known
2026-04-30 20:06:05,358 - DEBUG - DNS解析重试中 de.616049.xyz: [Errno -2] Name or service not known
2026-04-30 20:06:06,359 - WARNING - [de.616049.xyz (FRA)] ├─ 无有效DNS记录，触发紧急更新
2026-04-30 20:19:10,703 - ERROR - CFST更新失败: None
2026-04-30 20:19:10,707 - DEBUG - Starting new HTTPS connection (1): api.telegram.org:443
2026-04-30 20:19:11,008 - DEBUG - https://api.telegram.org:443 "POST /bot/sendMessage HTTP/1.1" 404 55
