2026-05-03 06:32:14,664 - INFO - 启动维护任务 | 协议类型: IPV4
2026-05-03 06:32:14,664 - INFO - --------------------------------------------------
2026-05-03 06:32:14,664 - INFO - [hk.616049.xyz (HKG)] 开始处理节点维护
2026-05-03 06:32:14,680 - DEBUG - DNS解析重试中 hk.616049.xyz: [Errno -2] Name or service not known
2026-05-03 06:32:15,695 - DEBUG - DNS解析重试中 hk.616049.xyz: [Errno -2] Name or service not known
2026-05-03 06:32:16,703 - DEBUG - DNS解析重试中 hk.616049.xyz: [Errno -2] Name or service not known
2026-05-03 06:32:17,704 - WARNING - [hk.616049.xyz (HKG)] ├─ 无有效DNS记录，触发紧急更新
2026-05-03 06:45:10,779 - ERROR - CFST更新失败: None
2026-05-03 06:45:10,779 - INFO - --------------------------------------------------
2026-05-03 06:45:10,779 - INFO - [us.616049.xyz (LAX)] 开始处理节点维护
2026-05-03 06:45:10,785 - DEBUG - DNS解析重试中 us.616049.xyz: [Errno -2] Name or service not known
2026-05-03 06:45:11,793 - DEBUG - DNS解析重试中 us.616049.xyz: [Errno -2] Name or service not known
2026-05-03 06:45:12,802 - DEBUG - DNS解析重试中 us.616049.xyz: [Errno -2] Name or service not known
2026-05-03 06:45:13,803 - WARNING - [us.616049.xyz (LAX)] ├─ 无有效DNS记录，触发紧急更新
2026-05-03 06:58:06,901 - ERROR - CFST更新失败: None
2026-05-03 06:58:06,901 - INFO - --------------------------------------------------
2026-05-03 06:58:06,901 - INFO - [de.616049.xyz (FRA)] 开始处理节点维护
2026-05-03 06:58:06,908 - DEBUG - DNS解析重试中 de.616049.xyz: [Errno -2] Name or service not known
2026-05-03 06:58:07,916 - DEBUG - DNS解析重试中 de.616049.xyz: [Errno -2] Name or service not known
2026-05-03 06:58:08,934 - DEBUG - DNS解析重试中 de.616049.xyz: [Errno -2] Name or service not known
2026-05-03 06:58:09,936 - WARNING - [de.616049.xyz (FRA)] ├─ 无有效DNS记录，触发紧急更新
2026-05-03 07:11:03,548 - ERROR - CFST更新失败: None
2026-05-03 07:11:03,552 - DEBUG - Starting new HTTPS connection (1): api.telegram.org:443
2026-05-03 07:11:04,041 - DEBUG - https://api.telegram.org:443 "POST /bot/sendMessage HTTP/1.1" 404 55
