2026-03-17 02:51:22,030 - INFO - 启动维护任务 | 协议类型: IPV4
2026-03-17 02:51:22,030 - INFO - --------------------------------------------------
2026-03-17 02:51:22,030 - INFO - [hk.616049.xyz (HKG)] 开始处理节点维护
2026-03-17 02:51:22,051 - DEBUG - DNS解析重试中 hk.616049.xyz: [Errno -2] Name or service not known
2026-03-17 02:51:23,059 - DEBUG - DNS解析重试中 hk.616049.xyz: [Errno -2] Name or service not known
2026-03-17 02:51:24,070 - DEBUG - DNS解析重试中 hk.616049.xyz: [Errno -2] Name or service not known
2026-03-17 02:51:25,071 - WARNING - [hk.616049.xyz (HKG)] ├─ 无有效DNS记录，触发紧急更新
2026-03-17 03:04:19,663 - ERROR - CFST更新失败: None
2026-03-17 03:04:19,663 - INFO - --------------------------------------------------
2026-03-17 03:04:19,663 - INFO - [us.616049.xyz (LAX)] 开始处理节点维护
2026-03-17 03:04:19,677 - DEBUG - DNS解析重试中 us.616049.xyz: [Errno -2] Name or service not known
2026-03-17 03:04:20,699 - DEBUG - DNS解析重试中 us.616049.xyz: [Errno -2] Name or service not known
2026-03-17 03:04:21,718 - DEBUG - DNS解析重试中 us.616049.xyz: [Errno -2] Name or service not known
2026-03-17 03:04:22,719 - WARNING - [us.616049.xyz (LAX)] ├─ 无有效DNS记录，触发紧急更新
2026-03-17 03:17:16,880 - ERROR - CFST更新失败: None
2026-03-17 03:17:16,880 - INFO - --------------------------------------------------
2026-03-17 03:17:16,880 - INFO - [de.616049.xyz (FRA)] 开始处理节点维护
2026-03-17 03:17:16,916 - DEBUG - DNS解析重试中 de.616049.xyz: [Errno -2] Name or service not known
2026-03-17 03:17:17,925 - DEBUG - DNS解析重试中 de.616049.xyz: [Errno -2] Name or service not known
2026-03-17 03:17:18,934 - DEBUG - DNS解析重试中 de.616049.xyz: [Errno -2] Name or service not known
2026-03-17 03:17:19,935 - WARNING - [de.616049.xyz (FRA)] ├─ 无有效DNS记录，触发紧急更新
2026-03-17 03:30:13,722 - ERROR - CFST更新失败: None
2026-03-17 03:30:13,726 - DEBUG - Starting new HTTPS connection (1): api.telegram.org:443
2026-03-17 03:30:14,217 - DEBUG - https://api.telegram.org:443 "POST /bot/sendMessage HTTP/1.1" 404 55
