2026-02-19 09:23:35,297 - INFO - 启动维护任务 | 协议类型: IPV4
2026-02-19 09:23:35,297 - INFO - --------------------------------------------------
2026-02-19 09:23:35,297 - INFO - [hk.616049.xyz (HKG)] 开始处理节点维护
2026-02-19 09:23:35,311 - DEBUG - DNS解析重试中 hk.616049.xyz: [Errno -2] Name or service not known
2026-02-19 09:23:36,327 - DEBUG - DNS解析重试中 hk.616049.xyz: [Errno -2] Name or service not known
2026-02-19 09:23:37,349 - DEBUG - DNS解析重试中 hk.616049.xyz: [Errno -2] Name or service not known
2026-02-19 09:23:38,351 - WARNING - [hk.616049.xyz (HKG)] ├─ 无有效DNS记录，触发紧急更新
2026-02-19 09:36:34,694 - ERROR - CFST更新失败: None
2026-02-19 09:36:34,694 - INFO - --------------------------------------------------
2026-02-19 09:36:34,694 - INFO - [us.616049.xyz (LAX)] 开始处理节点维护
2026-02-19 09:36:34,722 - DEBUG - DNS解析重试中 us.616049.xyz: [Errno -2] Name or service not known
2026-02-19 09:36:35,749 - DEBUG - DNS解析重试中 us.616049.xyz: [Errno -2] Name or service not known
2026-02-19 09:36:36,767 - DEBUG - DNS解析重试中 us.616049.xyz: [Errno -2] Name or service not known
2026-02-19 09:36:37,768 - WARNING - [us.616049.xyz (LAX)] ├─ 无有效DNS记录，触发紧急更新
2026-02-19 09:49:33,826 - ERROR - CFST更新失败: None
2026-02-19 09:49:33,826 - INFO - --------------------------------------------------
2026-02-19 09:49:33,827 - INFO - [de.616049.xyz (FRA)] 开始处理节点维护
2026-02-19 09:49:33,853 - DEBUG - DNS解析重试中 de.616049.xyz: [Errno -2] Name or service not known
2026-02-19 09:49:34,867 - DEBUG - DNS解析重试中 de.616049.xyz: [Errno -2] Name or service not known
2026-02-19 09:49:35,883 - DEBUG - DNS解析重试中 de.616049.xyz: [Errno -2] Name or service not known
2026-02-19 09:49:36,884 - WARNING - [de.616049.xyz (FRA)] ├─ 无有效DNS记录，触发紧急更新
2026-02-19 10:02:33,268 - ERROR - CFST更新失败: None
2026-02-19 10:02:33,272 - DEBUG - Starting new HTTPS connection (1): api.telegram.org:443
2026-02-19 10:02:33,740 - DEBUG - https://api.telegram.org:443 "POST /bot/sendMessage HTTP/1.1" 404 55
