2026-04-19 15:08:29,630 - INFO - 启动维护任务 | 协议类型: IPV4
2026-04-19 15:08:29,631 - INFO - --------------------------------------------------
2026-04-19 15:08:29,631 - INFO - [hk.616049.xyz (HKG)] 开始处理节点维护
2026-04-19 15:08:29,663 - DEBUG - DNS解析重试中 hk.616049.xyz: [Errno -2] Name or service not known
2026-04-19 15:08:30,693 - DEBUG - DNS解析重试中 hk.616049.xyz: [Errno -2] Name or service not known
2026-04-19 15:08:31,725 - DEBUG - DNS解析重试中 hk.616049.xyz: [Errno -2] Name or service not known
2026-04-19 15:08:32,727 - WARNING - [hk.616049.xyz (HKG)] ├─ 无有效DNS记录，触发紧急更新
2026-04-19 15:21:26,309 - ERROR - CFST更新失败: None
2026-04-19 15:21:26,309 - INFO - --------------------------------------------------
2026-04-19 15:21:26,309 - INFO - [us.616049.xyz (LAX)] 开始处理节点维护
2026-04-19 15:21:26,348 - DEBUG - DNS解析重试中 us.616049.xyz: [Errno -2] Name or service not known
2026-04-19 15:21:27,379 - DEBUG - DNS解析重试中 us.616049.xyz: [Errno -2] Name or service not known
2026-04-19 15:21:28,414 - DEBUG - DNS解析重试中 us.616049.xyz: [Errno -2] Name or service not known
2026-04-19 15:21:29,415 - WARNING - [us.616049.xyz (LAX)] ├─ 无有效DNS记录，触发紧急更新
2026-04-19 15:34:22,283 - ERROR - CFST更新失败: None
2026-04-19 15:34:22,283 - INFO - --------------------------------------------------
2026-04-19 15:34:22,283 - INFO - [de.616049.xyz (FRA)] 开始处理节点维护
2026-04-19 15:34:22,305 - DEBUG - DNS解析重试中 de.616049.xyz: [Errno -2] Name or service not known
2026-04-19 15:34:23,329 - DEBUG - DNS解析重试中 de.616049.xyz: [Errno -2] Name or service not known
2026-04-19 15:34:24,359 - DEBUG - DNS解析重试中 de.616049.xyz: [Errno -2] Name or service not known
2026-04-19 15:34:25,360 - WARNING - [de.616049.xyz (FRA)] ├─ 无有效DNS记录，触发紧急更新
2026-04-19 15:47:18,717 - ERROR - CFST更新失败: None
2026-04-19 15:47:18,721 - DEBUG - Starting new HTTPS connection (1): api.telegram.org:443
2026-04-19 15:47:19,056 - DEBUG - https://api.telegram.org:443 "POST /bot/sendMessage HTTP/1.1" 404 55
