2026-04-03 14:59:07,209 - INFO - 启动维护任务 | 协议类型: IPV4
2026-04-03 14:59:07,209 - INFO - --------------------------------------------------
2026-04-03 14:59:07,209 - INFO - [hk.616049.xyz (HKG)] 开始处理节点维护
2026-04-03 14:59:07,221 - DEBUG - DNS解析重试中 hk.616049.xyz: [Errno -2] Name or service not known
2026-04-03 14:59:08,236 - DEBUG - DNS解析重试中 hk.616049.xyz: [Errno -2] Name or service not known
2026-04-03 14:59:09,249 - DEBUG - DNS解析重试中 hk.616049.xyz: [Errno -2] Name or service not known
2026-04-03 14:59:10,250 - WARNING - [hk.616049.xyz (HKG)] ├─ 无有效DNS记录，触发紧急更新
2026-04-03 15:12:05,674 - ERROR - CFST更新失败: None
2026-04-03 15:12:05,674 - INFO - --------------------------------------------------
2026-04-03 15:12:05,675 - INFO - [us.616049.xyz (LAX)] 开始处理节点维护
2026-04-03 15:12:05,701 - DEBUG - DNS解析重试中 us.616049.xyz: [Errno -2] Name or service not known
2026-04-03 15:12:06,719 - DEBUG - DNS解析重试中 us.616049.xyz: [Errno -2] Name or service not known
2026-04-03 15:12:07,743 - DEBUG - DNS解析重试中 us.616049.xyz: [Errno -2] Name or service not known
2026-04-03 15:12:08,745 - WARNING - [us.616049.xyz (LAX)] ├─ 无有效DNS记录，触发紧急更新
2026-04-03 15:25:04,123 - ERROR - CFST更新失败: None
2026-04-03 15:25:04,123 - INFO - --------------------------------------------------
2026-04-03 15:25:04,123 - INFO - [de.616049.xyz (FRA)] 开始处理节点维护
2026-04-03 15:25:04,135 - DEBUG - DNS解析重试中 de.616049.xyz: [Errno -2] Name or service not known
2026-04-03 15:25:05,149 - DEBUG - DNS解析重试中 de.616049.xyz: [Errno -2] Name or service not known
2026-04-03 15:25:06,161 - DEBUG - DNS解析重试中 de.616049.xyz: [Errno -2] Name or service not known
2026-04-03 15:25:07,162 - WARNING - [de.616049.xyz (FRA)] ├─ 无有效DNS记录，触发紧急更新
2026-04-03 15:38:02,470 - ERROR - CFST更新失败: None
2026-04-03 15:38:02,474 - DEBUG - Starting new HTTPS connection (1): api.telegram.org:443
2026-04-03 15:38:02,767 - DEBUG - https://api.telegram.org:443 "POST /bot/sendMessage HTTP/1.1" 404 55
