2026-02-07 18:18:38,509 - INFO - 启动维护任务 | 协议类型: IPV4
2026-02-07 18:18:38,509 - INFO - --------------------------------------------------
2026-02-07 18:18:38,509 - INFO - [hk.616049.xyz (HKG)] 开始处理节点维护
2026-02-07 18:18:38,548 - DEBUG - DNS解析重试中 hk.616049.xyz: [Errno -2] Name or service not known
2026-02-07 18:18:39,578 - DEBUG - DNS解析重试中 hk.616049.xyz: [Errno -2] Name or service not known
2026-02-07 18:18:40,607 - DEBUG - DNS解析重试中 hk.616049.xyz: [Errno -2] Name or service not known
2026-02-07 18:18:41,608 - WARNING - [hk.616049.xyz (HKG)] ├─ 无有效DNS记录，触发紧急更新
2026-02-07 18:31:41,334 - ERROR - CFST更新失败: None
2026-02-07 18:31:41,334 - INFO - --------------------------------------------------
2026-02-07 18:31:41,334 - INFO - [us.616049.xyz (LAX)] 开始处理节点维护
2026-02-07 18:31:41,362 - DEBUG - DNS解析重试中 us.616049.xyz: [Errno -2] Name or service not known
2026-02-07 18:31:42,397 - DEBUG - DNS解析重试中 us.616049.xyz: [Errno -2] Name or service not known
2026-02-07 18:31:43,401 - DEBUG - DNS解析重试中 us.616049.xyz: [Errno -2] Name or service not known
2026-02-07 18:31:44,402 - WARNING - [us.616049.xyz (LAX)] ├─ 无有效DNS记录，触发紧急更新
2026-02-07 18:44:43,346 - ERROR - CFST更新失败: None
2026-02-07 18:44:43,346 - INFO - --------------------------------------------------
2026-02-07 18:44:43,346 - INFO - [de.616049.xyz (FRA)] 开始处理节点维护
2026-02-07 18:44:43,388 - DEBUG - DNS解析重试中 de.616049.xyz: [Errno -2] Name or service not known
2026-02-07 18:44:44,418 - DEBUG - DNS解析重试中 de.616049.xyz: [Errno -2] Name or service not known
2026-02-07 18:44:45,424 - DEBUG - DNS解析重试中 de.616049.xyz: [Errno -2] Name or service not known
2026-02-07 18:44:46,425 - WARNING - [de.616049.xyz (FRA)] ├─ 无有效DNS记录，触发紧急更新
2026-02-07 18:57:47,139 - ERROR - CFST更新失败: None
2026-02-07 18:57:47,143 - DEBUG - Starting new HTTPS connection (1): api.telegram.org:443
2026-02-07 18:57:47,577 - DEBUG - https://api.telegram.org:443 "POST /bot/sendMessage HTTP/1.1" 404 55
