2026-05-21 10:35:22,873 - INFO - 启动维护任务 | 协议类型: IPV4
2026-05-21 10:35:22,873 - INFO - --------------------------------------------------
2026-05-21 10:35:22,874 - INFO - [hk.616049.xyz (HKG)] 开始处理节点维护
2026-05-21 10:35:22,902 - DEBUG - DNS解析重试中 hk.616049.xyz: [Errno -2] Name or service not known
2026-05-21 10:35:23,931 - DEBUG - DNS解析重试中 hk.616049.xyz: [Errno -2] Name or service not known
2026-05-21 10:35:24,963 - DEBUG - DNS解析重试中 hk.616049.xyz: [Errno -2] Name or service not known
2026-05-21 10:35:25,964 - WARNING - [hk.616049.xyz (HKG)] ├─ 无有效DNS记录，触发紧急更新
2026-05-21 10:48:21,120 - ERROR - CFST更新失败: None
2026-05-21 10:48:21,120 - INFO - --------------------------------------------------
2026-05-21 10:48:21,120 - INFO - [us.616049.xyz (LAX)] 开始处理节点维护
2026-05-21 10:48:21,157 - DEBUG - DNS解析重试中 us.616049.xyz: [Errno -2] Name or service not known
2026-05-21 10:48:22,203 - DEBUG - DNS解析重试中 us.616049.xyz: [Errno -2] Name or service not known
2026-05-21 10:48:23,232 - DEBUG - DNS解析重试中 us.616049.xyz: [Errno -2] Name or service not known
2026-05-21 10:48:24,233 - WARNING - [us.616049.xyz (LAX)] ├─ 无有效DNS记录，触发紧急更新
2026-05-21 11:01:18,689 - ERROR - CFST更新失败: None
2026-05-21 11:01:18,689 - INFO - --------------------------------------------------
2026-05-21 11:01:18,689 - INFO - [de.616049.xyz (FRA)] 开始处理节点维护
2026-05-21 11:01:18,726 - DEBUG - DNS解析重试中 de.616049.xyz: [Errno -2] Name or service not known
2026-05-21 11:01:19,765 - DEBUG - DNS解析重试中 de.616049.xyz: [Errno -2] Name or service not known
2026-05-21 11:01:20,799 - DEBUG - DNS解析重试中 de.616049.xyz: [Errno -2] Name or service not known
2026-05-21 11:01:21,800 - WARNING - [de.616049.xyz (FRA)] ├─ 无有效DNS记录，触发紧急更新
2026-05-21 11:14:15,663 - ERROR - CFST更新失败: None
2026-05-21 11:14:15,666 - DEBUG - Starting new HTTPS connection (1): api.telegram.org:443
2026-05-21 11:14:16,065 - DEBUG - https://api.telegram.org:443 "POST /bot/sendMessage HTTP/1.1" 404 55
