2026-02-19 18:35:40,462 - INFO - 启动维护任务 | 协议类型: IPV4
2026-02-19 18:35:40,462 - INFO - --------------------------------------------------
2026-02-19 18:35:40,462 - INFO - [hk.616049.xyz (HKG)] 开始处理节点维护
2026-02-19 18:35:40,476 - DEBUG - DNS解析重试中 hk.616049.xyz: [Errno -2] Name or service not known
2026-02-19 18:35:41,491 - DEBUG - DNS解析重试中 hk.616049.xyz: [Errno -2] Name or service not known
2026-02-19 18:35:42,525 - DEBUG - DNS解析重试中 hk.616049.xyz: [Errno -2] Name or service not known
2026-02-19 18:35:43,526 - WARNING - [hk.616049.xyz (HKG)] ├─ 无有效DNS记录，触发紧急更新
2026-02-19 18:48:41,771 - ERROR - CFST更新失败: None
2026-02-19 18:48:41,772 - INFO - --------------------------------------------------
2026-02-19 18:48:41,772 - INFO - [us.616049.xyz (LAX)] 开始处理节点维护
2026-02-19 18:48:41,785 - DEBUG - DNS解析重试中 us.616049.xyz: [Errno -2] Name or service not known
2026-02-19 18:48:42,798 - DEBUG - DNS解析重试中 us.616049.xyz: [Errno -2] Name or service not known
2026-02-19 18:48:43,837 - DEBUG - DNS解析重试中 us.616049.xyz: [Errno -2] Name or service not known
2026-02-19 18:48:44,839 - WARNING - [us.616049.xyz (LAX)] ├─ 无有效DNS记录，触发紧急更新
2026-02-19 19:01:44,005 - ERROR - CFST更新失败: None
2026-02-19 19:01:44,005 - INFO - --------------------------------------------------
2026-02-19 19:01:44,006 - INFO - [de.616049.xyz (FRA)] 开始处理节点维护
2026-02-19 19:01:44,031 - DEBUG - DNS解析重试中 de.616049.xyz: [Errno -2] Name or service not known
2026-02-19 19:01:45,088 - DEBUG - DNS解析重试中 de.616049.xyz: [Errno -2] Name or service not known
2026-02-19 19:01:46,107 - DEBUG - DNS解析重试中 de.616049.xyz: [Errno -2] Name or service not known
2026-02-19 19:01:47,108 - WARNING - [de.616049.xyz (FRA)] ├─ 无有效DNS记录，触发紧急更新
2026-02-19 19:14:46,125 - ERROR - CFST更新失败: None
2026-02-19 19:14:46,129 - DEBUG - Starting new HTTPS connection (1): api.telegram.org:443
2026-02-19 19:14:46,586 - DEBUG - https://api.telegram.org:443 "POST /bot/sendMessage HTTP/1.1" 404 55
