2026-05-17 04:39:02,854 - INFO - 启动维护任务 | 协议类型: IPV4
2026-05-17 04:39:02,854 - INFO - --------------------------------------------------
2026-05-17 04:39:02,854 - INFO - [hk.616049.xyz (HKG)] 开始处理节点维护
2026-05-17 04:39:02,878 - DEBUG - DNS解析重试中 hk.616049.xyz: [Errno -2] Name or service not known
2026-05-17 04:39:03,894 - DEBUG - DNS解析重试中 hk.616049.xyz: [Errno -2] Name or service not known
2026-05-17 04:39:04,917 - DEBUG - DNS解析重试中 hk.616049.xyz: [Errno -2] Name or service not known
2026-05-17 04:39:05,918 - WARNING - [hk.616049.xyz (HKG)] ├─ 无有效DNS记录，触发紧急更新
2026-05-17 04:51:59,943 - ERROR - CFST更新失败: None
2026-05-17 04:51:59,943 - INFO - --------------------------------------------------
2026-05-17 04:51:59,943 - INFO - [us.616049.xyz (LAX)] 开始处理节点维护
2026-05-17 04:51:59,965 - DEBUG - DNS解析重试中 us.616049.xyz: [Errno -2] Name or service not known
2026-05-17 04:52:00,989 - DEBUG - DNS解析重试中 us.616049.xyz: [Errno -2] Name or service not known
2026-05-17 04:52:02,013 - DEBUG - DNS解析重试中 us.616049.xyz: [Errno -2] Name or service not known
2026-05-17 04:52:03,014 - WARNING - [us.616049.xyz (LAX)] ├─ 无有效DNS记录，触发紧急更新
2026-05-17 05:04:56,580 - ERROR - CFST更新失败: None
2026-05-17 05:04:56,580 - INFO - --------------------------------------------------
2026-05-17 05:04:56,580 - INFO - [de.616049.xyz (FRA)] 开始处理节点维护
2026-05-17 05:04:56,601 - DEBUG - DNS解析重试中 de.616049.xyz: [Errno -2] Name or service not known
2026-05-17 05:04:57,619 - DEBUG - DNS解析重试中 de.616049.xyz: [Errno -2] Name or service not known
2026-05-17 05:04:58,654 - DEBUG - DNS解析重试中 de.616049.xyz: [Errno -2] Name or service not known
2026-05-17 05:04:59,656 - WARNING - [de.616049.xyz (FRA)] ├─ 无有效DNS记录，触发紧急更新
2026-05-17 05:17:54,075 - ERROR - CFST更新失败: None
2026-05-17 05:17:54,078 - DEBUG - Starting new HTTPS connection (1): api.telegram.org:443
2026-05-17 05:17:54,551 - DEBUG - https://api.telegram.org:443 "POST /bot/sendMessage HTTP/1.1" 404 55
