2026-03-27 16:41:46,510 - INFO - 启动维护任务 | 协议类型: IPV4
2026-03-27 16:41:46,510 - INFO - --------------------------------------------------
2026-03-27 16:41:46,510 - INFO - [hk.616049.xyz (HKG)] 开始处理节点维护
2026-03-27 16:41:46,533 - DEBUG - DNS解析重试中 hk.616049.xyz: [Errno -2] Name or service not known
2026-03-27 16:41:47,555 - DEBUG - DNS解析重试中 hk.616049.xyz: [Errno -2] Name or service not known
2026-03-27 16:41:48,578 - DEBUG - DNS解析重试中 hk.616049.xyz: [Errno -2] Name or service not known
2026-03-27 16:41:49,579 - WARNING - [hk.616049.xyz (HKG)] ├─ 无有效DNS记录，触发紧急更新
2026-03-27 16:54:43,491 - ERROR - CFST更新失败: None
2026-03-27 16:54:43,491 - INFO - --------------------------------------------------
2026-03-27 16:54:43,491 - INFO - [us.616049.xyz (LAX)] 开始处理节点维护
2026-03-27 16:54:43,519 - DEBUG - DNS解析重试中 us.616049.xyz: [Errno -2] Name or service not known
2026-03-27 16:54:44,547 - DEBUG - DNS解析重试中 us.616049.xyz: [Errno -2] Name or service not known
2026-03-27 16:54:45,569 - DEBUG - DNS解析重试中 us.616049.xyz: [Errno -2] Name or service not known
2026-03-27 16:54:46,571 - WARNING - [us.616049.xyz (LAX)] ├─ 无有效DNS记录，触发紧急更新
2026-03-27 17:07:40,178 - ERROR - CFST更新失败: None
2026-03-27 17:07:40,178 - INFO - --------------------------------------------------
2026-03-27 17:07:40,178 - INFO - [de.616049.xyz (FRA)] 开始处理节点维护
2026-03-27 17:07:40,204 - DEBUG - DNS解析重试中 de.616049.xyz: [Errno -2] Name or service not known
2026-03-27 17:07:41,228 - DEBUG - DNS解析重试中 de.616049.xyz: [Errno -2] Name or service not known
2026-03-27 17:07:42,255 - DEBUG - DNS解析重试中 de.616049.xyz: [Errno -2] Name or service not known
2026-03-27 17:07:43,256 - WARNING - [de.616049.xyz (FRA)] ├─ 无有效DNS记录，触发紧急更新
2026-03-27 17:20:36,610 - ERROR - CFST更新失败: None
2026-03-27 17:20:36,614 - DEBUG - Starting new HTTPS connection (1): api.telegram.org:443
2026-03-27 17:20:36,953 - DEBUG - https://api.telegram.org:443 "POST /bot/sendMessage HTTP/1.1" 404 55
