2026-02-25 16:38:47,308 - INFO - 启动维护任务 | 协议类型: IPV4
2026-02-25 16:38:47,308 - INFO - --------------------------------------------------
2026-02-25 16:38:47,308 - INFO - [hk.616049.xyz (HKG)] 开始处理节点维护
2026-02-25 16:38:47,319 - DEBUG - DNS解析重试中 hk.616049.xyz: [Errno -2] Name or service not known
2026-02-25 16:38:48,328 - DEBUG - DNS解析重试中 hk.616049.xyz: [Errno -2] Name or service not known
2026-02-25 16:38:49,341 - DEBUG - DNS解析重试中 hk.616049.xyz: [Errno -2] Name or service not known
2026-02-25 16:38:50,342 - WARNING - [hk.616049.xyz (HKG)] ├─ 无有效DNS记录，触发紧急更新
2026-02-25 16:51:46,898 - ERROR - CFST更新失败: None
2026-02-25 16:51:46,898 - INFO - --------------------------------------------------
2026-02-25 16:51:46,898 - INFO - [us.616049.xyz (LAX)] 开始处理节点维护
2026-02-25 16:51:46,908 - DEBUG - DNS解析重试中 us.616049.xyz: [Errno -2] Name or service not known
2026-02-25 16:51:47,917 - DEBUG - DNS解析重试中 us.616049.xyz: [Errno -2] Name or service not known
2026-02-25 16:51:48,932 - DEBUG - DNS解析重试中 us.616049.xyz: [Errno -2] Name or service not known
2026-02-25 16:51:49,933 - WARNING - [us.616049.xyz (LAX)] ├─ 无有效DNS记录，触发紧急更新
2026-02-25 17:04:45,937 - ERROR - CFST更新失败: None
2026-02-25 17:04:45,937 - INFO - --------------------------------------------------
2026-02-25 17:04:45,938 - INFO - [de.616049.xyz (FRA)] 开始处理节点维护
2026-02-25 17:04:45,947 - DEBUG - DNS解析重试中 de.616049.xyz: [Errno -2] Name or service not known
2026-02-25 17:04:46,965 - DEBUG - DNS解析重试中 de.616049.xyz: [Errno -2] Name or service not known
2026-02-25 17:04:47,974 - DEBUG - DNS解析重试中 de.616049.xyz: [Errno -2] Name or service not known
2026-02-25 17:04:48,975 - WARNING - [de.616049.xyz (FRA)] ├─ 无有效DNS记录，触发紧急更新
2026-02-25 17:17:47,349 - ERROR - CFST更新失败: None
2026-02-25 17:17:47,352 - DEBUG - Starting new HTTPS connection (1): api.telegram.org:443
2026-02-25 17:17:47,649 - DEBUG - https://api.telegram.org:443 "POST /bot/sendMessage HTTP/1.1" 404 55
