2026-07-21 05:02:32,771 - INFO - 启动维护任务 | 协议类型: IPV4
2026-07-21 05:02:32,771 - INFO - --------------------------------------------------
2026-07-21 05:02:32,771 - INFO - [hk.616049.xyz (HKG)] 开始处理节点维护
2026-07-21 05:02:32,811 - DEBUG - DNS解析重试中 hk.616049.xyz: [Errno -5] No address associated with hostname
2026-07-21 05:02:33,849 - DEBUG - DNS解析重试中 hk.616049.xyz: [Errno -5] No address associated with hostname
2026-07-21 05:02:34,892 - DEBUG - DNS解析重试中 hk.616049.xyz: [Errno -5] No address associated with hostname
2026-07-21 05:02:35,893 - WARNING - [hk.616049.xyz (HKG)] ├─ 无有效DNS记录，触发紧急更新
2026-07-21 05:15:07,174 - ERROR - CFST更新失败: None
2026-07-21 05:15:07,174 - INFO - --------------------------------------------------
2026-07-21 05:15:07,174 - INFO - [us.616049.xyz (LAX)] 开始处理节点维护
2026-07-21 05:15:07,211 - DEBUG - DNS解析重试中 us.616049.xyz: [Errno -5] No address associated with hostname
2026-07-21 05:15:08,252 - DEBUG - DNS解析重试中 us.616049.xyz: [Errno -5] No address associated with hostname
2026-07-21 05:15:09,300 - DEBUG - DNS解析重试中 us.616049.xyz: [Errno -5] No address associated with hostname
2026-07-21 05:15:10,301 - WARNING - [us.616049.xyz (LAX)] ├─ 无有效DNS记录，触发紧急更新
2026-07-21 05:27:41,114 - ERROR - CFST更新失败: None
2026-07-21 05:27:41,114 - INFO - --------------------------------------------------
2026-07-21 05:27:41,114 - INFO - [de.616049.xyz (FRA)] 开始处理节点维护
2026-07-21 05:27:41,149 - DEBUG - DNS解析重试中 de.616049.xyz: [Errno -5] No address associated with hostname
2026-07-21 05:27:42,165 - DEBUG - DNS解析重试中 de.616049.xyz: [Errno -5] No address associated with hostname
2026-07-21 05:27:43,173 - DEBUG - DNS解析重试中 de.616049.xyz: [Errno -5] No address associated with hostname
2026-07-21 05:27:44,174 - WARNING - [de.616049.xyz (FRA)] ├─ 无有效DNS记录，触发紧急更新
2026-07-21 05:40:16,492 - ERROR - CFST更新失败: None
2026-07-21 05:40:16,495 - DEBUG - Starting new HTTPS connection (1): api.telegram.org:443
2026-07-21 05:40:16,996 - DEBUG - https://api.telegram.org:443 "POST /bot/sendMessage HTTP/1.1" 404 55
