2026-03-28 20:36:50,012 - INFO - 启动维护任务 | 协议类型: IPV4
2026-03-28 20:36:50,012 - INFO - --------------------------------------------------
2026-03-28 20:36:50,012 - INFO - [hk.616049.xyz (HKG)] 开始处理节点维护
2026-03-28 20:36:50,030 - DEBUG - DNS解析重试中 hk.616049.xyz: [Errno -2] Name or service not known
2026-03-28 20:36:51,284 - DEBUG - DNS解析重试中 hk.616049.xyz: [Errno -2] Name or service not known
2026-03-28 20:36:52,298 - DEBUG - DNS解析重试中 hk.616049.xyz: [Errno -2] Name or service not known
2026-03-28 20:36:53,299 - WARNING - [hk.616049.xyz (HKG)] ├─ 无有效DNS记录，触发紧急更新
2026-03-28 20:49:47,477 - ERROR - CFST更新失败: None
2026-03-28 20:49:47,477 - INFO - --------------------------------------------------
2026-03-28 20:49:47,477 - INFO - [us.616049.xyz (LAX)] 开始处理节点维护
2026-03-28 20:49:47,484 - DEBUG - DNS解析重试中 us.616049.xyz: [Errno -2] Name or service not known
2026-03-28 20:49:48,493 - DEBUG - DNS解析重试中 us.616049.xyz: [Errno -2] Name or service not known
2026-03-28 20:49:49,502 - DEBUG - DNS解析重试中 us.616049.xyz: [Errno -2] Name or service not known
2026-03-28 20:49:50,503 - WARNING - [us.616049.xyz (LAX)] ├─ 无有效DNS记录，触发紧急更新
2026-03-28 21:02:44,185 - ERROR - CFST更新失败: None
2026-03-28 21:02:44,186 - INFO - --------------------------------------------------
2026-03-28 21:02:44,186 - INFO - [de.616049.xyz (FRA)] 开始处理节点维护
2026-03-28 21:02:44,192 - DEBUG - DNS解析重试中 de.616049.xyz: [Errno -2] Name or service not known
2026-03-28 21:02:45,201 - DEBUG - DNS解析重试中 de.616049.xyz: [Errno -2] Name or service not known
2026-03-28 21:02:46,208 - DEBUG - DNS解析重试中 de.616049.xyz: [Errno -2] Name or service not known
2026-03-28 21:02:47,210 - WARNING - [de.616049.xyz (FRA)] ├─ 无有效DNS记录，触发紧急更新
2026-03-28 21:15:41,090 - ERROR - CFST更新失败: None
2026-03-28 21:15:41,093 - DEBUG - Starting new HTTPS connection (1): api.telegram.org:443
2026-03-28 21:15:41,571 - DEBUG - https://api.telegram.org:443 "POST /bot/sendMessage HTTP/1.1" 404 55
