2026-04-02 12:23:08,292 - INFO - 启动维护任务 | 协议类型: IPV4
2026-04-02 12:23:08,292 - INFO - --------------------------------------------------
2026-04-02 12:23:08,292 - INFO - [hk.616049.xyz (HKG)] 开始处理节点维护
2026-04-02 12:23:08,311 - DEBUG - DNS解析重试中 hk.616049.xyz: [Errno -2] Name or service not known
2026-04-02 12:23:09,321 - DEBUG - DNS解析重试中 hk.616049.xyz: [Errno -2] Name or service not known
2026-04-02 12:23:10,330 - DEBUG - DNS解析重试中 hk.616049.xyz: [Errno -2] Name or service not known
2026-04-02 12:23:11,331 - WARNING - [hk.616049.xyz (HKG)] ├─ 无有效DNS记录，触发紧急更新
2026-04-02 12:36:06,440 - ERROR - CFST更新失败: None
2026-04-02 12:36:06,441 - INFO - --------------------------------------------------
2026-04-02 12:36:06,441 - INFO - [us.616049.xyz (LAX)] 开始处理节点维护
2026-04-02 12:36:06,450 - DEBUG - DNS解析重试中 us.616049.xyz: [Errno -2] Name or service not known
2026-04-02 12:36:07,459 - DEBUG - DNS解析重试中 us.616049.xyz: [Errno -2] Name or service not known
2026-04-02 12:36:08,484 - DEBUG - DNS解析重试中 us.616049.xyz: [Errno -2] Name or service not known
2026-04-02 12:36:09,485 - WARNING - [us.616049.xyz (LAX)] ├─ 无有效DNS记录，触发紧急更新
2026-04-02 12:49:04,320 - ERROR - CFST更新失败: None
2026-04-02 12:49:04,320 - INFO - --------------------------------------------------
2026-04-02 12:49:04,320 - INFO - [de.616049.xyz (FRA)] 开始处理节点维护
2026-04-02 12:49:04,341 - DEBUG - DNS解析重试中 de.616049.xyz: [Errno -2] Name or service not known
2026-04-02 12:49:05,350 - DEBUG - DNS解析重试中 de.616049.xyz: [Errno -2] Name or service not known
2026-04-02 12:49:06,360 - DEBUG - DNS解析重试中 de.616049.xyz: [Errno -2] Name or service not known
2026-04-02 12:49:07,361 - WARNING - [de.616049.xyz (FRA)] ├─ 无有效DNS记录，触发紧急更新
2026-04-02 13:02:02,527 - ERROR - CFST更新失败: None
2026-04-02 13:02:02,530 - DEBUG - Starting new HTTPS connection (1): api.telegram.org:443
2026-04-02 13:02:02,818 - DEBUG - https://api.telegram.org:443 "POST /bot/sendMessage HTTP/1.1" 404 55
