2026-02-04 06:22:55,474 - INFO - 启动维护任务 | 协议类型: IPV4
2026-02-04 06:22:55,475 - INFO - --------------------------------------------------
2026-02-04 06:22:55,475 - INFO - [hk.616049.xyz (HKG)] 开始处理节点维护
2026-02-04 06:22:55,503 - DEBUG - DNS解析重试中 hk.616049.xyz: [Errno -2] Name or service not known
2026-02-04 06:22:56,533 - DEBUG - DNS解析重试中 hk.616049.xyz: [Errno -2] Name or service not known
2026-02-04 06:22:57,578 - DEBUG - DNS解析重试中 hk.616049.xyz: [Errno -2] Name or service not known
2026-02-04 06:22:58,579 - WARNING - [hk.616049.xyz (HKG)] ├─ 无有效DNS记录，触发紧急更新
2026-02-04 06:36:01,119 - ERROR - CFST更新失败: None
2026-02-04 06:36:01,119 - INFO - --------------------------------------------------
2026-02-04 06:36:01,120 - INFO - [us.616049.xyz (LAX)] 开始处理节点维护
2026-02-04 06:36:01,156 - DEBUG - DNS解析重试中 us.616049.xyz: [Errno -2] Name or service not known
2026-02-04 06:36:02,161 - DEBUG - DNS解析重试中 us.616049.xyz: [Errno -2] Name or service not known
2026-02-04 06:36:03,328 - DEBUG - DNS解析重试中 us.616049.xyz: [Errno -2] Name or service not known
2026-02-04 06:36:04,329 - WARNING - [us.616049.xyz (LAX)] ├─ 无有效DNS记录，触发紧急更新
2026-02-04 06:49:05,014 - ERROR - CFST更新失败: None
2026-02-04 06:49:05,015 - INFO - --------------------------------------------------
2026-02-04 06:49:05,015 - INFO - [de.616049.xyz (FRA)] 开始处理节点维护
2026-02-04 06:49:05,043 - DEBUG - DNS解析重试中 de.616049.xyz: [Errno -2] Name or service not known
2026-02-04 06:49:06,073 - DEBUG - DNS解析重试中 de.616049.xyz: [Errno -2] Name or service not known
2026-02-04 06:49:07,132 - DEBUG - DNS解析重试中 de.616049.xyz: [Errno -2] Name or service not known
2026-02-04 06:49:08,133 - WARNING - [de.616049.xyz (FRA)] ├─ 无有效DNS记录，触发紧急更新
2026-02-04 07:02:08,384 - ERROR - CFST更新失败: None
2026-02-04 07:02:08,388 - DEBUG - Starting new HTTPS connection (1): api.telegram.org:443
2026-02-04 07:02:08,803 - DEBUG - https://api.telegram.org:443 "POST /bot/sendMessage HTTP/1.1" 404 55
