2026-01-26 20:31:41,367 - INFO - 启动维护任务 | 协议类型: IPV4
2026-01-26 20:31:41,367 - INFO - --------------------------------------------------
2026-01-26 20:31:41,367 - INFO - [hk.616049.xyz (HKG)] 开始处理节点维护
2026-01-26 20:31:41,380 - DEBUG - DNS解析重试中 hk.616049.xyz: [Errno -2] Name or service not known
2026-01-26 20:31:42,387 - DEBUG - DNS解析重试中 hk.616049.xyz: [Errno -2] Name or service not known
2026-01-26 20:31:43,404 - DEBUG - DNS解析重试中 hk.616049.xyz: [Errno -2] Name or service not known
2026-01-26 20:31:44,405 - WARNING - [hk.616049.xyz (HKG)] ├─ 无有效DNS记录，触发紧急更新
2026-01-26 20:44:40,301 - ERROR - CFST更新失败: None
2026-01-26 20:44:40,302 - INFO - --------------------------------------------------
2026-01-26 20:44:40,302 - INFO - [us.616049.xyz (LAX)] 开始处理节点维护
2026-01-26 20:44:40,308 - DEBUG - DNS解析重试中 us.616049.xyz: [Errno -2] Name or service not known
2026-01-26 20:44:41,324 - DEBUG - DNS解析重试中 us.616049.xyz: [Errno -2] Name or service not known
2026-01-26 20:44:42,350 - DEBUG - DNS解析重试中 us.616049.xyz: [Errno -2] Name or service not known
2026-01-26 20:44:43,351 - WARNING - [us.616049.xyz (LAX)] ├─ 无有效DNS记录，触发紧急更新
2026-01-26 20:57:38,110 - ERROR - CFST更新失败: None
2026-01-26 20:57:38,110 - INFO - --------------------------------------------------
2026-01-26 20:57:38,110 - INFO - [de.616049.xyz (FRA)] 开始处理节点维护
2026-01-26 20:57:38,146 - DEBUG - DNS解析重试中 de.616049.xyz: [Errno -2] Name or service not known
2026-01-26 20:57:39,155 - DEBUG - DNS解析重试中 de.616049.xyz: [Errno -2] Name or service not known
2026-01-26 20:57:40,163 - DEBUG - DNS解析重试中 de.616049.xyz: [Errno -2] Name or service not known
2026-01-26 20:57:41,165 - WARNING - [de.616049.xyz (FRA)] ├─ 无有效DNS记录，触发紧急更新
2026-01-26 21:10:35,992 - ERROR - CFST更新失败: None
2026-01-26 21:10:35,996 - DEBUG - Starting new HTTPS connection (1): api.telegram.org:443
2026-01-26 21:10:36,493 - DEBUG - https://api.telegram.org:443 "POST /bot/sendMessage HTTP/1.1" 404 55
