2026-04-20 15:53:27,666 - INFO - 启动维护任务 | 协议类型: IPV4
2026-04-20 15:53:27,666 - INFO - --------------------------------------------------
2026-04-20 15:53:27,666 - INFO - [hk.616049.xyz (HKG)] 开始处理节点维护
2026-04-20 15:53:27,676 - DEBUG - DNS解析重试中 hk.616049.xyz: [Errno -2] Name or service not known
2026-04-20 15:53:28,694 - DEBUG - DNS解析重试中 hk.616049.xyz: [Errno -2] Name or service not known
2026-04-20 15:53:29,700 - DEBUG - DNS解析重试中 hk.616049.xyz: [Errno -2] Name or service not known
2026-04-20 15:53:30,701 - WARNING - [hk.616049.xyz (HKG)] ├─ 无有效DNS记录，触发紧急更新
2026-04-20 16:06:24,729 - ERROR - CFST更新失败: None
2026-04-20 16:06:24,729 - INFO - --------------------------------------------------
2026-04-20 16:06:24,730 - INFO - [us.616049.xyz (LAX)] 开始处理节点维护
2026-04-20 16:06:24,741 - DEBUG - DNS解析重试中 us.616049.xyz: [Errno -2] Name or service not known
2026-04-20 16:06:25,774 - DEBUG - DNS解析重试中 us.616049.xyz: [Errno -2] Name or service not known
2026-04-20 16:06:26,785 - DEBUG - DNS解析重试中 us.616049.xyz: [Errno -2] Name or service not known
2026-04-20 16:06:27,787 - WARNING - [us.616049.xyz (LAX)] ├─ 无有效DNS记录，触发紧急更新
2026-04-20 16:19:21,248 - ERROR - CFST更新失败: None
2026-04-20 16:19:21,248 - INFO - --------------------------------------------------
2026-04-20 16:19:21,248 - INFO - [de.616049.xyz (FRA)] 开始处理节点维护
2026-04-20 16:19:21,259 - DEBUG - DNS解析重试中 de.616049.xyz: [Errno -2] Name or service not known
2026-04-20 16:19:22,277 - DEBUG - DNS解析重试中 de.616049.xyz: [Errno -2] Name or service not known
2026-04-20 16:19:23,289 - DEBUG - DNS解析重试中 de.616049.xyz: [Errno -2] Name or service not known
2026-04-20 16:19:24,290 - WARNING - [de.616049.xyz (FRA)] ├─ 无有效DNS记录，触发紧急更新
2026-04-20 16:32:17,420 - ERROR - CFST更新失败: None
2026-04-20 16:32:17,423 - DEBUG - Starting new HTTPS connection (1): api.telegram.org:443
2026-04-20 16:32:17,721 - DEBUG - https://api.telegram.org:443 "POST /bot/sendMessage HTTP/1.1" 404 55
