2026-03-04 00:37:32,232 - INFO - 启动维护任务 | 协议类型: IPV4
2026-03-04 00:37:32,232 - INFO - --------------------------------------------------
2026-03-04 00:37:32,232 - INFO - [hk.616049.xyz (HKG)] 开始处理节点维护
2026-03-04 00:37:32,252 - DEBUG - DNS解析重试中 hk.616049.xyz: [Errno -2] Name or service not known
2026-03-04 00:37:33,269 - DEBUG - DNS解析重试中 hk.616049.xyz: [Errno -2] Name or service not known
2026-03-04 00:37:34,281 - DEBUG - DNS解析重试中 hk.616049.xyz: [Errno -2] Name or service not known
2026-03-04 00:37:35,281 - WARNING - [hk.616049.xyz (HKG)] ├─ 无有效DNS记录，触发紧急更新
2026-03-04 00:50:33,473 - ERROR - CFST更新失败: None
2026-03-04 00:50:33,474 - INFO - --------------------------------------------------
2026-03-04 00:50:33,474 - INFO - [us.616049.xyz (LAX)] 开始处理节点维护
2026-03-04 00:50:33,484 - DEBUG - DNS解析重试中 us.616049.xyz: [Errno -2] Name or service not known
2026-03-04 00:50:34,500 - DEBUG - DNS解析重试中 us.616049.xyz: [Errno -2] Name or service not known
2026-03-04 00:50:35,506 - DEBUG - DNS解析重试中 us.616049.xyz: [Errno -2] Name or service not known
2026-03-04 00:50:36,507 - WARNING - [us.616049.xyz (LAX)] ├─ 无有效DNS记录，触发紧急更新
2026-03-04 01:03:33,402 - ERROR - CFST更新失败: None
2026-03-04 01:03:33,403 - INFO - --------------------------------------------------
2026-03-04 01:03:33,403 - INFO - [de.616049.xyz (FRA)] 开始处理节点维护
2026-03-04 01:03:33,413 - DEBUG - DNS解析重试中 de.616049.xyz: [Errno -2] Name or service not known
2026-03-04 01:03:34,434 - DEBUG - DNS解析重试中 de.616049.xyz: [Errno -2] Name or service not known
2026-03-04 01:03:35,464 - DEBUG - DNS解析重试中 de.616049.xyz: [Errno -2] Name or service not known
2026-03-04 01:03:36,465 - WARNING - [de.616049.xyz (FRA)] ├─ 无有效DNS记录，触发紧急更新
2026-03-04 01:16:33,110 - ERROR - CFST更新失败: None
2026-03-04 01:16:33,114 - DEBUG - Starting new HTTPS connection (1): api.telegram.org:443
2026-03-04 01:16:33,416 - DEBUG - https://api.telegram.org:443 "POST /bot/sendMessage HTTP/1.1" 404 55
