2026-02-03 16:28:19,210 - INFO - 启动维护任务 | 协议类型: IPV4
2026-02-03 16:28:19,210 - INFO - --------------------------------------------------
2026-02-03 16:28:19,210 - INFO - [hk.616049.xyz (HKG)] 开始处理节点维护
2026-02-03 16:28:19,239 - DEBUG - DNS解析重试中 hk.616049.xyz: [Errno -2] Name or service not known
2026-02-03 16:28:20,273 - DEBUG - DNS解析重试中 hk.616049.xyz: [Errno -2] Name or service not known
2026-02-03 16:28:21,278 - DEBUG - DNS解析重试中 hk.616049.xyz: [Errno -2] Name or service not known
2026-02-03 16:28:22,279 - WARNING - [hk.616049.xyz (HKG)] ├─ 无有效DNS记录，触发紧急更新
2026-02-03 16:41:22,823 - ERROR - CFST更新失败: None
2026-02-03 16:41:22,823 - INFO - --------------------------------------------------
2026-02-03 16:41:22,823 - INFO - [us.616049.xyz (LAX)] 开始处理节点维护
2026-02-03 16:41:22,981 - DEBUG - DNS解析重试中 us.616049.xyz: [Errno -2] Name or service not known
2026-02-03 16:41:24,015 - DEBUG - DNS解析重试中 us.616049.xyz: [Errno -2] Name or service not known
2026-02-03 16:41:25,045 - DEBUG - DNS解析重试中 us.616049.xyz: [Errno -2] Name or service not known
2026-02-03 16:41:26,046 - WARNING - [us.616049.xyz (LAX)] ├─ 无有效DNS记录，触发紧急更新
2026-02-03 16:54:26,822 - ERROR - CFST更新失败: None
2026-02-03 16:54:26,822 - INFO - --------------------------------------------------
2026-02-03 16:54:26,822 - INFO - [de.616049.xyz (FRA)] 开始处理节点维护
2026-02-03 16:54:26,860 - DEBUG - DNS解析重试中 de.616049.xyz: [Errno -2] Name or service not known
2026-02-03 16:54:27,889 - DEBUG - DNS解析重试中 de.616049.xyz: [Errno -2] Name or service not known
2026-02-03 16:54:28,936 - DEBUG - DNS解析重试中 de.616049.xyz: [Errno -2] Name or service not known
2026-02-03 16:54:29,937 - WARNING - [de.616049.xyz (FRA)] ├─ 无有效DNS记录，触发紧急更新
2026-02-03 17:07:32,159 - ERROR - CFST更新失败: None
2026-02-03 17:07:32,162 - DEBUG - Starting new HTTPS connection (1): api.telegram.org:443
2026-02-03 17:07:32,591 - DEBUG - https://api.telegram.org:443 "POST /bot/sendMessage HTTP/1.1" 404 55
