2026-04-02 22:48:32,117 - INFO - 启动维护任务 | 协议类型: IPV4
2026-04-02 22:48:32,117 - INFO - --------------------------------------------------
2026-04-02 22:48:32,117 - INFO - [hk.616049.xyz (HKG)] 开始处理节点维护
2026-04-02 22:48:32,141 - DEBUG - DNS解析重试中 hk.616049.xyz: [Errno -2] Name or service not known
2026-04-02 22:48:33,148 - DEBUG - DNS解析重试中 hk.616049.xyz: [Errno -2] Name or service not known
2026-04-02 22:48:34,159 - DEBUG - DNS解析重试中 hk.616049.xyz: [Errno -2] Name or service not known
2026-04-02 22:48:35,160 - WARNING - [hk.616049.xyz (HKG)] ├─ 无有效DNS记录，触发紧急更新
2026-04-02 23:01:34,504 - ERROR - CFST更新失败: None
2026-04-02 23:01:34,504 - INFO - --------------------------------------------------
2026-04-02 23:01:34,504 - INFO - [us.616049.xyz (LAX)] 开始处理节点维护
2026-04-02 23:01:34,512 - DEBUG - DNS解析重试中 us.616049.xyz: [Errno -2] Name or service not known
2026-04-02 23:01:35,604 - DEBUG - DNS解析重试中 us.616049.xyz: [Errno -2] Name or service not known
2026-04-02 23:01:36,615 - DEBUG - DNS解析重试中 us.616049.xyz: [Errno -2] Name or service not known
2026-04-02 23:01:37,616 - WARNING - [us.616049.xyz (LAX)] ├─ 无有效DNS记录，触发紧急更新
2026-04-02 23:14:35,716 - ERROR - CFST更新失败: None
2026-04-02 23:14:35,717 - INFO - --------------------------------------------------
2026-04-02 23:14:35,717 - INFO - [de.616049.xyz (FRA)] 开始处理节点维护
2026-04-02 23:14:35,731 - DEBUG - DNS解析重试中 de.616049.xyz: [Errno -2] Name or service not known
2026-04-02 23:14:36,744 - DEBUG - DNS解析重试中 de.616049.xyz: [Errno -2] Name or service not known
2026-04-02 23:14:37,815 - DEBUG - DNS解析重试中 de.616049.xyz: [Errno -2] Name or service not known
2026-04-02 23:14:38,816 - WARNING - [de.616049.xyz (FRA)] ├─ 无有效DNS记录，触发紧急更新
2026-04-02 23:27:35,062 - ERROR - CFST更新失败: None
2026-04-02 23:27:35,065 - DEBUG - Starting new HTTPS connection (1): api.telegram.org:443
2026-04-02 23:27:35,370 - DEBUG - https://api.telegram.org:443 "POST /bot/sendMessage HTTP/1.1" 404 55
