2026-01-21 22:22:59,676 - INFO - 启动维护任务 | 协议类型: IPV4
2026-01-21 22:22:59,676 - INFO - --------------------------------------------------
2026-01-21 22:22:59,676 - INFO - [hk.616049.xyz (HKG)] 开始处理节点维护
2026-01-21 22:22:59,690 - DEBUG - DNS解析重试中 hk.616049.xyz: [Errno -2] Name or service not known
2026-01-21 22:23:00,710 - DEBUG - DNS解析重试中 hk.616049.xyz: [Errno -2] Name or service not known
2026-01-21 22:23:01,749 - DEBUG - DNS解析重试中 hk.616049.xyz: [Errno -2] Name or service not known
2026-01-21 22:23:02,750 - WARNING - [hk.616049.xyz (HKG)] ├─ 无有效DNS记录，触发紧急更新
2026-01-21 22:35:59,327 - ERROR - CFST更新失败: None
2026-01-21 22:35:59,327 - INFO - --------------------------------------------------
2026-01-21 22:35:59,327 - INFO - [us.616049.xyz (LAX)] 开始处理节点维护
2026-01-21 22:35:59,344 - DEBUG - DNS解析重试中 us.616049.xyz: [Errno -2] Name or service not known
2026-01-21 22:36:00,350 - DEBUG - DNS解析重试中 us.616049.xyz: [Errno -2] Name or service not known
2026-01-21 22:36:01,394 - DEBUG - DNS解析重试中 us.616049.xyz: [Errno -2] Name or service not known
2026-01-21 22:36:02,395 - WARNING - [us.616049.xyz (LAX)] ├─ 无有效DNS记录，触发紧急更新
2026-01-21 22:48:58,764 - ERROR - CFST更新失败: None
2026-01-21 22:48:58,764 - INFO - --------------------------------------------------
2026-01-21 22:48:58,764 - INFO - [de.616049.xyz (FRA)] 开始处理节点维护
2026-01-21 22:48:58,779 - DEBUG - DNS解析重试中 de.616049.xyz: [Errno -2] Name or service not known
2026-01-21 22:48:59,784 - DEBUG - DNS解析重试中 de.616049.xyz: [Errno -2] Name or service not known
2026-01-21 22:49:00,792 - DEBUG - DNS解析重试中 de.616049.xyz: [Errno -2] Name or service not known
2026-01-21 22:49:01,793 - WARNING - [de.616049.xyz (FRA)] ├─ 无有效DNS记录，触发紧急更新
2026-01-21 23:01:57,062 - ERROR - CFST更新失败: None
2026-01-21 23:01:57,066 - DEBUG - Starting new HTTPS connection (1): api.telegram.org:443
2026-01-21 23:01:57,552 - DEBUG - https://api.telegram.org:443 "POST /bot/sendMessage HTTP/1.1" 404 55
