2026-04-06 09:48:24,601 - INFO - 启动维护任务 | 协议类型: IPV4
2026-04-06 09:48:24,601 - INFO - --------------------------------------------------
2026-04-06 09:48:24,601 - INFO - [hk.616049.xyz (HKG)] 开始处理节点维护
2026-04-06 09:48:24,815 - DEBUG - DNS解析重试中 hk.616049.xyz: [Errno -2] Name or service not known
2026-04-06 09:48:26,130 - DEBUG - DNS解析重试中 hk.616049.xyz: [Errno -2] Name or service not known
2026-04-06 09:48:27,159 - DEBUG - DNS解析重试中 hk.616049.xyz: [Errno -2] Name or service not known
2026-04-06 09:48:28,161 - WARNING - [hk.616049.xyz (HKG)] ├─ 无有效DNS记录，触发紧急更新
2026-04-06 10:01:21,431 - ERROR - CFST更新失败: None
2026-04-06 10:01:21,432 - INFO - --------------------------------------------------
2026-04-06 10:01:21,432 - INFO - [us.616049.xyz (LAX)] 开始处理节点维护
2026-04-06 10:01:21,473 - DEBUG - DNS解析重试中 us.616049.xyz: [Errno -2] Name or service not known
2026-04-06 10:01:22,496 - DEBUG - DNS解析重试中 us.616049.xyz: [Errno -2] Name or service not known
2026-04-06 10:01:23,519 - DEBUG - DNS解析重试中 us.616049.xyz: [Errno -2] Name or service not known
2026-04-06 10:01:24,520 - WARNING - [us.616049.xyz (LAX)] ├─ 无有效DNS记录，触发紧急更新
2026-04-06 10:14:17,523 - ERROR - CFST更新失败: None
2026-04-06 10:14:17,524 - INFO - --------------------------------------------------
2026-04-06 10:14:17,524 - INFO - [de.616049.xyz (FRA)] 开始处理节点维护
2026-04-06 10:14:17,550 - DEBUG - DNS解析重试中 de.616049.xyz: [Errno -2] Name or service not known
2026-04-06 10:14:18,584 - DEBUG - DNS解析重试中 de.616049.xyz: [Errno -2] Name or service not known
2026-04-06 10:14:19,606 - DEBUG - DNS解析重试中 de.616049.xyz: [Errno -2] Name or service not known
2026-04-06 10:14:20,607 - WARNING - [de.616049.xyz (FRA)] ├─ 无有效DNS记录，触发紧急更新
2026-04-06 10:27:13,397 - ERROR - CFST更新失败: None
2026-04-06 10:27:13,400 - DEBUG - Starting new HTTPS connection (1): api.telegram.org:443
2026-04-06 10:27:13,724 - DEBUG - https://api.telegram.org:443 "POST /bot/sendMessage HTTP/1.1" 404 55
