2026-04-20 23:11:37,102 - INFO - 启动维护任务 | 协议类型: IPV4
2026-04-20 23:11:37,102 - INFO - --------------------------------------------------
2026-04-20 23:11:37,102 - INFO - [hk.616049.xyz (HKG)] 开始处理节点维护
2026-04-20 23:11:37,123 - DEBUG - DNS解析重试中 hk.616049.xyz: [Errno -2] Name or service not known
2026-04-20 23:11:38,155 - DEBUG - DNS解析重试中 hk.616049.xyz: [Errno -2] Name or service not known
2026-04-20 23:11:39,178 - DEBUG - DNS解析重试中 hk.616049.xyz: [Errno -2] Name or service not known
2026-04-20 23:11:40,179 - WARNING - [hk.616049.xyz (HKG)] ├─ 无有效DNS记录，触发紧急更新
2026-04-20 23:24:47,621 - ERROR - CFST更新失败: None
2026-04-20 23:24:47,622 - INFO - --------------------------------------------------
2026-04-20 23:24:47,622 - INFO - [us.616049.xyz (LAX)] 开始处理节点维护
2026-04-20 23:24:47,639 - DEBUG - DNS解析重试中 us.616049.xyz: [Errno -2] Name or service not known
2026-04-20 23:24:48,655 - DEBUG - DNS解析重试中 us.616049.xyz: [Errno -2] Name or service not known
2026-04-20 23:24:49,679 - DEBUG - DNS解析重试中 us.616049.xyz: [Errno -2] Name or service not known
2026-04-20 23:24:50,680 - WARNING - [us.616049.xyz (LAX)] ├─ 无有效DNS记录，触发紧急更新
2026-04-20 23:37:49,655 - ERROR - CFST更新失败: None
2026-04-20 23:37:49,655 - INFO - --------------------------------------------------
2026-04-20 23:37:49,655 - INFO - [de.616049.xyz (FRA)] 开始处理节点维护
2026-04-20 23:37:49,669 - DEBUG - DNS解析重试中 de.616049.xyz: [Errno -2] Name or service not known
2026-04-20 23:37:50,693 - DEBUG - DNS解析重试中 de.616049.xyz: [Errno -2] Name or service not known
2026-04-20 23:37:51,729 - DEBUG - DNS解析重试中 de.616049.xyz: [Errno -2] Name or service not known
2026-04-20 23:37:52,730 - WARNING - [de.616049.xyz (FRA)] ├─ 无有效DNS记录，触发紧急更新
2026-04-20 23:50:58,720 - ERROR - CFST更新失败: None
2026-04-20 23:50:58,724 - DEBUG - Starting new HTTPS connection (1): api.telegram.org:443
2026-04-20 23:50:59,009 - DEBUG - https://api.telegram.org:443 "POST /bot/sendMessage HTTP/1.1" 404 55
