2026-03-01 18:17:36,749 - INFO - 启动维护任务 | 协议类型: IPV4
2026-03-01 18:17:36,749 - INFO - --------------------------------------------------
2026-03-01 18:17:36,749 - INFO - [hk.616049.xyz (HKG)] 开始处理节点维护
2026-03-01 18:17:36,771 - DEBUG - DNS解析重试中 hk.616049.xyz: [Errno -2] Name or service not known
2026-03-01 18:17:37,800 - DEBUG - DNS解析重试中 hk.616049.xyz: [Errno -2] Name or service not known
2026-03-01 18:17:38,815 - DEBUG - DNS解析重试中 hk.616049.xyz: [Errno -2] Name or service not known
2026-03-01 18:17:39,815 - WARNING - [hk.616049.xyz (HKG)] ├─ 无有效DNS记录，触发紧急更新
2026-03-01 18:30:35,781 - ERROR - CFST更新失败: None
2026-03-01 18:30:35,782 - INFO - --------------------------------------------------
2026-03-01 18:30:35,782 - INFO - [us.616049.xyz (LAX)] 开始处理节点维护
2026-03-01 18:30:35,809 - DEBUG - DNS解析重试中 us.616049.xyz: [Errno -2] Name or service not known
2026-03-01 18:30:36,833 - DEBUG - DNS解析重试中 us.616049.xyz: [Errno -2] Name or service not known
2026-03-01 18:30:37,856 - DEBUG - DNS解析重试中 us.616049.xyz: [Errno -2] Name or service not known
2026-03-01 18:30:38,857 - WARNING - [us.616049.xyz (LAX)] ├─ 无有效DNS记录，触发紧急更新
2026-03-01 18:43:35,419 - ERROR - CFST更新失败: None
2026-03-01 18:43:35,419 - INFO - --------------------------------------------------
2026-03-01 18:43:35,419 - INFO - [de.616049.xyz (FRA)] 开始处理节点维护
2026-03-01 18:43:35,441 - DEBUG - DNS解析重试中 de.616049.xyz: [Errno -2] Name or service not known
2026-03-01 18:43:36,466 - DEBUG - DNS解析重试中 de.616049.xyz: [Errno -2] Name or service not known
2026-03-01 18:43:37,492 - DEBUG - DNS解析重试中 de.616049.xyz: [Errno -2] Name or service not known
2026-03-01 18:43:38,493 - WARNING - [de.616049.xyz (FRA)] ├─ 无有效DNS记录，触发紧急更新
2026-03-01 18:56:34,742 - ERROR - CFST更新失败: None
2026-03-01 18:56:34,746 - DEBUG - Starting new HTTPS connection (1): api.telegram.org:443
2026-03-01 18:56:35,210 - DEBUG - https://api.telegram.org:443 "POST /bot/sendMessage HTTP/1.1" 404 55
