2026-02-16 04:17:30,292 - INFO - 启动维护任务 | 协议类型: IPV4
2026-02-16 04:17:30,293 - INFO - --------------------------------------------------
2026-02-16 04:17:30,293 - INFO - [hk.616049.xyz (HKG)] 开始处理节点维护
2026-02-16 04:17:30,314 - DEBUG - DNS解析重试中 hk.616049.xyz: [Errno -2] Name or service not known
2026-02-16 04:17:31,323 - DEBUG - DNS解析重试中 hk.616049.xyz: [Errno -2] Name or service not known
2026-02-16 04:17:32,336 - DEBUG - DNS解析重试中 hk.616049.xyz: [Errno -2] Name or service not known
2026-02-16 04:17:33,337 - WARNING - [hk.616049.xyz (HKG)] ├─ 无有效DNS记录，触发紧急更新
2026-02-16 04:30:28,462 - ERROR - CFST更新失败: None
2026-02-16 04:30:28,462 - INFO - --------------------------------------------------
2026-02-16 04:30:28,462 - INFO - [us.616049.xyz (LAX)] 开始处理节点维护
2026-02-16 04:30:28,477 - DEBUG - DNS解析重试中 us.616049.xyz: [Errno -2] Name or service not known
2026-02-16 04:30:29,494 - DEBUG - DNS解析重试中 us.616049.xyz: [Errno -2] Name or service not known
2026-02-16 04:30:30,507 - DEBUG - DNS解析重试中 us.616049.xyz: [Errno -2] Name or service not known
2026-02-16 04:30:31,508 - WARNING - [us.616049.xyz (LAX)] ├─ 无有效DNS记录，触发紧急更新
2026-02-16 04:43:26,108 - ERROR - CFST更新失败: None
2026-02-16 04:43:26,108 - INFO - --------------------------------------------------
2026-02-16 04:43:26,108 - INFO - [de.616049.xyz (FRA)] 开始处理节点维护
2026-02-16 04:43:26,120 - DEBUG - DNS解析重试中 de.616049.xyz: [Errno -2] Name or service not known
2026-02-16 04:43:27,129 - DEBUG - DNS解析重试中 de.616049.xyz: [Errno -2] Name or service not known
2026-02-16 04:43:28,153 - DEBUG - DNS解析重试中 de.616049.xyz: [Errno -2] Name or service not known
2026-02-16 04:43:29,154 - WARNING - [de.616049.xyz (FRA)] ├─ 无有效DNS记录，触发紧急更新
2026-02-16 04:56:23,470 - ERROR - CFST更新失败: None
2026-02-16 04:56:23,474 - DEBUG - Starting new HTTPS connection (1): api.telegram.org:443
2026-02-16 04:56:23,775 - DEBUG - https://api.telegram.org:443 "POST /bot/sendMessage HTTP/1.1" 404 55
