2026-04-04 22:27:04,395 - INFO - 启动维护任务 | 协议类型: IPV4
2026-04-04 22:27:04,395 - INFO - --------------------------------------------------
2026-04-04 22:27:04,395 - INFO - [hk.616049.xyz (HKG)] 开始处理节点维护
2026-04-04 22:27:04,443 - DEBUG - DNS解析重试中 hk.616049.xyz: [Errno -2] Name or service not known
2026-04-04 22:27:05,478 - DEBUG - DNS解析重试中 hk.616049.xyz: [Errno -2] Name or service not known
2026-04-04 22:27:06,512 - DEBUG - DNS解析重试中 hk.616049.xyz: [Errno -2] Name or service not known
2026-04-04 22:27:07,513 - WARNING - [hk.616049.xyz (HKG)] ├─ 无有效DNS记录，触发紧急更新
2026-04-04 22:40:02,795 - ERROR - CFST更新失败: None
2026-04-04 22:40:02,795 - INFO - --------------------------------------------------
2026-04-04 22:40:02,795 - INFO - [us.616049.xyz (LAX)] 开始处理节点维护
2026-04-04 22:40:02,823 - DEBUG - DNS解析重试中 us.616049.xyz: [Errno -2] Name or service not known
2026-04-04 22:40:03,855 - DEBUG - DNS解析重试中 us.616049.xyz: [Errno -2] Name or service not known
2026-04-04 22:40:04,889 - DEBUG - DNS解析重试中 us.616049.xyz: [Errno -2] Name or service not known
2026-04-04 22:40:05,890 - WARNING - [us.616049.xyz (LAX)] ├─ 无有效DNS记录，触发紧急更新
2026-04-04 22:53:00,974 - ERROR - CFST更新失败: None
2026-04-04 22:53:00,974 - INFO - --------------------------------------------------
2026-04-04 22:53:00,974 - INFO - [de.616049.xyz (FRA)] 开始处理节点维护
2026-04-04 22:53:01,002 - DEBUG - DNS解析重试中 de.616049.xyz: [Errno -2] Name or service not known
2026-04-04 22:53:02,035 - DEBUG - DNS解析重试中 de.616049.xyz: [Errno -2] Name or service not known
2026-04-04 22:53:03,067 - DEBUG - DNS解析重试中 de.616049.xyz: [Errno -2] Name or service not known
2026-04-04 22:53:04,068 - WARNING - [de.616049.xyz (FRA)] ├─ 无有效DNS记录，触发紧急更新
2026-04-04 23:05:59,189 - ERROR - CFST更新失败: None
2026-04-04 23:05:59,192 - DEBUG - Starting new HTTPS connection (1): api.telegram.org:443
2026-04-04 23:05:59,593 - DEBUG - https://api.telegram.org:443 "POST /bot/sendMessage HTTP/1.1" 404 55
