2026-05-19 01:52:33,186 - INFO - 启动维护任务 | 协议类型: IPV4
2026-05-19 01:52:33,186 - INFO - --------------------------------------------------
2026-05-19 01:52:33,186 - INFO - [hk.616049.xyz (HKG)] 开始处理节点维护
2026-05-19 01:52:33,215 - DEBUG - DNS解析重试中 hk.616049.xyz: [Errno -2] Name or service not known
2026-05-19 01:52:34,243 - DEBUG - DNS解析重试中 hk.616049.xyz: [Errno -2] Name or service not known
2026-05-19 01:52:35,269 - DEBUG - DNS解析重试中 hk.616049.xyz: [Errno -2] Name or service not known
2026-05-19 01:52:36,270 - WARNING - [hk.616049.xyz (HKG)] ├─ 无有效DNS记录，触发紧急更新
2026-05-19 02:05:29,780 - ERROR - CFST更新失败: None
2026-05-19 02:05:29,780 - INFO - --------------------------------------------------
2026-05-19 02:05:29,781 - INFO - [us.616049.xyz (LAX)] 开始处理节点维护
2026-05-19 02:05:29,811 - DEBUG - DNS解析重试中 us.616049.xyz: [Errno -2] Name or service not known
2026-05-19 02:05:30,834 - DEBUG - DNS解析重试中 us.616049.xyz: [Errno -2] Name or service not known
2026-05-19 02:05:31,894 - DEBUG - DNS解析重试中 us.616049.xyz: [Errno -2] Name or service not known
2026-05-19 02:05:32,894 - WARNING - [us.616049.xyz (LAX)] ├─ 无有效DNS记录，触发紧急更新
2026-05-19 02:18:25,659 - ERROR - CFST更新失败: None
2026-05-19 02:18:25,659 - INFO - --------------------------------------------------
2026-05-19 02:18:25,660 - INFO - [de.616049.xyz (FRA)] 开始处理节点维护
2026-05-19 02:18:25,686 - DEBUG - DNS解析重试中 de.616049.xyz: [Errno -2] Name or service not known
2026-05-19 02:18:26,716 - DEBUG - DNS解析重试中 de.616049.xyz: [Errno -2] Name or service not known
2026-05-19 02:18:27,737 - DEBUG - DNS解析重试中 de.616049.xyz: [Errno -2] Name or service not known
2026-05-19 02:18:28,738 - WARNING - [de.616049.xyz (FRA)] ├─ 无有效DNS记录，触发紧急更新
2026-05-19 02:31:21,680 - ERROR - CFST更新失败: None
2026-05-19 02:31:21,683 - DEBUG - Starting new HTTPS connection (1): api.telegram.org:443
2026-05-19 02:31:22,022 - DEBUG - https://api.telegram.org:443 "POST /bot/sendMessage HTTP/1.1" 404 55
