2026-07-06 21:38:33,890 - INFO - 启动维护任务 | 协议类型: IPV4
2026-07-06 21:38:33,890 - INFO - --------------------------------------------------
2026-07-06 21:38:33,890 - INFO - [hk.616049.xyz (HKG)] 开始处理节点维护
2026-07-06 21:38:33,917 - DEBUG - DNS解析重试中 hk.616049.xyz: [Errno -5] No address associated with hostname
2026-07-06 21:38:34,938 - DEBUG - DNS解析重试中 hk.616049.xyz: [Errno -5] No address associated with hostname
2026-07-06 21:38:35,979 - DEBUG - DNS解析重试中 hk.616049.xyz: [Errno -5] No address associated with hostname
2026-07-06 21:38:36,981 - WARNING - [hk.616049.xyz (HKG)] ├─ 无有效DNS记录，触发紧急更新
2026-07-06 21:51:12,135 - ERROR - CFST更新失败: None
2026-07-06 21:51:12,135 - INFO - --------------------------------------------------
2026-07-06 21:51:12,135 - INFO - [us.616049.xyz (LAX)] 开始处理节点维护
2026-07-06 21:51:12,165 - DEBUG - DNS解析重试中 us.616049.xyz: [Errno -5] No address associated with hostname
2026-07-06 21:51:13,196 - DEBUG - DNS解析重试中 us.616049.xyz: [Errno -5] No address associated with hostname
2026-07-06 21:51:14,228 - DEBUG - DNS解析重试中 us.616049.xyz: [Errno -5] No address associated with hostname
2026-07-06 21:51:15,229 - WARNING - [us.616049.xyz (LAX)] ├─ 无有效DNS记录，触发紧急更新
2026-07-06 22:03:52,160 - ERROR - CFST更新失败: None
2026-07-06 22:03:52,160 - INFO - --------------------------------------------------
2026-07-06 22:03:52,161 - INFO - [de.616049.xyz (FRA)] 开始处理节点维护
2026-07-06 22:03:52,194 - DEBUG - DNS解析重试中 de.616049.xyz: [Errno -5] No address associated with hostname
2026-07-06 22:03:53,222 - DEBUG - DNS解析重试中 de.616049.xyz: [Errno -5] No address associated with hostname
2026-07-06 22:03:54,256 - DEBUG - DNS解析重试中 de.616049.xyz: [Errno -5] No address associated with hostname
2026-07-06 22:03:55,257 - WARNING - [de.616049.xyz (FRA)] ├─ 无有效DNS记录，触发紧急更新
2026-07-06 22:16:33,798 - ERROR - CFST更新失败: None
2026-07-06 22:16:33,802 - DEBUG - Starting new HTTPS connection (1): api.telegram.org:443
2026-07-06 22:16:34,089 - DEBUG - https://api.telegram.org:443 "POST /bot/sendMessage HTTP/1.1" 404 55
