2026-02-10 12:26:50,099 - INFO - 启动维护任务 | 协议类型: IPV4
2026-02-10 12:26:50,099 - INFO - --------------------------------------------------
2026-02-10 12:26:50,099 - INFO - [hk.616049.xyz (HKG)] 开始处理节点维护
2026-02-10 12:26:50,128 - DEBUG - DNS解析重试中 hk.616049.xyz: [Errno -2] Name or service not known
2026-02-10 12:26:51,255 - DEBUG - DNS解析重试中 hk.616049.xyz: [Errno -2] Name or service not known
2026-02-10 12:26:52,280 - DEBUG - DNS解析重试中 hk.616049.xyz: [Errno -2] Name or service not known
2026-02-10 12:26:53,281 - WARNING - [hk.616049.xyz (HKG)] ├─ 无有效DNS记录，触发紧急更新
2026-02-10 12:39:58,964 - ERROR - CFST更新失败: None
2026-02-10 12:39:58,965 - INFO - --------------------------------------------------
2026-02-10 12:39:58,965 - INFO - [us.616049.xyz (LAX)] 开始处理节点维护
2026-02-10 12:39:59,013 - DEBUG - DNS解析重试中 us.616049.xyz: [Errno -2] Name or service not known
2026-02-10 12:40:00,037 - DEBUG - DNS解析重试中 us.616049.xyz: [Errno -2] Name or service not known
2026-02-10 12:40:01,060 - DEBUG - DNS解析重试中 us.616049.xyz: [Errno -2] Name or service not known
2026-02-10 12:40:02,062 - WARNING - [us.616049.xyz (LAX)] ├─ 无有效DNS记录，触发紧急更新
2026-02-10 12:53:01,560 - ERROR - CFST更新失败: None
2026-02-10 12:53:01,560 - INFO - --------------------------------------------------
2026-02-10 12:53:01,561 - INFO - [de.616049.xyz (FRA)] 开始处理节点维护
2026-02-10 12:53:01,601 - DEBUG - DNS解析重试中 de.616049.xyz: [Errno -2] Name or service not known
2026-02-10 12:53:02,629 - DEBUG - DNS解析重试中 de.616049.xyz: [Errno -2] Name or service not known
2026-02-10 12:53:03,654 - DEBUG - DNS解析重试中 de.616049.xyz: [Errno -2] Name or service not known
2026-02-10 12:53:04,656 - WARNING - [de.616049.xyz (FRA)] ├─ 无有效DNS记录，触发紧急更新
2026-02-10 13:06:03,819 - ERROR - CFST更新失败: None
2026-02-10 13:06:03,823 - DEBUG - Starting new HTTPS connection (1): api.telegram.org:443
2026-02-10 13:06:04,159 - DEBUG - https://api.telegram.org:443 "POST /bot/sendMessage HTTP/1.1" 404 55
