2026-05-09 06:48:10,015 - INFO - 启动维护任务 | 协议类型: IPV4
2026-05-09 06:48:10,016 - INFO - --------------------------------------------------
2026-05-09 06:48:10,016 - INFO - [hk.616049.xyz (HKG)] 开始处理节点维护
2026-05-09 06:48:10,073 - DEBUG - DNS解析重试中 hk.616049.xyz: [Errno -2] Name or service not known
2026-05-09 06:48:11,080 - DEBUG - DNS解析重试中 hk.616049.xyz: [Errno -2] Name or service not known
2026-05-09 06:48:12,108 - DEBUG - DNS解析重试中 hk.616049.xyz: [Errno -2] Name or service not known
2026-05-09 06:48:13,110 - WARNING - [hk.616049.xyz (HKG)] ├─ 无有效DNS记录，触发紧急更新
2026-05-09 07:00:49,037 - ERROR - CFST更新失败: None
2026-05-09 07:00:49,037 - INFO - --------------------------------------------------
2026-05-09 07:00:49,037 - INFO - [us.616049.xyz (LAX)] 开始处理节点维护
2026-05-09 07:00:49,043 - DEBUG - DNS解析重试中 us.616049.xyz: [Errno -2] Name or service not known
2026-05-09 07:00:50,055 - DEBUG - DNS解析重试中 us.616049.xyz: [Errno -2] Name or service not known
2026-05-09 07:00:51,070 - DEBUG - DNS解析重试中 us.616049.xyz: [Errno -2] Name or service not known
2026-05-09 07:00:52,071 - WARNING - [us.616049.xyz (LAX)] ├─ 无有效DNS记录，触发紧急更新
2026-05-09 07:13:28,146 - ERROR - CFST更新失败: None
2026-05-09 07:13:28,147 - INFO - --------------------------------------------------
2026-05-09 07:13:28,147 - INFO - [de.616049.xyz (FRA)] 开始处理节点维护
2026-05-09 07:13:28,158 - DEBUG - DNS解析重试中 de.616049.xyz: [Errno -2] Name or service not known
2026-05-09 07:13:29,168 - DEBUG - DNS解析重试中 de.616049.xyz: [Errno -2] Name or service not known
2026-05-09 07:13:30,177 - DEBUG - DNS解析重试中 de.616049.xyz: [Errno -2] Name or service not known
2026-05-09 07:13:31,178 - WARNING - [de.616049.xyz (FRA)] ├─ 无有效DNS记录，触发紧急更新
2026-05-09 07:26:07,371 - ERROR - CFST更新失败: None
2026-05-09 07:26:07,374 - DEBUG - Starting new HTTPS connection (1): api.telegram.org:443
2026-05-09 07:26:07,846 - DEBUG - https://api.telegram.org:443 "POST /bot/sendMessage HTTP/1.1" 404 55
