2026-02-07 12:01:55,411 - INFO - 启动维护任务 | 协议类型: IPV4
2026-02-07 12:01:55,411 - INFO - --------------------------------------------------
2026-02-07 12:01:55,412 - INFO - [hk.616049.xyz (HKG)] 开始处理节点维护
2026-02-07 12:01:55,427 - DEBUG - DNS解析重试中 hk.616049.xyz: [Errno -2] Name or service not known
2026-02-07 12:01:56,447 - DEBUG - DNS解析重试中 hk.616049.xyz: [Errno -2] Name or service not known
2026-02-07 12:01:57,468 - DEBUG - DNS解析重试中 hk.616049.xyz: [Errno -2] Name or service not known
2026-02-07 12:01:58,470 - WARNING - [hk.616049.xyz (HKG)] ├─ 无有效DNS记录，触发紧急更新
2026-02-07 12:15:08,564 - ERROR - CFST更新失败: None
2026-02-07 12:15:08,564 - INFO - --------------------------------------------------
2026-02-07 12:15:08,564 - INFO - [us.616049.xyz (LAX)] 开始处理节点维护
2026-02-07 12:15:08,583 - DEBUG - DNS解析重试中 us.616049.xyz: [Errno -2] Name or service not known
2026-02-07 12:15:09,606 - DEBUG - DNS解析重试中 us.616049.xyz: [Errno -2] Name or service not known
2026-02-07 12:15:10,624 - DEBUG - DNS解析重试中 us.616049.xyz: [Errno -2] Name or service not known
2026-02-07 12:15:11,625 - WARNING - [us.616049.xyz (LAX)] ├─ 无有效DNS记录，触发紧急更新
2026-02-07 12:28:21,475 - ERROR - CFST更新失败: None
2026-02-07 12:28:21,475 - INFO - --------------------------------------------------
2026-02-07 12:28:21,475 - INFO - [de.616049.xyz (FRA)] 开始处理节点维护
2026-02-07 12:28:21,495 - DEBUG - DNS解析重试中 de.616049.xyz: [Errno -2] Name or service not known
2026-02-07 12:28:22,512 - DEBUG - DNS解析重试中 de.616049.xyz: [Errno -2] Name or service not known
2026-02-07 12:28:23,529 - DEBUG - DNS解析重试中 de.616049.xyz: [Errno -2] Name or service not known
2026-02-07 12:28:24,531 - WARNING - [de.616049.xyz (FRA)] ├─ 无有效DNS记录，触发紧急更新
2026-02-07 12:41:33,342 - ERROR - CFST更新失败: None
2026-02-07 12:41:33,345 - DEBUG - Starting new HTTPS connection (1): api.telegram.org:443
2026-02-07 12:41:33,828 - DEBUG - https://api.telegram.org:443 "POST /bot/sendMessage HTTP/1.1" 404 55
