2026-02-24 20:44:40,196 - INFO - 启动维护任务 | 协议类型: IPV4
2026-02-24 20:44:40,196 - INFO - --------------------------------------------------
2026-02-24 20:44:40,196 - INFO - [hk.616049.xyz (HKG)] 开始处理节点维护
2026-02-24 20:44:40,203 - DEBUG - DNS解析重试中 hk.616049.xyz: [Errno -2] Name or service not known
2026-02-24 20:44:41,216 - DEBUG - DNS解析重试中 hk.616049.xyz: [Errno -2] Name or service not known
2026-02-24 20:44:42,224 - DEBUG - DNS解析重试中 hk.616049.xyz: [Errno -2] Name or service not known
2026-02-24 20:44:43,226 - WARNING - [hk.616049.xyz (HKG)] ├─ 无有效DNS记录，触发紧急更新
2026-02-24 20:57:39,881 - ERROR - CFST更新失败: None
2026-02-24 20:57:39,881 - INFO - --------------------------------------------------
2026-02-24 20:57:39,881 - INFO - [us.616049.xyz (LAX)] 开始处理节点维护
2026-02-24 20:57:39,889 - DEBUG - DNS解析重试中 us.616049.xyz: [Errno -2] Name or service not known
2026-02-24 20:57:40,897 - DEBUG - DNS解析重试中 us.616049.xyz: [Errno -2] Name or service not known
2026-02-24 20:57:41,903 - DEBUG - DNS解析重试中 us.616049.xyz: [Errno -2] Name or service not known
2026-02-24 20:57:42,905 - WARNING - [us.616049.xyz (LAX)] ├─ 无有效DNS记录，触发紧急更新
2026-02-24 21:10:41,001 - ERROR - CFST更新失败: None
2026-02-24 21:10:41,001 - INFO - --------------------------------------------------
2026-02-24 21:10:41,002 - INFO - [de.616049.xyz (FRA)] 开始处理节点维护
2026-02-24 21:10:41,012 - DEBUG - DNS解析重试中 de.616049.xyz: [Errno -2] Name or service not known
2026-02-24 21:10:42,027 - DEBUG - DNS解析重试中 de.616049.xyz: [Errno -2] Name or service not known
2026-02-24 21:10:43,040 - DEBUG - DNS解析重试中 de.616049.xyz: [Errno -2] Name or service not known
2026-02-24 21:10:44,041 - WARNING - [de.616049.xyz (FRA)] ├─ 无有效DNS记录，触发紧急更新
2026-02-24 21:23:40,961 - ERROR - CFST更新失败: None
2026-02-24 21:23:40,964 - DEBUG - Starting new HTTPS connection (1): api.telegram.org:443
2026-02-24 21:23:41,262 - DEBUG - https://api.telegram.org:443 "POST /bot/sendMessage HTTP/1.1" 404 55
