2026-04-23 17:19:19,025 - INFO - 启动维护任务 | 协议类型: IPV4
2026-04-23 17:19:19,025 - INFO - --------------------------------------------------
2026-04-23 17:19:19,025 - INFO - [hk.616049.xyz (HKG)] 开始处理节点维护
2026-04-23 17:19:19,062 - DEBUG - DNS解析重试中 hk.616049.xyz: [Errno -2] Name or service not known
2026-04-23 17:19:20,094 - DEBUG - DNS解析重试中 hk.616049.xyz: [Errno -2] Name or service not known
2026-04-23 17:19:21,139 - DEBUG - DNS解析重试中 hk.616049.xyz: [Errno -2] Name or service not known
2026-04-23 17:19:22,140 - WARNING - [hk.616049.xyz (HKG)] ├─ 无有效DNS记录，触发紧急更新
2026-04-23 17:32:31,165 - ERROR - CFST更新失败: None
2026-04-23 17:32:31,165 - INFO - --------------------------------------------------
2026-04-23 17:32:31,165 - INFO - [us.616049.xyz (LAX)] 开始处理节点维护
2026-04-23 17:32:31,203 - DEBUG - DNS解析重试中 us.616049.xyz: [Errno -2] Name or service not known
2026-04-23 17:32:32,243 - DEBUG - DNS解析重试中 us.616049.xyz: [Errno -2] Name or service not known
2026-04-23 17:32:33,284 - DEBUG - DNS解析重试中 us.616049.xyz: [Errno -2] Name or service not known
2026-04-23 17:32:34,285 - WARNING - [us.616049.xyz (LAX)] ├─ 无有效DNS记录，触发紧急更新
2026-04-23 17:45:43,889 - ERROR - CFST更新失败: None
2026-04-23 17:45:43,889 - INFO - --------------------------------------------------
2026-04-23 17:45:43,889 - INFO - [de.616049.xyz (FRA)] 开始处理节点维护
2026-04-23 17:45:43,938 - DEBUG - DNS解析重试中 de.616049.xyz: [Errno -2] Name or service not known
2026-04-23 17:45:44,992 - DEBUG - DNS解析重试中 de.616049.xyz: [Errno -2] Name or service not known
2026-04-23 17:45:46,023 - DEBUG - DNS解析重试中 de.616049.xyz: [Errno -2] Name or service not known
2026-04-23 17:45:47,024 - WARNING - [de.616049.xyz (FRA)] ├─ 无有效DNS记录，触发紧急更新
2026-04-23 17:58:55,827 - ERROR - CFST更新失败: None
2026-04-23 17:58:55,830 - DEBUG - Starting new HTTPS connection (1): api.telegram.org:443
2026-04-23 17:58:56,257 - DEBUG - https://api.telegram.org:443 "POST /bot/sendMessage HTTP/1.1" 404 55
