2026-04-11 12:14:02,154 - INFO - 启动维护任务 | 协议类型: IPV4
2026-04-11 12:14:02,154 - INFO - --------------------------------------------------
2026-04-11 12:14:02,154 - INFO - [hk.616049.xyz (HKG)] 开始处理节点维护
2026-04-11 12:14:02,162 - DEBUG - DNS解析重试中 hk.616049.xyz: [Errno -2] Name or service not known
2026-04-11 12:14:03,176 - DEBUG - DNS解析重试中 hk.616049.xyz: [Errno -2] Name or service not known
2026-04-11 12:14:04,182 - DEBUG - DNS解析重试中 hk.616049.xyz: [Errno -2] Name or service not known
2026-04-11 12:14:05,184 - WARNING - [hk.616049.xyz (HKG)] ├─ 无有效DNS记录，触发紧急更新
2026-04-11 12:26:59,389 - ERROR - CFST更新失败: None
2026-04-11 12:26:59,390 - INFO - --------------------------------------------------
2026-04-11 12:26:59,390 - INFO - [us.616049.xyz (LAX)] 开始处理节点维护
2026-04-11 12:26:59,406 - DEBUG - DNS解析重试中 us.616049.xyz: [Errno -2] Name or service not known
2026-04-11 12:27:00,413 - DEBUG - DNS解析重试中 us.616049.xyz: [Errno -2] Name or service not known
2026-04-11 12:27:01,420 - DEBUG - DNS解析重试中 us.616049.xyz: [Errno -2] Name or service not known
2026-04-11 12:27:02,421 - WARNING - [us.616049.xyz (LAX)] ├─ 无有效DNS记录，触发紧急更新
2026-04-11 12:39:56,188 - ERROR - CFST更新失败: None
2026-04-11 12:39:56,189 - INFO - --------------------------------------------------
2026-04-11 12:39:56,189 - INFO - [de.616049.xyz (FRA)] 开始处理节点维护
2026-04-11 12:39:56,198 - DEBUG - DNS解析重试中 de.616049.xyz: [Errno -2] Name or service not known
2026-04-11 12:39:57,210 - DEBUG - DNS解析重试中 de.616049.xyz: [Errno -2] Name or service not known
2026-04-11 12:39:58,218 - DEBUG - DNS解析重试中 de.616049.xyz: [Errno -2] Name or service not known
2026-04-11 12:39:59,220 - WARNING - [de.616049.xyz (FRA)] ├─ 无有效DNS记录，触发紧急更新
2026-04-11 12:52:53,051 - ERROR - CFST更新失败: None
2026-04-11 12:52:53,055 - DEBUG - Starting new HTTPS connection (1): api.telegram.org:443
2026-04-11 12:52:53,550 - DEBUG - https://api.telegram.org:443 "POST /bot/sendMessage HTTP/1.1" 404 55
