2026-04-28 04:53:57,817 - INFO - 启动维护任务 | 协议类型: IPV4
2026-04-28 04:53:57,817 - INFO - --------------------------------------------------
2026-04-28 04:53:57,817 - INFO - [hk.616049.xyz (HKG)] 开始处理节点维护
2026-04-28 04:53:57,846 - DEBUG - DNS解析重试中 hk.616049.xyz: [Errno -2] Name or service not known
2026-04-28 04:53:58,875 - DEBUG - DNS解析重试中 hk.616049.xyz: [Errno -2] Name or service not known
2026-04-28 04:53:59,880 - DEBUG - DNS解析重试中 hk.616049.xyz: [Errno -2] Name or service not known
2026-04-28 04:54:00,881 - WARNING - [hk.616049.xyz (HKG)] ├─ 无有效DNS记录，触发紧急更新
2026-04-28 05:06:56,442 - ERROR - CFST更新失败: None
2026-04-28 05:06:56,442 - INFO - --------------------------------------------------
2026-04-28 05:06:56,442 - INFO - [us.616049.xyz (LAX)] 开始处理节点维护
2026-04-28 05:06:56,471 - DEBUG - DNS解析重试中 us.616049.xyz: [Errno -2] Name or service not known
2026-04-28 05:06:57,503 - DEBUG - DNS解析重试中 us.616049.xyz: [Errno -2] Name or service not known
2026-04-28 05:06:58,541 - DEBUG - DNS解析重试中 us.616049.xyz: [Errno -2] Name or service not known
2026-04-28 05:06:59,542 - WARNING - [us.616049.xyz (LAX)] ├─ 无有效DNS记录，触发紧急更新
2026-04-28 05:19:54,255 - ERROR - CFST更新失败: None
2026-04-28 05:19:54,255 - INFO - --------------------------------------------------
2026-04-28 05:19:54,255 - INFO - [de.616049.xyz (FRA)] 开始处理节点维护
2026-04-28 05:19:54,285 - DEBUG - DNS解析重试中 de.616049.xyz: [Errno -2] Name or service not known
2026-04-28 05:19:55,292 - DEBUG - DNS解析重试中 de.616049.xyz: [Errno -2] Name or service not known
2026-04-28 05:19:56,321 - DEBUG - DNS解析重试中 de.616049.xyz: [Errno -2] Name or service not known
2026-04-28 05:19:57,323 - WARNING - [de.616049.xyz (FRA)] ├─ 无有效DNS记录，触发紧急更新
2026-04-28 05:32:51,748 - ERROR - CFST更新失败: None
2026-04-28 05:32:51,751 - DEBUG - Starting new HTTPS connection (1): api.telegram.org:443
2026-04-28 05:32:52,229 - DEBUG - https://api.telegram.org:443 "POST /bot/sendMessage HTTP/1.1" 404 55
