2026-05-19 15:37:29,647 - INFO - 启动维护任务 | 协议类型: IPV4
2026-05-19 15:37:29,647 - INFO - --------------------------------------------------
2026-05-19 15:37:29,647 - INFO - [hk.616049.xyz (HKG)] 开始处理节点维护
2026-05-19 15:37:29,663 - DEBUG - DNS解析重试中 hk.616049.xyz: [Errno -2] Name or service not known
2026-05-19 15:37:30,684 - DEBUG - DNS解析重试中 hk.616049.xyz: [Errno -2] Name or service not known
2026-05-19 15:37:31,700 - DEBUG - DNS解析重试中 hk.616049.xyz: [Errno -2] Name or service not known
2026-05-19 15:37:32,701 - WARNING - [hk.616049.xyz (HKG)] ├─ 无有效DNS记录，触发紧急更新
2026-05-19 15:50:32,419 - ERROR - CFST更新失败: None
2026-05-19 15:50:32,419 - INFO - --------------------------------------------------
2026-05-19 15:50:32,419 - INFO - [us.616049.xyz (LAX)] 开始处理节点维护
2026-05-19 15:50:32,440 - DEBUG - DNS解析重试中 us.616049.xyz: [Errno -2] Name or service not known
2026-05-19 15:50:33,468 - DEBUG - DNS解析重试中 us.616049.xyz: [Errno -2] Name or service not known
2026-05-19 15:50:34,486 - DEBUG - DNS解析重试中 us.616049.xyz: [Errno -2] Name or service not known
2026-05-19 15:50:35,487 - WARNING - [us.616049.xyz (LAX)] ├─ 无有效DNS记录，触发紧急更新
2026-05-19 16:03:38,782 - ERROR - CFST更新失败: None
2026-05-19 16:03:38,783 - INFO - --------------------------------------------------
2026-05-19 16:03:38,783 - INFO - [de.616049.xyz (FRA)] 开始处理节点维护
2026-05-19 16:03:38,796 - DEBUG - DNS解析重试中 de.616049.xyz: [Errno -2] Name or service not known
2026-05-19 16:03:39,835 - DEBUG - DNS解析重试中 de.616049.xyz: [Errno -2] Name or service not known
2026-05-19 16:03:40,863 - DEBUG - DNS解析重试中 de.616049.xyz: [Errno -2] Name or service not known
2026-05-19 16:03:41,864 - WARNING - [de.616049.xyz (FRA)] ├─ 无有效DNS记录，触发紧急更新
2026-05-19 16:16:45,083 - ERROR - CFST更新失败: None
2026-05-19 16:16:45,087 - DEBUG - Starting new HTTPS connection (1): api.telegram.org:443
2026-05-19 16:16:45,386 - DEBUG - https://api.telegram.org:443 "POST /bot/sendMessage HTTP/1.1" 404 55
