2026-06-14 10:50:03,265 - INFO - 启动维护任务 | 协议类型: IPV4
2026-06-14 10:50:03,265 - INFO - --------------------------------------------------
2026-06-14 10:50:03,265 - INFO - [hk.616049.xyz (HKG)] 开始处理节点维护
2026-06-14 10:50:03,272 - DEBUG - DNS解析重试中 hk.616049.xyz: [Errno -2] Name or service not known
2026-06-14 10:50:04,279 - DEBUG - DNS解析重试中 hk.616049.xyz: [Errno -2] Name or service not known
2026-06-14 10:50:05,287 - DEBUG - DNS解析重试中 hk.616049.xyz: [Errno -2] Name or service not known
2026-06-14 10:50:06,288 - WARNING - [hk.616049.xyz (HKG)] ├─ 无有效DNS记录，触发紧急更新
2026-06-14 11:02:42,043 - ERROR - CFST更新失败: None
2026-06-14 11:02:42,043 - INFO - --------------------------------------------------
2026-06-14 11:02:42,043 - INFO - [us.616049.xyz (LAX)] 开始处理节点维护
2026-06-14 11:02:42,051 - DEBUG - DNS解析重试中 us.616049.xyz: [Errno -2] Name or service not known
2026-06-14 11:02:43,060 - DEBUG - DNS解析重试中 us.616049.xyz: [Errno -2] Name or service not known
2026-06-14 11:02:44,073 - DEBUG - DNS解析重试中 us.616049.xyz: [Errno -2] Name or service not known
2026-06-14 11:02:45,074 - WARNING - [us.616049.xyz (LAX)] ├─ 无有效DNS记录，触发紧急更新
2026-06-14 11:15:20,467 - ERROR - CFST更新失败: None
2026-06-14 11:15:20,467 - INFO - --------------------------------------------------
2026-06-14 11:15:20,468 - INFO - [de.616049.xyz (FRA)] 开始处理节点维护
2026-06-14 11:15:20,482 - DEBUG - DNS解析重试中 de.616049.xyz: [Errno -2] Name or service not known
2026-06-14 11:15:21,491 - DEBUG - DNS解析重试中 de.616049.xyz: [Errno -2] Name or service not known
2026-06-14 11:15:22,499 - DEBUG - DNS解析重试中 de.616049.xyz: [Errno -2] Name or service not known
2026-06-14 11:15:23,501 - WARNING - [de.616049.xyz (FRA)] ├─ 无有效DNS记录，触发紧急更新
2026-06-14 11:27:58,294 - ERROR - CFST更新失败: None
2026-06-14 11:27:58,298 - DEBUG - Starting new HTTPS connection (1): api.telegram.org:443
2026-06-14 11:27:58,775 - DEBUG - https://api.telegram.org:443 "POST /bot/sendMessage HTTP/1.1" 404 55
