2026-03-02 06:16:24,444 - INFO - 启动维护任务 | 协议类型: IPV4
2026-03-02 06:16:24,444 - INFO - --------------------------------------------------
2026-03-02 06:16:24,444 - INFO - [hk.616049.xyz (HKG)] 开始处理节点维护
2026-03-02 06:16:24,451 - DEBUG - DNS解析重试中 hk.616049.xyz: [Errno -2] Name or service not known
2026-03-02 06:16:25,472 - DEBUG - DNS解析重试中 hk.616049.xyz: [Errno -2] Name or service not known
2026-03-02 06:16:26,481 - DEBUG - DNS解析重试中 hk.616049.xyz: [Errno -2] Name or service not known
2026-03-02 06:16:27,482 - WARNING - [hk.616049.xyz (HKG)] ├─ 无有效DNS记录，触发紧急更新
2026-03-02 06:29:21,053 - ERROR - CFST更新失败: None
2026-03-02 06:29:21,053 - INFO - --------------------------------------------------
2026-03-02 06:29:21,053 - INFO - [us.616049.xyz (LAX)] 开始处理节点维护
2026-03-02 06:29:21,068 - DEBUG - DNS解析重试中 us.616049.xyz: [Errno -2] Name or service not known
2026-03-02 06:29:22,081 - DEBUG - DNS解析重试中 us.616049.xyz: [Errno -2] Name or service not known
2026-03-02 06:29:23,088 - DEBUG - DNS解析重试中 us.616049.xyz: [Errno -2] Name or service not known
2026-03-02 06:29:24,089 - WARNING - [us.616049.xyz (LAX)] ├─ 无有效DNS记录，触发紧急更新
2026-03-02 06:42:17,310 - ERROR - CFST更新失败: None
2026-03-02 06:42:17,311 - INFO - --------------------------------------------------
2026-03-02 06:42:17,311 - INFO - [de.616049.xyz (FRA)] 开始处理节点维护
2026-03-02 06:42:17,325 - DEBUG - DNS解析重试中 de.616049.xyz: [Errno -2] Name or service not known
2026-03-02 06:42:18,334 - DEBUG - DNS解析重试中 de.616049.xyz: [Errno -2] Name or service not known
2026-03-02 06:42:19,348 - DEBUG - DNS解析重试中 de.616049.xyz: [Errno -2] Name or service not known
2026-03-02 06:42:20,350 - WARNING - [de.616049.xyz (FRA)] ├─ 无有效DNS记录，触发紧急更新
2026-03-02 06:55:13,747 - ERROR - CFST更新失败: None
2026-03-02 06:55:13,751 - DEBUG - Starting new HTTPS connection (1): api.telegram.org:443
2026-03-02 06:55:14,239 - DEBUG - https://api.telegram.org:443 "POST /bot/sendMessage HTTP/1.1" 404 55
