2026-05-16 22:48:55,000 - INFO - 启动维护任务 | 协议类型: IPV4
2026-05-16 22:48:55,000 - INFO - --------------------------------------------------
2026-05-16 22:48:55,000 - INFO - [hk.616049.xyz (HKG)] 开始处理节点维护
2026-05-16 22:48:55,026 - DEBUG - DNS解析重试中 hk.616049.xyz: [Errno -2] Name or service not known
2026-05-16 22:48:56,056 - DEBUG - DNS解析重试中 hk.616049.xyz: [Errno -2] Name or service not known
2026-05-16 22:48:57,093 - DEBUG - DNS解析重试中 hk.616049.xyz: [Errno -2] Name or service not known
2026-05-16 22:48:58,094 - WARNING - [hk.616049.xyz (HKG)] ├─ 无有效DNS记录，触发紧急更新
2026-05-16 23:02:02,421 - ERROR - CFST更新失败: None
2026-05-16 23:02:02,422 - INFO - --------------------------------------------------
2026-05-16 23:02:02,422 - INFO - [us.616049.xyz (LAX)] 开始处理节点维护
2026-05-16 23:02:02,454 - DEBUG - DNS解析重试中 us.616049.xyz: [Errno -2] Name or service not known
2026-05-16 23:02:03,482 - DEBUG - DNS解析重试中 us.616049.xyz: [Errno -2] Name or service not known
2026-05-16 23:02:04,508 - DEBUG - DNS解析重试中 us.616049.xyz: [Errno -2] Name or service not known
2026-05-16 23:02:05,509 - WARNING - [us.616049.xyz (LAX)] ├─ 无有效DNS记录，触发紧急更新
2026-05-16 23:15:09,372 - ERROR - CFST更新失败: None
2026-05-16 23:15:09,372 - INFO - --------------------------------------------------
2026-05-16 23:15:09,372 - INFO - [de.616049.xyz (FRA)] 开始处理节点维护
2026-05-16 23:15:09,403 - DEBUG - DNS解析重试中 de.616049.xyz: [Errno -2] Name or service not known
2026-05-16 23:15:10,428 - DEBUG - DNS解析重试中 de.616049.xyz: [Errno -2] Name or service not known
2026-05-16 23:15:11,473 - DEBUG - DNS解析重试中 de.616049.xyz: [Errno -2] Name or service not known
2026-05-16 23:15:12,474 - WARNING - [de.616049.xyz (FRA)] ├─ 无有效DNS记录，触发紧急更新
2026-05-16 23:28:15,736 - ERROR - CFST更新失败: None
2026-05-16 23:28:15,739 - DEBUG - Starting new HTTPS connection (1): api.telegram.org:443
2026-05-16 23:28:16,072 - DEBUG - https://api.telegram.org:443 "POST /bot/sendMessage HTTP/1.1" 404 55
