2026-02-04 02:45:08,069 - INFO - 启动维护任务 | 协议类型: IPV4
2026-02-04 02:45:08,069 - INFO - --------------------------------------------------
2026-02-04 02:45:08,069 - INFO - [hk.616049.xyz (HKG)] 开始处理节点维护
2026-02-04 02:45:08,115 - DEBUG - DNS解析重试中 hk.616049.xyz: [Errno -2] Name or service not known
2026-02-04 02:45:09,154 - DEBUG - DNS解析重试中 hk.616049.xyz: [Errno -2] Name or service not known
2026-02-04 02:45:10,159 - DEBUG - DNS解析重试中 hk.616049.xyz: [Errno -2] Name or service not known
2026-02-04 02:45:11,160 - WARNING - [hk.616049.xyz (HKG)] ├─ 无有效DNS记录，触发紧急更新
2026-02-04 02:58:12,026 - ERROR - CFST更新失败: None
2026-02-04 02:58:12,027 - INFO - --------------------------------------------------
2026-02-04 02:58:12,027 - INFO - [us.616049.xyz (LAX)] 开始处理节点维护
2026-02-04 02:58:12,080 - DEBUG - DNS解析重试中 us.616049.xyz: [Errno -2] Name or service not known
2026-02-04 02:58:13,110 - DEBUG - DNS解析重试中 us.616049.xyz: [Errno -2] Name or service not known
2026-02-04 02:58:14,145 - DEBUG - DNS解析重试中 us.616049.xyz: [Errno -2] Name or service not known
2026-02-04 02:58:15,146 - WARNING - [us.616049.xyz (LAX)] ├─ 无有效DNS记录，触发紧急更新
2026-02-04 03:11:20,996 - ERROR - CFST更新失败: None
2026-02-04 03:11:20,996 - INFO - --------------------------------------------------
2026-02-04 03:11:20,997 - INFO - [de.616049.xyz (FRA)] 开始处理节点维护
2026-02-04 03:11:21,030 - DEBUG - DNS解析重试中 de.616049.xyz: [Errno -2] Name or service not known
2026-02-04 03:11:22,062 - DEBUG - DNS解析重试中 de.616049.xyz: [Errno -2] Name or service not known
2026-02-04 03:11:23,092 - DEBUG - DNS解析重试中 de.616049.xyz: [Errno -2] Name or service not known
2026-02-04 03:11:24,093 - WARNING - [de.616049.xyz (FRA)] ├─ 无有效DNS记录，触发紧急更新
2026-02-04 03:24:22,802 - ERROR - CFST更新失败: None
2026-02-04 03:24:22,805 - DEBUG - Starting new HTTPS connection (1): api.telegram.org:443
2026-02-04 03:24:23,223 - DEBUG - https://api.telegram.org:443 "POST /bot/sendMessage HTTP/1.1" 404 55
