2026-04-04 09:24:06,203 - INFO - 启动维护任务 | 协议类型: IPV4
2026-04-04 09:24:06,203 - INFO - --------------------------------------------------
2026-04-04 09:24:06,204 - INFO - [hk.616049.xyz (HKG)] 开始处理节点维护
2026-04-04 09:24:06,231 - DEBUG - DNS解析重试中 hk.616049.xyz: [Errno -2] Name or service not known
2026-04-04 09:24:07,257 - DEBUG - DNS解析重试中 hk.616049.xyz: [Errno -2] Name or service not known
2026-04-04 09:24:08,263 - DEBUG - DNS解析重试中 hk.616049.xyz: [Errno -2] Name or service not known
2026-04-04 09:24:09,265 - WARNING - [hk.616049.xyz (HKG)] ├─ 无有效DNS记录，触发紧急更新
2026-04-04 09:37:02,817 - ERROR - CFST更新失败: None
2026-04-04 09:37:02,818 - INFO - --------------------------------------------------
2026-04-04 09:37:02,818 - INFO - [us.616049.xyz (LAX)] 开始处理节点维护
2026-04-04 09:37:02,840 - DEBUG - DNS解析重试中 us.616049.xyz: [Errno -2] Name or service not known
2026-04-04 09:37:03,863 - DEBUG - DNS解析重试中 us.616049.xyz: [Errno -2] Name or service not known
2026-04-04 09:37:04,888 - DEBUG - DNS解析重试中 us.616049.xyz: [Errno -2] Name or service not known
2026-04-04 09:37:05,889 - WARNING - [us.616049.xyz (LAX)] ├─ 无有效DNS记录，触发紧急更新
2026-04-04 09:49:59,652 - ERROR - CFST更新失败: None
2026-04-04 09:49:59,652 - INFO - --------------------------------------------------
2026-04-04 09:49:59,652 - INFO - [de.616049.xyz (FRA)] 开始处理节点维护
2026-04-04 09:49:59,674 - DEBUG - DNS解析重试中 de.616049.xyz: [Errno -2] Name or service not known
2026-04-04 09:50:00,706 - DEBUG - DNS解析重试中 de.616049.xyz: [Errno -2] Name or service not known
2026-04-04 09:50:01,714 - DEBUG - DNS解析重试中 de.616049.xyz: [Errno -2] Name or service not known
2026-04-04 09:50:02,715 - WARNING - [de.616049.xyz (FRA)] ├─ 无有效DNS记录，触发紧急更新
2026-04-04 10:02:56,232 - ERROR - CFST更新失败: None
2026-04-04 10:02:56,236 - DEBUG - Starting new HTTPS connection (1): api.telegram.org:443
2026-04-04 10:02:56,578 - DEBUG - https://api.telegram.org:443 "POST /bot/sendMessage HTTP/1.1" 404 55
