2026-06-20 10:37:22,361 - INFO - 启动维护任务 | 协议类型: IPV4
2026-06-20 10:37:22,361 - INFO - --------------------------------------------------
2026-06-20 10:37:22,361 - INFO - [hk.616049.xyz (HKG)] 开始处理节点维护
2026-06-20 10:37:22,419 - DEBUG - DNS解析重试中 hk.616049.xyz: [Errno -2] Name or service not known
2026-06-20 10:37:23,468 - DEBUG - DNS解析重试中 hk.616049.xyz: [Errno -2] Name or service not known
2026-06-20 10:37:24,513 - DEBUG - DNS解析重试中 hk.616049.xyz: [Errno -2] Name or service not known
2026-06-20 10:37:25,515 - WARNING - [hk.616049.xyz (HKG)] ├─ 无有效DNS记录，触发紧急更新
2026-06-20 10:50:02,212 - ERROR - CFST更新失败: None
2026-06-20 10:50:02,212 - INFO - --------------------------------------------------
2026-06-20 10:50:02,213 - INFO - [us.616049.xyz (LAX)] 开始处理节点维护
2026-06-20 10:50:02,261 - DEBUG - DNS解析重试中 us.616049.xyz: [Errno -2] Name or service not known
2026-06-20 10:50:03,308 - DEBUG - DNS解析重试中 us.616049.xyz: [Errno -2] Name or service not known
2026-06-20 10:50:04,362 - DEBUG - DNS解析重试中 us.616049.xyz: [Errno -2] Name or service not known
2026-06-20 10:50:05,364 - WARNING - [us.616049.xyz (LAX)] ├─ 无有效DNS记录，触发紧急更新
2026-06-20 11:02:41,607 - ERROR - CFST更新失败: None
2026-06-20 11:02:41,607 - INFO - --------------------------------------------------
2026-06-20 11:02:41,607 - INFO - [de.616049.xyz (FRA)] 开始处理节点维护
2026-06-20 11:02:41,653 - DEBUG - DNS解析重试中 de.616049.xyz: [Errno -2] Name or service not known
2026-06-20 11:02:42,711 - DEBUG - DNS解析重试中 de.616049.xyz: [Errno -2] Name or service not known
2026-06-20 11:02:43,772 - DEBUG - DNS解析重试中 de.616049.xyz: [Errno -2] Name or service not known
2026-06-20 11:02:44,773 - WARNING - [de.616049.xyz (FRA)] ├─ 无有效DNS记录，触发紧急更新
2026-06-20 11:15:20,749 - ERROR - CFST更新失败: None
2026-06-20 11:15:20,753 - DEBUG - Starting new HTTPS connection (1): api.telegram.org:443
2026-06-20 11:15:21,114 - DEBUG - https://api.telegram.org:443 "POST /bot/sendMessage HTTP/1.1" 404 55
