2026-02-28 22:15:30,468 - INFO - 启动维护任务 | 协议类型: IPV4
2026-02-28 22:15:30,468 - INFO - --------------------------------------------------
2026-02-28 22:15:30,468 - INFO - [hk.616049.xyz (HKG)] 开始处理节点维护
2026-02-28 22:15:30,531 - DEBUG - DNS解析重试中 hk.616049.xyz: [Errno -2] Name or service not known
2026-02-28 22:15:31,554 - DEBUG - DNS解析重试中 hk.616049.xyz: [Errno -2] Name or service not known
2026-02-28 22:15:32,576 - DEBUG - DNS解析重试中 hk.616049.xyz: [Errno -2] Name or service not known
2026-02-28 22:15:33,578 - WARNING - [hk.616049.xyz (HKG)] ├─ 无有效DNS记录，触发紧急更新
2026-02-28 22:28:26,686 - ERROR - CFST更新失败: None
2026-02-28 22:28:26,686 - INFO - --------------------------------------------------
2026-02-28 22:28:26,686 - INFO - [us.616049.xyz (LAX)] 开始处理节点维护
2026-02-28 22:28:26,707 - DEBUG - DNS解析重试中 us.616049.xyz: [Errno -2] Name or service not known
2026-02-28 22:28:27,729 - DEBUG - DNS解析重试中 us.616049.xyz: [Errno -2] Name or service not known
2026-02-28 22:28:28,754 - DEBUG - DNS解析重试中 us.616049.xyz: [Errno -2] Name or service not known
2026-02-28 22:28:29,756 - WARNING - [us.616049.xyz (LAX)] ├─ 无有效DNS记录，触发紧急更新
2026-02-28 22:41:24,394 - ERROR - CFST更新失败: None
2026-02-28 22:41:24,394 - INFO - --------------------------------------------------
2026-02-28 22:41:24,394 - INFO - [de.616049.xyz (FRA)] 开始处理节点维护
2026-02-28 22:41:24,416 - DEBUG - DNS解析重试中 de.616049.xyz: [Errno -2] Name or service not known
2026-02-28 22:41:25,437 - DEBUG - DNS解析重试中 de.616049.xyz: [Errno -2] Name or service not known
2026-02-28 22:41:26,462 - DEBUG - DNS解析重试中 de.616049.xyz: [Errno -2] Name or service not known
2026-02-28 22:41:27,463 - WARNING - [de.616049.xyz (FRA)] ├─ 无有效DNS记录，触发紧急更新
2026-02-28 22:54:20,299 - ERROR - CFST更新失败: None
2026-02-28 22:54:20,303 - DEBUG - Starting new HTTPS connection (1): api.telegram.org:443
2026-02-28 22:54:20,638 - DEBUG - https://api.telegram.org:443 "POST /bot/sendMessage HTTP/1.1" 404 55
