2026-06-27 01:41:02,660 - INFO - 启动维护任务 | 协议类型: IPV4
2026-06-27 01:41:02,660 - INFO - --------------------------------------------------
2026-06-27 01:41:02,661 - INFO - [hk.616049.xyz (HKG)] 开始处理节点维护
2026-06-27 01:41:02,725 - DEBUG - DNS解析重试中 hk.616049.xyz: [Errno -2] Name or service not known
2026-06-27 01:41:03,782 - DEBUG - DNS解析重试中 hk.616049.xyz: [Errno -2] Name or service not known
2026-06-27 01:41:04,835 - DEBUG - DNS解析重试中 hk.616049.xyz: [Errno -2] Name or service not known
2026-06-27 01:41:05,836 - WARNING - [hk.616049.xyz (HKG)] ├─ 无有效DNS记录，触发紧急更新
2026-06-27 01:53:37,269 - ERROR - CFST更新失败: None
2026-06-27 01:53:37,269 - INFO - --------------------------------------------------
2026-06-27 01:53:37,269 - INFO - [us.616049.xyz (LAX)] 开始处理节点维护
2026-06-27 01:53:37,319 - DEBUG - DNS解析重试中 us.616049.xyz: [Errno -2] Name or service not known
2026-06-27 01:53:38,380 - DEBUG - DNS解析重试中 us.616049.xyz: [Errno -2] Name or service not known
2026-06-27 01:53:39,425 - DEBUG - DNS解析重试中 us.616049.xyz: [Errno -2] Name or service not known
2026-06-27 01:53:40,427 - WARNING - [us.616049.xyz (LAX)] ├─ 无有效DNS记录，触发紧急更新
2026-06-27 02:06:12,131 - ERROR - CFST更新失败: None
2026-06-27 02:06:12,131 - INFO - --------------------------------------------------
2026-06-27 02:06:12,131 - INFO - [de.616049.xyz (FRA)] 开始处理节点维护
2026-06-27 02:06:12,190 - DEBUG - DNS解析重试中 de.616049.xyz: [Errno -2] Name or service not known
2026-06-27 02:06:13,254 - DEBUG - DNS解析重试中 de.616049.xyz: [Errno -2] Name or service not known
2026-06-27 02:06:14,259 - DEBUG - DNS解析重试中 de.616049.xyz: [Errno -2] Name or service not known
2026-06-27 02:06:15,260 - WARNING - [de.616049.xyz (FRA)] ├─ 无有效DNS记录，触发紧急更新
2026-06-27 02:18:46,591 - ERROR - CFST更新失败: None
2026-06-27 02:18:46,595 - DEBUG - Starting new HTTPS connection (1): api.telegram.org:443
2026-06-27 02:18:46,955 - DEBUG - https://api.telegram.org:443 "POST /bot/sendMessage HTTP/1.1" 404 55
