2026-07-17 01:05:31,290 - INFO - 启动维护任务 | 协议类型: IPV4
2026-07-17 01:05:31,290 - INFO - --------------------------------------------------
2026-07-17 01:05:31,290 - INFO - [hk.616049.xyz (HKG)] 开始处理节点维护
2026-07-17 01:05:31,311 - DEBUG - DNS解析重试中 hk.616049.xyz: [Errno -5] No address associated with hostname
2026-07-17 01:05:32,348 - DEBUG - DNS解析重试中 hk.616049.xyz: [Errno -5] No address associated with hostname
2026-07-17 01:05:33,358 - DEBUG - DNS解析重试中 hk.616049.xyz: [Errno -5] No address associated with hostname
2026-07-17 01:05:34,359 - WARNING - [hk.616049.xyz (HKG)] ├─ 无有效DNS记录，触发紧急更新
2026-07-17 01:18:05,099 - ERROR - CFST更新失败: None
2026-07-17 01:18:05,100 - INFO - --------------------------------------------------
2026-07-17 01:18:05,100 - INFO - [us.616049.xyz (LAX)] 开始处理节点维护
2026-07-17 01:18:05,114 - DEBUG - DNS解析重试中 us.616049.xyz: [Errno -5] No address associated with hostname
2026-07-17 01:18:06,142 - DEBUG - DNS解析重试中 us.616049.xyz: [Errno -5] No address associated with hostname
2026-07-17 01:18:07,166 - DEBUG - DNS解析重试中 us.616049.xyz: [Errno -5] No address associated with hostname
2026-07-17 01:18:08,168 - WARNING - [us.616049.xyz (LAX)] ├─ 无有效DNS记录，触发紧急更新
2026-07-17 01:30:39,143 - ERROR - CFST更新失败: None
2026-07-17 01:30:39,143 - INFO - --------------------------------------------------
2026-07-17 01:30:39,143 - INFO - [de.616049.xyz (FRA)] 开始处理节点维护
2026-07-17 01:30:39,166 - DEBUG - DNS解析重试中 de.616049.xyz: [Errno -5] No address associated with hostname
2026-07-17 01:30:40,192 - DEBUG - DNS解析重试中 de.616049.xyz: [Errno -5] No address associated with hostname
2026-07-17 01:30:41,204 - DEBUG - DNS解析重试中 de.616049.xyz: [Errno -5] No address associated with hostname
2026-07-17 01:30:42,206 - WARNING - [de.616049.xyz (FRA)] ├─ 无有效DNS记录，触发紧急更新
2026-07-17 01:43:13,398 - ERROR - CFST更新失败: None
2026-07-17 01:43:13,402 - DEBUG - Starting new HTTPS connection (1): api.telegram.org:443
2026-07-17 01:43:13,862 - DEBUG - https://api.telegram.org:443 "POST /bot/sendMessage HTTP/1.1" 404 55
