2026-01-28 02:28:17,909 - INFO - 启动维护任务 | 协议类型: IPV4
2026-01-28 02:28:17,909 - INFO - --------------------------------------------------
2026-01-28 02:28:17,909 - INFO - [hk.616049.xyz (HKG)] 开始处理节点维护
2026-01-28 02:28:17,918 - DEBUG - DNS解析重试中 hk.616049.xyz: [Errno -2] Name or service not known
2026-01-28 02:28:18,927 - DEBUG - DNS解析重试中 hk.616049.xyz: [Errno -2] Name or service not known
2026-01-28 02:28:19,941 - DEBUG - DNS解析重试中 hk.616049.xyz: [Errno -2] Name or service not known
2026-01-28 02:28:20,942 - WARNING - [hk.616049.xyz (HKG)] ├─ 无有效DNS记录，触发紧急更新
2026-01-28 02:41:17,959 - ERROR - CFST更新失败: None
2026-01-28 02:41:17,960 - INFO - --------------------------------------------------
2026-01-28 02:41:17,960 - INFO - [us.616049.xyz (LAX)] 开始处理节点维护
2026-01-28 02:41:17,967 - DEBUG - DNS解析重试中 us.616049.xyz: [Errno -2] Name or service not known
2026-01-28 02:41:18,975 - DEBUG - DNS解析重试中 us.616049.xyz: [Errno -2] Name or service not known
2026-01-28 02:41:19,984 - DEBUG - DNS解析重试中 us.616049.xyz: [Errno -2] Name or service not known
2026-01-28 02:41:20,985 - WARNING - [us.616049.xyz (LAX)] ├─ 无有效DNS记录，触发紧急更新
2026-01-28 02:54:17,274 - ERROR - CFST更新失败: None
2026-01-28 02:54:17,274 - INFO - --------------------------------------------------
2026-01-28 02:54:17,274 - INFO - [de.616049.xyz (FRA)] 开始处理节点维护
2026-01-28 02:54:17,282 - DEBUG - DNS解析重试中 de.616049.xyz: [Errno -2] Name or service not known
2026-01-28 02:54:18,356 - DEBUG - DNS解析重试中 de.616049.xyz: [Errno -2] Name or service not known
2026-01-28 02:54:19,373 - DEBUG - DNS解析重试中 de.616049.xyz: [Errno -2] Name or service not known
2026-01-28 02:54:20,374 - WARNING - [de.616049.xyz (FRA)] ├─ 无有效DNS记录，触发紧急更新
2026-01-28 03:07:17,380 - ERROR - CFST更新失败: None
2026-01-28 03:07:17,384 - DEBUG - Starting new HTTPS connection (1): api.telegram.org:443
2026-01-28 03:07:17,684 - DEBUG - https://api.telegram.org:443 "POST /bot/sendMessage HTTP/1.1" 404 55
