2026-06-14 06:55:45,408 - INFO - 启动维护任务 | 协议类型: IPV4
2026-06-14 06:55:45,408 - INFO - --------------------------------------------------
2026-06-14 06:55:45,408 - INFO - [hk.616049.xyz (HKG)] 开始处理节点维护
2026-06-14 06:55:45,514 - DEBUG - DNS解析重试中 hk.616049.xyz: [Errno -2] Name or service not known
2026-06-14 06:55:46,527 - DEBUG - DNS解析重试中 hk.616049.xyz: [Errno -2] Name or service not known
2026-06-14 06:55:47,539 - DEBUG - DNS解析重试中 hk.616049.xyz: [Errno -2] Name or service not known
2026-06-14 06:55:48,540 - WARNING - [hk.616049.xyz (HKG)] ├─ 无有效DNS记录，触发紧急更新
2026-06-14 07:08:26,960 - ERROR - CFST更新失败: None
2026-06-14 07:08:26,960 - INFO - --------------------------------------------------
2026-06-14 07:08:26,960 - INFO - [us.616049.xyz (LAX)] 开始处理节点维护
2026-06-14 07:08:26,971 - DEBUG - DNS解析重试中 us.616049.xyz: [Errno -2] Name or service not known
2026-06-14 07:08:27,989 - DEBUG - DNS解析重试中 us.616049.xyz: [Errno -2] Name or service not known
2026-06-14 07:08:28,999 - DEBUG - DNS解析重试中 us.616049.xyz: [Errno -2] Name or service not known
2026-06-14 07:08:30,000 - WARNING - [us.616049.xyz (LAX)] ├─ 无有效DNS记录，触发紧急更新
2026-06-14 07:21:13,869 - ERROR - CFST更新失败: None
2026-06-14 07:21:13,869 - INFO - --------------------------------------------------
2026-06-14 07:21:13,869 - INFO - [de.616049.xyz (FRA)] 开始处理节点维护
2026-06-14 07:21:13,883 - DEBUG - DNS解析重试中 de.616049.xyz: [Errno -2] Name or service not known
2026-06-14 07:21:14,893 - DEBUG - DNS解析重试中 de.616049.xyz: [Errno -2] Name or service not known
2026-06-14 07:21:15,918 - DEBUG - DNS解析重试中 de.616049.xyz: [Errno -2] Name or service not known
2026-06-14 07:21:16,919 - WARNING - [de.616049.xyz (FRA)] ├─ 无有效DNS记录，触发紧急更新
2026-06-14 07:33:55,109 - ERROR - CFST更新失败: None
2026-06-14 07:33:55,112 - DEBUG - Starting new HTTPS connection (1): api.telegram.org:443
2026-06-14 07:33:55,390 - DEBUG - https://api.telegram.org:443 "POST /bot/sendMessage HTTP/1.1" 404 55
