2026-07-19 22:47:51,518 - INFO - 启动维护任务 | 协议类型: IPV4
2026-07-19 22:47:51,518 - INFO - --------------------------------------------------
2026-07-19 22:47:51,518 - INFO - [hk.616049.xyz (HKG)] 开始处理节点维护
2026-07-19 22:47:51,532 - DEBUG - DNS解析重试中 hk.616049.xyz: [Errno -5] No address associated with hostname
2026-07-19 22:47:52,547 - DEBUG - DNS解析重试中 hk.616049.xyz: [Errno -5] No address associated with hostname
2026-07-19 22:47:53,575 - DEBUG - DNS解析重试中 hk.616049.xyz: [Errno -5] No address associated with hostname
2026-07-19 22:47:54,576 - WARNING - [hk.616049.xyz (HKG)] ├─ 无有效DNS记录，触发紧急更新
2026-07-19 23:00:29,736 - ERROR - CFST更新失败: None
2026-07-19 23:00:29,736 - INFO - --------------------------------------------------
2026-07-19 23:00:29,736 - INFO - [us.616049.xyz (LAX)] 开始处理节点维护
2026-07-19 23:00:29,763 - DEBUG - DNS解析重试中 us.616049.xyz: [Errno -5] No address associated with hostname
2026-07-19 23:00:30,779 - DEBUG - DNS解析重试中 us.616049.xyz: [Errno -5] No address associated with hostname
2026-07-19 23:00:31,795 - DEBUG - DNS解析重试中 us.616049.xyz: [Errno -5] No address associated with hostname
2026-07-19 23:00:32,796 - WARNING - [us.616049.xyz (LAX)] ├─ 无有效DNS记录，触发紧急更新
2026-07-19 23:13:07,634 - ERROR - CFST更新失败: None
2026-07-19 23:13:07,634 - INFO - --------------------------------------------------
2026-07-19 23:13:07,635 - INFO - [de.616049.xyz (FRA)] 开始处理节点维护
2026-07-19 23:13:07,653 - DEBUG - DNS解析重试中 de.616049.xyz: [Errno -5] No address associated with hostname
2026-07-19 23:13:08,671 - DEBUG - DNS解析重试中 de.616049.xyz: [Errno -5] No address associated with hostname
2026-07-19 23:13:09,710 - DEBUG - DNS解析重试中 de.616049.xyz: [Errno -5] No address associated with hostname
2026-07-19 23:13:10,711 - WARNING - [de.616049.xyz (FRA)] ├─ 无有效DNS记录，触发紧急更新
2026-07-19 23:25:45,282 - ERROR - CFST更新失败: None
2026-07-19 23:25:45,286 - DEBUG - Starting new HTTPS connection (1): api.telegram.org:443
2026-07-19 23:25:45,579 - DEBUG - https://api.telegram.org:443 "POST /bot/sendMessage HTTP/1.1" 404 55
