2026-04-27 10:01:32,526 - INFO - 启动维护任务 | 协议类型: IPV4
2026-04-27 10:01:32,526 - INFO - --------------------------------------------------
2026-04-27 10:01:32,526 - INFO - [hk.616049.xyz (HKG)] 开始处理节点维护
2026-04-27 10:01:32,540 - DEBUG - DNS解析重试中 hk.616049.xyz: [Errno -2] Name or service not known
2026-04-27 10:01:33,552 - DEBUG - DNS解析重试中 hk.616049.xyz: [Errno -2] Name or service not known
2026-04-27 10:01:34,581 - DEBUG - DNS解析重试中 hk.616049.xyz: [Errno -2] Name or service not known
2026-04-27 10:01:35,583 - WARNING - [hk.616049.xyz (HKG)] ├─ 无有效DNS记录，触发紧急更新
2026-04-27 10:14:29,068 - ERROR - CFST更新失败: None
2026-04-27 10:14:29,069 - INFO - --------------------------------------------------
2026-04-27 10:14:29,069 - INFO - [us.616049.xyz (LAX)] 开始处理节点维护
2026-04-27 10:14:29,077 - DEBUG - DNS解析重试中 us.616049.xyz: [Errno -2] Name or service not known
2026-04-27 10:14:30,086 - DEBUG - DNS解析重试中 us.616049.xyz: [Errno -2] Name or service not known
2026-04-27 10:14:31,094 - DEBUG - DNS解析重试中 us.616049.xyz: [Errno -2] Name or service not known
2026-04-27 10:14:32,096 - WARNING - [us.616049.xyz (LAX)] ├─ 无有效DNS记录，触发紧急更新
2026-04-27 10:27:24,948 - ERROR - CFST更新失败: None
2026-04-27 10:27:24,948 - INFO - --------------------------------------------------
2026-04-27 10:27:24,949 - INFO - [de.616049.xyz (FRA)] 开始处理节点维护
2026-04-27 10:27:24,956 - DEBUG - DNS解析重试中 de.616049.xyz: [Errno -2] Name or service not known
2026-04-27 10:27:25,963 - DEBUG - DNS解析重试中 de.616049.xyz: [Errno -2] Name or service not known
2026-04-27 10:27:26,971 - DEBUG - DNS解析重试中 de.616049.xyz: [Errno -2] Name or service not known
2026-04-27 10:27:27,973 - WARNING - [de.616049.xyz (FRA)] ├─ 无有效DNS记录，触发紧急更新
2026-04-27 10:40:20,654 - ERROR - CFST更新失败: None
2026-04-27 10:40:20,658 - DEBUG - Starting new HTTPS connection (1): api.telegram.org:443
2026-04-27 10:40:21,166 - DEBUG - https://api.telegram.org:443 "POST /bot/sendMessage HTTP/1.1" 404 55
