2026-02-17 12:12:04,250 - INFO - 启动维护任务 | 协议类型: IPV4
2026-02-17 12:12:04,250 - INFO - --------------------------------------------------
2026-02-17 12:12:04,251 - INFO - [hk.616049.xyz (HKG)] 开始处理节点维护
2026-02-17 12:12:04,262 - DEBUG - DNS解析重试中 hk.616049.xyz: [Errno -2] Name or service not known
2026-02-17 12:12:05,275 - DEBUG - DNS解析重试中 hk.616049.xyz: [Errno -2] Name or service not known
2026-02-17 12:12:06,288 - DEBUG - DNS解析重试中 hk.616049.xyz: [Errno -2] Name or service not known
2026-02-17 12:12:07,289 - WARNING - [hk.616049.xyz (HKG)] ├─ 无有效DNS记录，触发紧急更新
2026-02-17 12:25:05,536 - ERROR - CFST更新失败: None
2026-02-17 12:25:05,537 - INFO - --------------------------------------------------
2026-02-17 12:25:05,537 - INFO - [us.616049.xyz (LAX)] 开始处理节点维护
2026-02-17 12:25:05,547 - DEBUG - DNS解析重试中 us.616049.xyz: [Errno -2] Name or service not known
2026-02-17 12:25:06,554 - DEBUG - DNS解析重试中 us.616049.xyz: [Errno -2] Name or service not known
2026-02-17 12:25:07,568 - DEBUG - DNS解析重试中 us.616049.xyz: [Errno -2] Name or service not known
2026-02-17 12:25:08,569 - WARNING - [us.616049.xyz (LAX)] ├─ 无有效DNS记录，触发紧急更新
2026-02-17 12:38:03,337 - ERROR - CFST更新失败: None
2026-02-17 12:38:03,337 - INFO - --------------------------------------------------
2026-02-17 12:38:03,337 - INFO - [de.616049.xyz (FRA)] 开始处理节点维护
2026-02-17 12:38:03,360 - DEBUG - DNS解析重试中 de.616049.xyz: [Errno -2] Name or service not known
2026-02-17 12:38:04,371 - DEBUG - DNS解析重试中 de.616049.xyz: [Errno -2] Name or service not known
2026-02-17 12:38:05,408 - DEBUG - DNS解析重试中 de.616049.xyz: [Errno -2] Name or service not known
2026-02-17 12:38:06,409 - WARNING - [de.616049.xyz (FRA)] ├─ 无有效DNS记录，触发紧急更新
2026-02-17 12:51:02,003 - ERROR - CFST更新失败: None
2026-02-17 12:51:02,006 - DEBUG - Starting new HTTPS connection (1): api.telegram.org:443
2026-02-17 12:51:02,302 - DEBUG - https://api.telegram.org:443 "POST /bot/sendMessage HTTP/1.1" 404 55
