2026-03-19 14:48:33,937 - INFO - 启动维护任务 | 协议类型: IPV4
2026-03-19 14:48:33,937 - INFO - --------------------------------------------------
2026-03-19 14:48:33,937 - INFO - [hk.616049.xyz (HKG)] 开始处理节点维护
2026-03-19 14:48:33,968 - DEBUG - DNS解析重试中 hk.616049.xyz: [Errno -2] Name or service not known
2026-03-19 14:48:35,002 - DEBUG - DNS解析重试中 hk.616049.xyz: [Errno -2] Name or service not known
2026-03-19 14:48:36,038 - DEBUG - DNS解析重试中 hk.616049.xyz: [Errno -2] Name or service not known
2026-03-19 14:48:37,039 - WARNING - [hk.616049.xyz (HKG)] ├─ 无有效DNS记录，触发紧急更新
2026-03-19 15:01:45,973 - ERROR - CFST更新失败: None
2026-03-19 15:01:45,973 - INFO - --------------------------------------------------
2026-03-19 15:01:45,973 - INFO - [us.616049.xyz (LAX)] 开始处理节点维护
2026-03-19 15:01:46,006 - DEBUG - DNS解析重试中 us.616049.xyz: [Errno -2] Name or service not known
2026-03-19 15:01:47,037 - DEBUG - DNS解析重试中 us.616049.xyz: [Errno -2] Name or service not known
2026-03-19 15:01:48,045 - DEBUG - DNS解析重试中 us.616049.xyz: [Errno -2] Name or service not known
2026-03-19 15:01:49,046 - WARNING - [us.616049.xyz (LAX)] ├─ 无有效DNS记录，触发紧急更新
2026-03-19 15:14:57,525 - ERROR - CFST更新失败: None
2026-03-19 15:14:57,525 - INFO - --------------------------------------------------
2026-03-19 15:14:57,525 - INFO - [de.616049.xyz (FRA)] 开始处理节点维护
2026-03-19 15:14:57,556 - DEBUG - DNS解析重试中 de.616049.xyz: [Errno -2] Name or service not known
2026-03-19 15:14:58,601 - DEBUG - DNS解析重试中 de.616049.xyz: [Errno -2] Name or service not known
2026-03-19 15:14:59,647 - DEBUG - DNS解析重试中 de.616049.xyz: [Errno -2] Name or service not known
2026-03-19 15:15:00,648 - WARNING - [de.616049.xyz (FRA)] ├─ 无有效DNS记录，触发紧急更新
2026-03-19 15:28:09,341 - ERROR - CFST更新失败: None
2026-03-19 15:28:09,345 - DEBUG - Starting new HTTPS connection (1): api.telegram.org:443
2026-03-19 15:28:09,785 - DEBUG - https://api.telegram.org:443 "POST /bot/sendMessage HTTP/1.1" 404 55
