2026-06-28 10:41:47,327 - INFO - 启动维护任务 | 协议类型: IPV4
2026-06-28 10:41:47,327 - INFO - --------------------------------------------------
2026-06-28 10:41:47,327 - INFO - [hk.616049.xyz (HKG)] 开始处理节点维护
2026-06-28 10:41:47,385 - DEBUG - DNS解析重试中 hk.616049.xyz: [Errno -2] Name or service not known
2026-06-28 10:41:48,457 - DEBUG - DNS解析重试中 hk.616049.xyz: [Errno -2] Name or service not known
2026-06-28 10:41:49,463 - DEBUG - DNS解析重试中 hk.616049.xyz: [Errno -2] Name or service not known
2026-06-28 10:41:50,465 - WARNING - [hk.616049.xyz (HKG)] ├─ 无有效DNS记录，触发紧急更新
2026-06-28 10:54:06,557 - ERROR - CFST更新失败: None
2026-06-28 10:54:06,557 - INFO - --------------------------------------------------
2026-06-28 10:54:06,557 - INFO - [us.616049.xyz (LAX)] 开始处理节点维护
2026-06-28 10:54:06,636 - DEBUG - DNS解析重试中 us.616049.xyz: [Errno -2] Name or service not known
2026-06-28 10:54:07,643 - DEBUG - DNS解析重试中 us.616049.xyz: [Errno -2] Name or service not known
2026-06-28 10:54:08,702 - DEBUG - DNS解析重试中 us.616049.xyz: [Errno -2] Name or service not known
2026-06-28 10:54:09,703 - WARNING - [us.616049.xyz (LAX)] ├─ 无有效DNS记录，触发紧急更新
2026-06-28 11:06:22,932 - ERROR - CFST更新失败: None
2026-06-28 11:06:22,932 - INFO - --------------------------------------------------
2026-06-28 11:06:22,932 - INFO - [de.616049.xyz (FRA)] 开始处理节点维护
2026-06-28 11:06:22,988 - DEBUG - DNS解析重试中 de.616049.xyz: [Errno -2] Name or service not known
2026-06-28 11:06:24,050 - DEBUG - DNS解析重试中 de.616049.xyz: [Errno -2] Name or service not known
2026-06-28 11:06:25,123 - DEBUG - DNS解析重试中 de.616049.xyz: [Errno -2] Name or service not known
2026-06-28 11:06:26,124 - WARNING - [de.616049.xyz (FRA)] ├─ 无有效DNS记录，触发紧急更新
2026-06-28 11:18:39,756 - ERROR - CFST更新失败: None
2026-06-28 11:18:39,759 - DEBUG - Starting new HTTPS connection (1): api.telegram.org:443
2026-06-28 11:18:40,145 - DEBUG - https://api.telegram.org:443 "POST /bot/sendMessage HTTP/1.1" 404 55
