2026-04-21 12:43:17,721 - INFO - 启动维护任务 | 协议类型: IPV4
2026-04-21 12:43:17,721 - INFO - --------------------------------------------------
2026-04-21 12:43:17,721 - INFO - [hk.616049.xyz (HKG)] 开始处理节点维护
2026-04-21 12:43:17,749 - DEBUG - DNS解析重试中 hk.616049.xyz: [Errno -2] Name or service not known
2026-04-21 12:43:18,772 - DEBUG - DNS解析重试中 hk.616049.xyz: [Errno -2] Name or service not known
2026-04-21 12:43:19,794 - DEBUG - DNS解析重试中 hk.616049.xyz: [Errno -2] Name or service not known
2026-04-21 12:43:20,796 - WARNING - [hk.616049.xyz (HKG)] ├─ 无有效DNS记录，触发紧急更新
2026-04-21 12:56:15,417 - ERROR - CFST更新失败: None
2026-04-21 12:56:15,417 - INFO - --------------------------------------------------
2026-04-21 12:56:15,417 - INFO - [us.616049.xyz (LAX)] 开始处理节点维护
2026-04-21 12:56:15,446 - DEBUG - DNS解析重试中 us.616049.xyz: [Errno -2] Name or service not known
2026-04-21 12:56:16,454 - DEBUG - DNS解析重试中 us.616049.xyz: [Errno -2] Name or service not known
2026-04-21 12:56:17,475 - DEBUG - DNS解析重试中 us.616049.xyz: [Errno -2] Name or service not known
2026-04-21 12:56:18,476 - WARNING - [us.616049.xyz (LAX)] ├─ 无有效DNS记录，触发紧急更新
2026-04-21 13:09:14,424 - ERROR - CFST更新失败: None
2026-04-21 13:09:14,424 - INFO - --------------------------------------------------
2026-04-21 13:09:14,424 - INFO - [de.616049.xyz (FRA)] 开始处理节点维护
2026-04-21 13:09:14,454 - DEBUG - DNS解析重试中 de.616049.xyz: [Errno -2] Name or service not known
2026-04-21 13:09:15,478 - DEBUG - DNS解析重试中 de.616049.xyz: [Errno -2] Name or service not known
2026-04-21 13:09:16,499 - DEBUG - DNS解析重试中 de.616049.xyz: [Errno -2] Name or service not known
2026-04-21 13:09:17,500 - WARNING - [de.616049.xyz (FRA)] ├─ 无有效DNS记录，触发紧急更新
2026-04-21 13:22:12,484 - ERROR - CFST更新失败: None
2026-04-21 13:22:12,488 - DEBUG - Starting new HTTPS connection (1): api.telegram.org:443
2026-04-21 13:22:12,823 - DEBUG - https://api.telegram.org:443 "POST /bot/sendMessage HTTP/1.1" 404 55
