2026-03-27 00:54:11,586 - INFO - 启动维护任务 | 协议类型: IPV4
2026-03-27 00:54:11,586 - INFO - --------------------------------------------------
2026-03-27 00:54:11,587 - INFO - [hk.616049.xyz (HKG)] 开始处理节点维护
2026-03-27 00:54:11,596 - DEBUG - DNS解析重试中 hk.616049.xyz: [Errno -2] Name or service not known
2026-03-27 00:54:12,607 - DEBUG - DNS解析重试中 hk.616049.xyz: [Errno -2] Name or service not known
2026-03-27 00:54:13,623 - DEBUG - DNS解析重试中 hk.616049.xyz: [Errno -2] Name or service not known
2026-03-27 00:54:14,624 - WARNING - [hk.616049.xyz (HKG)] ├─ 无有效DNS记录，触发紧急更新
2026-03-27 01:07:11,060 - ERROR - CFST更新失败: None
2026-03-27 01:07:11,060 - INFO - --------------------------------------------------
2026-03-27 01:07:11,060 - INFO - [us.616049.xyz (LAX)] 开始处理节点维护
2026-03-27 01:07:11,070 - DEBUG - DNS解析重试中 us.616049.xyz: [Errno -2] Name or service not known
2026-03-27 01:07:12,079 - DEBUG - DNS解析重试中 us.616049.xyz: [Errno -2] Name or service not known
2026-03-27 01:07:13,089 - DEBUG - DNS解析重试中 us.616049.xyz: [Errno -2] Name or service not known
2026-03-27 01:07:14,090 - WARNING - [us.616049.xyz (LAX)] ├─ 无有效DNS记录，触发紧急更新
2026-03-27 01:20:11,256 - ERROR - CFST更新失败: None
2026-03-27 01:20:11,256 - INFO - --------------------------------------------------
2026-03-27 01:20:11,256 - INFO - [de.616049.xyz (FRA)] 开始处理节点维护
2026-03-27 01:20:11,284 - DEBUG - DNS解析重试中 de.616049.xyz: [Errno -2] Name or service not known
2026-03-27 01:20:12,303 - DEBUG - DNS解析重试中 de.616049.xyz: [Errno -2] Name or service not known
2026-03-27 01:20:13,315 - DEBUG - DNS解析重试中 de.616049.xyz: [Errno -2] Name or service not known
2026-03-27 01:20:14,317 - WARNING - [de.616049.xyz (FRA)] ├─ 无有效DNS记录，触发紧急更新
2026-03-27 01:33:11,148 - ERROR - CFST更新失败: None
2026-03-27 01:33:11,152 - DEBUG - Starting new HTTPS connection (1): api.telegram.org:443
2026-03-27 01:33:11,448 - DEBUG - https://api.telegram.org:443 "POST /bot/sendMessage HTTP/1.1" 404 55
