2026-05-31 00:53:15,461 - INFO - 启动维护任务 | 协议类型: IPV4
2026-05-31 00:53:15,461 - INFO - --------------------------------------------------
2026-05-31 00:53:15,462 - INFO - [hk.616049.xyz (HKG)] 开始处理节点维护
2026-05-31 00:53:15,473 - DEBUG - DNS解析重试中 hk.616049.xyz: [Errno -2] Name or service not known
2026-05-31 00:53:16,492 - DEBUG - DNS解析重试中 hk.616049.xyz: [Errno -2] Name or service not known
2026-05-31 00:53:17,502 - DEBUG - DNS解析重试中 hk.616049.xyz: [Errno -2] Name or service not known
2026-05-31 00:53:18,503 - WARNING - [hk.616049.xyz (HKG)] ├─ 无有效DNS记录，触发紧急更新
2026-05-31 01:06:12,013 - ERROR - CFST更新失败: None
2026-05-31 01:06:12,013 - INFO - --------------------------------------------------
2026-05-31 01:06:12,013 - INFO - [us.616049.xyz (LAX)] 开始处理节点维护
2026-05-31 01:06:12,051 - DEBUG - DNS解析重试中 us.616049.xyz: [Errno -2] Name or service not known
2026-05-31 01:06:13,062 - DEBUG - DNS解析重试中 us.616049.xyz: [Errno -2] Name or service not known
2026-05-31 01:06:14,072 - DEBUG - DNS解析重试中 us.616049.xyz: [Errno -2] Name or service not known
2026-05-31 01:06:15,074 - WARNING - [us.616049.xyz (LAX)] ├─ 无有效DNS记录，触发紧急更新
2026-05-31 01:19:08,254 - ERROR - CFST更新失败: None
2026-05-31 01:19:08,254 - INFO - --------------------------------------------------
2026-05-31 01:19:08,254 - INFO - [de.616049.xyz (FRA)] 开始处理节点维护
2026-05-31 01:19:08,269 - DEBUG - DNS解析重试中 de.616049.xyz: [Errno -2] Name or service not known
2026-05-31 01:19:09,280 - DEBUG - DNS解析重试中 de.616049.xyz: [Errno -2] Name or service not known
2026-05-31 01:19:10,293 - DEBUG - DNS解析重试中 de.616049.xyz: [Errno -2] Name or service not known
2026-05-31 01:19:11,295 - WARNING - [de.616049.xyz (FRA)] ├─ 无有效DNS记录，触发紧急更新
2026-05-31 01:32:04,559 - ERROR - CFST更新失败: None
2026-05-31 01:32:04,563 - DEBUG - Starting new HTTPS connection (1): api.telegram.org:443
2026-05-31 01:32:04,843 - DEBUG - https://api.telegram.org:443 "POST /bot/sendMessage HTTP/1.1" 404 55
