2026-05-04 21:25:43,657 - INFO - 启动维护任务 | 协议类型: IPV4
2026-05-04 21:25:43,657 - INFO - --------------------------------------------------
2026-05-04 21:25:43,657 - INFO - [hk.616049.xyz (HKG)] 开始处理节点维护
2026-05-04 21:25:43,685 - DEBUG - DNS解析重试中 hk.616049.xyz: [Errno -2] Name or service not known
2026-05-04 21:25:44,712 - DEBUG - DNS解析重试中 hk.616049.xyz: [Errno -2] Name or service not known
2026-05-04 21:25:45,739 - DEBUG - DNS解析重试中 hk.616049.xyz: [Errno -2] Name or service not known
2026-05-04 21:25:46,740 - WARNING - [hk.616049.xyz (HKG)] ├─ 无有效DNS记录，触发紧急更新
2026-05-04 21:38:43,403 - ERROR - CFST更新失败: None
2026-05-04 21:38:43,403 - INFO - --------------------------------------------------
2026-05-04 21:38:43,403 - INFO - [us.616049.xyz (LAX)] 开始处理节点维护
2026-05-04 21:38:43,430 - DEBUG - DNS解析重试中 us.616049.xyz: [Errno -2] Name or service not known
2026-05-04 21:38:44,438 - DEBUG - DNS解析重试中 us.616049.xyz: [Errno -2] Name or service not known
2026-05-04 21:38:45,481 - DEBUG - DNS解析重试中 us.616049.xyz: [Errno -2] Name or service not known
2026-05-04 21:38:46,482 - WARNING - [us.616049.xyz (LAX)] ├─ 无有效DNS记录，触发紧急更新
2026-05-04 21:51:44,640 - ERROR - CFST更新失败: None
2026-05-04 21:51:44,641 - INFO - --------------------------------------------------
2026-05-04 21:51:44,641 - INFO - [de.616049.xyz (FRA)] 开始处理节点维护
2026-05-04 21:51:44,681 - DEBUG - DNS解析重试中 de.616049.xyz: [Errno -2] Name or service not known
2026-05-04 21:51:45,732 - DEBUG - DNS解析重试中 de.616049.xyz: [Errno -2] Name or service not known
2026-05-04 21:51:46,759 - DEBUG - DNS解析重试中 de.616049.xyz: [Errno -2] Name or service not known
2026-05-04 21:51:47,760 - WARNING - [de.616049.xyz (FRA)] ├─ 无有效DNS记录，触发紧急更新
2026-05-04 22:04:44,397 - ERROR - CFST更新失败: None
2026-05-04 22:04:44,401 - DEBUG - Starting new HTTPS connection (1): api.telegram.org:443
2026-05-04 22:04:44,730 - DEBUG - https://api.telegram.org:443 "POST /bot/sendMessage HTTP/1.1" 404 55
