2026-06-21 03:12:07,080 - INFO - 启动维护任务 | 协议类型: IPV4
2026-06-21 03:12:07,080 - INFO - --------------------------------------------------
2026-06-21 03:12:07,080 - INFO - [hk.616049.xyz (HKG)] 开始处理节点维护
2026-06-21 03:12:07,090 - DEBUG - DNS解析重试中 hk.616049.xyz: [Errno -2] Name or service not known
2026-06-21 03:12:08,114 - DEBUG - DNS解析重试中 hk.616049.xyz: [Errno -2] Name or service not known
2026-06-21 03:12:09,135 - DEBUG - DNS解析重试中 hk.616049.xyz: [Errno -2] Name or service not known
2026-06-21 03:12:10,137 - WARNING - [hk.616049.xyz (HKG)] ├─ 无有效DNS记录，触发紧急更新
2026-06-21 03:24:43,796 - ERROR - CFST更新失败: None
2026-06-21 03:24:43,796 - INFO - --------------------------------------------------
2026-06-21 03:24:43,796 - INFO - [us.616049.xyz (LAX)] 开始处理节点维护
2026-06-21 03:24:43,810 - DEBUG - DNS解析重试中 us.616049.xyz: [Errno -2] Name or service not known
2026-06-21 03:24:44,821 - DEBUG - DNS解析重试中 us.616049.xyz: [Errno -2] Name or service not known
2026-06-21 03:24:45,835 - DEBUG - DNS解析重试中 us.616049.xyz: [Errno -2] Name or service not known
2026-06-21 03:24:46,836 - WARNING - [us.616049.xyz (LAX)] ├─ 无有效DNS记录，触发紧急更新
2026-06-21 03:37:20,235 - ERROR - CFST更新失败: None
2026-06-21 03:37:20,235 - INFO - --------------------------------------------------
2026-06-21 03:37:20,235 - INFO - [de.616049.xyz (FRA)] 开始处理节点维护
2026-06-21 03:37:20,246 - DEBUG - DNS解析重试中 de.616049.xyz: [Errno -2] Name or service not known
2026-06-21 03:37:21,262 - DEBUG - DNS解析重试中 de.616049.xyz: [Errno -2] Name or service not known
2026-06-21 03:37:22,288 - DEBUG - DNS解析重试中 de.616049.xyz: [Errno -2] Name or service not known
2026-06-21 03:37:23,289 - WARNING - [de.616049.xyz (FRA)] ├─ 无有效DNS记录，触发紧急更新
2026-06-21 03:49:57,271 - ERROR - CFST更新失败: None
2026-06-21 03:49:57,274 - DEBUG - Starting new HTTPS connection (1): api.telegram.org:443
2026-06-21 03:49:57,550 - DEBUG - https://api.telegram.org:443 "POST /bot/sendMessage HTTP/1.1" 404 55
