2026-03-12 09:16:20,373 - INFO - 启动维护任务 | 协议类型: IPV4
2026-03-12 09:16:20,373 - INFO - --------------------------------------------------
2026-03-12 09:16:20,373 - INFO - [hk.616049.xyz (HKG)] 开始处理节点维护
2026-03-12 09:16:20,397 - DEBUG - DNS解析重试中 hk.616049.xyz: [Errno -2] Name or service not known
2026-03-12 09:16:21,421 - DEBUG - DNS解析重试中 hk.616049.xyz: [Errno -2] Name or service not known
2026-03-12 09:16:22,443 - DEBUG - DNS解析重试中 hk.616049.xyz: [Errno -2] Name or service not known
2026-03-12 09:16:23,445 - WARNING - [hk.616049.xyz (HKG)] ├─ 无有效DNS记录，触发紧急更新
2026-03-12 09:29:27,973 - ERROR - CFST更新失败: None
2026-03-12 09:29:27,973 - INFO - --------------------------------------------------
2026-03-12 09:29:27,973 - INFO - [us.616049.xyz (LAX)] 开始处理节点维护
2026-03-12 09:29:27,997 - DEBUG - DNS解析重试中 us.616049.xyz: [Errno -2] Name or service not known
2026-03-12 09:29:29,052 - DEBUG - DNS解析重试中 us.616049.xyz: [Errno -2] Name or service not known
2026-03-12 09:29:30,075 - DEBUG - DNS解析重试中 us.616049.xyz: [Errno -2] Name or service not known
2026-03-12 09:29:31,076 - WARNING - [us.616049.xyz (LAX)] ├─ 无有效DNS记录，触发紧急更新
2026-03-12 09:42:35,802 - ERROR - CFST更新失败: None
2026-03-12 09:42:35,802 - INFO - --------------------------------------------------
2026-03-12 09:42:35,803 - INFO - [de.616049.xyz (FRA)] 开始处理节点维护
2026-03-12 09:42:35,824 - DEBUG - DNS解析重试中 de.616049.xyz: [Errno -2] Name or service not known
2026-03-12 09:42:36,852 - DEBUG - DNS解析重试中 de.616049.xyz: [Errno -2] Name or service not known
2026-03-12 09:42:37,877 - DEBUG - DNS解析重试中 de.616049.xyz: [Errno -2] Name or service not known
2026-03-12 09:42:38,878 - WARNING - [de.616049.xyz (FRA)] ├─ 无有效DNS记录，触发紧急更新
2026-03-12 09:55:44,763 - ERROR - CFST更新失败: None
2026-03-12 09:55:44,766 - DEBUG - Starting new HTTPS connection (1): api.telegram.org:443
2026-03-12 09:55:45,103 - DEBUG - https://api.telegram.org:443 "POST /bot/sendMessage HTTP/1.1" 404 55
