2026-02-21 11:59:50,090 - INFO - 启动维护任务 | 协议类型: IPV4
2026-02-21 11:59:50,090 - INFO - --------------------------------------------------
2026-02-21 11:59:50,090 - INFO - [hk.616049.xyz (HKG)] 开始处理节点维护
2026-02-21 11:59:50,128 - DEBUG - DNS解析重试中 hk.616049.xyz: [Errno -2] Name or service not known
2026-02-21 11:59:51,161 - DEBUG - DNS解析重试中 hk.616049.xyz: [Errno -2] Name or service not known
2026-02-21 11:59:52,194 - DEBUG - DNS解析重试中 hk.616049.xyz: [Errno -2] Name or service not known
2026-02-21 11:59:53,196 - WARNING - [hk.616049.xyz (HKG)] ├─ 无有效DNS记录，触发紧急更新
2026-02-21 12:12:52,152 - ERROR - CFST更新失败: None
2026-02-21 12:12:52,152 - INFO - --------------------------------------------------
2026-02-21 12:12:52,152 - INFO - [us.616049.xyz (LAX)] 开始处理节点维护
2026-02-21 12:12:52,183 - DEBUG - DNS解析重试中 us.616049.xyz: [Errno -2] Name or service not known
2026-02-21 12:12:53,217 - DEBUG - DNS解析重试中 us.616049.xyz: [Errno -2] Name or service not known
2026-02-21 12:12:54,262 - DEBUG - DNS解析重试中 us.616049.xyz: [Errno -2] Name or service not known
2026-02-21 12:12:55,263 - WARNING - [us.616049.xyz (LAX)] ├─ 无有效DNS记录，触发紧急更新
2026-02-21 12:25:53,908 - ERROR - CFST更新失败: None
2026-02-21 12:25:53,908 - INFO - --------------------------------------------------
2026-02-21 12:25:53,908 - INFO - [de.616049.xyz (FRA)] 开始处理节点维护
2026-02-21 12:25:53,942 - DEBUG - DNS解析重试中 de.616049.xyz: [Errno -2] Name or service not known
2026-02-21 12:25:54,992 - DEBUG - DNS解析重试中 de.616049.xyz: [Errno -2] Name or service not known
2026-02-21 12:25:56,040 - DEBUG - DNS解析重试中 de.616049.xyz: [Errno -2] Name or service not known
2026-02-21 12:25:57,042 - WARNING - [de.616049.xyz (FRA)] ├─ 无有效DNS记录，触发紧急更新
2026-02-21 12:38:56,304 - ERROR - CFST更新失败: None
2026-02-21 12:38:56,307 - DEBUG - Starting new HTTPS connection (1): api.telegram.org:443
2026-02-21 12:38:56,702 - DEBUG - https://api.telegram.org:443 "POST /bot/sendMessage HTTP/1.1" 404 55
