2026-03-28 00:44:08,277 - INFO - 启动维护任务 | 协议类型: IPV4
2026-03-28 00:44:08,277 - INFO - --------------------------------------------------
2026-03-28 00:44:08,277 - INFO - [hk.616049.xyz (HKG)] 开始处理节点维护
2026-03-28 00:44:08,298 - DEBUG - DNS解析重试中 hk.616049.xyz: [Errno -2] Name or service not known
2026-03-28 00:44:09,307 - DEBUG - DNS解析重试中 hk.616049.xyz: [Errno -2] Name or service not known
2026-03-28 00:44:10,316 - DEBUG - DNS解析重试中 hk.616049.xyz: [Errno -2] Name or service not known
2026-03-28 00:44:11,318 - WARNING - [hk.616049.xyz (HKG)] ├─ 无有效DNS记录，触发紧急更新
2026-03-28 00:57:07,917 - ERROR - CFST更新失败: None
2026-03-28 00:57:07,917 - INFO - --------------------------------------------------
2026-03-28 00:57:07,917 - INFO - [us.616049.xyz (LAX)] 开始处理节点维护
2026-03-28 00:57:07,931 - DEBUG - DNS解析重试中 us.616049.xyz: [Errno -2] Name or service not known
2026-03-28 00:57:08,944 - DEBUG - DNS解析重试中 us.616049.xyz: [Errno -2] Name or service not known
2026-03-28 00:57:09,954 - DEBUG - DNS解析重试中 us.616049.xyz: [Errno -2] Name or service not known
2026-03-28 00:57:10,956 - WARNING - [us.616049.xyz (LAX)] ├─ 无有效DNS记录，触发紧急更新
2026-03-28 01:10:06,050 - ERROR - CFST更新失败: None
2026-03-28 01:10:06,050 - INFO - --------------------------------------------------
2026-03-28 01:10:06,051 - INFO - [de.616049.xyz (FRA)] 开始处理节点维护
2026-03-28 01:10:06,058 - DEBUG - DNS解析重试中 de.616049.xyz: [Errno -2] Name or service not known
2026-03-28 01:10:07,074 - DEBUG - DNS解析重试中 de.616049.xyz: [Errno -2] Name or service not known
2026-03-28 01:10:08,091 - DEBUG - DNS解析重试中 de.616049.xyz: [Errno -2] Name or service not known
2026-03-28 01:10:09,092 - WARNING - [de.616049.xyz (FRA)] ├─ 无有效DNS记录，触发紧急更新
2026-03-28 01:23:04,236 - ERROR - CFST更新失败: None
2026-03-28 01:23:04,240 - DEBUG - Starting new HTTPS connection (1): api.telegram.org:443
2026-03-28 01:23:04,525 - DEBUG - https://api.telegram.org:443 "POST /bot/sendMessage HTTP/1.1" 404 55
