2026-02-02 18:37:04,831 - INFO - 启动维护任务 | 协议类型: IPV4
2026-02-02 18:37:04,831 - INFO - --------------------------------------------------
2026-02-02 18:37:04,831 - INFO - [hk.616049.xyz (HKG)] 开始处理节点维护
2026-02-02 18:37:04,862 - DEBUG - DNS解析重试中 hk.616049.xyz: [Errno -2] Name or service not known
2026-02-02 18:37:05,883 - DEBUG - DNS解析重试中 hk.616049.xyz: [Errno -2] Name or service not known
2026-02-02 18:37:06,914 - DEBUG - DNS解析重试中 hk.616049.xyz: [Errno -2] Name or service not known
2026-02-02 18:37:07,915 - WARNING - [hk.616049.xyz (HKG)] ├─ 无有效DNS记录，触发紧急更新
2026-02-02 18:50:04,821 - ERROR - CFST更新失败: None
2026-02-02 18:50:04,821 - INFO - --------------------------------------------------
2026-02-02 18:50:04,821 - INFO - [us.616049.xyz (LAX)] 开始处理节点维护
2026-02-02 18:50:04,846 - DEBUG - DNS解析重试中 us.616049.xyz: [Errno -2] Name or service not known
2026-02-02 18:50:05,900 - DEBUG - DNS解析重试中 us.616049.xyz: [Errno -2] Name or service not known
2026-02-02 18:50:06,904 - DEBUG - DNS解析重试中 us.616049.xyz: [Errno -2] Name or service not known
2026-02-02 18:50:07,905 - WARNING - [us.616049.xyz (LAX)] ├─ 无有效DNS记录，触发紧急更新
2026-02-02 19:03:05,190 - ERROR - CFST更新失败: None
2026-02-02 19:03:05,190 - INFO - --------------------------------------------------
2026-02-02 19:03:05,191 - INFO - [de.616049.xyz (FRA)] 开始处理节点维护
2026-02-02 19:03:05,213 - DEBUG - DNS解析重试中 de.616049.xyz: [Errno -2] Name or service not known
2026-02-02 19:03:06,243 - DEBUG - DNS解析重试中 de.616049.xyz: [Errno -2] Name or service not known
2026-02-02 19:03:07,285 - DEBUG - DNS解析重试中 de.616049.xyz: [Errno -2] Name or service not known
2026-02-02 19:03:08,286 - WARNING - [de.616049.xyz (FRA)] ├─ 无有效DNS记录，触发紧急更新
2026-02-02 19:16:05,779 - ERROR - CFST更新失败: None
2026-02-02 19:16:05,783 - DEBUG - Starting new HTTPS connection (1): api.telegram.org:443
2026-02-02 19:16:06,126 - DEBUG - https://api.telegram.org:443 "POST /bot/sendMessage HTTP/1.1" 404 55
