2026-06-26 22:06:35,523 - INFO - 启动维护任务 | 协议类型: IPV4
2026-06-26 22:06:35,523 - INFO - --------------------------------------------------
2026-06-26 22:06:35,523 - INFO - [hk.616049.xyz (HKG)] 开始处理节点维护
2026-06-26 22:06:35,554 - DEBUG - DNS解析重试中 hk.616049.xyz: [Errno -2] Name or service not known
2026-06-26 22:06:36,560 - DEBUG - DNS解析重试中 hk.616049.xyz: [Errno -2] Name or service not known
2026-06-26 22:06:37,604 - DEBUG - DNS解析重试中 hk.616049.xyz: [Errno -2] Name or service not known
2026-06-26 22:06:38,605 - WARNING - [hk.616049.xyz (HKG)] ├─ 无有效DNS记录，触发紧急更新
2026-06-26 22:19:09,839 - ERROR - CFST更新失败: None
2026-06-26 22:19:09,839 - INFO - --------------------------------------------------
2026-06-26 22:19:09,839 - INFO - [us.616049.xyz (LAX)] 开始处理节点维护
2026-06-26 22:19:09,913 - DEBUG - DNS解析重试中 us.616049.xyz: [Errno -2] Name or service not known
2026-06-26 22:19:10,941 - DEBUG - DNS解析重试中 us.616049.xyz: [Errno -2] Name or service not known
2026-06-26 22:19:12,007 - DEBUG - DNS解析重试中 us.616049.xyz: [Errno -2] Name or service not known
2026-06-26 22:19:13,008 - WARNING - [us.616049.xyz (LAX)] ├─ 无有效DNS记录，触发紧急更新
2026-06-26 22:31:44,273 - ERROR - CFST更新失败: None
2026-06-26 22:31:44,274 - INFO - --------------------------------------------------
2026-06-26 22:31:44,274 - INFO - [de.616049.xyz (FRA)] 开始处理节点维护
2026-06-26 22:31:44,305 - DEBUG - DNS解析重试中 de.616049.xyz: [Errno -2] Name or service not known
2026-06-26 22:31:45,333 - DEBUG - DNS解析重试中 de.616049.xyz: [Errno -2] Name or service not known
2026-06-26 22:31:46,361 - DEBUG - DNS解析重试中 de.616049.xyz: [Errno -2] Name or service not known
2026-06-26 22:31:47,363 - WARNING - [de.616049.xyz (FRA)] ├─ 无有效DNS记录，触发紧急更新
2026-06-26 22:44:18,718 - ERROR - CFST更新失败: None
2026-06-26 22:44:18,722 - DEBUG - Starting new HTTPS connection (1): api.telegram.org:443
2026-06-26 22:44:19,140 - DEBUG - https://api.telegram.org:443 "POST /bot/sendMessage HTTP/1.1" 404 55
