2026-02-15 22:20:31,360 - INFO - 启动维护任务 | 协议类型: IPV4
2026-02-15 22:20:31,360 - INFO - --------------------------------------------------
2026-02-15 22:20:31,360 - INFO - [hk.616049.xyz (HKG)] 开始处理节点维护
2026-02-15 22:20:31,370 - DEBUG - DNS解析重试中 hk.616049.xyz: [Errno -2] Name or service not known
2026-02-15 22:20:32,382 - DEBUG - DNS解析重试中 hk.616049.xyz: [Errno -2] Name or service not known
2026-02-15 22:20:33,400 - DEBUG - DNS解析重试中 hk.616049.xyz: [Errno -2] Name or service not known
2026-02-15 22:20:34,402 - WARNING - [hk.616049.xyz (HKG)] ├─ 无有效DNS记录，触发紧急更新
2026-02-15 22:33:29,531 - ERROR - CFST更新失败: None
2026-02-15 22:33:29,531 - INFO - --------------------------------------------------
2026-02-15 22:33:29,531 - INFO - [us.616049.xyz (LAX)] 开始处理节点维护
2026-02-15 22:33:29,543 - DEBUG - DNS解析重试中 us.616049.xyz: [Errno -2] Name or service not known
2026-02-15 22:33:30,568 - DEBUG - DNS解析重试中 us.616049.xyz: [Errno -2] Name or service not known
2026-02-15 22:33:31,594 - DEBUG - DNS解析重试中 us.616049.xyz: [Errno -2] Name or service not known
2026-02-15 22:33:32,596 - WARNING - [us.616049.xyz (LAX)] ├─ 无有效DNS记录，触发紧急更新
2026-02-15 22:46:27,765 - ERROR - CFST更新失败: None
2026-02-15 22:46:27,765 - INFO - --------------------------------------------------
2026-02-15 22:46:27,765 - INFO - [de.616049.xyz (FRA)] 开始处理节点维护
2026-02-15 22:46:27,781 - DEBUG - DNS解析重试中 de.616049.xyz: [Errno -2] Name or service not known
2026-02-15 22:46:29,073 - DEBUG - DNS解析重试中 de.616049.xyz: [Errno -2] Name or service not known
2026-02-15 22:46:30,084 - DEBUG - DNS解析重试中 de.616049.xyz: [Errno -2] Name or service not known
2026-02-15 22:46:31,085 - WARNING - [de.616049.xyz (FRA)] ├─ 无有效DNS记录，触发紧急更新
2026-02-15 22:59:25,639 - ERROR - CFST更新失败: None
2026-02-15 22:59:25,643 - DEBUG - Starting new HTTPS connection (1): api.telegram.org:443
2026-02-15 22:59:25,940 - DEBUG - https://api.telegram.org:443 "POST /bot/sendMessage HTTP/1.1" 404 55
