2026-04-12 18:31:39,335 - INFO - 启动维护任务 | 协议类型: IPV4
2026-04-12 18:31:39,335 - INFO - --------------------------------------------------
2026-04-12 18:31:39,335 - INFO - [hk.616049.xyz (HKG)] 开始处理节点维护
2026-04-12 18:31:39,355 - DEBUG - DNS解析重试中 hk.616049.xyz: [Errno -2] Name or service not known
2026-04-12 18:31:40,369 - DEBUG - DNS解析重试中 hk.616049.xyz: [Errno -2] Name or service not known
2026-04-12 18:31:41,387 - DEBUG - DNS解析重试中 hk.616049.xyz: [Errno -2] Name or service not known
2026-04-12 18:31:42,388 - WARNING - [hk.616049.xyz (HKG)] ├─ 无有效DNS记录，触发紧急更新
2026-04-12 18:44:36,649 - ERROR - CFST更新失败: None
2026-04-12 18:44:36,649 - INFO - --------------------------------------------------
2026-04-12 18:44:36,649 - INFO - [us.616049.xyz (LAX)] 开始处理节点维护
2026-04-12 18:44:36,656 - DEBUG - DNS解析重试中 us.616049.xyz: [Errno -2] Name or service not known
2026-04-12 18:44:37,665 - DEBUG - DNS解析重试中 us.616049.xyz: [Errno -2] Name or service not known
2026-04-12 18:44:38,673 - DEBUG - DNS解析重试中 us.616049.xyz: [Errno -2] Name or service not known
2026-04-12 18:44:39,674 - WARNING - [us.616049.xyz (LAX)] ├─ 无有效DNS记录，触发紧急更新
2026-04-12 18:57:33,029 - ERROR - CFST更新失败: None
2026-04-12 18:57:33,030 - INFO - --------------------------------------------------
2026-04-12 18:57:33,030 - INFO - [de.616049.xyz (FRA)] 开始处理节点维护
2026-04-12 18:57:33,036 - DEBUG - DNS解析重试中 de.616049.xyz: [Errno -2] Name or service not known
2026-04-12 18:57:34,045 - DEBUG - DNS解析重试中 de.616049.xyz: [Errno -2] Name or service not known
2026-04-12 18:57:35,051 - DEBUG - DNS解析重试中 de.616049.xyz: [Errno -2] Name or service not known
2026-04-12 18:57:36,053 - WARNING - [de.616049.xyz (FRA)] ├─ 无有效DNS记录，触发紧急更新
2026-04-12 19:10:29,080 - ERROR - CFST更新失败: None
2026-04-12 19:10:29,083 - DEBUG - Starting new HTTPS connection (1): api.telegram.org:443
2026-04-12 19:10:29,572 - DEBUG - https://api.telegram.org:443 "POST /bot/sendMessage HTTP/1.1" 404 55
