2026-04-10 18:44:23,371 - INFO - 启动维护任务 | 协议类型: IPV4
2026-04-10 18:44:23,371 - INFO - --------------------------------------------------
2026-04-10 18:44:23,371 - INFO - [hk.616049.xyz (HKG)] 开始处理节点维护
2026-04-10 18:44:23,393 - DEBUG - DNS解析重试中 hk.616049.xyz: [Errno -2] Name or service not known
2026-04-10 18:44:24,416 - DEBUG - DNS解析重试中 hk.616049.xyz: [Errno -2] Name or service not known
2026-04-10 18:44:25,440 - DEBUG - DNS解析重试中 hk.616049.xyz: [Errno -2] Name or service not known
2026-04-10 18:44:26,442 - WARNING - [hk.616049.xyz (HKG)] ├─ 无有效DNS记录，触发紧急更新
2026-04-10 18:57:20,150 - ERROR - CFST更新失败: None
2026-04-10 18:57:20,151 - INFO - --------------------------------------------------
2026-04-10 18:57:20,151 - INFO - [us.616049.xyz (LAX)] 开始处理节点维护
2026-04-10 18:57:20,175 - DEBUG - DNS解析重试中 us.616049.xyz: [Errno -2] Name or service not known
2026-04-10 18:57:21,212 - DEBUG - DNS解析重试中 us.616049.xyz: [Errno -2] Name or service not known
2026-04-10 18:57:22,249 - DEBUG - DNS解析重试中 us.616049.xyz: [Errno -2] Name or service not known
2026-04-10 18:57:23,250 - WARNING - [us.616049.xyz (LAX)] ├─ 无有效DNS记录，触发紧急更新
2026-04-10 19:10:16,255 - ERROR - CFST更新失败: None
2026-04-10 19:10:16,255 - INFO - --------------------------------------------------
2026-04-10 19:10:16,255 - INFO - [de.616049.xyz (FRA)] 开始处理节点维护
2026-04-10 19:10:16,284 - DEBUG - DNS解析重试中 de.616049.xyz: [Errno -2] Name or service not known
2026-04-10 19:10:17,318 - DEBUG - DNS解析重试中 de.616049.xyz: [Errno -2] Name or service not known
2026-04-10 19:10:18,347 - DEBUG - DNS解析重试中 de.616049.xyz: [Errno -2] Name or service not known
2026-04-10 19:10:19,348 - WARNING - [de.616049.xyz (FRA)] ├─ 无有效DNS记录，触发紧急更新
2026-04-10 19:23:12,966 - ERROR - CFST更新失败: None
2026-04-10 19:23:12,969 - DEBUG - Starting new HTTPS connection (1): api.telegram.org:443
2026-04-10 19:23:13,305 - DEBUG - https://api.telegram.org:443 "POST /bot/sendMessage HTTP/1.1" 404 55
