2026-05-21 07:06:04,124 - INFO - 启动维护任务 | 协议类型: IPV4
2026-05-21 07:06:04,124 - INFO - --------------------------------------------------
2026-05-21 07:06:04,124 - INFO - [hk.616049.xyz (HKG)] 开始处理节点维护
2026-05-21 07:06:04,135 - DEBUG - DNS解析重试中 hk.616049.xyz: [Errno -2] Name or service not known
2026-05-21 07:06:05,148 - DEBUG - DNS解析重试中 hk.616049.xyz: [Errno -2] Name or service not known
2026-05-21 07:06:06,163 - DEBUG - DNS解析重试中 hk.616049.xyz: [Errno -2] Name or service not known
2026-05-21 07:06:07,164 - WARNING - [hk.616049.xyz (HKG)] ├─ 无有效DNS记录，触发紧急更新
2026-05-21 07:19:10,554 - ERROR - CFST更新失败: None
2026-05-21 07:19:10,554 - INFO - --------------------------------------------------
2026-05-21 07:19:10,554 - INFO - [us.616049.xyz (LAX)] 开始处理节点维护
2026-05-21 07:19:10,963 - DEBUG - DNS解析重试中 us.616049.xyz: [Errno -2] Name or service not known
2026-05-21 07:19:11,987 - DEBUG - DNS解析重试中 us.616049.xyz: [Errno -2] Name or service not known
2026-05-21 07:19:13,009 - DEBUG - DNS解析重试中 us.616049.xyz: [Errno -2] Name or service not known
2026-05-21 07:19:14,010 - WARNING - [us.616049.xyz (LAX)] ├─ 无有效DNS记录，触发紧急更新
2026-05-21 07:32:12,049 - ERROR - CFST更新失败: None
2026-05-21 07:32:12,049 - INFO - --------------------------------------------------
2026-05-21 07:32:12,049 - INFO - [de.616049.xyz (FRA)] 开始处理节点维护
2026-05-21 07:32:12,060 - DEBUG - DNS解析重试中 de.616049.xyz: [Errno -2] Name or service not known
2026-05-21 07:32:13,075 - DEBUG - DNS解析重试中 de.616049.xyz: [Errno -2] Name or service not known
2026-05-21 07:32:14,087 - DEBUG - DNS解析重试中 de.616049.xyz: [Errno -2] Name or service not known
2026-05-21 07:32:15,089 - WARNING - [de.616049.xyz (FRA)] ├─ 无有效DNS记录，触发紧急更新
2026-05-21 07:45:18,280 - ERROR - CFST更新失败: None
2026-05-21 07:45:18,284 - DEBUG - Starting new HTTPS connection (1): api.telegram.org:443
2026-05-21 07:45:18,573 - DEBUG - https://api.telegram.org:443 "POST /bot/sendMessage HTTP/1.1" 404 55
