2026-04-23 00:51:15,458 - INFO - 启动维护任务 | 协议类型: IPV4
2026-04-23 00:51:15,458 - INFO - --------------------------------------------------
2026-04-23 00:51:15,458 - INFO - [hk.616049.xyz (HKG)] 开始处理节点维护
2026-04-23 00:51:15,472 - DEBUG - DNS解析重试中 hk.616049.xyz: [Errno -2] Name or service not known
2026-04-23 00:51:16,480 - DEBUG - DNS解析重试中 hk.616049.xyz: [Errno -2] Name or service not known
2026-04-23 00:51:17,489 - DEBUG - DNS解析重试中 hk.616049.xyz: [Errno -2] Name or service not known
2026-04-23 00:51:18,490 - WARNING - [hk.616049.xyz (HKG)] ├─ 无有效DNS记录，触发紧急更新
2026-04-23 01:04:12,466 - ERROR - CFST更新失败: None
2026-04-23 01:04:12,466 - INFO - --------------------------------------------------
2026-04-23 01:04:12,466 - INFO - [us.616049.xyz (LAX)] 开始处理节点维护
2026-04-23 01:04:12,472 - DEBUG - DNS解析重试中 us.616049.xyz: [Errno -2] Name or service not known
2026-04-23 01:04:13,490 - DEBUG - DNS解析重试中 us.616049.xyz: [Errno -2] Name or service not known
2026-04-23 01:04:14,497 - DEBUG - DNS解析重试中 us.616049.xyz: [Errno -2] Name or service not known
2026-04-23 01:04:15,498 - WARNING - [us.616049.xyz (LAX)] ├─ 无有效DNS记录，触发紧急更新
2026-04-23 01:17:09,458 - ERROR - CFST更新失败: None
2026-04-23 01:17:09,458 - INFO - --------------------------------------------------
2026-04-23 01:17:09,458 - INFO - [de.616049.xyz (FRA)] 开始处理节点维护
2026-04-23 01:17:09,467 - DEBUG - DNS解析重试中 de.616049.xyz: [Errno -2] Name or service not known
2026-04-23 01:17:10,475 - DEBUG - DNS解析重试中 de.616049.xyz: [Errno -2] Name or service not known
2026-04-23 01:17:11,484 - DEBUG - DNS解析重试中 de.616049.xyz: [Errno -2] Name or service not known
2026-04-23 01:17:12,485 - WARNING - [de.616049.xyz (FRA)] ├─ 无有效DNS记录，触发紧急更新
2026-04-23 01:30:06,226 - ERROR - CFST更新失败: None
2026-04-23 01:30:06,229 - DEBUG - Starting new HTTPS connection (1): api.telegram.org:443
2026-04-23 01:30:06,714 - DEBUG - https://api.telegram.org:443 "POST /bot/sendMessage HTTP/1.1" 404 55
