2026-06-22 17:39:44,167 - INFO - 启动维护任务 | 协议类型: IPV4
2026-06-22 17:39:44,167 - INFO - --------------------------------------------------
2026-06-22 17:39:44,167 - INFO - [hk.616049.xyz (HKG)] 开始处理节点维护
2026-06-22 17:39:44,187 - DEBUG - DNS解析重试中 hk.616049.xyz: [Errno -2] Name or service not known
2026-06-22 17:39:45,211 - DEBUG - DNS解析重试中 hk.616049.xyz: [Errno -2] Name or service not known
2026-06-22 17:39:46,227 - DEBUG - DNS解析重试中 hk.616049.xyz: [Errno -2] Name or service not known
2026-06-22 17:39:47,228 - WARNING - [hk.616049.xyz (HKG)] ├─ 无有效DNS记录，触发紧急更新
2026-06-22 17:52:21,793 - ERROR - CFST更新失败: None
2026-06-22 17:52:21,793 - INFO - --------------------------------------------------
2026-06-22 17:52:21,793 - INFO - [us.616049.xyz (LAX)] 开始处理节点维护
2026-06-22 17:52:21,818 - DEBUG - DNS解析重试中 us.616049.xyz: [Errno -2] Name or service not known
2026-06-22 17:52:22,832 - DEBUG - DNS解析重试中 us.616049.xyz: [Errno -2] Name or service not known
2026-06-22 17:52:24,042 - DEBUG - DNS解析重试中 us.616049.xyz: [Errno -2] Name or service not known
2026-06-22 17:52:25,043 - WARNING - [us.616049.xyz (LAX)] ├─ 无有效DNS记录，触发紧急更新
2026-06-22 18:04:59,456 - ERROR - CFST更新失败: None
2026-06-22 18:04:59,456 - INFO - --------------------------------------------------
2026-06-22 18:04:59,456 - INFO - [de.616049.xyz (FRA)] 开始处理节点维护
2026-06-22 18:04:59,478 - DEBUG - DNS解析重试中 de.616049.xyz: [Errno -2] Name or service not known
2026-06-22 18:05:00,498 - DEBUG - DNS解析重试中 de.616049.xyz: [Errno -2] Name or service not known
2026-06-22 18:05:01,519 - DEBUG - DNS解析重试中 de.616049.xyz: [Errno -2] Name or service not known
2026-06-22 18:05:02,521 - WARNING - [de.616049.xyz (FRA)] ├─ 无有效DNS记录，触发紧急更新
2026-06-22 18:17:36,924 - ERROR - CFST更新失败: None
2026-06-22 18:17:36,927 - DEBUG - Starting new HTTPS connection (1): api.telegram.org:443
2026-06-22 18:17:37,402 - DEBUG - https://api.telegram.org:443 "POST /bot/sendMessage HTTP/1.1" 404 55
