2026-04-17 09:51:25,653 - INFO - 启动维护任务 | 协议类型: IPV4
2026-04-17 09:51:25,653 - INFO - --------------------------------------------------
2026-04-17 09:51:25,653 - INFO - [hk.616049.xyz (HKG)] 开始处理节点维护
2026-04-17 09:51:25,662 - DEBUG - DNS解析重试中 hk.616049.xyz: [Errno -2] Name or service not known
2026-04-17 09:51:26,674 - DEBUG - DNS解析重试中 hk.616049.xyz: [Errno -2] Name or service not known
2026-04-17 09:51:27,699 - DEBUG - DNS解析重试中 hk.616049.xyz: [Errno -2] Name or service not known
2026-04-17 09:51:28,700 - WARNING - [hk.616049.xyz (HKG)] ├─ 无有效DNS记录，触发紧急更新
2026-04-17 10:04:31,927 - ERROR - CFST更新失败: None
2026-04-17 10:04:31,928 - INFO - --------------------------------------------------
2026-04-17 10:04:31,928 - INFO - [us.616049.xyz (LAX)] 开始处理节点维护
2026-04-17 10:04:31,962 - DEBUG - DNS解析重试中 us.616049.xyz: [Errno -2] Name or service not known
2026-04-17 10:04:33,080 - DEBUG - DNS解析重试中 us.616049.xyz: [Errno -2] Name or service not known
2026-04-17 10:04:34,102 - DEBUG - DNS解析重试中 us.616049.xyz: [Errno -2] Name or service not known
2026-04-17 10:04:35,104 - WARNING - [us.616049.xyz (LAX)] ├─ 无有效DNS记录，触发紧急更新
2026-04-17 10:17:33,377 - ERROR - CFST更新失败: None
2026-04-17 10:17:33,377 - INFO - --------------------------------------------------
2026-04-17 10:17:33,378 - INFO - [de.616049.xyz (FRA)] 开始处理节点维护
2026-04-17 10:17:33,387 - DEBUG - DNS解析重试中 de.616049.xyz: [Errno -2] Name or service not known
2026-04-17 10:17:34,415 - DEBUG - DNS解析重试中 de.616049.xyz: [Errno -2] Name or service not known
2026-04-17 10:17:35,445 - DEBUG - DNS解析重试中 de.616049.xyz: [Errno -2] Name or service not known
2026-04-17 10:17:36,446 - WARNING - [de.616049.xyz (FRA)] ├─ 无有效DNS记录，触发紧急更新
2026-04-17 10:30:34,565 - ERROR - CFST更新失败: None
2026-04-17 10:30:34,569 - DEBUG - Starting new HTTPS connection (1): api.telegram.org:443
2026-04-17 10:30:34,868 - DEBUG - https://api.telegram.org:443 "POST /bot/sendMessage HTTP/1.1" 404 55
