2026-03-01 12:15:12,945 - INFO - 启动维护任务 | 协议类型: IPV4
2026-03-01 12:15:12,945 - INFO - --------------------------------------------------
2026-03-01 12:15:12,945 - INFO - [hk.616049.xyz (HKG)] 开始处理节点维护
2026-03-01 12:15:12,970 - DEBUG - DNS解析重试中 hk.616049.xyz: [Errno -2] Name or service not known
2026-03-01 12:15:14,001 - DEBUG - DNS解析重试中 hk.616049.xyz: [Errno -2] Name or service not known
2026-03-01 12:15:15,024 - DEBUG - DNS解析重试中 hk.616049.xyz: [Errno -2] Name or service not known
2026-03-01 12:15:16,025 - WARNING - [hk.616049.xyz (HKG)] ├─ 无有效DNS记录，触发紧急更新
2026-03-01 12:28:10,430 - ERROR - CFST更新失败: None
2026-03-01 12:28:10,430 - INFO - --------------------------------------------------
2026-03-01 12:28:10,430 - INFO - [us.616049.xyz (LAX)] 开始处理节点维护
2026-03-01 12:28:10,456 - DEBUG - DNS解析重试中 us.616049.xyz: [Errno -2] Name or service not known
2026-03-01 12:28:11,481 - DEBUG - DNS解析重试中 us.616049.xyz: [Errno -2] Name or service not known
2026-03-01 12:28:12,488 - DEBUG - DNS解析重试中 us.616049.xyz: [Errno -2] Name or service not known
2026-03-01 12:28:13,489 - WARNING - [us.616049.xyz (LAX)] ├─ 无有效DNS记录，触发紧急更新
2026-03-01 12:41:06,605 - ERROR - CFST更新失败: None
2026-03-01 12:41:06,605 - INFO - --------------------------------------------------
2026-03-01 12:41:06,605 - INFO - [de.616049.xyz (FRA)] 开始处理节点维护
2026-03-01 12:41:06,630 - DEBUG - DNS解析重试中 de.616049.xyz: [Errno -2] Name or service not known
2026-03-01 12:41:07,637 - DEBUG - DNS解析重试中 de.616049.xyz: [Errno -2] Name or service not known
2026-03-01 12:41:08,660 - DEBUG - DNS解析重试中 de.616049.xyz: [Errno -2] Name or service not known
2026-03-01 12:41:09,662 - WARNING - [de.616049.xyz (FRA)] ├─ 无有效DNS记录，触发紧急更新
2026-03-01 12:54:03,286 - ERROR - CFST更新失败: None
2026-03-01 12:54:03,290 - DEBUG - Starting new HTTPS connection (1): api.telegram.org:443
2026-03-01 12:54:03,621 - DEBUG - https://api.telegram.org:443 "POST /bot/sendMessage HTTP/1.1" 404 55
