2026-04-24 02:58:07,234 - INFO - 启动维护任务 | 协议类型: IPV4
2026-04-24 02:58:07,234 - INFO - --------------------------------------------------
2026-04-24 02:58:07,234 - INFO - [hk.616049.xyz (HKG)] 开始处理节点维护
2026-04-24 02:58:07,259 - DEBUG - DNS解析重试中 hk.616049.xyz: [Errno -2] Name or service not known
2026-04-24 02:58:08,282 - DEBUG - DNS解析重试中 hk.616049.xyz: [Errno -2] Name or service not known
2026-04-24 02:58:09,290 - DEBUG - DNS解析重试中 hk.616049.xyz: [Errno -2] Name or service not known
2026-04-24 02:58:10,291 - WARNING - [hk.616049.xyz (HKG)] ├─ 无有效DNS记录，触发紧急更新
2026-04-24 03:11:05,145 - ERROR - CFST更新失败: None
2026-04-24 03:11:05,145 - INFO - --------------------------------------------------
2026-04-24 03:11:05,145 - INFO - [us.616049.xyz (LAX)] 开始处理节点维护
2026-04-24 03:11:05,171 - DEBUG - DNS解析重试中 us.616049.xyz: [Errno -2] Name or service not known
2026-04-24 03:11:06,201 - DEBUG - DNS解析重试中 us.616049.xyz: [Errno -2] Name or service not known
2026-04-24 03:11:07,220 - DEBUG - DNS解析重试中 us.616049.xyz: [Errno -2] Name or service not known
2026-04-24 03:11:08,222 - WARNING - [us.616049.xyz (LAX)] ├─ 无有效DNS记录，触发紧急更新
2026-04-24 03:24:02,061 - ERROR - CFST更新失败: None
2026-04-24 03:24:02,061 - INFO - --------------------------------------------------
2026-04-24 03:24:02,061 - INFO - [de.616049.xyz (FRA)] 开始处理节点维护
2026-04-24 03:24:02,094 - DEBUG - DNS解析重试中 de.616049.xyz: [Errno -2] Name or service not known
2026-04-24 03:24:03,119 - DEBUG - DNS解析重试中 de.616049.xyz: [Errno -2] Name or service not known
2026-04-24 03:24:04,146 - DEBUG - DNS解析重试中 de.616049.xyz: [Errno -2] Name or service not known
2026-04-24 03:24:05,147 - WARNING - [de.616049.xyz (FRA)] ├─ 无有效DNS记录，触发紧急更新
2026-04-24 03:36:59,542 - ERROR - CFST更新失败: None
2026-04-24 03:36:59,546 - DEBUG - Starting new HTTPS connection (1): api.telegram.org:443
2026-04-24 03:36:59,876 - DEBUG - https://api.telegram.org:443 "POST /bot/sendMessage HTTP/1.1" 404 55
