2026-01-24 14:21:37,308 - INFO - 启动维护任务 | 协议类型: IPV4
2026-01-24 14:21:37,308 - INFO - --------------------------------------------------
2026-01-24 14:21:37,308 - INFO - [hk.616049.xyz (HKG)] 开始处理节点维护
2026-01-24 14:21:37,339 - DEBUG - DNS解析重试中 hk.616049.xyz: [Errno -2] Name or service not known
2026-01-24 14:21:38,392 - DEBUG - DNS解析重试中 hk.616049.xyz: [Errno -2] Name or service not known
2026-01-24 14:21:39,422 - DEBUG - DNS解析重试中 hk.616049.xyz: [Errno -2] Name or service not known
2026-01-24 14:21:40,423 - WARNING - [hk.616049.xyz (HKG)] ├─ 无有效DNS记录，触发紧急更新
2026-01-24 14:34:40,209 - ERROR - CFST更新失败: None
2026-01-24 14:34:40,209 - INFO - --------------------------------------------------
2026-01-24 14:34:40,209 - INFO - [us.616049.xyz (LAX)] 开始处理节点维护
2026-01-24 14:34:40,239 - DEBUG - DNS解析重试中 us.616049.xyz: [Errno -2] Name or service not known
2026-01-24 14:34:41,247 - DEBUG - DNS解析重试中 us.616049.xyz: [Errno -2] Name or service not known
2026-01-24 14:34:42,279 - DEBUG - DNS解析重试中 us.616049.xyz: [Errno -2] Name or service not known
2026-01-24 14:34:43,280 - WARNING - [us.616049.xyz (LAX)] ├─ 无有效DNS记录，触发紧急更新
2026-01-24 14:47:41,773 - ERROR - CFST更新失败: None
2026-01-24 14:47:41,773 - INFO - --------------------------------------------------
2026-01-24 14:47:41,773 - INFO - [de.616049.xyz (FRA)] 开始处理节点维护
2026-01-24 14:47:41,802 - DEBUG - DNS解析重试中 de.616049.xyz: [Errno -2] Name or service not known
2026-01-24 14:47:42,961 - DEBUG - DNS解析重试中 de.616049.xyz: [Errno -2] Name or service not known
2026-01-24 14:47:43,968 - DEBUG - DNS解析重试中 de.616049.xyz: [Errno -2] Name or service not known
2026-01-24 14:47:44,969 - WARNING - [de.616049.xyz (FRA)] ├─ 无有效DNS记录，触发紧急更新
2026-01-24 15:00:43,211 - ERROR - CFST更新失败: None
2026-01-24 15:00:43,214 - DEBUG - Starting new HTTPS connection (1): api.telegram.org:443
2026-01-24 15:00:43,628 - DEBUG - https://api.telegram.org:443 "POST /bot/sendMessage HTTP/1.1" 404 55
