2026-06-08 16:46:38,551 - INFO - 启动维护任务 | 协议类型: IPV4
2026-06-08 16:46:38,551 - INFO - --------------------------------------------------
2026-06-08 16:46:38,551 - INFO - [hk.616049.xyz (HKG)] 开始处理节点维护
2026-06-08 16:46:38,574 - DEBUG - DNS解析重试中 hk.616049.xyz: [Errno -2] Name or service not known
2026-06-08 16:46:39,599 - DEBUG - DNS解析重试中 hk.616049.xyz: [Errno -2] Name or service not known
2026-06-08 16:46:40,626 - DEBUG - DNS解析重试中 hk.616049.xyz: [Errno -2] Name or service not known
2026-06-08 16:46:41,627 - WARNING - [hk.616049.xyz (HKG)] ├─ 无有效DNS记录，触发紧急更新
2026-06-08 16:59:35,288 - ERROR - CFST更新失败: None
2026-06-08 16:59:35,288 - INFO - --------------------------------------------------
2026-06-08 16:59:35,288 - INFO - [us.616049.xyz (LAX)] 开始处理节点维护
2026-06-08 16:59:35,324 - DEBUG - DNS解析重试中 us.616049.xyz: [Errno -2] Name or service not known
2026-06-08 16:59:36,356 - DEBUG - DNS解析重试中 us.616049.xyz: [Errno -2] Name or service not known
2026-06-08 16:59:37,379 - DEBUG - DNS解析重试中 us.616049.xyz: [Errno -2] Name or service not known
2026-06-08 16:59:38,381 - WARNING - [us.616049.xyz (LAX)] ├─ 无有效DNS记录，触发紧急更新
2026-06-08 17:12:27,938 - ERROR - CFST更新失败: None
2026-06-08 17:12:27,938 - INFO - --------------------------------------------------
2026-06-08 17:12:27,938 - INFO - [de.616049.xyz (FRA)] 开始处理节点维护
2026-06-08 17:12:27,961 - DEBUG - DNS解析重试中 de.616049.xyz: [Errno -2] Name or service not known
2026-06-08 17:12:28,987 - DEBUG - DNS解析重试中 de.616049.xyz: [Errno -2] Name or service not known
2026-06-08 17:12:29,994 - DEBUG - DNS解析重试中 de.616049.xyz: [Errno -2] Name or service not known
2026-06-08 17:12:30,995 - WARNING - [de.616049.xyz (FRA)] ├─ 无有效DNS记录，触发紧急更新
2026-06-08 17:25:19,948 - ERROR - CFST更新失败: None
2026-06-08 17:25:19,951 - DEBUG - Starting new HTTPS connection (1): api.telegram.org:443
2026-06-08 17:25:20,430 - DEBUG - https://api.telegram.org:443 "POST /bot/sendMessage HTTP/1.1" 404 55
