2026-03-13 09:19:50,760 - INFO - 启动维护任务 | 协议类型: IPV4
2026-03-13 09:19:50,760 - INFO - --------------------------------------------------
2026-03-13 09:19:50,760 - INFO - [hk.616049.xyz (HKG)] 开始处理节点维护
2026-03-13 09:19:50,791 - DEBUG - DNS解析重试中 hk.616049.xyz: [Errno -2] Name or service not known
2026-03-13 09:19:51,807 - DEBUG - DNS解析重试中 hk.616049.xyz: [Errno -2] Name or service not known
2026-03-13 09:19:52,835 - DEBUG - DNS解析重试中 hk.616049.xyz: [Errno -2] Name or service not known
2026-03-13 09:19:53,836 - WARNING - [hk.616049.xyz (HKG)] ├─ 无有效DNS记录，触发紧急更新
2026-03-13 09:33:01,934 - ERROR - CFST更新失败: None
2026-03-13 09:33:01,934 - INFO - --------------------------------------------------
2026-03-13 09:33:01,934 - INFO - [us.616049.xyz (LAX)] 开始处理节点维护
2026-03-13 09:33:01,957 - DEBUG - DNS解析重试中 us.616049.xyz: [Errno -2] Name or service not known
2026-03-13 09:33:03,020 - DEBUG - DNS解析重试中 us.616049.xyz: [Errno -2] Name or service not known
2026-03-13 09:33:04,044 - DEBUG - DNS解析重试中 us.616049.xyz: [Errno -2] Name or service not known
2026-03-13 09:33:05,045 - WARNING - [us.616049.xyz (LAX)] ├─ 无有效DNS记录，触发紧急更新
2026-03-13 09:46:12,101 - ERROR - CFST更新失败: None
2026-03-13 09:46:12,101 - INFO - --------------------------------------------------
2026-03-13 09:46:12,101 - INFO - [de.616049.xyz (FRA)] 开始处理节点维护
2026-03-13 09:46:12,132 - DEBUG - DNS解析重试中 de.616049.xyz: [Errno -2] Name or service not known
2026-03-13 09:46:13,161 - DEBUG - DNS解析重试中 de.616049.xyz: [Errno -2] Name or service not known
2026-03-13 09:46:14,185 - DEBUG - DNS解析重试中 de.616049.xyz: [Errno -2] Name or service not known
2026-03-13 09:46:15,187 - WARNING - [de.616049.xyz (FRA)] ├─ 无有效DNS记录，触发紧急更新
2026-03-13 09:59:22,721 - ERROR - CFST更新失败: None
2026-03-13 09:59:22,724 - DEBUG - Starting new HTTPS connection (1): api.telegram.org:443
2026-03-13 09:59:23,164 - DEBUG - https://api.telegram.org:443 "POST /bot/sendMessage HTTP/1.1" 404 55
