2026-03-09 02:22:51,322 - INFO - 启动维护任务 | 协议类型: IPV4
2026-03-09 02:22:51,322 - INFO - --------------------------------------------------
2026-03-09 02:22:51,323 - INFO - [hk.616049.xyz (HKG)] 开始处理节点维护
2026-03-09 02:22:51,345 - DEBUG - DNS解析重试中 hk.616049.xyz: [Errno -2] Name or service not known
2026-03-09 02:22:52,370 - DEBUG - DNS解析重试中 hk.616049.xyz: [Errno -2] Name or service not known
2026-03-09 02:22:53,401 - DEBUG - DNS解析重试中 hk.616049.xyz: [Errno -2] Name or service not known
2026-03-09 02:22:54,403 - WARNING - [hk.616049.xyz (HKG)] ├─ 无有效DNS记录，触发紧急更新
2026-03-09 02:35:48,439 - ERROR - CFST更新失败: None
2026-03-09 02:35:48,440 - INFO - --------------------------------------------------
2026-03-09 02:35:48,440 - INFO - [us.616049.xyz (LAX)] 开始处理节点维护
2026-03-09 02:35:48,472 - DEBUG - DNS解析重试中 us.616049.xyz: [Errno -2] Name or service not known
2026-03-09 02:35:49,497 - DEBUG - DNS解析重试中 us.616049.xyz: [Errno -2] Name or service not known
2026-03-09 02:35:50,527 - DEBUG - DNS解析重试中 us.616049.xyz: [Errno -2] Name or service not known
2026-03-09 02:35:51,528 - WARNING - [us.616049.xyz (LAX)] ├─ 无有效DNS记录，触发紧急更新
2026-03-09 02:48:45,252 - ERROR - CFST更新失败: None
2026-03-09 02:48:45,252 - INFO - --------------------------------------------------
2026-03-09 02:48:45,252 - INFO - [de.616049.xyz (FRA)] 开始处理节点维护
2026-03-09 02:48:45,281 - DEBUG - DNS解析重试中 de.616049.xyz: [Errno -2] Name or service not known
2026-03-09 02:48:46,313 - DEBUG - DNS解析重试中 de.616049.xyz: [Errno -2] Name or service not known
2026-03-09 02:48:47,321 - DEBUG - DNS解析重试中 de.616049.xyz: [Errno -2] Name or service not known
2026-03-09 02:48:48,323 - WARNING - [de.616049.xyz (FRA)] ├─ 无有效DNS记录，触发紧急更新
2026-03-09 03:01:42,064 - ERROR - CFST更新失败: None
2026-03-09 03:01:42,068 - DEBUG - Starting new HTTPS connection (1): api.telegram.org:443
2026-03-09 03:01:42,399 - DEBUG - https://api.telegram.org:443 "POST /bot/sendMessage HTTP/1.1" 404 55
