2026-02-03 20:40:27,700 - INFO - 启动维护任务 | 协议类型: IPV4
2026-02-03 20:40:27,700 - INFO - --------------------------------------------------
2026-02-03 20:40:27,700 - INFO - [hk.616049.xyz (HKG)] 开始处理节点维护
2026-02-03 20:40:27,729 - DEBUG - DNS解析重试中 hk.616049.xyz: [Errno -2] Name or service not known
2026-02-03 20:40:28,762 - DEBUG - DNS解析重试中 hk.616049.xyz: [Errno -2] Name or service not known
2026-02-03 20:40:29,799 - DEBUG - DNS解析重试中 hk.616049.xyz: [Errno -2] Name or service not known
2026-02-03 20:40:30,800 - WARNING - [hk.616049.xyz (HKG)] ├─ 无有效DNS记录，触发紧急更新
2026-02-03 20:53:28,712 - ERROR - CFST更新失败: None
2026-02-03 20:53:28,713 - INFO - --------------------------------------------------
2026-02-03 20:53:28,713 - INFO - [us.616049.xyz (LAX)] 开始处理节点维护
2026-02-03 20:53:28,741 - DEBUG - DNS解析重试中 us.616049.xyz: [Errno -2] Name or service not known
2026-02-03 20:53:29,779 - DEBUG - DNS解析重试中 us.616049.xyz: [Errno -2] Name or service not known
2026-02-03 20:53:30,816 - DEBUG - DNS解析重试中 us.616049.xyz: [Errno -2] Name or service not known
2026-02-03 20:53:31,817 - WARNING - [us.616049.xyz (LAX)] ├─ 无有效DNS记录，触发紧急更新
2026-02-03 21:06:29,999 - ERROR - CFST更新失败: None
2026-02-03 21:06:29,999 - INFO - --------------------------------------------------
2026-02-03 21:06:29,999 - INFO - [de.616049.xyz (FRA)] 开始处理节点维护
2026-02-03 21:06:30,028 - DEBUG - DNS解析重试中 de.616049.xyz: [Errno -2] Name or service not known
2026-02-03 21:06:31,056 - DEBUG - DNS解析重试中 de.616049.xyz: [Errno -2] Name or service not known
2026-02-03 21:06:32,085 - DEBUG - DNS解析重试中 de.616049.xyz: [Errno -2] Name or service not known
2026-02-03 21:06:33,087 - WARNING - [de.616049.xyz (FRA)] ├─ 无有效DNS记录，触发紧急更新
2026-02-03 21:19:30,776 - ERROR - CFST更新失败: None
2026-02-03 21:19:30,779 - DEBUG - Starting new HTTPS connection (1): api.telegram.org:443
2026-02-03 21:19:31,178 - DEBUG - https://api.telegram.org:443 "POST /bot/sendMessage HTTP/1.1" 404 55
