2026-02-27 02:41:05,333 - INFO - 启动维护任务 | 协议类型: IPV4
2026-02-27 02:41:05,334 - INFO - --------------------------------------------------
2026-02-27 02:41:05,334 - INFO - [hk.616049.xyz (HKG)] 开始处理节点维护
2026-02-27 02:41:05,342 - DEBUG - DNS解析重试中 hk.616049.xyz: [Errno -2] Name or service not known
2026-02-27 02:41:06,364 - DEBUG - DNS解析重试中 hk.616049.xyz: [Errno -2] Name or service not known
2026-02-27 02:41:07,372 - DEBUG - DNS解析重试中 hk.616049.xyz: [Errno -2] Name or service not known
2026-02-27 02:41:08,373 - WARNING - [hk.616049.xyz (HKG)] ├─ 无有效DNS记录，触发紧急更新
2026-02-27 02:54:02,451 - ERROR - CFST更新失败: None
2026-02-27 02:54:02,451 - INFO - --------------------------------------------------
2026-02-27 02:54:02,451 - INFO - [us.616049.xyz (LAX)] 开始处理节点维护
2026-02-27 02:54:02,460 - DEBUG - DNS解析重试中 us.616049.xyz: [Errno -2] Name or service not known
2026-02-27 02:54:03,474 - DEBUG - DNS解析重试中 us.616049.xyz: [Errno -2] Name or service not known
2026-02-27 02:54:04,482 - DEBUG - DNS解析重试中 us.616049.xyz: [Errno -2] Name or service not known
2026-02-27 02:54:05,483 - WARNING - [us.616049.xyz (LAX)] ├─ 无有效DNS记录，触发紧急更新
2026-02-27 03:06:59,297 - ERROR - CFST更新失败: None
2026-02-27 03:06:59,297 - INFO - --------------------------------------------------
2026-02-27 03:06:59,297 - INFO - [de.616049.xyz (FRA)] 开始处理节点维护
2026-02-27 03:06:59,319 - DEBUG - DNS解析重试中 de.616049.xyz: [Errno -2] Name or service not known
2026-02-27 03:07:00,339 - DEBUG - DNS解析重试中 de.616049.xyz: [Errno -2] Name or service not known
2026-02-27 03:07:01,346 - DEBUG - DNS解析重试中 de.616049.xyz: [Errno -2] Name or service not known
2026-02-27 03:07:02,347 - WARNING - [de.616049.xyz (FRA)] ├─ 无有效DNS记录，触发紧急更新
2026-02-27 03:19:55,934 - ERROR - CFST更新失败: None
2026-02-27 03:19:55,938 - DEBUG - Starting new HTTPS connection (1): api.telegram.org:443
2026-02-27 03:19:56,444 - DEBUG - https://api.telegram.org:443 "POST /bot/sendMessage HTTP/1.1" 404 55
