2026-04-07 02:45:25,582 - INFO - 启动维护任务 | 协议类型: IPV4
2026-04-07 02:45:25,582 - INFO - --------------------------------------------------
2026-04-07 02:45:25,582 - INFO - [hk.616049.xyz (HKG)] 开始处理节点维护
2026-04-07 02:45:25,603 - DEBUG - DNS解析重试中 hk.616049.xyz: [Errno -2] Name or service not known
2026-04-07 02:45:26,626 - DEBUG - DNS解析重试中 hk.616049.xyz: [Errno -2] Name or service not known
2026-04-07 02:45:27,652 - DEBUG - DNS解析重试中 hk.616049.xyz: [Errno -2] Name or service not known
2026-04-07 02:45:28,653 - WARNING - [hk.616049.xyz (HKG)] ├─ 无有效DNS记录，触发紧急更新
2026-04-07 02:58:23,745 - ERROR - CFST更新失败: None
2026-04-07 02:58:23,745 - INFO - --------------------------------------------------
2026-04-07 02:58:23,745 - INFO - [us.616049.xyz (LAX)] 开始处理节点维护
2026-04-07 02:58:23,765 - DEBUG - DNS解析重试中 us.616049.xyz: [Errno -2] Name or service not known
2026-04-07 02:58:24,788 - DEBUG - DNS解析重试中 us.616049.xyz: [Errno -2] Name or service not known
2026-04-07 02:58:25,793 - DEBUG - DNS解析重试中 us.616049.xyz: [Errno -2] Name or service not known
2026-04-07 02:58:26,794 - WARNING - [us.616049.xyz (LAX)] ├─ 无有效DNS记录，触发紧急更新
2026-04-07 03:11:22,596 - ERROR - CFST更新失败: None
2026-04-07 03:11:22,597 - INFO - --------------------------------------------------
2026-04-07 03:11:22,597 - INFO - [de.616049.xyz (FRA)] 开始处理节点维护
2026-04-07 03:11:22,618 - DEBUG - DNS解析重试中 de.616049.xyz: [Errno -2] Name or service not known
2026-04-07 03:11:23,645 - DEBUG - DNS解析重试中 de.616049.xyz: [Errno -2] Name or service not known
2026-04-07 03:11:24,673 - DEBUG - DNS解析重试中 de.616049.xyz: [Errno -2] Name or service not known
2026-04-07 03:11:25,674 - WARNING - [de.616049.xyz (FRA)] ├─ 无有效DNS记录，触发紧急更新
2026-04-07 03:24:19,131 - ERROR - CFST更新失败: None
2026-04-07 03:24:19,135 - DEBUG - Starting new HTTPS connection (1): api.telegram.org:443
2026-04-07 03:24:19,459 - DEBUG - https://api.telegram.org:443 "POST /bot/sendMessage HTTP/1.1" 404 55
