2026-06-14 03:10:44,622 - INFO - 启动维护任务 | 协议类型: IPV4
2026-06-14 03:10:44,622 - INFO - --------------------------------------------------
2026-06-14 03:10:44,623 - INFO - [hk.616049.xyz (HKG)] 开始处理节点维护
2026-06-14 03:10:44,639 - DEBUG - DNS解析重试中 hk.616049.xyz: [Errno -2] Name or service not known
2026-06-14 03:10:45,710 - DEBUG - DNS解析重试中 hk.616049.xyz: [Errno -2] Name or service not known
2026-06-14 03:10:46,727 - DEBUG - DNS解析重试中 hk.616049.xyz: [Errno -2] Name or service not known
2026-06-14 03:10:47,728 - WARNING - [hk.616049.xyz (HKG)] ├─ 无有效DNS记录，触发紧急更新
2026-06-14 03:23:22,371 - ERROR - CFST更新失败: None
2026-06-14 03:23:22,371 - INFO - --------------------------------------------------
2026-06-14 03:23:22,371 - INFO - [us.616049.xyz (LAX)] 开始处理节点维护
2026-06-14 03:23:22,396 - DEBUG - DNS解析重试中 us.616049.xyz: [Errno -2] Name or service not known
2026-06-14 03:23:23,404 - DEBUG - DNS解析重试中 us.616049.xyz: [Errno -2] Name or service not known
2026-06-14 03:23:24,416 - DEBUG - DNS解析重试中 us.616049.xyz: [Errno -2] Name or service not known
2026-06-14 03:23:25,417 - WARNING - [us.616049.xyz (LAX)] ├─ 无有效DNS记录，触发紧急更新
2026-06-14 03:36:00,320 - ERROR - CFST更新失败: None
2026-06-14 03:36:00,321 - INFO - --------------------------------------------------
2026-06-14 03:36:00,321 - INFO - [de.616049.xyz (FRA)] 开始处理节点维护
2026-06-14 03:36:00,332 - DEBUG - DNS解析重试中 de.616049.xyz: [Errno -2] Name or service not known
2026-06-14 03:36:01,345 - DEBUG - DNS解析重试中 de.616049.xyz: [Errno -2] Name or service not known
2026-06-14 03:36:02,358 - DEBUG - DNS解析重试中 de.616049.xyz: [Errno -2] Name or service not known
2026-06-14 03:36:03,359 - WARNING - [de.616049.xyz (FRA)] ├─ 无有效DNS记录，触发紧急更新
2026-06-14 03:48:38,198 - ERROR - CFST更新失败: None
2026-06-14 03:48:38,201 - DEBUG - Starting new HTTPS connection (1): api.telegram.org:443
2026-06-14 03:48:38,492 - DEBUG - https://api.telegram.org:443 "POST /bot/sendMessage HTTP/1.1" 404 55
