2026-04-07 12:27:39,897 - INFO - 启动维护任务 | 协议类型: IPV4
2026-04-07 12:27:39,897 - INFO - --------------------------------------------------
2026-04-07 12:27:39,897 - INFO - [hk.616049.xyz (HKG)] 开始处理节点维护
2026-04-07 12:27:39,926 - DEBUG - DNS解析重试中 hk.616049.xyz: [Errno -2] Name or service not known
2026-04-07 12:27:40,956 - DEBUG - DNS解析重试中 hk.616049.xyz: [Errno -2] Name or service not known
2026-04-07 12:27:42,084 - DEBUG - DNS解析重试中 hk.616049.xyz: [Errno -2] Name or service not known
2026-04-07 12:27:43,085 - WARNING - [hk.616049.xyz (HKG)] ├─ 无有效DNS记录，触发紧急更新
2026-04-07 12:40:40,349 - ERROR - CFST更新失败: None
2026-04-07 12:40:40,350 - INFO - --------------------------------------------------
2026-04-07 12:40:40,350 - INFO - [us.616049.xyz (LAX)] 开始处理节点维护
2026-04-07 12:40:40,378 - DEBUG - DNS解析重试中 us.616049.xyz: [Errno -2] Name or service not known
2026-04-07 12:40:41,410 - DEBUG - DNS解析重试中 us.616049.xyz: [Errno -2] Name or service not known
2026-04-07 12:40:42,441 - DEBUG - DNS解析重试中 us.616049.xyz: [Errno -2] Name or service not known
2026-04-07 12:40:43,442 - WARNING - [us.616049.xyz (LAX)] ├─ 无有效DNS记录，触发紧急更新
2026-04-07 12:53:40,282 - ERROR - CFST更新失败: None
2026-04-07 12:53:40,282 - INFO - --------------------------------------------------
2026-04-07 12:53:40,282 - INFO - [de.616049.xyz (FRA)] 开始处理节点维护
2026-04-07 12:53:40,311 - DEBUG - DNS解析重试中 de.616049.xyz: [Errno -2] Name or service not known
2026-04-07 12:53:41,326 - DEBUG - DNS解析重试中 de.616049.xyz: [Errno -2] Name or service not known
2026-04-07 12:53:42,333 - DEBUG - DNS解析重试中 de.616049.xyz: [Errno -2] Name or service not known
2026-04-07 12:53:43,335 - WARNING - [de.616049.xyz (FRA)] ├─ 无有效DNS记录，触发紧急更新
2026-04-07 13:06:39,942 - ERROR - CFST更新失败: None
2026-04-07 13:06:39,945 - DEBUG - Starting new HTTPS connection (1): api.telegram.org:443
2026-04-07 13:06:40,374 - DEBUG - https://api.telegram.org:443 "POST /bot/sendMessage HTTP/1.1" 404 55
