2026-01-25 14:21:40,058 - INFO - 启动维护任务 | 协议类型: IPV4
2026-01-25 14:21:40,058 - INFO - --------------------------------------------------
2026-01-25 14:21:40,058 - INFO - [hk.616049.xyz (HKG)] 开始处理节点维护
2026-01-25 14:21:40,087 - DEBUG - DNS解析重试中 hk.616049.xyz: [Errno -2] Name or service not known
2026-01-25 14:21:41,095 - DEBUG - DNS解析重试中 hk.616049.xyz: [Errno -2] Name or service not known
2026-01-25 14:21:42,123 - DEBUG - DNS解析重试中 hk.616049.xyz: [Errno -2] Name or service not known
2026-01-25 14:21:43,125 - WARNING - [hk.616049.xyz (HKG)] ├─ 无有效DNS记录，触发紧急更新
2026-01-25 14:34:40,859 - ERROR - CFST更新失败: None
2026-01-25 14:34:40,859 - INFO - --------------------------------------------------
2026-01-25 14:34:40,859 - INFO - [us.616049.xyz (LAX)] 开始处理节点维护
2026-01-25 14:34:40,890 - DEBUG - DNS解析重试中 us.616049.xyz: [Errno -2] Name or service not known
2026-01-25 14:34:41,920 - DEBUG - DNS解析重试中 us.616049.xyz: [Errno -2] Name or service not known
2026-01-25 14:34:42,928 - DEBUG - DNS解析重试中 us.616049.xyz: [Errno -2] Name or service not known
2026-01-25 14:34:43,929 - WARNING - [us.616049.xyz (LAX)] ├─ 无有效DNS记录，触发紧急更新
2026-01-25 14:47:41,899 - ERROR - CFST更新失败: None
2026-01-25 14:47:41,899 - INFO - --------------------------------------------------
2026-01-25 14:47:41,899 - INFO - [de.616049.xyz (FRA)] 开始处理节点维护
2026-01-25 14:47:41,954 - DEBUG - DNS解析重试中 de.616049.xyz: [Errno -2] Name or service not known
2026-01-25 14:47:42,984 - DEBUG - DNS解析重试中 de.616049.xyz: [Errno -2] Name or service not known
2026-01-25 14:47:43,997 - DEBUG - DNS解析重试中 de.616049.xyz: [Errno -2] Name or service not known
2026-01-25 14:47:44,998 - WARNING - [de.616049.xyz (FRA)] ├─ 无有效DNS记录，触发紧急更新
2026-01-25 15:00:43,109 - ERROR - CFST更新失败: None
2026-01-25 15:00:43,112 - DEBUG - Starting new HTTPS connection (1): api.telegram.org:443
2026-01-25 15:00:43,526 - DEBUG - https://api.telegram.org:443 "POST /bot/sendMessage HTTP/1.1" 404 55
