2026-01-21 06:16:13,630 - INFO - 启动维护任务 | 协议类型: IPV4
2026-01-21 06:16:13,630 - INFO - --------------------------------------------------
2026-01-21 06:16:13,630 - INFO - [hk.616049.xyz (HKG)] 开始处理节点维护
2026-01-21 06:16:13,666 - DEBUG - DNS解析重试中 hk.616049.xyz: [Errno -2] Name or service not known
2026-01-21 06:16:14,708 - DEBUG - DNS解析重试中 hk.616049.xyz: [Errno -2] Name or service not known
2026-01-21 06:16:15,751 - DEBUG - DNS解析重试中 hk.616049.xyz: [Errno -2] Name or service not known
2026-01-21 06:16:16,752 - WARNING - [hk.616049.xyz (HKG)] ├─ 无有效DNS记录，触发紧急更新
2026-01-21 06:29:13,866 - ERROR - CFST更新失败: None
2026-01-21 06:29:13,866 - INFO - --------------------------------------------------
2026-01-21 06:29:13,867 - INFO - [us.616049.xyz (LAX)] 开始处理节点维护
2026-01-21 06:29:13,902 - DEBUG - DNS解析重试中 us.616049.xyz: [Errno -2] Name or service not known
2026-01-21 06:29:14,970 - DEBUG - DNS解析重试中 us.616049.xyz: [Errno -2] Name or service not known
2026-01-21 06:29:16,013 - DEBUG - DNS解析重试中 us.616049.xyz: [Errno -2] Name or service not known
2026-01-21 06:29:17,014 - WARNING - [us.616049.xyz (LAX)] ├─ 无有效DNS记录，触发紧急更新
2026-01-21 06:42:13,853 - ERROR - CFST更新失败: None
2026-01-21 06:42:13,853 - INFO - --------------------------------------------------
2026-01-21 06:42:13,853 - INFO - [de.616049.xyz (FRA)] 开始处理节点维护
2026-01-21 06:42:13,886 - DEBUG - DNS解析重试中 de.616049.xyz: [Errno -2] Name or service not known
2026-01-21 06:42:14,915 - DEBUG - DNS解析重试中 de.616049.xyz: [Errno -2] Name or service not known
2026-01-21 06:42:15,946 - DEBUG - DNS解析重试中 de.616049.xyz: [Errno -2] Name or service not known
2026-01-21 06:42:16,947 - WARNING - [de.616049.xyz (FRA)] ├─ 无有效DNS记录，触发紧急更新
2026-01-21 06:55:14,252 - ERROR - CFST更新失败: None
2026-01-21 06:55:14,256 - DEBUG - Starting new HTTPS connection (1): api.telegram.org:443
2026-01-21 06:55:14,644 - DEBUG - https://api.telegram.org:443 "POST /bot/sendMessage HTTP/1.1" 404 55
