2026-02-20 20:39:44,876 - INFO - 启动维护任务 | 协议类型: IPV4
2026-02-20 20:39:44,876 - INFO - --------------------------------------------------
2026-02-20 20:39:44,876 - INFO - [hk.616049.xyz (HKG)] 开始处理节点维护
2026-02-20 20:39:44,888 - DEBUG - DNS解析重试中 hk.616049.xyz: [Errno -2] Name or service not known
2026-02-20 20:39:45,942 - DEBUG - DNS解析重试中 hk.616049.xyz: [Errno -2] Name or service not known
2026-02-20 20:39:46,961 - DEBUG - DNS解析重试中 hk.616049.xyz: [Errno -2] Name or service not known
2026-02-20 20:39:47,962 - WARNING - [hk.616049.xyz (HKG)] ├─ 无有效DNS记录，触发紧急更新
2026-02-20 20:52:46,836 - ERROR - CFST更新失败: None
2026-02-20 20:52:46,836 - INFO - --------------------------------------------------
2026-02-20 20:52:46,836 - INFO - [us.616049.xyz (LAX)] 开始处理节点维护
2026-02-20 20:52:46,876 - DEBUG - DNS解析重试中 us.616049.xyz: [Errno -2] Name or service not known
2026-02-20 20:52:47,897 - DEBUG - DNS解析重试中 us.616049.xyz: [Errno -2] Name or service not known
2026-02-20 20:52:48,932 - DEBUG - DNS解析重试中 us.616049.xyz: [Errno -2] Name or service not known
2026-02-20 20:52:49,934 - WARNING - [us.616049.xyz (LAX)] ├─ 无有效DNS记录，触发紧急更新
2026-02-20 21:05:47,364 - ERROR - CFST更新失败: None
2026-02-20 21:05:47,365 - INFO - --------------------------------------------------
2026-02-20 21:05:47,365 - INFO - [de.616049.xyz (FRA)] 开始处理节点维护
2026-02-20 21:05:47,414 - DEBUG - DNS解析重试中 de.616049.xyz: [Errno -2] Name or service not known
2026-02-20 21:05:48,425 - DEBUG - DNS解析重试中 de.616049.xyz: [Errno -2] Name or service not known
2026-02-20 21:05:49,448 - DEBUG - DNS解析重试中 de.616049.xyz: [Errno -2] Name or service not known
2026-02-20 21:05:50,450 - WARNING - [de.616049.xyz (FRA)] ├─ 无有效DNS记录，触发紧急更新
2026-02-20 21:18:47,886 - ERROR - CFST更新失败: None
2026-02-20 21:18:47,889 - DEBUG - Starting new HTTPS connection (1): api.telegram.org:443
2026-02-20 21:18:48,188 - DEBUG - https://api.telegram.org:443 "POST /bot/sendMessage HTTP/1.1" 404 55
