2026-05-09 17:10:21,980 - INFO - 启动维护任务 | 协议类型: IPV4
2026-05-09 17:10:21,980 - INFO - --------------------------------------------------
2026-05-09 17:10:21,980 - INFO - [hk.616049.xyz (HKG)] 开始处理节点维护
2026-05-09 17:10:21,995 - DEBUG - DNS解析重试中 hk.616049.xyz: [Errno -2] Name or service not known
2026-05-09 17:10:23,004 - DEBUG - DNS解析重试中 hk.616049.xyz: [Errno -2] Name or service not known
2026-05-09 17:10:24,019 - DEBUG - DNS解析重试中 hk.616049.xyz: [Errno -2] Name or service not known
2026-05-09 17:10:25,021 - WARNING - [hk.616049.xyz (HKG)] ├─ 无有效DNS记录，触发紧急更新
2026-05-09 17:23:04,283 - ERROR - CFST更新失败: None
2026-05-09 17:23:04,283 - INFO - --------------------------------------------------
2026-05-09 17:23:04,283 - INFO - [us.616049.xyz (LAX)] 开始处理节点维护
2026-05-09 17:23:04,289 - DEBUG - DNS解析重试中 us.616049.xyz: [Errno -2] Name or service not known
2026-05-09 17:23:05,296 - DEBUG - DNS解析重试中 us.616049.xyz: [Errno -2] Name or service not known
2026-05-09 17:23:06,313 - DEBUG - DNS解析重试中 us.616049.xyz: [Errno -2] Name or service not known
2026-05-09 17:23:07,314 - WARNING - [us.616049.xyz (LAX)] ├─ 无有效DNS记录，触发紧急更新
2026-05-09 17:35:44,757 - ERROR - CFST更新失败: None
2026-05-09 17:35:44,758 - INFO - --------------------------------------------------
2026-05-09 17:35:44,758 - INFO - [de.616049.xyz (FRA)] 开始处理节点维护
2026-05-09 17:35:44,771 - DEBUG - DNS解析重试中 de.616049.xyz: [Errno -2] Name or service not known
2026-05-09 17:35:45,785 - DEBUG - DNS解析重试中 de.616049.xyz: [Errno -2] Name or service not known
2026-05-09 17:35:46,795 - DEBUG - DNS解析重试中 de.616049.xyz: [Errno -2] Name or service not known
2026-05-09 17:35:47,796 - WARNING - [de.616049.xyz (FRA)] ├─ 无有效DNS记录，触发紧急更新
2026-05-09 17:48:25,385 - ERROR - CFST更新失败: None
2026-05-09 17:48:25,389 - DEBUG - Starting new HTTPS connection (1): api.telegram.org:443
2026-05-09 17:48:25,874 - DEBUG - https://api.telegram.org:443 "POST /bot/sendMessage HTTP/1.1" 404 55
