2026-04-11 18:26:23,524 - INFO - 启动维护任务 | 协议类型: IPV4
2026-04-11 18:26:23,524 - INFO - --------------------------------------------------
2026-04-11 18:26:23,524 - INFO - [hk.616049.xyz (HKG)] 开始处理节点维护
2026-04-11 18:26:23,552 - DEBUG - DNS解析重试中 hk.616049.xyz: [Errno -2] Name or service not known
2026-04-11 18:26:24,591 - DEBUG - DNS解析重试中 hk.616049.xyz: [Errno -2] Name or service not known
2026-04-11 18:26:25,621 - DEBUG - DNS解析重试中 hk.616049.xyz: [Errno -2] Name or service not known
2026-04-11 18:26:26,622 - WARNING - [hk.616049.xyz (HKG)] ├─ 无有效DNS记录，触发紧急更新
2026-04-11 18:39:32,611 - ERROR - CFST更新失败: None
2026-04-11 18:39:32,611 - INFO - --------------------------------------------------
2026-04-11 18:39:32,611 - INFO - [us.616049.xyz (LAX)] 开始处理节点维护
2026-04-11 18:39:32,648 - DEBUG - DNS解析重试中 us.616049.xyz: [Errno -2] Name or service not known
2026-04-11 18:39:33,681 - DEBUG - DNS解析重试中 us.616049.xyz: [Errno -2] Name or service not known
2026-04-11 18:39:34,716 - DEBUG - DNS解析重试中 us.616049.xyz: [Errno -2] Name or service not known
2026-04-11 18:39:35,717 - WARNING - [us.616049.xyz (LAX)] ├─ 无有效DNS记录，触发紧急更新
2026-04-11 18:52:41,100 - ERROR - CFST更新失败: None
2026-04-11 18:52:41,100 - INFO - --------------------------------------------------
2026-04-11 18:52:41,101 - INFO - [de.616049.xyz (FRA)] 开始处理节点维护
2026-04-11 18:52:41,133 - DEBUG - DNS解析重试中 de.616049.xyz: [Errno -2] Name or service not known
2026-04-11 18:52:42,166 - DEBUG - DNS解析重试中 de.616049.xyz: [Errno -2] Name or service not known
2026-04-11 18:52:43,201 - DEBUG - DNS解析重试中 de.616049.xyz: [Errno -2] Name or service not known
2026-04-11 18:52:44,202 - WARNING - [de.616049.xyz (FRA)] ├─ 无有效DNS记录，触发紧急更新
2026-04-11 19:05:49,304 - ERROR - CFST更新失败: None
2026-04-11 19:05:49,307 - DEBUG - Starting new HTTPS connection (1): api.telegram.org:443
2026-04-11 19:05:49,699 - DEBUG - https://api.telegram.org:443 "POST /bot/sendMessage HTTP/1.1" 404 55
