2026-06-05 22:28:26,272 - INFO - 启动维护任务 | 协议类型: IPV4
2026-06-05 22:28:26,272 - INFO - --------------------------------------------------
2026-06-05 22:28:26,272 - INFO - [hk.616049.xyz (HKG)] 开始处理节点维护
2026-06-05 22:28:26,303 - DEBUG - DNS解析重试中 hk.616049.xyz: [Errno -2] Name or service not known
2026-06-05 22:28:27,333 - DEBUG - DNS解析重试中 hk.616049.xyz: [Errno -2] Name or service not known
2026-06-05 22:28:28,374 - DEBUG - DNS解析重试中 hk.616049.xyz: [Errno -2] Name or service not known
2026-06-05 22:28:29,375 - WARNING - [hk.616049.xyz (HKG)] ├─ 无有效DNS记录，触发紧急更新
2026-06-05 22:41:09,282 - ERROR - CFST更新失败: None
2026-06-05 22:41:09,282 - INFO - --------------------------------------------------
2026-06-05 22:41:09,282 - INFO - [us.616049.xyz (LAX)] 开始处理节点维护
2026-06-05 22:41:09,313 - DEBUG - DNS解析重试中 us.616049.xyz: [Errno -2] Name or service not known
2026-06-05 22:41:10,324 - DEBUG - DNS解析重试中 us.616049.xyz: [Errno -2] Name or service not known
2026-06-05 22:41:11,367 - DEBUG - DNS解析重试中 us.616049.xyz: [Errno -2] Name or service not known
2026-06-05 22:41:12,368 - WARNING - [us.616049.xyz (LAX)] ├─ 无有效DNS记录，触发紧急更新
2026-06-05 22:53:56,024 - ERROR - CFST更新失败: None
2026-06-05 22:53:56,025 - INFO - --------------------------------------------------
2026-06-05 22:53:56,025 - INFO - [de.616049.xyz (FRA)] 开始处理节点维护
2026-06-05 22:53:56,051 - DEBUG - DNS解析重试中 de.616049.xyz: [Errno -2] Name or service not known
2026-06-05 22:53:57,099 - DEBUG - DNS解析重试中 de.616049.xyz: [Errno -2] Name or service not known
2026-06-05 22:53:58,139 - DEBUG - DNS解析重试中 de.616049.xyz: [Errno -2] Name or service not known
2026-06-05 22:53:59,140 - WARNING - [de.616049.xyz (FRA)] ├─ 无有效DNS记录，触发紧急更新
2026-06-05 23:06:38,953 - ERROR - CFST更新失败: None
2026-06-05 23:06:38,956 - DEBUG - Starting new HTTPS connection (1): api.telegram.org:443
2026-06-05 23:06:39,288 - DEBUG - https://api.telegram.org:443 "POST /bot/sendMessage HTTP/1.1" 404 55
