2026-02-22 02:23:45,809 - INFO - 启动维护任务 | 协议类型: IPV4
2026-02-22 02:23:45,809 - INFO - --------------------------------------------------
2026-02-22 02:23:45,809 - INFO - [hk.616049.xyz (HKG)] 开始处理节点维护
2026-02-22 02:23:45,819 - DEBUG - DNS解析重试中 hk.616049.xyz: [Errno -2] Name or service not known
2026-02-22 02:23:47,359 - DEBUG - DNS解析重试中 hk.616049.xyz: [Errno -2] Name or service not known
2026-02-22 02:23:48,369 - DEBUG - DNS解析重试中 hk.616049.xyz: [Errno -2] Name or service not known
2026-02-22 02:23:49,371 - WARNING - [hk.616049.xyz (HKG)] ├─ 无有效DNS记录，触发紧急更新
2026-02-22 02:36:46,815 - ERROR - CFST更新失败: None
2026-02-22 02:36:46,815 - INFO - --------------------------------------------------
2026-02-22 02:36:46,815 - INFO - [us.616049.xyz (LAX)] 开始处理节点维护
2026-02-22 02:36:46,829 - DEBUG - DNS解析重试中 us.616049.xyz: [Errno -2] Name or service not known
2026-02-22 02:36:47,842 - DEBUG - DNS解析重试中 us.616049.xyz: [Errno -2] Name or service not known
2026-02-22 02:36:48,859 - DEBUG - DNS解析重试中 us.616049.xyz: [Errno -2] Name or service not known
2026-02-22 02:36:49,860 - WARNING - [us.616049.xyz (LAX)] ├─ 无有效DNS记录，触发紧急更新
2026-02-22 02:49:46,768 - ERROR - CFST更新失败: None
2026-02-22 02:49:46,768 - INFO - --------------------------------------------------
2026-02-22 02:49:46,768 - INFO - [de.616049.xyz (FRA)] 开始处理节点维护
2026-02-22 02:49:46,836 - DEBUG - DNS解析重试中 de.616049.xyz: [Errno -2] Name or service not known
2026-02-22 02:49:47,857 - DEBUG - DNS解析重试中 de.616049.xyz: [Errno -2] Name or service not known
2026-02-22 02:49:48,869 - DEBUG - DNS解析重试中 de.616049.xyz: [Errno -2] Name or service not known
2026-02-22 02:49:49,870 - WARNING - [de.616049.xyz (FRA)] ├─ 无有效DNS记录，触发紧急更新
2026-02-22 03:02:46,811 - ERROR - CFST更新失败: None
2026-02-22 03:02:46,815 - DEBUG - Starting new HTTPS connection (1): api.telegram.org:443
2026-02-22 03:02:47,100 - DEBUG - https://api.telegram.org:443 "POST /bot/sendMessage HTTP/1.1" 404 55
