2026-05-04 23:55:09,654 - INFO - 启动维护任务 | 协议类型: IPV4
2026-05-04 23:55:09,654 - INFO - --------------------------------------------------
2026-05-04 23:55:09,654 - INFO - [hk.616049.xyz (HKG)] 开始处理节点维护
2026-05-04 23:55:09,677 - DEBUG - DNS解析重试中 hk.616049.xyz: [Errno -2] Name or service not known
2026-05-04 23:55:10,705 - DEBUG - DNS解析重试中 hk.616049.xyz: [Errno -2] Name or service not known
2026-05-04 23:55:11,733 - DEBUG - DNS解析重试中 hk.616049.xyz: [Errno -2] Name or service not known
2026-05-04 23:55:12,734 - WARNING - [hk.616049.xyz (HKG)] ├─ 无有效DNS记录，触发紧急更新
2026-05-05 00:08:06,588 - ERROR - CFST更新失败: None
2026-05-05 00:08:06,588 - INFO - --------------------------------------------------
2026-05-05 00:08:06,588 - INFO - [us.616049.xyz (LAX)] 开始处理节点维护
2026-05-05 00:08:06,611 - DEBUG - DNS解析重试中 us.616049.xyz: [Errno -2] Name or service not known
2026-05-05 00:08:07,618 - DEBUG - DNS解析重试中 us.616049.xyz: [Errno -2] Name or service not known
2026-05-05 00:08:08,645 - DEBUG - DNS解析重试中 us.616049.xyz: [Errno -2] Name or service not known
2026-05-05 00:08:09,646 - WARNING - [us.616049.xyz (LAX)] ├─ 无有效DNS记录，触发紧急更新
2026-05-05 00:21:02,419 - ERROR - CFST更新失败: None
2026-05-05 00:21:02,419 - INFO - --------------------------------------------------
2026-05-05 00:21:02,419 - INFO - [de.616049.xyz (FRA)] 开始处理节点维护
2026-05-05 00:21:02,448 - DEBUG - DNS解析重试中 de.616049.xyz: [Errno -2] Name or service not known
2026-05-05 00:21:03,478 - DEBUG - DNS解析重试中 de.616049.xyz: [Errno -2] Name or service not known
2026-05-05 00:21:04,510 - DEBUG - DNS解析重试中 de.616049.xyz: [Errno -2] Name or service not known
2026-05-05 00:21:05,510 - WARNING - [de.616049.xyz (FRA)] ├─ 无有效DNS记录，触发紧急更新
2026-05-05 00:33:58,454 - ERROR - CFST更新失败: None
2026-05-05 00:33:58,458 - DEBUG - Starting new HTTPS connection (1): api.telegram.org:443
2026-05-05 00:33:58,787 - DEBUG - https://api.telegram.org:443 "POST /bot/sendMessage HTTP/1.1" 404 55
