2026-04-22 04:41:04,934 - INFO - 启动维护任务 | 协议类型: IPV4
2026-04-22 04:41:04,935 - INFO - --------------------------------------------------
2026-04-22 04:41:04,935 - INFO - [hk.616049.xyz (HKG)] 开始处理节点维护
2026-04-22 04:41:04,951 - DEBUG - DNS解析重试中 hk.616049.xyz: [Errno -2] Name or service not known
2026-04-22 04:41:05,983 - DEBUG - DNS解析重试中 hk.616049.xyz: [Errno -2] Name or service not known
2026-04-22 04:41:06,997 - DEBUG - DNS解析重试中 hk.616049.xyz: [Errno -2] Name or service not known
2026-04-22 04:41:07,999 - WARNING - [hk.616049.xyz (HKG)] ├─ 无有效DNS记录，触发紧急更新
2026-04-22 04:54:02,409 - ERROR - CFST更新失败: None
2026-04-22 04:54:02,409 - INFO - --------------------------------------------------
2026-04-22 04:54:02,410 - INFO - [us.616049.xyz (LAX)] 开始处理节点维护
2026-04-22 04:54:02,424 - DEBUG - DNS解析重试中 us.616049.xyz: [Errno -2] Name or service not known
2026-04-22 04:54:03,446 - DEBUG - DNS解析重试中 us.616049.xyz: [Errno -2] Name or service not known
2026-04-22 04:54:04,458 - DEBUG - DNS解析重试中 us.616049.xyz: [Errno -2] Name or service not known
2026-04-22 04:54:05,460 - WARNING - [us.616049.xyz (LAX)] ├─ 无有效DNS记录，触发紧急更新
2026-04-22 05:07:00,768 - ERROR - CFST更新失败: None
2026-04-22 05:07:00,768 - INFO - --------------------------------------------------
2026-04-22 05:07:00,768 - INFO - [de.616049.xyz (FRA)] 开始处理节点维护
2026-04-22 05:07:00,782 - DEBUG - DNS解析重试中 de.616049.xyz: [Errno -2] Name or service not known
2026-04-22 05:07:01,909 - DEBUG - DNS解析重试中 de.616049.xyz: [Errno -2] Name or service not known
2026-04-22 05:07:02,932 - DEBUG - DNS解析重试中 de.616049.xyz: [Errno -2] Name or service not known
2026-04-22 05:07:03,933 - WARNING - [de.616049.xyz (FRA)] ├─ 无有效DNS记录，触发紧急更新
2026-04-22 05:19:59,073 - ERROR - CFST更新失败: None
2026-04-22 05:19:59,077 - DEBUG - Starting new HTTPS connection (1): api.telegram.org:443
2026-04-22 05:19:59,387 - DEBUG - https://api.telegram.org:443 "POST /bot/sendMessage HTTP/1.1" 404 55
