2026-01-28 04:15:44,312 - INFO - 启动维护任务 | 协议类型: IPV4
2026-01-28 04:15:44,312 - INFO - --------------------------------------------------
2026-01-28 04:15:44,312 - INFO - [hk.616049.xyz (HKG)] 开始处理节点维护
2026-01-28 04:15:44,334 - DEBUG - DNS解析重试中 hk.616049.xyz: [Errno -2] Name or service not known
2026-01-28 04:15:45,358 - DEBUG - DNS解析重试中 hk.616049.xyz: [Errno -2] Name or service not known
2026-01-28 04:15:46,384 - DEBUG - DNS解析重试中 hk.616049.xyz: [Errno -2] Name or service not known
2026-01-28 04:15:47,385 - WARNING - [hk.616049.xyz (HKG)] ├─ 无有效DNS记录，触发紧急更新
2026-01-28 04:29:33,939 - ERROR - CFST更新失败: None
2026-01-28 04:29:33,939 - INFO - --------------------------------------------------
2026-01-28 04:29:33,939 - INFO - [us.616049.xyz (LAX)] 开始处理节点维护
2026-01-28 04:29:33,982 - DEBUG - DNS解析重试中 us.616049.xyz: [Errno -2] Name or service not known
2026-01-28 04:29:35,089 - DEBUG - DNS解析重试中 us.616049.xyz: [Errno -2] Name or service not known
2026-01-28 04:29:36,096 - DEBUG - DNS解析重试中 us.616049.xyz: [Errno -2] Name or service not known
2026-01-28 04:29:37,097 - WARNING - [us.616049.xyz (LAX)] ├─ 无有效DNS记录，触发紧急更新
2026-01-28 04:42:53,766 - ERROR - CFST更新失败: None
2026-01-28 04:42:53,766 - INFO - --------------------------------------------------
2026-01-28 04:42:53,766 - INFO - [de.616049.xyz (FRA)] 开始处理节点维护
2026-01-28 04:42:53,799 - DEBUG - DNS解析重试中 de.616049.xyz: [Errno -2] Name or service not known
2026-01-28 04:42:54,829 - DEBUG - DNS解析重试中 de.616049.xyz: [Errno -2] Name or service not known
2026-01-28 04:42:55,871 - DEBUG - DNS解析重试中 de.616049.xyz: [Errno -2] Name or service not known
2026-01-28 04:42:56,872 - WARNING - [de.616049.xyz (FRA)] ├─ 无有效DNS记录，触发紧急更新
2026-01-28 04:56:18,735 - ERROR - CFST更新失败: None
2026-01-28 04:56:18,738 - DEBUG - Starting new HTTPS connection (1): api.telegram.org:443
2026-01-28 04:56:19,075 - DEBUG - https://api.telegram.org:443 "POST /bot/sendMessage HTTP/1.1" 404 55
