2026-03-14 20:32:58,079 - INFO - 启动维护任务 | 协议类型: IPV4
2026-03-14 20:32:58,079 - INFO - --------------------------------------------------
2026-03-14 20:32:58,079 - INFO - [hk.616049.xyz (HKG)] 开始处理节点维护
2026-03-14 20:32:58,123 - DEBUG - DNS解析重试中 hk.616049.xyz: [Errno -2] Name or service not known
2026-03-14 20:32:59,160 - DEBUG - DNS解析重试中 hk.616049.xyz: [Errno -2] Name or service not known
2026-03-14 20:33:00,202 - DEBUG - DNS解析重试中 hk.616049.xyz: [Errno -2] Name or service not known
2026-03-14 20:33:01,204 - WARNING - [hk.616049.xyz (HKG)] ├─ 无有效DNS记录，触发紧急更新
2026-03-14 20:46:09,913 - ERROR - CFST更新失败: None
2026-03-14 20:46:09,913 - INFO - --------------------------------------------------
2026-03-14 20:46:09,914 - INFO - [us.616049.xyz (LAX)] 开始处理节点维护
2026-03-14 20:46:09,970 - DEBUG - DNS解析重试中 us.616049.xyz: [Errno -2] Name or service not known
2026-03-14 20:46:11,007 - DEBUG - DNS解析重试中 us.616049.xyz: [Errno -2] Name or service not known
2026-03-14 20:46:12,044 - DEBUG - DNS解析重试中 us.616049.xyz: [Errno -2] Name or service not known
2026-03-14 20:46:13,045 - WARNING - [us.616049.xyz (LAX)] ├─ 无有效DNS记录，触发紧急更新
2026-03-14 20:59:20,302 - ERROR - CFST更新失败: None
2026-03-14 20:59:20,302 - INFO - --------------------------------------------------
2026-03-14 20:59:20,302 - INFO - [de.616049.xyz (FRA)] 开始处理节点维护
2026-03-14 20:59:20,341 - DEBUG - DNS解析重试中 de.616049.xyz: [Errno -2] Name or service not known
2026-03-14 20:59:21,379 - DEBUG - DNS解析重试中 de.616049.xyz: [Errno -2] Name or service not known
2026-03-14 20:59:22,386 - DEBUG - DNS解析重试中 de.616049.xyz: [Errno -2] Name or service not known
2026-03-14 20:59:23,387 - WARNING - [de.616049.xyz (FRA)] ├─ 无有效DNS记录，触发紧急更新
2026-03-14 21:12:35,686 - ERROR - CFST更新失败: None
2026-03-14 21:12:35,689 - DEBUG - Starting new HTTPS connection (1): api.telegram.org:443
2026-03-14 21:12:36,081 - DEBUG - https://api.telegram.org:443 "POST /bot/sendMessage HTTP/1.1" 404 55
