2026-04-23 12:46:04,039 - INFO - 启动维护任务 | 协议类型: IPV4
2026-04-23 12:46:04,039 - INFO - --------------------------------------------------
2026-04-23 12:46:04,039 - INFO - [hk.616049.xyz (HKG)] 开始处理节点维护
2026-04-23 12:46:04,051 - DEBUG - DNS解析重试中 hk.616049.xyz: [Errno -2] Name or service not known
2026-04-23 12:46:05,065 - DEBUG - DNS解析重试中 hk.616049.xyz: [Errno -2] Name or service not known
2026-04-23 12:46:06,076 - DEBUG - DNS解析重试中 hk.616049.xyz: [Errno -2] Name or service not known
2026-04-23 12:46:07,077 - WARNING - [hk.616049.xyz (HKG)] ├─ 无有效DNS记录，触发紧急更新
2026-04-23 12:59:01,355 - ERROR - CFST更新失败: None
2026-04-23 12:59:01,355 - INFO - --------------------------------------------------
2026-04-23 12:59:01,355 - INFO - [us.616049.xyz (LAX)] 开始处理节点维护
2026-04-23 12:59:01,383 - DEBUG - DNS解析重试中 us.616049.xyz: [Errno -2] Name or service not known
2026-04-23 12:59:02,403 - DEBUG - DNS解析重试中 us.616049.xyz: [Errno -2] Name or service not known
2026-04-23 12:59:03,416 - DEBUG - DNS解析重试中 us.616049.xyz: [Errno -2] Name or service not known
2026-04-23 12:59:04,418 - WARNING - [us.616049.xyz (LAX)] ├─ 无有效DNS记录，触发紧急更新
2026-04-23 13:11:58,270 - ERROR - CFST更新失败: None
2026-04-23 13:11:58,270 - INFO - --------------------------------------------------
2026-04-23 13:11:58,270 - INFO - [de.616049.xyz (FRA)] 开始处理节点维护
2026-04-23 13:11:58,290 - DEBUG - DNS解析重试中 de.616049.xyz: [Errno -2] Name or service not known
2026-04-23 13:11:59,303 - DEBUG - DNS解析重试中 de.616049.xyz: [Errno -2] Name or service not known
2026-04-23 13:12:00,315 - DEBUG - DNS解析重试中 de.616049.xyz: [Errno -2] Name or service not known
2026-04-23 13:12:01,317 - WARNING - [de.616049.xyz (FRA)] ├─ 无有效DNS记录，触发紧急更新
2026-04-23 13:24:54,952 - ERROR - CFST更新失败: None
2026-04-23 13:24:54,956 - DEBUG - Starting new HTTPS connection (1): api.telegram.org:443
2026-04-23 13:24:55,245 - DEBUG - https://api.telegram.org:443 "POST /bot/sendMessage HTTP/1.1" 404 55
