2026-05-14 06:58:31,509 - INFO - 启动维护任务 | 协议类型: IPV4
2026-05-14 06:58:31,509 - INFO - --------------------------------------------------
2026-05-14 06:58:31,509 - INFO - [hk.616049.xyz (HKG)] 开始处理节点维护
2026-05-14 06:58:31,518 - DEBUG - DNS解析重试中 hk.616049.xyz: [Errno -2] Name or service not known
2026-05-14 06:58:32,532 - DEBUG - DNS解析重试中 hk.616049.xyz: [Errno -2] Name or service not known
2026-05-14 06:58:33,554 - DEBUG - DNS解析重试中 hk.616049.xyz: [Errno -2] Name or service not known
2026-05-14 06:58:34,555 - WARNING - [hk.616049.xyz (HKG)] ├─ 无有效DNS记录，触发紧急更新
2026-05-14 07:11:33,553 - ERROR - CFST更新失败: None
2026-05-14 07:11:33,554 - INFO - --------------------------------------------------
2026-05-14 07:11:33,554 - INFO - [us.616049.xyz (LAX)] 开始处理节点维护
2026-05-14 07:11:33,575 - DEBUG - DNS解析重试中 us.616049.xyz: [Errno -2] Name or service not known
2026-05-14 07:11:34,592 - DEBUG - DNS解析重试中 us.616049.xyz: [Errno -2] Name or service not known
2026-05-14 07:11:35,605 - DEBUG - DNS解析重试中 us.616049.xyz: [Errno -2] Name or service not known
2026-05-14 07:11:36,607 - WARNING - [us.616049.xyz (LAX)] ├─ 无有效DNS记录，触发紧急更新
2026-05-14 07:24:36,912 - ERROR - CFST更新失败: None
2026-05-14 07:24:36,912 - INFO - --------------------------------------------------
2026-05-14 07:24:36,912 - INFO - [de.616049.xyz (FRA)] 开始处理节点维护
2026-05-14 07:24:36,921 - DEBUG - DNS解析重试中 de.616049.xyz: [Errno -2] Name or service not known
2026-05-14 07:24:37,947 - DEBUG - DNS解析重试中 de.616049.xyz: [Errno -2] Name or service not known
2026-05-14 07:24:38,972 - DEBUG - DNS解析重试中 de.616049.xyz: [Errno -2] Name or service not known
2026-05-14 07:24:39,973 - WARNING - [de.616049.xyz (FRA)] ├─ 无有效DNS记录，触发紧急更新
2026-05-14 07:37:40,826 - ERROR - CFST更新失败: None
2026-05-14 07:37:40,829 - DEBUG - Starting new HTTPS connection (1): api.telegram.org:443
2026-05-14 07:37:41,125 - DEBUG - https://api.telegram.org:443 "POST /bot/sendMessage HTTP/1.1" 404 55
