2026-04-03 18:36:18,331 - INFO - 启动维护任务 | 协议类型: IPV4
2026-04-03 18:36:18,331 - INFO - --------------------------------------------------
2026-04-03 18:36:18,331 - INFO - [hk.616049.xyz (HKG)] 开始处理节点维护
2026-04-03 18:36:18,362 - DEBUG - DNS解析重试中 hk.616049.xyz: [Errno -2] Name or service not known
2026-04-03 18:36:19,712 - DEBUG - DNS解析重试中 hk.616049.xyz: [Errno -2] Name or service not known
2026-04-03 18:36:20,743 - DEBUG - DNS解析重试中 hk.616049.xyz: [Errno -2] Name or service not known
2026-04-03 18:36:21,744 - WARNING - [hk.616049.xyz (HKG)] ├─ 无有效DNS记录，触发紧急更新
2026-04-03 18:49:16,581 - ERROR - CFST更新失败: None
2026-04-03 18:49:16,582 - INFO - --------------------------------------------------
2026-04-03 18:49:16,582 - INFO - [us.616049.xyz (LAX)] 开始处理节点维护
2026-04-03 18:49:16,623 - DEBUG - DNS解析重试中 us.616049.xyz: [Errno -2] Name or service not known
2026-04-03 18:49:17,652 - DEBUG - DNS解析重试中 us.616049.xyz: [Errno -2] Name or service not known
2026-04-03 18:49:18,681 - DEBUG - DNS解析重试中 us.616049.xyz: [Errno -2] Name or service not known
2026-04-03 18:49:19,683 - WARNING - [us.616049.xyz (LAX)] ├─ 无有效DNS记录，触发紧急更新
2026-04-03 19:02:14,488 - ERROR - CFST更新失败: None
2026-04-03 19:02:14,489 - INFO - --------------------------------------------------
2026-04-03 19:02:14,489 - INFO - [de.616049.xyz (FRA)] 开始处理节点维护
2026-04-03 19:02:14,523 - DEBUG - DNS解析重试中 de.616049.xyz: [Errno -2] Name or service not known
2026-04-03 19:02:15,553 - DEBUG - DNS解析重试中 de.616049.xyz: [Errno -2] Name or service not known
2026-04-03 19:02:16,582 - DEBUG - DNS解析重试中 de.616049.xyz: [Errno -2] Name or service not known
2026-04-03 19:02:17,583 - WARNING - [de.616049.xyz (FRA)] ├─ 无有效DNS记录，触发紧急更新
2026-04-03 19:15:12,408 - ERROR - CFST更新失败: None
2026-04-03 19:15:12,411 - DEBUG - Starting new HTTPS connection (1): api.telegram.org:443
2026-04-03 19:15:12,797 - DEBUG - https://api.telegram.org:443 "POST /bot/sendMessage HTTP/1.1" 404 55
