2026-05-17 02:53:17,625 - INFO - 启动维护任务 | 协议类型: IPV4
2026-05-17 02:53:17,625 - INFO - --------------------------------------------------
2026-05-17 02:53:17,625 - INFO - [hk.616049.xyz (HKG)] 开始处理节点维护
2026-05-17 02:53:17,639 - DEBUG - DNS解析重试中 hk.616049.xyz: [Errno -2] Name or service not known
2026-05-17 02:53:18,653 - DEBUG - DNS解析重试中 hk.616049.xyz: [Errno -2] Name or service not known
2026-05-17 02:53:19,666 - DEBUG - DNS解析重试中 hk.616049.xyz: [Errno -2] Name or service not known
2026-05-17 02:53:20,667 - WARNING - [hk.616049.xyz (HKG)] ├─ 无有效DNS记录，触发紧急更新
2026-05-17 03:06:23,959 - ERROR - CFST更新失败: None
2026-05-17 03:06:23,959 - INFO - --------------------------------------------------
2026-05-17 03:06:23,959 - INFO - [us.616049.xyz (LAX)] 开始处理节点维护
2026-05-17 03:06:23,986 - DEBUG - DNS解析重试中 us.616049.xyz: [Errno -2] Name or service not known
2026-05-17 03:06:25,017 - DEBUG - DNS解析重试中 us.616049.xyz: [Errno -2] Name or service not known
2026-05-17 03:06:26,031 - DEBUG - DNS解析重试中 us.616049.xyz: [Errno -2] Name or service not known
2026-05-17 03:06:27,032 - WARNING - [us.616049.xyz (LAX)] ├─ 无有效DNS记录，触发紧急更新
2026-05-17 03:19:25,763 - ERROR - CFST更新失败: None
2026-05-17 03:19:25,764 - INFO - --------------------------------------------------
2026-05-17 03:19:25,764 - INFO - [de.616049.xyz (FRA)] 开始处理节点维护
2026-05-17 03:19:25,784 - DEBUG - DNS解析重试中 de.616049.xyz: [Errno -2] Name or service not known
2026-05-17 03:19:26,797 - DEBUG - DNS解析重试中 de.616049.xyz: [Errno -2] Name or service not known
2026-05-17 03:19:27,821 - DEBUG - DNS解析重试中 de.616049.xyz: [Errno -2] Name or service not known
2026-05-17 03:19:28,823 - WARNING - [de.616049.xyz (FRA)] ├─ 无有效DNS记录，触发紧急更新
2026-05-17 03:32:27,498 - ERROR - CFST更新失败: None
2026-05-17 03:32:27,502 - DEBUG - Starting new HTTPS connection (1): api.telegram.org:443
2026-05-17 03:32:27,794 - DEBUG - https://api.telegram.org:443 "POST /bot/sendMessage HTTP/1.1" 404 55
