2026-05-13 14:42:26,484 - INFO - 启动维护任务 | 协议类型: IPV4
2026-05-13 14:42:26,484 - INFO - --------------------------------------------------
2026-05-13 14:42:26,484 - INFO - [hk.616049.xyz (HKG)] 开始处理节点维护
2026-05-13 14:42:26,538 - DEBUG - DNS解析重试中 hk.616049.xyz: [Errno -2] Name or service not known
2026-05-13 14:42:27,592 - DEBUG - DNS解析重试中 hk.616049.xyz: [Errno -2] Name or service not known
2026-05-13 14:42:28,645 - DEBUG - DNS解析重试中 hk.616049.xyz: [Errno -2] Name or service not known
2026-05-13 14:42:29,646 - WARNING - [hk.616049.xyz (HKG)] ├─ 无有效DNS记录，触发紧急更新
2026-05-13 14:55:37,781 - ERROR - CFST更新失败: None
2026-05-13 14:55:37,781 - INFO - --------------------------------------------------
2026-05-13 14:55:37,781 - INFO - [us.616049.xyz (LAX)] 开始处理节点维护
2026-05-13 14:55:37,812 - DEBUG - DNS解析重试中 us.616049.xyz: [Errno -2] Name or service not known
2026-05-13 14:55:38,866 - DEBUG - DNS解析重试中 us.616049.xyz: [Errno -2] Name or service not known
2026-05-13 14:55:39,919 - DEBUG - DNS解析重试中 us.616049.xyz: [Errno -2] Name or service not known
2026-05-13 14:55:40,921 - WARNING - [us.616049.xyz (LAX)] ├─ 无有效DNS记录，触发紧急更新
2026-05-13 15:08:47,234 - ERROR - CFST更新失败: None
2026-05-13 15:08:47,235 - INFO - --------------------------------------------------
2026-05-13 15:08:47,235 - INFO - [de.616049.xyz (FRA)] 开始处理节点维护
2026-05-13 15:08:47,294 - DEBUG - DNS解析重试中 de.616049.xyz: [Errno -2] Name or service not known
2026-05-13 15:08:48,347 - DEBUG - DNS解析重试中 de.616049.xyz: [Errno -2] Name or service not known
2026-05-13 15:08:49,353 - DEBUG - DNS解析重试中 de.616049.xyz: [Errno -2] Name or service not known
2026-05-13 15:08:50,354 - WARNING - [de.616049.xyz (FRA)] ├─ 无有效DNS记录，触发紧急更新
2026-05-13 15:21:58,339 - ERROR - CFST更新失败: None
2026-05-13 15:21:58,342 - DEBUG - Starting new HTTPS connection (1): api.telegram.org:443
2026-05-13 15:21:58,766 - DEBUG - https://api.telegram.org:443 "POST /bot/sendMessage HTTP/1.1" 404 55
