2026-03-22 22:21:06,219 - INFO - 启动维护任务 | 协议类型: IPV4
2026-03-22 22:21:06,219 - INFO - --------------------------------------------------
2026-03-22 22:21:06,219 - INFO - [hk.616049.xyz (HKG)] 开始处理节点维护
2026-03-22 22:21:06,258 - DEBUG - DNS解析重试中 hk.616049.xyz: [Errno -2] Name or service not known
2026-03-22 22:21:07,288 - DEBUG - DNS解析重试中 hk.616049.xyz: [Errno -2] Name or service not known
2026-03-22 22:21:08,317 - DEBUG - DNS解析重试中 hk.616049.xyz: [Errno -2] Name or service not known
2026-03-22 22:21:09,318 - WARNING - [hk.616049.xyz (HKG)] ├─ 无有效DNS记录，触发紧急更新
2026-03-22 22:34:06,120 - ERROR - CFST更新失败: None
2026-03-22 22:34:06,120 - INFO - --------------------------------------------------
2026-03-22 22:34:06,120 - INFO - [us.616049.xyz (LAX)] 开始处理节点维护
2026-03-22 22:34:06,150 - DEBUG - DNS解析重试中 us.616049.xyz: [Errno -2] Name or service not known
2026-03-22 22:34:07,188 - DEBUG - DNS解析重试中 us.616049.xyz: [Errno -2] Name or service not known
2026-03-22 22:34:08,226 - DEBUG - DNS解析重试中 us.616049.xyz: [Errno -2] Name or service not known
2026-03-22 22:34:09,228 - WARNING - [us.616049.xyz (LAX)] ├─ 无有效DNS记录，触发紧急更新
2026-03-22 22:47:05,755 - ERROR - CFST更新失败: None
2026-03-22 22:47:05,756 - INFO - --------------------------------------------------
2026-03-22 22:47:05,756 - INFO - [de.616049.xyz (FRA)] 开始处理节点维护
2026-03-22 22:47:05,786 - DEBUG - DNS解析重试中 de.616049.xyz: [Errno -2] Name or service not known
2026-03-22 22:47:06,816 - DEBUG - DNS解析重试中 de.616049.xyz: [Errno -2] Name or service not known
2026-03-22 22:47:07,847 - DEBUG - DNS解析重试中 de.616049.xyz: [Errno -2] Name or service not known
2026-03-22 22:47:08,848 - WARNING - [de.616049.xyz (FRA)] ├─ 无有效DNS记录，触发紧急更新
2026-03-22 23:00:05,725 - ERROR - CFST更新失败: None
2026-03-22 23:00:05,729 - DEBUG - Starting new HTTPS connection (1): api.telegram.org:443
2026-03-22 23:00:06,167 - DEBUG - https://api.telegram.org:443 "POST /bot/sendMessage HTTP/1.1" 404 55
