2026-07-14 17:48:17,590 - INFO - 启动维护任务 | 协议类型: IPV4
2026-07-14 17:48:17,590 - INFO - --------------------------------------------------
2026-07-14 17:48:17,590 - INFO - [hk.616049.xyz (HKG)] 开始处理节点维护
2026-07-14 17:48:17,608 - DEBUG - DNS解析重试中 hk.616049.xyz: [Errno -5] No address associated with hostname
2026-07-14 17:48:18,624 - DEBUG - DNS解析重试中 hk.616049.xyz: [Errno -5] No address associated with hostname
2026-07-14 17:48:19,635 - DEBUG - DNS解析重试中 hk.616049.xyz: [Errno -5] No address associated with hostname
2026-07-14 17:48:20,636 - WARNING - [hk.616049.xyz (HKG)] ├─ 无有效DNS记录，触发紧急更新
2026-07-14 18:00:53,012 - ERROR - CFST更新失败: None
2026-07-14 18:00:53,012 - INFO - --------------------------------------------------
2026-07-14 18:00:53,012 - INFO - [us.616049.xyz (LAX)] 开始处理节点维护
2026-07-14 18:00:53,026 - DEBUG - DNS解析重试中 us.616049.xyz: [Errno -5] No address associated with hostname
2026-07-14 18:00:54,046 - DEBUG - DNS解析重试中 us.616049.xyz: [Errno -5] No address associated with hostname
2026-07-14 18:00:55,053 - DEBUG - DNS解析重试中 us.616049.xyz: [Errno -5] No address associated with hostname
2026-07-14 18:00:56,054 - WARNING - [us.616049.xyz (LAX)] ├─ 无有效DNS记录，触发紧急更新
2026-07-14 18:13:26,209 - ERROR - CFST更新失败: None
2026-07-14 18:13:26,209 - INFO - --------------------------------------------------
2026-07-14 18:13:26,209 - INFO - [de.616049.xyz (FRA)] 开始处理节点维护
2026-07-14 18:13:26,221 - DEBUG - DNS解析重试中 de.616049.xyz: [Errno -5] No address associated with hostname
2026-07-14 18:13:27,234 - DEBUG - DNS解析重试中 de.616049.xyz: [Errno -5] No address associated with hostname
2026-07-14 18:13:28,256 - DEBUG - DNS解析重试中 de.616049.xyz: [Errno -5] No address associated with hostname
2026-07-14 18:13:29,258 - WARNING - [de.616049.xyz (FRA)] ├─ 无有效DNS记录，触发紧急更新
2026-07-14 18:26:01,970 - ERROR - CFST更新失败: None
2026-07-14 18:26:01,973 - DEBUG - Starting new HTTPS connection (1): api.telegram.org:443
2026-07-14 18:26:02,250 - DEBUG - https://api.telegram.org:443 "POST /bot/sendMessage HTTP/1.1" 404 55
