2026-03-17 06:25:08,829 - INFO - 启动维护任务 | 协议类型: IPV4
2026-03-17 06:25:08,829 - INFO - --------------------------------------------------
2026-03-17 06:25:08,829 - INFO - [hk.616049.xyz (HKG)] 开始处理节点维护
2026-03-17 06:25:08,857 - DEBUG - DNS解析重试中 hk.616049.xyz: [Errno -2] Name or service not known
2026-03-17 06:25:09,898 - DEBUG - DNS解析重试中 hk.616049.xyz: [Errno -2] Name or service not known
2026-03-17 06:25:10,938 - DEBUG - DNS解析重试中 hk.616049.xyz: [Errno -2] Name or service not known
2026-03-17 06:25:11,939 - WARNING - [hk.616049.xyz (HKG)] ├─ 无有效DNS记录，触发紧急更新
2026-03-17 06:38:08,337 - ERROR - CFST更新失败: None
2026-03-17 06:38:08,337 - INFO - --------------------------------------------------
2026-03-17 06:38:08,337 - INFO - [us.616049.xyz (LAX)] 开始处理节点维护
2026-03-17 06:38:08,374 - DEBUG - DNS解析重试中 us.616049.xyz: [Errno -2] Name or service not known
2026-03-17 06:38:09,409 - DEBUG - DNS解析重试中 us.616049.xyz: [Errno -2] Name or service not known
2026-03-17 06:38:10,442 - DEBUG - DNS解析重试中 us.616049.xyz: [Errno -2] Name or service not known
2026-03-17 06:38:11,443 - WARNING - [us.616049.xyz (LAX)] ├─ 无有效DNS记录，触发紧急更新
2026-03-17 06:51:07,935 - ERROR - CFST更新失败: None
2026-03-17 06:51:07,935 - INFO - --------------------------------------------------
2026-03-17 06:51:07,935 - INFO - [de.616049.xyz (FRA)] 开始处理节点维护
2026-03-17 06:51:07,964 - DEBUG - DNS解析重试中 de.616049.xyz: [Errno -2] Name or service not known
2026-03-17 06:51:08,999 - DEBUG - DNS解析重试中 de.616049.xyz: [Errno -2] Name or service not known
2026-03-17 06:51:10,041 - DEBUG - DNS解析重试中 de.616049.xyz: [Errno -2] Name or service not known
2026-03-17 06:51:11,043 - WARNING - [de.616049.xyz (FRA)] ├─ 无有效DNS记录，触发紧急更新
2026-03-17 07:04:06,580 - ERROR - CFST更新失败: None
2026-03-17 07:04:06,584 - DEBUG - Starting new HTTPS connection (1): api.telegram.org:443
2026-03-17 07:04:06,980 - DEBUG - https://api.telegram.org:443 "POST /bot/sendMessage HTTP/1.1" 404 55
