2026-04-29 17:58:47,690 - INFO - 启动维护任务 | 协议类型: IPV4
2026-04-29 17:58:47,690 - INFO - --------------------------------------------------
2026-04-29 17:58:47,690 - INFO - [hk.616049.xyz (HKG)] 开始处理节点维护
2026-04-29 17:58:47,720 - DEBUG - DNS解析重试中 hk.616049.xyz: [Errno -2] Name or service not known
2026-04-29 17:58:48,776 - DEBUG - DNS解析重试中 hk.616049.xyz: [Errno -2] Name or service not known
2026-04-29 17:58:49,801 - DEBUG - DNS解析重试中 hk.616049.xyz: [Errno -2] Name or service not known
2026-04-29 17:58:50,802 - WARNING - [hk.616049.xyz (HKG)] ├─ 无有效DNS记录，触发紧急更新
2026-04-29 18:11:46,008 - ERROR - CFST更新失败: None
2026-04-29 18:11:46,008 - INFO - --------------------------------------------------
2026-04-29 18:11:46,008 - INFO - [us.616049.xyz (LAX)] 开始处理节点维护
2026-04-29 18:11:46,059 - DEBUG - DNS解析重试中 us.616049.xyz: [Errno -2] Name or service not known
2026-04-29 18:11:47,083 - DEBUG - DNS解析重试中 us.616049.xyz: [Errno -2] Name or service not known
2026-04-29 18:11:48,106 - DEBUG - DNS解析重试中 us.616049.xyz: [Errno -2] Name or service not known
2026-04-29 18:11:49,107 - WARNING - [us.616049.xyz (LAX)] ├─ 无有效DNS记录，触发紧急更新
2026-04-29 18:24:46,844 - ERROR - CFST更新失败: None
2026-04-29 18:24:46,845 - INFO - --------------------------------------------------
2026-04-29 18:24:46,845 - INFO - [de.616049.xyz (FRA)] 开始处理节点维护
2026-04-29 18:24:46,873 - DEBUG - DNS解析重试中 de.616049.xyz: [Errno -2] Name or service not known
2026-04-29 18:24:47,936 - DEBUG - DNS解析重试中 de.616049.xyz: [Errno -2] Name or service not known
2026-04-29 18:24:48,959 - DEBUG - DNS解析重试中 de.616049.xyz: [Errno -2] Name or service not known
2026-04-29 18:24:49,961 - WARNING - [de.616049.xyz (FRA)] ├─ 无有效DNS记录，触发紧急更新
2026-04-29 18:37:42,420 - ERROR - CFST更新失败: None
2026-04-29 18:37:42,423 - DEBUG - Starting new HTTPS connection (1): api.telegram.org:443
2026-04-29 18:37:42,756 - DEBUG - https://api.telegram.org:443 "POST /bot/sendMessage HTTP/1.1" 404 55
