2026-03-04 04:24:57,082 - INFO - 启动维护任务 | 协议类型: IPV4
2026-03-04 04:24:57,082 - INFO - --------------------------------------------------
2026-03-04 04:24:57,083 - INFO - [hk.616049.xyz (HKG)] 开始处理节点维护
2026-03-04 04:24:57,090 - DEBUG - DNS解析重试中 hk.616049.xyz: [Errno -2] Name or service not known
2026-03-04 04:24:58,097 - DEBUG - DNS解析重试中 hk.616049.xyz: [Errno -2] Name or service not known
2026-03-04 04:24:59,105 - DEBUG - DNS解析重试中 hk.616049.xyz: [Errno -2] Name or service not known
2026-03-04 04:25:00,106 - WARNING - [hk.616049.xyz (HKG)] ├─ 无有效DNS记录，触发紧急更新
2026-03-04 04:37:54,008 - ERROR - CFST更新失败: None
2026-03-04 04:37:54,008 - INFO - --------------------------------------------------
2026-03-04 04:37:54,008 - INFO - [us.616049.xyz (LAX)] 开始处理节点维护
2026-03-04 04:37:54,015 - DEBUG - DNS解析重试中 us.616049.xyz: [Errno -2] Name or service not known
2026-03-04 04:37:55,034 - DEBUG - DNS解析重试中 us.616049.xyz: [Errno -2] Name or service not known
2026-03-04 04:37:56,042 - DEBUG - DNS解析重试中 us.616049.xyz: [Errno -2] Name or service not known
2026-03-04 04:37:57,044 - WARNING - [us.616049.xyz (LAX)] ├─ 无有效DNS记录，触发紧急更新
2026-03-04 04:50:50,823 - ERROR - CFST更新失败: None
2026-03-04 04:50:50,823 - INFO - --------------------------------------------------
2026-03-04 04:50:50,823 - INFO - [de.616049.xyz (FRA)] 开始处理节点维护
2026-03-04 04:50:50,832 - DEBUG - DNS解析重试中 de.616049.xyz: [Errno -2] Name or service not known
2026-03-04 04:50:51,850 - DEBUG - DNS解析重试中 de.616049.xyz: [Errno -2] Name or service not known
2026-03-04 04:50:52,860 - DEBUG - DNS解析重试中 de.616049.xyz: [Errno -2] Name or service not known
2026-03-04 04:50:53,862 - WARNING - [de.616049.xyz (FRA)] ├─ 无有效DNS记录，触发紧急更新
2026-03-04 05:03:48,534 - ERROR - CFST更新失败: None
2026-03-04 05:03:48,538 - DEBUG - Starting new HTTPS connection (1): api.telegram.org:443
2026-03-04 05:03:49,013 - DEBUG - https://api.telegram.org:443 "POST /bot/sendMessage HTTP/1.1" 404 55
