2026-01-23 14:23:45,876 - INFO - 启动维护任务 | 协议类型: IPV4
2026-01-23 14:23:45,876 - INFO - --------------------------------------------------
2026-01-23 14:23:45,876 - INFO - [hk.616049.xyz (HKG)] 开始处理节点维护
2026-01-23 14:23:45,887 - DEBUG - DNS解析重试中 hk.616049.xyz: [Errno -2] Name or service not known
2026-01-23 14:23:46,892 - DEBUG - DNS解析重试中 hk.616049.xyz: [Errno -2] Name or service not known
2026-01-23 14:23:47,905 - DEBUG - DNS解析重试中 hk.616049.xyz: [Errno -2] Name or service not known
2026-01-23 14:23:48,906 - WARNING - [hk.616049.xyz (HKG)] ├─ 无有效DNS记录，触发紧急更新
2026-01-23 14:36:43,447 - ERROR - CFST更新失败: None
2026-01-23 14:36:43,447 - INFO - --------------------------------------------------
2026-01-23 14:36:43,447 - INFO - [us.616049.xyz (LAX)] 开始处理节点维护
2026-01-23 14:36:43,544 - DEBUG - DNS解析重试中 us.616049.xyz: [Errno -2] Name or service not known
2026-01-23 14:36:44,558 - DEBUG - DNS解析重试中 us.616049.xyz: [Errno -2] Name or service not known
2026-01-23 14:36:45,576 - DEBUG - DNS解析重试中 us.616049.xyz: [Errno -2] Name or service not known
2026-01-23 14:36:46,577 - WARNING - [us.616049.xyz (LAX)] ├─ 无有效DNS记录，触发紧急更新
2026-01-23 14:49:40,511 - ERROR - CFST更新失败: None
2026-01-23 14:49:40,511 - INFO - --------------------------------------------------
2026-01-23 14:49:40,511 - INFO - [de.616049.xyz (FRA)] 开始处理节点维护
2026-01-23 14:49:40,524 - DEBUG - DNS解析重试中 de.616049.xyz: [Errno -2] Name or service not known
2026-01-23 14:49:41,532 - DEBUG - DNS解析重试中 de.616049.xyz: [Errno -2] Name or service not known
2026-01-23 14:49:42,575 - DEBUG - DNS解析重试中 de.616049.xyz: [Errno -2] Name or service not known
2026-01-23 14:49:43,576 - WARNING - [de.616049.xyz (FRA)] ├─ 无有效DNS记录，触发紧急更新
2026-01-23 15:02:37,801 - ERROR - CFST更新失败: None
2026-01-23 15:02:37,804 - DEBUG - Starting new HTTPS connection (1): api.telegram.org:443
2026-01-23 15:02:38,298 - DEBUG - https://api.telegram.org:443 "POST /bot/sendMessage HTTP/1.1" 404 55
