2026-02-17 22:40:08,556 - INFO - 启动维护任务 | 协议类型: IPV4
2026-02-17 22:40:08,556 - INFO - --------------------------------------------------
2026-02-17 22:40:08,556 - INFO - [hk.616049.xyz (HKG)] 开始处理节点维护
2026-02-17 22:40:08,582 - DEBUG - DNS解析重试中 hk.616049.xyz: [Errno -2] Name or service not known
2026-02-17 22:40:09,598 - DEBUG - DNS解析重试中 hk.616049.xyz: [Errno -2] Name or service not known
2026-02-17 22:40:10,610 - DEBUG - DNS解析重试中 hk.616049.xyz: [Errno -2] Name or service not known
2026-02-17 22:40:11,611 - WARNING - [hk.616049.xyz (HKG)] ├─ 无有效DNS记录，触发紧急更新
2026-02-17 22:53:13,215 - ERROR - CFST更新失败: None
2026-02-17 22:53:13,215 - INFO - --------------------------------------------------
2026-02-17 22:53:13,215 - INFO - [us.616049.xyz (LAX)] 开始处理节点维护
2026-02-17 22:53:13,234 - DEBUG - DNS解析重试中 us.616049.xyz: [Errno -2] Name or service not known
2026-02-17 22:53:14,250 - DEBUG - DNS解析重试中 us.616049.xyz: [Errno -2] Name or service not known
2026-02-17 22:53:15,277 - DEBUG - DNS解析重试中 us.616049.xyz: [Errno -2] Name or service not known
2026-02-17 22:53:16,278 - WARNING - [us.616049.xyz (LAX)] ├─ 无有效DNS记录，触发紧急更新
2026-02-17 23:06:17,136 - ERROR - CFST更新失败: None
2026-02-17 23:06:17,136 - INFO - --------------------------------------------------
2026-02-17 23:06:17,136 - INFO - [de.616049.xyz (FRA)] 开始处理节点维护
2026-02-17 23:06:17,151 - DEBUG - DNS解析重试中 de.616049.xyz: [Errno -2] Name or service not known
2026-02-17 23:06:18,172 - DEBUG - DNS解析重试中 de.616049.xyz: [Errno -2] Name or service not known
2026-02-17 23:06:19,181 - DEBUG - DNS解析重试中 de.616049.xyz: [Errno -2] Name or service not known
2026-02-17 23:06:20,183 - WARNING - [de.616049.xyz (FRA)] ├─ 无有效DNS记录，触发紧急更新
2026-02-17 23:19:20,827 - ERROR - CFST更新失败: None
2026-02-17 23:19:20,831 - DEBUG - Starting new HTTPS connection (1): api.telegram.org:443
2026-02-17 23:19:21,117 - DEBUG - https://api.telegram.org:443 "POST /bot/sendMessage HTTP/1.1" 404 55
