2026-07-10 01:48:30,013 - INFO - 启动维护任务 | 协议类型: IPV4
2026-07-10 01:48:30,013 - INFO - --------------------------------------------------
2026-07-10 01:48:30,013 - INFO - [hk.616049.xyz (HKG)] 开始处理节点维护
2026-07-10 01:48:30,025 - DEBUG - DNS解析重试中 hk.616049.xyz: [Errno -5] No address associated with hostname
2026-07-10 01:48:31,043 - DEBUG - DNS解析重试中 hk.616049.xyz: [Errno -5] No address associated with hostname
2026-07-10 01:48:32,066 - DEBUG - DNS解析重试中 hk.616049.xyz: [Errno -5] No address associated with hostname
2026-07-10 01:48:33,067 - WARNING - [hk.616049.xyz (HKG)] ├─ 无有效DNS记录，触发紧急更新
2026-07-10 02:01:03,707 - ERROR - CFST更新失败: None
2026-07-10 02:01:03,707 - INFO - --------------------------------------------------
2026-07-10 02:01:03,708 - INFO - [us.616049.xyz (LAX)] 开始处理节点维护
2026-07-10 02:01:03,739 - DEBUG - DNS解析重试中 us.616049.xyz: [Errno -5] No address associated with hostname
2026-07-10 02:01:04,760 - DEBUG - DNS解析重试中 us.616049.xyz: [Errno -5] No address associated with hostname
2026-07-10 02:01:05,767 - DEBUG - DNS解析重试中 us.616049.xyz: [Errno -5] No address associated with hostname
2026-07-10 02:01:06,768 - WARNING - [us.616049.xyz (LAX)] ├─ 无有效DNS记录，触发紧急更新
2026-07-10 02:13:37,926 - ERROR - CFST更新失败: None
2026-07-10 02:13:37,927 - INFO - --------------------------------------------------
2026-07-10 02:13:37,927 - INFO - [de.616049.xyz (FRA)] 开始处理节点维护
2026-07-10 02:13:37,947 - DEBUG - DNS解析重试中 de.616049.xyz: [Errno -5] No address associated with hostname
2026-07-10 02:13:38,972 - DEBUG - DNS解析重试中 de.616049.xyz: [Errno -5] No address associated with hostname
2026-07-10 02:13:39,986 - DEBUG - DNS解析重试中 de.616049.xyz: [Errno -5] No address associated with hostname
2026-07-10 02:13:40,988 - WARNING - [de.616049.xyz (FRA)] ├─ 无有效DNS记录，触发紧急更新
2026-07-10 02:26:12,465 - ERROR - CFST更新失败: None
2026-07-10 02:26:12,469 - DEBUG - Starting new HTTPS connection (1): api.telegram.org:443
2026-07-10 02:26:12,746 - DEBUG - https://api.telegram.org:443 "POST /bot/sendMessage HTTP/1.1" 404 55
