2026-03-17 14:54:49,633 - INFO - 启动维护任务 | 协议类型: IPV4
2026-03-17 14:54:49,633 - INFO - --------------------------------------------------
2026-03-17 14:54:49,633 - INFO - [hk.616049.xyz (HKG)] 开始处理节点维护
2026-03-17 14:54:49,666 - DEBUG - DNS解析重试中 hk.616049.xyz: [Errno -2] Name or service not known
2026-03-17 14:54:50,696 - DEBUG - DNS解析重试中 hk.616049.xyz: [Errno -2] Name or service not known
2026-03-17 14:54:51,729 - DEBUG - DNS解析重试中 hk.616049.xyz: [Errno -2] Name or service not known
2026-03-17 14:54:52,730 - WARNING - [hk.616049.xyz (HKG)] ├─ 无有效DNS记录，触发紧急更新
2026-03-17 15:07:53,110 - ERROR - CFST更新失败: None
2026-03-17 15:07:53,110 - INFO - --------------------------------------------------
2026-03-17 15:07:53,110 - INFO - [us.616049.xyz (LAX)] 开始处理节点维护
2026-03-17 15:07:53,144 - DEBUG - DNS解析重试中 us.616049.xyz: [Errno -2] Name or service not known
2026-03-17 15:07:54,179 - DEBUG - DNS解析重试中 us.616049.xyz: [Errno -2] Name or service not known
2026-03-17 15:07:55,303 - DEBUG - DNS解析重试中 us.616049.xyz: [Errno -2] Name or service not known
2026-03-17 15:07:56,304 - WARNING - [us.616049.xyz (LAX)] ├─ 无有效DNS记录，触发紧急更新
2026-03-17 15:20:56,257 - ERROR - CFST更新失败: None
2026-03-17 15:20:56,258 - INFO - --------------------------------------------------
2026-03-17 15:20:56,258 - INFO - [de.616049.xyz (FRA)] 开始处理节点维护
2026-03-17 15:20:56,288 - DEBUG - DNS解析重试中 de.616049.xyz: [Errno -2] Name or service not known
2026-03-17 15:20:57,324 - DEBUG - DNS解析重试中 de.616049.xyz: [Errno -2] Name or service not known
2026-03-17 15:20:58,358 - DEBUG - DNS解析重试中 de.616049.xyz: [Errno -2] Name or service not known
2026-03-17 15:20:59,359 - WARNING - [de.616049.xyz (FRA)] ├─ 无有效DNS记录，触发紧急更新
2026-03-17 15:33:57,812 - ERROR - CFST更新失败: None
2026-03-17 15:33:57,816 - DEBUG - Starting new HTTPS connection (1): api.telegram.org:443
2026-03-17 15:33:58,248 - DEBUG - https://api.telegram.org:443 "POST /bot/sendMessage HTTP/1.1" 404 55
