2026-06-14 23:43:35,440 - INFO - 启动维护任务 | 协议类型: IPV4
2026-06-14 23:43:35,440 - INFO - --------------------------------------------------
2026-06-14 23:43:35,440 - INFO - [hk.616049.xyz (HKG)] 开始处理节点维护
2026-06-14 23:43:35,549 - DEBUG - DNS解析重试中 hk.616049.xyz: [Errno -2] Name or service not known
2026-06-14 23:43:36,568 - DEBUG - DNS解析重试中 hk.616049.xyz: [Errno -2] Name or service not known
2026-06-14 23:43:37,578 - DEBUG - DNS解析重试中 hk.616049.xyz: [Errno -2] Name or service not known
2026-06-14 23:43:38,580 - WARNING - [hk.616049.xyz (HKG)] ├─ 无有效DNS记录，触发紧急更新
2026-06-14 23:56:17,925 - ERROR - CFST更新失败: None
2026-06-14 23:56:17,925 - INFO - --------------------------------------------------
2026-06-14 23:56:17,926 - INFO - [us.616049.xyz (LAX)] 开始处理节点维护
2026-06-14 23:56:17,933 - DEBUG - DNS解析重试中 us.616049.xyz: [Errno -2] Name or service not known
2026-06-14 23:56:18,944 - DEBUG - DNS解析重试中 us.616049.xyz: [Errno -2] Name or service not known
2026-06-14 23:56:19,960 - DEBUG - DNS解析重试中 us.616049.xyz: [Errno -2] Name or service not known
2026-06-14 23:56:20,962 - WARNING - [us.616049.xyz (LAX)] ├─ 无有效DNS记录，触发紧急更新
2026-06-15 00:09:00,600 - ERROR - CFST更新失败: None
2026-06-15 00:09:00,600 - INFO - --------------------------------------------------
2026-06-15 00:09:00,600 - INFO - [de.616049.xyz (FRA)] 开始处理节点维护
2026-06-15 00:09:00,609 - DEBUG - DNS解析重试中 de.616049.xyz: [Errno -2] Name or service not known
2026-06-15 00:09:01,618 - DEBUG - DNS解析重试中 de.616049.xyz: [Errno -2] Name or service not known
2026-06-15 00:09:02,637 - DEBUG - DNS解析重试中 de.616049.xyz: [Errno -2] Name or service not known
2026-06-15 00:09:03,638 - WARNING - [de.616049.xyz (FRA)] ├─ 无有效DNS记录，触发紧急更新
2026-06-15 00:21:42,401 - ERROR - CFST更新失败: None
2026-06-15 00:21:42,405 - DEBUG - Starting new HTTPS connection (1): api.telegram.org:443
2026-06-15 00:21:42,698 - DEBUG - https://api.telegram.org:443 "POST /bot/sendMessage HTTP/1.1" 404 55
