2026-06-27 23:09:21,530 - INFO - 启动维护任务 | 协议类型: IPV4
2026-06-27 23:09:21,530 - INFO - --------------------------------------------------
2026-06-27 23:09:21,530 - INFO - [hk.616049.xyz (HKG)] 开始处理节点维护
2026-06-27 23:09:21,563 - DEBUG - DNS解析重试中 hk.616049.xyz: [Errno -2] Name or service not known
2026-06-27 23:09:22,591 - DEBUG - DNS解析重试中 hk.616049.xyz: [Errno -2] Name or service not known
2026-06-27 23:09:23,619 - DEBUG - DNS解析重试中 hk.616049.xyz: [Errno -2] Name or service not known
2026-06-27 23:09:24,620 - WARNING - [hk.616049.xyz (HKG)] ├─ 无有效DNS记录，触发紧急更新
2026-06-27 23:22:03,859 - ERROR - CFST更新失败: None
2026-06-27 23:22:03,859 - INFO - --------------------------------------------------
2026-06-27 23:22:03,859 - INFO - [us.616049.xyz (LAX)] 开始处理节点维护
2026-06-27 23:22:03,887 - DEBUG - DNS解析重试中 us.616049.xyz: [Errno -2] Name or service not known
2026-06-27 23:22:05,049 - DEBUG - DNS解析重试中 us.616049.xyz: [Errno -2] Name or service not known
2026-06-27 23:22:06,382 - DEBUG - DNS解析重试中 us.616049.xyz: [Errno -2] Name or service not known
2026-06-27 23:22:07,383 - WARNING - [us.616049.xyz (LAX)] ├─ 无有效DNS记录，触发紧急更新
2026-06-27 23:34:42,065 - ERROR - CFST更新失败: None
2026-06-27 23:34:42,065 - INFO - --------------------------------------------------
2026-06-27 23:34:42,065 - INFO - [de.616049.xyz (FRA)] 开始处理节点维护
2026-06-27 23:34:42,090 - DEBUG - DNS解析重试中 de.616049.xyz: [Errno -2] Name or service not known
2026-06-27 23:34:43,113 - DEBUG - DNS解析重试中 de.616049.xyz: [Errno -2] Name or service not known
2026-06-27 23:34:44,162 - DEBUG - DNS解析重试中 de.616049.xyz: [Errno -2] Name or service not known
2026-06-27 23:34:45,163 - WARNING - [de.616049.xyz (FRA)] ├─ 无有效DNS记录，触发紧急更新
2026-06-27 23:47:20,313 - ERROR - CFST更新失败: None
2026-06-27 23:47:20,317 - DEBUG - Starting new HTTPS connection (1): api.telegram.org:443
2026-06-27 23:47:20,617 - DEBUG - https://api.telegram.org:443 "POST /bot/sendMessage HTTP/1.1" 404 55
