2026-01-26 00:17:11,163 - INFO - 启动维护任务 | 协议类型: IPV4
2026-01-26 00:17:11,163 - INFO - --------------------------------------------------
2026-01-26 00:17:11,164 - INFO - [hk.616049.xyz (HKG)] 开始处理节点维护
2026-01-26 00:17:11,192 - DEBUG - DNS解析重试中 hk.616049.xyz: [Errno -2] Name or service not known
2026-01-26 00:17:12,397 - DEBUG - DNS解析重试中 hk.616049.xyz: [Errno -2] Name or service not known
2026-01-26 00:17:13,423 - DEBUG - DNS解析重试中 hk.616049.xyz: [Errno -2] Name or service not known
2026-01-26 00:17:14,425 - WARNING - [hk.616049.xyz (HKG)] ├─ 无有效DNS记录，触发紧急更新
2026-01-26 00:30:08,658 - ERROR - CFST更新失败: None
2026-01-26 00:30:08,658 - INFO - --------------------------------------------------
2026-01-26 00:30:08,659 - INFO - [us.616049.xyz (LAX)] 开始处理节点维护
2026-01-26 00:30:08,724 - DEBUG - DNS解析重试中 us.616049.xyz: [Errno -2] Name or service not known
2026-01-26 00:30:09,731 - DEBUG - DNS解析重试中 us.616049.xyz: [Errno -2] Name or service not known
2026-01-26 00:30:10,761 - DEBUG - DNS解析重试中 us.616049.xyz: [Errno -2] Name or service not known
2026-01-26 00:30:11,762 - WARNING - [us.616049.xyz (LAX)] ├─ 无有效DNS记录，触发紧急更新
2026-01-26 00:43:06,343 - ERROR - CFST更新失败: None
2026-01-26 00:43:06,343 - INFO - --------------------------------------------------
2026-01-26 00:43:06,343 - INFO - [de.616049.xyz (FRA)] 开始处理节点维护
2026-01-26 00:43:06,375 - DEBUG - DNS解析重试中 de.616049.xyz: [Errno -2] Name or service not known
2026-01-26 00:43:07,389 - DEBUG - DNS解析重试中 de.616049.xyz: [Errno -2] Name or service not known
2026-01-26 00:43:08,420 - DEBUG - DNS解析重试中 de.616049.xyz: [Errno -2] Name or service not known
2026-01-26 00:43:09,422 - WARNING - [de.616049.xyz (FRA)] ├─ 无有效DNS记录，触发紧急更新
2026-01-26 00:56:03,345 - ERROR - CFST更新失败: None
2026-01-26 00:56:03,348 - DEBUG - Starting new HTTPS connection (1): api.telegram.org:443
2026-01-26 00:56:03,680 - DEBUG - https://api.telegram.org:443 "POST /bot/sendMessage HTTP/1.1" 404 55
