2026-03-23 06:17:46,420 - INFO - 启动维护任务 | 协议类型: IPV4
2026-03-23 06:17:46,420 - INFO - --------------------------------------------------
2026-03-23 06:17:46,420 - INFO - [hk.616049.xyz (HKG)] 开始处理节点维护
2026-03-23 06:17:46,442 - DEBUG - DNS解析重试中 hk.616049.xyz: [Errno -2] Name or service not known
2026-03-23 06:17:47,447 - DEBUG - DNS解析重试中 hk.616049.xyz: [Errno -2] Name or service not known
2026-03-23 06:17:48,475 - DEBUG - DNS解析重试中 hk.616049.xyz: [Errno -2] Name or service not known
2026-03-23 06:17:49,476 - WARNING - [hk.616049.xyz (HKG)] ├─ 无有效DNS记录，触发紧急更新
2026-03-23 06:30:43,360 - ERROR - CFST更新失败: None
2026-03-23 06:30:43,360 - INFO - --------------------------------------------------
2026-03-23 06:30:43,360 - INFO - [us.616049.xyz (LAX)] 开始处理节点维护
2026-03-23 06:30:43,386 - DEBUG - DNS解析重试中 us.616049.xyz: [Errno -2] Name or service not known
2026-03-23 06:30:44,409 - DEBUG - DNS解析重试中 us.616049.xyz: [Errno -2] Name or service not known
2026-03-23 06:30:45,435 - DEBUG - DNS解析重试中 us.616049.xyz: [Errno -2] Name or service not known
2026-03-23 06:30:46,436 - WARNING - [us.616049.xyz (LAX)] ├─ 无有效DNS记录，触发紧急更新
2026-03-23 06:43:41,644 - ERROR - CFST更新失败: None
2026-03-23 06:43:41,644 - INFO - --------------------------------------------------
2026-03-23 06:43:41,644 - INFO - [de.616049.xyz (FRA)] 开始处理节点维护
2026-03-23 06:43:41,674 - DEBUG - DNS解析重试中 de.616049.xyz: [Errno -2] Name or service not known
2026-03-23 06:43:42,697 - DEBUG - DNS解析重试中 de.616049.xyz: [Errno -2] Name or service not known
2026-03-23 06:43:43,721 - DEBUG - DNS解析重试中 de.616049.xyz: [Errno -2] Name or service not known
2026-03-23 06:43:44,722 - WARNING - [de.616049.xyz (FRA)] ├─ 无有效DNS记录，触发紧急更新
2026-03-23 06:56:38,960 - ERROR - CFST更新失败: None
2026-03-23 06:56:38,965 - DEBUG - Starting new HTTPS connection (1): api.telegram.org:443
2026-03-23 06:56:39,299 - DEBUG - https://api.telegram.org:443 "POST /bot/sendMessage HTTP/1.1" 404 55
