2026-06-07 10:45:22,516 - INFO - 启动维护任务 | 协议类型: IPV4
2026-06-07 10:45:22,517 - INFO - --------------------------------------------------
2026-06-07 10:45:22,517 - INFO - [hk.616049.xyz (HKG)] 开始处理节点维护
2026-06-07 10:45:22,541 - DEBUG - DNS解析重试中 hk.616049.xyz: [Errno -2] Name or service not known
2026-06-07 10:45:23,570 - DEBUG - DNS解析重试中 hk.616049.xyz: [Errno -2] Name or service not known
2026-06-07 10:45:24,587 - DEBUG - DNS解析重试中 hk.616049.xyz: [Errno -2] Name or service not known
2026-06-07 10:45:25,588 - WARNING - [hk.616049.xyz (HKG)] ├─ 无有效DNS记录，触发紧急更新
2026-06-07 10:58:11,897 - ERROR - CFST更新失败: None
2026-06-07 10:58:11,897 - INFO - --------------------------------------------------
2026-06-07 10:58:11,897 - INFO - [us.616049.xyz (LAX)] 开始处理节点维护
2026-06-07 10:58:11,922 - DEBUG - DNS解析重试中 us.616049.xyz: [Errno -2] Name or service not known
2026-06-07 10:58:12,939 - DEBUG - DNS解析重试中 us.616049.xyz: [Errno -2] Name or service not known
2026-06-07 10:58:13,973 - DEBUG - DNS解析重试中 us.616049.xyz: [Errno -2] Name or service not known
2026-06-07 10:58:14,974 - WARNING - [us.616049.xyz (LAX)] ├─ 无有效DNS记录，触发紧急更新
2026-06-07 11:11:00,937 - ERROR - CFST更新失败: None
2026-06-07 11:11:00,937 - INFO - --------------------------------------------------
2026-06-07 11:11:00,938 - INFO - [de.616049.xyz (FRA)] 开始处理节点维护
2026-06-07 11:11:01,015 - DEBUG - DNS解析重试中 de.616049.xyz: [Errno -2] Name or service not known
2026-06-07 11:11:02,045 - DEBUG - DNS解析重试中 de.616049.xyz: [Errno -2] Name or service not known
2026-06-07 11:11:03,061 - DEBUG - DNS解析重试中 de.616049.xyz: [Errno -2] Name or service not known
2026-06-07 11:11:04,062 - WARNING - [de.616049.xyz (FRA)] ├─ 无有效DNS记录，触发紧急更新
2026-06-07 11:23:49,820 - ERROR - CFST更新失败: None
2026-06-07 11:23:49,823 - DEBUG - Starting new HTTPS connection (1): api.telegram.org:443
2026-06-07 11:23:50,305 - DEBUG - https://api.telegram.org:443 "POST /bot/sendMessage HTTP/1.1" 404 55
