2026-05-11 04:39:21,325 - INFO - 启动维护任务 | 协议类型: IPV4
2026-05-11 04:39:21,325 - INFO - --------------------------------------------------
2026-05-11 04:39:21,325 - INFO - [hk.616049.xyz (HKG)] 开始处理节点维护
2026-05-11 04:39:21,340 - DEBUG - DNS解析重试中 hk.616049.xyz: [Errno -2] Name or service not known
2026-05-11 04:39:22,356 - DEBUG - DNS解析重试中 hk.616049.xyz: [Errno -2] Name or service not known
2026-05-11 04:39:23,368 - DEBUG - DNS解析重试中 hk.616049.xyz: [Errno -2] Name or service not known
2026-05-11 04:39:24,370 - WARNING - [hk.616049.xyz (HKG)] ├─ 无有效DNS记录，触发紧急更新
2026-05-11 04:51:59,960 - ERROR - CFST更新失败: None
2026-05-11 04:51:59,961 - INFO - --------------------------------------------------
2026-05-11 04:51:59,961 - INFO - [us.616049.xyz (LAX)] 开始处理节点维护
2026-05-11 04:51:59,974 - DEBUG - DNS解析重试中 us.616049.xyz: [Errno -2] Name or service not known
2026-05-11 04:52:00,982 - DEBUG - DNS解析重试中 us.616049.xyz: [Errno -2] Name or service not known
2026-05-11 04:52:01,990 - DEBUG - DNS解析重试中 us.616049.xyz: [Errno -2] Name or service not known
2026-05-11 04:52:02,991 - WARNING - [us.616049.xyz (LAX)] ├─ 无有效DNS记录，触发紧急更新
2026-05-11 05:04:39,800 - ERROR - CFST更新失败: None
2026-05-11 05:04:39,800 - INFO - --------------------------------------------------
2026-05-11 05:04:39,800 - INFO - [de.616049.xyz (FRA)] 开始处理节点维护
2026-05-11 05:04:39,823 - DEBUG - DNS解析重试中 de.616049.xyz: [Errno -2] Name or service not known
2026-05-11 05:04:40,838 - DEBUG - DNS解析重试中 de.616049.xyz: [Errno -2] Name or service not known
2026-05-11 05:04:41,848 - DEBUG - DNS解析重试中 de.616049.xyz: [Errno -2] Name or service not known
2026-05-11 05:04:42,849 - WARNING - [de.616049.xyz (FRA)] ├─ 无有效DNS记录，触发紧急更新
2026-05-11 05:17:18,107 - ERROR - CFST更新失败: None
2026-05-11 05:17:18,111 - DEBUG - Starting new HTTPS connection (1): api.telegram.org:443
2026-05-11 05:17:18,411 - DEBUG - https://api.telegram.org:443 "POST /bot/sendMessage HTTP/1.1" 404 55
