2026-07-20 21:50:22,496 - INFO - 启动维护任务 | 协议类型: IPV4
2026-07-20 21:50:22,496 - INFO - --------------------------------------------------
2026-07-20 21:50:22,496 - INFO - [hk.616049.xyz (HKG)] 开始处理节点维护
2026-07-20 21:50:22,509 - DEBUG - DNS解析重试中 hk.616049.xyz: [Errno -5] No address associated with hostname
2026-07-20 21:50:23,533 - DEBUG - DNS解析重试中 hk.616049.xyz: [Errno -5] No address associated with hostname
2026-07-20 21:50:24,539 - DEBUG - DNS解析重试中 hk.616049.xyz: [Errno -5] No address associated with hostname
2026-07-20 21:50:25,540 - WARNING - [hk.616049.xyz (HKG)] ├─ 无有效DNS记录，触发紧急更新
2026-07-20 22:02:56,460 - ERROR - CFST更新失败: None
2026-07-20 22:02:56,460 - INFO - --------------------------------------------------
2026-07-20 22:02:56,460 - INFO - [us.616049.xyz (LAX)] 开始处理节点维护
2026-07-20 22:02:56,470 - DEBUG - DNS解析重试中 us.616049.xyz: [Errno -5] No address associated with hostname
2026-07-20 22:02:57,489 - DEBUG - DNS解析重试中 us.616049.xyz: [Errno -5] No address associated with hostname
2026-07-20 22:02:58,501 - DEBUG - DNS解析重试中 us.616049.xyz: [Errno -5] No address associated with hostname
2026-07-20 22:02:59,502 - WARNING - [us.616049.xyz (LAX)] ├─ 无有效DNS记录，触发紧急更新
2026-07-20 22:15:30,576 - ERROR - CFST更新失败: None
2026-07-20 22:15:30,576 - INFO - --------------------------------------------------
2026-07-20 22:15:30,576 - INFO - [de.616049.xyz (FRA)] 开始处理节点维护
2026-07-20 22:15:30,587 - DEBUG - DNS解析重试中 de.616049.xyz: [Errno -5] No address associated with hostname
2026-07-20 22:15:31,598 - DEBUG - DNS解析重试中 de.616049.xyz: [Errno -5] No address associated with hostname
2026-07-20 22:15:32,609 - DEBUG - DNS解析重试中 de.616049.xyz: [Errno -5] No address associated with hostname
2026-07-20 22:15:33,611 - WARNING - [de.616049.xyz (FRA)] ├─ 无有效DNS记录，触发紧急更新
2026-07-20 22:28:05,310 - ERROR - CFST更新失败: None
2026-07-20 22:28:05,313 - DEBUG - Starting new HTTPS connection (1): api.telegram.org:443
2026-07-20 22:28:05,766 - DEBUG - https://api.telegram.org:443 "POST /bot/sendMessage HTTP/1.1" 404 55
