2026-04-18 18:33:12,202 - INFO - 启动维护任务 | 协议类型: IPV4
2026-04-18 18:33:12,202 - INFO - --------------------------------------------------
2026-04-18 18:33:12,202 - INFO - [hk.616049.xyz (HKG)] 开始处理节点维护
2026-04-18 18:33:12,226 - DEBUG - DNS解析重试中 hk.616049.xyz: [Errno -2] Name or service not known
2026-04-18 18:33:13,270 - DEBUG - DNS解析重试中 hk.616049.xyz: [Errno -2] Name or service not known
2026-04-18 18:33:14,286 - DEBUG - DNS解析重试中 hk.616049.xyz: [Errno -2] Name or service not known
2026-04-18 18:33:15,288 - WARNING - [hk.616049.xyz (HKG)] ├─ 无有效DNS记录，触发紧急更新
2026-04-18 18:46:27,330 - ERROR - CFST更新失败: None
2026-04-18 18:46:27,330 - INFO - --------------------------------------------------
2026-04-18 18:46:27,330 - INFO - [us.616049.xyz (LAX)] 开始处理节点维护
2026-04-18 18:46:27,354 - DEBUG - DNS解析重试中 us.616049.xyz: [Errno -2] Name or service not known
2026-04-18 18:46:28,381 - DEBUG - DNS解析重试中 us.616049.xyz: [Errno -2] Name or service not known
2026-04-18 18:46:29,388 - DEBUG - DNS解析重试中 us.616049.xyz: [Errno -2] Name or service not known
2026-04-18 18:46:30,390 - WARNING - [us.616049.xyz (LAX)] ├─ 无有效DNS记录，触发紧急更新
2026-04-18 18:59:35,831 - ERROR - CFST更新失败: None
2026-04-18 18:59:35,831 - INFO - --------------------------------------------------
2026-04-18 18:59:35,831 - INFO - [de.616049.xyz (FRA)] 开始处理节点维护
2026-04-18 18:59:35,856 - DEBUG - DNS解析重试中 de.616049.xyz: [Errno -2] Name or service not known
2026-04-18 18:59:36,886 - DEBUG - DNS解析重试中 de.616049.xyz: [Errno -2] Name or service not known
2026-04-18 18:59:37,920 - DEBUG - DNS解析重试中 de.616049.xyz: [Errno -2] Name or service not known
2026-04-18 18:59:38,921 - WARNING - [de.616049.xyz (FRA)] ├─ 无有效DNS记录，触发紧急更新
2026-04-18 19:12:45,353 - ERROR - CFST更新失败: None
2026-04-18 19:12:45,356 - DEBUG - Starting new HTTPS connection (1): api.telegram.org:443
2026-04-18 19:12:45,838 - DEBUG - https://api.telegram.org:443 "POST /bot/sendMessage HTTP/1.1" 404 55
