2026-03-30 22:57:14,791 - INFO - 启动维护任务 | 协议类型: IPV4
2026-03-30 22:57:14,791 - INFO - --------------------------------------------------
2026-03-30 22:57:14,791 - INFO - [hk.616049.xyz (HKG)] 开始处理节点维护
2026-03-30 22:57:14,798 - DEBUG - DNS解析重试中 hk.616049.xyz: [Errno -2] Name or service not known
2026-03-30 22:57:15,807 - DEBUG - DNS解析重试中 hk.616049.xyz: [Errno -2] Name or service not known
2026-03-30 22:57:16,827 - DEBUG - DNS解析重试中 hk.616049.xyz: [Errno -2] Name or service not known
2026-03-30 22:57:17,829 - WARNING - [hk.616049.xyz (HKG)] ├─ 无有效DNS记录，触发紧急更新
2026-03-30 23:10:14,099 - ERROR - CFST更新失败: None
2026-03-30 23:10:14,099 - INFO - --------------------------------------------------
2026-03-30 23:10:14,100 - INFO - [us.616049.xyz (LAX)] 开始处理节点维护
2026-03-30 23:10:14,106 - DEBUG - DNS解析重试中 us.616049.xyz: [Errno -2] Name or service not known
2026-03-30 23:10:15,115 - DEBUG - DNS解析重试中 us.616049.xyz: [Errno -2] Name or service not known
2026-03-30 23:10:16,124 - DEBUG - DNS解析重试中 us.616049.xyz: [Errno -2] Name or service not known
2026-03-30 23:10:17,125 - WARNING - [us.616049.xyz (LAX)] ├─ 无有效DNS记录，触发紧急更新
2026-03-30 23:23:10,755 - ERROR - CFST更新失败: None
2026-03-30 23:23:10,755 - INFO - --------------------------------------------------
2026-03-30 23:23:10,756 - INFO - [de.616049.xyz (FRA)] 开始处理节点维护
2026-03-30 23:23:10,769 - DEBUG - DNS解析重试中 de.616049.xyz: [Errno -2] Name or service not known
2026-03-30 23:23:11,777 - DEBUG - DNS解析重试中 de.616049.xyz: [Errno -2] Name or service not known
2026-03-30 23:23:12,786 - DEBUG - DNS解析重试中 de.616049.xyz: [Errno -2] Name or service not known
2026-03-30 23:23:13,787 - WARNING - [de.616049.xyz (FRA)] ├─ 无有效DNS记录，触发紧急更新
2026-03-30 23:36:07,643 - ERROR - CFST更新失败: None
2026-03-30 23:36:07,647 - DEBUG - Starting new HTTPS connection (1): api.telegram.org:443
2026-03-30 23:36:08,142 - DEBUG - https://api.telegram.org:443 "POST /bot/sendMessage HTTP/1.1" 404 55
