2026-01-25 02:20:22,671 - INFO - 启动维护任务 | 协议类型: IPV4
2026-01-25 02:20:22,671 - INFO - --------------------------------------------------
2026-01-25 02:20:22,671 - INFO - [hk.616049.xyz (HKG)] 开始处理节点维护
2026-01-25 02:20:22,709 - DEBUG - DNS解析重试中 hk.616049.xyz: [Errno -2] Name or service not known
2026-01-25 02:20:23,738 - DEBUG - DNS解析重试中 hk.616049.xyz: [Errno -2] Name or service not known
2026-01-25 02:20:24,776 - DEBUG - DNS解析重试中 hk.616049.xyz: [Errno -2] Name or service not known
2026-01-25 02:20:25,777 - WARNING - [hk.616049.xyz (HKG)] ├─ 无有效DNS记录，触发紧急更新
2026-01-25 02:33:21,921 - ERROR - CFST更新失败: None
2026-01-25 02:33:21,921 - INFO - --------------------------------------------------
2026-01-25 02:33:21,921 - INFO - [us.616049.xyz (LAX)] 开始处理节点维护
2026-01-25 02:33:21,955 - DEBUG - DNS解析重试中 us.616049.xyz: [Errno -2] Name or service not known
2026-01-25 02:33:22,961 - DEBUG - DNS解析重试中 us.616049.xyz: [Errno -2] Name or service not known
2026-01-25 02:33:23,993 - DEBUG - DNS解析重试中 us.616049.xyz: [Errno -2] Name or service not known
2026-01-25 02:33:24,995 - WARNING - [us.616049.xyz (LAX)] ├─ 无有效DNS记录，触发紧急更新
2026-01-25 02:46:21,786 - ERROR - CFST更新失败: None
2026-01-25 02:46:21,786 - INFO - --------------------------------------------------
2026-01-25 02:46:21,786 - INFO - [de.616049.xyz (FRA)] 开始处理节点维护
2026-01-25 02:46:21,827 - DEBUG - DNS解析重试中 de.616049.xyz: [Errno -2] Name or service not known
2026-01-25 02:46:22,868 - DEBUG - DNS解析重试中 de.616049.xyz: [Errno -2] Name or service not known
2026-01-25 02:46:23,898 - DEBUG - DNS解析重试中 de.616049.xyz: [Errno -2] Name or service not known
2026-01-25 02:46:24,900 - WARNING - [de.616049.xyz (FRA)] ├─ 无有效DNS记录，触发紧急更新
2026-01-25 02:59:20,850 - ERROR - CFST更新失败: None
2026-01-25 02:59:20,853 - DEBUG - Starting new HTTPS connection (1): api.telegram.org:443
2026-01-25 02:59:21,255 - DEBUG - https://api.telegram.org:443 "POST /bot/sendMessage HTTP/1.1" 404 55
