2026-02-25 20:44:08,995 - INFO - 启动维护任务 | 协议类型: IPV4
2026-02-25 20:44:08,996 - INFO - --------------------------------------------------
2026-02-25 20:44:08,996 - INFO - [hk.616049.xyz (HKG)] 开始处理节点维护
2026-02-25 20:44:09,034 - DEBUG - DNS解析重试中 hk.616049.xyz: [Errno -2] Name or service not known
2026-02-25 20:44:10,058 - DEBUG - DNS解析重试中 hk.616049.xyz: [Errno -2] Name or service not known
2026-02-25 20:44:11,086 - DEBUG - DNS解析重试中 hk.616049.xyz: [Errno -2] Name or service not known
2026-02-25 20:44:12,087 - WARNING - [hk.616049.xyz (HKG)] ├─ 无有效DNS记录，触发紧急更新
2026-02-25 20:57:06,845 - ERROR - CFST更新失败: None
2026-02-25 20:57:06,846 - INFO - --------------------------------------------------
2026-02-25 20:57:06,846 - INFO - [us.616049.xyz (LAX)] 开始处理节点维护
2026-02-25 20:57:06,868 - DEBUG - DNS解析重试中 us.616049.xyz: [Errno -2] Name or service not known
2026-02-25 20:57:07,891 - DEBUG - DNS解析重试中 us.616049.xyz: [Errno -2] Name or service not known
2026-02-25 20:57:08,913 - DEBUG - DNS解析重试中 us.616049.xyz: [Errno -2] Name or service not known
2026-02-25 20:57:09,914 - WARNING - [us.616049.xyz (LAX)] ├─ 无有效DNS记录，触发紧急更新
2026-02-25 21:10:04,334 - ERROR - CFST更新失败: None
2026-02-25 21:10:04,334 - INFO - --------------------------------------------------
2026-02-25 21:10:04,334 - INFO - [de.616049.xyz (FRA)] 开始处理节点维护
2026-02-25 21:10:04,356 - DEBUG - DNS解析重试中 de.616049.xyz: [Errno -2] Name or service not known
2026-02-25 21:10:05,379 - DEBUG - DNS解析重试中 de.616049.xyz: [Errno -2] Name or service not known
2026-02-25 21:10:06,414 - DEBUG - DNS解析重试中 de.616049.xyz: [Errno -2] Name or service not known
2026-02-25 21:10:07,415 - WARNING - [de.616049.xyz (FRA)] ├─ 无有效DNS记录，触发紧急更新
2026-02-25 21:23:01,885 - ERROR - CFST更新失败: None
2026-02-25 21:23:01,888 - DEBUG - Starting new HTTPS connection (1): api.telegram.org:443
2026-02-25 21:23:02,215 - DEBUG - https://api.telegram.org:443 "POST /bot/sendMessage HTTP/1.1" 404 55
