2026-02-01 00:18:31,629 - INFO - 启动维护任务 | 协议类型: IPV4
2026-02-01 00:18:31,629 - INFO - --------------------------------------------------
2026-02-01 00:18:31,630 - INFO - [hk.616049.xyz (HKG)] 开始处理节点维护
2026-02-01 00:18:31,637 - DEBUG - DNS解析重试中 hk.616049.xyz: [Errno -2] Name or service not known
2026-02-01 00:18:32,654 - DEBUG - DNS解析重试中 hk.616049.xyz: [Errno -2] Name or service not known
2026-02-01 00:18:33,666 - DEBUG - DNS解析重试中 hk.616049.xyz: [Errno -2] Name or service not known
2026-02-01 00:18:34,668 - WARNING - [hk.616049.xyz (HKG)] ├─ 无有效DNS记录，触发紧急更新
2026-02-01 00:31:31,351 - ERROR - CFST更新失败: None
2026-02-01 00:31:31,351 - INFO - --------------------------------------------------
2026-02-01 00:31:31,351 - INFO - [us.616049.xyz (LAX)] 开始处理节点维护
2026-02-01 00:31:31,431 - DEBUG - DNS解析重试中 us.616049.xyz: [Errno -2] Name or service not known
2026-02-01 00:31:32,517 - DEBUG - DNS解析重试中 us.616049.xyz: [Errno -2] Name or service not known
2026-02-01 00:31:33,595 - DEBUG - DNS解析重试中 us.616049.xyz: [Errno -2] Name or service not known
2026-02-01 00:31:34,596 - WARNING - [us.616049.xyz (LAX)] ├─ 无有效DNS记录，触发紧急更新
2026-02-01 00:44:30,995 - ERROR - CFST更新失败: None
2026-02-01 00:44:30,995 - INFO - --------------------------------------------------
2026-02-01 00:44:30,996 - INFO - [de.616049.xyz (FRA)] 开始处理节点维护
2026-02-01 00:44:31,002 - DEBUG - DNS解析重试中 de.616049.xyz: [Errno -2] Name or service not known
2026-02-01 00:44:32,010 - DEBUG - DNS解析重试中 de.616049.xyz: [Errno -2] Name or service not known
2026-02-01 00:44:33,019 - DEBUG - DNS解析重试中 de.616049.xyz: [Errno -2] Name or service not known
2026-02-01 00:44:34,021 - WARNING - [de.616049.xyz (FRA)] ├─ 无有效DNS记录，触发紧急更新
2026-02-01 00:57:30,430 - ERROR - CFST更新失败: None
2026-02-01 00:57:30,433 - DEBUG - Starting new HTTPS connection (1): api.telegram.org:443
2026-02-01 00:57:30,730 - DEBUG - https://api.telegram.org:443 "POST /bot/sendMessage HTTP/1.1" 404 55
