2026-05-24 10:32:10,482 - INFO - 启动维护任务 | 协议类型: IPV4
2026-05-24 10:32:10,482 - INFO - --------------------------------------------------
2026-05-24 10:32:10,482 - INFO - [hk.616049.xyz (HKG)] 开始处理节点维护
2026-05-24 10:32:10,505 - DEBUG - DNS解析重试中 hk.616049.xyz: [Errno -2] Name or service not known
2026-05-24 10:32:11,527 - DEBUG - DNS解析重试中 hk.616049.xyz: [Errno -2] Name or service not known
2026-05-24 10:32:12,567 - DEBUG - DNS解析重试中 hk.616049.xyz: [Errno -2] Name or service not known
2026-05-24 10:32:13,568 - WARNING - [hk.616049.xyz (HKG)] ├─ 无有效DNS记录，触发紧急更新
2026-05-24 10:44:47,001 - ERROR - CFST更新失败: None
2026-05-24 10:44:47,001 - INFO - --------------------------------------------------
2026-05-24 10:44:47,002 - INFO - [us.616049.xyz (LAX)] 开始处理节点维护
2026-05-24 10:44:47,050 - DEBUG - DNS解析重试中 us.616049.xyz: [Errno -2] Name or service not known
2026-05-24 10:44:48,076 - DEBUG - DNS解析重试中 us.616049.xyz: [Errno -2] Name or service not known
2026-05-24 10:44:49,084 - DEBUG - DNS解析重试中 us.616049.xyz: [Errno -2] Name or service not known
2026-05-24 10:44:50,085 - WARNING - [us.616049.xyz (LAX)] ├─ 无有效DNS记录，触发紧急更新
2026-05-24 10:57:22,344 - ERROR - CFST更新失败: None
2026-05-24 10:57:22,344 - INFO - --------------------------------------------------
2026-05-24 10:57:22,344 - INFO - [de.616049.xyz (FRA)] 开始处理节点维护
2026-05-24 10:57:22,367 - DEBUG - DNS解析重试中 de.616049.xyz: [Errno -2] Name or service not known
2026-05-24 10:57:23,391 - DEBUG - DNS解析重试中 de.616049.xyz: [Errno -2] Name or service not known
2026-05-24 10:57:24,414 - DEBUG - DNS解析重试中 de.616049.xyz: [Errno -2] Name or service not known
2026-05-24 10:57:25,415 - WARNING - [de.616049.xyz (FRA)] ├─ 无有效DNS记录，触发紧急更新
2026-05-24 11:09:58,086 - ERROR - CFST更新失败: None
2026-05-24 11:09:58,089 - DEBUG - Starting new HTTPS connection (1): api.telegram.org:443
2026-05-24 11:09:58,415 - DEBUG - https://api.telegram.org:443 "POST /bot/sendMessage HTTP/1.1" 404 55
