2026-02-21 14:32:33,013 - INFO - 启动维护任务 | 协议类型: IPV4
2026-02-21 14:32:33,013 - INFO - --------------------------------------------------
2026-02-21 14:32:33,013 - INFO - [hk.616049.xyz (HKG)] 开始处理节点维护
2026-02-21 14:32:33,027 - DEBUG - DNS解析重试中 hk.616049.xyz: [Errno -2] Name or service not known
2026-02-21 14:32:34,048 - DEBUG - DNS解析重试中 hk.616049.xyz: [Errno -2] Name or service not known
2026-02-21 14:32:35,068 - DEBUG - DNS解析重试中 hk.616049.xyz: [Errno -2] Name or service not known
2026-02-21 14:32:36,069 - WARNING - [hk.616049.xyz (HKG)] ├─ 无有效DNS记录，触发紧急更新
2026-02-21 14:45:31,107 - ERROR - CFST更新失败: None
2026-02-21 14:45:31,107 - INFO - --------------------------------------------------
2026-02-21 14:45:31,108 - INFO - [us.616049.xyz (LAX)] 开始处理节点维护
2026-02-21 14:45:31,126 - DEBUG - DNS解析重试中 us.616049.xyz: [Errno -2] Name or service not known
2026-02-21 14:45:32,152 - DEBUG - DNS解析重试中 us.616049.xyz: [Errno -2] Name or service not known
2026-02-21 14:45:33,435 - DEBUG - DNS解析重试中 us.616049.xyz: [Errno -2] Name or service not known
2026-02-21 14:45:34,436 - WARNING - [us.616049.xyz (LAX)] ├─ 无有效DNS记录，触发紧急更新
2026-02-21 14:58:29,511 - ERROR - CFST更新失败: None
2026-02-21 14:58:29,511 - INFO - --------------------------------------------------
2026-02-21 14:58:29,511 - INFO - [de.616049.xyz (FRA)] 开始处理节点维护
2026-02-21 14:58:29,533 - DEBUG - DNS解析重试中 de.616049.xyz: [Errno -2] Name or service not known
2026-02-21 14:58:30,557 - DEBUG - DNS解析重试中 de.616049.xyz: [Errno -2] Name or service not known
2026-02-21 14:58:31,706 - DEBUG - DNS解析重试中 de.616049.xyz: [Errno -2] Name or service not known
2026-02-21 14:58:32,708 - WARNING - [de.616049.xyz (FRA)] ├─ 无有效DNS记录，触发紧急更新
2026-02-21 15:11:27,848 - ERROR - CFST更新失败: None
2026-02-21 15:11:27,851 - DEBUG - Starting new HTTPS connection (1): api.telegram.org:443
2026-02-21 15:11:28,327 - DEBUG - https://api.telegram.org:443 "POST /bot/sendMessage HTTP/1.1" 404 55
