2026-02-17 20:43:19,345 - INFO - 启动维护任务 | 协议类型: IPV4
2026-02-17 20:43:19,345 - INFO - --------------------------------------------------
2026-02-17 20:43:19,345 - INFO - [hk.616049.xyz (HKG)] 开始处理节点维护
2026-02-17 20:43:19,381 - DEBUG - DNS解析重试中 hk.616049.xyz: [Errno -2] Name or service not known
2026-02-17 20:43:20,403 - DEBUG - DNS解析重试中 hk.616049.xyz: [Errno -2] Name or service not known
2026-02-17 20:43:21,408 - DEBUG - DNS解析重试中 hk.616049.xyz: [Errno -2] Name or service not known
2026-02-17 20:43:22,409 - WARNING - [hk.616049.xyz (HKG)] ├─ 无有效DNS记录，触发紧急更新
2026-02-17 20:56:18,399 - ERROR - CFST更新失败: None
2026-02-17 20:56:18,399 - INFO - --------------------------------------------------
2026-02-17 20:56:18,399 - INFO - [us.616049.xyz (LAX)] 开始处理节点维护
2026-02-17 20:56:18,458 - DEBUG - DNS解析重试中 us.616049.xyz: [Errno -2] Name or service not known
2026-02-17 20:56:19,482 - DEBUG - DNS解析重试中 us.616049.xyz: [Errno -2] Name or service not known
2026-02-17 20:56:20,518 - DEBUG - DNS解析重试中 us.616049.xyz: [Errno -2] Name or service not known
2026-02-17 20:56:21,520 - WARNING - [us.616049.xyz (LAX)] ├─ 无有效DNS记录，触发紧急更新
2026-02-17 21:09:16,921 - ERROR - CFST更新失败: None
2026-02-17 21:09:16,921 - INFO - --------------------------------------------------
2026-02-17 21:09:16,921 - INFO - [de.616049.xyz (FRA)] 开始处理节点维护
2026-02-17 21:09:16,949 - DEBUG - DNS解析重试中 de.616049.xyz: [Errno -2] Name or service not known
2026-02-17 21:09:17,973 - DEBUG - DNS解析重试中 de.616049.xyz: [Errno -2] Name or service not known
2026-02-17 21:09:18,981 - DEBUG - DNS解析重试中 de.616049.xyz: [Errno -2] Name or service not known
2026-02-17 21:09:19,982 - WARNING - [de.616049.xyz (FRA)] ├─ 无有效DNS记录，触发紧急更新
2026-02-17 21:22:14,804 - ERROR - CFST更新失败: None
2026-02-17 21:22:14,807 - DEBUG - Starting new HTTPS connection (1): api.telegram.org:443
2026-02-17 21:22:15,138 - DEBUG - https://api.telegram.org:443 "POST /bot/sendMessage HTTP/1.1" 404 55
