2026-04-10 09:48:47,130 - INFO - 启动维护任务 | 协议类型: IPV4
2026-04-10 09:48:47,130 - INFO - --------------------------------------------------
2026-04-10 09:48:47,130 - INFO - [hk.616049.xyz (HKG)] 开始处理节点维护
2026-04-10 09:48:47,144 - DEBUG - DNS解析重试中 hk.616049.xyz: [Errno -2] Name or service not known
2026-04-10 09:48:48,153 - DEBUG - DNS解析重试中 hk.616049.xyz: [Errno -2] Name or service not known
2026-04-10 09:48:49,166 - DEBUG - DNS解析重试中 hk.616049.xyz: [Errno -2] Name or service not known
2026-04-10 09:48:50,168 - WARNING - [hk.616049.xyz (HKG)] ├─ 无有效DNS记录，触发紧急更新
2026-04-10 10:01:43,546 - ERROR - CFST更新失败: None
2026-04-10 10:01:43,546 - INFO - --------------------------------------------------
2026-04-10 10:01:43,546 - INFO - [us.616049.xyz (LAX)] 开始处理节点维护
2026-04-10 10:01:43,553 - DEBUG - DNS解析重试中 us.616049.xyz: [Errno -2] Name or service not known
2026-04-10 10:01:44,559 - DEBUG - DNS解析重试中 us.616049.xyz: [Errno -2] Name or service not known
2026-04-10 10:01:45,567 - DEBUG - DNS解析重试中 us.616049.xyz: [Errno -2] Name or service not known
2026-04-10 10:01:46,569 - WARNING - [us.616049.xyz (LAX)] ├─ 无有效DNS记录，触发紧急更新
2026-04-10 10:14:39,648 - ERROR - CFST更新失败: None
2026-04-10 10:14:39,649 - INFO - --------------------------------------------------
2026-04-10 10:14:39,649 - INFO - [de.616049.xyz (FRA)] 开始处理节点维护
2026-04-10 10:14:39,663 - DEBUG - DNS解析重试中 de.616049.xyz: [Errno -2] Name or service not known
2026-04-10 10:14:40,676 - DEBUG - DNS解析重试中 de.616049.xyz: [Errno -2] Name or service not known
2026-04-10 10:14:41,706 - DEBUG - DNS解析重试中 de.616049.xyz: [Errno -2] Name or service not known
2026-04-10 10:14:42,707 - WARNING - [de.616049.xyz (FRA)] ├─ 无有效DNS记录，触发紧急更新
2026-04-10 10:27:35,603 - ERROR - CFST更新失败: None
2026-04-10 10:27:35,606 - DEBUG - Starting new HTTPS connection (1): api.telegram.org:443
2026-04-10 10:27:36,108 - DEBUG - https://api.telegram.org:443 "POST /bot/sendMessage HTTP/1.1" 404 55
