2026-07-13 02:53:17,002 - INFO - 启动维护任务 | 协议类型: IPV4
2026-07-13 02:53:17,002 - INFO - --------------------------------------------------
2026-07-13 02:53:17,002 - INFO - [hk.616049.xyz (HKG)] 开始处理节点维护
2026-07-13 02:53:17,036 - DEBUG - DNS解析重试中 hk.616049.xyz: [Errno -5] No address associated with hostname
2026-07-13 02:53:18,058 - DEBUG - DNS解析重试中 hk.616049.xyz: [Errno -5] No address associated with hostname
2026-07-13 02:53:19,110 - DEBUG - DNS解析重试中 hk.616049.xyz: [Errno -5] No address associated with hostname
2026-07-13 02:53:20,112 - WARNING - [hk.616049.xyz (HKG)] ├─ 无有效DNS记录，触发紧急更新
2026-07-13 03:05:33,117 - ERROR - CFST更新失败: None
2026-07-13 03:05:33,118 - INFO - --------------------------------------------------
2026-07-13 03:05:33,118 - INFO - [us.616049.xyz (LAX)] 开始处理节点维护
2026-07-13 03:05:33,184 - DEBUG - DNS解析重试中 us.616049.xyz: [Errno -5] No address associated with hostname
2026-07-13 03:05:34,220 - DEBUG - DNS解析重试中 us.616049.xyz: [Errno -5] No address associated with hostname
2026-07-13 03:05:35,256 - DEBUG - DNS解析重试中 us.616049.xyz: [Errno -5] No address associated with hostname
2026-07-13 03:05:36,257 - WARNING - [us.616049.xyz (LAX)] ├─ 无有效DNS记录，触发紧急更新
2026-07-13 03:17:48,694 - ERROR - CFST更新失败: None
2026-07-13 03:17:48,695 - INFO - --------------------------------------------------
2026-07-13 03:17:48,695 - INFO - [de.616049.xyz (FRA)] 开始处理节点维护
2026-07-13 03:17:48,729 - DEBUG - DNS解析重试中 de.616049.xyz: [Errno -5] No address associated with hostname
2026-07-13 03:17:49,770 - DEBUG - DNS解析重试中 de.616049.xyz: [Errno -5] No address associated with hostname
2026-07-13 03:17:50,817 - DEBUG - DNS解析重试中 de.616049.xyz: [Errno -5] No address associated with hostname
2026-07-13 03:17:51,818 - WARNING - [de.616049.xyz (FRA)] ├─ 无有效DNS记录，触发紧急更新
2026-07-13 03:30:09,279 - ERROR - CFST更新失败: None
2026-07-13 03:30:09,282 - DEBUG - Starting new HTTPS connection (1): api.telegram.org:443
2026-07-13 03:30:09,895 - DEBUG - https://api.telegram.org:443 "POST /bot/sendMessage HTTP/1.1" 404 55
