2026-01-24 18:14:28,438 - INFO - 启动维护任务 | 协议类型: IPV4
2026-01-24 18:14:28,438 - INFO - --------------------------------------------------
2026-01-24 18:14:28,438 - INFO - [hk.616049.xyz (HKG)] 开始处理节点维护
2026-01-24 18:14:28,476 - DEBUG - DNS解析重试中 hk.616049.xyz: [Errno -2] Name or service not known
2026-01-24 18:14:29,506 - DEBUG - DNS解析重试中 hk.616049.xyz: [Errno -2] Name or service not known
2026-01-24 18:14:30,539 - DEBUG - DNS解析重试中 hk.616049.xyz: [Errno -2] Name or service not known
2026-01-24 18:14:31,540 - WARNING - [hk.616049.xyz (HKG)] ├─ 无有效DNS记录，触发紧急更新
2026-01-24 18:27:27,887 - ERROR - CFST更新失败: None
2026-01-24 18:27:27,887 - INFO - --------------------------------------------------
2026-01-24 18:27:27,887 - INFO - [us.616049.xyz (LAX)] 开始处理节点维护
2026-01-24 18:27:27,928 - DEBUG - DNS解析重试中 us.616049.xyz: [Errno -2] Name or service not known
2026-01-24 18:27:28,958 - DEBUG - DNS解析重试中 us.616049.xyz: [Errno -2] Name or service not known
2026-01-24 18:27:29,986 - DEBUG - DNS解析重试中 us.616049.xyz: [Errno -2] Name or service not known
2026-01-24 18:27:30,987 - WARNING - [us.616049.xyz (LAX)] ├─ 无有效DNS记录，触发紧急更新
2026-01-24 18:40:27,389 - ERROR - CFST更新失败: None
2026-01-24 18:40:27,390 - INFO - --------------------------------------------------
2026-01-24 18:40:27,390 - INFO - [de.616049.xyz (FRA)] 开始处理节点维护
2026-01-24 18:40:27,418 - DEBUG - DNS解析重试中 de.616049.xyz: [Errno -2] Name or service not known
2026-01-24 18:40:28,451 - DEBUG - DNS解析重试中 de.616049.xyz: [Errno -2] Name or service not known
2026-01-24 18:40:29,482 - DEBUG - DNS解析重试中 de.616049.xyz: [Errno -2] Name or service not known
2026-01-24 18:40:30,483 - WARNING - [de.616049.xyz (FRA)] ├─ 无有效DNS记录，触发紧急更新
2026-01-24 18:53:26,706 - ERROR - CFST更新失败: None
2026-01-24 18:53:26,709 - DEBUG - Starting new HTTPS connection (1): api.telegram.org:443
2026-01-24 18:53:27,103 - DEBUG - https://api.telegram.org:443 "POST /bot/sendMessage HTTP/1.1" 404 55
