2026-07-04 01:15:10,047 - INFO - 启动维护任务 | 协议类型: IPV4
2026-07-04 01:15:10,047 - INFO - --------------------------------------------------
2026-07-04 01:15:10,047 - INFO - [hk.616049.xyz (HKG)] 开始处理节点维护
2026-07-04 01:15:10,065 - DEBUG - DNS解析重试中 hk.616049.xyz: [Errno -5] No address associated with hostname
2026-07-04 01:15:11,078 - DEBUG - DNS解析重试中 hk.616049.xyz: [Errno -5] No address associated with hostname
2026-07-04 01:15:12,091 - DEBUG - DNS解析重试中 hk.616049.xyz: [Errno -5] No address associated with hostname
2026-07-04 01:15:13,092 - WARNING - [hk.616049.xyz (HKG)] ├─ 无有效DNS记录，触发紧急更新
2026-07-04 01:27:44,096 - ERROR - CFST更新失败: None
2026-07-04 01:27:44,096 - INFO - --------------------------------------------------
2026-07-04 01:27:44,096 - INFO - [us.616049.xyz (LAX)] 开始处理节点维护
2026-07-04 01:27:44,114 - DEBUG - DNS解析重试中 us.616049.xyz: [Errno -5] No address associated with hostname
2026-07-04 01:27:45,132 - DEBUG - DNS解析重试中 us.616049.xyz: [Errno -5] No address associated with hostname
2026-07-04 01:27:46,140 - DEBUG - DNS解析重试中 us.616049.xyz: [Errno -5] No address associated with hostname
2026-07-04 01:27:47,141 - WARNING - [us.616049.xyz (LAX)] ├─ 无有效DNS记录，触发紧急更新
2026-07-04 01:40:18,127 - ERROR - CFST更新失败: None
2026-07-04 01:40:18,127 - INFO - --------------------------------------------------
2026-07-04 01:40:18,127 - INFO - [de.616049.xyz (FRA)] 开始处理节点维护
2026-07-04 01:40:18,139 - DEBUG - DNS解析重试中 de.616049.xyz: [Errno -5] No address associated with hostname
2026-07-04 01:40:19,151 - DEBUG - DNS解析重试中 de.616049.xyz: [Errno -5] No address associated with hostname
2026-07-04 01:40:20,159 - DEBUG - DNS解析重试中 de.616049.xyz: [Errno -5] No address associated with hostname
2026-07-04 01:40:21,160 - WARNING - [de.616049.xyz (FRA)] ├─ 无有效DNS记录，触发紧急更新
2026-07-04 01:52:52,872 - ERROR - CFST更新失败: None
2026-07-04 01:52:52,876 - DEBUG - Starting new HTTPS connection (1): api.telegram.org:443
2026-07-04 01:52:53,352 - DEBUG - https://api.telegram.org:443 "POST /bot/sendMessage HTTP/1.1" 404 55
