2026-05-19 06:51:47,915 - INFO - 启动维护任务 | 协议类型: IPV4
2026-05-19 06:51:47,915 - INFO - --------------------------------------------------
2026-05-19 06:51:47,916 - INFO - [hk.616049.xyz (HKG)] 开始处理节点维护
2026-05-19 06:51:47,932 - DEBUG - DNS解析重试中 hk.616049.xyz: [Errno -2] Name or service not known
2026-05-19 06:51:48,951 - DEBUG - DNS解析重试中 hk.616049.xyz: [Errno -2] Name or service not known
2026-05-19 06:51:49,958 - DEBUG - DNS解析重试中 hk.616049.xyz: [Errno -2] Name or service not known
2026-05-19 06:51:50,959 - WARNING - [hk.616049.xyz (HKG)] ├─ 无有效DNS记录，触发紧急更新
2026-05-19 07:04:50,411 - ERROR - CFST更新失败: None
2026-05-19 07:04:50,412 - INFO - --------------------------------------------------
2026-05-19 07:04:50,412 - INFO - [us.616049.xyz (LAX)] 开始处理节点维护
2026-05-19 07:04:50,429 - DEBUG - DNS解析重试中 us.616049.xyz: [Errno -2] Name or service not known
2026-05-19 07:04:51,446 - DEBUG - DNS解析重试中 us.616049.xyz: [Errno -2] Name or service not known
2026-05-19 07:04:52,471 - DEBUG - DNS解析重试中 us.616049.xyz: [Errno -2] Name or service not known
2026-05-19 07:04:53,472 - WARNING - [us.616049.xyz (LAX)] ├─ 无有效DNS记录，触发紧急更新
2026-05-19 07:17:53,142 - ERROR - CFST更新失败: None
2026-05-19 07:17:53,143 - INFO - --------------------------------------------------
2026-05-19 07:17:53,143 - INFO - [de.616049.xyz (FRA)] 开始处理节点维护
2026-05-19 07:17:53,156 - DEBUG - DNS解析重试中 de.616049.xyz: [Errno -2] Name or service not known
2026-05-19 07:17:54,182 - DEBUG - DNS解析重试中 de.616049.xyz: [Errno -2] Name or service not known
2026-05-19 07:17:55,202 - DEBUG - DNS解析重试中 de.616049.xyz: [Errno -2] Name or service not known
2026-05-19 07:17:56,203 - WARNING - [de.616049.xyz (FRA)] ├─ 无有效DNS记录，触发紧急更新
2026-05-19 07:30:55,054 - ERROR - CFST更新失败: None
2026-05-19 07:30:55,058 - DEBUG - Starting new HTTPS connection (1): api.telegram.org:443
2026-05-19 07:30:55,381 - DEBUG - https://api.telegram.org:443 "POST /bot/sendMessage HTTP/1.1" 404 55
