2026-06-13 07:09:08,668 - INFO - 启动维护任务 | 协议类型: IPV4
2026-06-13 07:09:08,668 - INFO - --------------------------------------------------
2026-06-13 07:09:08,668 - INFO - [hk.616049.xyz (HKG)] 开始处理节点维护
2026-06-13 07:09:08,748 - DEBUG - DNS解析重试中 hk.616049.xyz: [Errno -2] Name or service not known
2026-06-13 07:09:09,777 - DEBUG - DNS解析重试中 hk.616049.xyz: [Errno -2] Name or service not known
2026-06-13 07:09:10,797 - DEBUG - DNS解析重试中 hk.616049.xyz: [Errno -2] Name or service not known
2026-06-13 07:09:11,798 - WARNING - [hk.616049.xyz (HKG)] ├─ 无有效DNS记录，触发紧急更新
2026-06-13 07:21:54,175 - ERROR - CFST更新失败: None
2026-06-13 07:21:54,175 - INFO - --------------------------------------------------
2026-06-13 07:21:54,175 - INFO - [us.616049.xyz (LAX)] 开始处理节点维护
2026-06-13 07:21:54,189 - DEBUG - DNS解析重试中 us.616049.xyz: [Errno -2] Name or service not known
2026-06-13 07:21:55,210 - DEBUG - DNS解析重试中 us.616049.xyz: [Errno -2] Name or service not known
2026-06-13 07:21:56,232 - DEBUG - DNS解析重试中 us.616049.xyz: [Errno -2] Name or service not known
2026-06-13 07:21:57,233 - WARNING - [us.616049.xyz (LAX)] ├─ 无有效DNS记录，触发紧急更新
2026-06-13 07:34:39,235 - ERROR - CFST更新失败: None
2026-06-13 07:34:39,235 - INFO - --------------------------------------------------
2026-06-13 07:34:39,235 - INFO - [de.616049.xyz (FRA)] 开始处理节点维护
2026-06-13 07:34:39,256 - DEBUG - DNS解析重试中 de.616049.xyz: [Errno -2] Name or service not known
2026-06-13 07:34:40,279 - DEBUG - DNS解析重试中 de.616049.xyz: [Errno -2] Name or service not known
2026-06-13 07:34:41,314 - DEBUG - DNS解析重试中 de.616049.xyz: [Errno -2] Name or service not known
2026-06-13 07:34:42,316 - WARNING - [de.616049.xyz (FRA)] ├─ 无有效DNS记录，触发紧急更新
2026-06-13 07:47:28,383 - ERROR - CFST更新失败: None
2026-06-13 07:47:28,387 - DEBUG - Starting new HTTPS connection (1): api.telegram.org:443
2026-06-13 07:47:28,683 - DEBUG - https://api.telegram.org:443 "POST /bot/sendMessage HTTP/1.1" 404 55
