2026-03-06 01:55:59,105 - INFO - 启动维护任务 | 协议类型: IPV4
2026-03-06 01:55:59,105 - INFO - --------------------------------------------------
2026-03-06 01:55:59,105 - INFO - [hk.616049.xyz (HKG)] 开始处理节点维护
2026-03-06 01:55:59,138 - DEBUG - DNS解析重试中 hk.616049.xyz: [Errno -2] Name or service not known
2026-03-06 01:56:00,172 - DEBUG - DNS解析重试中 hk.616049.xyz: [Errno -2] Name or service not known
2026-03-06 01:56:01,178 - DEBUG - DNS解析重试中 hk.616049.xyz: [Errno -2] Name or service not known
2026-03-06 01:56:02,179 - WARNING - [hk.616049.xyz (HKG)] ├─ 无有效DNS记录，触发紧急更新
2026-03-06 02:08:59,921 - ERROR - CFST更新失败: None
2026-03-06 02:08:59,921 - INFO - --------------------------------------------------
2026-03-06 02:08:59,921 - INFO - [us.616049.xyz (LAX)] 开始处理节点维护
2026-03-06 02:08:59,955 - DEBUG - DNS解析重试中 us.616049.xyz: [Errno -2] Name or service not known
2026-03-06 02:09:00,996 - DEBUG - DNS解析重试中 us.616049.xyz: [Errno -2] Name or service not known
2026-03-06 02:09:02,026 - DEBUG - DNS解析重试中 us.616049.xyz: [Errno -2] Name or service not known
2026-03-06 02:09:03,028 - WARNING - [us.616049.xyz (LAX)] ├─ 无有效DNS记录，触发紧急更新
2026-03-06 02:22:00,156 - ERROR - CFST更新失败: None
2026-03-06 02:22:00,157 - INFO - --------------------------------------------------
2026-03-06 02:22:00,157 - INFO - [de.616049.xyz (FRA)] 开始处理节点维护
2026-03-06 02:22:00,187 - DEBUG - DNS解析重试中 de.616049.xyz: [Errno -2] Name or service not known
2026-03-06 02:22:01,231 - DEBUG - DNS解析重试中 de.616049.xyz: [Errno -2] Name or service not known
2026-03-06 02:22:02,272 - DEBUG - DNS解析重试中 de.616049.xyz: [Errno -2] Name or service not known
2026-03-06 02:22:03,273 - WARNING - [de.616049.xyz (FRA)] ├─ 无有效DNS记录，触发紧急更新
2026-03-06 02:35:00,468 - ERROR - CFST更新失败: None
2026-03-06 02:35:00,472 - DEBUG - Starting new HTTPS connection (1): api.telegram.org:443
2026-03-06 02:35:00,884 - DEBUG - https://api.telegram.org:443 "POST /bot/sendMessage HTTP/1.1" 404 55
