2026-05-16 10:09:50,321 - INFO - 启动维护任务 | 协议类型: IPV4
2026-05-16 10:09:50,321 - INFO - --------------------------------------------------
2026-05-16 10:09:50,322 - INFO - [hk.616049.xyz (HKG)] 开始处理节点维护
2026-05-16 10:09:50,349 - DEBUG - DNS解析重试中 hk.616049.xyz: [Errno -2] Name or service not known
2026-05-16 10:09:51,374 - DEBUG - DNS解析重试中 hk.616049.xyz: [Errno -2] Name or service not known
2026-05-16 10:09:52,393 - DEBUG - DNS解析重试中 hk.616049.xyz: [Errno -2] Name or service not known
2026-05-16 10:09:53,394 - WARNING - [hk.616049.xyz (HKG)] ├─ 无有效DNS记录，触发紧急更新
2026-05-16 10:22:50,572 - ERROR - CFST更新失败: None
2026-05-16 10:22:50,572 - INFO - --------------------------------------------------
2026-05-16 10:22:50,572 - INFO - [us.616049.xyz (LAX)] 开始处理节点维护
2026-05-16 10:22:50,599 - DEBUG - DNS解析重试中 us.616049.xyz: [Errno -2] Name or service not known
2026-05-16 10:22:51,617 - DEBUG - DNS解析重试中 us.616049.xyz: [Errno -2] Name or service not known
2026-05-16 10:22:52,633 - DEBUG - DNS解析重试中 us.616049.xyz: [Errno -2] Name or service not known
2026-05-16 10:22:53,634 - WARNING - [us.616049.xyz (LAX)] ├─ 无有效DNS记录，触发紧急更新
2026-05-16 10:35:50,665 - ERROR - CFST更新失败: None
2026-05-16 10:35:50,665 - INFO - --------------------------------------------------
2026-05-16 10:35:50,665 - INFO - [de.616049.xyz (FRA)] 开始处理节点维护
2026-05-16 10:35:50,673 - DEBUG - DNS解析重试中 de.616049.xyz: [Errno -2] Name or service not known
2026-05-16 10:35:51,684 - DEBUG - DNS解析重试中 de.616049.xyz: [Errno -2] Name or service not known
2026-05-16 10:35:52,695 - DEBUG - DNS解析重试中 de.616049.xyz: [Errno -2] Name or service not known
2026-05-16 10:35:53,696 - WARNING - [de.616049.xyz (FRA)] ├─ 无有效DNS记录，触发紧急更新
2026-05-16 10:48:50,617 - ERROR - CFST更新失败: None
2026-05-16 10:48:50,621 - DEBUG - Starting new HTTPS connection (1): api.telegram.org:443
2026-05-16 10:48:50,897 - DEBUG - https://api.telegram.org:443 "POST /bot/sendMessage HTTP/1.1" 404 55
