2026-04-22 00:51:09,177 - INFO - 启动维护任务 | 协议类型: IPV4
2026-04-22 00:51:09,177 - INFO - --------------------------------------------------
2026-04-22 00:51:09,177 - INFO - [hk.616049.xyz (HKG)] 开始处理节点维护
2026-04-22 00:51:09,200 - DEBUG - DNS解析重试中 hk.616049.xyz: [Errno -2] Name or service not known
2026-04-22 00:51:10,210 - DEBUG - DNS解析重试中 hk.616049.xyz: [Errno -2] Name or service not known
2026-04-22 00:51:11,239 - DEBUG - DNS解析重试中 hk.616049.xyz: [Errno -2] Name or service not known
2026-04-22 00:51:12,240 - WARNING - [hk.616049.xyz (HKG)] ├─ 无有效DNS记录，触发紧急更新
2026-04-22 01:04:06,330 - ERROR - CFST更新失败: None
2026-04-22 01:04:06,330 - INFO - --------------------------------------------------
2026-04-22 01:04:06,330 - INFO - [us.616049.xyz (LAX)] 开始处理节点维护
2026-04-22 01:04:06,339 - DEBUG - DNS解析重试中 us.616049.xyz: [Errno -2] Name or service not known
2026-04-22 01:04:07,351 - DEBUG - DNS解析重试中 us.616049.xyz: [Errno -2] Name or service not known
2026-04-22 01:04:08,363 - DEBUG - DNS解析重试中 us.616049.xyz: [Errno -2] Name or service not known
2026-04-22 01:04:09,365 - WARNING - [us.616049.xyz (LAX)] ├─ 无有效DNS记录，触发紧急更新
2026-04-22 01:17:02,323 - ERROR - CFST更新失败: None
2026-04-22 01:17:02,323 - INFO - --------------------------------------------------
2026-04-22 01:17:02,323 - INFO - [de.616049.xyz (FRA)] 开始处理节点维护
2026-04-22 01:17:02,332 - DEBUG - DNS解析重试中 de.616049.xyz: [Errno -2] Name or service not known
2026-04-22 01:17:03,342 - DEBUG - DNS解析重试中 de.616049.xyz: [Errno -2] Name or service not known
2026-04-22 01:17:04,355 - DEBUG - DNS解析重试中 de.616049.xyz: [Errno -2] Name or service not known
2026-04-22 01:17:05,356 - WARNING - [de.616049.xyz (FRA)] ├─ 无有效DNS记录，触发紧急更新
2026-04-22 01:29:57,603 - ERROR - CFST更新失败: None
2026-04-22 01:29:57,606 - DEBUG - Starting new HTTPS connection (1): api.telegram.org:443
2026-04-22 01:29:57,885 - DEBUG - https://api.telegram.org:443 "POST /bot/sendMessage HTTP/1.1" 404 55
