2026-03-16 09:30:05,434 - INFO - 启动维护任务 | 协议类型: IPV4
2026-03-16 09:30:05,434 - INFO - --------------------------------------------------
2026-03-16 09:30:05,434 - INFO - [hk.616049.xyz (HKG)] 开始处理节点维护
2026-03-16 09:30:05,465 - DEBUG - DNS解析重试中 hk.616049.xyz: [Errno -2] Name or service not known
2026-03-16 09:30:06,476 - DEBUG - DNS解析重试中 hk.616049.xyz: [Errno -2] Name or service not known
2026-03-16 09:30:07,488 - DEBUG - DNS解析重试中 hk.616049.xyz: [Errno -2] Name or service not known
2026-03-16 09:30:08,489 - WARNING - [hk.616049.xyz (HKG)] ├─ 无有效DNS记录，触发紧急更新
2026-03-16 09:43:04,021 - ERROR - CFST更新失败: None
2026-03-16 09:43:04,021 - INFO - --------------------------------------------------
2026-03-16 09:43:04,021 - INFO - [us.616049.xyz (LAX)] 开始处理节点维护
2026-03-16 09:43:04,032 - DEBUG - DNS解析重试中 us.616049.xyz: [Errno -2] Name or service not known
2026-03-16 09:43:05,043 - DEBUG - DNS解析重试中 us.616049.xyz: [Errno -2] Name or service not known
2026-03-16 09:43:06,063 - DEBUG - DNS解析重试中 us.616049.xyz: [Errno -2] Name or service not known
2026-03-16 09:43:07,064 - WARNING - [us.616049.xyz (LAX)] ├─ 无有效DNS记录，触发紧急更新
2026-03-16 09:56:02,475 - ERROR - CFST更新失败: None
2026-03-16 09:56:02,476 - INFO - --------------------------------------------------
2026-03-16 09:56:02,476 - INFO - [de.616049.xyz (FRA)] 开始处理节点维护
2026-03-16 09:56:02,492 - DEBUG - DNS解析重试中 de.616049.xyz: [Errno -2] Name or service not known
2026-03-16 09:56:03,507 - DEBUG - DNS解析重试中 de.616049.xyz: [Errno -2] Name or service not known
2026-03-16 09:56:04,520 - DEBUG - DNS解析重试中 de.616049.xyz: [Errno -2] Name or service not known
2026-03-16 09:56:05,522 - WARNING - [de.616049.xyz (FRA)] ├─ 无有效DNS记录，触发紧急更新
2026-03-16 10:09:00,933 - ERROR - CFST更新失败: None
2026-03-16 10:09:00,937 - DEBUG - Starting new HTTPS connection (1): api.telegram.org:443
2026-03-16 10:09:01,233 - DEBUG - https://api.telegram.org:443 "POST /bot/sendMessage HTTP/1.1" 404 55
