2026-02-15 06:15:38,826 - INFO - 启动维护任务 | 协议类型: IPV4
2026-02-15 06:15:38,826 - INFO - --------------------------------------------------
2026-02-15 06:15:38,826 - INFO - [hk.616049.xyz (HKG)] 开始处理节点维护
2026-02-15 06:15:38,840 - DEBUG - DNS解析重试中 hk.616049.xyz: [Errno -2] Name or service not known
2026-02-15 06:15:39,857 - DEBUG - DNS解析重试中 hk.616049.xyz: [Errno -2] Name or service not known
2026-02-15 06:15:40,872 - DEBUG - DNS解析重试中 hk.616049.xyz: [Errno -2] Name or service not known
2026-02-15 06:15:41,873 - WARNING - [hk.616049.xyz (HKG)] ├─ 无有效DNS记录，触发紧急更新
2026-02-15 06:28:35,698 - ERROR - CFST更新失败: None
2026-02-15 06:28:35,698 - INFO - --------------------------------------------------
2026-02-15 06:28:35,698 - INFO - [us.616049.xyz (LAX)] 开始处理节点维护
2026-02-15 06:28:35,712 - DEBUG - DNS解析重试中 us.616049.xyz: [Errno -2] Name or service not known
2026-02-15 06:28:36,731 - DEBUG - DNS解析重试中 us.616049.xyz: [Errno -2] Name or service not known
2026-02-15 06:28:37,762 - DEBUG - DNS解析重试中 us.616049.xyz: [Errno -2] Name or service not known
2026-02-15 06:28:38,763 - WARNING - [us.616049.xyz (LAX)] ├─ 无有效DNS记录，触发紧急更新
2026-02-15 06:41:32,034 - ERROR - CFST更新失败: None
2026-02-15 06:41:32,034 - INFO - --------------------------------------------------
2026-02-15 06:41:32,034 - INFO - [de.616049.xyz (FRA)] 开始处理节点维护
2026-02-15 06:41:32,048 - DEBUG - DNS解析重试中 de.616049.xyz: [Errno -2] Name or service not known
2026-02-15 06:41:33,063 - DEBUG - DNS解析重试中 de.616049.xyz: [Errno -2] Name or service not known
2026-02-15 06:41:34,078 - DEBUG - DNS解析重试中 de.616049.xyz: [Errno -2] Name or service not known
2026-02-15 06:41:35,079 - WARNING - [de.616049.xyz (FRA)] ├─ 无有效DNS记录，触发紧急更新
2026-02-15 06:54:28,840 - ERROR - CFST更新失败: None
2026-02-15 06:54:28,843 - DEBUG - Starting new HTTPS connection (1): api.telegram.org:443
2026-02-15 06:54:29,321 - DEBUG - https://api.telegram.org:443 "POST /bot/sendMessage HTTP/1.1" 404 55
