2026-04-27 18:07:55,758 - INFO - 启动维护任务 | 协议类型: IPV4
2026-04-27 18:07:55,759 - INFO - --------------------------------------------------
2026-04-27 18:07:55,759 - INFO - [hk.616049.xyz (HKG)] 开始处理节点维护
2026-04-27 18:07:55,789 - DEBUG - DNS解析重试中 hk.616049.xyz: [Errno -2] Name or service not known
2026-04-27 18:07:56,821 - DEBUG - DNS解析重试中 hk.616049.xyz: [Errno -2] Name or service not known
2026-04-27 18:07:57,833 - DEBUG - DNS解析重试中 hk.616049.xyz: [Errno -2] Name or service not known
2026-04-27 18:07:58,834 - WARNING - [hk.616049.xyz (HKG)] ├─ 无有效DNS记录，触发紧急更新
2026-04-27 18:21:06,568 - ERROR - CFST更新失败: None
2026-04-27 18:21:06,568 - INFO - --------------------------------------------------
2026-04-27 18:21:06,568 - INFO - [us.616049.xyz (LAX)] 开始处理节点维护
2026-04-27 18:21:06,599 - DEBUG - DNS解析重试中 us.616049.xyz: [Errno -2] Name or service not known
2026-04-27 18:21:07,634 - DEBUG - DNS解析重试中 us.616049.xyz: [Errno -2] Name or service not known
2026-04-27 18:21:08,666 - DEBUG - DNS解析重试中 us.616049.xyz: [Errno -2] Name or service not known
2026-04-27 18:21:09,668 - WARNING - [us.616049.xyz (LAX)] ├─ 无有效DNS记录，触发紧急更新
2026-04-27 18:34:15,845 - ERROR - CFST更新失败: None
2026-04-27 18:34:15,845 - INFO - --------------------------------------------------
2026-04-27 18:34:15,845 - INFO - [de.616049.xyz (FRA)] 开始处理节点维护
2026-04-27 18:34:15,885 - DEBUG - DNS解析重试中 de.616049.xyz: [Errno -2] Name or service not known
2026-04-27 18:34:16,919 - DEBUG - DNS解析重试中 de.616049.xyz: [Errno -2] Name or service not known
2026-04-27 18:34:17,952 - DEBUG - DNS解析重试中 de.616049.xyz: [Errno -2] Name or service not known
2026-04-27 18:34:18,953 - WARNING - [de.616049.xyz (FRA)] ├─ 无有效DNS记录，触发紧急更新
2026-04-27 18:47:25,041 - ERROR - CFST更新失败: None
2026-04-27 18:47:25,044 - DEBUG - Starting new HTTPS connection (1): api.telegram.org:443
2026-04-27 18:47:25,487 - DEBUG - https://api.telegram.org:443 "POST /bot/sendMessage HTTP/1.1" 404 55
