2026-03-12 20:39:58,147 - INFO - 启动维护任务 | 协议类型: IPV4
2026-03-12 20:39:58,147 - INFO - --------------------------------------------------
2026-03-12 20:39:58,147 - INFO - [hk.616049.xyz (HKG)] 开始处理节点维护
2026-03-12 20:39:58,160 - DEBUG - DNS解析重试中 hk.616049.xyz: [Errno -2] Name or service not known
2026-03-12 20:39:59,169 - DEBUG - DNS解析重试中 hk.616049.xyz: [Errno -2] Name or service not known
2026-03-12 20:40:00,177 - DEBUG - DNS解析重试中 hk.616049.xyz: [Errno -2] Name or service not known
2026-03-12 20:40:01,178 - WARNING - [hk.616049.xyz (HKG)] ├─ 无有效DNS记录，触发紧急更新
2026-03-12 20:52:54,080 - ERROR - CFST更新失败: None
2026-03-12 20:52:54,080 - INFO - --------------------------------------------------
2026-03-12 20:52:54,080 - INFO - [us.616049.xyz (LAX)] 开始处理节点维护
2026-03-12 20:52:54,087 - DEBUG - DNS解析重试中 us.616049.xyz: [Errno -2] Name or service not known
2026-03-12 20:52:55,096 - DEBUG - DNS解析重试中 us.616049.xyz: [Errno -2] Name or service not known
2026-03-12 20:52:56,104 - DEBUG - DNS解析重试中 us.616049.xyz: [Errno -2] Name or service not known
2026-03-12 20:52:57,105 - WARNING - [us.616049.xyz (LAX)] ├─ 无有效DNS记录，触发紧急更新
2026-03-12 21:05:49,522 - ERROR - CFST更新失败: None
2026-03-12 21:05:49,523 - INFO - --------------------------------------------------
2026-03-12 21:05:49,523 - INFO - [de.616049.xyz (FRA)] 开始处理节点维护
2026-03-12 21:05:49,551 - DEBUG - DNS解析重试中 de.616049.xyz: [Errno -2] Name or service not known
2026-03-12 21:05:50,559 - DEBUG - DNS解析重试中 de.616049.xyz: [Errno -2] Name or service not known
2026-03-12 21:05:51,573 - DEBUG - DNS解析重试中 de.616049.xyz: [Errno -2] Name or service not known
2026-03-12 21:05:52,575 - WARNING - [de.616049.xyz (FRA)] ├─ 无有效DNS记录，触发紧急更新
2026-03-12 21:18:46,936 - ERROR - CFST更新失败: None
2026-03-12 21:18:46,940 - DEBUG - Starting new HTTPS connection (1): api.telegram.org:443
2026-03-12 21:18:47,422 - DEBUG - https://api.telegram.org:443 "POST /bot/sendMessage HTTP/1.1" 404 55
