2026-02-06 14:43:14,551 - INFO - 启动维护任务 | 协议类型: IPV4
2026-02-06 14:43:14,551 - INFO - --------------------------------------------------
2026-02-06 14:43:14,551 - INFO - [hk.616049.xyz (HKG)] 开始处理节点维护
2026-02-06 14:43:14,611 - DEBUG - DNS解析重试中 hk.616049.xyz: [Errno -2] Name or service not known
2026-02-06 14:43:15,640 - DEBUG - DNS解析重试中 hk.616049.xyz: [Errno -2] Name or service not known
2026-02-06 14:43:16,669 - DEBUG - DNS解析重试中 hk.616049.xyz: [Errno -2] Name or service not known
2026-02-06 14:43:17,670 - WARNING - [hk.616049.xyz (HKG)] ├─ 无有效DNS记录，触发紧急更新
2026-02-06 14:56:16,107 - ERROR - CFST更新失败: None
2026-02-06 14:56:16,107 - INFO - --------------------------------------------------
2026-02-06 14:56:16,107 - INFO - [us.616049.xyz (LAX)] 开始处理节点维护
2026-02-06 14:56:16,138 - DEBUG - DNS解析重试中 us.616049.xyz: [Errno -2] Name or service not known
2026-02-06 14:56:17,169 - DEBUG - DNS解析重试中 us.616049.xyz: [Errno -2] Name or service not known
2026-02-06 14:56:18,175 - DEBUG - DNS解析重试中 us.616049.xyz: [Errno -2] Name or service not known
2026-02-06 14:56:19,176 - WARNING - [us.616049.xyz (LAX)] ├─ 无有效DNS记录，触发紧急更新
2026-02-06 15:09:17,405 - ERROR - CFST更新失败: None
2026-02-06 15:09:17,406 - INFO - --------------------------------------------------
2026-02-06 15:09:17,406 - INFO - [de.616049.xyz (FRA)] 开始处理节点维护
2026-02-06 15:09:17,436 - DEBUG - DNS解析重试中 de.616049.xyz: [Errno -2] Name or service not known
2026-02-06 15:09:18,441 - DEBUG - DNS解析重试中 de.616049.xyz: [Errno -2] Name or service not known
2026-02-06 15:09:19,448 - DEBUG - DNS解析重试中 de.616049.xyz: [Errno -2] Name or service not known
2026-02-06 15:09:20,449 - WARNING - [de.616049.xyz (FRA)] ├─ 无有效DNS记录，触发紧急更新
2026-02-06 15:22:18,730 - ERROR - CFST更新失败: None
2026-02-06 15:22:18,733 - DEBUG - Starting new HTTPS connection (1): api.telegram.org:443
2026-02-06 15:22:19,169 - DEBUG - https://api.telegram.org:443 "POST /bot/sendMessage HTTP/1.1" 404 55
