2026-07-17 04:47:54,666 - INFO - 启动维护任务 | 协议类型: IPV4
2026-07-17 04:47:54,666 - INFO - --------------------------------------------------
2026-07-17 04:47:54,666 - INFO - [hk.616049.xyz (HKG)] 开始处理节点维护
2026-07-17 04:47:54,716 - DEBUG - DNS解析重试中 hk.616049.xyz: [Errno -5] No address associated with hostname
2026-07-17 04:47:55,758 - DEBUG - DNS解析重试中 hk.616049.xyz: [Errno -5] No address associated with hostname
2026-07-17 04:47:56,799 - DEBUG - DNS解析重试中 hk.616049.xyz: [Errno -5] No address associated with hostname
2026-07-17 04:47:57,801 - WARNING - [hk.616049.xyz (HKG)] ├─ 无有效DNS记录，触发紧急更新
2026-07-17 05:00:33,846 - ERROR - CFST更新失败: None
2026-07-17 05:00:33,846 - INFO - --------------------------------------------------
2026-07-17 05:00:33,846 - INFO - [us.616049.xyz (LAX)] 开始处理节点维护
2026-07-17 05:00:33,914 - DEBUG - DNS解析重试中 us.616049.xyz: [Errno -5] No address associated with hostname
2026-07-17 05:00:34,957 - DEBUG - DNS解析重试中 us.616049.xyz: [Errno -5] No address associated with hostname
2026-07-17 05:00:36,007 - DEBUG - DNS解析重试中 us.616049.xyz: [Errno -5] No address associated with hostname
2026-07-17 05:00:37,008 - WARNING - [us.616049.xyz (LAX)] ├─ 无有效DNS记录，触发紧急更新
2026-07-17 05:13:17,719 - ERROR - CFST更新失败: None
2026-07-17 05:13:17,719 - INFO - --------------------------------------------------
2026-07-17 05:13:17,719 - INFO - [de.616049.xyz (FRA)] 开始处理节点维护
2026-07-17 05:13:17,935 - DEBUG - DNS解析重试中 de.616049.xyz: [Errno -5] No address associated with hostname
2026-07-17 05:13:18,981 - DEBUG - DNS解析重试中 de.616049.xyz: [Errno -5] No address associated with hostname
2026-07-17 05:13:20,025 - DEBUG - DNS解析重试中 de.616049.xyz: [Errno -5] No address associated with hostname
2026-07-17 05:13:21,026 - WARNING - [de.616049.xyz (FRA)] ├─ 无有效DNS记录，触发紧急更新
2026-07-17 05:25:56,306 - ERROR - CFST更新失败: None
2026-07-17 05:25:56,309 - DEBUG - Starting new HTTPS connection (1): api.telegram.org:443
2026-07-17 05:25:56,669 - DEBUG - https://api.telegram.org:443 "POST /bot/sendMessage HTTP/1.1" 404 55
