2026-01-31 00:29:29,972 - INFO - 启动维护任务 | 协议类型: IPV4
2026-01-31 00:29:29,972 - INFO - --------------------------------------------------
2026-01-31 00:29:29,972 - INFO - [hk.616049.xyz (HKG)] 开始处理节点维护
2026-01-31 00:29:30,004 - DEBUG - DNS解析重试中 hk.616049.xyz: [Errno -2] Name or service not known
2026-01-31 00:29:31,036 - DEBUG - DNS解析重试中 hk.616049.xyz: [Errno -2] Name or service not known
2026-01-31 00:29:32,060 - DEBUG - DNS解析重试中 hk.616049.xyz: [Errno -2] Name or service not known
2026-01-31 00:29:33,061 - WARNING - [hk.616049.xyz (HKG)] ├─ 无有效DNS记录，触发紧急更新
2026-01-31 00:42:30,726 - ERROR - CFST更新失败: None
2026-01-31 00:42:30,727 - INFO - --------------------------------------------------
2026-01-31 00:42:30,727 - INFO - [us.616049.xyz (LAX)] 开始处理节点维护
2026-01-31 00:42:30,749 - DEBUG - DNS解析重试中 us.616049.xyz: [Errno -2] Name or service not known
2026-01-31 00:42:31,789 - DEBUG - DNS解析重试中 us.616049.xyz: [Errno -2] Name or service not known
2026-01-31 00:42:32,821 - DEBUG - DNS解析重试中 us.616049.xyz: [Errno -2] Name or service not known
2026-01-31 00:42:33,822 - WARNING - [us.616049.xyz (LAX)] ├─ 无有效DNS记录，触发紧急更新
2026-01-31 00:55:30,606 - ERROR - CFST更新失败: None
2026-01-31 00:55:30,607 - INFO - --------------------------------------------------
2026-01-31 00:55:30,607 - INFO - [de.616049.xyz (FRA)] 开始处理节点维护
2026-01-31 00:55:30,629 - DEBUG - DNS解析重试中 de.616049.xyz: [Errno -2] Name or service not known
2026-01-31 00:55:31,653 - DEBUG - DNS解析重试中 de.616049.xyz: [Errno -2] Name or service not known
2026-01-31 00:55:32,660 - DEBUG - DNS解析重试中 de.616049.xyz: [Errno -2] Name or service not known
2026-01-31 00:55:33,661 - WARNING - [de.616049.xyz (FRA)] ├─ 无有效DNS记录，触发紧急更新
2026-01-31 01:08:29,663 - ERROR - CFST更新失败: None
2026-01-31 01:08:29,666 - DEBUG - Starting new HTTPS connection (1): api.telegram.org:443
2026-01-31 01:08:29,992 - DEBUG - https://api.telegram.org:443 "POST /bot/sendMessage HTTP/1.1" 404 55
