2026-02-24 00:46:00,063 - INFO - 启动维护任务 | 协议类型: IPV4
2026-02-24 00:46:00,063 - INFO - --------------------------------------------------
2026-02-24 00:46:00,063 - INFO - [hk.616049.xyz (HKG)] 开始处理节点维护
2026-02-24 00:46:00,091 - DEBUG - DNS解析重试中 hk.616049.xyz: [Errno -2] Name or service not known
2026-02-24 00:46:01,115 - DEBUG - DNS解析重试中 hk.616049.xyz: [Errno -2] Name or service not known
2026-02-24 00:46:02,142 - DEBUG - DNS解析重试中 hk.616049.xyz: [Errno -2] Name or service not known
2026-02-24 00:46:03,144 - WARNING - [hk.616049.xyz (HKG)] ├─ 无有效DNS记录，触发紧急更新
2026-02-24 00:59:31,735 - ERROR - CFST更新失败: None
2026-02-24 00:59:31,735 - INFO - --------------------------------------------------
2026-02-24 00:59:31,735 - INFO - [us.616049.xyz (LAX)] 开始处理节点维护
2026-02-24 00:59:31,750 - DEBUG - DNS解析重试中 us.616049.xyz: [Errno -2] Name or service not known
2026-02-24 00:59:32,775 - DEBUG - DNS解析重试中 us.616049.xyz: [Errno -2] Name or service not known
2026-02-24 00:59:33,828 - DEBUG - DNS解析重试中 us.616049.xyz: [Errno -2] Name or service not known
2026-02-24 00:59:34,829 - WARNING - [us.616049.xyz (LAX)] ├─ 无有效DNS记录，触发紧急更新
2026-02-24 01:12:53,542 - ERROR - CFST更新失败: None
2026-02-24 01:12:53,542 - INFO - --------------------------------------------------
2026-02-24 01:12:53,542 - INFO - [de.616049.xyz (FRA)] 开始处理节点维护
2026-02-24 01:12:53,850 - DEBUG - DNS解析重试中 de.616049.xyz: [Errno -2] Name or service not known
2026-02-24 01:12:54,866 - DEBUG - DNS解析重试中 de.616049.xyz: [Errno -2] Name or service not known
2026-02-24 01:12:55,897 - DEBUG - DNS解析重试中 de.616049.xyz: [Errno -2] Name or service not known
2026-02-24 01:12:56,899 - WARNING - [de.616049.xyz (FRA)] ├─ 无有效DNS记录，触发紧急更新
2026-02-24 01:26:08,487 - ERROR - CFST更新失败: None
2026-02-24 01:26:08,490 - DEBUG - Starting new HTTPS connection (1): api.telegram.org:443
2026-02-24 01:26:08,954 - DEBUG - https://api.telegram.org:443 "POST /bot/sendMessage HTTP/1.1" 404 55
