2026-03-23 04:18:01,336 - INFO - 启动维护任务 | 协议类型: IPV4
2026-03-23 04:18:01,336 - INFO - --------------------------------------------------
2026-03-23 04:18:01,336 - INFO - [hk.616049.xyz (HKG)] 开始处理节点维护
2026-03-23 04:18:01,362 - DEBUG - DNS解析重试中 hk.616049.xyz: [Errno -2] Name or service not known
2026-03-23 04:18:02,379 - DEBUG - DNS解析重试中 hk.616049.xyz: [Errno -2] Name or service not known
2026-03-23 04:18:03,402 - DEBUG - DNS解析重试中 hk.616049.xyz: [Errno -2] Name or service not known
2026-03-23 04:18:04,404 - WARNING - [hk.616049.xyz (HKG)] ├─ 无有效DNS记录，触发紧急更新
2026-03-23 04:31:13,906 - ERROR - CFST更新失败: None
2026-03-23 04:31:13,906 - INFO - --------------------------------------------------
2026-03-23 04:31:13,906 - INFO - [us.616049.xyz (LAX)] 开始处理节点维护
2026-03-23 04:31:13,932 - DEBUG - DNS解析重试中 us.616049.xyz: [Errno -2] Name or service not known
2026-03-23 04:31:14,970 - DEBUG - DNS解析重试中 us.616049.xyz: [Errno -2] Name or service not known
2026-03-23 04:31:16,005 - DEBUG - DNS解析重试中 us.616049.xyz: [Errno -2] Name or service not known
2026-03-23 04:31:17,006 - WARNING - [us.616049.xyz (LAX)] ├─ 无有效DNS记录，触发紧急更新
2026-03-23 04:44:25,648 - ERROR - CFST更新失败: None
2026-03-23 04:44:25,648 - INFO - --------------------------------------------------
2026-03-23 04:44:25,648 - INFO - [de.616049.xyz (FRA)] 开始处理节点维护
2026-03-23 04:44:25,662 - DEBUG - DNS解析重试中 de.616049.xyz: [Errno -2] Name or service not known
2026-03-23 04:44:26,686 - DEBUG - DNS解析重试中 de.616049.xyz: [Errno -2] Name or service not known
2026-03-23 04:44:27,719 - DEBUG - DNS解析重试中 de.616049.xyz: [Errno -2] Name or service not known
2026-03-23 04:44:28,720 - WARNING - [de.616049.xyz (FRA)] ├─ 无有效DNS记录，触发紧急更新
2026-03-23 04:57:36,701 - ERROR - CFST更新失败: None
2026-03-23 04:57:36,704 - DEBUG - Starting new HTTPS connection (1): api.telegram.org:443
2026-03-23 04:57:37,192 - DEBUG - https://api.telegram.org:443 "POST /bot/sendMessage HTTP/1.1" 404 55
