2026-05-16 17:23:02,736 - INFO - 启动维护任务 | 协议类型: IPV4
2026-05-16 17:23:02,736 - INFO - --------------------------------------------------
2026-05-16 17:23:02,736 - INFO - [hk.616049.xyz (HKG)] 开始处理节点维护
2026-05-16 17:23:02,761 - DEBUG - DNS解析重试中 hk.616049.xyz: [Errno -2] Name or service not known
2026-05-16 17:23:03,787 - DEBUG - DNS解析重试中 hk.616049.xyz: [Errno -2] Name or service not known
2026-05-16 17:23:04,815 - DEBUG - DNS解析重试中 hk.616049.xyz: [Errno -2] Name or service not known
2026-05-16 17:23:05,816 - WARNING - [hk.616049.xyz (HKG)] ├─ 无有效DNS记录，触发紧急更新
2026-05-16 17:35:58,336 - ERROR - CFST更新失败: None
2026-05-16 17:35:58,336 - INFO - --------------------------------------------------
2026-05-16 17:35:58,336 - INFO - [us.616049.xyz (LAX)] 开始处理节点维护
2026-05-16 17:35:58,370 - DEBUG - DNS解析重试中 us.616049.xyz: [Errno -2] Name or service not known
2026-05-16 17:35:59,403 - DEBUG - DNS解析重试中 us.616049.xyz: [Errno -2] Name or service not known
2026-05-16 17:36:00,456 - DEBUG - DNS解析重试中 us.616049.xyz: [Errno -2] Name or service not known
2026-05-16 17:36:01,458 - WARNING - [us.616049.xyz (LAX)] ├─ 无有效DNS记录，触发紧急更新
2026-05-16 17:48:54,301 - ERROR - CFST更新失败: None
2026-05-16 17:48:54,301 - INFO - --------------------------------------------------
2026-05-16 17:48:54,301 - INFO - [de.616049.xyz (FRA)] 开始处理节点维护
2026-05-16 17:48:54,329 - DEBUG - DNS解析重试中 de.616049.xyz: [Errno -2] Name or service not known
2026-05-16 17:48:55,336 - DEBUG - DNS解析重试中 de.616049.xyz: [Errno -2] Name or service not known
2026-05-16 17:48:56,358 - DEBUG - DNS解析重试中 de.616049.xyz: [Errno -2] Name or service not known
2026-05-16 17:48:57,360 - WARNING - [de.616049.xyz (FRA)] ├─ 无有效DNS记录，触发紧急更新
2026-05-16 18:01:50,289 - ERROR - CFST更新失败: None
2026-05-16 18:01:50,293 - DEBUG - Starting new HTTPS connection (1): api.telegram.org:443
2026-05-16 18:01:50,622 - DEBUG - https://api.telegram.org:443 "POST /bot/sendMessage HTTP/1.1" 404 55
