2026-06-12 07:15:33,200 - INFO - 启动维护任务 | 协议类型: IPV4
2026-06-12 07:15:33,200 - INFO - --------------------------------------------------
2026-06-12 07:15:33,200 - INFO - [hk.616049.xyz (HKG)] 开始处理节点维护
2026-06-12 07:15:33,215 - DEBUG - DNS解析重试中 hk.616049.xyz: [Errno -2] Name or service not known
2026-06-12 07:15:34,223 - DEBUG - DNS解析重试中 hk.616049.xyz: [Errno -2] Name or service not known
2026-06-12 07:15:35,231 - DEBUG - DNS解析重试中 hk.616049.xyz: [Errno -2] Name or service not known
2026-06-12 07:15:36,233 - WARNING - [hk.616049.xyz (HKG)] ├─ 无有效DNS记录，触发紧急更新
2026-06-12 07:28:10,884 - ERROR - CFST更新失败: None
2026-06-12 07:28:10,885 - INFO - --------------------------------------------------
2026-06-12 07:28:10,885 - INFO - [us.616049.xyz (LAX)] 开始处理节点维护
2026-06-12 07:28:11,051 - DEBUG - DNS解析重试中 us.616049.xyz: [Errno -2] Name or service not known
2026-06-12 07:28:12,060 - DEBUG - DNS解析重试中 us.616049.xyz: [Errno -2] Name or service not known
2026-06-12 07:28:13,068 - DEBUG - DNS解析重试中 us.616049.xyz: [Errno -2] Name or service not known
2026-06-12 07:28:14,069 - WARNING - [us.616049.xyz (LAX)] ├─ 无有效DNS记录，触发紧急更新
2026-06-12 07:40:48,271 - ERROR - CFST更新失败: None
2026-06-12 07:40:48,271 - INFO - --------------------------------------------------
2026-06-12 07:40:48,271 - INFO - [de.616049.xyz (FRA)] 开始处理节点维护
2026-06-12 07:40:48,279 - DEBUG - DNS解析重试中 de.616049.xyz: [Errno -2] Name or service not known
2026-06-12 07:40:49,288 - DEBUG - DNS解析重试中 de.616049.xyz: [Errno -2] Name or service not known
2026-06-12 07:40:50,297 - DEBUG - DNS解析重试中 de.616049.xyz: [Errno -2] Name or service not known
2026-06-12 07:40:51,298 - WARNING - [de.616049.xyz (FRA)] ├─ 无有效DNS记录，触发紧急更新
2026-06-12 07:53:25,387 - ERROR - CFST更新失败: None
2026-06-12 07:53:25,391 - DEBUG - Starting new HTTPS connection (1): api.telegram.org:443
2026-06-12 07:53:25,872 - DEBUG - https://api.telegram.org:443 "POST /bot/sendMessage HTTP/1.1" 404 55
