2026-05-13 10:27:20,270 - INFO - 启动维护任务 | 协议类型: IPV4
2026-05-13 10:27:20,270 - INFO - --------------------------------------------------
2026-05-13 10:27:20,270 - INFO - [hk.616049.xyz (HKG)] 开始处理节点维护
2026-05-13 10:27:20,277 - DEBUG - DNS解析重试中 hk.616049.xyz: [Errno -2] Name or service not known
2026-05-13 10:27:21,291 - DEBUG - DNS解析重试中 hk.616049.xyz: [Errno -2] Name or service not known
2026-05-13 10:27:22,327 - DEBUG - DNS解析重试中 hk.616049.xyz: [Errno -2] Name or service not known
2026-05-13 10:27:23,329 - WARNING - [hk.616049.xyz (HKG)] ├─ 无有效DNS记录，触发紧急更新
2026-05-13 10:40:16,349 - ERROR - CFST更新失败: None
2026-05-13 10:40:16,349 - INFO - --------------------------------------------------
2026-05-13 10:40:16,349 - INFO - [us.616049.xyz (LAX)] 开始处理节点维护
2026-05-13 10:40:16,356 - DEBUG - DNS解析重试中 us.616049.xyz: [Errno -2] Name or service not known
2026-05-13 10:40:17,373 - DEBUG - DNS解析重试中 us.616049.xyz: [Errno -2] Name or service not known
2026-05-13 10:40:18,380 - DEBUG - DNS解析重试中 us.616049.xyz: [Errno -2] Name or service not known
2026-05-13 10:40:19,381 - WARNING - [us.616049.xyz (LAX)] ├─ 无有效DNS记录，触发紧急更新
2026-05-13 10:53:11,804 - ERROR - CFST更新失败: None
2026-05-13 10:53:11,805 - INFO - --------------------------------------------------
2026-05-13 10:53:11,805 - INFO - [de.616049.xyz (FRA)] 开始处理节点维护
2026-05-13 10:53:11,830 - DEBUG - DNS解析重试中 de.616049.xyz: [Errno -2] Name or service not known
2026-05-13 10:53:12,838 - DEBUG - DNS解析重试中 de.616049.xyz: [Errno -2] Name or service not known
2026-05-13 10:53:13,845 - DEBUG - DNS解析重试中 de.616049.xyz: [Errno -2] Name or service not known
2026-05-13 10:53:14,847 - WARNING - [de.616049.xyz (FRA)] ├─ 无有效DNS记录，触发紧急更新
2026-05-13 11:06:07,380 - ERROR - CFST更新失败: None
2026-05-13 11:06:07,383 - DEBUG - Starting new HTTPS connection (1): api.telegram.org:443
2026-05-13 11:06:07,882 - DEBUG - https://api.telegram.org:443 "POST /bot/sendMessage HTTP/1.1" 404 55
