2026-04-09 23:14:53,111 - INFO - 启动维护任务 | 协议类型: IPV4
2026-04-09 23:14:53,111 - INFO - --------------------------------------------------
2026-04-09 23:14:53,111 - INFO - [hk.616049.xyz (HKG)] 开始处理节点维护
2026-04-09 23:14:53,121 - DEBUG - DNS解析重试中 hk.616049.xyz: [Errno -2] Name or service not known
2026-04-09 23:14:54,141 - DEBUG - DNS解析重试中 hk.616049.xyz: [Errno -2] Name or service not known
2026-04-09 23:14:55,155 - DEBUG - DNS解析重试中 hk.616049.xyz: [Errno -2] Name or service not known
2026-04-09 23:14:56,157 - WARNING - [hk.616049.xyz (HKG)] ├─ 无有效DNS记录，触发紧急更新
2026-04-09 23:27:51,786 - ERROR - CFST更新失败: None
2026-04-09 23:27:51,786 - INFO - --------------------------------------------------
2026-04-09 23:27:51,786 - INFO - [us.616049.xyz (LAX)] 开始处理节点维护
2026-04-09 23:27:51,798 - DEBUG - DNS解析重试中 us.616049.xyz: [Errno -2] Name or service not known
2026-04-09 23:27:52,808 - DEBUG - DNS解析重试中 us.616049.xyz: [Errno -2] Name or service not known
2026-04-09 23:27:53,820 - DEBUG - DNS解析重试中 us.616049.xyz: [Errno -2] Name or service not known
2026-04-09 23:27:54,821 - WARNING - [us.616049.xyz (LAX)] ├─ 无有效DNS记录，触发紧急更新
2026-04-09 23:40:50,886 - ERROR - CFST更新失败: None
2026-04-09 23:40:50,887 - INFO - --------------------------------------------------
2026-04-09 23:40:50,887 - INFO - [de.616049.xyz (FRA)] 开始处理节点维护
2026-04-09 23:40:50,898 - DEBUG - DNS解析重试中 de.616049.xyz: [Errno -2] Name or service not known
2026-04-09 23:40:51,910 - DEBUG - DNS解析重试中 de.616049.xyz: [Errno -2] Name or service not known
2026-04-09 23:40:52,930 - DEBUG - DNS解析重试中 de.616049.xyz: [Errno -2] Name or service not known
2026-04-09 23:40:53,931 - WARNING - [de.616049.xyz (FRA)] ├─ 无有效DNS记录，触发紧急更新
2026-04-09 23:53:49,522 - ERROR - CFST更新失败: None
2026-04-09 23:53:49,525 - DEBUG - Starting new HTTPS connection (1): api.telegram.org:443
2026-04-09 23:53:49,821 - DEBUG - https://api.telegram.org:443 "POST /bot/sendMessage HTTP/1.1" 404 55
