2026-02-25 04:26:22,901 - INFO - 启动维护任务 | 协议类型: IPV4
2026-02-25 04:26:22,902 - INFO - --------------------------------------------------
2026-02-25 04:26:22,902 - INFO - [hk.616049.xyz (HKG)] 开始处理节点维护
2026-02-25 04:26:22,912 - DEBUG - DNS解析重试中 hk.616049.xyz: [Errno -2] Name or service not known
2026-02-25 04:26:23,924 - DEBUG - DNS解析重试中 hk.616049.xyz: [Errno -2] Name or service not known
2026-02-25 04:26:24,941 - DEBUG - DNS解析重试中 hk.616049.xyz: [Errno -2] Name or service not known
2026-02-25 04:26:25,942 - WARNING - [hk.616049.xyz (HKG)] ├─ 无有效DNS记录，触发紧急更新
2026-02-25 04:39:24,485 - ERROR - CFST更新失败: None
2026-02-25 04:39:24,485 - INFO - --------------------------------------------------
2026-02-25 04:39:24,485 - INFO - [us.616049.xyz (LAX)] 开始处理节点维护
2026-02-25 04:39:24,506 - DEBUG - DNS解析重试中 us.616049.xyz: [Errno -2] Name or service not known
2026-02-25 04:39:25,525 - DEBUG - DNS解析重试中 us.616049.xyz: [Errno -2] Name or service not known
2026-02-25 04:39:26,560 - DEBUG - DNS解析重试中 us.616049.xyz: [Errno -2] Name or service not known
2026-02-25 04:39:27,561 - WARNING - [us.616049.xyz (LAX)] ├─ 无有效DNS记录，触发紧急更新
2026-02-25 04:52:25,681 - ERROR - CFST更新失败: None
2026-02-25 04:52:25,681 - INFO - --------------------------------------------------
2026-02-25 04:52:25,681 - INFO - [de.616049.xyz (FRA)] 开始处理节点维护
2026-02-25 04:52:25,691 - DEBUG - DNS解析重试中 de.616049.xyz: [Errno -2] Name or service not known
2026-02-25 04:52:26,703 - DEBUG - DNS解析重试中 de.616049.xyz: [Errno -2] Name or service not known
2026-02-25 04:52:27,714 - DEBUG - DNS解析重试中 de.616049.xyz: [Errno -2] Name or service not known
2026-02-25 04:52:28,715 - WARNING - [de.616049.xyz (FRA)] ├─ 无有效DNS记录，触发紧急更新
2026-02-25 05:05:27,395 - ERROR - CFST更新失败: None
2026-02-25 05:05:27,398 - DEBUG - Starting new HTTPS connection (1): api.telegram.org:443
2026-02-25 05:05:27,697 - DEBUG - https://api.telegram.org:443 "POST /bot/sendMessage HTTP/1.1" 404 55
