2026-07-23 06:54:12,849 - INFO - 启动维护任务 | 协议类型: IPV4
2026-07-23 06:54:12,849 - INFO - --------------------------------------------------
2026-07-23 06:54:12,849 - INFO - [hk.616049.xyz (HKG)] 开始处理节点维护
2026-07-23 06:54:12,862 - DEBUG - DNS解析重试中 hk.616049.xyz: [Errno -5] No address associated with hostname
2026-07-23 06:54:13,877 - DEBUG - DNS解析重试中 hk.616049.xyz: [Errno -5] No address associated with hostname
2026-07-23 06:54:14,900 - DEBUG - DNS解析重试中 hk.616049.xyz: [Errno -5] No address associated with hostname
2026-07-23 06:54:15,901 - WARNING - [hk.616049.xyz (HKG)] ├─ 无有效DNS记录，触发紧急更新
2026-07-23 07:06:45,814 - ERROR - CFST更新失败: None
2026-07-23 07:06:45,814 - INFO - --------------------------------------------------
2026-07-23 07:06:45,814 - INFO - [us.616049.xyz (LAX)] 开始处理节点维护
2026-07-23 07:06:45,828 - DEBUG - DNS解析重试中 us.616049.xyz: [Errno -5] No address associated with hostname
2026-07-23 07:06:46,842 - DEBUG - DNS解析重试中 us.616049.xyz: [Errno -5] No address associated with hostname
2026-07-23 07:06:47,859 - DEBUG - DNS解析重试中 us.616049.xyz: [Errno -5] No address associated with hostname
2026-07-23 07:06:48,860 - WARNING - [us.616049.xyz (LAX)] ├─ 无有效DNS记录，触发紧急更新
2026-07-23 07:19:18,305 - ERROR - CFST更新失败: None
2026-07-23 07:19:18,305 - INFO - --------------------------------------------------
2026-07-23 07:19:18,306 - INFO - [de.616049.xyz (FRA)] 开始处理节点维护
2026-07-23 07:19:18,322 - DEBUG - DNS解析重试中 de.616049.xyz: [Errno -5] No address associated with hostname
2026-07-23 07:19:19,342 - DEBUG - DNS解析重试中 de.616049.xyz: [Errno -5] No address associated with hostname
2026-07-23 07:19:20,370 - DEBUG - DNS解析重试中 de.616049.xyz: [Errno -5] No address associated with hostname
2026-07-23 07:19:21,371 - WARNING - [de.616049.xyz (FRA)] ├─ 无有效DNS记录，触发紧急更新
2026-07-23 07:31:51,292 - ERROR - CFST更新失败: None
2026-07-23 07:31:51,295 - DEBUG - Starting new HTTPS connection (1): api.telegram.org:443
2026-07-23 07:31:51,573 - DEBUG - https://api.telegram.org:443 "POST /bot/sendMessage HTTP/1.1" 404 55
