2026-07-03 10:07:33,858 - INFO - 启动维护任务 | 协议类型: IPV4
2026-07-03 10:07:33,858 - INFO - --------------------------------------------------
2026-07-03 10:07:33,858 - INFO - [hk.616049.xyz (HKG)] 开始处理节点维护
2026-07-03 10:07:33,919 - DEBUG - DNS解析重试中 hk.616049.xyz: [Errno -5] No address associated with hostname
2026-07-03 10:07:34,976 - DEBUG - DNS解析重试中 hk.616049.xyz: [Errno -5] No address associated with hostname
2026-07-03 10:07:36,013 - DEBUG - DNS解析重试中 hk.616049.xyz: [Errno -5] No address associated with hostname
2026-07-03 10:07:37,014 - WARNING - [hk.616049.xyz (HKG)] ├─ 无有效DNS记录，触发紧急更新
2026-07-03 10:19:27,409 - ERROR - CFST更新失败: None
2026-07-03 10:19:27,410 - INFO - --------------------------------------------------
2026-07-03 10:19:27,410 - INFO - [us.616049.xyz (LAX)] 开始处理节点维护
2026-07-03 10:19:27,477 - DEBUG - DNS解析重试中 us.616049.xyz: [Errno -5] No address associated with hostname
2026-07-03 10:19:28,528 - DEBUG - DNS解析重试中 us.616049.xyz: [Errno -5] No address associated with hostname
2026-07-03 10:19:29,574 - DEBUG - DNS解析重试中 us.616049.xyz: [Errno -5] No address associated with hostname
2026-07-03 10:19:30,575 - WARNING - [us.616049.xyz (LAX)] ├─ 无有效DNS记录，触发紧急更新
2026-07-03 10:31:21,562 - ERROR - CFST更新失败: None
2026-07-03 10:31:21,562 - INFO - --------------------------------------------------
2026-07-03 10:31:21,562 - INFO - [de.616049.xyz (FRA)] 开始处理节点维护
2026-07-03 10:31:21,613 - DEBUG - DNS解析重试中 de.616049.xyz: [Errno -5] No address associated with hostname
2026-07-03 10:31:22,653 - DEBUG - DNS解析重试中 de.616049.xyz: [Errno -5] No address associated with hostname
2026-07-03 10:31:23,664 - DEBUG - DNS解析重试中 de.616049.xyz: [Errno -5] No address associated with hostname
2026-07-03 10:31:24,665 - WARNING - [de.616049.xyz (FRA)] ├─ 无有效DNS记录，触发紧急更新
2026-07-03 10:43:16,114 - ERROR - CFST更新失败: None
2026-07-03 10:43:16,116 - DEBUG - Starting new HTTPS connection (1): api.telegram.org:443
2026-07-03 10:43:16,541 - DEBUG - https://api.telegram.org:443 "POST /bot/sendMessage HTTP/1.1" 404 55
