2026-03-04 18:28:24,129 - INFO - 启动维护任务 | 协议类型: IPV4
2026-03-04 18:28:24,129 - INFO - --------------------------------------------------
2026-03-04 18:28:24,130 - INFO - [hk.616049.xyz (HKG)] 开始处理节点维护
2026-03-04 18:28:24,156 - DEBUG - DNS解析重试中 hk.616049.xyz: [Errno -2] Name or service not known
2026-03-04 18:28:25,168 - DEBUG - DNS解析重试中 hk.616049.xyz: [Errno -2] Name or service not known
2026-03-04 18:28:26,192 - DEBUG - DNS解析重试中 hk.616049.xyz: [Errno -2] Name or service not known
2026-03-04 18:28:27,193 - WARNING - [hk.616049.xyz (HKG)] ├─ 无有效DNS记录，触发紧急更新
2026-03-04 18:41:23,287 - ERROR - CFST更新失败: None
2026-03-04 18:41:23,287 - INFO - --------------------------------------------------
2026-03-04 18:41:23,288 - INFO - [us.616049.xyz (LAX)] 开始处理节点维护
2026-03-04 18:41:23,313 - DEBUG - DNS解析重试中 us.616049.xyz: [Errno -2] Name or service not known
2026-03-04 18:41:24,326 - DEBUG - DNS解析重试中 us.616049.xyz: [Errno -2] Name or service not known
2026-03-04 18:41:25,337 - DEBUG - DNS解析重试中 us.616049.xyz: [Errno -2] Name or service not known
2026-03-04 18:41:26,338 - WARNING - [us.616049.xyz (LAX)] ├─ 无有效DNS记录，触发紧急更新
2026-03-04 18:54:22,366 - ERROR - CFST更新失败: None
2026-03-04 18:54:22,366 - INFO - --------------------------------------------------
2026-03-04 18:54:22,366 - INFO - [de.616049.xyz (FRA)] 开始处理节点维护
2026-03-04 18:54:22,376 - DEBUG - DNS解析重试中 de.616049.xyz: [Errno -2] Name or service not known
2026-03-04 18:54:23,394 - DEBUG - DNS解析重试中 de.616049.xyz: [Errno -2] Name or service not known
2026-03-04 18:54:24,401 - DEBUG - DNS解析重试中 de.616049.xyz: [Errno -2] Name or service not known
2026-03-04 18:54:25,402 - WARNING - [de.616049.xyz (FRA)] ├─ 无有效DNS记录，触发紧急更新
2026-03-04 19:07:22,167 - ERROR - CFST更新失败: None
2026-03-04 19:07:22,171 - DEBUG - Starting new HTTPS connection (1): api.telegram.org:443
2026-03-04 19:07:22,470 - DEBUG - https://api.telegram.org:443 "POST /bot/sendMessage HTTP/1.1" 404 55
