2026-01-24 04:17:44,049 - INFO - 启动维护任务 | 协议类型: IPV4
2026-01-24 04:17:44,049 - INFO - --------------------------------------------------
2026-01-24 04:17:44,050 - INFO - [hk.616049.xyz (HKG)] 开始处理节点维护
2026-01-24 04:17:44,061 - DEBUG - DNS解析重试中 hk.616049.xyz: [Errno -2] Name or service not known
2026-01-24 04:17:45,075 - DEBUG - DNS解析重试中 hk.616049.xyz: [Errno -2] Name or service not known
2026-01-24 04:17:46,106 - DEBUG - DNS解析重试中 hk.616049.xyz: [Errno -2] Name or service not known
2026-01-24 04:17:47,107 - WARNING - [hk.616049.xyz (HKG)] ├─ 无有效DNS记录，触发紧急更新
2026-01-24 04:30:45,118 - ERROR - CFST更新失败: None
2026-01-24 04:30:45,118 - INFO - --------------------------------------------------
2026-01-24 04:30:45,118 - INFO - [us.616049.xyz (LAX)] 开始处理节点维护
2026-01-24 04:30:45,139 - DEBUG - DNS解析重试中 us.616049.xyz: [Errno -2] Name or service not known
2026-01-24 04:30:46,174 - DEBUG - DNS解析重试中 us.616049.xyz: [Errno -2] Name or service not known
2026-01-24 04:30:47,190 - DEBUG - DNS解析重试中 us.616049.xyz: [Errno -2] Name or service not known
2026-01-24 04:30:48,191 - WARNING - [us.616049.xyz (LAX)] ├─ 无有效DNS记录，触发紧急更新
2026-01-24 04:43:45,554 - ERROR - CFST更新失败: None
2026-01-24 04:43:45,554 - INFO - --------------------------------------------------
2026-01-24 04:43:45,554 - INFO - [de.616049.xyz (FRA)] 开始处理节点维护
2026-01-24 04:43:45,595 - DEBUG - DNS解析重试中 de.616049.xyz: [Errno -2] Name or service not known
2026-01-24 04:43:46,629 - DEBUG - DNS解析重试中 de.616049.xyz: [Errno -2] Name or service not known
2026-01-24 04:43:47,641 - DEBUG - DNS解析重试中 de.616049.xyz: [Errno -2] Name or service not known
2026-01-24 04:43:48,642 - WARNING - [de.616049.xyz (FRA)] ├─ 无有效DNS记录，触发紧急更新
2026-01-24 04:56:46,220 - ERROR - CFST更新失败: None
2026-01-24 04:56:46,224 - DEBUG - Starting new HTTPS connection (1): api.telegram.org:443
2026-01-24 04:56:46,522 - DEBUG - https://api.telegram.org:443 "POST /bot/sendMessage HTTP/1.1" 404 55
