2026-05-05 21:19:40,581 - INFO - 启动维护任务 | 协议类型: IPV4
2026-05-05 21:19:40,581 - INFO - --------------------------------------------------
2026-05-05 21:19:40,581 - INFO - [hk.616049.xyz (HKG)] 开始处理节点维护
2026-05-05 21:19:40,595 - DEBUG - DNS解析重试中 hk.616049.xyz: [Errno -2] Name or service not known
2026-05-05 21:19:41,616 - DEBUG - DNS解析重试中 hk.616049.xyz: [Errno -2] Name or service not known
2026-05-05 21:19:42,639 - DEBUG - DNS解析重试中 hk.616049.xyz: [Errno -2] Name or service not known
2026-05-05 21:19:43,641 - WARNING - [hk.616049.xyz (HKG)] ├─ 无有效DNS记录，触发紧急更新
2026-05-05 21:32:35,052 - ERROR - CFST更新失败: None
2026-05-05 21:32:35,052 - INFO - --------------------------------------------------
2026-05-05 21:32:35,052 - INFO - [us.616049.xyz (LAX)] 开始处理节点维护
2026-05-05 21:32:35,074 - DEBUG - DNS解析重试中 us.616049.xyz: [Errno -2] Name or service not known
2026-05-05 21:32:36,096 - DEBUG - DNS解析重试中 us.616049.xyz: [Errno -2] Name or service not known
2026-05-05 21:32:37,119 - DEBUG - DNS解析重试中 us.616049.xyz: [Errno -2] Name or service not known
2026-05-05 21:32:38,120 - WARNING - [us.616049.xyz (LAX)] ├─ 无有效DNS记录，触发紧急更新
2026-05-05 21:45:30,064 - ERROR - CFST更新失败: None
2026-05-05 21:45:30,064 - INFO - --------------------------------------------------
2026-05-05 21:45:30,065 - INFO - [de.616049.xyz (FRA)] 开始处理节点维护
2026-05-05 21:45:30,094 - DEBUG - DNS解析重试中 de.616049.xyz: [Errno -2] Name or service not known
2026-05-05 21:45:31,102 - DEBUG - DNS解析重试中 de.616049.xyz: [Errno -2] Name or service not known
2026-05-05 21:45:32,133 - DEBUG - DNS解析重试中 de.616049.xyz: [Errno -2] Name or service not known
2026-05-05 21:45:33,135 - WARNING - [de.616049.xyz (FRA)] ├─ 无有效DNS记录，触发紧急更新
2026-05-05 21:58:25,340 - ERROR - CFST更新失败: None
2026-05-05 21:58:25,344 - DEBUG - Starting new HTTPS connection (1): api.telegram.org:443
2026-05-05 21:58:25,835 - DEBUG - https://api.telegram.org:443 "POST /bot/sendMessage HTTP/1.1" 404 55
