2026-03-08 14:33:26,816 - INFO - 启动维护任务 | 协议类型: IPV4
2026-03-08 14:33:26,816 - INFO - --------------------------------------------------
2026-03-08 14:33:26,816 - INFO - [hk.616049.xyz (HKG)] 开始处理节点维护
2026-03-08 14:33:26,855 - DEBUG - DNS解析重试中 hk.616049.xyz: [Errno -2] Name or service not known
2026-03-08 14:33:27,877 - DEBUG - DNS解析重试中 hk.616049.xyz: [Errno -2] Name or service not known
2026-03-08 14:33:28,911 - DEBUG - DNS解析重试中 hk.616049.xyz: [Errno -2] Name or service not known
2026-03-08 14:33:29,912 - WARNING - [hk.616049.xyz (HKG)] ├─ 无有效DNS记录，触发紧急更新
2026-03-08 14:46:22,509 - ERROR - CFST更新失败: None
2026-03-08 14:46:22,510 - INFO - --------------------------------------------------
2026-03-08 14:46:22,510 - INFO - [us.616049.xyz (LAX)] 开始处理节点维护
2026-03-08 14:46:22,546 - DEBUG - DNS解析重试中 us.616049.xyz: [Errno -2] Name or service not known
2026-03-08 14:46:23,592 - DEBUG - DNS解析重试中 us.616049.xyz: [Errno -2] Name or service not known
2026-03-08 14:46:24,616 - DEBUG - DNS解析重试中 us.616049.xyz: [Errno -2] Name or service not known
2026-03-08 14:46:25,617 - WARNING - [us.616049.xyz (LAX)] ├─ 无有效DNS记录，触发紧急更新
2026-03-08 14:59:18,282 - ERROR - CFST更新失败: None
2026-03-08 14:59:18,283 - INFO - --------------------------------------------------
2026-03-08 14:59:18,283 - INFO - [de.616049.xyz (FRA)] 开始处理节点维护
2026-03-08 14:59:18,308 - DEBUG - DNS解析重试中 de.616049.xyz: [Errno -2] Name or service not known
2026-03-08 14:59:19,333 - DEBUG - DNS解析重试中 de.616049.xyz: [Errno -2] Name or service not known
2026-03-08 14:59:20,379 - DEBUG - DNS解析重试中 de.616049.xyz: [Errno -2] Name or service not known
2026-03-08 14:59:21,380 - WARNING - [de.616049.xyz (FRA)] ├─ 无有效DNS记录，触发紧急更新
2026-03-08 15:12:14,078 - ERROR - CFST更新失败: None
2026-03-08 15:12:14,082 - DEBUG - Starting new HTTPS connection (1): api.telegram.org:443
2026-03-08 15:12:14,419 - DEBUG - https://api.telegram.org:443 "POST /bot/sendMessage HTTP/1.1" 404 55
