2026-07-05 18:03:45,037 - INFO - 启动维护任务 | 协议类型: IPV4
2026-07-05 18:03:45,037 - INFO - --------------------------------------------------
2026-07-05 18:03:45,037 - INFO - [hk.616049.xyz (HKG)] 开始处理节点维护
2026-07-05 18:03:45,078 - DEBUG - DNS解析重试中 hk.616049.xyz: [Errno -5] No address associated with hostname
2026-07-05 18:03:46,255 - DEBUG - DNS解析重试中 hk.616049.xyz: [Errno -5] No address associated with hostname
2026-07-05 18:03:47,295 - DEBUG - DNS解析重试中 hk.616049.xyz: [Errno -5] No address associated with hostname
2026-07-05 18:03:48,296 - WARNING - [hk.616049.xyz (HKG)] ├─ 无有效DNS记录，触发紧急更新
2026-07-05 18:16:29,610 - ERROR - CFST更新失败: None
2026-07-05 18:16:29,610 - INFO - --------------------------------------------------
2026-07-05 18:16:29,611 - INFO - [us.616049.xyz (LAX)] 开始处理节点维护
2026-07-05 18:16:29,652 - DEBUG - DNS解析重试中 us.616049.xyz: [Errno -5] No address associated with hostname
2026-07-05 18:16:30,700 - DEBUG - DNS解析重试中 us.616049.xyz: [Errno -5] No address associated with hostname
2026-07-05 18:16:31,737 - DEBUG - DNS解析重试中 us.616049.xyz: [Errno -5] No address associated with hostname
2026-07-05 18:16:32,739 - WARNING - [us.616049.xyz (LAX)] ├─ 无有效DNS记录，触发紧急更新
2026-07-05 18:29:14,621 - ERROR - CFST更新失败: None
2026-07-05 18:29:14,621 - INFO - --------------------------------------------------
2026-07-05 18:29:14,621 - INFO - [de.616049.xyz (FRA)] 开始处理节点维护
2026-07-05 18:29:14,661 - DEBUG - DNS解析重试中 de.616049.xyz: [Errno -5] No address associated with hostname
2026-07-05 18:29:15,716 - DEBUG - DNS解析重试中 de.616049.xyz: [Errno -5] No address associated with hostname
2026-07-05 18:29:16,756 - DEBUG - DNS解析重试中 de.616049.xyz: [Errno -5] No address associated with hostname
2026-07-05 18:29:17,757 - WARNING - [de.616049.xyz (FRA)] ├─ 无有效DNS记录，触发紧急更新
2026-07-05 18:41:59,304 - ERROR - CFST更新失败: None
2026-07-05 18:41:59,308 - DEBUG - Starting new HTTPS connection (1): api.telegram.org:443
2026-07-05 18:41:59,815 - DEBUG - https://api.telegram.org:443 "POST /bot/sendMessage HTTP/1.1" 404 55
