2026-07-19 20:58:04,780 - INFO - 启动维护任务 | 协议类型: IPV4
2026-07-19 20:58:04,780 - INFO - --------------------------------------------------
2026-07-19 20:58:04,780 - INFO - [hk.616049.xyz (HKG)] 开始处理节点维护
2026-07-19 20:58:04,815 - DEBUG - DNS解析重试中 hk.616049.xyz: [Errno -5] No address associated with hostname
2026-07-19 20:58:05,856 - DEBUG - DNS解析重试中 hk.616049.xyz: [Errno -5] No address associated with hostname
2026-07-19 20:58:06,896 - DEBUG - DNS解析重试中 hk.616049.xyz: [Errno -5] No address associated with hostname
2026-07-19 20:58:07,897 - WARNING - [hk.616049.xyz (HKG)] ├─ 无有效DNS记录，触发紧急更新
2026-07-19 21:09:58,944 - ERROR - CFST更新失败: None
2026-07-19 21:09:58,944 - INFO - --------------------------------------------------
2026-07-19 21:09:58,944 - INFO - [us.616049.xyz (LAX)] 开始处理节点维护
2026-07-19 21:09:59,002 - DEBUG - DNS解析重试中 us.616049.xyz: [Errno -5] No address associated with hostname
2026-07-19 21:10:00,026 - DEBUG - DNS解析重试中 us.616049.xyz: [Errno -5] No address associated with hostname
2026-07-19 21:10:01,079 - DEBUG - DNS解析重试中 us.616049.xyz: [Errno -5] No address associated with hostname
2026-07-19 21:10:02,080 - WARNING - [us.616049.xyz (LAX)] ├─ 无有效DNS记录，触发紧急更新
2026-07-19 21:21:53,183 - ERROR - CFST更新失败: None
2026-07-19 21:21:53,183 - INFO - --------------------------------------------------
2026-07-19 21:21:53,183 - INFO - [de.616049.xyz (FRA)] 开始处理节点维护
2026-07-19 21:21:53,221 - DEBUG - DNS解析重试中 de.616049.xyz: [Errno -5] No address associated with hostname
2026-07-19 21:21:54,228 - DEBUG - DNS解析重试中 de.616049.xyz: [Errno -5] No address associated with hostname
2026-07-19 21:21:55,275 - DEBUG - DNS解析重试中 de.616049.xyz: [Errno -5] No address associated with hostname
2026-07-19 21:21:56,276 - WARNING - [de.616049.xyz (FRA)] ├─ 无有效DNS记录，触发紧急更新
2026-07-19 21:33:52,441 - ERROR - CFST更新失败: None
2026-07-19 21:33:52,444 - DEBUG - Starting new HTTPS connection (1): api.telegram.org:443
2026-07-19 21:33:52,866 - DEBUG - https://api.telegram.org:443 "POST /bot/sendMessage HTTP/1.1" 404 55
