2026-04-15 12:40:12,098 - INFO - 启动维护任务 | 协议类型: IPV4
2026-04-15 12:40:12,098 - INFO - --------------------------------------------------
2026-04-15 12:40:12,098 - INFO - [hk.616049.xyz (HKG)] 开始处理节点维护
2026-04-15 12:40:12,119 - DEBUG - DNS解析重试中 hk.616049.xyz: [Errno -2] Name or service not known
2026-04-15 12:40:13,143 - DEBUG - DNS解析重试中 hk.616049.xyz: [Errno -2] Name or service not known
2026-04-15 12:40:14,176 - DEBUG - DNS解析重试中 hk.616049.xyz: [Errno -2] Name or service not known
2026-04-15 12:40:15,177 - WARNING - [hk.616049.xyz (HKG)] ├─ 无有效DNS记录，触发紧急更新
2026-04-15 12:53:09,084 - ERROR - CFST更新失败: None
2026-04-15 12:53:09,084 - INFO - --------------------------------------------------
2026-04-15 12:53:09,084 - INFO - [us.616049.xyz (LAX)] 开始处理节点维护
2026-04-15 12:53:09,121 - DEBUG - DNS解析重试中 us.616049.xyz: [Errno -2] Name or service not known
2026-04-15 12:53:10,183 - DEBUG - DNS解析重试中 us.616049.xyz: [Errno -2] Name or service not known
2026-04-15 12:53:11,215 - DEBUG - DNS解析重试中 us.616049.xyz: [Errno -2] Name or service not known
2026-04-15 12:53:12,216 - WARNING - [us.616049.xyz (LAX)] ├─ 无有效DNS记录，触发紧急更新
2026-04-15 13:06:07,313 - ERROR - CFST更新失败: None
2026-04-15 13:06:07,314 - INFO - --------------------------------------------------
2026-04-15 13:06:07,314 - INFO - [de.616049.xyz (FRA)] 开始处理节点维护
2026-04-15 13:06:07,345 - DEBUG - DNS解析重试中 de.616049.xyz: [Errno -2] Name or service not known
2026-04-15 13:06:08,370 - DEBUG - DNS解析重试中 de.616049.xyz: [Errno -2] Name or service not known
2026-04-15 13:06:09,405 - DEBUG - DNS解析重试中 de.616049.xyz: [Errno -2] Name or service not known
2026-04-15 13:06:10,407 - WARNING - [de.616049.xyz (FRA)] ├─ 无有效DNS记录，触发紧急更新
2026-04-15 13:19:06,420 - ERROR - CFST更新失败: None
2026-04-15 13:19:06,424 - DEBUG - Starting new HTTPS connection (1): api.telegram.org:443
2026-04-15 13:19:06,757 - DEBUG - https://api.telegram.org:443 "POST /bot/sendMessage HTTP/1.1" 404 55
