2026-07-17 19:15:41,951 - INFO - 启动维护任务 | 协议类型: IPV4
2026-07-17 19:15:41,951 - INFO - --------------------------------------------------
2026-07-17 19:15:41,951 - INFO - [hk.616049.xyz (HKG)] 开始处理节点维护
2026-07-17 19:15:42,072 - DEBUG - DNS解析重试中 hk.616049.xyz: [Errno -5] No address associated with hostname
2026-07-17 19:15:43,195 - DEBUG - DNS解析重试中 hk.616049.xyz: [Errno -5] No address associated with hostname
2026-07-17 19:15:44,279 - DEBUG - DNS解析重试中 hk.616049.xyz: [Errno -5] No address associated with hostname
2026-07-17 19:15:45,280 - WARNING - [hk.616049.xyz (HKG)] ├─ 无有效DNS记录，触发紧急更新
2026-07-17 19:28:20,043 - ERROR - CFST更新失败: None
2026-07-17 19:28:20,043 - INFO - --------------------------------------------------
2026-07-17 19:28:20,043 - INFO - [us.616049.xyz (LAX)] 开始处理节点维护
2026-07-17 19:28:20,171 - DEBUG - DNS解析重试中 us.616049.xyz: [Errno -5] No address associated with hostname
2026-07-17 19:28:21,179 - DEBUG - DNS解析重试中 us.616049.xyz: [Errno -5] No address associated with hostname
2026-07-17 19:28:22,290 - DEBUG - DNS解析重试中 us.616049.xyz: [Errno -5] No address associated with hostname
2026-07-17 19:28:23,291 - WARNING - [us.616049.xyz (LAX)] ├─ 无有效DNS记录，触发紧急更新
2026-07-17 19:40:56,248 - ERROR - CFST更新失败: None
2026-07-17 19:40:56,249 - INFO - --------------------------------------------------
2026-07-17 19:40:56,249 - INFO - [de.616049.xyz (FRA)] 开始处理节点维护
2026-07-17 19:40:56,350 - DEBUG - DNS解析重试中 de.616049.xyz: [Errno -5] No address associated with hostname
2026-07-17 19:40:57,461 - DEBUG - DNS解析重试中 de.616049.xyz: [Errno -5] No address associated with hostname
2026-07-17 19:40:58,583 - DEBUG - DNS解析重试中 de.616049.xyz: [Errno -5] No address associated with hostname
2026-07-17 19:40:59,584 - WARNING - [de.616049.xyz (FRA)] ├─ 无有效DNS记录，触发紧急更新
2026-07-17 19:53:33,274 - ERROR - CFST更新失败: None
2026-07-17 19:53:33,278 - DEBUG - Starting new HTTPS connection (1): api.telegram.org:443
2026-07-17 19:53:33,713 - DEBUG - https://api.telegram.org:443 "POST /bot/sendMessage HTTP/1.1" 404 55
