2026-04-07 00:37:46,147 - INFO - 启动维护任务 | 协议类型: IPV4
2026-04-07 00:37:46,147 - INFO - --------------------------------------------------
2026-04-07 00:37:46,147 - INFO - [hk.616049.xyz (HKG)] 开始处理节点维护
2026-04-07 00:37:46,178 - DEBUG - DNS解析重试中 hk.616049.xyz: [Errno -2] Name or service not known
2026-04-07 00:37:47,225 - DEBUG - DNS解析重试中 hk.616049.xyz: [Errno -2] Name or service not known
2026-04-07 00:37:48,256 - DEBUG - DNS解析重试中 hk.616049.xyz: [Errno -2] Name or service not known
2026-04-07 00:37:49,258 - WARNING - [hk.616049.xyz (HKG)] ├─ 无有效DNS记录，触发紧急更新
2026-04-07 00:50:43,190 - ERROR - CFST更新失败: None
2026-04-07 00:50:43,190 - INFO - --------------------------------------------------
2026-04-07 00:50:43,190 - INFO - [us.616049.xyz (LAX)] 开始处理节点维护
2026-04-07 00:50:43,212 - DEBUG - DNS解析重试中 us.616049.xyz: [Errno -2] Name or service not known
2026-04-07 00:50:44,239 - DEBUG - DNS解析重试中 us.616049.xyz: [Errno -2] Name or service not known
2026-04-07 00:50:45,276 - DEBUG - DNS解析重试中 us.616049.xyz: [Errno -2] Name or service not known
2026-04-07 00:50:46,277 - WARNING - [us.616049.xyz (LAX)] ├─ 无有效DNS记录，触发紧急更新
2026-04-07 01:03:39,711 - ERROR - CFST更新失败: None
2026-04-07 01:03:39,711 - INFO - --------------------------------------------------
2026-04-07 01:03:39,711 - INFO - [de.616049.xyz (FRA)] 开始处理节点维护
2026-04-07 01:03:39,734 - DEBUG - DNS解析重试中 de.616049.xyz: [Errno -2] Name or service not known
2026-04-07 01:03:40,769 - DEBUG - DNS解析重试中 de.616049.xyz: [Errno -2] Name or service not known
2026-04-07 01:03:41,794 - DEBUG - DNS解析重试中 de.616049.xyz: [Errno -2] Name or service not known
2026-04-07 01:03:42,795 - WARNING - [de.616049.xyz (FRA)] ├─ 无有效DNS记录，触发紧急更新
2026-04-07 01:16:36,432 - ERROR - CFST更新失败: None
2026-04-07 01:16:36,436 - DEBUG - Starting new HTTPS connection (1): api.telegram.org:443
2026-04-07 01:16:36,778 - DEBUG - https://api.telegram.org:443 "POST /bot/sendMessage HTTP/1.1" 404 55
