2026-06-14 19:49:09,837 - INFO - 启动维护任务 | 协议类型: IPV4
2026-06-14 19:49:09,837 - INFO - --------------------------------------------------
2026-06-14 19:49:09,838 - INFO - [hk.616049.xyz (HKG)] 开始处理节点维护
2026-06-14 19:49:09,867 - DEBUG - DNS解析重试中 hk.616049.xyz: [Errno -2] Name or service not known
2026-06-14 19:49:10,882 - DEBUG - DNS解析重试中 hk.616049.xyz: [Errno -2] Name or service not known
2026-06-14 19:49:11,903 - DEBUG - DNS解析重试中 hk.616049.xyz: [Errno -2] Name or service not known
2026-06-14 19:49:12,905 - WARNING - [hk.616049.xyz (HKG)] ├─ 无有效DNS记录，触发紧急更新
2026-06-14 20:01:51,529 - ERROR - CFST更新失败: None
2026-06-14 20:01:51,529 - INFO - --------------------------------------------------
2026-06-14 20:01:51,529 - INFO - [us.616049.xyz (LAX)] 开始处理节点维护
2026-06-14 20:01:51,544 - DEBUG - DNS解析重试中 us.616049.xyz: [Errno -2] Name or service not known
2026-06-14 20:01:52,567 - DEBUG - DNS解析重试中 us.616049.xyz: [Errno -2] Name or service not known
2026-06-14 20:01:53,582 - DEBUG - DNS解析重试中 us.616049.xyz: [Errno -2] Name or service not known
2026-06-14 20:01:54,584 - WARNING - [us.616049.xyz (LAX)] ├─ 无有效DNS记录，触发紧急更新
2026-06-14 20:14:33,119 - ERROR - CFST更新失败: None
2026-06-14 20:14:33,119 - INFO - --------------------------------------------------
2026-06-14 20:14:33,119 - INFO - [de.616049.xyz (FRA)] 开始处理节点维护
2026-06-14 20:14:33,159 - DEBUG - DNS解析重试中 de.616049.xyz: [Errno -2] Name or service not known
2026-06-14 20:14:34,181 - DEBUG - DNS解析重试中 de.616049.xyz: [Errno -2] Name or service not known
2026-06-14 20:14:35,202 - DEBUG - DNS解析重试中 de.616049.xyz: [Errno -2] Name or service not known
2026-06-14 20:14:36,204 - WARNING - [de.616049.xyz (FRA)] ├─ 无有效DNS记录，触发紧急更新
2026-06-14 20:27:14,726 - ERROR - CFST更新失败: None
2026-06-14 20:27:14,730 - DEBUG - Starting new HTTPS connection (1): api.telegram.org:443
2026-06-14 20:27:15,023 - DEBUG - https://api.telegram.org:443 "POST /bot/sendMessage HTTP/1.1" 404 55
