2026-07-17 12:56:50,103 - INFO - 启动维护任务 | 协议类型: IPV4
2026-07-17 12:56:50,103 - INFO - --------------------------------------------------
2026-07-17 12:56:50,103 - INFO - [hk.616049.xyz (HKG)] 开始处理节点维护
2026-07-17 12:56:50,128 - DEBUG - DNS解析重试中 hk.616049.xyz: [Errno -5] No address associated with hostname
2026-07-17 12:56:51,160 - DEBUG - DNS解析重试中 hk.616049.xyz: [Errno -5] No address associated with hostname
2026-07-17 12:56:52,198 - DEBUG - DNS解析重试中 hk.616049.xyz: [Errno -5] No address associated with hostname
2026-07-17 12:56:53,199 - WARNING - [hk.616049.xyz (HKG)] ├─ 无有效DNS记录，触发紧急更新
2026-07-17 13:09:23,979 - ERROR - CFST更新失败: None
2026-07-17 13:09:23,979 - INFO - --------------------------------------------------
2026-07-17 13:09:23,979 - INFO - [us.616049.xyz (LAX)] 开始处理节点维护
2026-07-17 13:09:24,007 - DEBUG - DNS解析重试中 us.616049.xyz: [Errno -5] No address associated with hostname
2026-07-17 13:09:25,044 - DEBUG - DNS解析重试中 us.616049.xyz: [Errno -5] No address associated with hostname
2026-07-17 13:09:26,080 - DEBUG - DNS解析重试中 us.616049.xyz: [Errno -5] No address associated with hostname
2026-07-17 13:09:27,082 - WARNING - [us.616049.xyz (LAX)] ├─ 无有效DNS记录，触发紧急更新
2026-07-17 13:21:57,651 - ERROR - CFST更新失败: None
2026-07-17 13:21:57,651 - INFO - --------------------------------------------------
2026-07-17 13:21:57,651 - INFO - [de.616049.xyz (FRA)] 开始处理节点维护
2026-07-17 13:21:57,698 - DEBUG - DNS解析重试中 de.616049.xyz: [Errno -5] No address associated with hostname
2026-07-17 13:21:58,735 - DEBUG - DNS解析重试中 de.616049.xyz: [Errno -5] No address associated with hostname
2026-07-17 13:21:59,762 - DEBUG - DNS解析重试中 de.616049.xyz: [Errno -5] No address associated with hostname
2026-07-17 13:22:00,763 - WARNING - [de.616049.xyz (FRA)] ├─ 无有效DNS记录，触发紧急更新
2026-07-17 13:34:31,697 - ERROR - CFST更新失败: None
2026-07-17 13:34:31,701 - DEBUG - Starting new HTTPS connection (1): api.telegram.org:443
2026-07-17 13:34:32,027 - DEBUG - https://api.telegram.org:443 "POST /bot/sendMessage HTTP/1.1" 404 55
