2026-02-13 04:26:26,900 - INFO - 启动维护任务 | 协议类型: IPV4
2026-02-13 04:26:26,901 - INFO - --------------------------------------------------
2026-02-13 04:26:26,901 - INFO - [hk.616049.xyz (HKG)] 开始处理节点维护
2026-02-13 04:26:26,922 - DEBUG - DNS解析重试中 hk.616049.xyz: [Errno -2] Name or service not known
2026-02-13 04:26:27,951 - DEBUG - DNS解析重试中 hk.616049.xyz: [Errno -2] Name or service not known
2026-02-13 04:26:28,998 - DEBUG - DNS解析重试中 hk.616049.xyz: [Errno -2] Name or service not known
2026-02-13 04:26:29,999 - WARNING - [hk.616049.xyz (HKG)] ├─ 无有效DNS记录，触发紧急更新
2026-02-13 04:39:29,640 - ERROR - CFST更新失败: None
2026-02-13 04:39:29,640 - INFO - --------------------------------------------------
2026-02-13 04:39:29,640 - INFO - [us.616049.xyz (LAX)] 开始处理节点维护
2026-02-13 04:39:29,665 - DEBUG - DNS解析重试中 us.616049.xyz: [Errno -2] Name or service not known
2026-02-13 04:39:30,693 - DEBUG - DNS解析重试中 us.616049.xyz: [Errno -2] Name or service not known
2026-02-13 04:39:31,713 - DEBUG - DNS解析重试中 us.616049.xyz: [Errno -2] Name or service not known
2026-02-13 04:39:32,715 - WARNING - [us.616049.xyz (LAX)] ├─ 无有效DNS记录，触发紧急更新
2026-02-13 04:52:33,837 - ERROR - CFST更新失败: None
2026-02-13 04:52:33,837 - INFO - --------------------------------------------------
2026-02-13 04:52:33,838 - INFO - [de.616049.xyz (FRA)] 开始处理节点维护
2026-02-13 04:52:33,859 - DEBUG - DNS解析重试中 de.616049.xyz: [Errno -2] Name or service not known
2026-02-13 04:52:34,893 - DEBUG - DNS解析重试中 de.616049.xyz: [Errno -2] Name or service not known
2026-02-13 04:52:35,917 - DEBUG - DNS解析重试中 de.616049.xyz: [Errno -2] Name or service not known
2026-02-13 04:52:36,918 - WARNING - [de.616049.xyz (FRA)] ├─ 无有效DNS记录，触发紧急更新
2026-02-13 05:05:32,372 - ERROR - CFST更新失败: None
2026-02-13 05:05:32,376 - DEBUG - Starting new HTTPS connection (1): api.telegram.org:443
2026-02-13 05:05:32,704 - DEBUG - https://api.telegram.org:443 "POST /bot/sendMessage HTTP/1.1" 404 55
