2026-02-11 00:56:23,091 - INFO - 启动维护任务 | 协议类型: IPV4
2026-02-11 00:56:23,091 - INFO - --------------------------------------------------
2026-02-11 00:56:23,091 - INFO - [hk.616049.xyz (HKG)] 开始处理节点维护
2026-02-11 00:56:23,120 - DEBUG - DNS解析重试中 hk.616049.xyz: [Errno -2] Name or service not known
2026-02-11 00:56:24,166 - DEBUG - DNS解析重试中 hk.616049.xyz: [Errno -2] Name or service not known
2026-02-11 00:56:25,208 - DEBUG - DNS解析重试中 hk.616049.xyz: [Errno -2] Name or service not known
2026-02-11 00:56:26,210 - WARNING - [hk.616049.xyz (HKG)] ├─ 无有效DNS记录，触发紧急更新
2026-02-11 01:09:25,355 - ERROR - CFST更新失败: None
2026-02-11 01:09:25,355 - INFO - --------------------------------------------------
2026-02-11 01:09:25,355 - INFO - [us.616049.xyz (LAX)] 开始处理节点维护
2026-02-11 01:09:25,402 - DEBUG - DNS解析重试中 us.616049.xyz: [Errno -2] Name or service not known
2026-02-11 01:09:26,434 - DEBUG - DNS解析重试中 us.616049.xyz: [Errno -2] Name or service not known
2026-02-11 01:09:27,489 - DEBUG - DNS解析重试中 us.616049.xyz: [Errno -2] Name or service not known
2026-02-11 01:09:28,491 - WARNING - [us.616049.xyz (LAX)] ├─ 无有效DNS记录，触发紧急更新
2026-02-11 01:22:26,856 - ERROR - CFST更新失败: None
2026-02-11 01:22:26,856 - INFO - --------------------------------------------------
2026-02-11 01:22:26,856 - INFO - [de.616049.xyz (FRA)] 开始处理节点维护
2026-02-11 01:22:26,906 - DEBUG - DNS解析重试中 de.616049.xyz: [Errno -2] Name or service not known
2026-02-11 01:22:27,963 - DEBUG - DNS解析重试中 de.616049.xyz: [Errno -2] Name or service not known
2026-02-11 01:22:28,969 - DEBUG - DNS解析重试中 de.616049.xyz: [Errno -2] Name or service not known
2026-02-11 01:22:29,970 - WARNING - [de.616049.xyz (FRA)] ├─ 无有效DNS记录，触发紧急更新
2026-02-11 01:35:28,431 - ERROR - CFST更新失败: None
2026-02-11 01:35:28,435 - DEBUG - Starting new HTTPS connection (1): api.telegram.org:443
2026-02-11 01:35:28,870 - DEBUG - https://api.telegram.org:443 "POST /bot/sendMessage HTTP/1.1" 404 55
