2026-04-27 23:29:24,698 - INFO - 启动维护任务 | 协议类型: IPV4
2026-04-27 23:29:24,699 - INFO - --------------------------------------------------
2026-04-27 23:29:24,699 - INFO - [hk.616049.xyz (HKG)] 开始处理节点维护
2026-04-27 23:29:24,708 - DEBUG - DNS解析重试中 hk.616049.xyz: [Errno -2] Name or service not known
2026-04-27 23:29:25,720 - DEBUG - DNS解析重试中 hk.616049.xyz: [Errno -2] Name or service not known
2026-04-27 23:29:26,732 - DEBUG - DNS解析重试中 hk.616049.xyz: [Errno -2] Name or service not known
2026-04-27 23:29:27,733 - WARNING - [hk.616049.xyz (HKG)] ├─ 无有效DNS记录，触发紧急更新
2026-04-27 23:42:22,534 - ERROR - CFST更新失败: None
2026-04-27 23:42:22,534 - INFO - --------------------------------------------------
2026-04-27 23:42:22,534 - INFO - [us.616049.xyz (LAX)] 开始处理节点维护
2026-04-27 23:42:22,579 - DEBUG - DNS解析重试中 us.616049.xyz: [Errno -2] Name or service not known
2026-04-27 23:42:23,585 - DEBUG - DNS解析重试中 us.616049.xyz: [Errno -2] Name or service not known
2026-04-27 23:42:24,600 - DEBUG - DNS解析重试中 us.616049.xyz: [Errno -2] Name or service not known
2026-04-27 23:42:25,601 - WARNING - [us.616049.xyz (LAX)] ├─ 无有效DNS记录，触发紧急更新
2026-04-27 23:55:19,419 - ERROR - CFST更新失败: None
2026-04-27 23:55:19,419 - INFO - --------------------------------------------------
2026-04-27 23:55:19,419 - INFO - [de.616049.xyz (FRA)] 开始处理节点维护
2026-04-27 23:55:19,476 - DEBUG - DNS解析重试中 de.616049.xyz: [Errno -2] Name or service not known
2026-04-27 23:55:20,486 - DEBUG - DNS解析重试中 de.616049.xyz: [Errno -2] Name or service not known
2026-04-27 23:55:21,504 - DEBUG - DNS解析重试中 de.616049.xyz: [Errno -2] Name or service not known
2026-04-27 23:55:22,505 - WARNING - [de.616049.xyz (FRA)] ├─ 无有效DNS记录，触发紧急更新
2026-04-28 00:08:16,050 - ERROR - CFST更新失败: None
2026-04-28 00:08:16,054 - DEBUG - Starting new HTTPS connection (1): api.telegram.org:443
2026-04-28 00:08:16,355 - DEBUG - https://api.telegram.org:443 "POST /bot/sendMessage HTTP/1.1" 404 55
