2026-01-22 22:23:43,879 - INFO - 启动维护任务 | 协议类型: IPV4
2026-01-22 22:23:43,879 - INFO - --------------------------------------------------
2026-01-22 22:23:43,879 - INFO - [hk.616049.xyz (HKG)] 开始处理节点维护
2026-01-22 22:23:43,906 - DEBUG - DNS解析重试中 hk.616049.xyz: [Errno -2] Name or service not known
2026-01-22 22:23:44,928 - DEBUG - DNS解析重试中 hk.616049.xyz: [Errno -2] Name or service not known
2026-01-22 22:23:45,952 - DEBUG - DNS解析重试中 hk.616049.xyz: [Errno -2] Name or service not known
2026-01-22 22:23:46,953 - WARNING - [hk.616049.xyz (HKG)] ├─ 无有效DNS记录，触发紧急更新
2026-01-22 22:36:42,261 - ERROR - CFST更新失败: None
2026-01-22 22:36:42,261 - INFO - --------------------------------------------------
2026-01-22 22:36:42,261 - INFO - [us.616049.xyz (LAX)] 开始处理节点维护
2026-01-22 22:36:42,284 - DEBUG - DNS解析重试中 us.616049.xyz: [Errno -2] Name or service not known
2026-01-22 22:36:43,321 - DEBUG - DNS解析重试中 us.616049.xyz: [Errno -2] Name or service not known
2026-01-22 22:36:44,476 - DEBUG - DNS解析重试中 us.616049.xyz: [Errno -2] Name or service not known
2026-01-22 22:36:45,477 - WARNING - [us.616049.xyz (LAX)] ├─ 无有效DNS记录，触发紧急更新
2026-01-22 22:49:39,867 - ERROR - CFST更新失败: None
2026-01-22 22:49:39,867 - INFO - --------------------------------------------------
2026-01-22 22:49:39,867 - INFO - [de.616049.xyz (FRA)] 开始处理节点维护
2026-01-22 22:49:39,897 - DEBUG - DNS解析重试中 de.616049.xyz: [Errno -2] Name or service not known
2026-01-22 22:49:40,921 - DEBUG - DNS解析重试中 de.616049.xyz: [Errno -2] Name or service not known
2026-01-22 22:49:41,946 - DEBUG - DNS解析重试中 de.616049.xyz: [Errno -2] Name or service not known
2026-01-22 22:49:42,947 - WARNING - [de.616049.xyz (FRA)] ├─ 无有效DNS记录，触发紧急更新
2026-01-22 23:02:37,374 - ERROR - CFST更新失败: None
2026-01-22 23:02:37,377 - DEBUG - Starting new HTTPS connection (1): api.telegram.org:443
2026-01-22 23:02:37,724 - DEBUG - https://api.telegram.org:443 "POST /bot/sendMessage HTTP/1.1" 404 55
