2026-05-15 14:50:40,908 - INFO - 启动维护任务 | 协议类型: IPV4
2026-05-15 14:50:40,908 - INFO - --------------------------------------------------
2026-05-15 14:50:40,909 - INFO - [hk.616049.xyz (HKG)] 开始处理节点维护
2026-05-15 14:50:40,953 - DEBUG - DNS解析重试中 hk.616049.xyz: [Errno -2] Name or service not known
2026-05-15 14:50:41,979 - DEBUG - DNS解析重试中 hk.616049.xyz: [Errno -2] Name or service not known
2026-05-15 14:50:42,990 - DEBUG - DNS解析重试中 hk.616049.xyz: [Errno -2] Name or service not known
2026-05-15 14:50:43,991 - WARNING - [hk.616049.xyz (HKG)] ├─ 无有效DNS记录，触发紧急更新
2026-05-15 15:03:46,505 - ERROR - CFST更新失败: None
2026-05-15 15:03:46,506 - INFO - --------------------------------------------------
2026-05-15 15:03:46,506 - INFO - [us.616049.xyz (LAX)] 开始处理节点维护
2026-05-15 15:03:46,733 - DEBUG - DNS解析重试中 us.616049.xyz: [Errno -2] Name or service not known
2026-05-15 15:03:47,751 - DEBUG - DNS解析重试中 us.616049.xyz: [Errno -2] Name or service not known
2026-05-15 15:03:48,772 - DEBUG - DNS解析重试中 us.616049.xyz: [Errno -2] Name or service not known
2026-05-15 15:03:49,773 - WARNING - [us.616049.xyz (LAX)] ├─ 无有效DNS记录，触发紧急更新
2026-05-15 15:16:48,217 - ERROR - CFST更新失败: None
2026-05-15 15:16:48,217 - INFO - --------------------------------------------------
2026-05-15 15:16:48,217 - INFO - [de.616049.xyz (FRA)] 开始处理节点维护
2026-05-15 15:16:48,232 - DEBUG - DNS解析重试中 de.616049.xyz: [Errno -2] Name or service not known
2026-05-15 15:16:49,246 - DEBUG - DNS解析重试中 de.616049.xyz: [Errno -2] Name or service not known
2026-05-15 15:16:50,263 - DEBUG - DNS解析重试中 de.616049.xyz: [Errno -2] Name or service not known
2026-05-15 15:16:51,264 - WARNING - [de.616049.xyz (FRA)] ├─ 无有效DNS记录，触发紧急更新
2026-05-15 15:29:49,101 - ERROR - CFST更新失败: None
2026-05-15 15:29:49,105 - DEBUG - Starting new HTTPS connection (1): api.telegram.org:443
2026-05-15 15:29:49,400 - DEBUG - https://api.telegram.org:443 "POST /bot/sendMessage HTTP/1.1" 404 55
