2026-07-17 09:55:02,247 - INFO - 启动维护任务 | 协议类型: IPV4
2026-07-17 09:55:02,247 - INFO - --------------------------------------------------
2026-07-17 09:55:02,247 - INFO - [hk.616049.xyz (HKG)] 开始处理节点维护
2026-07-17 09:55:02,262 - DEBUG - DNS解析重试中 hk.616049.xyz: [Errno -5] No address associated with hostname
2026-07-17 09:55:03,274 - DEBUG - DNS解析重试中 hk.616049.xyz: [Errno -5] No address associated with hostname
2026-07-17 09:55:04,308 - DEBUG - DNS解析重试中 hk.616049.xyz: [Errno -5] No address associated with hostname
2026-07-17 09:55:05,309 - WARNING - [hk.616049.xyz (HKG)] ├─ 无有效DNS记录，触发紧急更新
2026-07-17 10:07:34,976 - ERROR - CFST更新失败: None
2026-07-17 10:07:34,976 - INFO - --------------------------------------------------
2026-07-17 10:07:34,976 - INFO - [us.616049.xyz (LAX)] 开始处理节点维护
2026-07-17 10:07:34,999 - DEBUG - DNS解析重试中 us.616049.xyz: [Errno -5] No address associated with hostname
2026-07-17 10:07:36,024 - DEBUG - DNS解析重试中 us.616049.xyz: [Errno -5] No address associated with hostname
2026-07-17 10:07:37,036 - DEBUG - DNS解析重试中 us.616049.xyz: [Errno -5] No address associated with hostname
2026-07-17 10:07:38,037 - WARNING - [us.616049.xyz (LAX)] ├─ 无有效DNS记录，触发紧急更新
2026-07-17 10:20:07,416 - ERROR - CFST更新失败: None
2026-07-17 10:20:07,417 - INFO - --------------------------------------------------
2026-07-17 10:20:07,417 - INFO - [de.616049.xyz (FRA)] 开始处理节点维护
2026-07-17 10:20:07,439 - DEBUG - DNS解析重试中 de.616049.xyz: [Errno -5] No address associated with hostname
2026-07-17 10:20:08,461 - DEBUG - DNS解析重试中 de.616049.xyz: [Errno -5] No address associated with hostname
2026-07-17 10:20:09,557 - DEBUG - DNS解析重试中 de.616049.xyz: [Errno -5] No address associated with hostname
2026-07-17 10:20:10,558 - WARNING - [de.616049.xyz (FRA)] ├─ 无有效DNS记录，触发紧急更新
2026-07-17 10:32:40,659 - ERROR - CFST更新失败: None
2026-07-17 10:32:40,662 - DEBUG - Starting new HTTPS connection (1): api.telegram.org:443
2026-07-17 10:32:40,938 - DEBUG - https://api.telegram.org:443 "POST /bot/sendMessage HTTP/1.1" 404 55
