2026-01-26 04:16:09,915 - INFO - 启动维护任务 | 协议类型: IPV4
2026-01-26 04:16:09,915 - INFO - --------------------------------------------------
2026-01-26 04:16:09,915 - INFO - [hk.616049.xyz (HKG)] 开始处理节点维护
2026-01-26 04:16:09,941 - DEBUG - DNS解析重试中 hk.616049.xyz: [Errno -2] Name or service not known
2026-01-26 04:16:10,968 - DEBUG - DNS解析重试中 hk.616049.xyz: [Errno -2] Name or service not known
2026-01-26 04:16:11,995 - DEBUG - DNS解析重试中 hk.616049.xyz: [Errno -2] Name or service not known
2026-01-26 04:16:12,997 - WARNING - [hk.616049.xyz (HKG)] ├─ 无有效DNS记录，触发紧急更新
2026-01-26 04:29:24,021 - ERROR - CFST更新失败: None
2026-01-26 04:29:24,022 - INFO - --------------------------------------------------
2026-01-26 04:29:24,022 - INFO - [us.616049.xyz (LAX)] 开始处理节点维护
2026-01-26 04:29:24,055 - DEBUG - DNS解析重试中 us.616049.xyz: [Errno -2] Name or service not known
2026-01-26 04:29:25,072 - DEBUG - DNS解析重试中 us.616049.xyz: [Errno -2] Name or service not known
2026-01-26 04:29:26,082 - DEBUG - DNS解析重试中 us.616049.xyz: [Errno -2] Name or service not known
2026-01-26 04:29:27,084 - WARNING - [us.616049.xyz (LAX)] ├─ 无有效DNS记录，触发紧急更新
2026-01-26 04:42:38,256 - ERROR - CFST更新失败: None
2026-01-26 04:42:38,257 - INFO - --------------------------------------------------
2026-01-26 04:42:38,257 - INFO - [de.616049.xyz (FRA)] 开始处理节点维护
2026-01-26 04:42:38,290 - DEBUG - DNS解析重试中 de.616049.xyz: [Errno -2] Name or service not known
2026-01-26 04:42:39,327 - DEBUG - DNS解析重试中 de.616049.xyz: [Errno -2] Name or service not known
2026-01-26 04:42:40,359 - DEBUG - DNS解析重试中 de.616049.xyz: [Errno -2] Name or service not known
2026-01-26 04:42:41,361 - WARNING - [de.616049.xyz (FRA)] ├─ 无有效DNS记录，触发紧急更新
2026-01-26 04:55:56,109 - ERROR - CFST更新失败: None
2026-01-26 04:55:56,112 - DEBUG - Starting new HTTPS connection (1): api.telegram.org:443
2026-01-26 04:55:56,805 - DEBUG - https://api.telegram.org:443 "POST /bot/sendMessage HTTP/1.1" 404 55
