2026-06-11 10:49:10,098 - INFO - 启动维护任务 | 协议类型: IPV4
2026-06-11 10:49:10,098 - INFO - --------------------------------------------------
2026-06-11 10:49:10,098 - INFO - [hk.616049.xyz (HKG)] 开始处理节点维护
2026-06-11 10:49:10,104 - DEBUG - DNS解析重试中 hk.616049.xyz: [Errno -2] Name or service not known
2026-06-11 10:49:11,113 - DEBUG - DNS解析重试中 hk.616049.xyz: [Errno -2] Name or service not known
2026-06-11 10:49:12,121 - DEBUG - DNS解析重试中 hk.616049.xyz: [Errno -2] Name or service not known
2026-06-11 10:49:13,123 - WARNING - [hk.616049.xyz (HKG)] ├─ 无有效DNS记录，触发紧急更新
2026-06-11 11:01:48,181 - ERROR - CFST更新失败: None
2026-06-11 11:01:48,181 - INFO - --------------------------------------------------
2026-06-11 11:01:48,181 - INFO - [us.616049.xyz (LAX)] 开始处理节点维护
2026-06-11 11:01:48,190 - DEBUG - DNS解析重试中 us.616049.xyz: [Errno -2] Name or service not known
2026-06-11 11:01:49,200 - DEBUG - DNS解析重试中 us.616049.xyz: [Errno -2] Name or service not known
2026-06-11 11:01:50,208 - DEBUG - DNS解析重试中 us.616049.xyz: [Errno -2] Name or service not known
2026-06-11 11:01:51,209 - WARNING - [us.616049.xyz (LAX)] ├─ 无有效DNS记录，触发紧急更新
2026-06-11 11:14:25,962 - ERROR - CFST更新失败: None
2026-06-11 11:14:25,963 - INFO - --------------------------------------------------
2026-06-11 11:14:25,963 - INFO - [de.616049.xyz (FRA)] 开始处理节点维护
2026-06-11 11:14:25,969 - DEBUG - DNS解析重试中 de.616049.xyz: [Errno -2] Name or service not known
2026-06-11 11:14:26,985 - DEBUG - DNS解析重试中 de.616049.xyz: [Errno -2] Name or service not known
2026-06-11 11:14:27,994 - DEBUG - DNS解析重试中 de.616049.xyz: [Errno -2] Name or service not known
2026-06-11 11:14:28,995 - WARNING - [de.616049.xyz (FRA)] ├─ 无有效DNS记录，触发紧急更新
2026-06-11 11:27:03,777 - ERROR - CFST更新失败: None
2026-06-11 11:27:03,781 - DEBUG - Starting new HTTPS connection (1): api.telegram.org:443
2026-06-11 11:27:04,257 - DEBUG - https://api.telegram.org:443 "POST /bot/sendMessage HTTP/1.1" 404 55
