2026-03-02 22:38:26,053 - INFO - 启动维护任务 | 协议类型: IPV4
2026-03-02 22:38:26,053 - INFO - --------------------------------------------------
2026-03-02 22:38:26,053 - INFO - [hk.616049.xyz (HKG)] 开始处理节点维护
2026-03-02 22:38:26,083 - DEBUG - DNS解析重试中 hk.616049.xyz: [Errno -2] Name or service not known
2026-03-02 22:38:27,118 - DEBUG - DNS解析重试中 hk.616049.xyz: [Errno -2] Name or service not known
2026-03-02 22:38:28,158 - DEBUG - DNS解析重试中 hk.616049.xyz: [Errno -2] Name or service not known
2026-03-02 22:38:29,159 - WARNING - [hk.616049.xyz (HKG)] ├─ 无有效DNS记录，触发紧急更新
2026-03-02 22:51:38,833 - ERROR - CFST更新失败: None
2026-03-02 22:51:38,833 - INFO - --------------------------------------------------
2026-03-02 22:51:38,833 - INFO - [us.616049.xyz (LAX)] 开始处理节点维护
2026-03-02 22:51:38,863 - DEBUG - DNS解析重试中 us.616049.xyz: [Errno -2] Name or service not known
2026-03-02 22:51:39,895 - DEBUG - DNS解析重试中 us.616049.xyz: [Errno -2] Name or service not known
2026-03-02 22:51:40,903 - DEBUG - DNS解析重试中 us.616049.xyz: [Errno -2] Name or service not known
2026-03-02 22:51:41,904 - WARNING - [us.616049.xyz (LAX)] ├─ 无有效DNS记录，触发紧急更新
2026-03-02 23:04:51,448 - ERROR - CFST更新失败: None
2026-03-02 23:04:51,449 - INFO - --------------------------------------------------
2026-03-02 23:04:51,449 - INFO - [de.616049.xyz (FRA)] 开始处理节点维护
2026-03-02 23:04:51,479 - DEBUG - DNS解析重试中 de.616049.xyz: [Errno -2] Name or service not known
2026-03-02 23:04:52,513 - DEBUG - DNS解析重试中 de.616049.xyz: [Errno -2] Name or service not known
2026-03-02 23:04:53,543 - DEBUG - DNS解析重试中 de.616049.xyz: [Errno -2] Name or service not known
2026-03-02 23:04:54,544 - WARNING - [de.616049.xyz (FRA)] ├─ 无有效DNS记录，触发紧急更新
2026-03-02 23:18:04,507 - ERROR - CFST更新失败: None
2026-03-02 23:18:04,511 - DEBUG - Starting new HTTPS connection (1): api.telegram.org:443
2026-03-02 23:18:04,948 - DEBUG - https://api.telegram.org:443 "POST /bot/sendMessage HTTP/1.1" 404 55
