2026-02-04 04:27:40,745 - INFO - 启动维护任务 | 协议类型: IPV4
2026-02-04 04:27:40,745 - INFO - --------------------------------------------------
2026-02-04 04:27:40,745 - INFO - [hk.616049.xyz (HKG)] 开始处理节点维护
2026-02-04 04:27:40,774 - DEBUG - DNS解析重试中 hk.616049.xyz: [Errno -2] Name or service not known
2026-02-04 04:27:41,803 - DEBUG - DNS解析重试中 hk.616049.xyz: [Errno -2] Name or service not known
2026-02-04 04:27:42,810 - DEBUG - DNS解析重试中 hk.616049.xyz: [Errno -2] Name or service not known
2026-02-04 04:27:43,811 - WARNING - [hk.616049.xyz (HKG)] ├─ 无有效DNS记录，触发紧急更新
2026-02-04 04:40:42,974 - ERROR - CFST更新失败: None
2026-02-04 04:40:42,974 - INFO - --------------------------------------------------
2026-02-04 04:40:42,974 - INFO - [us.616049.xyz (LAX)] 开始处理节点维护
2026-02-04 04:40:43,004 - DEBUG - DNS解析重试中 us.616049.xyz: [Errno -2] Name or service not known
2026-02-04 04:40:44,047 - DEBUG - DNS解析重试中 us.616049.xyz: [Errno -2] Name or service not known
2026-02-04 04:40:45,081 - DEBUG - DNS解析重试中 us.616049.xyz: [Errno -2] Name or service not known
2026-02-04 04:40:46,082 - WARNING - [us.616049.xyz (LAX)] ├─ 无有效DNS记录，触发紧急更新
2026-02-04 04:53:44,698 - ERROR - CFST更新失败: None
2026-02-04 04:53:44,699 - INFO - --------------------------------------------------
2026-02-04 04:53:44,699 - INFO - [de.616049.xyz (FRA)] 开始处理节点维护
2026-02-04 04:53:44,729 - DEBUG - DNS解析重试中 de.616049.xyz: [Errno -2] Name or service not known
2026-02-04 04:53:45,758 - DEBUG - DNS解析重试中 de.616049.xyz: [Errno -2] Name or service not known
2026-02-04 04:53:46,788 - DEBUG - DNS解析重试中 de.616049.xyz: [Errno -2] Name or service not known
2026-02-04 04:53:47,789 - WARNING - [de.616049.xyz (FRA)] ├─ 无有效DNS记录，触发紧急更新
2026-02-04 05:06:47,680 - ERROR - CFST更新失败: None
2026-02-04 05:06:47,683 - DEBUG - Starting new HTTPS connection (1): api.telegram.org:443
2026-02-04 05:06:48,116 - DEBUG - https://api.telegram.org:443 "POST /bot/sendMessage HTTP/1.1" 404 55
