2026-01-24 12:29:56,451 - INFO - 启动维护任务 | 协议类型: IPV4
2026-01-24 12:29:56,451 - INFO - --------------------------------------------------
2026-01-24 12:29:56,451 - INFO - [hk.616049.xyz (HKG)] 开始处理节点维护
2026-01-24 12:29:56,462 - DEBUG - DNS解析重试中 hk.616049.xyz: [Errno -2] Name or service not known
2026-01-24 12:29:57,483 - DEBUG - DNS解析重试中 hk.616049.xyz: [Errno -2] Name or service not known
2026-01-24 12:29:58,495 - DEBUG - DNS解析重试中 hk.616049.xyz: [Errno -2] Name or service not known
2026-01-24 12:29:59,497 - WARNING - [hk.616049.xyz (HKG)] ├─ 无有效DNS记录，触发紧急更新
2026-01-24 12:42:56,139 - ERROR - CFST更新失败: None
2026-01-24 12:42:56,140 - INFO - --------------------------------------------------
2026-01-24 12:42:56,140 - INFO - [us.616049.xyz (LAX)] 开始处理节点维护
2026-01-24 12:42:56,156 - DEBUG - DNS解析重试中 us.616049.xyz: [Errno -2] Name or service not known
2026-01-24 12:42:57,168 - DEBUG - DNS解析重试中 us.616049.xyz: [Errno -2] Name or service not known
2026-01-24 12:42:58,204 - DEBUG - DNS解析重试中 us.616049.xyz: [Errno -2] Name or service not known
2026-01-24 12:42:59,205 - WARNING - [us.616049.xyz (LAX)] ├─ 无有效DNS记录，触发紧急更新
2026-01-24 12:55:55,682 - ERROR - CFST更新失败: None
2026-01-24 12:55:55,682 - INFO - --------------------------------------------------
2026-01-24 12:55:55,682 - INFO - [de.616049.xyz (FRA)] 开始处理节点维护
2026-01-24 12:55:55,704 - DEBUG - DNS解析重试中 de.616049.xyz: [Errno -2] Name or service not known
2026-01-24 12:55:56,726 - DEBUG - DNS解析重试中 de.616049.xyz: [Errno -2] Name or service not known
2026-01-24 12:55:57,747 - DEBUG - DNS解析重试中 de.616049.xyz: [Errno -2] Name or service not known
2026-01-24 12:55:58,748 - WARNING - [de.616049.xyz (FRA)] ├─ 无有效DNS记录，触发紧急更新
2026-01-24 13:08:56,088 - ERROR - CFST更新失败: None
2026-01-24 13:08:56,092 - DEBUG - Starting new HTTPS connection (1): api.telegram.org:443
2026-01-24 13:08:56,386 - DEBUG - https://api.telegram.org:443 "POST /bot/sendMessage HTTP/1.1" 404 55
