2026-01-31 02:31:32,036 - INFO - 启动维护任务 | 协议类型: IPV4
2026-01-31 02:31:32,036 - INFO - --------------------------------------------------
2026-01-31 02:31:32,036 - INFO - [hk.616049.xyz (HKG)] 开始处理节点维护
2026-01-31 02:31:32,072 - DEBUG - DNS解析重试中 hk.616049.xyz: [Errno -2] Name or service not known
2026-01-31 02:31:33,103 - DEBUG - DNS解析重试中 hk.616049.xyz: [Errno -2] Name or service not known
2026-01-31 02:31:34,127 - DEBUG - DNS解析重试中 hk.616049.xyz: [Errno -2] Name or service not known
2026-01-31 02:31:35,128 - WARNING - [hk.616049.xyz (HKG)] ├─ 无有效DNS记录，触发紧急更新
2026-01-31 02:44:32,495 - ERROR - CFST更新失败: None
2026-01-31 02:44:32,495 - INFO - --------------------------------------------------
2026-01-31 02:44:32,495 - INFO - [us.616049.xyz (LAX)] 开始处理节点维护
2026-01-31 02:44:32,554 - DEBUG - DNS解析重试中 us.616049.xyz: [Errno -2] Name or service not known
2026-01-31 02:44:33,583 - DEBUG - DNS解析重试中 us.616049.xyz: [Errno -2] Name or service not known
2026-01-31 02:44:34,610 - DEBUG - DNS解析重试中 us.616049.xyz: [Errno -2] Name or service not known
2026-01-31 02:44:35,611 - WARNING - [us.616049.xyz (LAX)] ├─ 无有效DNS记录，触发紧急更新
2026-01-31 02:57:36,482 - ERROR - CFST更新失败: None
2026-01-31 02:57:36,482 - INFO - --------------------------------------------------
2026-01-31 02:57:36,482 - INFO - [de.616049.xyz (FRA)] 开始处理节点维护
2026-01-31 02:57:36,505 - DEBUG - DNS解析重试中 de.616049.xyz: [Errno -2] Name or service not known
2026-01-31 02:57:37,528 - DEBUG - DNS解析重试中 de.616049.xyz: [Errno -2] Name or service not known
2026-01-31 02:57:38,539 - DEBUG - DNS解析重试中 de.616049.xyz: [Errno -2] Name or service not known
2026-01-31 02:57:39,541 - WARNING - [de.616049.xyz (FRA)] ├─ 无有效DNS记录，触发紧急更新
2026-01-31 03:10:36,866 - ERROR - CFST更新失败: None
2026-01-31 03:10:36,869 - DEBUG - Starting new HTTPS connection (1): api.telegram.org:443
2026-01-31 03:10:37,203 - DEBUG - https://api.telegram.org:443 "POST /bot/sendMessage HTTP/1.1" 404 55
