2026-04-26 18:38:21,544 - INFO - 启动维护任务 | 协议类型: IPV4
2026-04-26 18:38:21,544 - INFO - --------------------------------------------------
2026-04-26 18:38:21,544 - INFO - [hk.616049.xyz (HKG)] 开始处理节点维护
2026-04-26 18:38:21,552 - DEBUG - DNS解析重试中 hk.616049.xyz: [Errno -2] Name or service not known
2026-04-26 18:38:22,560 - DEBUG - DNS解析重试中 hk.616049.xyz: [Errno -2] Name or service not known
2026-04-26 18:38:23,575 - DEBUG - DNS解析重试中 hk.616049.xyz: [Errno -2] Name or service not known
2026-04-26 18:38:24,576 - WARNING - [hk.616049.xyz (HKG)] ├─ 无有效DNS记录，触发紧急更新
2026-04-26 18:51:18,380 - ERROR - CFST更新失败: None
2026-04-26 18:51:18,381 - INFO - --------------------------------------------------
2026-04-26 18:51:18,381 - INFO - [us.616049.xyz (LAX)] 开始处理节点维护
2026-04-26 18:51:18,408 - DEBUG - DNS解析重试中 us.616049.xyz: [Errno -2] Name or service not known
2026-04-26 18:51:19,416 - DEBUG - DNS解析重试中 us.616049.xyz: [Errno -2] Name or service not known
2026-04-26 18:51:20,423 - DEBUG - DNS解析重试中 us.616049.xyz: [Errno -2] Name or service not known
2026-04-26 18:51:21,424 - WARNING - [us.616049.xyz (LAX)] ├─ 无有效DNS记录，触发紧急更新
2026-04-26 19:04:14,178 - ERROR - CFST更新失败: None
2026-04-26 19:04:14,178 - INFO - --------------------------------------------------
2026-04-26 19:04:14,178 - INFO - [de.616049.xyz (FRA)] 开始处理节点维护
2026-04-26 19:04:14,192 - DEBUG - DNS解析重试中 de.616049.xyz: [Errno -2] Name or service not known
2026-04-26 19:04:15,203 - DEBUG - DNS解析重试中 de.616049.xyz: [Errno -2] Name or service not known
2026-04-26 19:04:16,212 - DEBUG - DNS解析重试中 de.616049.xyz: [Errno -2] Name or service not known
2026-04-26 19:04:17,214 - WARNING - [de.616049.xyz (FRA)] ├─ 无有效DNS记录，触发紧急更新
2026-04-26 19:17:10,503 - ERROR - CFST更新失败: None
2026-04-26 19:17:10,506 - DEBUG - Starting new HTTPS connection (1): api.telegram.org:443
2026-04-26 19:17:10,978 - DEBUG - https://api.telegram.org:443 "POST /bot/sendMessage HTTP/1.1" 404 55
