2026-06-21 23:46:08,428 - INFO - 启动维护任务 | 协议类型: IPV4
2026-06-21 23:46:08,428 - INFO - --------------------------------------------------
2026-06-21 23:46:08,428 - INFO - [hk.616049.xyz (HKG)] 开始处理节点维护
2026-06-21 23:46:08,449 - DEBUG - DNS解析重试中 hk.616049.xyz: [Errno -2] Name or service not known
2026-06-21 23:46:09,466 - DEBUG - DNS解析重试中 hk.616049.xyz: [Errno -2] Name or service not known
2026-06-21 23:46:10,497 - DEBUG - DNS解析重试中 hk.616049.xyz: [Errno -2] Name or service not known
2026-06-21 23:46:11,499 - WARNING - [hk.616049.xyz (HKG)] ├─ 无有效DNS记录，触发紧急更新
2026-06-21 23:58:51,156 - ERROR - CFST更新失败: None
2026-06-21 23:58:51,157 - INFO - --------------------------------------------------
2026-06-21 23:58:51,157 - INFO - [us.616049.xyz (LAX)] 开始处理节点维护
2026-06-21 23:58:51,171 - DEBUG - DNS解析重试中 us.616049.xyz: [Errno -2] Name or service not known
2026-06-21 23:58:52,201 - DEBUG - DNS解析重试中 us.616049.xyz: [Errno -2] Name or service not known
2026-06-21 23:58:53,207 - DEBUG - DNS解析重试中 us.616049.xyz: [Errno -2] Name or service not known
2026-06-21 23:58:54,209 - WARNING - [us.616049.xyz (LAX)] ├─ 无有效DNS记录，触发紧急更新
2026-06-22 00:11:38,854 - ERROR - CFST更新失败: None
2026-06-22 00:11:38,854 - INFO - --------------------------------------------------
2026-06-22 00:11:38,854 - INFO - [de.616049.xyz (FRA)] 开始处理节点维护
2026-06-22 00:11:39,103 - DEBUG - DNS解析重试中 de.616049.xyz: [Errno -2] Name or service not known
2026-06-22 00:11:40,203 - DEBUG - DNS解析重试中 de.616049.xyz: [Errno -2] Name or service not known
2026-06-22 00:11:41,219 - DEBUG - DNS解析重试中 de.616049.xyz: [Errno -2] Name or service not known
2026-06-22 00:11:42,220 - WARNING - [de.616049.xyz (FRA)] ├─ 无有效DNS记录，触发紧急更新
2026-06-22 00:24:21,349 - ERROR - CFST更新失败: None
2026-06-22 00:24:21,353 - DEBUG - Starting new HTTPS connection (1): api.telegram.org:443
2026-06-22 00:24:21,625 - DEBUG - https://api.telegram.org:443 "POST /bot/sendMessage HTTP/1.1" 404 55
