2026-02-22 12:09:48,675 - INFO - 启动维护任务 | 协议类型: IPV4
2026-02-22 12:09:48,675 - INFO - --------------------------------------------------
2026-02-22 12:09:48,675 - INFO - [hk.616049.xyz (HKG)] 开始处理节点维护
2026-02-22 12:09:48,710 - DEBUG - DNS解析重试中 hk.616049.xyz: [Errno -2] Name or service not known
2026-02-22 12:09:49,746 - DEBUG - DNS解析重试中 hk.616049.xyz: [Errno -2] Name or service not known
2026-02-22 12:09:50,781 - DEBUG - DNS解析重试中 hk.616049.xyz: [Errno -2] Name or service not known
2026-02-22 12:09:51,783 - WARNING - [hk.616049.xyz (HKG)] ├─ 无有效DNS记录，触发紧急更新
2026-02-22 12:22:51,249 - ERROR - CFST更新失败: None
2026-02-22 12:22:51,250 - INFO - --------------------------------------------------
2026-02-22 12:22:51,250 - INFO - [us.616049.xyz (LAX)] 开始处理节点维护
2026-02-22 12:22:51,285 - DEBUG - DNS解析重试中 us.616049.xyz: [Errno -2] Name or service not known
2026-02-22 12:22:52,316 - DEBUG - DNS解析重试中 us.616049.xyz: [Errno -2] Name or service not known
2026-02-22 12:22:53,349 - DEBUG - DNS解析重试中 us.616049.xyz: [Errno -2] Name or service not known
2026-02-22 12:22:54,351 - WARNING - [us.616049.xyz (LAX)] ├─ 无有效DNS记录，触发紧急更新
2026-02-22 12:35:52,826 - ERROR - CFST更新失败: None
2026-02-22 12:35:52,827 - INFO - --------------------------------------------------
2026-02-22 12:35:52,827 - INFO - [de.616049.xyz (FRA)] 开始处理节点维护
2026-02-22 12:35:52,877 - DEBUG - DNS解析重试中 de.616049.xyz: [Errno -2] Name or service not known
2026-02-22 12:35:53,917 - DEBUG - DNS解析重试中 de.616049.xyz: [Errno -2] Name or service not known
2026-02-22 12:35:54,949 - DEBUG - DNS解析重试中 de.616049.xyz: [Errno -2] Name or service not known
2026-02-22 12:35:55,951 - WARNING - [de.616049.xyz (FRA)] ├─ 无有效DNS记录，触发紧急更新
2026-02-22 12:48:54,815 - ERROR - CFST更新失败: None
2026-02-22 12:48:54,819 - DEBUG - Starting new HTTPS connection (1): api.telegram.org:443
2026-02-22 12:48:55,203 - DEBUG - https://api.telegram.org:443 "POST /bot/sendMessage HTTP/1.1" 404 55
