2026-04-01 18:47:38,209 - INFO - 启动维护任务 | 协议类型: IPV4
2026-04-01 18:47:38,210 - INFO - --------------------------------------------------
2026-04-01 18:47:38,210 - INFO - [hk.616049.xyz (HKG)] 开始处理节点维护
2026-04-01 18:47:38,233 - DEBUG - DNS解析重试中 hk.616049.xyz: [Errno -2] Name or service not known
2026-04-01 18:47:39,256 - DEBUG - DNS解析重试中 hk.616049.xyz: [Errno -2] Name or service not known
2026-04-01 18:47:40,279 - DEBUG - DNS解析重试中 hk.616049.xyz: [Errno -2] Name or service not known
2026-04-01 18:47:41,280 - WARNING - [hk.616049.xyz (HKG)] ├─ 无有效DNS记录，触发紧急更新
2026-04-01 19:00:35,337 - ERROR - CFST更新失败: None
2026-04-01 19:00:35,338 - INFO - --------------------------------------------------
2026-04-01 19:00:35,338 - INFO - [us.616049.xyz (LAX)] 开始处理节点维护
2026-04-01 19:00:35,361 - DEBUG - DNS解析重试中 us.616049.xyz: [Errno -2] Name or service not known
2026-04-01 19:00:36,385 - DEBUG - DNS解析重试中 us.616049.xyz: [Errno -2] Name or service not known
2026-04-01 19:00:37,393 - DEBUG - DNS解析重试中 us.616049.xyz: [Errno -2] Name or service not known
2026-04-01 19:00:38,394 - WARNING - [us.616049.xyz (LAX)] ├─ 无有效DNS记录，触发紧急更新
2026-04-01 19:13:31,733 - ERROR - CFST更新失败: None
2026-04-01 19:13:31,733 - INFO - --------------------------------------------------
2026-04-01 19:13:31,733 - INFO - [de.616049.xyz (FRA)] 开始处理节点维护
2026-04-01 19:13:31,754 - DEBUG - DNS解析重试中 de.616049.xyz: [Errno -2] Name or service not known
2026-04-01 19:13:32,777 - DEBUG - DNS解析重试中 de.616049.xyz: [Errno -2] Name or service not known
2026-04-01 19:13:33,800 - DEBUG - DNS解析重试中 de.616049.xyz: [Errno -2] Name or service not known
2026-04-01 19:13:34,801 - WARNING - [de.616049.xyz (FRA)] ├─ 无有效DNS记录，触发紧急更新
2026-04-01 19:26:29,129 - ERROR - CFST更新失败: None
2026-04-01 19:26:29,132 - DEBUG - Starting new HTTPS connection (1): api.telegram.org:443
2026-04-01 19:26:29,478 - DEBUG - https://api.telegram.org:443 "POST /bot/sendMessage HTTP/1.1" 404 55
