2026-07-18 22:44:01,873 - INFO - 启动维护任务 | 协议类型: IPV4
2026-07-18 22:44:01,873 - INFO - --------------------------------------------------
2026-07-18 22:44:01,873 - INFO - [hk.616049.xyz (HKG)] 开始处理节点维护
2026-07-18 22:44:01,926 - DEBUG - DNS解析重试中 hk.616049.xyz: [Errno -5] No address associated with hostname
2026-07-18 22:44:02,960 - DEBUG - DNS解析重试中 hk.616049.xyz: [Errno -5] No address associated with hostname
2026-07-18 22:44:03,980 - DEBUG - DNS解析重试中 hk.616049.xyz: [Errno -5] No address associated with hostname
2026-07-18 22:44:04,981 - WARNING - [hk.616049.xyz (HKG)] ├─ 无有效DNS记录，触发紧急更新
2026-07-18 22:56:22,217 - ERROR - CFST更新失败: None
2026-07-18 22:56:22,217 - INFO - --------------------------------------------------
2026-07-18 22:56:22,217 - INFO - [us.616049.xyz (LAX)] 开始处理节点维护
2026-07-18 22:56:22,259 - DEBUG - DNS解析重试中 us.616049.xyz: [Errno -5] No address associated with hostname
2026-07-18 22:56:23,349 - DEBUG - DNS解析重试中 us.616049.xyz: [Errno -5] No address associated with hostname
2026-07-18 22:56:24,404 - DEBUG - DNS解析重试中 us.616049.xyz: [Errno -5] No address associated with hostname
2026-07-18 22:56:25,405 - WARNING - [us.616049.xyz (LAX)] ├─ 无有效DNS记录，触发紧急更新
2026-07-18 23:08:37,364 - ERROR - CFST更新失败: None
2026-07-18 23:08:37,365 - INFO - --------------------------------------------------
2026-07-18 23:08:37,365 - INFO - [de.616049.xyz (FRA)] 开始处理节点维护
2026-07-18 23:08:37,434 - DEBUG - DNS解析重试中 de.616049.xyz: [Errno -5] No address associated with hostname
2026-07-18 23:08:38,439 - DEBUG - DNS解析重试中 de.616049.xyz: [Errno -5] No address associated with hostname
2026-07-18 23:08:39,446 - DEBUG - DNS解析重试中 de.616049.xyz: [Errno -5] No address associated with hostname
2026-07-18 23:08:40,448 - WARNING - [de.616049.xyz (FRA)] ├─ 无有效DNS记录，触发紧急更新
2026-07-18 23:20:52,517 - ERROR - CFST更新失败: None
2026-07-18 23:20:52,520 - DEBUG - Starting new HTTPS connection (1): api.telegram.org:443
2026-07-18 23:20:52,935 - DEBUG - https://api.telegram.org:443 "POST /bot/sendMessage HTTP/1.1" 404 55
