2026-02-09 12:20:00,636 - INFO - 启动维护任务 | 协议类型: IPV4
2026-02-09 12:20:00,636 - INFO - --------------------------------------------------
2026-02-09 12:20:00,636 - INFO - [hk.616049.xyz (HKG)] 开始处理节点维护
2026-02-09 12:20:00,650 - DEBUG - DNS解析重试中 hk.616049.xyz: [Errno -2] Name or service not known
2026-02-09 12:20:01,682 - DEBUG - DNS解析重试中 hk.616049.xyz: [Errno -2] Name or service not known
2026-02-09 12:20:02,709 - DEBUG - DNS解析重试中 hk.616049.xyz: [Errno -2] Name or service not known
2026-02-09 12:20:03,710 - WARNING - [hk.616049.xyz (HKG)] ├─ 无有效DNS记录，触发紧急更新
2026-02-09 12:32:58,199 - ERROR - CFST更新失败: None
2026-02-09 12:32:58,200 - INFO - --------------------------------------------------
2026-02-09 12:32:58,200 - INFO - [us.616049.xyz (LAX)] 开始处理节点维护
2026-02-09 12:32:58,213 - DEBUG - DNS解析重试中 us.616049.xyz: [Errno -2] Name or service not known
2026-02-09 12:32:59,234 - DEBUG - DNS解析重试中 us.616049.xyz: [Errno -2] Name or service not known
2026-02-09 12:33:00,261 - DEBUG - DNS解析重试中 us.616049.xyz: [Errno -2] Name or service not known
2026-02-09 12:33:01,262 - WARNING - [us.616049.xyz (LAX)] ├─ 无有效DNS记录，触发紧急更新
2026-02-09 12:46:02,000 - ERROR - CFST更新失败: None
2026-02-09 12:46:02,000 - INFO - --------------------------------------------------
2026-02-09 12:46:02,000 - INFO - [de.616049.xyz (FRA)] 开始处理节点维护
2026-02-09 12:46:02,020 - DEBUG - DNS解析重试中 de.616049.xyz: [Errno -2] Name or service not known
2026-02-09 12:46:03,064 - DEBUG - DNS解析重试中 de.616049.xyz: [Errno -2] Name or service not known
2026-02-09 12:46:04,081 - DEBUG - DNS解析重试中 de.616049.xyz: [Errno -2] Name or service not known
2026-02-09 12:46:05,082 - WARNING - [de.616049.xyz (FRA)] ├─ 无有效DNS记录，触发紧急更新
2026-02-09 12:59:00,678 - ERROR - CFST更新失败: None
2026-02-09 12:59:00,682 - DEBUG - Starting new HTTPS connection (1): api.telegram.org:443
2026-02-09 12:59:01,144 - DEBUG - https://api.telegram.org:443 "POST /bot/sendMessage HTTP/1.1" 404 55
