2026-02-24 14:51:22,284 - INFO - 启动维护任务 | 协议类型: IPV4
2026-02-24 14:51:22,285 - INFO - --------------------------------------------------
2026-02-24 14:51:22,285 - INFO - [hk.616049.xyz (HKG)] 开始处理节点维护
2026-02-24 14:51:22,303 - DEBUG - DNS解析重试中 hk.616049.xyz: [Errno -2] Name or service not known
2026-02-24 14:51:23,326 - DEBUG - DNS解析重试中 hk.616049.xyz: [Errno -2] Name or service not known
2026-02-24 14:51:24,343 - DEBUG - DNS解析重试中 hk.616049.xyz: [Errno -2] Name or service not known
2026-02-24 14:51:25,345 - WARNING - [hk.616049.xyz (HKG)] ├─ 无有效DNS记录，触发紧急更新
2026-02-24 15:04:24,035 - ERROR - CFST更新失败: None
2026-02-24 15:04:24,036 - INFO - --------------------------------------------------
2026-02-24 15:04:24,036 - INFO - [us.616049.xyz (LAX)] 开始处理节点维护
2026-02-24 15:04:24,075 - DEBUG - DNS解析重试中 us.616049.xyz: [Errno -2] Name or service not known
2026-02-24 15:04:25,086 - DEBUG - DNS解析重试中 us.616049.xyz: [Errno -2] Name or service not known
2026-02-24 15:04:26,095 - DEBUG - DNS解析重试中 us.616049.xyz: [Errno -2] Name or service not known
2026-02-24 15:04:27,096 - WARNING - [us.616049.xyz (LAX)] ├─ 无有效DNS记录，触发紧急更新
2026-02-24 15:17:23,779 - ERROR - CFST更新失败: None
2026-02-24 15:17:23,779 - INFO - --------------------------------------------------
2026-02-24 15:17:23,779 - INFO - [de.616049.xyz (FRA)] 开始处理节点维护
2026-02-24 15:17:23,792 - DEBUG - DNS解析重试中 de.616049.xyz: [Errno -2] Name or service not known
2026-02-24 15:17:24,808 - DEBUG - DNS解析重试中 de.616049.xyz: [Errno -2] Name or service not known
2026-02-24 15:17:25,820 - DEBUG - DNS解析重试中 de.616049.xyz: [Errno -2] Name or service not known
2026-02-24 15:17:26,821 - WARNING - [de.616049.xyz (FRA)] ├─ 无有效DNS记录，触发紧急更新
2026-02-24 15:30:23,585 - ERROR - CFST更新失败: None
2026-02-24 15:30:23,588 - DEBUG - Starting new HTTPS connection (1): api.telegram.org:443
2026-02-24 15:30:23,862 - DEBUG - https://api.telegram.org:443 "POST /bot/sendMessage HTTP/1.1" 404 55
