2026-04-25 20:43:49,059 - INFO - 启动维护任务 | 协议类型: IPV4
2026-04-25 20:43:49,059 - INFO - --------------------------------------------------
2026-04-25 20:43:49,060 - INFO - [hk.616049.xyz (HKG)] 开始处理节点维护
2026-04-25 20:43:49,086 - DEBUG - DNS解析重试中 hk.616049.xyz: [Errno -2] Name or service not known
2026-04-25 20:43:50,117 - DEBUG - DNS解析重试中 hk.616049.xyz: [Errno -2] Name or service not known
2026-04-25 20:43:51,153 - DEBUG - DNS解析重试中 hk.616049.xyz: [Errno -2] Name or service not known
2026-04-25 20:43:52,154 - WARNING - [hk.616049.xyz (HKG)] ├─ 无有效DNS记录，触发紧急更新
2026-04-25 20:56:45,268 - ERROR - CFST更新失败: None
2026-04-25 20:56:45,268 - INFO - --------------------------------------------------
2026-04-25 20:56:45,268 - INFO - [us.616049.xyz (LAX)] 开始处理节点维护
2026-04-25 20:56:45,316 - DEBUG - DNS解析重试中 us.616049.xyz: [Errno -2] Name or service not known
2026-04-25 20:56:46,349 - DEBUG - DNS解析重试中 us.616049.xyz: [Errno -2] Name or service not known
2026-04-25 20:56:47,357 - DEBUG - DNS解析重试中 us.616049.xyz: [Errno -2] Name or service not known
2026-04-25 20:56:48,358 - WARNING - [us.616049.xyz (LAX)] ├─ 无有效DNS记录，触发紧急更新
2026-04-25 21:09:41,184 - ERROR - CFST更新失败: None
2026-04-25 21:09:41,184 - INFO - --------------------------------------------------
2026-04-25 21:09:41,185 - INFO - [de.616049.xyz (FRA)] 开始处理节点维护
2026-04-25 21:09:41,216 - DEBUG - DNS解析重试中 de.616049.xyz: [Errno -2] Name or service not known
2026-04-25 21:09:42,253 - DEBUG - DNS解析重试中 de.616049.xyz: [Errno -2] Name or service not known
2026-04-25 21:09:43,276 - DEBUG - DNS解析重试中 de.616049.xyz: [Errno -2] Name or service not known
2026-04-25 21:09:44,278 - WARNING - [de.616049.xyz (FRA)] ├─ 无有效DNS记录，触发紧急更新
2026-04-25 21:22:36,917 - ERROR - CFST更新失败: None
2026-04-25 21:22:36,921 - DEBUG - Starting new HTTPS connection (1): api.telegram.org:443
2026-04-25 21:22:37,263 - DEBUG - https://api.telegram.org:443 "POST /bot/sendMessage HTTP/1.1" 404 55
