2026-02-11 18:41:39,423 - INFO - 启动维护任务 | 协议类型: IPV4
2026-02-11 18:41:39,423 - INFO - --------------------------------------------------
2026-02-11 18:41:39,423 - INFO - [hk.616049.xyz (HKG)] 开始处理节点维护
2026-02-11 18:41:39,481 - DEBUG - DNS解析重试中 hk.616049.xyz: [Errno -2] Name or service not known
2026-02-11 18:41:40,515 - DEBUG - DNS解析重试中 hk.616049.xyz: [Errno -2] Name or service not known
2026-02-11 18:41:41,555 - DEBUG - DNS解析重试中 hk.616049.xyz: [Errno -2] Name or service not known
2026-02-11 18:41:42,557 - WARNING - [hk.616049.xyz (HKG)] ├─ 无有效DNS记录，触发紧急更新
2026-02-11 18:54:40,127 - ERROR - CFST更新失败: None
2026-02-11 18:54:40,127 - INFO - --------------------------------------------------
2026-02-11 18:54:40,127 - INFO - [us.616049.xyz (LAX)] 开始处理节点维护
2026-02-11 18:54:40,168 - DEBUG - DNS解析重试中 us.616049.xyz: [Errno -2] Name or service not known
2026-02-11 18:54:41,198 - DEBUG - DNS解析重试中 us.616049.xyz: [Errno -2] Name or service not known
2026-02-11 18:54:42,244 - DEBUG - DNS解析重试中 us.616049.xyz: [Errno -2] Name or service not known
2026-02-11 18:54:43,246 - WARNING - [us.616049.xyz (LAX)] ├─ 无有效DNS记录，触发紧急更新
2026-02-11 19:07:40,550 - ERROR - CFST更新失败: None
2026-02-11 19:07:40,550 - INFO - --------------------------------------------------
2026-02-11 19:07:40,551 - INFO - [de.616049.xyz (FRA)] 开始处理节点维护
2026-02-11 19:07:40,579 - DEBUG - DNS解析重试中 de.616049.xyz: [Errno -2] Name or service not known
2026-02-11 19:07:41,614 - DEBUG - DNS解析重试中 de.616049.xyz: [Errno -2] Name or service not known
2026-02-11 19:07:42,650 - DEBUG - DNS解析重试中 de.616049.xyz: [Errno -2] Name or service not known
2026-02-11 19:07:43,651 - WARNING - [de.616049.xyz (FRA)] ├─ 无有效DNS记录，触发紧急更新
2026-02-11 19:20:44,363 - ERROR - CFST更新失败: None
2026-02-11 19:20:44,367 - DEBUG - Starting new HTTPS connection (1): api.telegram.org:443
2026-02-11 19:20:44,754 - DEBUG - https://api.telegram.org:443 "POST /bot/sendMessage HTTP/1.1" 404 55
