2026-05-09 20:58:19,876 - INFO - 启动维护任务 | 协议类型: IPV4
2026-05-09 20:58:19,876 - INFO - --------------------------------------------------
2026-05-09 20:58:19,876 - INFO - [hk.616049.xyz (HKG)] 开始处理节点维护
2026-05-09 20:58:19,892 - DEBUG - DNS解析重试中 hk.616049.xyz: [Errno -2] Name or service not known
2026-05-09 20:58:20,903 - DEBUG - DNS解析重试中 hk.616049.xyz: [Errno -2] Name or service not known
2026-05-09 20:58:21,914 - DEBUG - DNS解析重试中 hk.616049.xyz: [Errno -2] Name or service not known
2026-05-09 20:58:22,915 - WARNING - [hk.616049.xyz (HKG)] ├─ 无有效DNS记录，触发紧急更新
2026-05-09 21:11:04,123 - ERROR - CFST更新失败: None
2026-05-09 21:11:04,123 - INFO - --------------------------------------------------
2026-05-09 21:11:04,123 - INFO - [us.616049.xyz (LAX)] 开始处理节点维护
2026-05-09 21:11:04,133 - DEBUG - DNS解析重试中 us.616049.xyz: [Errno -2] Name or service not known
2026-05-09 21:11:05,151 - DEBUG - DNS解析重试中 us.616049.xyz: [Errno -2] Name or service not known
2026-05-09 21:11:06,182 - DEBUG - DNS解析重试中 us.616049.xyz: [Errno -2] Name or service not known
2026-05-09 21:11:07,183 - WARNING - [us.616049.xyz (LAX)] ├─ 无有效DNS记录，触发紧急更新
2026-05-09 21:23:47,964 - ERROR - CFST更新失败: None
2026-05-09 21:23:47,964 - INFO - --------------------------------------------------
2026-05-09 21:23:47,964 - INFO - [de.616049.xyz (FRA)] 开始处理节点维护
2026-05-09 21:23:47,985 - DEBUG - DNS解析重试中 de.616049.xyz: [Errno -2] Name or service not known
2026-05-09 21:23:49,009 - DEBUG - DNS解析重试中 de.616049.xyz: [Errno -2] Name or service not known
2026-05-09 21:23:50,364 - DEBUG - DNS解析重试中 de.616049.xyz: [Errno -2] Name or service not known
2026-05-09 21:23:51,365 - WARNING - [de.616049.xyz (FRA)] ├─ 无有效DNS记录，触发紧急更新
2026-05-09 21:36:32,104 - ERROR - CFST更新失败: None
2026-05-09 21:36:32,107 - DEBUG - Starting new HTTPS connection (1): api.telegram.org:443
2026-05-09 21:36:32,407 - DEBUG - https://api.telegram.org:443 "POST /bot/sendMessage HTTP/1.1" 404 55
