2026-06-30 15:42:58,012 - INFO - 启动维护任务 | 协议类型: IPV4
2026-06-30 15:42:58,012 - INFO - --------------------------------------------------
2026-06-30 15:42:58,012 - INFO - [hk.616049.xyz (HKG)] 开始处理节点维护
2026-06-30 15:42:58,063 - DEBUG - DNS解析重试中 hk.616049.xyz: [Errno -2] Name or service not known
2026-06-30 15:42:59,109 - DEBUG - DNS解析重试中 hk.616049.xyz: [Errno -2] Name or service not known
2026-06-30 15:43:00,153 - DEBUG - DNS解析重试中 hk.616049.xyz: [Errno -2] Name or service not known
2026-06-30 15:43:01,155 - WARNING - [hk.616049.xyz (HKG)] ├─ 无有效DNS记录，触发紧急更新
2026-06-30 15:55:33,407 - ERROR - CFST更新失败: None
2026-06-30 15:55:33,408 - INFO - --------------------------------------------------
2026-06-30 15:55:33,408 - INFO - [us.616049.xyz (LAX)] 开始处理节点维护
2026-06-30 15:55:33,456 - DEBUG - DNS解析重试中 us.616049.xyz: [Errno -2] Name or service not known
2026-06-30 15:55:34,480 - DEBUG - DNS解析重试中 us.616049.xyz: [Errno -2] Name or service not known
2026-06-30 15:55:35,532 - DEBUG - DNS解析重试中 us.616049.xyz: [Errno -2] Name or service not known
2026-06-30 15:55:36,533 - WARNING - [us.616049.xyz (LAX)] ├─ 无有效DNS记录，触发紧急更新
2026-06-30 16:08:08,755 - ERROR - CFST更新失败: None
2026-06-30 16:08:08,755 - INFO - --------------------------------------------------
2026-06-30 16:08:08,755 - INFO - [de.616049.xyz (FRA)] 开始处理节点维护
2026-06-30 16:08:08,808 - DEBUG - DNS解析重试中 de.616049.xyz: [Errno -2] Name or service not known
2026-06-30 16:08:09,863 - DEBUG - DNS解析重试中 de.616049.xyz: [Errno -2] Name or service not known
2026-06-30 16:08:10,869 - DEBUG - DNS解析重试中 de.616049.xyz: [Errno -2] Name or service not known
2026-06-30 16:08:11,869 - WARNING - [de.616049.xyz (FRA)] ├─ 无有效DNS记录，触发紧急更新
2026-06-30 16:20:44,535 - ERROR - CFST更新失败: None
2026-06-30 16:20:44,538 - DEBUG - Starting new HTTPS connection (1): api.telegram.org:443
2026-06-30 16:20:44,901 - DEBUG - https://api.telegram.org:443 "POST /bot/sendMessage HTTP/1.1" 404 55
