2026-01-25 04:14:33,661 - INFO - 启动维护任务 | 协议类型: IPV4
2026-01-25 04:14:33,662 - INFO - --------------------------------------------------
2026-01-25 04:14:33,662 - INFO - [hk.616049.xyz (HKG)] 开始处理节点维护
2026-01-25 04:14:33,672 - DEBUG - DNS解析重试中 hk.616049.xyz: [Errno -2] Name or service not known
2026-01-25 04:14:34,708 - DEBUG - DNS解析重试中 hk.616049.xyz: [Errno -2] Name or service not known
2026-01-25 04:14:35,720 - DEBUG - DNS解析重试中 hk.616049.xyz: [Errno -2] Name or service not known
2026-01-25 04:14:36,721 - WARNING - [hk.616049.xyz (HKG)] ├─ 无有效DNS记录，触发紧急更新
2026-01-25 04:27:33,555 - ERROR - CFST更新失败: None
2026-01-25 04:27:33,555 - INFO - --------------------------------------------------
2026-01-25 04:27:33,555 - INFO - [us.616049.xyz (LAX)] 开始处理节点维护
2026-01-25 04:27:33,564 - DEBUG - DNS解析重试中 us.616049.xyz: [Errno -2] Name or service not known
2026-01-25 04:27:34,589 - DEBUG - DNS解析重试中 us.616049.xyz: [Errno -2] Name or service not known
2026-01-25 04:27:35,598 - DEBUG - DNS解析重试中 us.616049.xyz: [Errno -2] Name or service not known
2026-01-25 04:27:36,599 - WARNING - [us.616049.xyz (LAX)] ├─ 无有效DNS记录，触发紧急更新
2026-01-25 04:40:33,988 - ERROR - CFST更新失败: None
2026-01-25 04:40:33,989 - INFO - --------------------------------------------------
2026-01-25 04:40:33,989 - INFO - [de.616049.xyz (FRA)] 开始处理节点维护
2026-01-25 04:40:34,001 - DEBUG - DNS解析重试中 de.616049.xyz: [Errno -2] Name or service not known
2026-01-25 04:40:35,020 - DEBUG - DNS解析重试中 de.616049.xyz: [Errno -2] Name or service not known
2026-01-25 04:40:36,036 - DEBUG - DNS解析重试中 de.616049.xyz: [Errno -2] Name or service not known
2026-01-25 04:40:37,037 - WARNING - [de.616049.xyz (FRA)] ├─ 无有效DNS记录，触发紧急更新
2026-01-25 04:53:33,772 - ERROR - CFST更新失败: None
2026-01-25 04:53:33,776 - DEBUG - Starting new HTTPS connection (1): api.telegram.org:443
2026-01-25 04:53:34,059 - DEBUG - https://api.telegram.org:443 "POST /bot/sendMessage HTTP/1.1" 404 55
