2026-02-21 04:21:48,649 - INFO - 启动维护任务 | 协议类型: IPV4
2026-02-21 04:21:48,649 - INFO - --------------------------------------------------
2026-02-21 04:21:48,649 - INFO - [hk.616049.xyz (HKG)] 开始处理节点维护
2026-02-21 04:21:48,668 - DEBUG - DNS解析重试中 hk.616049.xyz: [Errno -2] Name or service not known
2026-02-21 04:21:49,696 - DEBUG - DNS解析重试中 hk.616049.xyz: [Errno -2] Name or service not known
2026-02-21 04:21:50,705 - DEBUG - DNS解析重试中 hk.616049.xyz: [Errno -2] Name or service not known
2026-02-21 04:21:51,707 - WARNING - [hk.616049.xyz (HKG)] ├─ 无有效DNS记录，触发紧急更新
2026-02-21 04:34:52,054 - ERROR - CFST更新失败: None
2026-02-21 04:34:52,054 - INFO - --------------------------------------------------
2026-02-21 04:34:52,054 - INFO - [us.616049.xyz (LAX)] 开始处理节点维护
2026-02-21 04:34:52,067 - DEBUG - DNS解析重试中 us.616049.xyz: [Errno -2] Name or service not known
2026-02-21 04:34:53,078 - DEBUG - DNS解析重试中 us.616049.xyz: [Errno -2] Name or service not known
2026-02-21 04:34:54,100 - DEBUG - DNS解析重试中 us.616049.xyz: [Errno -2] Name or service not known
2026-02-21 04:34:55,102 - WARNING - [us.616049.xyz (LAX)] ├─ 无有效DNS记录，触发紧急更新
2026-02-21 04:47:53,391 - ERROR - CFST更新失败: None
2026-02-21 04:47:53,392 - INFO - --------------------------------------------------
2026-02-21 04:47:53,392 - INFO - [de.616049.xyz (FRA)] 开始处理节点维护
2026-02-21 04:47:53,401 - DEBUG - DNS解析重试中 de.616049.xyz: [Errno -2] Name or service not known
2026-02-21 04:47:54,421 - DEBUG - DNS解析重试中 de.616049.xyz: [Errno -2] Name or service not known
2026-02-21 04:47:55,430 - DEBUG - DNS解析重试中 de.616049.xyz: [Errno -2] Name or service not known
2026-02-21 04:47:56,431 - WARNING - [de.616049.xyz (FRA)] ├─ 无有效DNS记录，触发紧急更新
2026-02-21 05:00:57,566 - ERROR - CFST更新失败: None
2026-02-21 05:00:57,570 - DEBUG - Starting new HTTPS connection (1): api.telegram.org:443
2026-02-21 05:00:57,870 - DEBUG - https://api.telegram.org:443 "POST /bot/sendMessage HTTP/1.1" 404 55
