2026-05-15 00:06:28,755 - INFO - 启动维护任务 | 协议类型: IPV4
2026-05-15 00:06:28,755 - INFO - --------------------------------------------------
2026-05-15 00:06:28,755 - INFO - [hk.616049.xyz (HKG)] 开始处理节点维护
2026-05-15 00:06:28,781 - DEBUG - DNS解析重试中 hk.616049.xyz: [Errno -2] Name or service not known
2026-05-15 00:06:29,788 - DEBUG - DNS解析重试中 hk.616049.xyz: [Errno -2] Name or service not known
2026-05-15 00:06:30,813 - DEBUG - DNS解析重试中 hk.616049.xyz: [Errno -2] Name or service not known
2026-05-15 00:06:31,814 - WARNING - [hk.616049.xyz (HKG)] ├─ 无有效DNS记录，触发紧急更新
2026-05-15 00:19:34,721 - ERROR - CFST更新失败: None
2026-05-15 00:19:34,721 - INFO - --------------------------------------------------
2026-05-15 00:19:34,722 - INFO - [us.616049.xyz (LAX)] 开始处理节点维护
2026-05-15 00:19:34,751 - DEBUG - DNS解析重试中 us.616049.xyz: [Errno -2] Name or service not known
2026-05-15 00:19:35,775 - DEBUG - DNS解析重试中 us.616049.xyz: [Errno -2] Name or service not known
2026-05-15 00:19:36,800 - DEBUG - DNS解析重试中 us.616049.xyz: [Errno -2] Name or service not known
2026-05-15 00:19:37,801 - WARNING - [us.616049.xyz (LAX)] ├─ 无有效DNS记录，触发紧急更新
2026-05-15 00:32:40,887 - ERROR - CFST更新失败: None
2026-05-15 00:32:40,888 - INFO - --------------------------------------------------
2026-05-15 00:32:40,888 - INFO - [de.616049.xyz (FRA)] 开始处理节点维护
2026-05-15 00:32:40,902 - DEBUG - DNS解析重试中 de.616049.xyz: [Errno -2] Name or service not known
2026-05-15 00:32:41,928 - DEBUG - DNS解析重试中 de.616049.xyz: [Errno -2] Name or service not known
2026-05-15 00:32:42,947 - DEBUG - DNS解析重试中 de.616049.xyz: [Errno -2] Name or service not known
2026-05-15 00:32:43,948 - WARNING - [de.616049.xyz (FRA)] ├─ 无有效DNS记录，触发紧急更新
2026-05-15 00:45:44,383 - ERROR - CFST更新失败: None
2026-05-15 00:45:44,387 - DEBUG - Starting new HTTPS connection (1): api.telegram.org:443
2026-05-15 00:45:44,874 - DEBUG - https://api.telegram.org:443 "POST /bot/sendMessage HTTP/1.1" 404 55
