2026-02-28 20:29:17,587 - INFO - 启动维护任务 | 协议类型: IPV4
2026-02-28 20:29:17,587 - INFO - --------------------------------------------------
2026-02-28 20:29:17,587 - INFO - [hk.616049.xyz (HKG)] 开始处理节点维护
2026-02-28 20:29:17,613 - DEBUG - DNS解析重试中 hk.616049.xyz: [Errno -2] Name or service not known
2026-02-28 20:29:18,650 - DEBUG - DNS解析重试中 hk.616049.xyz: [Errno -2] Name or service not known
2026-02-28 20:29:19,688 - DEBUG - DNS解析重试中 hk.616049.xyz: [Errno -2] Name or service not known
2026-02-28 20:29:20,689 - WARNING - [hk.616049.xyz (HKG)] ├─ 无有效DNS记录，触发紧急更新
2026-02-28 20:42:30,501 - ERROR - CFST更新失败: None
2026-02-28 20:42:30,501 - INFO - --------------------------------------------------
2026-02-28 20:42:30,502 - INFO - [us.616049.xyz (LAX)] 开始处理节点维护
2026-02-28 20:42:30,588 - DEBUG - DNS解析重试中 us.616049.xyz: [Errno -2] Name or service not known
2026-02-28 20:42:31,630 - DEBUG - DNS解析重试中 us.616049.xyz: [Errno -2] Name or service not known
2026-02-28 20:42:32,652 - DEBUG - DNS解析重试中 us.616049.xyz: [Errno -2] Name or service not known
2026-02-28 20:42:33,654 - WARNING - [us.616049.xyz (LAX)] ├─ 无有效DNS记录，触发紧急更新
2026-02-28 20:55:37,719 - ERROR - CFST更新失败: None
2026-02-28 20:55:37,719 - INFO - --------------------------------------------------
2026-02-28 20:55:37,719 - INFO - [de.616049.xyz (FRA)] 开始处理节点维护
2026-02-28 20:55:37,767 - DEBUG - DNS解析重试中 de.616049.xyz: [Errno -2] Name or service not known
2026-02-28 20:55:38,798 - DEBUG - DNS解析重试中 de.616049.xyz: [Errno -2] Name or service not known
2026-02-28 20:55:39,855 - DEBUG - DNS解析重试中 de.616049.xyz: [Errno -2] Name or service not known
2026-02-28 20:55:40,856 - WARNING - [de.616049.xyz (FRA)] ├─ 无有效DNS记录，触发紧急更新
2026-02-28 21:08:49,916 - ERROR - CFST更新失败: None
2026-02-28 21:08:49,919 - DEBUG - Starting new HTTPS connection (1): api.telegram.org:443
2026-02-28 21:08:50,259 - DEBUG - https://api.telegram.org:443 "POST /bot/sendMessage HTTP/1.1" 404 55
