2026-03-25 14:54:04,861 - INFO - 启动维护任务 | 协议类型: IPV4
2026-03-25 14:54:04,861 - INFO - --------------------------------------------------
2026-03-25 14:54:04,861 - INFO - [hk.616049.xyz (HKG)] 开始处理节点维护
2026-03-25 14:54:04,884 - DEBUG - DNS解析重试中 hk.616049.xyz: [Errno -2] Name or service not known
2026-03-25 14:54:05,906 - DEBUG - DNS解析重试中 hk.616049.xyz: [Errno -2] Name or service not known
2026-03-25 14:54:06,933 - DEBUG - DNS解析重试中 hk.616049.xyz: [Errno -2] Name or service not known
2026-03-25 14:54:07,934 - WARNING - [hk.616049.xyz (HKG)] ├─ 无有效DNS记录，触发紧急更新
2026-03-25 15:07:01,194 - ERROR - CFST更新失败: None
2026-03-25 15:07:01,194 - INFO - --------------------------------------------------
2026-03-25 15:07:01,195 - INFO - [us.616049.xyz (LAX)] 开始处理节点维护
2026-03-25 15:07:01,218 - DEBUG - DNS解析重试中 us.616049.xyz: [Errno -2] Name or service not known
2026-03-25 15:07:02,226 - DEBUG - DNS解析重试中 us.616049.xyz: [Errno -2] Name or service not known
2026-03-25 15:07:03,259 - DEBUG - DNS解析重试中 us.616049.xyz: [Errno -2] Name or service not known
2026-03-25 15:07:04,260 - WARNING - [us.616049.xyz (LAX)] ├─ 无有效DNS记录，触发紧急更新
2026-03-25 15:19:57,471 - ERROR - CFST更新失败: None
2026-03-25 15:19:57,471 - INFO - --------------------------------------------------
2026-03-25 15:19:57,471 - INFO - [de.616049.xyz (FRA)] 开始处理节点维护
2026-03-25 15:19:57,496 - DEBUG - DNS解析重试中 de.616049.xyz: [Errno -2] Name or service not known
2026-03-25 15:19:58,521 - DEBUG - DNS解析重试中 de.616049.xyz: [Errno -2] Name or service not known
2026-03-25 15:19:59,557 - DEBUG - DNS解析重试中 de.616049.xyz: [Errno -2] Name or service not known
2026-03-25 15:20:00,559 - WARNING - [de.616049.xyz (FRA)] ├─ 无有效DNS记录，触发紧急更新
2026-03-25 15:32:53,543 - ERROR - CFST更新失败: None
2026-03-25 15:32:53,547 - DEBUG - Starting new HTTPS connection (1): api.telegram.org:443
2026-03-25 15:32:53,881 - DEBUG - https://api.telegram.org:443 "POST /bot/sendMessage HTTP/1.1" 404 55
