2026-04-17 06:32:21,270 - INFO - 启动维护任务 | 协议类型: IPV4
2026-04-17 06:32:21,270 - INFO - --------------------------------------------------
2026-04-17 06:32:21,270 - INFO - [hk.616049.xyz (HKG)] 开始处理节点维护
2026-04-17 06:32:21,278 - DEBUG - DNS解析重试中 hk.616049.xyz: [Errno -2] Name or service not known
2026-04-17 06:32:22,296 - DEBUG - DNS解析重试中 hk.616049.xyz: [Errno -2] Name or service not known
2026-04-17 06:32:23,306 - DEBUG - DNS解析重试中 hk.616049.xyz: [Errno -2] Name or service not known
2026-04-17 06:32:24,307 - WARNING - [hk.616049.xyz (HKG)] ├─ 无有效DNS记录，触发紧急更新
2026-04-17 06:45:21,780 - ERROR - CFST更新失败: None
2026-04-17 06:45:21,780 - INFO - --------------------------------------------------
2026-04-17 06:45:21,780 - INFO - [us.616049.xyz (LAX)] 开始处理节点维护
2026-04-17 06:45:21,805 - DEBUG - DNS解析重试中 us.616049.xyz: [Errno -2] Name or service not known
2026-04-17 06:45:22,822 - DEBUG - DNS解析重试中 us.616049.xyz: [Errno -2] Name or service not known
2026-04-17 06:45:23,845 - DEBUG - DNS解析重试中 us.616049.xyz: [Errno -2] Name or service not known
2026-04-17 06:45:24,846 - WARNING - [us.616049.xyz (LAX)] ├─ 无有效DNS记录，触发紧急更新
2026-04-17 06:58:18,068 - ERROR - CFST更新失败: None
2026-04-17 06:58:18,068 - INFO - --------------------------------------------------
2026-04-17 06:58:18,069 - INFO - [de.616049.xyz (FRA)] 开始处理节点维护
2026-04-17 06:58:18,088 - DEBUG - DNS解析重试中 de.616049.xyz: [Errno -2] Name or service not known
2026-04-17 06:58:19,099 - DEBUG - DNS解析重试中 de.616049.xyz: [Errno -2] Name or service not known
2026-04-17 06:58:20,109 - DEBUG - DNS解析重试中 de.616049.xyz: [Errno -2] Name or service not known
2026-04-17 06:58:21,111 - WARNING - [de.616049.xyz (FRA)] ├─ 无有效DNS记录，触发紧急更新
2026-04-17 07:11:14,443 - ERROR - CFST更新失败: None
2026-04-17 07:11:14,446 - DEBUG - Starting new HTTPS connection (1): api.telegram.org:443
2026-04-17 07:11:14,744 - DEBUG - https://api.telegram.org:443 "POST /bot/sendMessage HTTP/1.1" 404 55
