2026-02-01 16:23:20,830 - INFO - 启动维护任务 | 协议类型: IPV4
2026-02-01 16:23:20,830 - INFO - --------------------------------------------------
2026-02-01 16:23:20,830 - INFO - [hk.616049.xyz (HKG)] 开始处理节点维护
2026-02-01 16:23:20,855 - DEBUG - DNS解析重试中 hk.616049.xyz: [Errno -2] Name or service not known
2026-02-01 16:23:21,912 - DEBUG - DNS解析重试中 hk.616049.xyz: [Errno -2] Name or service not known
2026-02-01 16:23:22,953 - DEBUG - DNS解析重试中 hk.616049.xyz: [Errno -2] Name or service not known
2026-02-01 16:23:23,954 - WARNING - [hk.616049.xyz (HKG)] ├─ 无有效DNS记录，触发紧急更新
2026-02-01 16:36:21,882 - ERROR - CFST更新失败: None
2026-02-01 16:36:21,882 - INFO - --------------------------------------------------
2026-02-01 16:36:21,882 - INFO - [us.616049.xyz (LAX)] 开始处理节点维护
2026-02-01 16:36:21,902 - DEBUG - DNS解析重试中 us.616049.xyz: [Errno -2] Name or service not known
2026-02-01 16:36:22,918 - DEBUG - DNS解析重试中 us.616049.xyz: [Errno -2] Name or service not known
2026-02-01 16:36:23,929 - DEBUG - DNS解析重试中 us.616049.xyz: [Errno -2] Name or service not known
2026-02-01 16:36:24,931 - WARNING - [us.616049.xyz (LAX)] ├─ 无有效DNS记录，触发紧急更新
2026-02-01 16:49:23,198 - ERROR - CFST更新失败: None
2026-02-01 16:49:23,198 - INFO - --------------------------------------------------
2026-02-01 16:49:23,198 - INFO - [de.616049.xyz (FRA)] 开始处理节点维护
2026-02-01 16:49:23,220 - DEBUG - DNS解析重试中 de.616049.xyz: [Errno -2] Name or service not known
2026-02-01 16:49:24,237 - DEBUG - DNS解析重试中 de.616049.xyz: [Errno -2] Name or service not known
2026-02-01 16:49:25,250 - DEBUG - DNS解析重试中 de.616049.xyz: [Errno -2] Name or service not known
2026-02-01 16:49:26,251 - WARNING - [de.616049.xyz (FRA)] ├─ 无有效DNS记录，触发紧急更新
2026-02-01 17:02:28,497 - ERROR - CFST更新失败: None
2026-02-01 17:02:28,500 - DEBUG - Starting new HTTPS connection (1): api.telegram.org:443
