2026-06-18 16:38:06,138 - INFO - 启动维护任务 | 协议类型: IPV4
2026-06-18 16:38:06,138 - INFO - --------------------------------------------------
2026-06-18 16:38:06,138 - INFO - [hk.616049.xyz (HKG)] 开始处理节点维护
2026-06-18 16:38:06,183 - DEBUG - DNS解析重试中 hk.616049.xyz: [Errno -2] Name or service not known
2026-06-18 16:38:07,205 - DEBUG - DNS解析重试中 hk.616049.xyz: [Errno -2] Name or service not known
2026-06-18 16:38:08,239 - DEBUG - DNS解析重试中 hk.616049.xyz: [Errno -2] Name or service not known
2026-06-18 16:38:09,241 - WARNING - [hk.616049.xyz (HKG)] ├─ 无有效DNS记录，触发紧急更新
2026-06-18 16:50:43,596 - ERROR - CFST更新失败: None
2026-06-18 16:50:43,596 - INFO - --------------------------------------------------
2026-06-18 16:50:43,596 - INFO - [us.616049.xyz (LAX)] 开始处理节点维护
2026-06-18 16:50:43,629 - DEBUG - DNS解析重试中 us.616049.xyz: [Errno -2] Name or service not known
2026-06-18 16:50:44,702 - DEBUG - DNS解析重试中 us.616049.xyz: [Errno -2] Name or service not known
2026-06-18 16:50:45,725 - DEBUG - DNS解析重试中 us.616049.xyz: [Errno -2] Name or service not known
2026-06-18 16:50:46,726 - WARNING - [us.616049.xyz (LAX)] ├─ 无有效DNS记录，触发紧急更新
2026-06-18 17:03:21,900 - ERROR - CFST更新失败: None
2026-06-18 17:03:21,901 - INFO - --------------------------------------------------
2026-06-18 17:03:21,901 - INFO - [de.616049.xyz (FRA)] 开始处理节点维护
2026-06-18 17:03:21,937 - DEBUG - DNS解析重试中 de.616049.xyz: [Errno -2] Name or service not known
2026-06-18 17:03:22,945 - DEBUG - DNS解析重试中 de.616049.xyz: [Errno -2] Name or service not known
2026-06-18 17:03:23,970 - DEBUG - DNS解析重试中 de.616049.xyz: [Errno -2] Name or service not known
2026-06-18 17:03:24,971 - WARNING - [de.616049.xyz (FRA)] ├─ 无有效DNS记录，触发紧急更新
2026-06-18 17:15:59,542 - ERROR - CFST更新失败: None
2026-06-18 17:15:59,546 - DEBUG - Starting new HTTPS connection (1): api.telegram.org:443
2026-06-18 17:15:59,871 - DEBUG - https://api.telegram.org:443 "POST /bot/sendMessage HTTP/1.1" 404 55
