2026-02-25 12:12:49,214 - INFO - 启动维护任务 | 协议类型: IPV4
2026-02-25 12:12:49,214 - INFO - --------------------------------------------------
2026-02-25 12:12:49,214 - INFO - [hk.616049.xyz (HKG)] 开始处理节点维护
2026-02-25 12:12:49,244 - DEBUG - DNS解析重试中 hk.616049.xyz: [Errno -2] Name or service not known
2026-02-25 12:12:50,275 - DEBUG - DNS解析重试中 hk.616049.xyz: [Errno -2] Name or service not known
2026-02-25 12:12:51,306 - DEBUG - DNS解析重试中 hk.616049.xyz: [Errno -2] Name or service not known
2026-02-25 12:12:52,307 - WARNING - [hk.616049.xyz (HKG)] ├─ 无有效DNS记录，触发紧急更新
2026-02-25 12:25:51,753 - ERROR - CFST更新失败: None
2026-02-25 12:25:51,754 - INFO - --------------------------------------------------
2026-02-25 12:25:51,754 - INFO - [us.616049.xyz (LAX)] 开始处理节点维护
2026-02-25 12:25:51,784 - DEBUG - DNS解析重试中 us.616049.xyz: [Errno -2] Name or service not known
2026-02-25 12:25:52,815 - DEBUG - DNS解析重试中 us.616049.xyz: [Errno -2] Name or service not known
2026-02-25 12:25:53,846 - DEBUG - DNS解析重试中 us.616049.xyz: [Errno -2] Name or service not known
2026-02-25 12:25:54,847 - WARNING - [us.616049.xyz (LAX)] ├─ 无有效DNS记录，触发紧急更新
2026-02-25 12:38:53,824 - ERROR - CFST更新失败: None
2026-02-25 12:38:53,824 - INFO - --------------------------------------------------
2026-02-25 12:38:53,824 - INFO - [de.616049.xyz (FRA)] 开始处理节点维护
2026-02-25 12:38:53,854 - DEBUG - DNS解析重试中 de.616049.xyz: [Errno -2] Name or service not known
2026-02-25 12:38:54,885 - DEBUG - DNS解析重试中 de.616049.xyz: [Errno -2] Name or service not known
2026-02-25 12:38:55,917 - DEBUG - DNS解析重试中 de.616049.xyz: [Errno -2] Name or service not known
2026-02-25 12:38:56,918 - WARNING - [de.616049.xyz (FRA)] ├─ 无有效DNS记录，触发紧急更新
2026-02-25 12:51:56,657 - ERROR - CFST更新失败: None
2026-02-25 12:51:56,660 - DEBUG - Starting new HTTPS connection (1): api.telegram.org:443
2026-02-25 12:51:57,070 - DEBUG - https://api.telegram.org:443 "POST /bot/sendMessage HTTP/1.1" 404 55
