2026-04-11 14:52:29,224 - INFO - 启动维护任务 | 协议类型: IPV4
2026-04-11 14:52:29,224 - INFO - --------------------------------------------------
2026-04-11 14:52:29,224 - INFO - [hk.616049.xyz (HKG)] 开始处理节点维护
2026-04-11 14:52:29,237 - DEBUG - DNS解析重试中 hk.616049.xyz: [Errno -2] Name or service not known
2026-04-11 14:52:30,256 - DEBUG - DNS解析重试中 hk.616049.xyz: [Errno -2] Name or service not known
2026-04-11 14:52:31,265 - DEBUG - DNS解析重试中 hk.616049.xyz: [Errno -2] Name or service not known
2026-04-11 14:52:32,266 - WARNING - [hk.616049.xyz (HKG)] ├─ 无有效DNS记录，触发紧急更新
2026-04-11 15:05:29,823 - ERROR - CFST更新失败: None
2026-04-11 15:05:29,824 - INFO - --------------------------------------------------
2026-04-11 15:05:29,824 - INFO - [us.616049.xyz (LAX)] 开始处理节点维护
2026-04-11 15:05:29,839 - DEBUG - DNS解析重试中 us.616049.xyz: [Errno -2] Name or service not known
2026-04-11 15:05:30,849 - DEBUG - DNS解析重试中 us.616049.xyz: [Errno -2] Name or service not known
2026-04-11 15:05:31,860 - DEBUG - DNS解析重试中 us.616049.xyz: [Errno -2] Name or service not known
2026-04-11 15:05:32,861 - WARNING - [us.616049.xyz (LAX)] ├─ 无有效DNS记录，触发紧急更新
2026-04-11 15:18:30,167 - ERROR - CFST更新失败: None
2026-04-11 15:18:30,167 - INFO - --------------------------------------------------
2026-04-11 15:18:30,167 - INFO - [de.616049.xyz (FRA)] 开始处理节点维护
2026-04-11 15:18:30,176 - DEBUG - DNS解析重试中 de.616049.xyz: [Errno -2] Name or service not known
2026-04-11 15:18:31,188 - DEBUG - DNS解析重试中 de.616049.xyz: [Errno -2] Name or service not known
2026-04-11 15:18:32,207 - DEBUG - DNS解析重试中 de.616049.xyz: [Errno -2] Name or service not known
2026-04-11 15:18:33,209 - WARNING - [de.616049.xyz (FRA)] ├─ 无有效DNS记录，触发紧急更新
2026-04-11 15:31:30,750 - ERROR - CFST更新失败: None
2026-04-11 15:31:30,754 - DEBUG - Starting new HTTPS connection (1): api.telegram.org:443
2026-04-11 15:31:31,051 - DEBUG - https://api.telegram.org:443 "POST /bot/sendMessage HTTP/1.1" 404 55
