2026-07-07 18:47:45,097 - INFO - 启动维护任务 | 协议类型: IPV4
2026-07-07 18:47:45,098 - INFO - --------------------------------------------------
2026-07-07 18:47:45,098 - INFO - [hk.616049.xyz (HKG)] 开始处理节点维护
2026-07-07 18:47:45,129 - DEBUG - DNS解析重试中 hk.616049.xyz: [Errno -5] No address associated with hostname
2026-07-07 18:47:46,159 - DEBUG - DNS解析重试中 hk.616049.xyz: [Errno -5] No address associated with hostname
2026-07-07 18:47:47,199 - DEBUG - DNS解析重试中 hk.616049.xyz: [Errno -5] No address associated with hostname
2026-07-07 18:47:48,200 - WARNING - [hk.616049.xyz (HKG)] ├─ 无有效DNS记录，触发紧急更新
2026-07-07 19:00:23,354 - ERROR - CFST更新失败: None
2026-07-07 19:00:23,354 - INFO - --------------------------------------------------
2026-07-07 19:00:23,355 - INFO - [us.616049.xyz (LAX)] 开始处理节点维护
2026-07-07 19:00:23,520 - DEBUG - DNS解析重试中 us.616049.xyz: [Errno -5] No address associated with hostname
2026-07-07 19:00:24,550 - DEBUG - DNS解析重试中 us.616049.xyz: [Errno -5] No address associated with hostname
2026-07-07 19:00:25,576 - DEBUG - DNS解析重试中 us.616049.xyz: [Errno -5] No address associated with hostname
2026-07-07 19:00:26,578 - WARNING - [us.616049.xyz (LAX)] ├─ 无有效DNS记录，触发紧急更新
2026-07-07 19:13:02,191 - ERROR - CFST更新失败: None
2026-07-07 19:13:02,191 - INFO - --------------------------------------------------
2026-07-07 19:13:02,191 - INFO - [de.616049.xyz (FRA)] 开始处理节点维护
2026-07-07 19:13:02,218 - DEBUG - DNS解析重试中 de.616049.xyz: [Errno -5] No address associated with hostname
2026-07-07 19:13:03,251 - DEBUG - DNS解析重试中 de.616049.xyz: [Errno -5] No address associated with hostname
2026-07-07 19:13:04,274 - DEBUG - DNS解析重试中 de.616049.xyz: [Errno -5] No address associated with hostname
2026-07-07 19:13:05,275 - WARNING - [de.616049.xyz (FRA)] ├─ 无有效DNS记录，触发紧急更新
2026-07-07 19:25:40,268 - ERROR - CFST更新失败: None
2026-07-07 19:25:40,272 - DEBUG - Starting new HTTPS connection (1): api.telegram.org:443
2026-07-07 19:25:40,563 - DEBUG - https://api.telegram.org:443 "POST /bot/sendMessage HTTP/1.1" 404 55
