2026-07-08 13:14:05,213 - INFO - 启动维护任务 | 协议类型: IPV4
2026-07-08 13:14:05,213 - INFO - --------------------------------------------------
2026-07-08 13:14:05,213 - INFO - [hk.616049.xyz (HKG)] 开始处理节点维护
2026-07-08 13:14:05,223 - DEBUG - DNS解析重试中 hk.616049.xyz: [Errno -5] No address associated with hostname
2026-07-08 13:14:06,249 - DEBUG - DNS解析重试中 hk.616049.xyz: [Errno -5] No address associated with hostname
2026-07-08 13:14:07,267 - DEBUG - DNS解析重试中 hk.616049.xyz: [Errno -5] No address associated with hostname
2026-07-08 13:14:08,269 - WARNING - [hk.616049.xyz (HKG)] ├─ 无有效DNS记录，触发紧急更新
2026-07-08 13:26:42,131 - ERROR - CFST更新失败: None
2026-07-08 13:26:42,131 - INFO - --------------------------------------------------
2026-07-08 13:26:42,131 - INFO - [us.616049.xyz (LAX)] 开始处理节点维护
2026-07-08 13:26:42,142 - DEBUG - DNS解析重试中 us.616049.xyz: [Errno -5] No address associated with hostname
2026-07-08 13:26:43,153 - DEBUG - DNS解析重试中 us.616049.xyz: [Errno -5] No address associated with hostname
2026-07-08 13:26:44,172 - DEBUG - DNS解析重试中 us.616049.xyz: [Errno -5] No address associated with hostname
2026-07-08 13:26:45,174 - WARNING - [us.616049.xyz (LAX)] ├─ 无有效DNS记录，触发紧急更新
2026-07-08 13:39:19,070 - ERROR - CFST更新失败: None
2026-07-08 13:39:19,071 - INFO - --------------------------------------------------
2026-07-08 13:39:19,071 - INFO - [de.616049.xyz (FRA)] 开始处理节点维护
2026-07-08 13:39:19,089 - DEBUG - DNS解析重试中 de.616049.xyz: [Errno -5] No address associated with hostname
2026-07-08 13:39:20,102 - DEBUG - DNS解析重试中 de.616049.xyz: [Errno -5] No address associated with hostname
2026-07-08 13:39:21,108 - DEBUG - DNS解析重试中 de.616049.xyz: [Errno -5] No address associated with hostname
2026-07-08 13:39:22,110 - WARNING - [de.616049.xyz (FRA)] ├─ 无有效DNS记录，触发紧急更新
2026-07-08 13:51:55,075 - ERROR - CFST更新失败: None
2026-07-08 13:51:55,079 - DEBUG - Starting new HTTPS connection (1): api.telegram.org:443
2026-07-08 13:51:55,541 - DEBUG - https://api.telegram.org:443 "POST /bot/sendMessage HTTP/1.1" 404 55
