2026-03-26 02:45:02,338 - INFO - 启动维护任务 | 协议类型: IPV4
2026-03-26 02:45:02,338 - INFO - --------------------------------------------------
2026-03-26 02:45:02,338 - INFO - [hk.616049.xyz (HKG)] 开始处理节点维护
2026-03-26 02:45:02,351 - DEBUG - DNS解析重试中 hk.616049.xyz: [Errno -2] Name or service not known
2026-03-26 02:45:03,360 - DEBUG - DNS解析重试中 hk.616049.xyz: [Errno -2] Name or service not known
2026-03-26 02:45:04,379 - DEBUG - DNS解析重试中 hk.616049.xyz: [Errno -2] Name or service not known
2026-03-26 02:45:05,380 - WARNING - [hk.616049.xyz (HKG)] ├─ 无有效DNS记录，触发紧急更新
2026-03-26 02:58:01,553 - ERROR - CFST更新失败: None
2026-03-26 02:58:01,553 - INFO - --------------------------------------------------
2026-03-26 02:58:01,553 - INFO - [us.616049.xyz (LAX)] 开始处理节点维护
2026-03-26 02:58:01,560 - DEBUG - DNS解析重试中 us.616049.xyz: [Errno -2] Name or service not known
2026-03-26 02:58:02,569 - DEBUG - DNS解析重试中 us.616049.xyz: [Errno -2] Name or service not known
2026-03-26 02:58:03,579 - DEBUG - DNS解析重试中 us.616049.xyz: [Errno -2] Name or service not known
2026-03-26 02:58:04,580 - WARNING - [us.616049.xyz (LAX)] ├─ 无有效DNS记录，触发紧急更新
2026-03-26 03:11:01,989 - ERROR - CFST更新失败: None
2026-03-26 03:11:01,989 - INFO - --------------------------------------------------
2026-03-26 03:11:01,989 - INFO - [de.616049.xyz (FRA)] 开始处理节点维护
2026-03-26 03:11:02,009 - DEBUG - DNS解析重试中 de.616049.xyz: [Errno -2] Name or service not known
2026-03-26 03:11:03,019 - DEBUG - DNS解析重试中 de.616049.xyz: [Errno -2] Name or service not known
2026-03-26 03:11:04,035 - DEBUG - DNS解析重试中 de.616049.xyz: [Errno -2] Name or service not known
2026-03-26 03:11:05,037 - WARNING - [de.616049.xyz (FRA)] ├─ 无有效DNS记录，触发紧急更新
2026-03-26 03:24:00,765 - ERROR - CFST更新失败: None
2026-03-26 03:24:00,769 - DEBUG - Starting new HTTPS connection (1): api.telegram.org:443
2026-03-26 03:24:01,055 - DEBUG - https://api.telegram.org:443 "POST /bot/sendMessage HTTP/1.1" 404 55
