2026-03-19 02:49:56,981 - INFO - 启动维护任务 | 协议类型: IPV4
2026-03-19 02:49:56,981 - INFO - --------------------------------------------------
2026-03-19 02:49:56,981 - INFO - [hk.616049.xyz (HKG)] 开始处理节点维护
2026-03-19 02:49:57,007 - DEBUG - DNS解析重试中 hk.616049.xyz: [Errno -2] Name or service not known
2026-03-19 02:49:58,027 - DEBUG - DNS解析重试中 hk.616049.xyz: [Errno -2] Name or service not known
2026-03-19 02:49:59,050 - DEBUG - DNS解析重试中 hk.616049.xyz: [Errno -2] Name or service not known
2026-03-19 02:50:00,051 - WARNING - [hk.616049.xyz (HKG)] ├─ 无有效DNS记录，触发紧急更新
2026-03-19 03:02:53,585 - ERROR - CFST更新失败: None
2026-03-19 03:02:53,585 - INFO - --------------------------------------------------
2026-03-19 03:02:53,585 - INFO - [us.616049.xyz (LAX)] 开始处理节点维护
2026-03-19 03:02:53,613 - DEBUG - DNS解析重试中 us.616049.xyz: [Errno -2] Name or service not known
2026-03-19 03:02:54,650 - DEBUG - DNS解析重试中 us.616049.xyz: [Errno -2] Name or service not known
2026-03-19 03:02:55,672 - DEBUG - DNS解析重试中 us.616049.xyz: [Errno -2] Name or service not known
2026-03-19 03:02:56,674 - WARNING - [us.616049.xyz (LAX)] ├─ 无有效DNS记录，触发紧急更新
2026-03-19 03:15:49,584 - ERROR - CFST更新失败: None
2026-03-19 03:15:49,584 - INFO - --------------------------------------------------
2026-03-19 03:15:49,585 - INFO - [de.616049.xyz (FRA)] 开始处理节点维护
2026-03-19 03:15:49,615 - DEBUG - DNS解析重试中 de.616049.xyz: [Errno -2] Name or service not known
2026-03-19 03:15:50,841 - DEBUG - DNS解析重试中 de.616049.xyz: [Errno -2] Name or service not known
2026-03-19 03:15:51,882 - DEBUG - DNS解析重试中 de.616049.xyz: [Errno -2] Name or service not known
2026-03-19 03:15:52,883 - WARNING - [de.616049.xyz (FRA)] ├─ 无有效DNS记录，触发紧急更新
2026-03-19 03:28:46,147 - ERROR - CFST更新失败: None
2026-03-19 03:28:46,152 - DEBUG - Starting new HTTPS connection (1): api.telegram.org:443
2026-03-19 03:28:46,486 - DEBUG - https://api.telegram.org:443 "POST /bot/sendMessage HTTP/1.1" 404 55
