2026-03-05 12:05:28,839 - INFO - 启动维护任务 | 协议类型: IPV4
2026-03-05 12:05:28,840 - INFO - --------------------------------------------------
2026-03-05 12:05:28,840 - INFO - [hk.616049.xyz (HKG)] 开始处理节点维护
2026-03-05 12:05:28,861 - DEBUG - DNS解析重试中 hk.616049.xyz: [Errno -2] Name or service not known
2026-03-05 12:05:29,880 - DEBUG - DNS解析重试中 hk.616049.xyz: [Errno -2] Name or service not known
2026-03-05 12:05:30,895 - DEBUG - DNS解析重试中 hk.616049.xyz: [Errno -2] Name or service not known
2026-03-05 12:05:31,896 - WARNING - [hk.616049.xyz (HKG)] ├─ 无有效DNS记录，触发紧急更新
2026-03-05 12:18:24,714 - ERROR - CFST更新失败: None
2026-03-05 12:18:24,714 - INFO - --------------------------------------------------
2026-03-05 12:18:24,714 - INFO - [us.616049.xyz (LAX)] 开始处理节点维护
2026-03-05 12:18:24,721 - DEBUG - DNS解析重试中 us.616049.xyz: [Errno -2] Name or service not known
2026-03-05 12:18:25,748 - DEBUG - DNS解析重试中 us.616049.xyz: [Errno -2] Name or service not known
2026-03-05 12:18:26,762 - DEBUG - DNS解析重试中 us.616049.xyz: [Errno -2] Name or service not known
2026-03-05 12:18:27,764 - WARNING - [us.616049.xyz (LAX)] ├─ 无有效DNS记录，触发紧急更新
2026-03-05 12:31:20,159 - ERROR - CFST更新失败: None
2026-03-05 12:31:20,160 - INFO - --------------------------------------------------
2026-03-05 12:31:20,160 - INFO - [de.616049.xyz (FRA)] 开始处理节点维护
2026-03-05 12:31:20,167 - DEBUG - DNS解析重试中 de.616049.xyz: [Errno -2] Name or service not known
2026-03-05 12:31:21,192 - DEBUG - DNS解析重试中 de.616049.xyz: [Errno -2] Name or service not known
2026-03-05 12:31:22,220 - DEBUG - DNS解析重试中 de.616049.xyz: [Errno -2] Name or service not known
2026-03-05 12:31:23,221 - WARNING - [de.616049.xyz (FRA)] ├─ 无有效DNS记录，触发紧急更新
2026-03-05 12:44:16,175 - ERROR - CFST更新失败: None
2026-03-05 12:44:16,179 - DEBUG - Starting new HTTPS connection (1): api.telegram.org:443
2026-03-05 12:44:16,685 - DEBUG - https://api.telegram.org:443 "POST /bot/sendMessage HTTP/1.1" 404 55
