2026-02-02 00:20:12,187 - INFO - 启动维护任务 | 协议类型: IPV4
2026-02-02 00:20:12,187 - INFO - --------------------------------------------------
2026-02-02 00:20:12,188 - INFO - [hk.616049.xyz (HKG)] 开始处理节点维护
2026-02-02 00:20:12,201 - DEBUG - DNS解析重试中 hk.616049.xyz: [Errno -2] Name or service not known
2026-02-02 00:20:13,207 - DEBUG - DNS解析重试中 hk.616049.xyz: [Errno -2] Name or service not known
2026-02-02 00:20:14,224 - DEBUG - DNS解析重试中 hk.616049.xyz: [Errno -2] Name or service not known
2026-02-02 00:20:15,225 - WARNING - [hk.616049.xyz (HKG)] ├─ 无有效DNS记录，触发紧急更新
2026-02-02 00:33:30,599 - ERROR - CFST更新失败: None
2026-02-02 00:33:30,600 - INFO - --------------------------------------------------
2026-02-02 00:33:30,600 - INFO - [us.616049.xyz (LAX)] 开始处理节点维护
2026-02-02 00:33:30,947 - DEBUG - DNS解析重试中 us.616049.xyz: [Errno -2] Name or service not known
2026-02-02 00:33:31,979 - DEBUG - DNS解析重试中 us.616049.xyz: [Errno -2] Name or service not known
2026-02-02 00:33:32,998 - DEBUG - DNS解析重试中 us.616049.xyz: [Errno -2] Name or service not known
2026-02-02 00:33:33,999 - WARNING - [us.616049.xyz (LAX)] ├─ 无有效DNS记录，触发紧急更新
2026-02-02 00:46:43,406 - ERROR - CFST更新失败: None
2026-02-02 00:46:43,407 - INFO - --------------------------------------------------
2026-02-02 00:46:43,407 - INFO - [de.616049.xyz (FRA)] 开始处理节点维护
2026-02-02 00:46:43,424 - DEBUG - DNS解析重试中 de.616049.xyz: [Errno -2] Name or service not known
2026-02-02 00:46:44,460 - DEBUG - DNS解析重试中 de.616049.xyz: [Errno -2] Name or service not known
2026-02-02 00:46:45,487 - DEBUG - DNS解析重试中 de.616049.xyz: [Errno -2] Name or service not known
2026-02-02 00:46:46,489 - WARNING - [de.616049.xyz (FRA)] ├─ 无有效DNS记录，触发紧急更新
2026-02-02 00:59:55,671 - ERROR - CFST更新失败: None
2026-02-02 00:59:55,674 - DEBUG - Starting new HTTPS connection (1): api.telegram.org:443
2026-02-02 00:59:56,130 - DEBUG - https://api.telegram.org:443 "POST /bot/sendMessage HTTP/1.1" 404 55
