2026-04-05 06:20:55,854 - INFO - 启动维护任务 | 协议类型: IPV4
2026-04-05 06:20:55,854 - INFO - --------------------------------------------------
2026-04-05 06:20:55,854 - INFO - [hk.616049.xyz (HKG)] 开始处理节点维护
2026-04-05 06:20:55,867 - DEBUG - DNS解析重试中 hk.616049.xyz: [Errno -2] Name or service not known
2026-04-05 06:20:56,892 - DEBUG - DNS解析重试中 hk.616049.xyz: [Errno -2] Name or service not known
2026-04-05 06:20:57,912 - DEBUG - DNS解析重试中 hk.616049.xyz: [Errno -2] Name or service not known
2026-04-05 06:20:58,913 - WARNING - [hk.616049.xyz (HKG)] ├─ 无有效DNS记录，触发紧急更新
2026-04-05 06:33:54,196 - ERROR - CFST更新失败: None
2026-04-05 06:33:54,196 - INFO - --------------------------------------------------
2026-04-05 06:33:54,196 - INFO - [us.616049.xyz (LAX)] 开始处理节点维护
2026-04-05 06:33:54,257 - DEBUG - DNS解析重试中 us.616049.xyz: [Errno -2] Name or service not known
2026-04-05 06:33:55,269 - DEBUG - DNS解析重试中 us.616049.xyz: [Errno -2] Name or service not known
2026-04-05 06:33:56,287 - DEBUG - DNS解析重试中 us.616049.xyz: [Errno -2] Name or service not known
2026-04-05 06:33:57,289 - WARNING - [us.616049.xyz (LAX)] ├─ 无有效DNS记录，触发紧急更新
2026-04-05 06:46:52,368 - ERROR - CFST更新失败: None
2026-04-05 06:46:52,369 - INFO - --------------------------------------------------
2026-04-05 06:46:52,369 - INFO - [de.616049.xyz (FRA)] 开始处理节点维护
2026-04-05 06:46:52,401 - DEBUG - DNS解析重试中 de.616049.xyz: [Errno -2] Name or service not known
2026-04-05 06:46:53,415 - DEBUG - DNS解析重试中 de.616049.xyz: [Errno -2] Name or service not known
2026-04-05 06:46:54,425 - DEBUG - DNS解析重试中 de.616049.xyz: [Errno -2] Name or service not known
2026-04-05 06:46:55,427 - WARNING - [de.616049.xyz (FRA)] ├─ 无有效DNS记录，触发紧急更新
2026-04-05 06:59:50,578 - ERROR - CFST更新失败: None
2026-04-05 06:59:50,582 - DEBUG - Starting new HTTPS connection (1): api.telegram.org:443
2026-04-05 06:59:50,880 - DEBUG - https://api.telegram.org:443 "POST /bot/sendMessage HTTP/1.1" 404 55
