2026-04-06 12:38:41,462 - INFO - 启动维护任务 | 协议类型: IPV4
2026-04-06 12:38:41,462 - INFO - --------------------------------------------------
2026-04-06 12:38:41,462 - INFO - [hk.616049.xyz (HKG)] 开始处理节点维护
2026-04-06 12:38:41,474 - DEBUG - DNS解析重试中 hk.616049.xyz: [Errno -2] Name or service not known
2026-04-06 12:38:42,495 - DEBUG - DNS解析重试中 hk.616049.xyz: [Errno -2] Name or service not known
2026-04-06 12:38:43,505 - DEBUG - DNS解析重试中 hk.616049.xyz: [Errno -2] Name or service not known
2026-04-06 12:38:44,506 - WARNING - [hk.616049.xyz (HKG)] ├─ 无有效DNS记录，触发紧急更新
2026-04-06 12:51:39,713 - ERROR - CFST更新失败: None
2026-04-06 12:51:39,713 - INFO - --------------------------------------------------
2026-04-06 12:51:39,713 - INFO - [us.616049.xyz (LAX)] 开始处理节点维护
2026-04-06 12:51:39,726 - DEBUG - DNS解析重试中 us.616049.xyz: [Errno -2] Name or service not known
2026-04-06 12:51:40,738 - DEBUG - DNS解析重试中 us.616049.xyz: [Errno -2] Name or service not known
2026-04-06 12:51:41,751 - DEBUG - DNS解析重试中 us.616049.xyz: [Errno -2] Name or service not known
2026-04-06 12:51:42,752 - WARNING - [us.616049.xyz (LAX)] ├─ 无有效DNS记录，触发紧急更新
2026-04-06 13:04:38,055 - ERROR - CFST更新失败: None
2026-04-06 13:04:38,055 - INFO - --------------------------------------------------
2026-04-06 13:04:38,055 - INFO - [de.616049.xyz (FRA)] 开始处理节点维护
2026-04-06 13:04:38,065 - DEBUG - DNS解析重试中 de.616049.xyz: [Errno -2] Name or service not known
2026-04-06 13:04:39,093 - DEBUG - DNS解析重试中 de.616049.xyz: [Errno -2] Name or service not known
2026-04-06 13:04:40,105 - DEBUG - DNS解析重试中 de.616049.xyz: [Errno -2] Name or service not known
2026-04-06 13:04:41,106 - WARNING - [de.616049.xyz (FRA)] ├─ 无有效DNS记录，触发紧急更新
2026-04-06 13:17:36,374 - ERROR - CFST更新失败: None
2026-04-06 13:17:36,377 - DEBUG - Starting new HTTPS connection (1): api.telegram.org:443
2026-04-06 13:17:36,677 - DEBUG - https://api.telegram.org:443 "POST /bot/sendMessage HTTP/1.1" 404 55
