2026-07-03 06:57:36,901 - INFO - 启动维护任务 | 协议类型: IPV4
2026-07-03 06:57:36,901 - INFO - --------------------------------------------------
2026-07-03 06:57:36,901 - INFO - [hk.616049.xyz (HKG)] 开始处理节点维护
2026-07-03 06:57:36,958 - DEBUG - DNS解析重试中 hk.616049.xyz: [Errno -5] No address associated with hostname
2026-07-03 06:57:38,022 - DEBUG - DNS解析重试中 hk.616049.xyz: [Errno -5] No address associated with hostname
2026-07-03 06:57:39,072 - DEBUG - DNS解析重试中 hk.616049.xyz: [Errno -5] No address associated with hostname
2026-07-03 06:57:40,073 - WARNING - [hk.616049.xyz (HKG)] ├─ 无有效DNS记录，触发紧急更新
2026-07-03 07:10:11,704 - ERROR - CFST更新失败: None
2026-07-03 07:10:11,704 - INFO - --------------------------------------------------
2026-07-03 07:10:11,704 - INFO - [us.616049.xyz (LAX)] 开始处理节点维护
2026-07-03 07:10:11,777 - DEBUG - DNS解析重试中 us.616049.xyz: [Errno -5] No address associated with hostname
2026-07-03 07:10:12,861 - DEBUG - DNS解析重试中 us.616049.xyz: [Errno -5] No address associated with hostname
2026-07-03 07:10:13,912 - DEBUG - DNS解析重试中 us.616049.xyz: [Errno -5] No address associated with hostname
2026-07-03 07:10:14,913 - WARNING - [us.616049.xyz (LAX)] ├─ 无有效DNS记录，触发紧急更新
2026-07-03 07:22:46,899 - ERROR - CFST更新失败: None
2026-07-03 07:22:46,899 - INFO - --------------------------------------------------
2026-07-03 07:22:46,899 - INFO - [de.616049.xyz (FRA)] 开始处理节点维护
2026-07-03 07:22:46,948 - DEBUG - DNS解析重试中 de.616049.xyz: [Errno -5] No address associated with hostname
2026-07-03 07:22:47,953 - DEBUG - DNS解析重试中 de.616049.xyz: [Errno -5] No address associated with hostname
2026-07-03 07:22:49,003 - DEBUG - DNS解析重试中 de.616049.xyz: [Errno -5] No address associated with hostname
2026-07-03 07:22:50,005 - WARNING - [de.616049.xyz (FRA)] ├─ 无有效DNS记录，触发紧急更新
2026-07-03 07:35:22,668 - ERROR - CFST更新失败: None
2026-07-03 07:35:22,671 - DEBUG - Starting new HTTPS connection (1): api.telegram.org:443
2026-07-03 07:35:23,226 - DEBUG - https://api.telegram.org:443 "POST /bot/sendMessage HTTP/1.1" 404 55
