2026-03-20 20:39:48,831 - INFO - 启动维护任务 | 协议类型: IPV4
2026-03-20 20:39:48,831 - INFO - --------------------------------------------------
2026-03-20 20:39:48,831 - INFO - [hk.616049.xyz (HKG)] 开始处理节点维护
2026-03-20 20:39:48,853 - DEBUG - DNS解析重试中 hk.616049.xyz: [Errno -2] Name or service not known
2026-03-20 20:39:49,875 - DEBUG - DNS解析重试中 hk.616049.xyz: [Errno -2] Name or service not known
2026-03-20 20:39:50,883 - DEBUG - DNS解析重试中 hk.616049.xyz: [Errno -2] Name or service not known
2026-03-20 20:39:51,884 - WARNING - [hk.616049.xyz (HKG)] ├─ 无有效DNS记录，触发紧急更新
2026-03-20 20:52:45,691 - ERROR - CFST更新失败: None
2026-03-20 20:52:45,691 - INFO - --------------------------------------------------
2026-03-20 20:52:45,691 - INFO - [us.616049.xyz (LAX)] 开始处理节点维护
2026-03-20 20:52:45,712 - DEBUG - DNS解析重试中 us.616049.xyz: [Errno -2] Name or service not known
2026-03-20 20:52:46,719 - DEBUG - DNS解析重试中 us.616049.xyz: [Errno -2] Name or service not known
2026-03-20 20:52:47,743 - DEBUG - DNS解析重试中 us.616049.xyz: [Errno -2] Name or service not known
2026-03-20 20:52:48,745 - WARNING - [us.616049.xyz (LAX)] ├─ 无有效DNS记录，触发紧急更新
2026-03-20 21:05:41,667 - ERROR - CFST更新失败: None
2026-03-20 21:05:41,668 - INFO - --------------------------------------------------
2026-03-20 21:05:41,668 - INFO - [de.616049.xyz (FRA)] 开始处理节点维护
2026-03-20 21:05:41,721 - DEBUG - DNS解析重试中 de.616049.xyz: [Errno -2] Name or service not known
2026-03-20 21:05:42,761 - DEBUG - DNS解析重试中 de.616049.xyz: [Errno -2] Name or service not known
2026-03-20 21:05:43,794 - DEBUG - DNS解析重试中 de.616049.xyz: [Errno -2] Name or service not known
2026-03-20 21:05:44,795 - WARNING - [de.616049.xyz (FRA)] ├─ 无有效DNS记录，触发紧急更新
2026-03-20 21:18:38,318 - ERROR - CFST更新失败: None
2026-03-20 21:18:38,322 - DEBUG - Starting new HTTPS connection (1): api.telegram.org:443
2026-03-20 21:18:38,656 - DEBUG - https://api.telegram.org:443 "POST /bot/sendMessage HTTP/1.1" 404 55
