2026-06-28 18:21:39,626 - INFO - 启动维护任务 | 协议类型: IPV4
2026-06-28 18:21:39,626 - INFO - --------------------------------------------------
2026-06-28 18:21:39,626 - INFO - [hk.616049.xyz (HKG)] 开始处理节点维护
2026-06-28 18:21:39,640 - DEBUG - DNS解析重试中 hk.616049.xyz: [Errno -2] Name or service not known
2026-06-28 18:21:40,654 - DEBUG - DNS解析重试中 hk.616049.xyz: [Errno -2] Name or service not known
2026-06-28 18:21:41,659 - DEBUG - DNS解析重试中 hk.616049.xyz: [Errno -2] Name or service not known
2026-06-28 18:21:42,660 - WARNING - [hk.616049.xyz (HKG)] ├─ 无有效DNS记录，触发紧急更新
2026-06-28 18:34:13,577 - ERROR - CFST更新失败: None
2026-06-28 18:34:13,578 - INFO - --------------------------------------------------
2026-06-28 18:34:13,578 - INFO - [us.616049.xyz (LAX)] 开始处理节点维护
2026-06-28 18:34:13,595 - DEBUG - DNS解析重试中 us.616049.xyz: [Errno -2] Name or service not known
2026-06-28 18:34:14,616 - DEBUG - DNS解析重试中 us.616049.xyz: [Errno -2] Name or service not known
2026-06-28 18:34:15,631 - DEBUG - DNS解析重试中 us.616049.xyz: [Errno -2] Name or service not known
2026-06-28 18:34:16,632 - WARNING - [us.616049.xyz (LAX)] ├─ 无有效DNS记录，触发紧急更新
2026-06-28 18:46:46,703 - ERROR - CFST更新失败: None
2026-06-28 18:46:46,703 - INFO - --------------------------------------------------
2026-06-28 18:46:46,703 - INFO - [de.616049.xyz (FRA)] 开始处理节点维护
2026-06-28 18:46:46,714 - DEBUG - DNS解析重试中 de.616049.xyz: [Errno -2] Name or service not known
2026-06-28 18:46:47,721 - DEBUG - DNS解析重试中 de.616049.xyz: [Errno -2] Name or service not known
2026-06-28 18:46:48,733 - DEBUG - DNS解析重试中 de.616049.xyz: [Errno -2] Name or service not known
2026-06-28 18:46:49,734 - WARNING - [de.616049.xyz (FRA)] ├─ 无有效DNS记录，触发紧急更新
2026-06-28 18:59:20,889 - ERROR - CFST更新失败: None
2026-06-28 18:59:20,892 - DEBUG - Starting new HTTPS connection (1): api.telegram.org:443
2026-06-28 18:59:21,346 - DEBUG - https://api.telegram.org:443 "POST /bot/sendMessage HTTP/1.1" 404 55
