2026-05-08 19:04:42,349 - INFO - 启动维护任务 | 协议类型: IPV4
2026-05-08 19:04:42,349 - INFO - --------------------------------------------------
2026-05-08 19:04:42,349 - INFO - [hk.616049.xyz (HKG)] 开始处理节点维护
2026-05-08 19:04:42,372 - DEBUG - DNS解析重试中 hk.616049.xyz: [Errno -2] Name or service not known
2026-05-08 19:04:43,387 - DEBUG - DNS解析重试中 hk.616049.xyz: [Errno -2] Name or service not known
2026-05-08 19:04:44,402 - DEBUG - DNS解析重试中 hk.616049.xyz: [Errno -2] Name or service not known
2026-05-08 19:04:45,403 - WARNING - [hk.616049.xyz (HKG)] ├─ 无有效DNS记录，触发紧急更新
2026-05-08 19:17:23,163 - ERROR - CFST更新失败: None
2026-05-08 19:17:23,163 - INFO - --------------------------------------------------
2026-05-08 19:17:23,163 - INFO - [us.616049.xyz (LAX)] 开始处理节点维护
2026-05-08 19:17:23,176 - DEBUG - DNS解析重试中 us.616049.xyz: [Errno -2] Name or service not known
2026-05-08 19:17:24,201 - DEBUG - DNS解析重试中 us.616049.xyz: [Errno -2] Name or service not known
2026-05-08 19:17:25,232 - DEBUG - DNS解析重试中 us.616049.xyz: [Errno -2] Name or service not known
2026-05-08 19:17:26,233 - WARNING - [us.616049.xyz (LAX)] ├─ 无有效DNS记录，触发紧急更新
2026-05-08 19:30:03,479 - ERROR - CFST更新失败: None
2026-05-08 19:30:03,479 - INFO - --------------------------------------------------
2026-05-08 19:30:03,479 - INFO - [de.616049.xyz (FRA)] 开始处理节点维护
2026-05-08 19:30:03,510 - DEBUG - DNS解析重试中 de.616049.xyz: [Errno -2] Name or service not known
2026-05-08 19:30:04,517 - DEBUG - DNS解析重试中 de.616049.xyz: [Errno -2] Name or service not known
2026-05-08 19:30:05,553 - DEBUG - DNS解析重试中 de.616049.xyz: [Errno -2] Name or service not known
2026-05-08 19:30:06,554 - WARNING - [de.616049.xyz (FRA)] ├─ 无有效DNS记录，触发紧急更新
2026-05-08 19:42:43,557 - ERROR - CFST更新失败: None
2026-05-08 19:42:43,561 - DEBUG - Starting new HTTPS connection (1): api.telegram.org:443
2026-05-08 19:42:44,012 - DEBUG - https://api.telegram.org:443 "POST /bot/sendMessage HTTP/1.1" 404 55
