2026-07-12 16:02:57,148 - INFO - 启动维护任务 | 协议类型: IPV4
2026-07-12 16:02:57,148 - INFO - --------------------------------------------------
2026-07-12 16:02:57,148 - INFO - [hk.616049.xyz (HKG)] 开始处理节点维护
2026-07-12 16:02:57,323 - DEBUG - DNS解析重试中 hk.616049.xyz: [Errno -5] No address associated with hostname
2026-07-12 16:02:58,363 - DEBUG - DNS解析重试中 hk.616049.xyz: [Errno -5] No address associated with hostname
2026-07-12 16:02:59,389 - DEBUG - DNS解析重试中 hk.616049.xyz: [Errno -5] No address associated with hostname
2026-07-12 16:03:00,390 - WARNING - [hk.616049.xyz (HKG)] ├─ 无有效DNS记录，触发紧急更新
2026-07-12 16:15:31,000 - ERROR - CFST更新失败: None
2026-07-12 16:15:31,001 - INFO - --------------------------------------------------
2026-07-12 16:15:31,001 - INFO - [us.616049.xyz (LAX)] 开始处理节点维护
2026-07-12 16:15:31,033 - DEBUG - DNS解析重试中 us.616049.xyz: [Errno -5] No address associated with hostname
2026-07-12 16:15:32,073 - DEBUG - DNS解析重试中 us.616049.xyz: [Errno -5] No address associated with hostname
2026-07-12 16:15:33,173 - DEBUG - DNS解析重试中 us.616049.xyz: [Errno -5] No address associated with hostname
2026-07-12 16:15:34,174 - WARNING - [us.616049.xyz (LAX)] ├─ 无有效DNS记录，触发紧急更新
2026-07-12 16:28:04,118 - ERROR - CFST更新失败: None
2026-07-12 16:28:04,119 - INFO - --------------------------------------------------
2026-07-12 16:28:04,119 - INFO - [de.616049.xyz (FRA)] 开始处理节点维护
2026-07-12 16:28:04,146 - DEBUG - DNS解析重试中 de.616049.xyz: [Errno -5] No address associated with hostname
2026-07-12 16:28:05,182 - DEBUG - DNS解析重试中 de.616049.xyz: [Errno -5] No address associated with hostname
2026-07-12 16:28:06,228 - DEBUG - DNS解析重试中 de.616049.xyz: [Errno -5] No address associated with hostname
2026-07-12 16:28:07,229 - WARNING - [de.616049.xyz (FRA)] ├─ 无有效DNS记录，触发紧急更新
2026-07-12 16:40:37,633 - ERROR - CFST更新失败: None
2026-07-12 16:40:37,636 - DEBUG - Starting new HTTPS connection (1): api.telegram.org:443
2026-07-12 16:40:37,960 - DEBUG - https://api.telegram.org:443 "POST /bot/sendMessage HTTP/1.1" 404 55
