2026-06-22 23:13:26,093 - INFO - 启动维护任务 | 协议类型: IPV4
2026-06-22 23:13:26,093 - INFO - --------------------------------------------------
2026-06-22 23:13:26,093 - INFO - [hk.616049.xyz (HKG)] 开始处理节点维护
2026-06-22 23:13:26,112 - DEBUG - DNS解析重试中 hk.616049.xyz: [Errno -2] Name or service not known
2026-06-22 23:13:27,129 - DEBUG - DNS解析重试中 hk.616049.xyz: [Errno -2] Name or service not known
2026-06-22 23:13:28,154 - DEBUG - DNS解析重试中 hk.616049.xyz: [Errno -2] Name or service not known
2026-06-22 23:13:29,155 - WARNING - [hk.616049.xyz (HKG)] ├─ 无有效DNS记录，触发紧急更新
2026-06-22 23:26:05,299 - ERROR - CFST更新失败: None
2026-06-22 23:26:05,299 - INFO - --------------------------------------------------
2026-06-22 23:26:05,299 - INFO - [us.616049.xyz (LAX)] 开始处理节点维护
2026-06-22 23:26:05,314 - DEBUG - DNS解析重试中 us.616049.xyz: [Errno -2] Name or service not known
2026-06-22 23:26:06,414 - DEBUG - DNS解析重试中 us.616049.xyz: [Errno -2] Name or service not known
2026-06-22 23:26:07,437 - DEBUG - DNS解析重试中 us.616049.xyz: [Errno -2] Name or service not known
2026-06-22 23:26:08,438 - WARNING - [us.616049.xyz (LAX)] ├─ 无有效DNS记录，触发紧急更新
2026-06-22 23:38:45,431 - ERROR - CFST更新失败: None
2026-06-22 23:38:45,431 - INFO - --------------------------------------------------
2026-06-22 23:38:45,431 - INFO - [de.616049.xyz (FRA)] 开始处理节点维护
2026-06-22 23:38:45,448 - DEBUG - DNS解析重试中 de.616049.xyz: [Errno -2] Name or service not known
2026-06-22 23:38:46,463 - DEBUG - DNS解析重试中 de.616049.xyz: [Errno -2] Name or service not known
2026-06-22 23:38:47,496 - DEBUG - DNS解析重试中 de.616049.xyz: [Errno -2] Name or service not known
2026-06-22 23:38:48,497 - WARNING - [de.616049.xyz (FRA)] ├─ 无有效DNS记录，触发紧急更新
2026-06-22 23:51:25,690 - ERROR - CFST更新失败: None
2026-06-22 23:51:25,694 - DEBUG - Starting new HTTPS connection (1): api.telegram.org:443
2026-06-22 23:51:25,989 - DEBUG - https://api.telegram.org:443 "POST /bot/sendMessage HTTP/1.1" 404 55
