2026-03-16 16:46:58,666 - INFO - 启动维护任务 | 协议类型: IPV4
2026-03-16 16:46:58,666 - INFO - --------------------------------------------------
2026-03-16 16:46:58,666 - INFO - [hk.616049.xyz (HKG)] 开始处理节点维护
2026-03-16 16:46:58,707 - DEBUG - DNS解析重试中 hk.616049.xyz: [Errno -2] Name or service not known
2026-03-16 16:46:59,740 - DEBUG - DNS解析重试中 hk.616049.xyz: [Errno -2] Name or service not known
2026-03-16 16:47:00,780 - DEBUG - DNS解析重试中 hk.616049.xyz: [Errno -2] Name or service not known
2026-03-16 16:47:01,782 - WARNING - [hk.616049.xyz (HKG)] ├─ 无有效DNS记录，触发紧急更新
2026-03-16 16:59:58,151 - ERROR - CFST更新失败: None
2026-03-16 16:59:58,151 - INFO - --------------------------------------------------
2026-03-16 16:59:58,151 - INFO - [us.616049.xyz (LAX)] 开始处理节点维护
2026-03-16 16:59:58,200 - DEBUG - DNS解析重试中 us.616049.xyz: [Errno -2] Name or service not known
2026-03-16 16:59:59,237 - DEBUG - DNS解析重试中 us.616049.xyz: [Errno -2] Name or service not known
2026-03-16 17:00:00,291 - DEBUG - DNS解析重试中 us.616049.xyz: [Errno -2] Name or service not known
2026-03-16 17:00:01,293 - WARNING - [us.616049.xyz (LAX)] ├─ 无有效DNS记录，触发紧急更新
2026-03-16 17:12:57,109 - ERROR - CFST更新失败: None
2026-03-16 17:12:57,110 - INFO - --------------------------------------------------
2026-03-16 17:12:57,110 - INFO - [de.616049.xyz (FRA)] 开始处理节点维护
2026-03-16 17:12:57,145 - DEBUG - DNS解析重试中 de.616049.xyz: [Errno -2] Name or service not known
2026-03-16 17:12:58,178 - DEBUG - DNS解析重试中 de.616049.xyz: [Errno -2] Name or service not known
2026-03-16 17:12:59,208 - DEBUG - DNS解析重试中 de.616049.xyz: [Errno -2] Name or service not known
2026-03-16 17:13:00,209 - WARNING - [de.616049.xyz (FRA)] ├─ 无有效DNS记录，触发紧急更新
2026-03-16 17:25:55,897 - ERROR - CFST更新失败: None
2026-03-16 17:25:55,901 - DEBUG - Starting new HTTPS connection (1): api.telegram.org:443
2026-03-16 17:25:56,301 - DEBUG - https://api.telegram.org:443 "POST /bot/sendMessage HTTP/1.1" 404 55
