2026-06-15 05:01:24,606 - INFO - 启动维护任务 | 协议类型: IPV4
2026-06-15 05:01:24,606 - INFO - --------------------------------------------------
2026-06-15 05:01:24,607 - INFO - [hk.616049.xyz (HKG)] 开始处理节点维护
2026-06-15 05:01:24,641 - DEBUG - DNS解析重试中 hk.616049.xyz: [Errno -2] Name or service not known
2026-06-15 05:01:25,684 - DEBUG - DNS解析重试中 hk.616049.xyz: [Errno -2] Name or service not known
2026-06-15 05:01:26,718 - DEBUG - DNS解析重试中 hk.616049.xyz: [Errno -2] Name or service not known
2026-06-15 05:01:27,718 - WARNING - [hk.616049.xyz (HKG)] ├─ 无有效DNS记录，触发紧急更新
2026-06-15 05:14:05,189 - ERROR - CFST更新失败: None
2026-06-15 05:14:05,189 - INFO - --------------------------------------------------
2026-06-15 05:14:05,190 - INFO - [us.616049.xyz (LAX)] 开始处理节点维护
2026-06-15 05:14:05,222 - DEBUG - DNS解析重试中 us.616049.xyz: [Errno -2] Name or service not known
2026-06-15 05:14:06,259 - DEBUG - DNS解析重试中 us.616049.xyz: [Errno -2] Name or service not known
2026-06-15 05:14:07,289 - DEBUG - DNS解析重试中 us.616049.xyz: [Errno -2] Name or service not known
2026-06-15 05:14:08,290 - WARNING - [us.616049.xyz (LAX)] ├─ 无有效DNS记录，触发紧急更新
2026-06-15 05:26:44,105 - ERROR - CFST更新失败: None
2026-06-15 05:26:44,105 - INFO - --------------------------------------------------
2026-06-15 05:26:44,105 - INFO - [de.616049.xyz (FRA)] 开始处理节点维护
2026-06-15 05:26:44,136 - DEBUG - DNS解析重试中 de.616049.xyz: [Errno -2] Name or service not known
2026-06-15 05:26:45,167 - DEBUG - DNS解析重试中 de.616049.xyz: [Errno -2] Name or service not known
2026-06-15 05:26:46,173 - DEBUG - DNS解析重试中 de.616049.xyz: [Errno -2] Name or service not known
2026-06-15 05:26:47,175 - WARNING - [de.616049.xyz (FRA)] ├─ 无有效DNS记录，触发紧急更新
2026-06-15 05:39:23,212 - ERROR - CFST更新失败: None
2026-06-15 05:39:23,215 - DEBUG - Starting new HTTPS connection (1): api.telegram.org:443
2026-06-15 05:39:23,644 - DEBUG - https://api.telegram.org:443 "POST /bot/sendMessage HTTP/1.1" 404 55
