2026-04-20 00:30:35,083 - INFO - 启动维护任务 | 协议类型: IPV4
2026-04-20 00:30:35,083 - INFO - --------------------------------------------------
2026-04-20 00:30:35,083 - INFO - [hk.616049.xyz (HKG)] 开始处理节点维护
2026-04-20 00:30:35,172 - DEBUG - DNS解析重试中 hk.616049.xyz: [Errno -2] Name or service not known
2026-04-20 00:30:36,194 - DEBUG - DNS解析重试中 hk.616049.xyz: [Errno -2] Name or service not known
2026-04-20 00:30:37,204 - DEBUG - DNS解析重试中 hk.616049.xyz: [Errno -2] Name or service not known
2026-04-20 00:30:38,206 - WARNING - [hk.616049.xyz (HKG)] ├─ 无有效DNS记录，触发紧急更新
2026-04-20 00:43:35,297 - ERROR - CFST更新失败: None
2026-04-20 00:43:35,297 - INFO - --------------------------------------------------
2026-04-20 00:43:35,297 - INFO - [us.616049.xyz (LAX)] 开始处理节点维护
2026-04-20 00:43:35,320 - DEBUG - DNS解析重试中 us.616049.xyz: [Errno -2] Name or service not known
2026-04-20 00:43:36,344 - DEBUG - DNS解析重试中 us.616049.xyz: [Errno -2] Name or service not known
2026-04-20 00:43:37,367 - DEBUG - DNS解析重试中 us.616049.xyz: [Errno -2] Name or service not known
2026-04-20 00:43:38,369 - WARNING - [us.616049.xyz (LAX)] ├─ 无有效DNS记录，触发紧急更新
2026-04-20 00:56:34,353 - ERROR - CFST更新失败: None
2026-04-20 00:56:34,353 - INFO - --------------------------------------------------
2026-04-20 00:56:34,353 - INFO - [de.616049.xyz (FRA)] 开始处理节点维护
2026-04-20 00:56:34,376 - DEBUG - DNS解析重试中 de.616049.xyz: [Errno -2] Name or service not known
2026-04-20 00:56:35,401 - DEBUG - DNS解析重试中 de.616049.xyz: [Errno -2] Name or service not known
2026-04-20 00:56:36,427 - DEBUG - DNS解析重试中 de.616049.xyz: [Errno -2] Name or service not known
2026-04-20 00:56:37,428 - WARNING - [de.616049.xyz (FRA)] ├─ 无有效DNS记录，触发紧急更新
2026-04-20 01:09:33,280 - ERROR - CFST更新失败: None
2026-04-20 01:09:33,284 - DEBUG - Starting new HTTPS connection (1): api.telegram.org:443
2026-04-20 01:09:33,789 - DEBUG - https://api.telegram.org:443 "POST /bot/sendMessage HTTP/1.1" 404 55
