2026-06-08 05:02:07,752 - INFO - 启动维护任务 | 协议类型: IPV4
2026-06-08 05:02:07,752 - INFO - --------------------------------------------------
2026-06-08 05:02:07,752 - INFO - [hk.616049.xyz (HKG)] 开始处理节点维护
2026-06-08 05:02:07,783 - DEBUG - DNS解析重试中 hk.616049.xyz: [Errno -2] Name or service not known
2026-06-08 05:02:08,815 - DEBUG - DNS解析重试中 hk.616049.xyz: [Errno -2] Name or service not known
2026-06-08 05:02:09,823 - DEBUG - DNS解析重试中 hk.616049.xyz: [Errno -2] Name or service not known
2026-06-08 05:02:10,824 - WARNING - [hk.616049.xyz (HKG)] ├─ 无有效DNS记录，触发紧急更新
2026-06-08 05:14:51,549 - ERROR - CFST更新失败: None
2026-06-08 05:14:51,549 - INFO - --------------------------------------------------
2026-06-08 05:14:51,549 - INFO - [us.616049.xyz (LAX)] 开始处理节点维护
2026-06-08 05:14:51,591 - DEBUG - DNS解析重试中 us.616049.xyz: [Errno -2] Name or service not known
2026-06-08 05:14:52,705 - DEBUG - DNS解析重试中 us.616049.xyz: [Errno -2] Name or service not known
2026-06-08 05:14:53,759 - DEBUG - DNS解析重试中 us.616049.xyz: [Errno -2] Name or service not known
2026-06-08 05:14:54,760 - WARNING - [us.616049.xyz (LAX)] ├─ 无有效DNS记录，触发紧急更新
2026-06-08 05:27:34,860 - ERROR - CFST更新失败: None
2026-06-08 05:27:34,860 - INFO - --------------------------------------------------
2026-06-08 05:27:34,860 - INFO - [de.616049.xyz (FRA)] 开始处理节点维护
2026-06-08 05:27:34,897 - DEBUG - DNS解析重试中 de.616049.xyz: [Errno -2] Name or service not known
2026-06-08 05:27:35,931 - DEBUG - DNS解析重试中 de.616049.xyz: [Errno -2] Name or service not known
2026-06-08 05:27:36,967 - DEBUG - DNS解析重试中 de.616049.xyz: [Errno -2] Name or service not known
2026-06-08 05:27:37,968 - WARNING - [de.616049.xyz (FRA)] ├─ 无有效DNS记录，触发紧急更新
2026-06-08 05:40:18,129 - ERROR - CFST更新失败: None
2026-06-08 05:40:18,133 - DEBUG - Starting new HTTPS connection (1): api.telegram.org:443
2026-06-08 05:40:18,557 - DEBUG - https://api.telegram.org:443 "POST /bot/sendMessage HTTP/1.1" 404 55
