2026-05-03 20:51:55,726 - INFO - 启动维护任务 | 协议类型: IPV4
2026-05-03 20:51:55,726 - INFO - --------------------------------------------------
2026-05-03 20:51:55,726 - INFO - [hk.616049.xyz (HKG)] 开始处理节点维护
2026-05-03 20:51:55,753 - DEBUG - DNS解析重试中 hk.616049.xyz: [Errno -2] Name or service not known
2026-05-03 20:51:56,776 - DEBUG - DNS解析重试中 hk.616049.xyz: [Errno -2] Name or service not known
2026-05-03 20:51:57,793 - DEBUG - DNS解析重试中 hk.616049.xyz: [Errno -2] Name or service not known
2026-05-03 20:51:58,794 - WARNING - [hk.616049.xyz (HKG)] ├─ 无有效DNS记录，触发紧急更新
2026-05-03 21:04:52,183 - ERROR - CFST更新失败: None
2026-05-03 21:04:52,184 - INFO - --------------------------------------------------
2026-05-03 21:04:52,184 - INFO - [us.616049.xyz (LAX)] 开始处理节点维护
2026-05-03 21:04:52,208 - DEBUG - DNS解析重试中 us.616049.xyz: [Errno -2] Name or service not known
2026-05-03 21:04:53,232 - DEBUG - DNS解析重试中 us.616049.xyz: [Errno -2] Name or service not known
2026-05-03 21:04:54,245 - DEBUG - DNS解析重试中 us.616049.xyz: [Errno -2] Name or service not known
2026-05-03 21:04:55,247 - WARNING - [us.616049.xyz (LAX)] ├─ 无有效DNS记录，触发紧急更新
2026-05-03 21:17:48,658 - ERROR - CFST更新失败: None
2026-05-03 21:17:48,658 - INFO - --------------------------------------------------
2026-05-03 21:17:48,658 - INFO - [de.616049.xyz (FRA)] 开始处理节点维护
2026-05-03 21:17:48,698 - DEBUG - DNS解析重试中 de.616049.xyz: [Errno -2] Name or service not known
2026-05-03 21:17:49,721 - DEBUG - DNS解析重试中 de.616049.xyz: [Errno -2] Name or service not known
2026-05-03 21:17:50,745 - DEBUG - DNS解析重试中 de.616049.xyz: [Errno -2] Name or service not known
2026-05-03 21:17:51,747 - WARNING - [de.616049.xyz (FRA)] ├─ 无有效DNS记录，触发紧急更新
2026-05-03 21:30:45,174 - ERROR - CFST更新失败: None
2026-05-03 21:30:45,177 - DEBUG - Starting new HTTPS connection (1): api.telegram.org:443
2026-05-03 21:30:45,640 - DEBUG - https://api.telegram.org:443 "POST /bot/sendMessage HTTP/1.1" 404 55
