2026-04-07 06:28:09,562 - INFO - 启动维护任务 | 协议类型: IPV4
2026-04-07 06:28:09,562 - INFO - --------------------------------------------------
2026-04-07 06:28:09,562 - INFO - [hk.616049.xyz (HKG)] 开始处理节点维护
2026-04-07 06:28:09,575 - DEBUG - DNS解析重试中 hk.616049.xyz: [Errno -2] Name or service not known
2026-04-07 06:28:10,585 - DEBUG - DNS解析重试中 hk.616049.xyz: [Errno -2] Name or service not known
2026-04-07 06:28:11,626 - DEBUG - DNS解析重试中 hk.616049.xyz: [Errno -2] Name or service not known
2026-04-07 06:28:12,627 - WARNING - [hk.616049.xyz (HKG)] ├─ 无有效DNS记录，触发紧急更新
2026-04-07 06:41:07,994 - ERROR - CFST更新失败: None
2026-04-07 06:41:07,994 - INFO - --------------------------------------------------
2026-04-07 06:41:07,994 - INFO - [us.616049.xyz (LAX)] 开始处理节点维护
2026-04-07 06:41:08,002 - DEBUG - DNS解析重试中 us.616049.xyz: [Errno -2] Name or service not known
2026-04-07 06:41:09,012 - DEBUG - DNS解析重试中 us.616049.xyz: [Errno -2] Name or service not known
2026-04-07 06:41:10,033 - DEBUG - DNS解析重试中 us.616049.xyz: [Errno -2] Name or service not known
2026-04-07 06:41:11,034 - WARNING - [us.616049.xyz (LAX)] ├─ 无有效DNS记录，触发紧急更新
2026-04-07 06:54:05,679 - ERROR - CFST更新失败: None
2026-04-07 06:54:05,679 - INFO - --------------------------------------------------
2026-04-07 06:54:05,679 - INFO - [de.616049.xyz (FRA)] 开始处理节点维护
2026-04-07 06:54:05,691 - DEBUG - DNS解析重试中 de.616049.xyz: [Errno -2] Name or service not known
2026-04-07 06:54:06,703 - DEBUG - DNS解析重试中 de.616049.xyz: [Errno -2] Name or service not known
2026-04-07 06:54:07,713 - DEBUG - DNS解析重试中 de.616049.xyz: [Errno -2] Name or service not known
2026-04-07 06:54:08,715 - WARNING - [de.616049.xyz (FRA)] ├─ 无有效DNS记录，触发紧急更新
2026-04-07 07:07:03,800 - ERROR - CFST更新失败: None
2026-04-07 07:07:03,803 - DEBUG - Starting new HTTPS connection (1): api.telegram.org:443
2026-04-07 07:07:04,082 - DEBUG - https://api.telegram.org:443 "POST /bot/sendMessage HTTP/1.1" 404 55
