2026-07-08 21:44:10,321 - INFO - 启动维护任务 | 协议类型: IPV4
2026-07-08 21:44:10,321 - INFO - --------------------------------------------------
2026-07-08 21:44:10,321 - INFO - [hk.616049.xyz (HKG)] 开始处理节点维护
2026-07-08 21:44:10,335 - DEBUG - DNS解析重试中 hk.616049.xyz: [Errno -5] No address associated with hostname
2026-07-08 21:44:11,348 - DEBUG - DNS解析重试中 hk.616049.xyz: [Errno -5] No address associated with hostname
2026-07-08 21:44:12,379 - DEBUG - DNS解析重试中 hk.616049.xyz: [Errno -5] No address associated with hostname
2026-07-08 21:44:13,381 - WARNING - [hk.616049.xyz (HKG)] ├─ 无有效DNS记录，触发紧急更新
2026-07-08 21:56:45,007 - ERROR - CFST更新失败: None
2026-07-08 21:56:45,007 - INFO - --------------------------------------------------
2026-07-08 21:56:45,007 - INFO - [us.616049.xyz (LAX)] 开始处理节点维护
2026-07-08 21:56:45,039 - DEBUG - DNS解析重试中 us.616049.xyz: [Errno -5] No address associated with hostname
2026-07-08 21:56:46,059 - DEBUG - DNS解析重试中 us.616049.xyz: [Errno -5] No address associated with hostname
2026-07-08 21:56:47,077 - DEBUG - DNS解析重试中 us.616049.xyz: [Errno -5] No address associated with hostname
2026-07-08 21:56:48,078 - WARNING - [us.616049.xyz (LAX)] ├─ 无有效DNS记录，触发紧急更新
2026-07-08 22:09:19,806 - ERROR - CFST更新失败: None
2026-07-08 22:09:19,807 - INFO - --------------------------------------------------
2026-07-08 22:09:19,807 - INFO - [de.616049.xyz (FRA)] 开始处理节点维护
2026-07-08 22:09:19,818 - DEBUG - DNS解析重试中 de.616049.xyz: [Errno -5] No address associated with hostname
2026-07-08 22:09:20,837 - DEBUG - DNS解析重试中 de.616049.xyz: [Errno -5] No address associated with hostname
2026-07-08 22:09:21,853 - DEBUG - DNS解析重试中 de.616049.xyz: [Errno -5] No address associated with hostname
2026-07-08 22:09:22,854 - WARNING - [de.616049.xyz (FRA)] ├─ 无有效DNS记录，触发紧急更新
2026-07-08 22:21:54,547 - ERROR - CFST更新失败: None
2026-07-08 22:21:54,550 - DEBUG - Starting new HTTPS connection (1): api.telegram.org:443
2026-07-08 22:21:54,827 - DEBUG - https://api.telegram.org:443 "POST /bot/sendMessage HTTP/1.1" 404 55
