2026-02-08 04:18:05,300 - INFO - 启动维护任务 | 协议类型: IPV4
2026-02-08 04:18:05,301 - INFO - --------------------------------------------------
2026-02-08 04:18:05,301 - INFO - [hk.616049.xyz (HKG)] 开始处理节点维护
2026-02-08 04:18:05,312 - DEBUG - DNS解析重试中 hk.616049.xyz: [Errno -2] Name or service not known
2026-02-08 04:18:06,329 - DEBUG - DNS解析重试中 hk.616049.xyz: [Errno -2] Name or service not known
2026-02-08 04:18:07,342 - DEBUG - DNS解析重试中 hk.616049.xyz: [Errno -2] Name or service not known
2026-02-08 04:18:08,343 - WARNING - [hk.616049.xyz (HKG)] ├─ 无有效DNS记录，触发紧急更新
2026-02-08 04:31:05,623 - ERROR - CFST更新失败: None
2026-02-08 04:31:05,623 - INFO - --------------------------------------------------
2026-02-08 04:31:05,623 - INFO - [us.616049.xyz (LAX)] 开始处理节点维护
2026-02-08 04:31:05,660 - DEBUG - DNS解析重试中 us.616049.xyz: [Errno -2] Name or service not known
2026-02-08 04:31:06,681 - DEBUG - DNS解析重试中 us.616049.xyz: [Errno -2] Name or service not known
2026-02-08 04:31:07,702 - DEBUG - DNS解析重试中 us.616049.xyz: [Errno -2] Name or service not known
2026-02-08 04:31:08,703 - WARNING - [us.616049.xyz (LAX)] ├─ 无有效DNS记录，触发紧急更新
2026-02-08 04:44:04,717 - ERROR - CFST更新失败: None
2026-02-08 04:44:04,717 - INFO - --------------------------------------------------
2026-02-08 04:44:04,718 - INFO - [de.616049.xyz (FRA)] 开始处理节点维护
2026-02-08 04:44:04,731 - DEBUG - DNS解析重试中 de.616049.xyz: [Errno -2] Name or service not known
2026-02-08 04:44:05,738 - DEBUG - DNS解析重试中 de.616049.xyz: [Errno -2] Name or service not known
2026-02-08 04:44:06,749 - DEBUG - DNS解析重试中 de.616049.xyz: [Errno -2] Name or service not known
2026-02-08 04:44:07,750 - WARNING - [de.616049.xyz (FRA)] ├─ 无有效DNS记录，触发紧急更新
2026-02-08 04:57:05,882 - ERROR - CFST更新失败: None
2026-02-08 04:57:05,885 - DEBUG - Starting new HTTPS connection (1): api.telegram.org:443
2026-02-08 04:57:06,179 - DEBUG - https://api.telegram.org:443 "POST /bot/sendMessage HTTP/1.1" 404 55
