2026-07-14 04:51:08,581 - INFO - 启动维护任务 | 协议类型: IPV4
2026-07-14 04:51:08,582 - INFO - --------------------------------------------------
2026-07-14 04:51:08,582 - INFO - [hk.616049.xyz (HKG)] 开始处理节点维护
2026-07-14 04:51:08,602 - DEBUG - DNS解析重试中 hk.616049.xyz: [Errno -5] No address associated with hostname
2026-07-14 04:51:09,626 - DEBUG - DNS解析重试中 hk.616049.xyz: [Errno -5] No address associated with hostname
2026-07-14 04:51:10,641 - DEBUG - DNS解析重试中 hk.616049.xyz: [Errno -5] No address associated with hostname
2026-07-14 04:51:11,642 - WARNING - [hk.616049.xyz (HKG)] ├─ 无有效DNS记录，触发紧急更新
2026-07-14 05:03:44,980 - ERROR - CFST更新失败: None
2026-07-14 05:03:44,980 - INFO - --------------------------------------------------
2026-07-14 05:03:44,980 - INFO - [us.616049.xyz (LAX)] 开始处理节点维护
2026-07-14 05:03:44,997 - DEBUG - DNS解析重试中 us.616049.xyz: [Errno -5] No address associated with hostname
2026-07-14 05:03:46,040 - DEBUG - DNS解析重试中 us.616049.xyz: [Errno -5] No address associated with hostname
2026-07-14 05:03:47,054 - DEBUG - DNS解析重试中 us.616049.xyz: [Errno -5] No address associated with hostname
2026-07-14 05:03:48,055 - WARNING - [us.616049.xyz (LAX)] ├─ 无有效DNS记录，触发紧急更新
2026-07-14 05:16:19,463 - ERROR - CFST更新失败: None
2026-07-14 05:16:19,463 - INFO - --------------------------------------------------
2026-07-14 05:16:19,464 - INFO - [de.616049.xyz (FRA)] 开始处理节点维护
2026-07-14 05:16:19,479 - DEBUG - DNS解析重试中 de.616049.xyz: [Errno -5] No address associated with hostname
2026-07-14 05:16:20,492 - DEBUG - DNS解析重试中 de.616049.xyz: [Errno -5] No address associated with hostname
2026-07-14 05:16:21,518 - DEBUG - DNS解析重试中 de.616049.xyz: [Errno -5] No address associated with hostname
2026-07-14 05:16:22,519 - WARNING - [de.616049.xyz (FRA)] ├─ 无有效DNS记录，触发紧急更新
2026-07-14 05:28:54,410 - ERROR - CFST更新失败: None
2026-07-14 05:28:54,413 - DEBUG - Starting new HTTPS connection (1): api.telegram.org:443
2026-07-14 05:28:54,693 - DEBUG - https://api.telegram.org:443 "POST /bot/sendMessage HTTP/1.1" 404 55
