2026-04-10 06:33:39,642 - INFO - 启动维护任务 | 协议类型: IPV4
2026-04-10 06:33:39,642 - INFO - --------------------------------------------------
2026-04-10 06:33:39,642 - INFO - [hk.616049.xyz (HKG)] 开始处理节点维护
2026-04-10 06:33:39,672 - DEBUG - DNS解析重试中 hk.616049.xyz: [Errno -2] Name or service not known
2026-04-10 06:33:40,704 - DEBUG - DNS解析重试中 hk.616049.xyz: [Errno -2] Name or service not known
2026-04-10 06:33:41,736 - DEBUG - DNS解析重试中 hk.616049.xyz: [Errno -2] Name or service not known
2026-04-10 06:33:42,737 - WARNING - [hk.616049.xyz (HKG)] ├─ 无有效DNS记录，触发紧急更新
2026-04-10 06:46:51,021 - ERROR - CFST更新失败: None
2026-04-10 06:46:51,021 - INFO - --------------------------------------------------
2026-04-10 06:46:51,021 - INFO - [us.616049.xyz (LAX)] 开始处理节点维护
2026-04-10 06:46:51,066 - DEBUG - DNS解析重试中 us.616049.xyz: [Errno -2] Name or service not known
2026-04-10 06:46:52,096 - DEBUG - DNS解析重试中 us.616049.xyz: [Errno -2] Name or service not known
2026-04-10 06:46:53,102 - DEBUG - DNS解析重试中 us.616049.xyz: [Errno -2] Name or service not known
2026-04-10 06:46:54,104 - WARNING - [us.616049.xyz (LAX)] ├─ 无有效DNS记录，触发紧急更新
2026-04-10 07:00:02,540 - ERROR - CFST更新失败: None
2026-04-10 07:00:02,540 - INFO - --------------------------------------------------
2026-04-10 07:00:02,540 - INFO - [de.616049.xyz (FRA)] 开始处理节点维护
2026-04-10 07:00:02,570 - DEBUG - DNS解析重试中 de.616049.xyz: [Errno -2] Name or service not known
2026-04-10 07:00:03,584 - DEBUG - DNS解析重试中 de.616049.xyz: [Errno -2] Name or service not known
2026-04-10 07:00:04,597 - DEBUG - DNS解析重试中 de.616049.xyz: [Errno -2] Name or service not known
2026-04-10 07:00:05,598 - WARNING - [de.616049.xyz (FRA)] ├─ 无有效DNS记录，触发紧急更新
2026-04-10 07:13:13,974 - ERROR - CFST更新失败: None
2026-04-10 07:13:13,977 - DEBUG - Starting new HTTPS connection (1): api.telegram.org:443
2026-04-10 07:13:14,408 - DEBUG - https://api.telegram.org:443 "POST /bot/sendMessage HTTP/1.1" 404 55
