2026-07-06 03:04:04,703 - INFO - 启动维护任务 | 协议类型: IPV4
2026-07-06 03:04:04,703 - INFO - --------------------------------------------------
2026-07-06 03:04:04,703 - INFO - [hk.616049.xyz (HKG)] 开始处理节点维护
2026-07-06 03:04:04,738 - DEBUG - DNS解析重试中 hk.616049.xyz: [Errno -5] No address associated with hostname
2026-07-06 03:04:05,777 - DEBUG - DNS解析重试中 hk.616049.xyz: [Errno -5] No address associated with hostname
2026-07-06 03:04:06,845 - DEBUG - DNS解析重试中 hk.616049.xyz: [Errno -5] No address associated with hostname
2026-07-06 03:04:07,846 - WARNING - [hk.616049.xyz (HKG)] ├─ 无有效DNS记录，触发紧急更新
2026-07-06 03:16:41,727 - ERROR - CFST更新失败: None
2026-07-06 03:16:41,728 - INFO - --------------------------------------------------
2026-07-06 03:16:41,728 - INFO - [us.616049.xyz (LAX)] 开始处理节点维护
2026-07-06 03:16:41,765 - DEBUG - DNS解析重试中 us.616049.xyz: [Errno -5] No address associated with hostname
2026-07-06 03:16:42,820 - DEBUG - DNS解析重试中 us.616049.xyz: [Errno -5] No address associated with hostname
2026-07-06 03:16:43,853 - DEBUG - DNS解析重试中 us.616049.xyz: [Errno -5] No address associated with hostname
2026-07-06 03:16:44,854 - WARNING - [us.616049.xyz (LAX)] ├─ 无有效DNS记录，触发紧急更新
2026-07-06 03:29:18,940 - ERROR - CFST更新失败: None
2026-07-06 03:29:18,941 - INFO - --------------------------------------------------
2026-07-06 03:29:18,941 - INFO - [de.616049.xyz (FRA)] 开始处理节点维护
2026-07-06 03:29:18,971 - DEBUG - DNS解析重试中 de.616049.xyz: [Errno -5] No address associated with hostname
2026-07-06 03:29:20,009 - DEBUG - DNS解析重试中 de.616049.xyz: [Errno -5] No address associated with hostname
2026-07-06 03:29:21,265 - DEBUG - DNS解析重试中 de.616049.xyz: [Errno -5] No address associated with hostname
2026-07-06 03:29:22,266 - WARNING - [de.616049.xyz (FRA)] ├─ 无有效DNS记录，触发紧急更新
2026-07-06 03:41:56,634 - ERROR - CFST更新失败: None
2026-07-06 03:41:56,638 - DEBUG - Starting new HTTPS connection (1): api.telegram.org:443
2026-07-06 03:41:56,952 - DEBUG - https://api.telegram.org:443 "POST /bot/sendMessage HTTP/1.1" 404 55
