2026-07-10 03:24:29,905 - INFO - 启动维护任务 | 协议类型: IPV4
2026-07-10 03:24:29,905 - INFO - --------------------------------------------------
2026-07-10 03:24:29,905 - INFO - [hk.616049.xyz (HKG)] 开始处理节点维护
2026-07-10 03:24:29,940 - DEBUG - DNS解析重试中 hk.616049.xyz: [Errno -5] No address associated with hostname
2026-07-10 03:24:30,969 - DEBUG - DNS解析重试中 hk.616049.xyz: [Errno -5] No address associated with hostname
2026-07-10 03:24:31,996 - DEBUG - DNS解析重试中 hk.616049.xyz: [Errno -5] No address associated with hostname
2026-07-10 03:24:32,998 - WARNING - [hk.616049.xyz (HKG)] ├─ 无有效DNS记录，触发紧急更新
2026-07-10 03:37:04,115 - ERROR - CFST更新失败: None
2026-07-10 03:37:04,115 - INFO - --------------------------------------------------
2026-07-10 03:37:04,115 - INFO - [us.616049.xyz (LAX)] 开始处理节点维护
2026-07-10 03:37:04,126 - DEBUG - DNS解析重试中 us.616049.xyz: [Errno -5] No address associated with hostname
2026-07-10 03:37:05,144 - DEBUG - DNS解析重试中 us.616049.xyz: [Errno -5] No address associated with hostname
2026-07-10 03:37:06,418 - DEBUG - DNS解析重试中 us.616049.xyz: [Errno -5] No address associated with hostname
2026-07-10 03:37:07,419 - WARNING - [us.616049.xyz (LAX)] ├─ 无有效DNS记录，触发紧急更新
2026-07-10 03:49:39,049 - ERROR - CFST更新失败: None
2026-07-10 03:49:39,049 - INFO - --------------------------------------------------
2026-07-10 03:49:39,049 - INFO - [de.616049.xyz (FRA)] 开始处理节点维护
2026-07-10 03:49:39,067 - DEBUG - DNS解析重试中 de.616049.xyz: [Errno -5] No address associated with hostname
2026-07-10 03:49:40,091 - DEBUG - DNS解析重试中 de.616049.xyz: [Errno -5] No address associated with hostname
2026-07-10 03:49:41,112 - DEBUG - DNS解析重试中 de.616049.xyz: [Errno -5] No address associated with hostname
2026-07-10 03:49:42,113 - WARNING - [de.616049.xyz (FRA)] ├─ 无有效DNS记录，触发紧急更新
2026-07-10 04:02:13,902 - ERROR - CFST更新失败: None
2026-07-10 04:02:13,906 - DEBUG - Starting new HTTPS connection (1): api.telegram.org:443
2026-07-10 04:02:14,371 - DEBUG - https://api.telegram.org:443 "POST /bot/sendMessage HTTP/1.1" 404 55
