2026-03-31 16:48:36,253 - INFO - 启动维护任务 | 协议类型: IPV4
2026-03-31 16:48:36,253 - INFO - --------------------------------------------------
2026-03-31 16:48:36,253 - INFO - [hk.616049.xyz (HKG)] 开始处理节点维护
2026-03-31 16:48:36,264 - DEBUG - DNS解析重试中 hk.616049.xyz: [Errno -2] Name or service not known
2026-03-31 16:48:37,276 - DEBUG - DNS解析重试中 hk.616049.xyz: [Errno -2] Name or service not known
2026-03-31 16:48:38,300 - DEBUG - DNS解析重试中 hk.616049.xyz: [Errno -2] Name or service not known
2026-03-31 16:48:39,302 - WARNING - [hk.616049.xyz (HKG)] ├─ 无有效DNS记录，触发紧急更新
2026-03-31 17:01:35,368 - ERROR - CFST更新失败: None
2026-03-31 17:01:35,368 - INFO - --------------------------------------------------
2026-03-31 17:01:35,368 - INFO - [us.616049.xyz (LAX)] 开始处理节点维护
2026-03-31 17:01:35,391 - DEBUG - DNS解析重试中 us.616049.xyz: [Errno -2] Name or service not known
2026-03-31 17:01:36,406 - DEBUG - DNS解析重试中 us.616049.xyz: [Errno -2] Name or service not known
2026-03-31 17:01:37,454 - DEBUG - DNS解析重试中 us.616049.xyz: [Errno -2] Name or service not known
2026-03-31 17:01:38,456 - WARNING - [us.616049.xyz (LAX)] ├─ 无有效DNS记录，触发紧急更新
2026-03-31 17:14:34,674 - ERROR - CFST更新失败: None
2026-03-31 17:14:34,675 - INFO - --------------------------------------------------
2026-03-31 17:14:34,675 - INFO - [de.616049.xyz (FRA)] 开始处理节点维护
2026-03-31 17:14:34,686 - DEBUG - DNS解析重试中 de.616049.xyz: [Errno -2] Name or service not known
2026-03-31 17:14:35,697 - DEBUG - DNS解析重试中 de.616049.xyz: [Errno -2] Name or service not known
2026-03-31 17:14:36,757 - DEBUG - DNS解析重试中 de.616049.xyz: [Errno -2] Name or service not known
2026-03-31 17:14:37,759 - WARNING - [de.616049.xyz (FRA)] ├─ 无有效DNS记录，触发紧急更新
2026-03-31 17:27:35,682 - ERROR - CFST更新失败: None
2026-03-31 17:27:35,685 - DEBUG - Starting new HTTPS connection (1): api.telegram.org:443
2026-03-31 17:27:35,982 - DEBUG - https://api.telegram.org:443 "POST /bot/sendMessage HTTP/1.1" 404 55
