2026-02-25 18:42:23,083 - INFO - 启动维护任务 | 协议类型: IPV4
2026-02-25 18:42:23,084 - INFO - --------------------------------------------------
2026-02-25 18:42:23,084 - INFO - [hk.616049.xyz (HKG)] 开始处理节点维护
2026-02-25 18:42:23,130 - DEBUG - DNS解析重试中 hk.616049.xyz: [Errno -2] Name or service not known
2026-02-25 18:42:24,136 - DEBUG - DNS解析重试中 hk.616049.xyz: [Errno -2] Name or service not known
2026-02-25 18:42:25,167 - DEBUG - DNS解析重试中 hk.616049.xyz: [Errno -2] Name or service not known
2026-02-25 18:42:26,168 - WARNING - [hk.616049.xyz (HKG)] ├─ 无有效DNS记录，触发紧急更新
2026-02-25 18:55:26,849 - ERROR - CFST更新失败: None
2026-02-25 18:55:26,850 - INFO - --------------------------------------------------
2026-02-25 18:55:26,850 - INFO - [us.616049.xyz (LAX)] 开始处理节点维护
2026-02-25 18:55:26,885 - DEBUG - DNS解析重试中 us.616049.xyz: [Errno -2] Name or service not known
2026-02-25 18:55:27,915 - DEBUG - DNS解析重试中 us.616049.xyz: [Errno -2] Name or service not known
2026-02-25 18:55:28,920 - DEBUG - DNS解析重试中 us.616049.xyz: [Errno -2] Name or service not known
2026-02-25 18:55:29,922 - WARNING - [us.616049.xyz (LAX)] ├─ 无有效DNS记录，触发紧急更新
2026-02-25 19:08:29,633 - ERROR - CFST更新失败: None
2026-02-25 19:08:29,634 - INFO - --------------------------------------------------
2026-02-25 19:08:29,634 - INFO - [de.616049.xyz (FRA)] 开始处理节点维护
2026-02-25 19:08:29,663 - DEBUG - DNS解析重试中 de.616049.xyz: [Errno -2] Name or service not known
2026-02-25 19:08:30,702 - DEBUG - DNS解析重试中 de.616049.xyz: [Errno -2] Name or service not known
2026-02-25 19:08:31,707 - DEBUG - DNS解析重试中 de.616049.xyz: [Errno -2] Name or service not known
2026-02-25 19:08:32,709 - WARNING - [de.616049.xyz (FRA)] ├─ 无有效DNS记录，触发紧急更新
2026-02-25 19:21:31,931 - ERROR - CFST更新失败: None
2026-02-25 19:21:31,934 - DEBUG - Starting new HTTPS connection (1): api.telegram.org:443
2026-02-25 19:21:32,381 - DEBUG - https://api.telegram.org:443 "POST /bot/sendMessage HTTP/1.1" 404 55
