2026-05-22 15:37:26,555 - INFO - 启动维护任务 | 协议类型: IPV4
2026-05-22 15:37:26,555 - INFO - --------------------------------------------------
2026-05-22 15:37:26,555 - INFO - [hk.616049.xyz (HKG)] 开始处理节点维护
2026-05-22 15:37:26,577 - DEBUG - DNS解析重试中 hk.616049.xyz: [Errno -2] Name or service not known
2026-05-22 15:37:27,602 - DEBUG - DNS解析重试中 hk.616049.xyz: [Errno -2] Name or service not known
2026-05-22 15:37:28,608 - DEBUG - DNS解析重试中 hk.616049.xyz: [Errno -2] Name or service not known
2026-05-22 15:37:29,609 - WARNING - [hk.616049.xyz (HKG)] ├─ 无有效DNS记录，触发紧急更新
2026-05-22 15:50:23,556 - ERROR - CFST更新失败: None
2026-05-22 15:50:23,556 - INFO - --------------------------------------------------
2026-05-22 15:50:23,556 - INFO - [us.616049.xyz (LAX)] 开始处理节点维护
2026-05-22 15:50:23,584 - DEBUG - DNS解析重试中 us.616049.xyz: [Errno -2] Name or service not known
2026-05-22 15:50:24,599 - DEBUG - DNS解析重试中 us.616049.xyz: [Errno -2] Name or service not known
2026-05-22 15:50:25,640 - DEBUG - DNS解析重试中 us.616049.xyz: [Errno -2] Name or service not known
2026-05-22 15:50:26,641 - WARNING - [us.616049.xyz (LAX)] ├─ 无有效DNS记录，触发紧急更新
2026-05-22 16:03:20,620 - ERROR - CFST更新失败: None
2026-05-22 16:03:20,620 - INFO - --------------------------------------------------
2026-05-22 16:03:20,620 - INFO - [de.616049.xyz (FRA)] 开始处理节点维护
2026-05-22 16:03:20,643 - DEBUG - DNS解析重试中 de.616049.xyz: [Errno -2] Name or service not known
2026-05-22 16:03:21,658 - DEBUG - DNS解析重试中 de.616049.xyz: [Errno -2] Name or service not known
2026-05-22 16:03:22,682 - DEBUG - DNS解析重试中 de.616049.xyz: [Errno -2] Name or service not known
2026-05-22 16:03:23,683 - WARNING - [de.616049.xyz (FRA)] ├─ 无有效DNS记录，触发紧急更新
2026-05-22 16:16:17,759 - ERROR - CFST更新失败: None
2026-05-22 16:16:17,763 - DEBUG - Starting new HTTPS connection (1): api.telegram.org:443
2026-05-22 16:16:18,209 - DEBUG - https://api.telegram.org:443 "POST /bot/sendMessage HTTP/1.1" 404 55
