2026-04-14 06:37:01,782 - INFO - 启动维护任务 | 协议类型: IPV4
2026-04-14 06:37:01,783 - INFO - --------------------------------------------------
2026-04-14 06:37:01,783 - INFO - [hk.616049.xyz (HKG)] 开始处理节点维护
2026-04-14 06:37:01,812 - DEBUG - DNS解析重试中 hk.616049.xyz: [Errno -2] Name or service not known
2026-04-14 06:37:02,823 - DEBUG - DNS解析重试中 hk.616049.xyz: [Errno -2] Name or service not known
2026-04-14 06:37:03,835 - DEBUG - DNS解析重试中 hk.616049.xyz: [Errno -2] Name or service not known
2026-04-14 06:37:04,836 - WARNING - [hk.616049.xyz (HKG)] ├─ 无有效DNS记录，触发紧急更新
2026-04-14 06:49:58,538 - ERROR - CFST更新失败: None
2026-04-14 06:49:58,538 - INFO - --------------------------------------------------
2026-04-14 06:49:58,539 - INFO - [us.616049.xyz (LAX)] 开始处理节点维护
2026-04-14 06:49:58,566 - DEBUG - DNS解析重试中 us.616049.xyz: [Errno -2] Name or service not known
2026-04-14 06:49:59,578 - DEBUG - DNS解析重试中 us.616049.xyz: [Errno -2] Name or service not known
2026-04-14 06:50:00,596 - DEBUG - DNS解析重试中 us.616049.xyz: [Errno -2] Name or service not known
2026-04-14 06:50:01,597 - WARNING - [us.616049.xyz (LAX)] ├─ 无有效DNS记录，触发紧急更新
2026-04-14 07:02:55,051 - ERROR - CFST更新失败: None
2026-04-14 07:02:55,051 - INFO - --------------------------------------------------
2026-04-14 07:02:55,051 - INFO - [de.616049.xyz (FRA)] 开始处理节点维护
2026-04-14 07:02:55,062 - DEBUG - DNS解析重试中 de.616049.xyz: [Errno -2] Name or service not known
2026-04-14 07:02:56,074 - DEBUG - DNS解析重试中 de.616049.xyz: [Errno -2] Name or service not known
2026-04-14 07:02:57,086 - DEBUG - DNS解析重试中 de.616049.xyz: [Errno -2] Name or service not known
2026-04-14 07:02:58,087 - WARNING - [de.616049.xyz (FRA)] ├─ 无有效DNS记录，触发紧急更新
2026-04-14 07:15:51,302 - ERROR - CFST更新失败: None
2026-04-14 07:15:51,305 - DEBUG - Starting new HTTPS connection (1): api.telegram.org:443
2026-04-14 07:15:51,603 - DEBUG - https://api.telegram.org:443 "POST /bot/sendMessage HTTP/1.1" 404 55
