2026-04-29 00:03:47,830 - INFO - 启动维护任务 | 协议类型: IPV4
2026-04-29 00:03:47,830 - INFO - --------------------------------------------------
2026-04-29 00:03:47,830 - INFO - [hk.616049.xyz (HKG)] 开始处理节点维护
2026-04-29 00:03:47,865 - DEBUG - DNS解析重试中 hk.616049.xyz: [Errno -2] Name or service not known
2026-04-29 00:03:48,902 - DEBUG - DNS解析重试中 hk.616049.xyz: [Errno -2] Name or service not known
2026-04-29 00:03:49,946 - DEBUG - DNS解析重试中 hk.616049.xyz: [Errno -2] Name or service not known
2026-04-29 00:03:50,948 - WARNING - [hk.616049.xyz (HKG)] ├─ 无有效DNS记录，触发紧急更新
2026-04-29 00:16:46,302 - ERROR - CFST更新失败: None
2026-04-29 00:16:46,302 - INFO - --------------------------------------------------
2026-04-29 00:16:46,302 - INFO - [us.616049.xyz (LAX)] 开始处理节点维护
2026-04-29 00:16:46,329 - DEBUG - DNS解析重试中 us.616049.xyz: [Errno -2] Name or service not known
2026-04-29 00:16:47,366 - DEBUG - DNS解析重试中 us.616049.xyz: [Errno -2] Name or service not known
2026-04-29 00:16:48,403 - DEBUG - DNS解析重试中 us.616049.xyz: [Errno -2] Name or service not known
2026-04-29 00:16:49,405 - WARNING - [us.616049.xyz (LAX)] ├─ 无有效DNS记录，触发紧急更新
2026-04-29 00:29:44,178 - ERROR - CFST更新失败: None
2026-04-29 00:29:44,178 - INFO - --------------------------------------------------
2026-04-29 00:29:44,178 - INFO - [de.616049.xyz (FRA)] 开始处理节点维护
2026-04-29 00:29:44,218 - DEBUG - DNS解析重试中 de.616049.xyz: [Errno -2] Name or service not known
2026-04-29 00:29:45,266 - DEBUG - DNS解析重试中 de.616049.xyz: [Errno -2] Name or service not known
2026-04-29 00:29:46,306 - DEBUG - DNS解析重试中 de.616049.xyz: [Errno -2] Name or service not known
2026-04-29 00:29:47,307 - WARNING - [de.616049.xyz (FRA)] ├─ 无有效DNS记录，触发紧急更新
2026-04-29 00:42:42,455 - ERROR - CFST更新失败: None
2026-04-29 00:42:42,458 - DEBUG - Starting new HTTPS connection (1): api.telegram.org:443
2026-04-29 00:42:42,859 - DEBUG - https://api.telegram.org:443 "POST /bot/sendMessage HTTP/1.1" 404 55
