2026-02-14 09:18:44,444 - INFO - 启动维护任务 | 协议类型: IPV4
2026-02-14 09:18:44,444 - INFO - --------------------------------------------------
2026-02-14 09:18:44,444 - INFO - [hk.616049.xyz (HKG)] 开始处理节点维护
2026-02-14 09:18:44,454 - DEBUG - DNS解析重试中 hk.616049.xyz: [Errno -2] Name or service not known
2026-02-14 09:18:45,468 - DEBUG - DNS解析重试中 hk.616049.xyz: [Errno -2] Name or service not known
2026-02-14 09:18:46,484 - DEBUG - DNS解析重试中 hk.616049.xyz: [Errno -2] Name or service not known
2026-02-14 09:18:47,486 - WARNING - [hk.616049.xyz (HKG)] ├─ 无有效DNS记录，触发紧急更新
2026-02-14 09:31:42,484 - ERROR - CFST更新失败: None
2026-02-14 09:31:42,484 - INFO - --------------------------------------------------
2026-02-14 09:31:42,484 - INFO - [us.616049.xyz (LAX)] 开始处理节点维护
2026-02-14 09:31:42,538 - DEBUG - DNS解析重试中 us.616049.xyz: [Errno -2] Name or service not known
2026-02-14 09:31:43,549 - DEBUG - DNS解析重试中 us.616049.xyz: [Errno -2] Name or service not known
2026-02-14 09:31:44,567 - DEBUG - DNS解析重试中 us.616049.xyz: [Errno -2] Name or service not known
2026-02-14 09:31:45,569 - WARNING - [us.616049.xyz (LAX)] ├─ 无有效DNS记录，触发紧急更新
2026-02-14 09:44:40,743 - ERROR - CFST更新失败: None
2026-02-14 09:44:40,744 - INFO - --------------------------------------------------
2026-02-14 09:44:40,744 - INFO - [de.616049.xyz (FRA)] 开始处理节点维护
2026-02-14 09:44:40,755 - DEBUG - DNS解析重试中 de.616049.xyz: [Errno -2] Name or service not known
2026-02-14 09:44:41,775 - DEBUG - DNS解析重试中 de.616049.xyz: [Errno -2] Name or service not known
2026-02-14 09:44:42,782 - DEBUG - DNS解析重试中 de.616049.xyz: [Errno -2] Name or service not known
2026-02-14 09:44:43,783 - WARNING - [de.616049.xyz (FRA)] ├─ 无有效DNS记录，触发紧急更新
2026-02-14 09:57:38,476 - ERROR - CFST更新失败: None
2026-02-14 09:57:38,480 - DEBUG - Starting new HTTPS connection (1): api.telegram.org:443
2026-02-14 09:57:38,758 - DEBUG - https://api.telegram.org:443 "POST /bot/sendMessage HTTP/1.1" 404 55
