2026-04-27 14:22:46,627 - INFO - 启动维护任务 | 协议类型: IPV4
2026-04-27 14:22:46,627 - INFO - --------------------------------------------------
2026-04-27 14:22:46,627 - INFO - [hk.616049.xyz (HKG)] 开始处理节点维护
2026-04-27 14:22:46,659 - DEBUG - DNS解析重试中 hk.616049.xyz: [Errno -2] Name or service not known
2026-04-27 14:22:47,690 - DEBUG - DNS解析重试中 hk.616049.xyz: [Errno -2] Name or service not known
2026-04-27 14:22:48,696 - DEBUG - DNS解析重试中 hk.616049.xyz: [Errno -2] Name or service not known
2026-04-27 14:22:49,697 - WARNING - [hk.616049.xyz (HKG)] ├─ 无有效DNS记录，触发紧急更新
2026-04-27 14:35:25,588 - ERROR - CFST更新失败: None
2026-04-27 14:35:25,588 - INFO - --------------------------------------------------
2026-04-27 14:35:25,588 - INFO - [us.616049.xyz (LAX)] 开始处理节点维护
2026-04-27 14:35:25,618 - DEBUG - DNS解析重试中 us.616049.xyz: [Errno -2] Name or service not known
2026-04-27 14:35:26,652 - DEBUG - DNS解析重试中 us.616049.xyz: [Errno -2] Name or service not known
2026-04-27 14:35:27,682 - DEBUG - DNS解析重试中 us.616049.xyz: [Errno -2] Name or service not known
2026-04-27 14:35:28,684 - WARNING - [us.616049.xyz (LAX)] ├─ 无有效DNS记录，触发紧急更新
2026-04-27 14:48:03,983 - ERROR - CFST更新失败: None
2026-04-27 14:48:03,983 - INFO - --------------------------------------------------
2026-04-27 14:48:03,983 - INFO - [de.616049.xyz (FRA)] 开始处理节点维护
2026-04-27 14:48:04,013 - DEBUG - DNS解析重试中 de.616049.xyz: [Errno -2] Name or service not known
2026-04-27 14:48:05,052 - DEBUG - DNS解析重试中 de.616049.xyz: [Errno -2] Name or service not known
2026-04-27 14:48:06,068 - DEBUG - DNS解析重试中 de.616049.xyz: [Errno -2] Name or service not known
2026-04-27 14:48:07,070 - WARNING - [de.616049.xyz (FRA)] ├─ 无有效DNS记录，触发紧急更新
2026-04-27 15:00:42,539 - ERROR - CFST更新失败: None
2026-04-27 15:00:42,542 - DEBUG - Starting new HTTPS connection (1): api.telegram.org:443
2026-04-27 15:00:42,955 - DEBUG - https://api.telegram.org:443 "POST /bot/sendMessage HTTP/1.1" 404 55
