2026-03-04 14:37:07,481 - INFO - 启动维护任务 | 协议类型: IPV4
2026-03-04 14:37:07,481 - INFO - --------------------------------------------------
2026-03-04 14:37:07,481 - INFO - [hk.616049.xyz (HKG)] 开始处理节点维护
2026-03-04 14:37:07,490 - DEBUG - DNS解析重试中 hk.616049.xyz: [Errno -2] Name or service not known
2026-03-04 14:37:08,497 - DEBUG - DNS解析重试中 hk.616049.xyz: [Errno -2] Name or service not known
2026-03-04 14:37:09,521 - DEBUG - DNS解析重试中 hk.616049.xyz: [Errno -2] Name or service not known
2026-03-04 14:37:10,522 - WARNING - [hk.616049.xyz (HKG)] ├─ 无有效DNS记录，触发紧急更新
2026-03-04 14:50:04,635 - ERROR - CFST更新失败: None
2026-03-04 14:50:04,635 - INFO - --------------------------------------------------
2026-03-04 14:50:04,635 - INFO - [us.616049.xyz (LAX)] 开始处理节点维护
2026-03-04 14:50:04,667 - DEBUG - DNS解析重试中 us.616049.xyz: [Errno -2] Name or service not known
2026-03-04 14:50:05,675 - DEBUG - DNS解析重试中 us.616049.xyz: [Errno -2] Name or service not known
2026-03-04 14:50:06,683 - DEBUG - DNS解析重试中 us.616049.xyz: [Errno -2] Name or service not known
2026-03-04 14:50:07,684 - WARNING - [us.616049.xyz (LAX)] ├─ 无有效DNS记录，触发紧急更新
2026-03-04 15:03:01,259 - ERROR - CFST更新失败: None
2026-03-04 15:03:01,259 - INFO - --------------------------------------------------
2026-03-04 15:03:01,259 - INFO - [de.616049.xyz (FRA)] 开始处理节点维护
2026-03-04 15:03:01,276 - DEBUG - DNS解析重试中 de.616049.xyz: [Errno -2] Name or service not known
2026-03-04 15:03:02,285 - DEBUG - DNS解析重试中 de.616049.xyz: [Errno -2] Name or service not known
2026-03-04 15:03:03,291 - DEBUG - DNS解析重试中 de.616049.xyz: [Errno -2] Name or service not known
2026-03-04 15:03:04,292 - WARNING - [de.616049.xyz (FRA)] ├─ 无有效DNS记录，触发紧急更新
2026-03-04 15:15:57,354 - ERROR - CFST更新失败: None
2026-03-04 15:15:57,358 - DEBUG - Starting new HTTPS connection (1): api.telegram.org:443
2026-03-04 15:15:57,855 - DEBUG - https://api.telegram.org:443 "POST /bot/sendMessage HTTP/1.1" 404 55
