2026-02-21 20:30:15,682 - INFO - 启动维护任务 | 协议类型: IPV4
2026-02-21 20:30:15,682 - INFO - --------------------------------------------------
2026-02-21 20:30:15,682 - INFO - [hk.616049.xyz (HKG)] 开始处理节点维护
2026-02-21 20:30:15,706 - DEBUG - DNS解析重试中 hk.616049.xyz: [Errno -2] Name or service not known
2026-02-21 20:30:16,721 - DEBUG - DNS解析重试中 hk.616049.xyz: [Errno -2] Name or service not known
2026-02-21 20:30:17,740 - DEBUG - DNS解析重试中 hk.616049.xyz: [Errno -2] Name or service not known
2026-02-21 20:30:18,742 - WARNING - [hk.616049.xyz (HKG)] ├─ 无有效DNS记录，触发紧急更新
2026-02-21 20:43:31,034 - ERROR - CFST更新失败: None
2026-02-21 20:43:31,034 - INFO - --------------------------------------------------
2026-02-21 20:43:31,034 - INFO - [us.616049.xyz (LAX)] 开始处理节点维护
2026-02-21 20:43:31,072 - DEBUG - DNS解析重试中 us.616049.xyz: [Errno -2] Name or service not known
2026-02-21 20:43:32,088 - DEBUG - DNS解析重试中 us.616049.xyz: [Errno -2] Name or service not known
2026-02-21 20:43:33,117 - DEBUG - DNS解析重试中 us.616049.xyz: [Errno -2] Name or service not known
2026-02-21 20:43:34,118 - WARNING - [us.616049.xyz (LAX)] ├─ 无有效DNS记录，触发紧急更新
2026-02-21 20:56:47,162 - ERROR - CFST更新失败: None
2026-02-21 20:56:47,163 - INFO - --------------------------------------------------
2026-02-21 20:56:47,163 - INFO - [de.616049.xyz (FRA)] 开始处理节点维护
2026-02-21 20:56:47,203 - DEBUG - DNS解析重试中 de.616049.xyz: [Errno -2] Name or service not known
2026-02-21 20:56:48,223 - DEBUG - DNS解析重试中 de.616049.xyz: [Errno -2] Name or service not known
2026-02-21 20:56:49,231 - DEBUG - DNS解析重试中 de.616049.xyz: [Errno -2] Name or service not known
2026-02-21 20:56:50,232 - WARNING - [de.616049.xyz (FRA)] ├─ 无有效DNS记录，触发紧急更新
2026-02-21 21:10:02,023 - ERROR - CFST更新失败: None
2026-02-21 21:10:02,027 - DEBUG - Starting new HTTPS connection (1): api.telegram.org:443
2026-02-21 21:10:02,491 - DEBUG - https://api.telegram.org:443 "POST /bot/sendMessage HTTP/1.1" 404 55
