2026-03-01 22:17:34,508 - INFO - 启动维护任务 | 协议类型: IPV4
2026-03-01 22:17:34,508 - INFO - --------------------------------------------------
2026-03-01 22:17:34,508 - INFO - [hk.616049.xyz (HKG)] 开始处理节点维护
2026-03-01 22:17:34,536 - DEBUG - DNS解析重试中 hk.616049.xyz: [Errno -2] Name or service not known
2026-03-01 22:17:35,548 - DEBUG - DNS解析重试中 hk.616049.xyz: [Errno -2] Name or service not known
2026-03-01 22:17:36,570 - DEBUG - DNS解析重试中 hk.616049.xyz: [Errno -2] Name or service not known
2026-03-01 22:17:37,571 - WARNING - [hk.616049.xyz (HKG)] ├─ 无有效DNS记录，触发紧急更新
2026-03-01 22:30:47,358 - ERROR - CFST更新失败: None
2026-03-01 22:30:47,359 - INFO - --------------------------------------------------
2026-03-01 22:30:47,359 - INFO - [us.616049.xyz (LAX)] 开始处理节点维护
2026-03-01 22:30:47,381 - DEBUG - DNS解析重试中 us.616049.xyz: [Errno -2] Name or service not known
2026-03-01 22:30:48,415 - DEBUG - DNS解析重试中 us.616049.xyz: [Errno -2] Name or service not known
2026-03-01 22:30:49,436 - DEBUG - DNS解析重试中 us.616049.xyz: [Errno -2] Name or service not known
2026-03-01 22:30:50,437 - WARNING - [us.616049.xyz (LAX)] ├─ 无有效DNS记录，触发紧急更新
2026-03-01 22:43:54,783 - ERROR - CFST更新失败: None
2026-03-01 22:43:54,784 - INFO - --------------------------------------------------
2026-03-01 22:43:54,784 - INFO - [de.616049.xyz (FRA)] 开始处理节点维护
2026-03-01 22:43:54,833 - DEBUG - DNS解析重试中 de.616049.xyz: [Errno -2] Name or service not known
2026-03-01 22:43:55,856 - DEBUG - DNS解析重试中 de.616049.xyz: [Errno -2] Name or service not known
2026-03-01 22:43:56,870 - DEBUG - DNS解析重试中 de.616049.xyz: [Errno -2] Name or service not known
2026-03-01 22:43:57,871 - WARNING - [de.616049.xyz (FRA)] ├─ 无有效DNS记录，触发紧急更新
2026-03-01 22:57:01,814 - ERROR - CFST更新失败: None
2026-03-01 22:57:01,817 - DEBUG - Starting new HTTPS connection (1): api.telegram.org:443
2026-03-01 22:57:02,151 - DEBUG - https://api.telegram.org:443 "POST /bot/sendMessage HTTP/1.1" 404 55
