2026-05-04 04:34:13,781 - INFO - 启动维护任务 | 协议类型: IPV4
2026-05-04 04:34:13,781 - INFO - --------------------------------------------------
2026-05-04 04:34:13,781 - INFO - [hk.616049.xyz (HKG)] 开始处理节点维护
2026-05-04 04:34:13,790 - DEBUG - DNS解析重试中 hk.616049.xyz: [Errno -2] Name or service not known
2026-05-04 04:34:14,806 - DEBUG - DNS解析重试中 hk.616049.xyz: [Errno -2] Name or service not known
2026-05-04 04:34:15,817 - DEBUG - DNS解析重试中 hk.616049.xyz: [Errno -2] Name or service not known
2026-05-04 04:34:16,818 - WARNING - [hk.616049.xyz (HKG)] ├─ 无有效DNS记录，触发紧急更新
2026-05-04 04:47:14,020 - ERROR - CFST更新失败: None
2026-05-04 04:47:14,020 - INFO - --------------------------------------------------
2026-05-04 04:47:14,020 - INFO - [us.616049.xyz (LAX)] 开始处理节点维护
2026-05-04 04:47:14,039 - DEBUG - DNS解析重试中 us.616049.xyz: [Errno -2] Name or service not known
2026-05-04 04:47:15,055 - DEBUG - DNS解析重试中 us.616049.xyz: [Errno -2] Name or service not known
2026-05-04 04:47:16,073 - DEBUG - DNS解析重试中 us.616049.xyz: [Errno -2] Name or service not known
2026-05-04 04:47:17,075 - WARNING - [us.616049.xyz (LAX)] ├─ 无有效DNS记录，触发紧急更新
2026-05-04 05:00:14,065 - ERROR - CFST更新失败: None
2026-05-04 05:00:14,066 - INFO - --------------------------------------------------
2026-05-04 05:00:14,066 - INFO - [de.616049.xyz (FRA)] 开始处理节点维护
2026-05-04 05:00:14,080 - DEBUG - DNS解析重试中 de.616049.xyz: [Errno -2] Name or service not known
2026-05-04 05:00:15,090 - DEBUG - DNS解析重试中 de.616049.xyz: [Errno -2] Name or service not known
2026-05-04 05:00:16,100 - DEBUG - DNS解析重试中 de.616049.xyz: [Errno -2] Name or service not known
2026-05-04 05:00:17,102 - WARNING - [de.616049.xyz (FRA)] ├─ 无有效DNS记录，触发紧急更新
2026-05-04 05:13:14,251 - ERROR - CFST更新失败: None
2026-05-04 05:13:14,255 - DEBUG - Starting new HTTPS connection (1): api.telegram.org:443
2026-05-04 05:13:14,532 - DEBUG - https://api.telegram.org:443 "POST /bot/sendMessage HTTP/1.1" 404 55
