2026-03-30 09:48:00,958 - INFO - 启动维护任务 | 协议类型: IPV4
2026-03-30 09:48:00,958 - INFO - --------------------------------------------------
2026-03-30 09:48:00,958 - INFO - [hk.616049.xyz (HKG)] 开始处理节点维护
2026-03-30 09:48:00,987 - DEBUG - DNS解析重试中 hk.616049.xyz: [Errno -2] Name or service not known
2026-03-30 09:48:02,010 - DEBUG - DNS解析重试中 hk.616049.xyz: [Errno -2] Name or service not known
2026-03-30 09:48:03,033 - DEBUG - DNS解析重试中 hk.616049.xyz: [Errno -2] Name or service not known
2026-03-30 09:48:04,035 - WARNING - [hk.616049.xyz (HKG)] ├─ 无有效DNS记录，触发紧急更新
2026-03-30 10:00:56,863 - ERROR - CFST更新失败: None
2026-03-30 10:00:56,863 - INFO - --------------------------------------------------
2026-03-30 10:00:56,863 - INFO - [us.616049.xyz (LAX)] 开始处理节点维护
2026-03-30 10:00:56,887 - DEBUG - DNS解析重试中 us.616049.xyz: [Errno -2] Name or service not known
2026-03-30 10:00:57,898 - DEBUG - DNS解析重试中 us.616049.xyz: [Errno -2] Name or service not known
2026-03-30 10:00:58,921 - DEBUG - DNS解析重试中 us.616049.xyz: [Errno -2] Name or service not known
2026-03-30 10:00:59,922 - WARNING - [us.616049.xyz (LAX)] ├─ 无有效DNS记录，触发紧急更新
2026-03-30 10:13:52,613 - ERROR - CFST更新失败: None
2026-03-30 10:13:52,613 - INFO - --------------------------------------------------
2026-03-30 10:13:52,613 - INFO - [de.616049.xyz (FRA)] 开始处理节点维护
2026-03-30 10:13:52,634 - DEBUG - DNS解析重试中 de.616049.xyz: [Errno -2] Name or service not known
2026-03-30 10:13:53,658 - DEBUG - DNS解析重试中 de.616049.xyz: [Errno -2] Name or service not known
2026-03-30 10:13:54,685 - DEBUG - DNS解析重试中 de.616049.xyz: [Errno -2] Name or service not known
2026-03-30 10:13:55,686 - WARNING - [de.616049.xyz (FRA)] ├─ 无有效DNS记录，触发紧急更新
2026-03-30 10:26:48,462 - ERROR - CFST更新失败: None
2026-03-30 10:26:48,465 - DEBUG - Starting new HTTPS connection (1): api.telegram.org:443
2026-03-30 10:26:48,799 - DEBUG - https://api.telegram.org:443 "POST /bot/sendMessage HTTP/1.1" 404 55
