2026-03-01 20:31:32,697 - INFO - 启动维护任务 | 协议类型: IPV4
2026-03-01 20:31:32,697 - INFO - --------------------------------------------------
2026-03-01 20:31:32,697 - INFO - [hk.616049.xyz (HKG)] 开始处理节点维护
2026-03-01 20:31:32,719 - DEBUG - DNS解析重试中 hk.616049.xyz: [Errno -2] Name or service not known
2026-03-01 20:31:33,742 - DEBUG - DNS解析重试中 hk.616049.xyz: [Errno -2] Name or service not known
2026-03-01 20:31:34,768 - DEBUG - DNS解析重试中 hk.616049.xyz: [Errno -2] Name or service not known
2026-03-01 20:31:35,769 - WARNING - [hk.616049.xyz (HKG)] ├─ 无有效DNS记录，触发紧急更新
2026-03-01 20:44:28,812 - ERROR - CFST更新失败: None
2026-03-01 20:44:28,813 - INFO - --------------------------------------------------
2026-03-01 20:44:28,813 - INFO - [us.616049.xyz (LAX)] 开始处理节点维护
2026-03-01 20:44:28,849 - DEBUG - DNS解析重试中 us.616049.xyz: [Errno -2] Name or service not known
2026-03-01 20:44:29,872 - DEBUG - DNS解析重试中 us.616049.xyz: [Errno -2] Name or service not known
2026-03-01 20:44:30,895 - DEBUG - DNS解析重试中 us.616049.xyz: [Errno -2] Name or service not known
2026-03-01 20:44:31,896 - WARNING - [us.616049.xyz (LAX)] ├─ 无有效DNS记录，触发紧急更新
2026-03-01 20:57:25,063 - ERROR - CFST更新失败: None
2026-03-01 20:57:25,064 - INFO - --------------------------------------------------
2026-03-01 20:57:25,064 - INFO - [de.616049.xyz (FRA)] 开始处理节点维护
2026-03-01 20:57:25,092 - DEBUG - DNS解析重试中 de.616049.xyz: [Errno -2] Name or service not known
2026-03-01 20:57:26,122 - DEBUG - DNS解析重试中 de.616049.xyz: [Errno -2] Name or service not known
2026-03-01 20:57:27,154 - DEBUG - DNS解析重试中 de.616049.xyz: [Errno -2] Name or service not known
2026-03-01 20:57:28,155 - WARNING - [de.616049.xyz (FRA)] ├─ 无有效DNS记录，触发紧急更新
2026-03-01 21:10:20,852 - ERROR - CFST更新失败: None
2026-03-01 21:10:20,856 - DEBUG - Starting new HTTPS connection (1): api.telegram.org:443
2026-03-01 21:10:21,183 - DEBUG - https://api.telegram.org:443 "POST /bot/sendMessage HTTP/1.1" 404 55
