2026-05-17 21:00:54,598 - INFO - 启动维护任务 | 协议类型: IPV4
2026-05-17 21:00:54,599 - INFO - --------------------------------------------------
2026-05-17 21:00:54,599 - INFO - [hk.616049.xyz (HKG)] 开始处理节点维护
2026-05-17 21:00:54,606 - DEBUG - DNS解析重试中 hk.616049.xyz: [Errno -2] Name or service not known
2026-05-17 21:00:55,612 - DEBUG - DNS解析重试中 hk.616049.xyz: [Errno -2] Name or service not known
2026-05-17 21:00:56,624 - DEBUG - DNS解析重试中 hk.616049.xyz: [Errno -2] Name or service not known
2026-05-17 21:00:57,625 - WARNING - [hk.616049.xyz (HKG)] ├─ 无有效DNS记录，触发紧急更新
2026-05-17 21:13:31,582 - ERROR - CFST更新失败: None
2026-05-17 21:13:31,583 - INFO - --------------------------------------------------
2026-05-17 21:13:31,583 - INFO - [us.616049.xyz (LAX)] 开始处理节点维护
2026-05-17 21:13:31,621 - DEBUG - DNS解析重试中 us.616049.xyz: [Errno -2] Name or service not known
2026-05-17 21:13:32,643 - DEBUG - DNS解析重试中 us.616049.xyz: [Errno -2] Name or service not known
2026-05-17 21:13:33,654 - DEBUG - DNS解析重试中 us.616049.xyz: [Errno -2] Name or service not known
2026-05-17 21:13:34,656 - WARNING - [us.616049.xyz (LAX)] ├─ 无有效DNS记录，触发紧急更新
2026-05-17 21:26:08,759 - ERROR - CFST更新失败: None
2026-05-17 21:26:08,759 - INFO - --------------------------------------------------
2026-05-17 21:26:08,760 - INFO - [de.616049.xyz (FRA)] 开始处理节点维护
2026-05-17 21:26:08,814 - DEBUG - DNS解析重试中 de.616049.xyz: [Errno -2] Name or service not known
2026-05-17 21:26:09,823 - DEBUG - DNS解析重试中 de.616049.xyz: [Errno -2] Name or service not known
2026-05-17 21:26:10,838 - DEBUG - DNS解析重试中 de.616049.xyz: [Errno -2] Name or service not known
2026-05-17 21:26:11,839 - WARNING - [de.616049.xyz (FRA)] ├─ 无有效DNS记录，触发紧急更新
2026-05-17 21:38:45,811 - ERROR - CFST更新失败: None
2026-05-17 21:38:45,814 - DEBUG - Starting new HTTPS connection (1): api.telegram.org:443
2026-05-17 21:38:46,293 - DEBUG - https://api.telegram.org:443 "POST /bot/sendMessage HTTP/1.1" 404 55
