2026-07-20 04:38:23,613 - INFO - 启动维护任务 | 协议类型: IPV4
2026-07-20 04:38:23,613 - INFO - --------------------------------------------------
2026-07-20 04:38:23,614 - INFO - [hk.616049.xyz (HKG)] 开始处理节点维护
2026-07-20 04:38:23,630 - DEBUG - DNS解析重试中 hk.616049.xyz: [Errno -5] No address associated with hostname
2026-07-20 04:38:24,652 - DEBUG - DNS解析重试中 hk.616049.xyz: [Errno -5] No address associated with hostname
2026-07-20 04:38:25,663 - DEBUG - DNS解析重试中 hk.616049.xyz: [Errno -5] No address associated with hostname
2026-07-20 04:38:26,664 - WARNING - [hk.616049.xyz (HKG)] ├─ 无有效DNS记录，触发紧急更新
2026-07-20 04:50:38,382 - ERROR - CFST更新失败: None
2026-07-20 04:50:38,383 - INFO - --------------------------------------------------
2026-07-20 04:50:38,383 - INFO - [us.616049.xyz (LAX)] 开始处理节点维护
2026-07-20 04:50:38,395 - DEBUG - DNS解析重试中 us.616049.xyz: [Errno -5] No address associated with hostname
2026-07-20 04:50:39,417 - DEBUG - DNS解析重试中 us.616049.xyz: [Errno -5] No address associated with hostname
2026-07-20 04:50:40,429 - DEBUG - DNS解析重试中 us.616049.xyz: [Errno -5] No address associated with hostname
2026-07-20 04:50:41,431 - WARNING - [us.616049.xyz (LAX)] ├─ 无有效DNS记录，触发紧急更新
2026-07-20 05:02:52,339 - ERROR - CFST更新失败: None
2026-07-20 05:02:52,339 - INFO - --------------------------------------------------
2026-07-20 05:02:52,339 - INFO - [de.616049.xyz (FRA)] 开始处理节点维护
2026-07-20 05:02:52,358 - DEBUG - DNS解析重试中 de.616049.xyz: [Errno -5] No address associated with hostname
2026-07-20 05:02:53,370 - DEBUG - DNS解析重试中 de.616049.xyz: [Errno -5] No address associated with hostname
2026-07-20 05:02:54,389 - DEBUG - DNS解析重试中 de.616049.xyz: [Errno -5] No address associated with hostname
2026-07-20 05:02:55,390 - WARNING - [de.616049.xyz (FRA)] ├─ 无有效DNS记录，触发紧急更新
2026-07-20 05:15:06,359 - ERROR - CFST更新失败: None
2026-07-20 05:15:06,362 - DEBUG - Starting new HTTPS connection (1): api.telegram.org:443
2026-07-20 05:15:06,812 - DEBUG - https://api.telegram.org:443 "POST /bot/sendMessage HTTP/1.1" 404 55
