2026-07-03 23:49:02,048 - INFO - 启动维护任务 | 协议类型: IPV4
2026-07-03 23:49:02,048 - INFO - --------------------------------------------------
2026-07-03 23:49:02,048 - INFO - [hk.616049.xyz (HKG)] 开始处理节点维护
2026-07-03 23:49:02,059 - DEBUG - DNS解析重试中 hk.616049.xyz: [Errno -5] No address associated with hostname
2026-07-03 23:49:03,071 - DEBUG - DNS解析重试中 hk.616049.xyz: [Errno -5] No address associated with hostname
2026-07-03 23:49:04,096 - DEBUG - DNS解析重试中 hk.616049.xyz: [Errno -5] No address associated with hostname
2026-07-03 23:49:05,097 - WARNING - [hk.616049.xyz (HKG)] ├─ 无有效DNS记录，触发紧急更新
2026-07-04 00:01:35,698 - ERROR - CFST更新失败: None
2026-07-04 00:01:35,698 - INFO - --------------------------------------------------
2026-07-04 00:01:35,698 - INFO - [us.616049.xyz (LAX)] 开始处理节点维护
2026-07-04 00:01:35,719 - DEBUG - DNS解析重试中 us.616049.xyz: [Errno -5] No address associated with hostname
2026-07-04 00:01:36,750 - DEBUG - DNS解析重试中 us.616049.xyz: [Errno -5] No address associated with hostname
2026-07-04 00:01:37,774 - DEBUG - DNS解析重试中 us.616049.xyz: [Errno -5] No address associated with hostname
2026-07-04 00:01:38,775 - WARNING - [us.616049.xyz (LAX)] ├─ 无有效DNS记录，触发紧急更新
2026-07-04 00:14:09,419 - ERROR - CFST更新失败: None
2026-07-04 00:14:09,419 - INFO - --------------------------------------------------
2026-07-04 00:14:09,420 - INFO - [de.616049.xyz (FRA)] 开始处理节点维护
2026-07-04 00:14:09,434 - DEBUG - DNS解析重试中 de.616049.xyz: [Errno -5] No address associated with hostname
2026-07-04 00:14:10,450 - DEBUG - DNS解析重试中 de.616049.xyz: [Errno -5] No address associated with hostname
2026-07-04 00:14:11,476 - DEBUG - DNS解析重试中 de.616049.xyz: [Errno -5] No address associated with hostname
2026-07-04 00:14:12,477 - WARNING - [de.616049.xyz (FRA)] ├─ 无有效DNS记录，触发紧急更新
2026-07-04 00:26:43,067 - ERROR - CFST更新失败: None
2026-07-04 00:26:43,071 - DEBUG - Starting new HTTPS connection (1): api.telegram.org:443
2026-07-04 00:26:43,347 - DEBUG - https://api.telegram.org:443 "POST /bot/sendMessage HTTP/1.1" 404 55
