2026-07-16 09:51:26,508 - INFO - 启动维护任务 | 协议类型: IPV4
2026-07-16 09:51:26,508 - INFO - --------------------------------------------------
2026-07-16 09:51:26,508 - INFO - [hk.616049.xyz (HKG)] 开始处理节点维护
2026-07-16 09:51:26,525 - DEBUG - DNS解析重试中 hk.616049.xyz: [Errno -5] No address associated with hostname
2026-07-16 09:51:27,564 - DEBUG - DNS解析重试中 hk.616049.xyz: [Errno -5] No address associated with hostname
2026-07-16 09:51:28,596 - DEBUG - DNS解析重试中 hk.616049.xyz: [Errno -5] No address associated with hostname
2026-07-16 09:51:29,597 - WARNING - [hk.616049.xyz (HKG)] ├─ 无有效DNS记录，触发紧急更新
2026-07-16 10:04:00,909 - ERROR - CFST更新失败: None
2026-07-16 10:04:00,910 - INFO - --------------------------------------------------
2026-07-16 10:04:00,910 - INFO - [us.616049.xyz (LAX)] 开始处理节点维护
2026-07-16 10:04:00,933 - DEBUG - DNS解析重试中 us.616049.xyz: [Errno -5] No address associated with hostname
2026-07-16 10:04:01,946 - DEBUG - DNS解析重试中 us.616049.xyz: [Errno -5] No address associated with hostname
2026-07-16 10:04:02,971 - DEBUG - DNS解析重试中 us.616049.xyz: [Errno -5] No address associated with hostname
2026-07-16 10:04:03,972 - WARNING - [us.616049.xyz (LAX)] ├─ 无有效DNS记录，触发紧急更新
2026-07-16 10:16:34,464 - ERROR - CFST更新失败: None
2026-07-16 10:16:34,464 - INFO - --------------------------------------------------
2026-07-16 10:16:34,464 - INFO - [de.616049.xyz (FRA)] 开始处理节点维护
2026-07-16 10:16:34,475 - DEBUG - DNS解析重试中 de.616049.xyz: [Errno -5] No address associated with hostname
2026-07-16 10:16:35,489 - DEBUG - DNS解析重试中 de.616049.xyz: [Errno -5] No address associated with hostname
2026-07-16 10:16:36,504 - DEBUG - DNS解析重试中 de.616049.xyz: [Errno -5] No address associated with hostname
2026-07-16 10:16:37,505 - WARNING - [de.616049.xyz (FRA)] ├─ 无有效DNS记录，触发紧急更新
2026-07-16 10:29:08,266 - ERROR - CFST更新失败: None
2026-07-16 10:29:08,269 - DEBUG - Starting new HTTPS connection (1): api.telegram.org:443
2026-07-16 10:29:08,547 - DEBUG - https://api.telegram.org:443 "POST /bot/sendMessage HTTP/1.1" 404 55
