2026-06-19 16:59:41,244 - INFO - 启动维护任务 | 协议类型: IPV4
2026-06-19 16:59:41,245 - INFO - --------------------------------------------------
2026-06-19 16:59:41,245 - INFO - [hk.616049.xyz (HKG)] 开始处理节点维护
2026-06-19 16:59:41,253 - DEBUG - DNS解析重试中 hk.616049.xyz: [Errno -2] Name or service not known
2026-06-19 16:59:42,263 - DEBUG - DNS解析重试中 hk.616049.xyz: [Errno -2] Name or service not known
2026-06-19 16:59:43,273 - DEBUG - DNS解析重试中 hk.616049.xyz: [Errno -2] Name or service not known
2026-06-19 16:59:44,274 - WARNING - [hk.616049.xyz (HKG)] ├─ 无有效DNS记录，触发紧急更新
2026-06-19 17:12:04,851 - ERROR - CFST更新失败: None
2026-06-19 17:12:04,851 - INFO - --------------------------------------------------
2026-06-19 17:12:04,851 - INFO - [us.616049.xyz (LAX)] 开始处理节点维护
2026-06-19 17:12:04,875 - DEBUG - DNS解析重试中 us.616049.xyz: [Errno -2] Name or service not known
2026-06-19 17:12:05,887 - DEBUG - DNS解析重试中 us.616049.xyz: [Errno -2] Name or service not known
2026-06-19 17:12:06,895 - DEBUG - DNS解析重试中 us.616049.xyz: [Errno -2] Name or service not known
2026-06-19 17:12:07,897 - WARNING - [us.616049.xyz (LAX)] ├─ 无有效DNS记录，触发紧急更新
2026-06-19 17:24:22,864 - ERROR - CFST更新失败: None
2026-06-19 17:24:22,864 - INFO - --------------------------------------------------
2026-06-19 17:24:22,865 - INFO - [de.616049.xyz (FRA)] 开始处理节点维护
2026-06-19 17:24:22,872 - DEBUG - DNS解析重试中 de.616049.xyz: [Errno -2] Name or service not known
2026-06-19 17:24:23,880 - DEBUG - DNS解析重试中 de.616049.xyz: [Errno -2] Name or service not known
2026-06-19 17:24:24,892 - DEBUG - DNS解析重试中 de.616049.xyz: [Errno -2] Name or service not known
2026-06-19 17:24:25,894 - WARNING - [de.616049.xyz (FRA)] ├─ 无有效DNS记录，触发紧急更新
2026-06-19 17:36:44,318 - ERROR - CFST更新失败: None
2026-06-19 17:36:44,321 - DEBUG - Starting new HTTPS connection (1): api.telegram.org:443
2026-06-19 17:36:44,785 - DEBUG - https://api.telegram.org:443 "POST /bot/sendMessage HTTP/1.1" 404 55
