2026-01-23 06:15:48,740 - INFO - 启动维护任务 | 协议类型: IPV4
2026-01-23 06:15:48,740 - INFO - --------------------------------------------------
2026-01-23 06:15:48,740 - INFO - [hk.616049.xyz (HKG)] 开始处理节点维护
2026-01-23 06:15:48,777 - DEBUG - DNS解析重试中 hk.616049.xyz: [Errno -2] Name or service not known
2026-01-23 06:15:49,806 - DEBUG - DNS解析重试中 hk.616049.xyz: [Errno -2] Name or service not known
2026-01-23 06:15:50,853 - DEBUG - DNS解析重试中 hk.616049.xyz: [Errno -2] Name or service not known
2026-01-23 06:15:51,854 - WARNING - [hk.616049.xyz (HKG)] ├─ 无有效DNS记录，触发紧急更新
2026-01-23 06:28:52,903 - ERROR - CFST更新失败: None
2026-01-23 06:28:52,903 - INFO - --------------------------------------------------
2026-01-23 06:28:52,903 - INFO - [us.616049.xyz (LAX)] 开始处理节点维护
2026-01-23 06:28:52,937 - DEBUG - DNS解析重试中 us.616049.xyz: [Errno -2] Name or service not known
2026-01-23 06:28:53,966 - DEBUG - DNS解析重试中 us.616049.xyz: [Errno -2] Name or service not known
2026-01-23 06:28:54,997 - DEBUG - DNS解析重试中 us.616049.xyz: [Errno -2] Name or service not known
2026-01-23 06:28:55,999 - WARNING - [us.616049.xyz (LAX)] ├─ 无有效DNS记录，触发紧急更新
2026-01-23 06:41:53,260 - ERROR - CFST更新失败: None
2026-01-23 06:41:53,260 - INFO - --------------------------------------------------
2026-01-23 06:41:53,260 - INFO - [de.616049.xyz (FRA)] 开始处理节点维护
2026-01-23 06:41:53,315 - DEBUG - DNS解析重试中 de.616049.xyz: [Errno -2] Name or service not known
2026-01-23 06:41:54,344 - DEBUG - DNS解析重试中 de.616049.xyz: [Errno -2] Name or service not known
2026-01-23 06:41:55,374 - DEBUG - DNS解析重试中 de.616049.xyz: [Errno -2] Name or service not known
2026-01-23 06:41:56,375 - WARNING - [de.616049.xyz (FRA)] ├─ 无有效DNS记录，触发紧急更新
2026-01-23 06:54:52,800 - ERROR - CFST更新失败: None
2026-01-23 06:54:52,804 - DEBUG - Starting new HTTPS connection (1): api.telegram.org:443
2026-01-23 06:54:53,204 - DEBUG - https://api.telegram.org:443 "POST /bot/sendMessage HTTP/1.1" 404 55
