2026-03-11 18:31:27,132 - INFO - 启动维护任务 | 协议类型: IPV4
2026-03-11 18:31:27,132 - INFO - --------------------------------------------------
2026-03-11 18:31:27,132 - INFO - [hk.616049.xyz (HKG)] 开始处理节点维护
2026-03-11 18:31:27,173 - DEBUG - DNS解析重试中 hk.616049.xyz: [Errno -2] Name or service not known
2026-03-11 18:31:28,205 - DEBUG - DNS解析重试中 hk.616049.xyz: [Errno -2] Name or service not known
2026-03-11 18:31:29,234 - DEBUG - DNS解析重试中 hk.616049.xyz: [Errno -2] Name or service not known
2026-03-11 18:31:30,236 - WARNING - [hk.616049.xyz (HKG)] ├─ 无有效DNS记录，触发紧急更新
2026-03-11 18:44:25,773 - ERROR - CFST更新失败: None
2026-03-11 18:44:25,773 - INFO - --------------------------------------------------
2026-03-11 18:44:25,773 - INFO - [us.616049.xyz (LAX)] 开始处理节点维护
2026-03-11 18:44:25,818 - DEBUG - DNS解析重试中 us.616049.xyz: [Errno -2] Name or service not known
2026-03-11 18:44:26,846 - DEBUG - DNS解析重试中 us.616049.xyz: [Errno -2] Name or service not known
2026-03-11 18:44:27,887 - DEBUG - DNS解析重试中 us.616049.xyz: [Errno -2] Name or service not known
2026-03-11 18:44:28,888 - WARNING - [us.616049.xyz (LAX)] ├─ 无有效DNS记录，触发紧急更新
2026-03-11 18:57:24,454 - ERROR - CFST更新失败: None
2026-03-11 18:57:24,454 - INFO - --------------------------------------------------
2026-03-11 18:57:24,454 - INFO - [de.616049.xyz (FRA)] 开始处理节点维护
2026-03-11 18:57:24,489 - DEBUG - DNS解析重试中 de.616049.xyz: [Errno -2] Name or service not known
2026-03-11 18:57:25,524 - DEBUG - DNS解析重试中 de.616049.xyz: [Errno -2] Name or service not known
2026-03-11 18:57:26,557 - DEBUG - DNS解析重试中 de.616049.xyz: [Errno -2] Name or service not known
2026-03-11 18:57:27,558 - WARNING - [de.616049.xyz (FRA)] ├─ 无有效DNS记录，触发紧急更新
2026-03-11 19:10:22,730 - ERROR - CFST更新失败: None
2026-03-11 19:10:22,734 - DEBUG - Starting new HTTPS connection (1): api.telegram.org:443
2026-03-11 19:10:23,139 - DEBUG - https://api.telegram.org:443 "POST /bot/sendMessage HTTP/1.1" 404 55
