2026-04-14 23:07:21,838 - INFO - 启动维护任务 | 协议类型: IPV4
2026-04-14 23:07:21,839 - INFO - --------------------------------------------------
2026-04-14 23:07:21,839 - INFO - [hk.616049.xyz (HKG)] 开始处理节点维护
2026-04-14 23:07:21,872 - DEBUG - DNS解析重试中 hk.616049.xyz: [Errno -2] Name or service not known
2026-04-14 23:07:22,903 - DEBUG - DNS解析重试中 hk.616049.xyz: [Errno -2] Name or service not known
2026-04-14 23:07:23,931 - DEBUG - DNS解析重试中 hk.616049.xyz: [Errno -2] Name or service not known
2026-04-14 23:07:24,932 - WARNING - [hk.616049.xyz (HKG)] ├─ 无有效DNS记录，触发紧急更新
2026-04-14 23:20:41,988 - ERROR - CFST更新失败: None
2026-04-14 23:20:41,988 - INFO - --------------------------------------------------
2026-04-14 23:20:41,988 - INFO - [us.616049.xyz (LAX)] 开始处理节点维护
2026-04-14 23:20:42,025 - DEBUG - DNS解析重试中 us.616049.xyz: [Errno -2] Name or service not known
2026-04-14 23:20:43,052 - DEBUG - DNS解析重试中 us.616049.xyz: [Errno -2] Name or service not known
2026-04-14 23:20:44,072 - DEBUG - DNS解析重试中 us.616049.xyz: [Errno -2] Name or service not known
2026-04-14 23:20:45,073 - WARNING - [us.616049.xyz (LAX)] ├─ 无有效DNS记录，触发紧急更新
2026-04-14 23:34:01,182 - ERROR - CFST更新失败: None
2026-04-14 23:34:01,182 - INFO - --------------------------------------------------
2026-04-14 23:34:01,182 - INFO - [de.616049.xyz (FRA)] 开始处理节点维护
2026-04-14 23:34:01,265 - DEBUG - DNS解析重试中 de.616049.xyz: [Errno -2] Name or service not known
2026-04-14 23:34:02,363 - DEBUG - DNS解析重试中 de.616049.xyz: [Errno -2] Name or service not known
2026-04-14 23:34:03,386 - DEBUG - DNS解析重试中 de.616049.xyz: [Errno -2] Name or service not known
2026-04-14 23:34:04,388 - WARNING - [de.616049.xyz (FRA)] ├─ 无有效DNS记录，触发紧急更新
2026-04-14 23:47:13,210 - ERROR - CFST更新失败: None
2026-04-14 23:47:13,213 - DEBUG - Starting new HTTPS connection (1): api.telegram.org:443
2026-04-14 23:47:13,700 - DEBUG - https://api.telegram.org:443 "POST /bot/sendMessage HTTP/1.1" 404 55
