2026-05-09 04:49:53,341 - INFO - 启动维护任务 | 协议类型: IPV4
2026-05-09 04:49:53,341 - INFO - --------------------------------------------------
2026-05-09 04:49:53,341 - INFO - [hk.616049.xyz (HKG)] 开始处理节点维护
2026-05-09 04:49:53,392 - DEBUG - DNS解析重试中 hk.616049.xyz: [Errno -2] Name or service not known
2026-05-09 04:49:54,424 - DEBUG - DNS解析重试中 hk.616049.xyz: [Errno -2] Name or service not known
2026-05-09 04:49:55,480 - DEBUG - DNS解析重试中 hk.616049.xyz: [Errno -2] Name or service not known
2026-05-09 04:49:56,482 - WARNING - [hk.616049.xyz (HKG)] ├─ 无有效DNS记录，触发紧急更新
2026-05-09 05:02:34,104 - ERROR - CFST更新失败: None
2026-05-09 05:02:34,104 - INFO - --------------------------------------------------
2026-05-09 05:02:34,104 - INFO - [us.616049.xyz (LAX)] 开始处理节点维护
2026-05-09 05:02:34,157 - DEBUG - DNS解析重试中 us.616049.xyz: [Errno -2] Name or service not known
2026-05-09 05:02:35,210 - DEBUG - DNS解析重试中 us.616049.xyz: [Errno -2] Name or service not known
2026-05-09 05:02:36,262 - DEBUG - DNS解析重试中 us.616049.xyz: [Errno -2] Name or service not known
2026-05-09 05:02:37,263 - WARNING - [us.616049.xyz (LAX)] ├─ 无有效DNS记录，触发紧急更新
2026-05-09 05:15:14,462 - ERROR - CFST更新失败: None
2026-05-09 05:15:14,462 - INFO - --------------------------------------------------
2026-05-09 05:15:14,462 - INFO - [de.616049.xyz (FRA)] 开始处理节点维护
2026-05-09 05:15:14,492 - DEBUG - DNS解析重试中 de.616049.xyz: [Errno -2] Name or service not known
2026-05-09 05:15:15,547 - DEBUG - DNS解析重试中 de.616049.xyz: [Errno -2] Name or service not known
2026-05-09 05:15:16,599 - DEBUG - DNS解析重试中 de.616049.xyz: [Errno -2] Name or service not known
2026-05-09 05:15:17,600 - WARNING - [de.616049.xyz (FRA)] ├─ 无有效DNS记录，触发紧急更新
2026-05-09 05:27:54,544 - ERROR - CFST更新失败: None
2026-05-09 05:27:54,547 - DEBUG - Starting new HTTPS connection (1): api.telegram.org:443
2026-05-09 05:27:54,990 - DEBUG - https://api.telegram.org:443 "POST /bot/sendMessage HTTP/1.1" 404 55
