2026-07-18 12:41:21,497 - INFO - 启动维护任务 | 协议类型: IPV4
2026-07-18 12:41:21,497 - INFO - --------------------------------------------------
2026-07-18 12:41:21,497 - INFO - [hk.616049.xyz (HKG)] 开始处理节点维护
2026-07-18 12:41:21,510 - DEBUG - DNS解析重试中 hk.616049.xyz: [Errno -5] No address associated with hostname
2026-07-18 12:41:22,526 - DEBUG - DNS解析重试中 hk.616049.xyz: [Errno -5] No address associated with hostname
2026-07-18 12:41:23,541 - DEBUG - DNS解析重试中 hk.616049.xyz: [Errno -5] No address associated with hostname
2026-07-18 12:41:24,542 - WARNING - [hk.616049.xyz (HKG)] ├─ 无有效DNS记录，触发紧急更新
2026-07-18 12:53:54,693 - ERROR - CFST更新失败: None
2026-07-18 12:53:54,693 - INFO - --------------------------------------------------
2026-07-18 12:53:54,693 - INFO - [us.616049.xyz (LAX)] 开始处理节点维护
2026-07-18 12:53:54,708 - DEBUG - DNS解析重试中 us.616049.xyz: [Errno -5] No address associated with hostname
2026-07-18 12:53:55,730 - DEBUG - DNS解析重试中 us.616049.xyz: [Errno -5] No address associated with hostname
2026-07-18 12:53:56,741 - DEBUG - DNS解析重试中 us.616049.xyz: [Errno -5] No address associated with hostname
2026-07-18 12:53:57,742 - WARNING - [us.616049.xyz (LAX)] ├─ 无有效DNS记录，触发紧急更新
2026-07-18 13:06:27,396 - ERROR - CFST更新失败: None
2026-07-18 13:06:27,396 - INFO - --------------------------------------------------
2026-07-18 13:06:27,397 - INFO - [de.616049.xyz (FRA)] 开始处理节点维护
2026-07-18 13:06:27,413 - DEBUG - DNS解析重试中 de.616049.xyz: [Errno -5] No address associated with hostname
2026-07-18 13:06:28,430 - DEBUG - DNS解析重试中 de.616049.xyz: [Errno -5] No address associated with hostname
2026-07-18 13:06:29,458 - DEBUG - DNS解析重试中 de.616049.xyz: [Errno -5] No address associated with hostname
2026-07-18 13:06:30,459 - WARNING - [de.616049.xyz (FRA)] ├─ 无有效DNS记录，触发紧急更新
2026-07-18 13:18:59,888 - ERROR - CFST更新失败: None
2026-07-18 13:18:59,892 - DEBUG - Starting new HTTPS connection (1): api.telegram.org:443
2026-07-18 13:19:00,171 - DEBUG - https://api.telegram.org:443 "POST /bot/sendMessage HTTP/1.1" 404 55
