2026-05-19 22:40:57,580 - INFO - 启动维护任务 | 协议类型: IPV4
2026-05-19 22:40:57,580 - INFO - --------------------------------------------------
2026-05-19 22:40:57,580 - INFO - [hk.616049.xyz (HKG)] 开始处理节点维护
2026-05-19 22:40:57,728 - DEBUG - DNS解析重试中 hk.616049.xyz: [Errno -2] Name or service not known
2026-05-19 22:40:58,754 - DEBUG - DNS解析重试中 hk.616049.xyz: [Errno -2] Name or service not known
2026-05-19 22:40:59,767 - DEBUG - DNS解析重试中 hk.616049.xyz: [Errno -2] Name or service not known
2026-05-19 22:41:00,768 - WARNING - [hk.616049.xyz (HKG)] ├─ 无有效DNS记录，触发紧急更新
2026-05-19 22:53:55,277 - ERROR - CFST更新失败: None
2026-05-19 22:53:55,277 - INFO - --------------------------------------------------
2026-05-19 22:53:55,277 - INFO - [us.616049.xyz (LAX)] 开始处理节点维护
2026-05-19 22:53:55,285 - DEBUG - DNS解析重试中 us.616049.xyz: [Errno -2] Name or service not known
2026-05-19 22:53:56,294 - DEBUG - DNS解析重试中 us.616049.xyz: [Errno -2] Name or service not known
2026-05-19 22:53:57,310 - DEBUG - DNS解析重试中 us.616049.xyz: [Errno -2] Name or service not known
2026-05-19 22:53:58,312 - WARNING - [us.616049.xyz (LAX)] ├─ 无有效DNS记录，触发紧急更新
2026-05-19 23:06:52,871 - ERROR - CFST更新失败: None
2026-05-19 23:06:52,871 - INFO - --------------------------------------------------
2026-05-19 23:06:52,871 - INFO - [de.616049.xyz (FRA)] 开始处理节点维护
2026-05-19 23:06:52,879 - DEBUG - DNS解析重试中 de.616049.xyz: [Errno -2] Name or service not known
2026-05-19 23:06:53,905 - DEBUG - DNS解析重试中 de.616049.xyz: [Errno -2] Name or service not known
2026-05-19 23:06:54,977 - DEBUG - DNS解析重试中 de.616049.xyz: [Errno -2] Name or service not known
2026-05-19 23:06:55,978 - WARNING - [de.616049.xyz (FRA)] ├─ 无有效DNS记录，触发紧急更新
2026-05-19 23:19:50,740 - ERROR - CFST更新失败: None
2026-05-19 23:19:50,743 - DEBUG - Starting new HTTPS connection (1): api.telegram.org:443
2026-05-19 23:19:51,028 - DEBUG - https://api.telegram.org:443 "POST /bot/sendMessage HTTP/1.1" 404 55
