2026-07-03 14:54:36,090 - INFO - 启动维护任务 | 协议类型: IPV4
2026-07-03 14:54:36,090 - INFO - --------------------------------------------------
2026-07-03 14:54:36,090 - INFO - [hk.616049.xyz (HKG)] 开始处理节点维护
2026-07-03 14:54:36,114 - DEBUG - DNS解析重试中 hk.616049.xyz: [Errno -5] No address associated with hostname
2026-07-03 14:54:37,139 - DEBUG - DNS解析重试中 hk.616049.xyz: [Errno -5] No address associated with hostname
2026-07-03 14:54:38,168 - DEBUG - DNS解析重试中 hk.616049.xyz: [Errno -5] No address associated with hostname
2026-07-03 14:54:39,169 - WARNING - [hk.616049.xyz (HKG)] ├─ 无有效DNS记录，触发紧急更新
2026-07-03 15:07:21,781 - ERROR - CFST更新失败: None
2026-07-03 15:07:21,782 - INFO - --------------------------------------------------
2026-07-03 15:07:21,782 - INFO - [us.616049.xyz (LAX)] 开始处理节点维护
2026-07-03 15:07:22,299 - DEBUG - DNS解析重试中 us.616049.xyz: [Errno -5] No address associated with hostname
2026-07-03 15:07:23,346 - DEBUG - DNS解析重试中 us.616049.xyz: [Errno -5] No address associated with hostname
2026-07-03 15:07:24,383 - DEBUG - DNS解析重试中 us.616049.xyz: [Errno -5] No address associated with hostname
2026-07-03 15:07:25,384 - WARNING - [us.616049.xyz (LAX)] ├─ 无有效DNS记录，触发紧急更新
2026-07-03 15:20:00,077 - ERROR - CFST更新失败: None
2026-07-03 15:20:00,078 - INFO - --------------------------------------------------
2026-07-03 15:20:00,078 - INFO - [de.616049.xyz (FRA)] 开始处理节点维护
2026-07-03 15:20:00,113 - DEBUG - DNS解析重试中 de.616049.xyz: [Errno -5] No address associated with hostname
2026-07-03 15:20:01,152 - DEBUG - DNS解析重试中 de.616049.xyz: [Errno -5] No address associated with hostname
2026-07-03 15:20:02,173 - DEBUG - DNS解析重试中 de.616049.xyz: [Errno -5] No address associated with hostname
2026-07-03 15:20:03,175 - WARNING - [de.616049.xyz (FRA)] ├─ 无有效DNS记录，触发紧急更新
2026-07-03 15:32:39,416 - ERROR - CFST更新失败: None
2026-07-03 15:32:39,420 - DEBUG - Starting new HTTPS connection (1): api.telegram.org:443
2026-07-03 15:32:39,711 - DEBUG - https://api.telegram.org:443 "POST /bot/sendMessage HTTP/1.1" 404 55
