2026-06-15 01:11:16,049 - INFO - 启动维护任务 | 协议类型: IPV4
2026-06-15 01:11:16,049 - INFO - --------------------------------------------------
2026-06-15 01:11:16,049 - INFO - [hk.616049.xyz (HKG)] 开始处理节点维护
2026-06-15 01:11:16,109 - DEBUG - DNS解析重试中 hk.616049.xyz: [Errno -2] Name or service not known
2026-06-15 01:11:17,150 - DEBUG - DNS解析重试中 hk.616049.xyz: [Errno -2] Name or service not known
2026-06-15 01:11:18,183 - DEBUG - DNS解析重试中 hk.616049.xyz: [Errno -2] Name or service not known
2026-06-15 01:11:19,184 - WARNING - [hk.616049.xyz (HKG)] ├─ 无有效DNS记录，触发紧急更新
2026-06-15 01:24:05,172 - ERROR - CFST更新失败: None
2026-06-15 01:24:05,173 - INFO - --------------------------------------------------
2026-06-15 01:24:05,173 - INFO - [us.616049.xyz (LAX)] 开始处理节点维护
2026-06-15 01:24:05,211 - DEBUG - DNS解析重试中 us.616049.xyz: [Errno -2] Name or service not known
2026-06-15 01:24:06,248 - DEBUG - DNS解析重试中 us.616049.xyz: [Errno -2] Name or service not known
2026-06-15 01:24:07,288 - DEBUG - DNS解析重试中 us.616049.xyz: [Errno -2] Name or service not known
2026-06-15 01:24:08,289 - WARNING - [us.616049.xyz (LAX)] ├─ 无有效DNS记录，触发紧急更新
2026-06-15 01:36:54,582 - ERROR - CFST更新失败: None
2026-06-15 01:36:54,582 - INFO - --------------------------------------------------
2026-06-15 01:36:54,582 - INFO - [de.616049.xyz (FRA)] 开始处理节点维护
2026-06-15 01:36:54,663 - DEBUG - DNS解析重试中 de.616049.xyz: [Errno -2] Name or service not known
2026-06-15 01:36:55,695 - DEBUG - DNS解析重试中 de.616049.xyz: [Errno -2] Name or service not known
2026-06-15 01:36:56,737 - DEBUG - DNS解析重试中 de.616049.xyz: [Errno -2] Name or service not known
2026-06-15 01:36:57,738 - WARNING - [de.616049.xyz (FRA)] ├─ 无有效DNS记录，触发紧急更新
2026-06-15 01:49:38,156 - ERROR - CFST更新失败: None
2026-06-15 01:49:38,160 - DEBUG - Starting new HTTPS connection (1): api.telegram.org:443
2026-06-15 01:49:38,552 - DEBUG - https://api.telegram.org:443 "POST /bot/sendMessage HTTP/1.1" 404 55
