2026-01-31 09:14:55,842 - INFO - 启动维护任务 | 协议类型: IPV4
2026-01-31 09:14:55,842 - INFO - --------------------------------------------------
2026-01-31 09:14:55,842 - INFO - [hk.616049.xyz (HKG)] 开始处理节点维护
2026-01-31 09:14:55,869 - DEBUG - DNS解析重试中 hk.616049.xyz: [Errno -2] Name or service not known
2026-01-31 09:14:56,894 - DEBUG - DNS解析重试中 hk.616049.xyz: [Errno -2] Name or service not known
2026-01-31 09:14:57,965 - DEBUG - DNS解析重试中 hk.616049.xyz: [Errno -2] Name or service not known
2026-01-31 09:14:58,966 - WARNING - [hk.616049.xyz (HKG)] ├─ 无有效DNS记录，触发紧急更新
2026-01-31 09:28:08,196 - ERROR - CFST更新失败: None
2026-01-31 09:28:08,196 - INFO - --------------------------------------------------
2026-01-31 09:28:08,196 - INFO - [us.616049.xyz (LAX)] 开始处理节点维护
2026-01-31 09:28:08,222 - DEBUG - DNS解析重试中 us.616049.xyz: [Errno -2] Name or service not known
2026-01-31 09:28:09,247 - DEBUG - DNS解析重试中 us.616049.xyz: [Errno -2] Name or service not known
2026-01-31 09:28:10,289 - DEBUG - DNS解析重试中 us.616049.xyz: [Errno -2] Name or service not known
2026-01-31 09:28:11,290 - WARNING - [us.616049.xyz (LAX)] ├─ 无有效DNS记录，触发紧急更新
2026-01-31 09:41:25,485 - ERROR - CFST更新失败: None
2026-01-31 09:41:25,485 - INFO - --------------------------------------------------
2026-01-31 09:41:25,485 - INFO - [de.616049.xyz (FRA)] 开始处理节点维护
2026-01-31 09:41:25,592 - DEBUG - DNS解析重试中 de.616049.xyz: [Errno -2] Name or service not known
2026-01-31 09:41:26,684 - DEBUG - DNS解析重试中 de.616049.xyz: [Errno -2] Name or service not known
2026-01-31 09:41:27,718 - DEBUG - DNS解析重试中 de.616049.xyz: [Errno -2] Name or service not known
2026-01-31 09:41:28,719 - WARNING - [de.616049.xyz (FRA)] ├─ 无有效DNS记录，触发紧急更新
2026-01-31 09:54:38,005 - ERROR - CFST更新失败: None
2026-01-31 09:54:38,008 - DEBUG - Starting new HTTPS connection (1): api.telegram.org:443
2026-01-31 09:54:38,457 - DEBUG - https://api.telegram.org:443 "POST /bot/sendMessage HTTP/1.1" 404 55
