2026-05-16 03:19:27,270 - INFO - 启动维护任务 | 协议类型: IPV4
2026-05-16 03:19:27,270 - INFO - --------------------------------------------------
2026-05-16 03:19:27,270 - INFO - [hk.616049.xyz (HKG)] 开始处理节点维护
2026-05-16 03:19:27,281 - DEBUG - DNS解析重试中 hk.616049.xyz: [Errno -2] Name or service not known
2026-05-16 03:19:28,293 - DEBUG - DNS解析重试中 hk.616049.xyz: [Errno -2] Name or service not known
2026-05-16 03:19:29,305 - DEBUG - DNS解析重试中 hk.616049.xyz: [Errno -2] Name or service not known
2026-05-16 03:19:30,306 - WARNING - [hk.616049.xyz (HKG)] ├─ 无有效DNS记录，触发紧急更新
2026-05-16 03:32:23,427 - ERROR - CFST更新失败: None
2026-05-16 03:32:23,427 - INFO - --------------------------------------------------
2026-05-16 03:32:23,427 - INFO - [us.616049.xyz (LAX)] 开始处理节点维护
2026-05-16 03:32:23,438 - DEBUG - DNS解析重试中 us.616049.xyz: [Errno -2] Name or service not known
2026-05-16 03:32:24,457 - DEBUG - DNS解析重试中 us.616049.xyz: [Errno -2] Name or service not known
2026-05-16 03:32:25,462 - DEBUG - DNS解析重试中 us.616049.xyz: [Errno -2] Name or service not known
2026-05-16 03:32:26,463 - WARNING - [us.616049.xyz (LAX)] ├─ 无有效DNS记录，触发紧急更新
2026-05-16 03:45:19,309 - ERROR - CFST更新失败: None
2026-05-16 03:45:19,310 - INFO - --------------------------------------------------
2026-05-16 03:45:19,310 - INFO - [de.616049.xyz (FRA)] 开始处理节点维护
2026-05-16 03:45:19,321 - DEBUG - DNS解析重试中 de.616049.xyz: [Errno -2] Name or service not known
2026-05-16 03:45:20,333 - DEBUG - DNS解析重试中 de.616049.xyz: [Errno -2] Name or service not known
2026-05-16 03:45:21,355 - DEBUG - DNS解析重试中 de.616049.xyz: [Errno -2] Name or service not known
2026-05-16 03:45:22,356 - WARNING - [de.616049.xyz (FRA)] ├─ 无有效DNS记录，触发紧急更新
2026-05-16 03:58:14,675 - ERROR - CFST更新失败: None
2026-05-16 03:58:14,679 - DEBUG - Starting new HTTPS connection (1): api.telegram.org:443
2026-05-16 03:58:14,968 - DEBUG - https://api.telegram.org:443 "POST /bot/sendMessage HTTP/1.1" 404 55
