2026-07-09 10:07:50,060 - INFO - 启动维护任务 | 协议类型: IPV4
2026-07-09 10:07:50,060 - INFO - --------------------------------------------------
2026-07-09 10:07:50,060 - INFO - [hk.616049.xyz (HKG)] 开始处理节点维护
2026-07-09 10:07:50,102 - DEBUG - DNS解析重试中 hk.616049.xyz: [Errno -5] No address associated with hostname
2026-07-09 10:07:51,140 - DEBUG - DNS解析重试中 hk.616049.xyz: [Errno -5] No address associated with hostname
2026-07-09 10:07:52,187 - DEBUG - DNS解析重试中 hk.616049.xyz: [Errno -5] No address associated with hostname
2026-07-09 10:07:53,188 - WARNING - [hk.616049.xyz (HKG)] ├─ 无有效DNS记录，触发紧急更新
2026-07-09 10:20:35,317 - ERROR - CFST更新失败: None
2026-07-09 10:20:35,317 - INFO - --------------------------------------------------
2026-07-09 10:20:35,317 - INFO - [us.616049.xyz (LAX)] 开始处理节点维护
2026-07-09 10:20:35,350 - DEBUG - DNS解析重试中 us.616049.xyz: [Errno -5] No address associated with hostname
2026-07-09 10:20:36,378 - DEBUG - DNS解析重试中 us.616049.xyz: [Errno -5] No address associated with hostname
2026-07-09 10:20:37,421 - DEBUG - DNS解析重试中 us.616049.xyz: [Errno -5] No address associated with hostname
2026-07-09 10:20:38,422 - WARNING - [us.616049.xyz (LAX)] ├─ 无有效DNS记录，触发紧急更新
2026-07-09 10:33:20,060 - ERROR - CFST更新失败: None
2026-07-09 10:33:20,060 - INFO - --------------------------------------------------
2026-07-09 10:33:20,060 - INFO - [de.616049.xyz (FRA)] 开始处理节点维护
2026-07-09 10:33:20,092 - DEBUG - DNS解析重试中 de.616049.xyz: [Errno -5] No address associated with hostname
2026-07-09 10:33:21,132 - DEBUG - DNS解析重试中 de.616049.xyz: [Errno -5] No address associated with hostname
2026-07-09 10:33:22,166 - DEBUG - DNS解析重试中 de.616049.xyz: [Errno -5] No address associated with hostname
2026-07-09 10:33:23,167 - WARNING - [de.616049.xyz (FRA)] ├─ 无有效DNS记录，触发紧急更新
2026-07-09 10:46:03,877 - ERROR - CFST更新失败: None
2026-07-09 10:46:03,882 - DEBUG - Starting new HTTPS connection (1): api.telegram.org:443
2026-07-09 10:46:04,317 - DEBUG - https://api.telegram.org:443 "POST /bot/sendMessage HTTP/1.1" 404 55
