2026-04-29 06:48:15,193 - INFO - 启动维护任务 | 协议类型: IPV4
2026-04-29 06:48:15,193 - INFO - --------------------------------------------------
2026-04-29 06:48:15,193 - INFO - [hk.616049.xyz (HKG)] 开始处理节点维护
2026-04-29 06:48:15,214 - DEBUG - DNS解析重试中 hk.616049.xyz: [Errno -2] Name or service not known
2026-04-29 06:48:16,223 - DEBUG - DNS解析重试中 hk.616049.xyz: [Errno -2] Name or service not known
2026-04-29 06:48:17,232 - DEBUG - DNS解析重试中 hk.616049.xyz: [Errno -2] Name or service not known
2026-04-29 06:48:18,233 - WARNING - [hk.616049.xyz (HKG)] ├─ 无有效DNS记录，触发紧急更新
2026-04-29 07:01:12,235 - ERROR - CFST更新失败: None
2026-04-29 07:01:12,235 - INFO - --------------------------------------------------
2026-04-29 07:01:12,235 - INFO - [us.616049.xyz (LAX)] 开始处理节点维护
2026-04-29 07:01:12,248 - DEBUG - DNS解析重试中 us.616049.xyz: [Errno -2] Name or service not known
2026-04-29 07:01:13,255 - DEBUG - DNS解析重试中 us.616049.xyz: [Errno -2] Name or service not known
2026-04-29 07:01:14,267 - DEBUG - DNS解析重试中 us.616049.xyz: [Errno -2] Name or service not known
2026-04-29 07:01:15,268 - WARNING - [us.616049.xyz (LAX)] ├─ 无有效DNS记录，触发紧急更新
2026-04-29 07:14:08,681 - ERROR - CFST更新失败: None
2026-04-29 07:14:08,682 - INFO - --------------------------------------------------
2026-04-29 07:14:08,682 - INFO - [de.616049.xyz (FRA)] 开始处理节点维护
2026-04-29 07:14:08,689 - DEBUG - DNS解析重试中 de.616049.xyz: [Errno -2] Name or service not known
2026-04-29 07:14:09,698 - DEBUG - DNS解析重试中 de.616049.xyz: [Errno -2] Name or service not known
2026-04-29 07:14:10,706 - DEBUG - DNS解析重试中 de.616049.xyz: [Errno -2] Name or service not known
2026-04-29 07:14:11,708 - WARNING - [de.616049.xyz (FRA)] ├─ 无有效DNS记录，触发紧急更新
2026-04-29 07:27:04,424 - ERROR - CFST更新失败: None
2026-04-29 07:27:04,428 - DEBUG - Starting new HTTPS connection (1): api.telegram.org:443
2026-04-29 07:27:04,918 - DEBUG - https://api.telegram.org:443 "POST /bot/sendMessage HTTP/1.1" 404 55
