2026-04-28 01:15:03,326 - INFO - 启动维护任务 | 协议类型: IPV4
2026-04-28 01:15:03,326 - INFO - --------------------------------------------------
2026-04-28 01:15:03,326 - INFO - [hk.616049.xyz (HKG)] 开始处理节点维护
2026-04-28 01:15:03,354 - DEBUG - DNS解析重试中 hk.616049.xyz: [Errno -2] Name or service not known
2026-04-28 01:15:04,408 - DEBUG - DNS解析重试中 hk.616049.xyz: [Errno -2] Name or service not known
2026-04-28 01:15:05,438 - DEBUG - DNS解析重试中 hk.616049.xyz: [Errno -2] Name or service not known
2026-04-28 01:15:06,439 - WARNING - [hk.616049.xyz (HKG)] ├─ 无有效DNS记录，触发紧急更新
2026-04-28 01:28:02,109 - ERROR - CFST更新失败: None
2026-04-28 01:28:02,109 - INFO - --------------------------------------------------
2026-04-28 01:28:02,110 - INFO - [us.616049.xyz (LAX)] 开始处理节点维护
2026-04-28 01:28:02,138 - DEBUG - DNS解析重试中 us.616049.xyz: [Errno -2] Name or service not known
2026-04-28 01:28:03,172 - DEBUG - DNS解析重试中 us.616049.xyz: [Errno -2] Name or service not known
2026-04-28 01:28:04,179 - DEBUG - DNS解析重试中 us.616049.xyz: [Errno -2] Name or service not known
2026-04-28 01:28:05,180 - WARNING - [us.616049.xyz (LAX)] ├─ 无有效DNS记录，触发紧急更新
2026-04-28 01:41:00,397 - ERROR - CFST更新失败: None
2026-04-28 01:41:00,397 - INFO - --------------------------------------------------
2026-04-28 01:41:00,397 - INFO - [de.616049.xyz (FRA)] 开始处理节点维护
2026-04-28 01:41:00,438 - DEBUG - DNS解析重试中 de.616049.xyz: [Errno -2] Name or service not known
2026-04-28 01:41:01,444 - DEBUG - DNS解析重试中 de.616049.xyz: [Errno -2] Name or service not known
2026-04-28 01:41:02,473 - DEBUG - DNS解析重试中 de.616049.xyz: [Errno -2] Name or service not known
2026-04-28 01:41:03,474 - WARNING - [de.616049.xyz (FRA)] ├─ 无有效DNS记录，触发紧急更新
2026-04-28 01:53:58,183 - ERROR - CFST更新失败: None
2026-04-28 01:53:58,187 - DEBUG - Starting new HTTPS connection (1): api.telegram.org:443
2026-04-28 01:53:58,620 - DEBUG - https://api.telegram.org:443 "POST /bot/sendMessage HTTP/1.1" 404 55
