2026-02-24 22:44:17,739 - INFO - 启动维护任务 | 协议类型: IPV4
2026-02-24 22:44:17,739 - INFO - --------------------------------------------------
2026-02-24 22:44:17,739 - INFO - [hk.616049.xyz (HKG)] 开始处理节点维护
2026-02-24 22:44:17,749 - DEBUG - DNS解析重试中 hk.616049.xyz: [Errno -2] Name or service not known
2026-02-24 22:44:18,761 - DEBUG - DNS解析重试中 hk.616049.xyz: [Errno -2] Name or service not known
2026-02-24 22:44:19,768 - DEBUG - DNS解析重试中 hk.616049.xyz: [Errno -2] Name or service not known
2026-02-24 22:44:20,769 - WARNING - [hk.616049.xyz (HKG)] ├─ 无有效DNS记录，触发紧急更新
2026-02-24 22:57:19,358 - ERROR - CFST更新失败: None
2026-02-24 22:57:19,358 - INFO - --------------------------------------------------
2026-02-24 22:57:19,358 - INFO - [us.616049.xyz (LAX)] 开始处理节点维护
2026-02-24 22:57:19,369 - DEBUG - DNS解析重试中 us.616049.xyz: [Errno -2] Name or service not known
2026-02-24 22:57:20,383 - DEBUG - DNS解析重试中 us.616049.xyz: [Errno -2] Name or service not known
2026-02-24 22:57:21,395 - DEBUG - DNS解析重试中 us.616049.xyz: [Errno -2] Name or service not known
2026-02-24 22:57:22,397 - WARNING - [us.616049.xyz (LAX)] ├─ 无有效DNS记录，触发紧急更新
2026-02-24 23:10:18,619 - ERROR - CFST更新失败: None
2026-02-24 23:10:18,620 - INFO - --------------------------------------------------
2026-02-24 23:10:18,620 - INFO - [de.616049.xyz (FRA)] 开始处理节点维护
2026-02-24 23:10:18,641 - DEBUG - DNS解析重试中 de.616049.xyz: [Errno -2] Name or service not known
2026-02-24 23:10:19,657 - DEBUG - DNS解析重试中 de.616049.xyz: [Errno -2] Name or service not known
2026-02-24 23:10:20,675 - DEBUG - DNS解析重试中 de.616049.xyz: [Errno -2] Name or service not known
2026-02-24 23:10:21,676 - WARNING - [de.616049.xyz (FRA)] ├─ 无有效DNS记录，触发紧急更新
2026-02-24 23:23:19,940 - ERROR - CFST更新失败: None
2026-02-24 23:23:19,943 - DEBUG - Starting new HTTPS connection (1): api.telegram.org:443
2026-02-24 23:23:20,241 - DEBUG - https://api.telegram.org:443 "POST /bot/sendMessage HTTP/1.1" 404 55
