2026-03-06 09:23:20,653 - INFO - 启动维护任务 | 协议类型: IPV4
2026-03-06 09:23:20,653 - INFO - --------------------------------------------------
2026-03-06 09:23:20,653 - INFO - [hk.616049.xyz (HKG)] 开始处理节点维护
2026-03-06 09:23:20,665 - DEBUG - DNS解析重试中 hk.616049.xyz: [Errno -2] Name or service not known
2026-03-06 09:23:21,675 - DEBUG - DNS解析重试中 hk.616049.xyz: [Errno -2] Name or service not known
2026-03-06 09:23:22,684 - DEBUG - DNS解析重试中 hk.616049.xyz: [Errno -2] Name or service not known
2026-03-06 09:23:23,685 - WARNING - [hk.616049.xyz (HKG)] ├─ 无有效DNS记录，触发紧急更新
2026-03-06 09:36:18,994 - ERROR - CFST更新失败: None
2026-03-06 09:36:18,994 - INFO - --------------------------------------------------
2026-03-06 09:36:18,994 - INFO - [us.616049.xyz (LAX)] 开始处理节点维护
2026-03-06 09:36:19,009 - DEBUG - DNS解析重试中 us.616049.xyz: [Errno -2] Name or service not known
2026-03-06 09:36:20,024 - DEBUG - DNS解析重试中 us.616049.xyz: [Errno -2] Name or service not known
2026-03-06 09:36:21,039 - DEBUG - DNS解析重试中 us.616049.xyz: [Errno -2] Name or service not known
2026-03-06 09:36:22,040 - WARNING - [us.616049.xyz (LAX)] ├─ 无有效DNS记录，触发紧急更新
2026-03-06 09:49:17,731 - ERROR - CFST更新失败: None
2026-03-06 09:49:17,732 - INFO - --------------------------------------------------
2026-03-06 09:49:17,732 - INFO - [de.616049.xyz (FRA)] 开始处理节点维护
2026-03-06 09:49:18,090 - DEBUG - DNS解析重试中 de.616049.xyz: [Errno -2] Name or service not known
2026-03-06 09:49:19,100 - DEBUG - DNS解析重试中 de.616049.xyz: [Errno -2] Name or service not known
2026-03-06 09:49:20,123 - DEBUG - DNS解析重试中 de.616049.xyz: [Errno -2] Name or service not known
2026-03-06 09:49:21,124 - WARNING - [de.616049.xyz (FRA)] ├─ 无有效DNS记录，触发紧急更新
2026-03-06 10:02:16,573 - ERROR - CFST更新失败: None
2026-03-06 10:02:16,577 - DEBUG - Starting new HTTPS connection (1): api.telegram.org:443
2026-03-06 10:02:16,864 - DEBUG - https://api.telegram.org:443 "POST /bot/sendMessage HTTP/1.1" 404 55
