2026-06-15 07:00:28,109 - INFO - 启动维护任务 | 协议类型: IPV4
2026-06-15 07:00:28,109 - INFO - --------------------------------------------------
2026-06-15 07:00:28,109 - INFO - [hk.616049.xyz (HKG)] 开始处理节点维护
2026-06-15 07:00:28,122 - DEBUG - DNS解析重试中 hk.616049.xyz: [Errno -2] Name or service not known
2026-06-15 07:00:29,130 - DEBUG - DNS解析重试中 hk.616049.xyz: [Errno -2] Name or service not known
2026-06-15 07:00:30,142 - DEBUG - DNS解析重试中 hk.616049.xyz: [Errno -2] Name or service not known
2026-06-15 07:00:31,144 - WARNING - [hk.616049.xyz (HKG)] ├─ 无有效DNS记录，触发紧急更新
2026-06-15 07:13:06,597 - ERROR - CFST更新失败: None
2026-06-15 07:13:06,597 - INFO - --------------------------------------------------
2026-06-15 07:13:06,597 - INFO - [us.616049.xyz (LAX)] 开始处理节点维护
2026-06-15 07:13:06,605 - DEBUG - DNS解析重试中 us.616049.xyz: [Errno -2] Name or service not known
2026-06-15 07:13:07,613 - DEBUG - DNS解析重试中 us.616049.xyz: [Errno -2] Name or service not known
2026-06-15 07:13:08,622 - DEBUG - DNS解析重试中 us.616049.xyz: [Errno -2] Name or service not known
2026-06-15 07:13:09,624 - WARNING - [us.616049.xyz (LAX)] ├─ 无有效DNS记录，触发紧急更新
2026-06-15 07:25:44,740 - ERROR - CFST更新失败: None
2026-06-15 07:25:44,740 - INFO - --------------------------------------------------
2026-06-15 07:25:44,740 - INFO - [de.616049.xyz (FRA)] 开始处理节点维护
2026-06-15 07:25:44,746 - DEBUG - DNS解析重试中 de.616049.xyz: [Errno -2] Name or service not known
2026-06-15 07:25:45,755 - DEBUG - DNS解析重试中 de.616049.xyz: [Errno -2] Name or service not known
2026-06-15 07:25:46,763 - DEBUG - DNS解析重试中 de.616049.xyz: [Errno -2] Name or service not known
2026-06-15 07:25:47,764 - WARNING - [de.616049.xyz (FRA)] ├─ 无有效DNS记录，触发紧急更新
2026-06-15 07:38:23,119 - ERROR - CFST更新失败: None
2026-06-15 07:38:23,123 - DEBUG - Starting new HTTPS connection (1): api.telegram.org:443
2026-06-15 07:38:23,616 - DEBUG - https://api.telegram.org:443 "POST /bot/sendMessage HTTP/1.1" 404 55
