2026-02-26 22:42:06,732 - INFO - 启动维护任务 | 协议类型: IPV4
2026-02-26 22:42:06,733 - INFO - --------------------------------------------------
2026-02-26 22:42:06,733 - INFO - [hk.616049.xyz (HKG)] 开始处理节点维护
2026-02-26 22:42:06,754 - DEBUG - DNS解析重试中 hk.616049.xyz: [Errno -2] Name or service not known
2026-02-26 22:42:07,777 - DEBUG - DNS解析重试中 hk.616049.xyz: [Errno -2] Name or service not known
2026-02-26 22:42:08,834 - DEBUG - DNS解析重试中 hk.616049.xyz: [Errno -2] Name or service not known
2026-02-26 22:42:09,836 - WARNING - [hk.616049.xyz (HKG)] ├─ 无有效DNS记录，触发紧急更新
2026-02-26 22:55:03,695 - ERROR - CFST更新失败: None
2026-02-26 22:55:03,695 - INFO - --------------------------------------------------
2026-02-26 22:55:03,695 - INFO - [us.616049.xyz (LAX)] 开始处理节点维护
2026-02-26 22:55:03,725 - DEBUG - DNS解析重试中 us.616049.xyz: [Errno -2] Name or service not known
2026-02-26 22:55:04,747 - DEBUG - DNS解析重试中 us.616049.xyz: [Errno -2] Name or service not known
2026-02-26 22:55:05,774 - DEBUG - DNS解析重试中 us.616049.xyz: [Errno -2] Name or service not known
2026-02-26 22:55:06,776 - WARNING - [us.616049.xyz (LAX)] ├─ 无有效DNS记录，触发紧急更新
2026-02-26 23:08:00,438 - ERROR - CFST更新失败: None
2026-02-26 23:08:00,439 - INFO - --------------------------------------------------
2026-02-26 23:08:00,439 - INFO - [de.616049.xyz (FRA)] 开始处理节点维护
2026-02-26 23:08:00,460 - DEBUG - DNS解析重试中 de.616049.xyz: [Errno -2] Name or service not known
2026-02-26 23:08:01,483 - DEBUG - DNS解析重试中 de.616049.xyz: [Errno -2] Name or service not known
2026-02-26 23:08:02,489 - DEBUG - DNS解析重试中 de.616049.xyz: [Errno -2] Name or service not known
2026-02-26 23:08:03,490 - WARNING - [de.616049.xyz (FRA)] ├─ 无有效DNS记录，触发紧急更新
2026-02-26 23:20:56,501 - ERROR - CFST更新失败: None
2026-02-26 23:20:56,504 - DEBUG - Starting new HTTPS connection (1): api.telegram.org:443
2026-02-26 23:20:56,838 - DEBUG - https://api.telegram.org:443 "POST /bot/sendMessage HTTP/1.1" 404 55
