2026-04-16 06:35:39,071 - INFO - 启动维护任务 | 协议类型: IPV4
2026-04-16 06:35:39,071 - INFO - --------------------------------------------------
2026-04-16 06:35:39,071 - INFO - [hk.616049.xyz (HKG)] 开始处理节点维护
2026-04-16 06:35:39,101 - DEBUG - DNS解析重试中 hk.616049.xyz: [Errno -2] Name or service not known
2026-04-16 06:35:40,134 - DEBUG - DNS解析重试中 hk.616049.xyz: [Errno -2] Name or service not known
2026-04-16 06:35:41,264 - DEBUG - DNS解析重试中 hk.616049.xyz: [Errno -2] Name or service not known
2026-04-16 06:35:42,266 - WARNING - [hk.616049.xyz (HKG)] ├─ 无有效DNS记录，触发紧急更新
2026-04-16 06:48:25,908 - ERROR - CFST更新失败: None
2026-04-16 06:48:25,908 - INFO - --------------------------------------------------
2026-04-16 06:48:25,908 - INFO - [us.616049.xyz (LAX)] 开始处理节点维护
2026-04-16 06:48:25,965 - DEBUG - DNS解析重试中 us.616049.xyz: [Errno -2] Name or service not known
2026-04-16 06:48:27,011 - DEBUG - DNS解析重试中 us.616049.xyz: [Errno -2] Name or service not known
2026-04-16 06:48:28,053 - DEBUG - DNS解析重试中 us.616049.xyz: [Errno -2] Name or service not known
2026-04-16 06:48:29,054 - WARNING - [us.616049.xyz (LAX)] ├─ 无有效DNS记录，触发紧急更新
2026-04-16 07:01:05,184 - ERROR - CFST更新失败: None
2026-04-16 07:01:05,184 - INFO - --------------------------------------------------
2026-04-16 07:01:05,185 - INFO - [de.616049.xyz (FRA)] 开始处理节点维护
2026-04-16 07:01:05,214 - DEBUG - DNS解析重试中 de.616049.xyz: [Errno -2] Name or service not known
2026-04-16 07:01:06,263 - DEBUG - DNS解析重试中 de.616049.xyz: [Errno -2] Name or service not known
2026-04-16 07:01:07,295 - DEBUG - DNS解析重试中 de.616049.xyz: [Errno -2] Name or service not known
2026-04-16 07:01:08,296 - WARNING - [de.616049.xyz (FRA)] ├─ 无有效DNS记录，触发紧急更新
2026-04-16 07:13:44,691 - ERROR - CFST更新失败: None
2026-04-16 07:13:44,694 - DEBUG - Starting new HTTPS connection (1): api.telegram.org:443
2026-04-16 07:13:45,133 - DEBUG - https://api.telegram.org:443 "POST /bot/sendMessage HTTP/1.1" 404 55
