2026-03-27 02:55:22,359 - INFO - 启动维护任务 | 协议类型: IPV4
2026-03-27 02:55:22,359 - INFO - --------------------------------------------------
2026-03-27 02:55:22,359 - INFO - [hk.616049.xyz (HKG)] 开始处理节点维护
2026-03-27 02:55:22,367 - DEBUG - DNS解析重试中 hk.616049.xyz: [Errno -2] Name or service not known
2026-03-27 02:55:23,383 - DEBUG - DNS解析重试中 hk.616049.xyz: [Errno -2] Name or service not known
2026-03-27 02:55:24,396 - DEBUG - DNS解析重试中 hk.616049.xyz: [Errno -2] Name or service not known
2026-03-27 02:55:25,397 - WARNING - [hk.616049.xyz (HKG)] ├─ 无有效DNS记录，触发紧急更新
2026-03-27 03:08:21,564 - ERROR - CFST更新失败: None
2026-03-27 03:08:21,564 - INFO - --------------------------------------------------
2026-03-27 03:08:21,564 - INFO - [us.616049.xyz (LAX)] 开始处理节点维护
2026-03-27 03:08:21,594 - DEBUG - DNS解析重试中 us.616049.xyz: [Errno -2] Name or service not known
2026-03-27 03:08:22,611 - DEBUG - DNS解析重试中 us.616049.xyz: [Errno -2] Name or service not known
2026-03-27 03:08:23,621 - DEBUG - DNS解析重试中 us.616049.xyz: [Errno -2] Name or service not known
2026-03-27 03:08:24,622 - WARNING - [us.616049.xyz (LAX)] ├─ 无有效DNS记录，触发紧急更新
2026-03-27 03:21:20,268 - ERROR - CFST更新失败: None
2026-03-27 03:21:20,269 - INFO - --------------------------------------------------
2026-03-27 03:21:20,269 - INFO - [de.616049.xyz (FRA)] 开始处理节点维护
2026-03-27 03:21:20,278 - DEBUG - DNS解析重试中 de.616049.xyz: [Errno -2] Name or service not known
2026-03-27 03:21:21,288 - DEBUG - DNS解析重试中 de.616049.xyz: [Errno -2] Name or service not known
2026-03-27 03:21:22,305 - DEBUG - DNS解析重试中 de.616049.xyz: [Errno -2] Name or service not known
2026-03-27 03:21:23,306 - WARNING - [de.616049.xyz (FRA)] ├─ 无有效DNS记录，触发紧急更新
2026-03-27 03:34:18,645 - ERROR - CFST更新失败: None
2026-03-27 03:34:18,649 - DEBUG - Starting new HTTPS connection (1): api.telegram.org:443
2026-03-27 03:34:18,932 - DEBUG - https://api.telegram.org:443 "POST /bot/sendMessage HTTP/1.1" 404 55
