2026-04-10 17:00:38,062 - INFO - 启动维护任务 | 协议类型: IPV4
2026-04-10 17:00:38,063 - INFO - --------------------------------------------------
2026-04-10 17:00:38,063 - INFO - [hk.616049.xyz (HKG)] 开始处理节点维护
2026-04-10 17:00:38,095 - DEBUG - DNS解析重试中 hk.616049.xyz: [Errno -2] Name or service not known
2026-04-10 17:00:39,118 - DEBUG - DNS解析重试中 hk.616049.xyz: [Errno -2] Name or service not known
2026-04-10 17:00:40,126 - DEBUG - DNS解析重试中 hk.616049.xyz: [Errno -2] Name or service not known
2026-04-10 17:00:41,127 - WARNING - [hk.616049.xyz (HKG)] ├─ 无有效DNS记录，触发紧急更新
2026-04-10 17:13:36,567 - ERROR - CFST更新失败: None
2026-04-10 17:13:36,567 - INFO - --------------------------------------------------
2026-04-10 17:13:36,567 - INFO - [us.616049.xyz (LAX)] 开始处理节点维护
2026-04-10 17:13:36,660 - DEBUG - DNS解析重试中 us.616049.xyz: [Errno -2] Name or service not known
2026-04-10 17:13:37,675 - DEBUG - DNS解析重试中 us.616049.xyz: [Errno -2] Name or service not known
2026-04-10 17:13:38,704 - DEBUG - DNS解析重试中 us.616049.xyz: [Errno -2] Name or service not known
2026-04-10 17:13:39,705 - WARNING - [us.616049.xyz (LAX)] ├─ 无有效DNS记录，触发紧急更新
2026-04-10 17:26:34,058 - ERROR - CFST更新失败: None
2026-04-10 17:26:34,058 - INFO - --------------------------------------------------
2026-04-10 17:26:34,059 - INFO - [de.616049.xyz (FRA)] 开始处理节点维护
2026-04-10 17:26:34,081 - DEBUG - DNS解析重试中 de.616049.xyz: [Errno -2] Name or service not known
2026-04-10 17:26:35,109 - DEBUG - DNS解析重试中 de.616049.xyz: [Errno -2] Name or service not known
2026-04-10 17:26:36,133 - DEBUG - DNS解析重试中 de.616049.xyz: [Errno -2] Name or service not known
2026-04-10 17:26:37,134 - WARNING - [de.616049.xyz (FRA)] ├─ 无有效DNS记录，触发紧急更新
2026-04-10 17:39:32,911 - ERROR - CFST更新失败: None
2026-04-10 17:39:32,915 - DEBUG - Starting new HTTPS connection (1): api.telegram.org:443
2026-04-10 17:39:33,358 - DEBUG - https://api.telegram.org:443 "POST /bot/sendMessage HTTP/1.1" 404 55
