2026-02-15 02:23:46,967 - INFO - 启动维护任务 | 协议类型: IPV4
2026-02-15 02:23:46,967 - INFO - --------------------------------------------------
2026-02-15 02:23:46,967 - INFO - [hk.616049.xyz (HKG)] 开始处理节点维护
2026-02-15 02:23:46,994 - DEBUG - DNS解析重试中 hk.616049.xyz: [Errno -2] Name or service not known
2026-02-15 02:23:48,001 - DEBUG - DNS解析重试中 hk.616049.xyz: [Errno -2] Name or service not known
2026-02-15 02:23:49,015 - DEBUG - DNS解析重试中 hk.616049.xyz: [Errno -2] Name or service not known
2026-02-15 02:23:50,016 - WARNING - [hk.616049.xyz (HKG)] ├─ 无有效DNS记录，触发紧急更新
2026-02-15 02:36:43,442 - ERROR - CFST更新失败: None
2026-02-15 02:36:43,443 - INFO - --------------------------------------------------
2026-02-15 02:36:43,443 - INFO - [us.616049.xyz (LAX)] 开始处理节点维护
2026-02-15 02:36:43,457 - DEBUG - DNS解析重试中 us.616049.xyz: [Errno -2] Name or service not known
2026-02-15 02:36:44,472 - DEBUG - DNS解析重试中 us.616049.xyz: [Errno -2] Name or service not known
2026-02-15 02:36:45,501 - DEBUG - DNS解析重试中 us.616049.xyz: [Errno -2] Name or service not known
2026-02-15 02:36:46,503 - WARNING - [us.616049.xyz (LAX)] ├─ 无有效DNS记录，触发紧急更新
2026-02-15 02:49:39,231 - ERROR - CFST更新失败: None
2026-02-15 02:49:39,231 - INFO - --------------------------------------------------
2026-02-15 02:49:39,231 - INFO - [de.616049.xyz (FRA)] 开始处理节点维护
2026-02-15 02:49:39,245 - DEBUG - DNS解析重试中 de.616049.xyz: [Errno -2] Name or service not known
2026-02-15 02:49:40,260 - DEBUG - DNS解析重试中 de.616049.xyz: [Errno -2] Name or service not known
2026-02-15 02:49:41,275 - DEBUG - DNS解析重试中 de.616049.xyz: [Errno -2] Name or service not known
2026-02-15 02:49:42,276 - WARNING - [de.616049.xyz (FRA)] ├─ 无有效DNS记录，触发紧急更新
2026-02-15 03:02:34,999 - ERROR - CFST更新失败: None
2026-02-15 03:02:35,003 - DEBUG - Starting new HTTPS connection (1): api.telegram.org:443
2026-02-15 03:02:35,496 - DEBUG - https://api.telegram.org:443 "POST /bot/sendMessage HTTP/1.1" 404 55
