2026-05-10 14:28:35,848 - INFO - 启动维护任务 | 协议类型: IPV4
2026-05-10 14:28:35,848 - INFO - --------------------------------------------------
2026-05-10 14:28:35,848 - INFO - [hk.616049.xyz (HKG)] 开始处理节点维护
2026-05-10 14:28:35,879 - DEBUG - DNS解析重试中 hk.616049.xyz: [Errno -2] Name or service not known
2026-05-10 14:28:36,885 - DEBUG - DNS解析重试中 hk.616049.xyz: [Errno -2] Name or service not known
2026-05-10 14:28:37,923 - DEBUG - DNS解析重试中 hk.616049.xyz: [Errno -2] Name or service not known
2026-05-10 14:28:38,925 - WARNING - [hk.616049.xyz (HKG)] ├─ 无有效DNS记录，触发紧急更新
2026-05-10 14:41:14,563 - ERROR - CFST更新失败: None
2026-05-10 14:41:14,563 - INFO - --------------------------------------------------
2026-05-10 14:41:14,563 - INFO - [us.616049.xyz (LAX)] 开始处理节点维护
2026-05-10 14:41:14,595 - DEBUG - DNS解析重试中 us.616049.xyz: [Errno -2] Name or service not known
2026-05-10 14:41:15,617 - DEBUG - DNS解析重试中 us.616049.xyz: [Errno -2] Name or service not known
2026-05-10 14:41:16,657 - DEBUG - DNS解析重试中 us.616049.xyz: [Errno -2] Name or service not known
2026-05-10 14:41:17,658 - WARNING - [us.616049.xyz (LAX)] ├─ 无有效DNS记录，触发紧急更新
2026-05-10 14:53:52,357 - ERROR - CFST更新失败: None
2026-05-10 14:53:52,357 - INFO - --------------------------------------------------
2026-05-10 14:53:52,357 - INFO - [de.616049.xyz (FRA)] 开始处理节点维护
2026-05-10 14:53:52,383 - DEBUG - DNS解析重试中 de.616049.xyz: [Errno -2] Name or service not known
2026-05-10 14:53:53,409 - DEBUG - DNS解析重试中 de.616049.xyz: [Errno -2] Name or service not known
2026-05-10 14:53:54,439 - DEBUG - DNS解析重试中 de.616049.xyz: [Errno -2] Name or service not known
2026-05-10 14:53:55,440 - WARNING - [de.616049.xyz (FRA)] ├─ 无有效DNS记录，触发紧急更新
2026-05-10 15:06:30,252 - ERROR - CFST更新失败: None
2026-05-10 15:06:30,255 - DEBUG - Starting new HTTPS connection (1): api.telegram.org:443
2026-05-10 15:06:30,563 - DEBUG - https://api.telegram.org:443 "POST /bot/sendMessage HTTP/1.1" 404 55
