2026-02-18 20:43:02,349 - INFO - 启动维护任务 | 协议类型: IPV4
2026-02-18 20:43:02,349 - INFO - --------------------------------------------------
2026-02-18 20:43:02,349 - INFO - [hk.616049.xyz (HKG)] 开始处理节点维护
2026-02-18 20:43:02,370 - DEBUG - DNS解析重试中 hk.616049.xyz: [Errno -2] Name or service not known
2026-02-18 20:43:03,388 - DEBUG - DNS解析重试中 hk.616049.xyz: [Errno -2] Name or service not known
2026-02-18 20:43:04,412 - DEBUG - DNS解析重试中 hk.616049.xyz: [Errno -2] Name or service not known
2026-02-18 20:43:05,413 - WARNING - [hk.616049.xyz (HKG)] ├─ 无有效DNS记录，触发紧急更新
2026-02-18 20:56:04,719 - ERROR - CFST更新失败: None
2026-02-18 20:56:04,719 - INFO - --------------------------------------------------
2026-02-18 20:56:04,719 - INFO - [us.616049.xyz (LAX)] 开始处理节点维护
2026-02-18 20:56:04,750 - DEBUG - DNS解析重试中 us.616049.xyz: [Errno -2] Name or service not known
2026-02-18 20:56:05,783 - DEBUG - DNS解析重试中 us.616049.xyz: [Errno -2] Name or service not known
2026-02-18 20:56:06,790 - DEBUG - DNS解析重试中 us.616049.xyz: [Errno -2] Name or service not known
2026-02-18 20:56:07,791 - WARNING - [us.616049.xyz (LAX)] ├─ 无有效DNS记录，触发紧急更新
2026-02-18 21:09:02,981 - ERROR - CFST更新失败: None
2026-02-18 21:09:02,981 - INFO - --------------------------------------------------
2026-02-18 21:09:02,981 - INFO - [de.616049.xyz (FRA)] 开始处理节点维护
2026-02-18 21:09:03,002 - DEBUG - DNS解析重试中 de.616049.xyz: [Errno -2] Name or service not known
2026-02-18 21:09:04,025 - DEBUG - DNS解析重试中 de.616049.xyz: [Errno -2] Name or service not known
2026-02-18 21:09:05,057 - DEBUG - DNS解析重试中 de.616049.xyz: [Errno -2] Name or service not known
2026-02-18 21:09:06,058 - WARNING - [de.616049.xyz (FRA)] ├─ 无有效DNS记录，触发紧急更新
2026-02-18 21:22:01,356 - ERROR - CFST更新失败: None
2026-02-18 21:22:01,360 - DEBUG - Starting new HTTPS connection (1): api.telegram.org:443
2026-02-18 21:22:01,692 - DEBUG - https://api.telegram.org:443 "POST /bot/sendMessage HTTP/1.1" 404 55
