2026-05-17 06:37:55,625 - INFO - 启动维护任务 | 协议类型: IPV4
2026-05-17 06:37:55,626 - INFO - --------------------------------------------------
2026-05-17 06:37:55,626 - INFO - [hk.616049.xyz (HKG)] 开始处理节点维护
2026-05-17 06:37:55,655 - DEBUG - DNS解析重试中 hk.616049.xyz: [Errno -2] Name or service not known
2026-05-17 06:37:56,684 - DEBUG - DNS解析重试中 hk.616049.xyz: [Errno -2] Name or service not known
2026-05-17 06:37:57,689 - DEBUG - DNS解析重试中 hk.616049.xyz: [Errno -2] Name or service not known
2026-05-17 06:37:58,690 - WARNING - [hk.616049.xyz (HKG)] ├─ 无有效DNS记录，触发紧急更新
2026-05-17 06:50:52,038 - ERROR - CFST更新失败: None
2026-05-17 06:50:52,038 - INFO - --------------------------------------------------
2026-05-17 06:50:52,038 - INFO - [us.616049.xyz (LAX)] 开始处理节点维护
2026-05-17 06:50:52,067 - DEBUG - DNS解析重试中 us.616049.xyz: [Errno -2] Name or service not known
2026-05-17 06:50:53,096 - DEBUG - DNS解析重试中 us.616049.xyz: [Errno -2] Name or service not known
2026-05-17 06:50:54,124 - DEBUG - DNS解析重试中 us.616049.xyz: [Errno -2] Name or service not known
2026-05-17 06:50:55,125 - WARNING - [us.616049.xyz (LAX)] ├─ 无有效DNS记录，触发紧急更新
2026-05-17 07:03:48,066 - ERROR - CFST更新失败: None
2026-05-17 07:03:48,066 - INFO - --------------------------------------------------
2026-05-17 07:03:48,067 - INFO - [de.616049.xyz (FRA)] 开始处理节点维护
2026-05-17 07:03:48,094 - DEBUG - DNS解析重试中 de.616049.xyz: [Errno -2] Name or service not known
2026-05-17 07:03:49,101 - DEBUG - DNS解析重试中 de.616049.xyz: [Errno -2] Name or service not known
2026-05-17 07:03:50,107 - DEBUG - DNS解析重试中 de.616049.xyz: [Errno -2] Name or service not known
2026-05-17 07:03:51,109 - WARNING - [de.616049.xyz (FRA)] ├─ 无有效DNS记录，触发紧急更新
2026-05-17 07:16:44,186 - ERROR - CFST更新失败: None
2026-05-17 07:16:44,190 - DEBUG - Starting new HTTPS connection (1): api.telegram.org:443
2026-05-17 07:16:44,716 - DEBUG - https://api.telegram.org:443 "POST /bot/sendMessage HTTP/1.1" 404 55
