2026-05-19 18:54:53,285 - INFO - 启动维护任务 | 协议类型: IPV4
2026-05-19 18:54:53,285 - INFO - --------------------------------------------------
2026-05-19 18:54:53,285 - INFO - [hk.616049.xyz (HKG)] 开始处理节点维护
2026-05-19 18:54:53,321 - DEBUG - DNS解析重试中 hk.616049.xyz: [Errno -2] Name or service not known
2026-05-19 18:54:54,345 - DEBUG - DNS解析重试中 hk.616049.xyz: [Errno -2] Name or service not known
2026-05-19 18:54:55,352 - DEBUG - DNS解析重试中 hk.616049.xyz: [Errno -2] Name or service not known
2026-05-19 18:54:56,353 - WARNING - [hk.616049.xyz (HKG)] ├─ 无有效DNS记录，触发紧急更新
2026-05-19 19:08:05,294 - ERROR - CFST更新失败: None
2026-05-19 19:08:05,294 - INFO - --------------------------------------------------
2026-05-19 19:08:05,294 - INFO - [us.616049.xyz (LAX)] 开始处理节点维护
2026-05-19 19:08:05,622 - DEBUG - DNS解析重试中 us.616049.xyz: [Errno -2] Name or service not known
2026-05-19 19:08:06,646 - DEBUG - DNS解析重试中 us.616049.xyz: [Errno -2] Name or service not known
2026-05-19 19:08:07,730 - DEBUG - DNS解析重试中 us.616049.xyz: [Errno -2] Name or service not known
2026-05-19 19:08:08,731 - WARNING - [us.616049.xyz (LAX)] ├─ 无有效DNS记录，触发紧急更新
2026-05-19 19:21:15,771 - ERROR - CFST更新失败: None
2026-05-19 19:21:15,772 - INFO - --------------------------------------------------
2026-05-19 19:21:15,772 - INFO - [de.616049.xyz (FRA)] 开始处理节点维护
2026-05-19 19:21:15,802 - DEBUG - DNS解析重试中 de.616049.xyz: [Errno -2] Name or service not known
2026-05-19 19:21:16,833 - DEBUG - DNS解析重试中 de.616049.xyz: [Errno -2] Name or service not known
2026-05-19 19:21:17,857 - DEBUG - DNS解析重试中 de.616049.xyz: [Errno -2] Name or service not known
2026-05-19 19:21:18,859 - WARNING - [de.616049.xyz (FRA)] ├─ 无有效DNS记录，触发紧急更新
2026-05-19 19:34:28,014 - ERROR - CFST更新失败: None
2026-05-19 19:34:28,018 - DEBUG - Starting new HTTPS connection (1): api.telegram.org:443
2026-05-19 19:34:28,467 - DEBUG - https://api.telegram.org:443 "POST /bot/sendMessage HTTP/1.1" 404 55
