2026-05-25 03:04:57,360 - INFO - 启动维护任务 | 协议类型: IPV4
2026-05-25 03:04:57,360 - INFO - --------------------------------------------------
2026-05-25 03:04:57,360 - INFO - [hk.616049.xyz (HKG)] 开始处理节点维护
2026-05-25 03:04:57,374 - DEBUG - DNS解析重试中 hk.616049.xyz: [Errno -2] Name or service not known
2026-05-25 03:04:58,388 - DEBUG - DNS解析重试中 hk.616049.xyz: [Errno -2] Name or service not known
2026-05-25 03:04:59,406 - DEBUG - DNS解析重试中 hk.616049.xyz: [Errno -2] Name or service not known
2026-05-25 03:05:00,407 - WARNING - [hk.616049.xyz (HKG)] ├─ 无有效DNS记录，触发紧急更新
2026-05-25 03:17:52,526 - ERROR - CFST更新失败: None
2026-05-25 03:17:52,526 - INFO - --------------------------------------------------
2026-05-25 03:17:52,526 - INFO - [us.616049.xyz (LAX)] 开始处理节点维护
2026-05-25 03:17:52,538 - DEBUG - DNS解析重试中 us.616049.xyz: [Errno -2] Name or service not known
2026-05-25 03:17:53,548 - DEBUG - DNS解析重试中 us.616049.xyz: [Errno -2] Name or service not known
2026-05-25 03:17:54,555 - DEBUG - DNS解析重试中 us.616049.xyz: [Errno -2] Name or service not known
2026-05-25 03:17:55,557 - WARNING - [us.616049.xyz (LAX)] ├─ 无有效DNS记录，触发紧急更新
2026-05-25 03:30:47,262 - ERROR - CFST更新失败: None
2026-05-25 03:30:47,263 - INFO - --------------------------------------------------
2026-05-25 03:30:47,263 - INFO - [de.616049.xyz (FRA)] 开始处理节点维护
2026-05-25 03:30:47,270 - DEBUG - DNS解析重试中 de.616049.xyz: [Errno -2] Name or service not known
2026-05-25 03:30:48,301 - DEBUG - DNS解析重试中 de.616049.xyz: [Errno -2] Name or service not known
2026-05-25 03:30:49,317 - DEBUG - DNS解析重试中 de.616049.xyz: [Errno -2] Name or service not known
2026-05-25 03:30:50,318 - WARNING - [de.616049.xyz (FRA)] ├─ 无有效DNS记录，触发紧急更新
2026-05-25 03:43:42,266 - ERROR - CFST更新失败: None
2026-05-25 03:43:42,270 - DEBUG - Starting new HTTPS connection (1): api.telegram.org:443
2026-05-25 03:43:42,554 - DEBUG - https://api.telegram.org:443 "POST /bot/sendMessage HTTP/1.1" 404 55
