2026-06-11 21:52:52,514 - INFO - 启动维护任务 | 协议类型: IPV4
2026-06-11 21:52:52,514 - INFO - --------------------------------------------------
2026-06-11 21:52:52,514 - INFO - [hk.616049.xyz (HKG)] 开始处理节点维护
2026-06-11 21:52:52,548 - DEBUG - DNS解析重试中 hk.616049.xyz: [Errno -2] Name or service not known
2026-06-11 21:52:53,573 - DEBUG - DNS解析重试中 hk.616049.xyz: [Errno -2] Name or service not known
2026-06-11 21:52:54,596 - DEBUG - DNS解析重试中 hk.616049.xyz: [Errno -2] Name or service not known
2026-06-11 21:52:55,597 - WARNING - [hk.616049.xyz (HKG)] ├─ 无有效DNS记录，触发紧急更新
2026-06-11 22:05:34,021 - ERROR - CFST更新失败: None
2026-06-11 22:05:34,022 - INFO - --------------------------------------------------
2026-06-11 22:05:34,022 - INFO - [us.616049.xyz (LAX)] 开始处理节点维护
2026-06-11 22:05:34,071 - DEBUG - DNS解析重试中 us.616049.xyz: [Errno -2] Name or service not known
2026-06-11 22:05:35,102 - DEBUG - DNS解析重试中 us.616049.xyz: [Errno -2] Name or service not known
2026-06-11 22:05:36,130 - DEBUG - DNS解析重试中 us.616049.xyz: [Errno -2] Name or service not known
2026-06-11 22:05:37,131 - WARNING - [us.616049.xyz (LAX)] ├─ 无有效DNS记录，触发紧急更新
2026-06-11 22:18:15,701 - ERROR - CFST更新失败: None
2026-06-11 22:18:15,701 - INFO - --------------------------------------------------
2026-06-11 22:18:15,701 - INFO - [de.616049.xyz (FRA)] 开始处理节点维护
2026-06-11 22:18:15,736 - DEBUG - DNS解析重试中 de.616049.xyz: [Errno -2] Name or service not known
2026-06-11 22:18:16,776 - DEBUG - DNS解析重试中 de.616049.xyz: [Errno -2] Name or service not known
2026-06-11 22:18:17,807 - DEBUG - DNS解析重试中 de.616049.xyz: [Errno -2] Name or service not known
2026-06-11 22:18:18,809 - WARNING - [de.616049.xyz (FRA)] ├─ 无有效DNS记录，触发紧急更新
2026-06-11 22:31:02,041 - ERROR - CFST更新失败: None
2026-06-11 22:31:02,045 - DEBUG - Starting new HTTPS connection (1): api.telegram.org:443
2026-06-11 22:31:02,365 - DEBUG - https://api.telegram.org:443 "POST /bot/sendMessage HTTP/1.1" 404 55
