2026-05-20 03:51:18,883 - INFO - 启动维护任务 | 协议类型: IPV4
2026-05-20 03:51:18,883 - INFO - --------------------------------------------------
2026-05-20 03:51:18,883 - INFO - [hk.616049.xyz (HKG)] 开始处理节点维护
2026-05-20 03:51:18,894 - DEBUG - DNS解析重试中 hk.616049.xyz: [Errno -2] Name or service not known
2026-05-20 03:51:19,906 - DEBUG - DNS解析重试中 hk.616049.xyz: [Errno -2] Name or service not known
2026-05-20 03:51:20,918 - DEBUG - DNS解析重试中 hk.616049.xyz: [Errno -2] Name or service not known
2026-05-20 03:51:21,919 - WARNING - [hk.616049.xyz (HKG)] ├─ 无有效DNS记录，触发紧急更新
2026-05-20 04:04:15,076 - ERROR - CFST更新失败: None
2026-05-20 04:04:15,076 - INFO - --------------------------------------------------
2026-05-20 04:04:15,076 - INFO - [us.616049.xyz (LAX)] 开始处理节点维护
2026-05-20 04:04:15,095 - DEBUG - DNS解析重试中 us.616049.xyz: [Errno -2] Name or service not known
2026-05-20 04:04:16,131 - DEBUG - DNS解析重试中 us.616049.xyz: [Errno -2] Name or service not known
2026-05-20 04:04:17,153 - DEBUG - DNS解析重试中 us.616049.xyz: [Errno -2] Name or service not known
2026-05-20 04:04:18,155 - WARNING - [us.616049.xyz (LAX)] ├─ 无有效DNS记录，触发紧急更新
2026-05-20 04:17:11,266 - ERROR - CFST更新失败: None
2026-05-20 04:17:11,267 - INFO - --------------------------------------------------
2026-05-20 04:17:11,267 - INFO - [de.616049.xyz (FRA)] 开始处理节点维护
2026-05-20 04:17:11,282 - DEBUG - DNS解析重试中 de.616049.xyz: [Errno -2] Name or service not known
2026-05-20 04:17:12,295 - DEBUG - DNS解析重试中 de.616049.xyz: [Errno -2] Name or service not known
2026-05-20 04:17:13,309 - DEBUG - DNS解析重试中 de.616049.xyz: [Errno -2] Name or service not known
2026-05-20 04:17:14,310 - WARNING - [de.616049.xyz (FRA)] ├─ 无有效DNS记录，触发紧急更新
2026-05-20 04:30:07,629 - ERROR - CFST更新失败: None
2026-05-20 04:30:07,633 - DEBUG - Starting new HTTPS connection (1): api.telegram.org:443
2026-05-20 04:30:07,926 - DEBUG - https://api.telegram.org:443 "POST /bot/sendMessage HTTP/1.1" 404 55
