2026-06-11 16:28:09,211 - INFO - 启动维护任务 | 协议类型: IPV4
2026-06-11 16:28:09,211 - INFO - --------------------------------------------------
2026-06-11 16:28:09,212 - INFO - [hk.616049.xyz (HKG)] 开始处理节点维护
2026-06-11 16:28:09,238 - DEBUG - DNS解析重试中 hk.616049.xyz: [Errno -2] Name or service not known
2026-06-11 16:28:10,270 - DEBUG - DNS解析重试中 hk.616049.xyz: [Errno -2] Name or service not known
2026-06-11 16:28:11,291 - DEBUG - DNS解析重试中 hk.616049.xyz: [Errno -2] Name or service not known
2026-06-11 16:28:12,292 - WARNING - [hk.616049.xyz (HKG)] ├─ 无有效DNS记录，触发紧急更新
2026-06-11 16:40:49,225 - ERROR - CFST更新失败: None
2026-06-11 16:40:49,226 - INFO - --------------------------------------------------
2026-06-11 16:40:49,226 - INFO - [us.616049.xyz (LAX)] 开始处理节点维护
2026-06-11 16:40:49,247 - DEBUG - DNS解析重试中 us.616049.xyz: [Errno -2] Name or service not known
2026-06-11 16:40:50,272 - DEBUG - DNS解析重试中 us.616049.xyz: [Errno -2] Name or service not known
2026-06-11 16:40:51,297 - DEBUG - DNS解析重试中 us.616049.xyz: [Errno -2] Name or service not known
2026-06-11 16:40:52,298 - WARNING - [us.616049.xyz (LAX)] ├─ 无有效DNS记录，触发紧急更新
2026-06-11 16:53:27,619 - ERROR - CFST更新失败: None
2026-06-11 16:53:27,619 - INFO - --------------------------------------------------
2026-06-11 16:53:27,619 - INFO - [de.616049.xyz (FRA)] 开始处理节点维护
2026-06-11 16:53:27,640 - DEBUG - DNS解析重试中 de.616049.xyz: [Errno -2] Name or service not known
2026-06-11 16:53:28,664 - DEBUG - DNS解析重试中 de.616049.xyz: [Errno -2] Name or service not known
2026-06-11 16:53:29,670 - DEBUG - DNS解析重试中 de.616049.xyz: [Errno -2] Name or service not known
2026-06-11 16:53:30,671 - WARNING - [de.616049.xyz (FRA)] ├─ 无有效DNS记录，触发紧急更新
2026-06-11 17:06:07,638 - ERROR - CFST更新失败: None
2026-06-11 17:06:07,642 - DEBUG - Starting new HTTPS connection (1): api.telegram.org:443
2026-06-11 17:06:08,113 - DEBUG - https://api.telegram.org:443 "POST /bot/sendMessage HTTP/1.1" 404 55
