2026-01-28 12:38:30,155 - INFO - 启动维护任务 | 协议类型: IPV4
2026-01-28 12:38:30,155 - INFO - --------------------------------------------------
2026-01-28 12:38:30,155 - INFO - [hk.616049.xyz (HKG)] 开始处理节点维护
2026-01-28 12:38:30,165 - DEBUG - DNS解析重试中 hk.616049.xyz: [Errno -2] Name or service not known
2026-01-28 12:38:31,177 - DEBUG - DNS解析重试中 hk.616049.xyz: [Errno -2] Name or service not known
2026-01-28 12:38:32,185 - DEBUG - DNS解析重试中 hk.616049.xyz: [Errno -2] Name or service not known
2026-01-28 12:38:33,186 - WARNING - [hk.616049.xyz (HKG)] ├─ 无有效DNS记录，触发紧急更新
2026-01-28 12:51:30,744 - ERROR - CFST更新失败: None
2026-01-28 12:51:30,744 - INFO - --------------------------------------------------
2026-01-28 12:51:30,744 - INFO - [us.616049.xyz (LAX)] 开始处理节点维护
2026-01-28 12:51:30,754 - DEBUG - DNS解析重试中 us.616049.xyz: [Errno -2] Name or service not known
2026-01-28 12:51:31,775 - DEBUG - DNS解析重试中 us.616049.xyz: [Errno -2] Name or service not known
2026-01-28 12:51:32,784 - DEBUG - DNS解析重试中 us.616049.xyz: [Errno -2] Name or service not known
2026-01-28 12:51:33,785 - WARNING - [us.616049.xyz (LAX)] ├─ 无有效DNS记录，触发紧急更新
2026-01-28 13:04:31,258 - ERROR - CFST更新失败: None
2026-01-28 13:04:31,259 - INFO - --------------------------------------------------
2026-01-28 13:04:31,259 - INFO - [de.616049.xyz (FRA)] 开始处理节点维护
2026-01-28 13:04:31,281 - DEBUG - DNS解析重试中 de.616049.xyz: [Errno -2] Name or service not known
2026-01-28 13:04:32,314 - DEBUG - DNS解析重试中 de.616049.xyz: [Errno -2] Name or service not known
2026-01-28 13:04:33,323 - DEBUG - DNS解析重试中 de.616049.xyz: [Errno -2] Name or service not known
2026-01-28 13:04:34,325 - WARNING - [de.616049.xyz (FRA)] ├─ 无有效DNS记录，触发紧急更新
2026-01-28 13:17:31,223 - ERROR - CFST更新失败: None
2026-01-28 13:17:31,228 - DEBUG - Starting new HTTPS connection (1): api.telegram.org:443
2026-01-28 13:17:31,515 - DEBUG - https://api.telegram.org:443 "POST /bot/sendMessage HTTP/1.1" 404 55
