2026-04-26 09:58:23,136 - INFO - 启动维护任务 | 协议类型: IPV4
2026-04-26 09:58:23,136 - INFO - --------------------------------------------------
2026-04-26 09:58:23,136 - INFO - [hk.616049.xyz (HKG)] 开始处理节点维护
2026-04-26 09:58:23,146 - DEBUG - DNS解析重试中 hk.616049.xyz: [Errno -2] Name or service not known
2026-04-26 09:58:24,165 - DEBUG - DNS解析重试中 hk.616049.xyz: [Errno -2] Name or service not known
2026-04-26 09:58:25,177 - DEBUG - DNS解析重试中 hk.616049.xyz: [Errno -2] Name or service not known
2026-04-26 09:58:26,178 - WARNING - [hk.616049.xyz (HKG)] ├─ 无有效DNS记录，触发紧急更新
2026-04-26 10:11:20,092 - ERROR - CFST更新失败: None
2026-04-26 10:11:20,092 - INFO - --------------------------------------------------
2026-04-26 10:11:20,092 - INFO - [us.616049.xyz (LAX)] 开始处理节点维护
2026-04-26 10:11:20,102 - DEBUG - DNS解析重试中 us.616049.xyz: [Errno -2] Name or service not known
2026-04-26 10:11:21,122 - DEBUG - DNS解析重试中 us.616049.xyz: [Errno -2] Name or service not known
2026-04-26 10:11:22,146 - DEBUG - DNS解析重试中 us.616049.xyz: [Errno -2] Name or service not known
2026-04-26 10:11:23,148 - WARNING - [us.616049.xyz (LAX)] ├─ 无有效DNS记录，触发紧急更新
2026-04-26 10:24:18,781 - ERROR - CFST更新失败: None
2026-04-26 10:24:18,782 - INFO - --------------------------------------------------
2026-04-26 10:24:18,782 - INFO - [de.616049.xyz (FRA)] 开始处理节点维护
2026-04-26 10:24:18,791 - DEBUG - DNS解析重试中 de.616049.xyz: [Errno -2] Name or service not known
2026-04-26 10:24:19,811 - DEBUG - DNS解析重试中 de.616049.xyz: [Errno -2] Name or service not known
2026-04-26 10:24:20,825 - DEBUG - DNS解析重试中 de.616049.xyz: [Errno -2] Name or service not known
2026-04-26 10:24:21,826 - WARNING - [de.616049.xyz (FRA)] ├─ 无有效DNS记录，触发紧急更新
2026-04-26 10:37:15,241 - ERROR - CFST更新失败: None
2026-04-26 10:37:15,245 - DEBUG - Starting new HTTPS connection (1): api.telegram.org:443
2026-04-26 10:37:15,535 - DEBUG - https://api.telegram.org:443 "POST /bot/sendMessage HTTP/1.1" 404 55
