2026-05-27 02:18:24,599 - INFO - 启动维护任务 | 协议类型: IPV4
2026-05-27 02:18:24,599 - INFO - --------------------------------------------------
2026-05-27 02:18:24,599 - INFO - [hk.616049.xyz (HKG)] 开始处理节点维护
2026-05-27 02:18:24,633 - DEBUG - DNS解析重试中 hk.616049.xyz: [Errno -2] Name or service not known
2026-05-27 02:18:25,661 - DEBUG - DNS解析重试中 hk.616049.xyz: [Errno -2] Name or service not known
2026-05-27 02:18:26,668 - DEBUG - DNS解析重试中 hk.616049.xyz: [Errno -2] Name or service not known
2026-05-27 02:18:27,669 - WARNING - [hk.616049.xyz (HKG)] ├─ 无有效DNS记录，触发紧急更新
2026-05-27 02:31:25,918 - ERROR - CFST更新失败: None
2026-05-27 02:31:25,918 - INFO - --------------------------------------------------
2026-05-27 02:31:25,918 - INFO - [us.616049.xyz (LAX)] 开始处理节点维护
2026-05-27 02:31:25,954 - DEBUG - DNS解析重试中 us.616049.xyz: [Errno -2] Name or service not known
2026-05-27 02:31:26,987 - DEBUG - DNS解析重试中 us.616049.xyz: [Errno -2] Name or service not known
2026-05-27 02:31:28,018 - DEBUG - DNS解析重试中 us.616049.xyz: [Errno -2] Name or service not known
2026-05-27 02:31:29,019 - WARNING - [us.616049.xyz (LAX)] ├─ 无有效DNS记录，触发紧急更新
2026-05-27 02:44:27,435 - ERROR - CFST更新失败: None
2026-05-27 02:44:27,436 - INFO - --------------------------------------------------
2026-05-27 02:44:27,436 - INFO - [de.616049.xyz (FRA)] 开始处理节点维护
2026-05-27 02:44:27,467 - DEBUG - DNS解析重试中 de.616049.xyz: [Errno -2] Name or service not known
2026-05-27 02:44:28,501 - DEBUG - DNS解析重试中 de.616049.xyz: [Errno -2] Name or service not known
2026-05-27 02:44:29,525 - DEBUG - DNS解析重试中 de.616049.xyz: [Errno -2] Name or service not known
2026-05-27 02:44:30,526 - WARNING - [de.616049.xyz (FRA)] ├─ 无有效DNS记录，触发紧急更新
2026-05-27 02:57:28,913 - ERROR - CFST更新失败: None
2026-05-27 02:57:28,917 - DEBUG - Starting new HTTPS connection (1): api.telegram.org:443
2026-05-27 02:57:29,249 - DEBUG - https://api.telegram.org:443 "POST /bot/sendMessage HTTP/1.1" 404 55
