2026-06-24 15:33:21,172 - INFO - 启动维护任务 | 协议类型: IPV4
2026-06-24 15:33:21,172 - INFO - --------------------------------------------------
2026-06-24 15:33:21,172 - INFO - [hk.616049.xyz (HKG)] 开始处理节点维护
2026-06-24 15:33:21,188 - DEBUG - DNS解析重试中 hk.616049.xyz: [Errno -2] Name or service not known
2026-06-24 15:33:22,204 - DEBUG - DNS解析重试中 hk.616049.xyz: [Errno -2] Name or service not known
2026-06-24 15:33:23,223 - DEBUG - DNS解析重试中 hk.616049.xyz: [Errno -2] Name or service not known
2026-06-24 15:33:24,225 - WARNING - [hk.616049.xyz (HKG)] ├─ 无有效DNS记录，触发紧急更新
2026-06-24 15:45:59,945 - ERROR - CFST更新失败: None
2026-06-24 15:45:59,946 - INFO - --------------------------------------------------
2026-06-24 15:45:59,946 - INFO - [us.616049.xyz (LAX)] 开始处理节点维护
2026-06-24 15:45:59,963 - DEBUG - DNS解析重试中 us.616049.xyz: [Errno -2] Name or service not known
2026-06-24 15:46:00,984 - DEBUG - DNS解析重试中 us.616049.xyz: [Errno -2] Name or service not known
2026-06-24 15:46:02,009 - DEBUG - DNS解析重试中 us.616049.xyz: [Errno -2] Name or service not known
2026-06-24 15:46:03,011 - WARNING - [us.616049.xyz (LAX)] ├─ 无有效DNS记录，触发紧急更新
2026-06-24 15:58:36,868 - ERROR - CFST更新失败: None
2026-06-24 15:58:36,868 - INFO - --------------------------------------------------
2026-06-24 15:58:36,868 - INFO - [de.616049.xyz (FRA)] 开始处理节点维护
2026-06-24 15:58:36,889 - DEBUG - DNS解析重试中 de.616049.xyz: [Errno -2] Name or service not known
2026-06-24 15:58:37,904 - DEBUG - DNS解析重试中 de.616049.xyz: [Errno -2] Name or service not known
2026-06-24 15:58:38,924 - DEBUG - DNS解析重试中 de.616049.xyz: [Errno -2] Name or service not known
2026-06-24 15:58:39,926 - WARNING - [de.616049.xyz (FRA)] ├─ 无有效DNS记录，触发紧急更新
2026-06-24 16:11:14,923 - ERROR - CFST更新失败: None
2026-06-24 16:11:14,927 - DEBUG - Starting new HTTPS connection (1): api.telegram.org:443
2026-06-24 16:11:15,204 - DEBUG - https://api.telegram.org:443 "POST /bot/sendMessage HTTP/1.1" 404 55
