2026-04-01 00:50:28,530 - INFO - 启动维护任务 | 协议类型: IPV4
2026-04-01 00:50:28,530 - INFO - --------------------------------------------------
2026-04-01 00:50:28,530 - INFO - [hk.616049.xyz (HKG)] 开始处理节点维护
2026-04-01 00:50:28,562 - DEBUG - DNS解析重试中 hk.616049.xyz: [Errno -2] Name or service not known
2026-04-01 00:50:29,587 - DEBUG - DNS解析重试中 hk.616049.xyz: [Errno -2] Name or service not known
2026-04-01 00:50:30,610 - DEBUG - DNS解析重试中 hk.616049.xyz: [Errno -2] Name or service not known
2026-04-01 00:50:31,611 - WARNING - [hk.616049.xyz (HKG)] ├─ 无有效DNS记录，触发紧急更新
2026-04-01 01:03:28,716 - ERROR - CFST更新失败: None
2026-04-01 01:03:28,716 - INFO - --------------------------------------------------
2026-04-01 01:03:28,717 - INFO - [us.616049.xyz (LAX)] 开始处理节点维护
2026-04-01 01:03:28,752 - DEBUG - DNS解析重试中 us.616049.xyz: [Errno -2] Name or service not known
2026-04-01 01:03:29,776 - DEBUG - DNS解析重试中 us.616049.xyz: [Errno -2] Name or service not known
2026-04-01 01:03:30,800 - DEBUG - DNS解析重试中 us.616049.xyz: [Errno -2] Name or service not known
2026-04-01 01:03:31,801 - WARNING - [us.616049.xyz (LAX)] ├─ 无有效DNS记录，触发紧急更新
2026-04-01 01:16:25,190 - ERROR - CFST更新失败: None
2026-04-01 01:16:25,190 - INFO - --------------------------------------------------
2026-04-01 01:16:25,191 - INFO - [de.616049.xyz (FRA)] 开始处理节点维护
2026-04-01 01:16:25,224 - DEBUG - DNS解析重试中 de.616049.xyz: [Errno -2] Name or service not known
2026-04-01 01:16:26,236 - DEBUG - DNS解析重试中 de.616049.xyz: [Errno -2] Name or service not known
2026-04-01 01:16:27,266 - DEBUG - DNS解析重试中 de.616049.xyz: [Errno -2] Name or service not known
2026-04-01 01:16:28,267 - WARNING - [de.616049.xyz (FRA)] ├─ 无有效DNS记录，触发紧急更新
2026-04-01 01:29:21,275 - ERROR - CFST更新失败: None
2026-04-01 01:29:21,279 - DEBUG - Starting new HTTPS connection (1): api.telegram.org:443
2026-04-01 01:29:21,624 - DEBUG - https://api.telegram.org:443 "POST /bot/sendMessage HTTP/1.1" 404 55
