2026-06-28 23:12:26,501 - INFO - 启动维护任务 | 协议类型: IPV4
2026-06-28 23:12:26,501 - INFO - --------------------------------------------------
2026-06-28 23:12:26,501 - INFO - [hk.616049.xyz (HKG)] 开始处理节点维护
2026-06-28 23:12:26,554 - DEBUG - DNS解析重试中 hk.616049.xyz: [Errno -2] Name or service not known
2026-06-28 23:12:27,613 - DEBUG - DNS解析重试中 hk.616049.xyz: [Errno -2] Name or service not known
2026-06-28 23:12:28,705 - DEBUG - DNS解析重试中 hk.616049.xyz: [Errno -2] Name or service not known
2026-06-28 23:12:29,706 - WARNING - [hk.616049.xyz (HKG)] ├─ 无有效DNS记录，触发紧急更新
2026-06-28 23:24:42,929 - ERROR - CFST更新失败: None
2026-06-28 23:24:42,929 - INFO - --------------------------------------------------
2026-06-28 23:24:42,930 - INFO - [us.616049.xyz (LAX)] 开始处理节点维护
2026-06-28 23:24:42,989 - DEBUG - DNS解析重试中 us.616049.xyz: [Errno -2] Name or service not known
2026-06-28 23:24:44,045 - DEBUG - DNS解析重试中 us.616049.xyz: [Errno -2] Name or service not known
2026-06-28 23:24:45,104 - DEBUG - DNS解析重试中 us.616049.xyz: [Errno -2] Name or service not known
2026-06-28 23:24:46,105 - WARNING - [us.616049.xyz (LAX)] ├─ 无有效DNS记录，触发紧急更新
2026-06-28 23:36:59,991 - ERROR - CFST更新失败: None
2026-06-28 23:36:59,992 - INFO - --------------------------------------------------
2026-06-28 23:36:59,992 - INFO - [de.616049.xyz (FRA)] 开始处理节点维护
2026-06-28 23:37:00,051 - DEBUG - DNS解析重试中 de.616049.xyz: [Errno -2] Name or service not known
2026-06-28 23:37:01,106 - DEBUG - DNS解析重试中 de.616049.xyz: [Errno -2] Name or service not known
2026-06-28 23:37:02,180 - DEBUG - DNS解析重试中 de.616049.xyz: [Errno -2] Name or service not known
2026-06-28 23:37:03,182 - WARNING - [de.616049.xyz (FRA)] ├─ 无有效DNS记录，触发紧急更新
2026-06-28 23:49:16,366 - ERROR - CFST更新失败: None
2026-06-28 23:49:16,369 - DEBUG - Starting new HTTPS connection (1): api.telegram.org:443
2026-06-28 23:49:16,739 - DEBUG - https://api.telegram.org:443 "POST /bot/sendMessage HTTP/1.1" 404 55
