2026-03-03 20:38:13,994 - INFO - 启动维护任务 | 协议类型: IPV4
2026-03-03 20:38:13,994 - INFO - --------------------------------------------------
2026-03-03 20:38:13,994 - INFO - [hk.616049.xyz (HKG)] 开始处理节点维护
2026-03-03 20:38:14,004 - DEBUG - DNS解析重试中 hk.616049.xyz: [Errno -2] Name or service not known
2026-03-03 20:38:15,028 - DEBUG - DNS解析重试中 hk.616049.xyz: [Errno -2] Name or service not known
2026-03-03 20:38:16,039 - DEBUG - DNS解析重试中 hk.616049.xyz: [Errno -2] Name or service not known
2026-03-03 20:38:17,040 - WARNING - [hk.616049.xyz (HKG)] ├─ 无有效DNS记录，触发紧急更新
2026-03-03 20:51:12,327 - ERROR - CFST更新失败: None
2026-03-03 20:51:12,328 - INFO - --------------------------------------------------
2026-03-03 20:51:12,328 - INFO - [us.616049.xyz (LAX)] 开始处理节点维护
2026-03-03 20:51:12,338 - DEBUG - DNS解析重试中 us.616049.xyz: [Errno -2] Name or service not known
2026-03-03 20:51:13,358 - DEBUG - DNS解析重试中 us.616049.xyz: [Errno -2] Name or service not known
2026-03-03 20:51:14,371 - DEBUG - DNS解析重试中 us.616049.xyz: [Errno -2] Name or service not known
2026-03-03 20:51:15,372 - WARNING - [us.616049.xyz (LAX)] ├─ 无有效DNS记录，触发紧急更新
2026-03-03 21:04:10,023 - ERROR - CFST更新失败: None
2026-03-03 21:04:10,023 - INFO - --------------------------------------------------
2026-03-03 21:04:10,023 - INFO - [de.616049.xyz (FRA)] 开始处理节点维护
2026-03-03 21:04:10,035 - DEBUG - DNS解析重试中 de.616049.xyz: [Errno -2] Name or service not known
2026-03-03 21:04:11,051 - DEBUG - DNS解析重试中 de.616049.xyz: [Errno -2] Name or service not known
2026-03-03 21:04:12,107 - DEBUG - DNS解析重试中 de.616049.xyz: [Errno -2] Name or service not known
2026-03-03 21:04:13,109 - WARNING - [de.616049.xyz (FRA)] ├─ 无有效DNS记录，触发紧急更新
2026-03-03 21:17:08,087 - ERROR - CFST更新失败: None
2026-03-03 21:17:08,091 - DEBUG - Starting new HTTPS connection (1): api.telegram.org:443
2026-03-03 21:17:08,388 - DEBUG - https://api.telegram.org:443 "POST /bot/sendMessage HTTP/1.1" 404 55
