2026-01-26 18:19:29,207 - INFO - 启动维护任务 | 协议类型: IPV4
2026-01-26 18:19:29,207 - INFO - --------------------------------------------------
2026-01-26 18:19:29,207 - INFO - [hk.616049.xyz (HKG)] 开始处理节点维护
2026-01-26 18:19:29,218 - DEBUG - DNS解析重试中 hk.616049.xyz: [Errno -2] Name or service not known
2026-01-26 18:19:30,231 - DEBUG - DNS解析重试中 hk.616049.xyz: [Errno -2] Name or service not known
2026-01-26 18:19:31,252 - DEBUG - DNS解析重试中 hk.616049.xyz: [Errno -2] Name or service not known
2026-01-26 18:19:32,253 - WARNING - [hk.616049.xyz (HKG)] ├─ 无有效DNS记录，触发紧急更新
2026-01-26 18:32:30,562 - ERROR - CFST更新失败: None
2026-01-26 18:32:30,562 - INFO - --------------------------------------------------
2026-01-26 18:32:30,562 - INFO - [us.616049.xyz (LAX)] 开始处理节点维护
2026-01-26 18:32:30,573 - DEBUG - DNS解析重试中 us.616049.xyz: [Errno -2] Name or service not known
2026-01-26 18:32:31,594 - DEBUG - DNS解析重试中 us.616049.xyz: [Errno -2] Name or service not known
2026-01-26 18:32:32,605 - DEBUG - DNS解析重试中 us.616049.xyz: [Errno -2] Name or service not known
2026-01-26 18:32:33,607 - WARNING - [us.616049.xyz (LAX)] ├─ 无有效DNS记录，触发紧急更新
2026-01-26 18:45:30,783 - ERROR - CFST更新失败: None
2026-01-26 18:45:30,783 - INFO - --------------------------------------------------
2026-01-26 18:45:30,783 - INFO - [de.616049.xyz (FRA)] 开始处理节点维护
2026-01-26 18:45:30,796 - DEBUG - DNS解析重试中 de.616049.xyz: [Errno -2] Name or service not known
2026-01-26 18:45:31,808 - DEBUG - DNS解析重试中 de.616049.xyz: [Errno -2] Name or service not known
2026-01-26 18:45:32,815 - DEBUG - DNS解析重试中 de.616049.xyz: [Errno -2] Name or service not known
2026-01-26 18:45:33,816 - WARNING - [de.616049.xyz (FRA)] ├─ 无有效DNS记录，触发紧急更新
2026-01-26 18:58:31,488 - ERROR - CFST更新失败: None
2026-01-26 18:58:31,491 - DEBUG - Starting new HTTPS connection (1): api.telegram.org:443
2026-01-26 18:58:31,782 - DEBUG - https://api.telegram.org:443 "POST /bot/sendMessage HTTP/1.1" 404 55
