2026-04-08 12:30:35,116 - INFO - 启动维护任务 | 协议类型: IPV4
2026-04-08 12:30:35,116 - INFO - --------------------------------------------------
2026-04-08 12:30:35,116 - INFO - [hk.616049.xyz (HKG)] 开始处理节点维护
2026-04-08 12:30:35,128 - DEBUG - DNS解析重试中 hk.616049.xyz: [Errno -2] Name or service not known
2026-04-08 12:30:36,141 - DEBUG - DNS解析重试中 hk.616049.xyz: [Errno -2] Name or service not known
2026-04-08 12:30:37,155 - DEBUG - DNS解析重试中 hk.616049.xyz: [Errno -2] Name or service not known
2026-04-08 12:30:38,157 - WARNING - [hk.616049.xyz (HKG)] ├─ 无有效DNS记录，触发紧急更新
2026-04-08 12:43:33,714 - ERROR - CFST更新失败: None
2026-04-08 12:43:33,714 - INFO - --------------------------------------------------
2026-04-08 12:43:33,714 - INFO - [us.616049.xyz (LAX)] 开始处理节点维护
2026-04-08 12:43:33,727 - DEBUG - DNS解析重试中 us.616049.xyz: [Errno -2] Name or service not known
2026-04-08 12:43:34,743 - DEBUG - DNS解析重试中 us.616049.xyz: [Errno -2] Name or service not known
2026-04-08 12:43:35,760 - DEBUG - DNS解析重试中 us.616049.xyz: [Errno -2] Name or service not known
2026-04-08 12:43:36,761 - WARNING - [us.616049.xyz (LAX)] ├─ 无有效DNS记录，触发紧急更新
2026-04-08 12:56:32,644 - ERROR - CFST更新失败: None
2026-04-08 12:56:32,645 - INFO - --------------------------------------------------
2026-04-08 12:56:32,645 - INFO - [de.616049.xyz (FRA)] 开始处理节点维护
2026-04-08 12:56:32,656 - DEBUG - DNS解析重试中 de.616049.xyz: [Errno -2] Name or service not known
2026-04-08 12:56:33,672 - DEBUG - DNS解析重试中 de.616049.xyz: [Errno -2] Name or service not known
2026-04-08 12:56:34,685 - DEBUG - DNS解析重试中 de.616049.xyz: [Errno -2] Name or service not known
2026-04-08 12:56:35,686 - WARNING - [de.616049.xyz (FRA)] ├─ 无有效DNS记录，触发紧急更新
2026-04-08 13:09:31,881 - ERROR - CFST更新失败: None
2026-04-08 13:09:31,884 - DEBUG - Starting new HTTPS connection (1): api.telegram.org:443
2026-04-08 13:09:32,179 - DEBUG - https://api.telegram.org:443 "POST /bot/sendMessage HTTP/1.1" 404 55
