2026-04-15 09:47:35,726 - INFO - 启动维护任务 | 协议类型: IPV4
2026-04-15 09:47:35,726 - INFO - --------------------------------------------------
2026-04-15 09:47:35,726 - INFO - [hk.616049.xyz (HKG)] 开始处理节点维护
2026-04-15 09:47:35,805 - DEBUG - DNS解析重试中 hk.616049.xyz: [Errno -2] Name or service not known
2026-04-15 09:47:37,022 - DEBUG - DNS解析重试中 hk.616049.xyz: [Errno -2] Name or service not known
2026-04-15 09:47:38,036 - DEBUG - DNS解析重试中 hk.616049.xyz: [Errno -2] Name or service not known
2026-04-15 09:47:39,037 - WARNING - [hk.616049.xyz (HKG)] ├─ 无有效DNS记录，触发紧急更新
2026-04-15 10:00:34,441 - ERROR - CFST更新失败: None
2026-04-15 10:00:34,441 - INFO - --------------------------------------------------
2026-04-15 10:00:34,441 - INFO - [us.616049.xyz (LAX)] 开始处理节点维护
2026-04-15 10:00:34,846 - DEBUG - DNS解析重试中 us.616049.xyz: [Errno -2] Name or service not known
2026-04-15 10:00:35,867 - DEBUG - DNS解析重试中 us.616049.xyz: [Errno -2] Name or service not known
2026-04-15 10:00:36,875 - DEBUG - DNS解析重试中 us.616049.xyz: [Errno -2] Name or service not known
2026-04-15 10:00:37,877 - WARNING - [us.616049.xyz (LAX)] ├─ 无有效DNS记录，触发紧急更新
2026-04-15 10:13:34,490 - ERROR - CFST更新失败: None
2026-04-15 10:13:34,490 - INFO - --------------------------------------------------
2026-04-15 10:13:34,490 - INFO - [de.616049.xyz (FRA)] 开始处理节点维护
2026-04-15 10:13:34,499 - DEBUG - DNS解析重试中 de.616049.xyz: [Errno -2] Name or service not known
2026-04-15 10:13:35,509 - DEBUG - DNS解析重试中 de.616049.xyz: [Errno -2] Name or service not known
2026-04-15 10:13:36,517 - DEBUG - DNS解析重试中 de.616049.xyz: [Errno -2] Name or service not known
2026-04-15 10:13:37,518 - WARNING - [de.616049.xyz (FRA)] ├─ 无有效DNS记录，触发紧急更新
2026-04-15 10:26:33,095 - ERROR - CFST更新失败: None
2026-04-15 10:26:33,099 - DEBUG - Starting new HTTPS connection (1): api.telegram.org:443
2026-04-15 10:26:33,570 - DEBUG - https://api.telegram.org:443 "POST /bot/sendMessage HTTP/1.1" 404 55
