2026-02-20 22:35:35,683 - INFO - 启动维护任务 | 协议类型: IPV4
2026-02-20 22:35:35,683 - INFO - --------------------------------------------------
2026-02-20 22:35:35,684 - INFO - [hk.616049.xyz (HKG)] 开始处理节点维护
2026-02-20 22:35:35,692 - DEBUG - DNS解析重试中 hk.616049.xyz: [Errno -2] Name or service not known
2026-02-20 22:35:36,701 - DEBUG - DNS解析重试中 hk.616049.xyz: [Errno -2] Name or service not known
2026-02-20 22:35:37,714 - DEBUG - DNS解析重试中 hk.616049.xyz: [Errno -2] Name or service not known
2026-02-20 22:35:38,715 - WARNING - [hk.616049.xyz (HKG)] ├─ 无有效DNS记录，触发紧急更新
2026-02-20 22:48:36,196 - ERROR - CFST更新失败: None
2026-02-20 22:48:36,196 - INFO - --------------------------------------------------
2026-02-20 22:48:36,196 - INFO - [us.616049.xyz (LAX)] 开始处理节点维护
2026-02-20 22:48:36,213 - DEBUG - DNS解析重试中 us.616049.xyz: [Errno -2] Name or service not known
2026-02-20 22:48:37,229 - DEBUG - DNS解析重试中 us.616049.xyz: [Errno -2] Name or service not known
2026-02-20 22:48:38,236 - DEBUG - DNS解析重试中 us.616049.xyz: [Errno -2] Name or service not known
2026-02-20 22:48:39,237 - WARNING - [us.616049.xyz (LAX)] ├─ 无有效DNS记录，触发紧急更新
2026-02-20 23:01:37,512 - ERROR - CFST更新失败: None
2026-02-20 23:01:37,512 - INFO - --------------------------------------------------
2026-02-20 23:01:37,512 - INFO - [de.616049.xyz (FRA)] 开始处理节点维护
2026-02-20 23:01:37,519 - DEBUG - DNS解析重试中 de.616049.xyz: [Errno -2] Name or service not known
2026-02-20 23:01:38,544 - DEBUG - DNS解析重试中 de.616049.xyz: [Errno -2] Name or service not known
2026-02-20 23:01:39,554 - DEBUG - DNS解析重试中 de.616049.xyz: [Errno -2] Name or service not known
2026-02-20 23:01:40,555 - WARNING - [de.616049.xyz (FRA)] ├─ 无有效DNS记录，触发紧急更新
2026-02-20 23:14:38,023 - ERROR - CFST更新失败: None
2026-02-20 23:14:38,027 - DEBUG - Starting new HTTPS connection (1): api.telegram.org:443
2026-02-20 23:14:38,327 - DEBUG - https://api.telegram.org:443 "POST /bot/sendMessage HTTP/1.1" 404 55
