2026-06-10 10:39:14,697 - INFO - 启动维护任务 | 协议类型: IPV4
2026-06-10 10:39:14,697 - INFO - --------------------------------------------------
2026-06-10 10:39:14,697 - INFO - [hk.616049.xyz (HKG)] 开始处理节点维护
2026-06-10 10:39:14,720 - DEBUG - DNS解析重试中 hk.616049.xyz: [Errno -2] Name or service not known
2026-06-10 10:39:15,748 - DEBUG - DNS解析重试中 hk.616049.xyz: [Errno -2] Name or service not known
2026-06-10 10:39:16,789 - DEBUG - DNS解析重试中 hk.616049.xyz: [Errno -2] Name or service not known
2026-06-10 10:39:17,790 - WARNING - [hk.616049.xyz (HKG)] ├─ 无有效DNS记录，触发紧急更新
2026-06-10 10:51:55,135 - ERROR - CFST更新失败: None
2026-06-10 10:51:55,135 - INFO - --------------------------------------------------
2026-06-10 10:51:55,135 - INFO - [us.616049.xyz (LAX)] 开始处理节点维护
2026-06-10 10:51:55,161 - DEBUG - DNS解析重试中 us.616049.xyz: [Errno -2] Name or service not known
2026-06-10 10:51:56,186 - DEBUG - DNS解析重试中 us.616049.xyz: [Errno -2] Name or service not known
2026-06-10 10:51:57,193 - DEBUG - DNS解析重试中 us.616049.xyz: [Errno -2] Name or service not known
2026-06-10 10:51:58,193 - WARNING - [us.616049.xyz (LAX)] ├─ 无有效DNS记录，触发紧急更新
2026-06-10 11:04:34,728 - ERROR - CFST更新失败: None
2026-06-10 11:04:34,728 - INFO - --------------------------------------------------
2026-06-10 11:04:34,728 - INFO - [de.616049.xyz (FRA)] 开始处理节点维护
2026-06-10 11:04:34,759 - DEBUG - DNS解析重试中 de.616049.xyz: [Errno -2] Name or service not known
2026-06-10 11:04:35,796 - DEBUG - DNS解析重试中 de.616049.xyz: [Errno -2] Name or service not known
2026-06-10 11:04:36,821 - DEBUG - DNS解析重试中 de.616049.xyz: [Errno -2] Name or service not known
2026-06-10 11:04:37,822 - WARNING - [de.616049.xyz (FRA)] ├─ 无有效DNS记录，触发紧急更新
2026-06-10 11:17:14,822 - ERROR - CFST更新失败: None
2026-06-10 11:17:14,825 - DEBUG - Starting new HTTPS connection (1): api.telegram.org:443
2026-06-10 11:17:15,156 - DEBUG - https://api.telegram.org:443 "POST /bot/sendMessage HTTP/1.1" 404 55
