2026-05-15 03:28:33,355 - INFO - 启动维护任务 | 协议类型: IPV4
2026-05-15 03:28:33,355 - INFO - --------------------------------------------------
2026-05-15 03:28:33,355 - INFO - [hk.616049.xyz (HKG)] 开始处理节点维护
2026-05-15 03:28:33,372 - DEBUG - DNS解析重试中 hk.616049.xyz: [Errno -2] Name or service not known
2026-05-15 03:28:34,394 - DEBUG - DNS解析重试中 hk.616049.xyz: [Errno -2] Name or service not known
2026-05-15 03:28:35,403 - DEBUG - DNS解析重试中 hk.616049.xyz: [Errno -2] Name or service not known
2026-05-15 03:28:36,404 - WARNING - [hk.616049.xyz (HKG)] ├─ 无有效DNS记录，触发紧急更新
2026-05-15 03:41:28,375 - ERROR - CFST更新失败: None
2026-05-15 03:41:28,375 - INFO - --------------------------------------------------
2026-05-15 03:41:28,375 - INFO - [us.616049.xyz (LAX)] 开始处理节点维护
2026-05-15 03:41:28,383 - DEBUG - DNS解析重试中 us.616049.xyz: [Errno -2] Name or service not known
2026-05-15 03:41:29,401 - DEBUG - DNS解析重试中 us.616049.xyz: [Errno -2] Name or service not known
2026-05-15 03:41:30,415 - DEBUG - DNS解析重试中 us.616049.xyz: [Errno -2] Name or service not known
2026-05-15 03:41:31,416 - WARNING - [us.616049.xyz (LAX)] ├─ 无有效DNS记录，触发紧急更新
2026-05-15 03:54:24,032 - ERROR - CFST更新失败: None
2026-05-15 03:54:24,032 - INFO - --------------------------------------------------
2026-05-15 03:54:24,032 - INFO - [de.616049.xyz (FRA)] 开始处理节点维护
2026-05-15 03:54:24,095 - DEBUG - DNS解析重试中 de.616049.xyz: [Errno -2] Name or service not known
2026-05-15 03:54:25,106 - DEBUG - DNS解析重试中 de.616049.xyz: [Errno -2] Name or service not known
2026-05-15 03:54:26,119 - DEBUG - DNS解析重试中 de.616049.xyz: [Errno -2] Name or service not known
2026-05-15 03:54:27,121 - WARNING - [de.616049.xyz (FRA)] ├─ 无有效DNS记录，触发紧急更新
2026-05-15 04:07:18,963 - ERROR - CFST更新失败: None
2026-05-15 04:07:18,967 - DEBUG - Starting new HTTPS connection (1): api.telegram.org:443
2026-05-15 04:07:19,249 - DEBUG - https://api.telegram.org:443 "POST /bot/sendMessage HTTP/1.1" 404 55
