2026-01-29 20:38:28,459 - INFO - 启动维护任务 | 协议类型: IPV4
2026-01-29 20:38:28,460 - INFO - --------------------------------------------------
2026-01-29 20:38:28,460 - INFO - [hk.616049.xyz (HKG)] 开始处理节点维护
2026-01-29 20:38:28,719 - DEBUG - DNS解析重试中 hk.616049.xyz: [Errno -2] Name or service not known
2026-01-29 20:38:29,749 - DEBUG - DNS解析重试中 hk.616049.xyz: [Errno -2] Name or service not known
2026-01-29 20:38:30,780 - DEBUG - DNS解析重试中 hk.616049.xyz: [Errno -2] Name or service not known
2026-01-29 20:38:31,781 - WARNING - [hk.616049.xyz (HKG)] ├─ 无有效DNS记录，触发紧急更新
2026-01-29 20:51:43,419 - ERROR - CFST更新失败: None
2026-01-29 20:51:43,420 - INFO - --------------------------------------------------
2026-01-29 20:51:43,420 - INFO - [us.616049.xyz (LAX)] 开始处理节点维护
2026-01-29 20:51:43,450 - DEBUG - DNS解析重试中 us.616049.xyz: [Errno -2] Name or service not known
2026-01-29 20:51:44,462 - DEBUG - DNS解析重试中 us.616049.xyz: [Errno -2] Name or service not known
2026-01-29 20:51:45,495 - DEBUG - DNS解析重试中 us.616049.xyz: [Errno -2] Name or service not known
2026-01-29 20:51:46,497 - WARNING - [us.616049.xyz (LAX)] ├─ 无有效DNS记录，触发紧急更新
2026-01-29 21:05:02,767 - ERROR - CFST更新失败: None
2026-01-29 21:05:02,767 - INFO - --------------------------------------------------
2026-01-29 21:05:02,767 - INFO - [de.616049.xyz (FRA)] 开始处理节点维护
2026-01-29 21:05:02,989 - DEBUG - DNS解析重试中 de.616049.xyz: [Errno -2] Name or service not known
2026-01-29 21:05:04,021 - DEBUG - DNS解析重试中 de.616049.xyz: [Errno -2] Name or service not known
2026-01-29 21:05:05,034 - DEBUG - DNS解析重试中 de.616049.xyz: [Errno -2] Name or service not known
2026-01-29 21:05:06,035 - WARNING - [de.616049.xyz (FRA)] ├─ 无有效DNS记录，触发紧急更新
2026-01-29 21:18:16,923 - ERROR - CFST更新失败: None
2026-01-29 21:18:16,926 - DEBUG - Starting new HTTPS connection (1): api.telegram.org:443
2026-01-29 21:18:17,357 - DEBUG - https://api.telegram.org:443 "POST /bot/sendMessage HTTP/1.1" 404 55
