2026-06-15 17:52:57,387 - INFO - 启动维护任务 | 协议类型: IPV4
2026-06-15 17:52:57,387 - INFO - --------------------------------------------------
2026-06-15 17:52:57,387 - INFO - [hk.616049.xyz (HKG)] 开始处理节点维护
2026-06-15 17:52:57,397 - DEBUG - DNS解析重试中 hk.616049.xyz: [Errno -2] Name or service not known
2026-06-15 17:52:58,407 - DEBUG - DNS解析重试中 hk.616049.xyz: [Errno -2] Name or service not known
2026-06-15 17:52:59,435 - DEBUG - DNS解析重试中 hk.616049.xyz: [Errno -2] Name or service not known
2026-06-15 17:53:00,436 - WARNING - [hk.616049.xyz (HKG)] ├─ 无有效DNS记录，触发紧急更新
2026-06-15 18:05:35,032 - ERROR - CFST更新失败: None
2026-06-15 18:05:35,032 - INFO - --------------------------------------------------
2026-06-15 18:05:35,032 - INFO - [us.616049.xyz (LAX)] 开始处理节点维护
2026-06-15 18:05:35,052 - DEBUG - DNS解析重试中 us.616049.xyz: [Errno -2] Name or service not known
2026-06-15 18:05:36,065 - DEBUG - DNS解析重试中 us.616049.xyz: [Errno -2] Name or service not known
2026-06-15 18:05:37,078 - DEBUG - DNS解析重试中 us.616049.xyz: [Errno -2] Name or service not known
2026-06-15 18:05:38,079 - WARNING - [us.616049.xyz (LAX)] ├─ 无有效DNS记录，触发紧急更新
2026-06-15 18:18:12,389 - ERROR - CFST更新失败: None
2026-06-15 18:18:12,389 - INFO - --------------------------------------------------
2026-06-15 18:18:12,389 - INFO - [de.616049.xyz (FRA)] 开始处理节点维护
2026-06-15 18:18:12,396 - DEBUG - DNS解析重试中 de.616049.xyz: [Errno -2] Name or service not known
2026-06-15 18:18:13,403 - DEBUG - DNS解析重试中 de.616049.xyz: [Errno -2] Name or service not known
2026-06-15 18:18:14,411 - DEBUG - DNS解析重试中 de.616049.xyz: [Errno -2] Name or service not known
2026-06-15 18:18:15,412 - WARNING - [de.616049.xyz (FRA)] ├─ 无有效DNS记录，触发紧急更新
2026-06-15 18:30:49,853 - ERROR - CFST更新失败: None
2026-06-15 18:30:49,856 - DEBUG - Starting new HTTPS connection (1): api.telegram.org:443
2026-06-15 18:30:50,335 - DEBUG - https://api.telegram.org:443 "POST /bot/sendMessage HTTP/1.1" 404 55
