2026-06-06 21:12:49,719 - INFO - 启动维护任务 | 协议类型: IPV4
2026-06-06 21:12:49,719 - INFO - --------------------------------------------------
2026-06-06 21:12:49,719 - INFO - [hk.616049.xyz (HKG)] 开始处理节点维护
2026-06-06 21:12:49,776 - DEBUG - DNS解析重试中 hk.616049.xyz: [Errno -2] Name or service not known
2026-06-06 21:12:50,827 - DEBUG - DNS解析重试中 hk.616049.xyz: [Errno -2] Name or service not known
2026-06-06 21:12:51,840 - DEBUG - DNS解析重试中 hk.616049.xyz: [Errno -2] Name or service not known
2026-06-06 21:12:52,841 - WARNING - [hk.616049.xyz (HKG)] ├─ 无有效DNS记录，触发紧急更新
2026-06-06 21:25:31,934 - ERROR - CFST更新失败: None
2026-06-06 21:25:31,934 - INFO - --------------------------------------------------
2026-06-06 21:25:31,934 - INFO - [us.616049.xyz (LAX)] 开始处理节点维护
2026-06-06 21:25:31,960 - DEBUG - DNS解析重试中 us.616049.xyz: [Errno -2] Name or service not known
2026-06-06 21:25:32,993 - DEBUG - DNS解析重试中 us.616049.xyz: [Errno -2] Name or service not known
2026-06-06 21:25:34,013 - DEBUG - DNS解析重试中 us.616049.xyz: [Errno -2] Name or service not known
2026-06-06 21:25:35,014 - WARNING - [us.616049.xyz (LAX)] ├─ 无有效DNS记录，触发紧急更新
2026-06-06 21:38:14,112 - ERROR - CFST更新失败: None
2026-06-06 21:38:14,112 - INFO - --------------------------------------------------
2026-06-06 21:38:14,112 - INFO - [de.616049.xyz (FRA)] 开始处理节点维护
2026-06-06 21:38:14,124 - DEBUG - DNS解析重试中 de.616049.xyz: [Errno -2] Name or service not known
2026-06-06 21:38:15,145 - DEBUG - DNS解析重试中 de.616049.xyz: [Errno -2] Name or service not known
2026-06-06 21:38:16,157 - DEBUG - DNS解析重试中 de.616049.xyz: [Errno -2] Name or service not known
2026-06-06 21:38:17,158 - WARNING - [de.616049.xyz (FRA)] ├─ 无有效DNS记录，触发紧急更新
2026-06-06 21:50:56,063 - ERROR - CFST更新失败: None
2026-06-06 21:50:56,067 - DEBUG - Starting new HTTPS connection (1): api.telegram.org:443
2026-06-06 21:50:56,357 - DEBUG - https://api.telegram.org:443 "POST /bot/sendMessage HTTP/1.1" 404 55
