2026-05-23 14:28:35,717 - INFO - 启动维护任务 | 协议类型: IPV4
2026-05-23 14:28:35,717 - INFO - --------------------------------------------------
2026-05-23 14:28:35,717 - INFO - [hk.616049.xyz (HKG)] 开始处理节点维护
2026-05-23 14:28:35,740 - DEBUG - DNS解析重试中 hk.616049.xyz: [Errno -2] Name or service not known
2026-05-23 14:28:36,764 - DEBUG - DNS解析重试中 hk.616049.xyz: [Errno -2] Name or service not known
2026-05-23 14:28:37,771 - DEBUG - DNS解析重试中 hk.616049.xyz: [Errno -2] Name or service not known
2026-05-23 14:28:38,773 - WARNING - [hk.616049.xyz (HKG)] ├─ 无有效DNS记录，触发紧急更新
2026-05-23 14:41:12,541 - ERROR - CFST更新失败: None
2026-05-23 14:41:12,542 - INFO - --------------------------------------------------
2026-05-23 14:41:12,542 - INFO - [us.616049.xyz (LAX)] 开始处理节点维护
2026-05-23 14:41:12,578 - DEBUG - DNS解析重试中 us.616049.xyz: [Errno -2] Name or service not known
2026-05-23 14:41:13,609 - DEBUG - DNS解析重试中 us.616049.xyz: [Errno -2] Name or service not known
2026-05-23 14:41:14,633 - DEBUG - DNS解析重试中 us.616049.xyz: [Errno -2] Name or service not known
2026-05-23 14:41:15,635 - WARNING - [us.616049.xyz (LAX)] ├─ 无有效DNS记录，触发紧急更新
2026-05-23 14:53:48,659 - ERROR - CFST更新失败: None
2026-05-23 14:53:48,660 - INFO - --------------------------------------------------
2026-05-23 14:53:48,660 - INFO - [de.616049.xyz (FRA)] 开始处理节点维护
2026-05-23 14:53:48,683 - DEBUG - DNS解析重试中 de.616049.xyz: [Errno -2] Name or service not known
2026-05-23 14:53:49,715 - DEBUG - DNS解析重试中 de.616049.xyz: [Errno -2] Name or service not known
2026-05-23 14:53:50,753 - DEBUG - DNS解析重试中 de.616049.xyz: [Errno -2] Name or service not known
2026-05-23 14:53:51,754 - WARNING - [de.616049.xyz (FRA)] ├─ 无有效DNS记录，触发紧急更新
2026-05-23 15:06:24,890 - ERROR - CFST更新失败: None
2026-05-23 15:06:24,893 - DEBUG - Starting new HTTPS connection (1): api.telegram.org:443
2026-05-23 15:06:25,221 - DEBUG - https://api.telegram.org:443 "POST /bot/sendMessage HTTP/1.1" 404 55
