2026-02-22 14:37:44,393 - INFO - 启动维护任务 | 协议类型: IPV4
2026-02-22 14:37:44,393 - INFO - --------------------------------------------------
2026-02-22 14:37:44,393 - INFO - [hk.616049.xyz (HKG)] 开始处理节点维护
2026-02-22 14:37:44,424 - DEBUG - DNS解析重试中 hk.616049.xyz: [Errno -2] Name or service not known
2026-02-22 14:37:45,456 - DEBUG - DNS解析重试中 hk.616049.xyz: [Errno -2] Name or service not known
2026-02-22 14:37:46,468 - DEBUG - DNS解析重试中 hk.616049.xyz: [Errno -2] Name or service not known
2026-02-22 14:37:47,469 - WARNING - [hk.616049.xyz (HKG)] ├─ 无有效DNS记录，触发紧急更新
2026-02-22 14:50:45,628 - ERROR - CFST更新失败: None
2026-02-22 14:50:45,629 - INFO - --------------------------------------------------
2026-02-22 14:50:45,629 - INFO - [us.616049.xyz (LAX)] 开始处理节点维护
2026-02-22 14:50:45,640 - DEBUG - DNS解析重试中 us.616049.xyz: [Errno -2] Name or service not known
2026-02-22 14:50:46,652 - DEBUG - DNS解析重试中 us.616049.xyz: [Errno -2] Name or service not known
2026-02-22 14:50:47,677 - DEBUG - DNS解析重试中 us.616049.xyz: [Errno -2] Name or service not known
2026-02-22 14:50:48,678 - WARNING - [us.616049.xyz (LAX)] ├─ 无有效DNS记录，触发紧急更新
2026-02-22 15:03:46,868 - ERROR - CFST更新失败: None
2026-02-22 15:03:46,868 - INFO - --------------------------------------------------
2026-02-22 15:03:46,868 - INFO - [de.616049.xyz (FRA)] 开始处理节点维护
2026-02-22 15:03:46,881 - DEBUG - DNS解析重试中 de.616049.xyz: [Errno -2] Name or service not known
2026-02-22 15:03:47,893 - DEBUG - DNS解析重试中 de.616049.xyz: [Errno -2] Name or service not known
2026-02-22 15:03:48,907 - DEBUG - DNS解析重试中 de.616049.xyz: [Errno -2] Name or service not known
2026-02-22 15:03:49,908 - WARNING - [de.616049.xyz (FRA)] ├─ 无有效DNS记录，触发紧急更新
2026-02-22 15:16:47,631 - ERROR - CFST更新失败: None
2026-02-22 15:16:47,634 - DEBUG - Starting new HTTPS connection (1): api.telegram.org:443
2026-02-22 15:16:47,926 - DEBUG - https://api.telegram.org:443 "POST /bot/sendMessage HTTP/1.1" 404 55
