2026-05-07 06:41:28,504 - INFO - 启动维护任务 | 协议类型: IPV4
2026-05-07 06:41:28,504 - INFO - --------------------------------------------------
2026-05-07 06:41:28,504 - INFO - [hk.616049.xyz (HKG)] 开始处理节点维护
2026-05-07 06:41:28,525 - DEBUG - DNS解析重试中 hk.616049.xyz: [Errno -2] Name or service not known
2026-05-07 06:41:29,544 - DEBUG - DNS解析重试中 hk.616049.xyz: [Errno -2] Name or service not known
2026-05-07 06:41:30,556 - DEBUG - DNS解析重试中 hk.616049.xyz: [Errno -2] Name or service not known
2026-05-07 06:41:31,557 - WARNING - [hk.616049.xyz (HKG)] ├─ 无有效DNS记录，触发紧急更新
2026-05-07 06:54:25,374 - ERROR - CFST更新失败: None
2026-05-07 06:54:25,374 - INFO - --------------------------------------------------
2026-05-07 06:54:25,374 - INFO - [us.616049.xyz (LAX)] 开始处理节点维护
2026-05-07 06:54:25,384 - DEBUG - DNS解析重试中 us.616049.xyz: [Errno -2] Name or service not known
2026-05-07 06:54:26,395 - DEBUG - DNS解析重试中 us.616049.xyz: [Errno -2] Name or service not known
2026-05-07 06:54:27,405 - DEBUG - DNS解析重试中 us.616049.xyz: [Errno -2] Name or service not known
2026-05-07 06:54:28,406 - WARNING - [us.616049.xyz (LAX)] ├─ 无有效DNS记录，触发紧急更新
2026-05-07 07:07:21,979 - ERROR - CFST更新失败: None
2026-05-07 07:07:21,979 - INFO - --------------------------------------------------
2026-05-07 07:07:21,979 - INFO - [de.616049.xyz (FRA)] 开始处理节点维护
2026-05-07 07:07:22,006 - DEBUG - DNS解析重试中 de.616049.xyz: [Errno -2] Name or service not known
2026-05-07 07:07:23,020 - DEBUG - DNS解析重试中 de.616049.xyz: [Errno -2] Name or service not known
2026-05-07 07:07:24,128 - DEBUG - DNS解析重试中 de.616049.xyz: [Errno -2] Name or service not known
2026-05-07 07:07:25,130 - WARNING - [de.616049.xyz (FRA)] ├─ 无有效DNS记录，触发紧急更新
2026-05-07 07:20:17,882 - ERROR - CFST更新失败: None
2026-05-07 07:20:17,885 - DEBUG - Starting new HTTPS connection (1): api.telegram.org:443
2026-05-07 07:20:18,162 - DEBUG - https://api.telegram.org:443 "POST /bot/sendMessage HTTP/1.1" 404 55
