2026-06-17 21:36:49,074 - INFO - 启动维护任务 | 协议类型: IPV4
2026-06-17 21:36:49,074 - INFO - --------------------------------------------------
2026-06-17 21:36:49,074 - INFO - [hk.616049.xyz (HKG)] 开始处理节点维护
2026-06-17 21:36:49,111 - DEBUG - DNS解析重试中 hk.616049.xyz: [Errno -2] Name or service not known
2026-06-17 21:36:50,124 - DEBUG - DNS解析重试中 hk.616049.xyz: [Errno -2] Name or service not known
2026-06-17 21:36:51,137 - DEBUG - DNS解析重试中 hk.616049.xyz: [Errno -2] Name or service not known
2026-06-17 21:36:52,138 - WARNING - [hk.616049.xyz (HKG)] ├─ 无有效DNS记录，触发紧急更新
2026-06-17 21:49:31,521 - ERROR - CFST更新失败: None
2026-06-17 21:49:31,521 - INFO - --------------------------------------------------
2026-06-17 21:49:31,521 - INFO - [us.616049.xyz (LAX)] 开始处理节点维护
2026-06-17 21:49:31,532 - DEBUG - DNS解析重试中 us.616049.xyz: [Errno -2] Name or service not known
2026-06-17 21:49:32,545 - DEBUG - DNS解析重试中 us.616049.xyz: [Errno -2] Name or service not known
2026-06-17 21:49:33,567 - DEBUG - DNS解析重试中 us.616049.xyz: [Errno -2] Name or service not known
2026-06-17 21:49:34,569 - WARNING - [us.616049.xyz (LAX)] ├─ 无有效DNS记录，触发紧急更新
2026-06-17 22:02:14,087 - ERROR - CFST更新失败: None
2026-06-17 22:02:14,087 - INFO - --------------------------------------------------
2026-06-17 22:02:14,087 - INFO - [de.616049.xyz (FRA)] 开始处理节点维护
2026-06-17 22:02:14,100 - DEBUG - DNS解析重试中 de.616049.xyz: [Errno -2] Name or service not known
2026-06-17 22:02:15,135 - DEBUG - DNS解析重试中 de.616049.xyz: [Errno -2] Name or service not known
2026-06-17 22:02:16,159 - DEBUG - DNS解析重试中 de.616049.xyz: [Errno -2] Name or service not known
2026-06-17 22:02:17,160 - WARNING - [de.616049.xyz (FRA)] ├─ 无有效DNS记录，触发紧急更新
2026-06-17 22:14:56,925 - ERROR - CFST更新失败: None
2026-06-17 22:14:56,929 - DEBUG - Starting new HTTPS connection (1): api.telegram.org:443
2026-06-17 22:14:57,218 - DEBUG - https://api.telegram.org:443 "POST /bot/sendMessage HTTP/1.1" 404 55
