2026-02-21 06:18:02,568 - INFO - 启动维护任务 | 协议类型: IPV4
2026-02-21 06:18:02,568 - INFO - --------------------------------------------------
2026-02-21 06:18:02,568 - INFO - [hk.616049.xyz (HKG)] 开始处理节点维护
2026-02-21 06:18:02,597 - DEBUG - DNS解析重试中 hk.616049.xyz: [Errno -2] Name or service not known
2026-02-21 06:18:03,602 - DEBUG - DNS解析重试中 hk.616049.xyz: [Errno -2] Name or service not known
2026-02-21 06:18:04,632 - DEBUG - DNS解析重试中 hk.616049.xyz: [Errno -2] Name or service not known
2026-02-21 06:18:05,633 - WARNING - [hk.616049.xyz (HKG)] ├─ 无有效DNS记录，触发紧急更新
2026-02-21 06:31:05,213 - ERROR - CFST更新失败: None
2026-02-21 06:31:05,213 - INFO - --------------------------------------------------
2026-02-21 06:31:05,213 - INFO - [us.616049.xyz (LAX)] 开始处理节点维护
2026-02-21 06:31:05,253 - DEBUG - DNS解析重试中 us.616049.xyz: [Errno -2] Name or service not known
2026-02-21 06:31:06,284 - DEBUG - DNS解析重试中 us.616049.xyz: [Errno -2] Name or service not known
2026-02-21 06:31:07,295 - DEBUG - DNS解析重试中 us.616049.xyz: [Errno -2] Name or service not known
2026-02-21 06:31:08,296 - WARNING - [us.616049.xyz (LAX)] ├─ 无有效DNS记录，触发紧急更新
2026-02-21 06:44:06,902 - ERROR - CFST更新失败: None
2026-02-21 06:44:06,902 - INFO - --------------------------------------------------
2026-02-21 06:44:06,902 - INFO - [de.616049.xyz (FRA)] 开始处理节点维护
2026-02-21 06:44:06,941 - DEBUG - DNS解析重试中 de.616049.xyz: [Errno -2] Name or service not known
2026-02-21 06:44:07,970 - DEBUG - DNS解析重试中 de.616049.xyz: [Errno -2] Name or service not known
2026-02-21 06:44:08,978 - DEBUG - DNS解析重试中 de.616049.xyz: [Errno -2] Name or service not known
2026-02-21 06:44:09,979 - WARNING - [de.616049.xyz (FRA)] ├─ 无有效DNS记录，触发紧急更新
2026-02-21 06:57:08,502 - ERROR - CFST更新失败: None
2026-02-21 06:57:08,505 - DEBUG - Starting new HTTPS connection (1): api.telegram.org:443
2026-02-21 06:57:08,933 - DEBUG - https://api.telegram.org:443 "POST /bot/sendMessage HTTP/1.1" 404 55
