2026-04-19 06:26:10,626 - INFO - 启动维护任务 | 协议类型: IPV4
2026-04-19 06:26:10,626 - INFO - --------------------------------------------------
2026-04-19 06:26:10,626 - INFO - [hk.616049.xyz (HKG)] 开始处理节点维护
2026-04-19 06:26:10,654 - DEBUG - DNS解析重试中 hk.616049.xyz: [Errno -2] Name or service not known
2026-04-19 06:26:11,677 - DEBUG - DNS解析重试中 hk.616049.xyz: [Errno -2] Name or service not known
2026-04-19 06:26:12,703 - DEBUG - DNS解析重试中 hk.616049.xyz: [Errno -2] Name or service not known
2026-04-19 06:26:13,704 - WARNING - [hk.616049.xyz (HKG)] ├─ 无有效DNS记录，触发紧急更新
2026-04-19 06:39:07,696 - ERROR - CFST更新失败: None
2026-04-19 06:39:07,696 - INFO - --------------------------------------------------
2026-04-19 06:39:07,696 - INFO - [us.616049.xyz (LAX)] 开始处理节点维护
2026-04-19 06:39:07,723 - DEBUG - DNS解析重试中 us.616049.xyz: [Errno -2] Name or service not known
2026-04-19 06:39:08,750 - DEBUG - DNS解析重试中 us.616049.xyz: [Errno -2] Name or service not known
2026-04-19 06:39:09,758 - DEBUG - DNS解析重试中 us.616049.xyz: [Errno -2] Name or service not known
2026-04-19 06:39:10,759 - WARNING - [us.616049.xyz (LAX)] ├─ 无有效DNS记录，触发紧急更新
2026-04-19 06:52:05,669 - ERROR - CFST更新失败: None
2026-04-19 06:52:05,670 - INFO - --------------------------------------------------
2026-04-19 06:52:05,670 - INFO - [de.616049.xyz (FRA)] 开始处理节点维护
2026-04-19 06:52:05,693 - DEBUG - DNS解析重试中 de.616049.xyz: [Errno -2] Name or service not known
2026-04-19 06:52:06,719 - DEBUG - DNS解析重试中 de.616049.xyz: [Errno -2] Name or service not known
2026-04-19 06:52:07,727 - DEBUG - DNS解析重试中 de.616049.xyz: [Errno -2] Name or service not known
2026-04-19 06:52:08,728 - WARNING - [de.616049.xyz (FRA)] ├─ 无有效DNS记录，触发紧急更新
2026-04-19 07:05:03,481 - ERROR - CFST更新失败: None
2026-04-19 07:05:03,485 - DEBUG - Starting new HTTPS connection (1): api.telegram.org:443
2026-04-19 07:05:03,809 - DEBUG - https://api.telegram.org:443 "POST /bot/sendMessage HTTP/1.1" 404 55
