2026-03-31 06:27:08,501 - INFO - 启动维护任务 | 协议类型: IPV4
2026-03-31 06:27:08,501 - INFO - --------------------------------------------------
2026-03-31 06:27:08,501 - INFO - [hk.616049.xyz (HKG)] 开始处理节点维护
2026-03-31 06:27:08,531 - DEBUG - DNS解析重试中 hk.616049.xyz: [Errno -2] Name or service not known
2026-03-31 06:27:09,546 - DEBUG - DNS解析重试中 hk.616049.xyz: [Errno -2] Name or service not known
2026-03-31 06:27:10,553 - DEBUG - DNS解析重试中 hk.616049.xyz: [Errno -2] Name or service not known
2026-03-31 06:27:11,554 - WARNING - [hk.616049.xyz (HKG)] ├─ 无有效DNS记录，触发紧急更新
2026-03-31 06:40:20,688 - ERROR - CFST更新失败: None
2026-03-31 06:40:20,688 - INFO - --------------------------------------------------
2026-03-31 06:40:20,688 - INFO - [us.616049.xyz (LAX)] 开始处理节点维护
2026-03-31 06:40:20,719 - DEBUG - DNS解析重试中 us.616049.xyz: [Errno -2] Name or service not known
2026-03-31 06:40:21,752 - DEBUG - DNS解析重试中 us.616049.xyz: [Errno -2] Name or service not known
2026-03-31 06:40:22,788 - DEBUG - DNS解析重试中 us.616049.xyz: [Errno -2] Name or service not known
2026-03-31 06:40:23,789 - WARNING - [us.616049.xyz (LAX)] ├─ 无有效DNS记录，触发紧急更新
2026-03-31 06:53:33,728 - ERROR - CFST更新失败: None
2026-03-31 06:53:33,729 - INFO - --------------------------------------------------
2026-03-31 06:53:33,729 - INFO - [de.616049.xyz (FRA)] 开始处理节点维护
2026-03-31 06:53:33,765 - DEBUG - DNS解析重试中 de.616049.xyz: [Errno -2] Name or service not known
2026-03-31 06:53:34,807 - DEBUG - DNS解析重试中 de.616049.xyz: [Errno -2] Name or service not known
2026-03-31 06:53:35,814 - DEBUG - DNS解析重试中 de.616049.xyz: [Errno -2] Name or service not known
2026-03-31 06:53:36,815 - WARNING - [de.616049.xyz (FRA)] ├─ 无有效DNS记录，触发紧急更新
2026-03-31 07:06:46,083 - ERROR - CFST更新失败: None
2026-03-31 07:06:46,086 - DEBUG - Starting new HTTPS connection (1): api.telegram.org:443
2026-03-31 07:06:46,521 - DEBUG - https://api.telegram.org:443 "POST /bot/sendMessage HTTP/1.1" 404 55
