2026-02-24 09:21:02,593 - INFO - 启动维护任务 | 协议类型: IPV4
2026-02-24 09:21:02,593 - INFO - --------------------------------------------------
2026-02-24 09:21:02,593 - INFO - [hk.616049.xyz (HKG)] 开始处理节点维护
2026-02-24 09:21:02,621 - DEBUG - DNS解析重试中 hk.616049.xyz: [Errno -2] Name or service not known
2026-02-24 09:21:03,638 - DEBUG - DNS解析重试中 hk.616049.xyz: [Errno -2] Name or service not known
2026-02-24 09:21:04,662 - DEBUG - DNS解析重试中 hk.616049.xyz: [Errno -2] Name or service not known
2026-02-24 09:21:05,663 - WARNING - [hk.616049.xyz (HKG)] ├─ 无有效DNS记录，触发紧急更新
2026-02-24 09:34:02,772 - ERROR - CFST更新失败: None
2026-02-24 09:34:02,772 - INFO - --------------------------------------------------
2026-02-24 09:34:02,772 - INFO - [us.616049.xyz (LAX)] 开始处理节点维护
2026-02-24 09:34:02,792 - DEBUG - DNS解析重试中 us.616049.xyz: [Errno -2] Name or service not known
2026-02-24 09:34:03,802 - DEBUG - DNS解析重试中 us.616049.xyz: [Errno -2] Name or service not known
2026-02-24 09:34:04,812 - DEBUG - DNS解析重试中 us.616049.xyz: [Errno -2] Name or service not known
2026-02-24 09:34:05,813 - WARNING - [us.616049.xyz (LAX)] ├─ 无有效DNS记录，触发紧急更新
2026-02-24 09:47:02,398 - ERROR - CFST更新失败: None
2026-02-24 09:47:02,398 - INFO - --------------------------------------------------
2026-02-24 09:47:02,399 - INFO - [de.616049.xyz (FRA)] 开始处理节点维护
2026-02-24 09:47:02,418 - DEBUG - DNS解析重试中 de.616049.xyz: [Errno -2] Name or service not known
2026-02-24 09:47:03,428 - DEBUG - DNS解析重试中 de.616049.xyz: [Errno -2] Name or service not known
2026-02-24 09:47:04,448 - DEBUG - DNS解析重试中 de.616049.xyz: [Errno -2] Name or service not known
2026-02-24 09:47:05,449 - WARNING - [de.616049.xyz (FRA)] ├─ 无有效DNS记录，触发紧急更新
2026-02-24 10:00:02,051 - ERROR - CFST更新失败: None
2026-02-24 10:00:02,055 - DEBUG - Starting new HTTPS connection (1): api.telegram.org:443
2026-02-24 10:00:02,336 - DEBUG - https://api.telegram.org:443 "POST /bot/sendMessage HTTP/1.1" 404 55
