2026-04-05 02:30:36,761 - INFO - 启动维护任务 | 协议类型: IPV4
2026-04-05 02:30:36,761 - INFO - --------------------------------------------------
2026-04-05 02:30:36,761 - INFO - [hk.616049.xyz (HKG)] 开始处理节点维护
2026-04-05 02:30:36,782 - DEBUG - DNS解析重试中 hk.616049.xyz: [Errno -2] Name or service not known
2026-04-05 02:30:37,789 - DEBUG - DNS解析重试中 hk.616049.xyz: [Errno -2] Name or service not known
2026-04-05 02:30:38,811 - DEBUG - DNS解析重试中 hk.616049.xyz: [Errno -2] Name or service not known
2026-04-05 02:30:39,813 - WARNING - [hk.616049.xyz (HKG)] ├─ 无有效DNS记录，触发紧急更新
2026-04-05 02:43:32,748 - ERROR - CFST更新失败: None
2026-04-05 02:43:32,748 - INFO - --------------------------------------------------
2026-04-05 02:43:32,748 - INFO - [us.616049.xyz (LAX)] 开始处理节点维护
2026-04-05 02:43:32,780 - DEBUG - DNS解析重试中 us.616049.xyz: [Errno -2] Name or service not known
2026-04-05 02:43:33,803 - DEBUG - DNS解析重试中 us.616049.xyz: [Errno -2] Name or service not known
2026-04-05 02:43:34,828 - DEBUG - DNS解析重试中 us.616049.xyz: [Errno -2] Name or service not known
2026-04-05 02:43:35,830 - WARNING - [us.616049.xyz (LAX)] ├─ 无有效DNS记录，触发紧急更新
2026-04-05 02:56:28,405 - ERROR - CFST更新失败: None
2026-04-05 02:56:28,405 - INFO - --------------------------------------------------
2026-04-05 02:56:28,405 - INFO - [de.616049.xyz (FRA)] 开始处理节点维护
2026-04-05 02:56:28,430 - DEBUG - DNS解析重试中 de.616049.xyz: [Errno -2] Name or service not known
2026-04-05 02:56:29,456 - DEBUG - DNS解析重试中 de.616049.xyz: [Errno -2] Name or service not known
2026-04-05 02:56:30,485 - DEBUG - DNS解析重试中 de.616049.xyz: [Errno -2] Name or service not known
2026-04-05 02:56:31,486 - WARNING - [de.616049.xyz (FRA)] ├─ 无有效DNS记录，触发紧急更新
2026-04-05 03:09:24,827 - ERROR - CFST更新失败: None
2026-04-05 03:09:24,831 - DEBUG - Starting new HTTPS connection (1): api.telegram.org:443
2026-04-05 03:09:25,165 - DEBUG - https://api.telegram.org:443 "POST /bot/sendMessage HTTP/1.1" 404 55
