2026-01-19 16:23:05,323 - INFO - 启动维护任务 | 协议类型: IPV4
2026-01-19 16:23:05,323 - INFO - --------------------------------------------------
2026-01-19 16:23:05,324 - INFO - [hk.616049.xyz (HKG)] 开始处理节点维护
2026-01-19 16:23:05,364 - DEBUG - DNS解析重试中 hk.616049.xyz: [Errno -2] Name or service not known
2026-01-19 16:23:06,393 - DEBUG - DNS解析重试中 hk.616049.xyz: [Errno -2] Name or service not known
2026-01-19 16:23:07,414 - DEBUG - DNS解析重试中 hk.616049.xyz: [Errno -2] Name or service not known
2026-01-19 16:23:08,415 - WARNING - [hk.616049.xyz (HKG)] ├─ 无有效DNS记录，触发紧急更新
2026-01-19 16:36:05,978 - ERROR - CFST更新失败: None
2026-01-19 16:36:05,978 - INFO - --------------------------------------------------
2026-01-19 16:36:05,978 - INFO - [us.616049.xyz (LAX)] 开始处理节点维护
2026-01-19 16:36:06,014 - DEBUG - DNS解析重试中 us.616049.xyz: [Errno -2] Name or service not known
2026-01-19 16:36:07,033 - DEBUG - DNS解析重试中 us.616049.xyz: [Errno -2] Name or service not known
2026-01-19 16:36:08,038 - DEBUG - DNS解析重试中 us.616049.xyz: [Errno -2] Name or service not known
2026-01-19 16:36:09,040 - WARNING - [us.616049.xyz (LAX)] ├─ 无有效DNS记录，触发紧急更新
2026-01-19 16:49:06,637 - ERROR - CFST更新失败: None
2026-01-19 16:49:06,637 - INFO - --------------------------------------------------
2026-01-19 16:49:06,637 - INFO - [de.616049.xyz (FRA)] 开始处理节点维护
2026-01-19 16:49:06,650 - DEBUG - DNS解析重试中 de.616049.xyz: [Errno -2] Name or service not known
2026-01-19 16:49:07,677 - DEBUG - DNS解析重试中 de.616049.xyz: [Errno -2] Name or service not known
2026-01-19 16:49:08,700 - DEBUG - DNS解析重试中 de.616049.xyz: [Errno -2] Name or service not known
2026-01-19 16:49:09,702 - WARNING - [de.616049.xyz (FRA)] ├─ 无有效DNS记录，触发紧急更新
2026-01-19 17:02:09,713 - ERROR - CFST更新失败: None
2026-01-19 17:02:09,716 - DEBUG - Starting new HTTPS connection (1): api.telegram.org:443
2026-01-19 17:02:10,148 - DEBUG - https://api.telegram.org:443 "POST /bot/sendMessage HTTP/1.1" 404 55
