2026-05-14 10:28:57,734 - INFO - 启动维护任务 | 协议类型: IPV4
2026-05-14 10:28:57,734 - INFO - --------------------------------------------------
2026-05-14 10:28:57,734 - INFO - [hk.616049.xyz (HKG)] 开始处理节点维护
2026-05-14 10:28:57,741 - DEBUG - DNS解析重试中 hk.616049.xyz: [Errno -2] Name or service not known
2026-05-14 10:28:58,750 - DEBUG - DNS解析重试中 hk.616049.xyz: [Errno -2] Name or service not known
2026-05-14 10:28:59,761 - DEBUG - DNS解析重试中 hk.616049.xyz: [Errno -2] Name or service not known
2026-05-14 10:29:00,763 - WARNING - [hk.616049.xyz (HKG)] ├─ 无有效DNS记录，触发紧急更新
2026-05-14 10:41:55,187 - ERROR - CFST更新失败: None
2026-05-14 10:41:55,188 - INFO - --------------------------------------------------
2026-05-14 10:41:55,188 - INFO - [us.616049.xyz (LAX)] 开始处理节点维护
2026-05-14 10:41:55,195 - DEBUG - DNS解析重试中 us.616049.xyz: [Errno -2] Name or service not known
2026-05-14 10:41:56,203 - DEBUG - DNS解析重试中 us.616049.xyz: [Errno -2] Name or service not known
2026-05-14 10:41:57,218 - DEBUG - DNS解析重试中 us.616049.xyz: [Errno -2] Name or service not known
2026-05-14 10:41:58,220 - WARNING - [us.616049.xyz (LAX)] ├─ 无有效DNS记录，触发紧急更新
2026-05-14 10:54:51,170 - ERROR - CFST更新失败: None
2026-05-14 10:54:51,170 - INFO - --------------------------------------------------
2026-05-14 10:54:51,170 - INFO - [de.616049.xyz (FRA)] 开始处理节点维护
2026-05-14 10:54:51,181 - DEBUG - DNS解析重试中 de.616049.xyz: [Errno -2] Name or service not known
2026-05-14 10:54:52,210 - DEBUG - DNS解析重试中 de.616049.xyz: [Errno -2] Name or service not known
2026-05-14 10:54:53,217 - DEBUG - DNS解析重试中 de.616049.xyz: [Errno -2] Name or service not known
2026-05-14 10:54:54,219 - WARNING - [de.616049.xyz (FRA)] ├─ 无有效DNS记录，触发紧急更新
2026-05-14 11:07:47,448 - ERROR - CFST更新失败: None
2026-05-14 11:07:47,451 - DEBUG - Starting new HTTPS connection (1): api.telegram.org:443
2026-05-14 11:07:47,957 - DEBUG - https://api.telegram.org:443 "POST /bot/sendMessage HTTP/1.1" 404 55
