2026-06-02 07:21:58,222 - INFO - 启动维护任务 | 协议类型: IPV4
2026-06-02 07:21:58,222 - INFO - --------------------------------------------------
2026-06-02 07:21:58,222 - INFO - [hk.616049.xyz (HKG)] 开始处理节点维护
2026-06-02 07:21:58,254 - DEBUG - DNS解析重试中 hk.616049.xyz: [Errno -2] Name or service not known
2026-06-02 07:21:59,286 - DEBUG - DNS解析重试中 hk.616049.xyz: [Errno -2] Name or service not known
2026-06-02 07:22:00,317 - DEBUG - DNS解析重试中 hk.616049.xyz: [Errno -2] Name or service not known
2026-06-02 07:22:01,318 - WARNING - [hk.616049.xyz (HKG)] ├─ 无有效DNS记录，触发紧急更新
2026-06-02 07:34:56,018 - ERROR - CFST更新失败: None
2026-06-02 07:34:56,018 - INFO - --------------------------------------------------
2026-06-02 07:34:56,018 - INFO - [us.616049.xyz (LAX)] 开始处理节点维护
2026-06-02 07:34:56,048 - DEBUG - DNS解析重试中 us.616049.xyz: [Errno -2] Name or service not known
2026-06-02 07:34:57,078 - DEBUG - DNS解析重试中 us.616049.xyz: [Errno -2] Name or service not known
2026-06-02 07:34:58,110 - DEBUG - DNS解析重试中 us.616049.xyz: [Errno -2] Name or service not known
2026-06-02 07:34:59,111 - WARNING - [us.616049.xyz (LAX)] ├─ 无有效DNS记录，触发紧急更新
2026-06-02 07:47:53,515 - ERROR - CFST更新失败: None
2026-06-02 07:47:53,516 - INFO - --------------------------------------------------
2026-06-02 07:47:53,516 - INFO - [de.616049.xyz (FRA)] 开始处理节点维护
2026-06-02 07:47:53,546 - DEBUG - DNS解析重试中 de.616049.xyz: [Errno -2] Name or service not known
2026-06-02 07:47:54,579 - DEBUG - DNS解析重试中 de.616049.xyz: [Errno -2] Name or service not known
2026-06-02 07:47:55,614 - DEBUG - DNS解析重试中 de.616049.xyz: [Errno -2] Name or service not known
2026-06-02 07:47:56,615 - WARNING - [de.616049.xyz (FRA)] ├─ 无有效DNS记录，触发紧急更新
2026-06-02 08:00:51,261 - ERROR - CFST更新失败: None
2026-06-02 08:00:51,264 - DEBUG - Starting new HTTPS connection (1): api.telegram.org:443
2026-06-02 08:00:51,674 - DEBUG - https://api.telegram.org:443 "POST /bot/sendMessage HTTP/1.1" 404 55
