2026-04-21 00:57:06,370 - INFO - 启动维护任务 | 协议类型: IPV4
2026-04-21 00:57:06,370 - INFO - --------------------------------------------------
2026-04-21 00:57:06,370 - INFO - [hk.616049.xyz (HKG)] 开始处理节点维护
2026-04-21 00:57:06,403 - DEBUG - DNS解析重试中 hk.616049.xyz: [Errno -2] Name or service not known
2026-04-21 00:57:07,411 - DEBUG - DNS解析重试中 hk.616049.xyz: [Errno -2] Name or service not known
2026-04-21 00:57:08,465 - DEBUG - DNS解析重试中 hk.616049.xyz: [Errno -2] Name or service not known
2026-04-21 00:57:09,466 - WARNING - [hk.616049.xyz (HKG)] ├─ 无有效DNS记录，触发紧急更新
2026-04-21 01:10:14,274 - ERROR - CFST更新失败: None
2026-04-21 01:10:14,274 - INFO - --------------------------------------------------
2026-04-21 01:10:14,274 - INFO - [us.616049.xyz (LAX)] 开始处理节点维护
2026-04-21 01:10:14,304 - DEBUG - DNS解析重试中 us.616049.xyz: [Errno -2] Name or service not known
2026-04-21 01:10:15,333 - DEBUG - DNS解析重试中 us.616049.xyz: [Errno -2] Name or service not known
2026-04-21 01:10:16,378 - DEBUG - DNS解析重试中 us.616049.xyz: [Errno -2] Name or service not known
2026-04-21 01:10:17,379 - WARNING - [us.616049.xyz (LAX)] ├─ 无有效DNS记录，触发紧急更新
2026-04-21 01:23:23,007 - ERROR - CFST更新失败: None
2026-04-21 01:23:23,007 - INFO - --------------------------------------------------
2026-04-21 01:23:23,007 - INFO - [de.616049.xyz (FRA)] 开始处理节点维护
2026-04-21 01:23:23,037 - DEBUG - DNS解析重试中 de.616049.xyz: [Errno -2] Name or service not known
2026-04-21 01:23:24,069 - DEBUG - DNS解析重试中 de.616049.xyz: [Errno -2] Name or service not known
2026-04-21 01:23:25,105 - DEBUG - DNS解析重试中 de.616049.xyz: [Errno -2] Name or service not known
2026-04-21 01:23:26,106 - WARNING - [de.616049.xyz (FRA)] ├─ 无有效DNS记录，触发紧急更新
2026-04-21 01:36:31,969 - ERROR - CFST更新失败: None
2026-04-21 01:36:31,972 - DEBUG - Starting new HTTPS connection (1): api.telegram.org:443
2026-04-21 01:36:32,315 - DEBUG - https://api.telegram.org:443 "POST /bot/sendMessage HTTP/1.1" 404 55
