2026-05-05 17:55:09,361 - INFO - 启动维护任务 | 协议类型: IPV4
2026-05-05 17:55:09,361 - INFO - --------------------------------------------------
2026-05-05 17:55:09,361 - INFO - [hk.616049.xyz (HKG)] 开始处理节点维护
2026-05-05 17:55:09,369 - DEBUG - DNS解析重试中 hk.616049.xyz: [Errno -2] Name or service not known
2026-05-05 17:55:10,382 - DEBUG - DNS解析重试中 hk.616049.xyz: [Errno -2] Name or service not known
2026-05-05 17:55:11,404 - DEBUG - DNS解析重试中 hk.616049.xyz: [Errno -2] Name or service not known
2026-05-05 17:55:12,405 - WARNING - [hk.616049.xyz (HKG)] ├─ 无有效DNS记录，触发紧急更新
2026-05-05 18:08:08,377 - ERROR - CFST更新失败: None
2026-05-05 18:08:08,377 - INFO - --------------------------------------------------
2026-05-05 18:08:08,377 - INFO - [us.616049.xyz (LAX)] 开始处理节点维护
2026-05-05 18:08:08,386 - DEBUG - DNS解析重试中 us.616049.xyz: [Errno -2] Name or service not known
2026-05-05 18:08:09,397 - DEBUG - DNS解析重试中 us.616049.xyz: [Errno -2] Name or service not known
2026-05-05 18:08:10,421 - DEBUG - DNS解析重试中 us.616049.xyz: [Errno -2] Name or service not known
2026-05-05 18:08:11,422 - WARNING - [us.616049.xyz (LAX)] ├─ 无有效DNS记录，触发紧急更新
2026-05-05 18:21:05,333 - ERROR - CFST更新失败: None
2026-05-05 18:21:05,333 - INFO - --------------------------------------------------
2026-05-05 18:21:05,333 - INFO - [de.616049.xyz (FRA)] 开始处理节点维护
2026-05-05 18:21:05,342 - DEBUG - DNS解析重试中 de.616049.xyz: [Errno -2] Name or service not known
2026-05-05 18:21:06,354 - DEBUG - DNS解析重试中 de.616049.xyz: [Errno -2] Name or service not known
2026-05-05 18:21:07,362 - DEBUG - DNS解析重试中 de.616049.xyz: [Errno -2] Name or service not known
2026-05-05 18:21:08,364 - WARNING - [de.616049.xyz (FRA)] ├─ 无有效DNS记录，触发紧急更新
2026-05-05 18:34:02,857 - ERROR - CFST更新失败: None
2026-05-05 18:34:02,861 - DEBUG - Starting new HTTPS connection (1): api.telegram.org:443
2026-05-05 18:34:03,142 - DEBUG - https://api.telegram.org:443 "POST /bot/sendMessage HTTP/1.1" 404 55
