2026-05-08 04:59:04,798 - INFO - 启动维护任务 | 协议类型: IPV4
2026-05-08 04:59:04,798 - INFO - --------------------------------------------------
2026-05-08 04:59:04,798 - INFO - [hk.616049.xyz (HKG)] 开始处理节点维护
2026-05-08 04:59:04,839 - DEBUG - DNS解析重试中 hk.616049.xyz: [Errno -2] Name or service not known
2026-05-08 04:59:05,868 - DEBUG - DNS解析重试中 hk.616049.xyz: [Errno -2] Name or service not known
2026-05-08 04:59:06,908 - DEBUG - DNS解析重试中 hk.616049.xyz: [Errno -2] Name or service not known
2026-05-08 04:59:07,909 - WARNING - [hk.616049.xyz (HKG)] ├─ 无有效DNS记录，触发紧急更新
2026-05-08 05:11:46,374 - ERROR - CFST更新失败: None
2026-05-08 05:11:46,374 - INFO - --------------------------------------------------
2026-05-08 05:11:46,374 - INFO - [us.616049.xyz (LAX)] 开始处理节点维护
2026-05-08 05:11:46,414 - DEBUG - DNS解析重试中 us.616049.xyz: [Errno -2] Name or service not known
2026-05-08 05:11:47,444 - DEBUG - DNS解析重试中 us.616049.xyz: [Errno -2] Name or service not known
2026-05-08 05:11:48,479 - DEBUG - DNS解析重试中 us.616049.xyz: [Errno -2] Name or service not known
2026-05-08 05:11:49,480 - WARNING - [us.616049.xyz (LAX)] ├─ 无有效DNS记录，触发紧急更新
2026-05-08 05:24:27,202 - ERROR - CFST更新失败: None
2026-05-08 05:24:27,202 - INFO - --------------------------------------------------
2026-05-08 05:24:27,202 - INFO - [de.616049.xyz (FRA)] 开始处理节点维护
2026-05-08 05:24:27,260 - DEBUG - DNS解析重试中 de.616049.xyz: [Errno -2] Name or service not known
2026-05-08 05:24:28,295 - DEBUG - DNS解析重试中 de.616049.xyz: [Errno -2] Name or service not known
2026-05-08 05:24:29,324 - DEBUG - DNS解析重试中 de.616049.xyz: [Errno -2] Name or service not known
2026-05-08 05:24:30,326 - WARNING - [de.616049.xyz (FRA)] ├─ 无有效DNS记录，触发紧急更新
2026-05-08 05:37:08,771 - ERROR - CFST更新失败: None
2026-05-08 05:37:08,775 - DEBUG - Starting new HTTPS connection (1): api.telegram.org:443
2026-05-08 05:37:09,170 - DEBUG - https://api.telegram.org:443 "POST /bot/sendMessage HTTP/1.1" 404 55
