2026-03-03 06:20:25,012 - INFO - 启动维护任务 | 协议类型: IPV4
2026-03-03 06:20:25,012 - INFO - --------------------------------------------------
2026-03-03 06:20:25,012 - INFO - [hk.616049.xyz (HKG)] 开始处理节点维护
2026-03-03 06:20:25,024 - DEBUG - DNS解析重试中 hk.616049.xyz: [Errno -2] Name or service not known
2026-03-03 06:20:26,039 - DEBUG - DNS解析重试中 hk.616049.xyz: [Errno -2] Name or service not known
2026-03-03 06:20:27,051 - DEBUG - DNS解析重试中 hk.616049.xyz: [Errno -2] Name or service not known
2026-03-03 06:20:28,052 - WARNING - [hk.616049.xyz (HKG)] ├─ 无有效DNS记录，触发紧急更新
2026-03-03 06:33:25,284 - ERROR - CFST更新失败: None
2026-03-03 06:33:25,284 - INFO - --------------------------------------------------
2026-03-03 06:33:25,285 - INFO - [us.616049.xyz (LAX)] 开始处理节点维护
2026-03-03 06:33:25,295 - DEBUG - DNS解析重试中 us.616049.xyz: [Errno -2] Name or service not known
2026-03-03 06:33:26,312 - DEBUG - DNS解析重试中 us.616049.xyz: [Errno -2] Name or service not known
2026-03-03 06:33:27,326 - DEBUG - DNS解析重试中 us.616049.xyz: [Errno -2] Name or service not known
2026-03-03 06:33:28,327 - WARNING - [us.616049.xyz (LAX)] ├─ 无有效DNS记录，触发紧急更新
2026-03-03 06:46:28,225 - ERROR - CFST更新失败: None
2026-03-03 06:46:28,226 - INFO - --------------------------------------------------
2026-03-03 06:46:28,226 - INFO - [de.616049.xyz (FRA)] 开始处理节点维护
2026-03-03 06:46:28,252 - DEBUG - DNS解析重试中 de.616049.xyz: [Errno -2] Name or service not known
2026-03-03 06:46:29,393 - DEBUG - DNS解析重试中 de.616049.xyz: [Errno -2] Name or service not known
2026-03-03 06:46:30,405 - DEBUG - DNS解析重试中 de.616049.xyz: [Errno -2] Name or service not known
2026-03-03 06:46:31,406 - WARNING - [de.616049.xyz (FRA)] ├─ 无有效DNS记录，触发紧急更新
2026-03-03 06:59:30,088 - ERROR - CFST更新失败: None
2026-03-03 06:59:30,091 - DEBUG - Starting new HTTPS connection (1): api.telegram.org:443
2026-03-03 06:59:30,418 - DEBUG - https://api.telegram.org:443 "POST /bot/sendMessage HTTP/1.1" 404 55
