2026-01-28 22:22:57,709 - INFO - 启动维护任务 | 协议类型: IPV4
2026-01-28 22:22:57,709 - INFO - --------------------------------------------------
2026-01-28 22:22:57,709 - INFO - [hk.616049.xyz (HKG)] 开始处理节点维护
2026-01-28 22:22:57,720 - DEBUG - DNS解析重试中 hk.616049.xyz: [Errno -2] Name or service not known
2026-01-28 22:22:58,759 - DEBUG - DNS解析重试中 hk.616049.xyz: [Errno -2] Name or service not known
2026-01-28 22:22:59,770 - DEBUG - DNS解析重试中 hk.616049.xyz: [Errno -2] Name or service not known
2026-01-28 22:23:00,771 - WARNING - [hk.616049.xyz (HKG)] ├─ 无有效DNS记录，触发紧急更新
2026-01-28 22:35:58,182 - ERROR - CFST更新失败: None
2026-01-28 22:35:58,182 - INFO - --------------------------------------------------
2026-01-28 22:35:58,182 - INFO - [us.616049.xyz (LAX)] 开始处理节点维护
2026-01-28 22:35:58,205 - DEBUG - DNS解析重试中 us.616049.xyz: [Errno -2] Name or service not known
2026-01-28 22:35:59,217 - DEBUG - DNS解析重试中 us.616049.xyz: [Errno -2] Name or service not known
2026-01-28 22:36:00,228 - DEBUG - DNS解析重试中 us.616049.xyz: [Errno -2] Name or service not known
2026-01-28 22:36:01,230 - WARNING - [us.616049.xyz (LAX)] ├─ 无有效DNS记录，触发紧急更新
2026-01-28 22:48:58,351 - ERROR - CFST更新失败: None
2026-01-28 22:48:58,352 - INFO - --------------------------------------------------
2026-01-28 22:48:58,352 - INFO - [de.616049.xyz (FRA)] 开始处理节点维护
2026-01-28 22:48:58,403 - DEBUG - DNS解析重试中 de.616049.xyz: [Errno -2] Name or service not known
2026-01-28 22:48:59,436 - DEBUG - DNS解析重试中 de.616049.xyz: [Errno -2] Name or service not known
2026-01-28 22:49:00,481 - DEBUG - DNS解析重试中 de.616049.xyz: [Errno -2] Name or service not known
2026-01-28 22:49:01,483 - WARNING - [de.616049.xyz (FRA)] ├─ 无有效DNS记录，触发紧急更新
2026-01-28 23:01:59,170 - ERROR - CFST更新失败: None
2026-01-28 23:01:59,174 - DEBUG - Starting new HTTPS connection (1): api.telegram.org:443
2026-01-28 23:01:59,471 - DEBUG - https://api.telegram.org:443 "POST /bot/sendMessage HTTP/1.1" 404 55
