2026-06-28 03:05:59,441 - INFO - 启动维护任务 | 协议类型: IPV4
2026-06-28 03:05:59,441 - INFO - --------------------------------------------------
2026-06-28 03:05:59,441 - INFO - [hk.616049.xyz (HKG)] 开始处理节点维护
2026-06-28 03:05:59,459 - DEBUG - DNS解析重试中 hk.616049.xyz: [Errno -2] Name or service not known
2026-06-28 03:06:00,530 - DEBUG - DNS解析重试中 hk.616049.xyz: [Errno -2] Name or service not known
2026-06-28 03:06:01,549 - DEBUG - DNS解析重试中 hk.616049.xyz: [Errno -2] Name or service not known
2026-06-28 03:06:02,551 - WARNING - [hk.616049.xyz (HKG)] ├─ 无有效DNS记录，触发紧急更新
2026-06-28 03:18:32,640 - ERROR - CFST更新失败: None
2026-06-28 03:18:32,641 - INFO - --------------------------------------------------
2026-06-28 03:18:32,641 - INFO - [us.616049.xyz (LAX)] 开始处理节点维护
2026-06-28 03:18:32,660 - DEBUG - DNS解析重试中 us.616049.xyz: [Errno -2] Name or service not known
2026-06-28 03:18:33,680 - DEBUG - DNS解析重试中 us.616049.xyz: [Errno -2] Name or service not known
2026-06-28 03:18:34,694 - DEBUG - DNS解析重试中 us.616049.xyz: [Errno -2] Name or service not known
2026-06-28 03:18:35,695 - WARNING - [us.616049.xyz (LAX)] ├─ 无有效DNS记录，触发紧急更新
2026-06-28 03:31:05,272 - ERROR - CFST更新失败: None
2026-06-28 03:31:05,273 - INFO - --------------------------------------------------
2026-06-28 03:31:05,273 - INFO - [de.616049.xyz (FRA)] 开始处理节点维护
2026-06-28 03:31:05,293 - DEBUG - DNS解析重试中 de.616049.xyz: [Errno -2] Name or service not known
2026-06-28 03:31:06,318 - DEBUG - DNS解析重试中 de.616049.xyz: [Errno -2] Name or service not known
2026-06-28 03:31:07,334 - DEBUG - DNS解析重试中 de.616049.xyz: [Errno -2] Name or service not known
2026-06-28 03:31:08,336 - WARNING - [de.616049.xyz (FRA)] ├─ 无有效DNS记录，触发紧急更新
2026-06-28 03:43:38,381 - ERROR - CFST更新失败: None
2026-06-28 03:43:38,384 - DEBUG - Starting new HTTPS connection (1): api.telegram.org:443
2026-06-28 03:43:38,676 - DEBUG - https://api.telegram.org:443 "POST /bot/sendMessage HTTP/1.1" 404 55
