2026-05-24 04:40:02,457 - INFO - 启动维护任务 | 协议类型: IPV4
2026-05-24 04:40:02,458 - INFO - --------------------------------------------------
2026-05-24 04:40:02,458 - INFO - [hk.616049.xyz (HKG)] 开始处理节点维护
2026-05-24 04:40:02,486 - DEBUG - DNS解析重试中 hk.616049.xyz: [Errno -2] Name or service not known
2026-05-24 04:40:03,494 - DEBUG - DNS解析重试中 hk.616049.xyz: [Errno -2] Name or service not known
2026-05-24 04:40:04,501 - DEBUG - DNS解析重试中 hk.616049.xyz: [Errno -2] Name or service not known
2026-05-24 04:40:05,502 - WARNING - [hk.616049.xyz (HKG)] ├─ 无有效DNS记录，触发紧急更新
2026-05-24 04:52:59,097 - ERROR - CFST更新失败: None
2026-05-24 04:52:59,097 - INFO - --------------------------------------------------
2026-05-24 04:52:59,097 - INFO - [us.616049.xyz (LAX)] 开始处理节点维护
2026-05-24 04:52:59,105 - DEBUG - DNS解析重试中 us.616049.xyz: [Errno -2] Name or service not known
2026-05-24 04:53:00,114 - DEBUG - DNS解析重试中 us.616049.xyz: [Errno -2] Name or service not known
2026-05-24 04:53:05,499 - DEBUG - DNS解析重试中 us.616049.xyz: [Errno -2] Name or service not known
2026-05-24 04:53:06,501 - WARNING - [us.616049.xyz (LAX)] ├─ 无有效DNS记录，触发紧急更新
2026-05-24 05:06:01,769 - ERROR - CFST更新失败: None
2026-05-24 05:06:01,769 - INFO - --------------------------------------------------
2026-05-24 05:06:01,769 - INFO - [de.616049.xyz (FRA)] 开始处理节点维护
2026-05-24 05:06:01,777 - DEBUG - DNS解析重试中 de.616049.xyz: [Errno -2] Name or service not known
2026-05-24 05:06:02,785 - DEBUG - DNS解析重试中 de.616049.xyz: [Errno -2] Name or service not known
2026-05-24 05:06:03,793 - DEBUG - DNS解析重试中 de.616049.xyz: [Errno -2] Name or service not known
2026-05-24 05:06:04,794 - WARNING - [de.616049.xyz (FRA)] ├─ 无有效DNS记录，触发紧急更新
2026-05-24 05:18:57,283 - ERROR - CFST更新失败: None
2026-05-24 05:18:57,286 - DEBUG - Starting new HTTPS connection (1): api.telegram.org:443
2026-05-24 05:18:57,772 - DEBUG - https://api.telegram.org:443 "POST /bot/sendMessage HTTP/1.1" 404 55
