2026-03-15 02:27:09,790 - INFO - 启动维护任务 | 协议类型: IPV4
2026-03-15 02:27:09,790 - INFO - --------------------------------------------------
2026-03-15 02:27:09,790 - INFO - [hk.616049.xyz (HKG)] 开始处理节点维护
2026-03-15 02:27:09,815 - DEBUG - DNS解析重试中 hk.616049.xyz: [Errno -2] Name or service not known
2026-03-15 02:27:10,838 - DEBUG - DNS解析重试中 hk.616049.xyz: [Errno -2] Name or service not known
2026-03-15 02:27:11,863 - DEBUG - DNS解析重试中 hk.616049.xyz: [Errno -2] Name or service not known
2026-03-15 02:27:12,864 - WARNING - [hk.616049.xyz (HKG)] ├─ 无有效DNS记录，触发紧急更新
2026-03-15 02:40:05,683 - ERROR - CFST更新失败: None
2026-03-15 02:40:05,683 - INFO - --------------------------------------------------
2026-03-15 02:40:05,683 - INFO - [us.616049.xyz (LAX)] 开始处理节点维护
2026-03-15 02:40:05,710 - DEBUG - DNS解析重试中 us.616049.xyz: [Errno -2] Name or service not known
2026-03-15 02:40:06,734 - DEBUG - DNS解析重试中 us.616049.xyz: [Errno -2] Name or service not known
2026-03-15 02:40:07,758 - DEBUG - DNS解析重试中 us.616049.xyz: [Errno -2] Name or service not known
2026-03-15 02:40:08,759 - WARNING - [us.616049.xyz (LAX)] ├─ 无有效DNS记录，触发紧急更新
2026-03-15 02:53:00,832 - ERROR - CFST更新失败: None
2026-03-15 02:53:00,832 - INFO - --------------------------------------------------
2026-03-15 02:53:00,832 - INFO - [de.616049.xyz (FRA)] 开始处理节点维护
2026-03-15 02:53:00,856 - DEBUG - DNS解析重试中 de.616049.xyz: [Errno -2] Name or service not known
2026-03-15 02:53:01,879 - DEBUG - DNS解析重试中 de.616049.xyz: [Errno -2] Name or service not known
2026-03-15 02:53:02,906 - DEBUG - DNS解析重试中 de.616049.xyz: [Errno -2] Name or service not known
2026-03-15 02:53:03,907 - WARNING - [de.616049.xyz (FRA)] ├─ 无有效DNS记录，触发紧急更新
2026-03-15 03:05:56,183 - ERROR - CFST更新失败: None
2026-03-15 03:05:56,187 - DEBUG - Starting new HTTPS connection (1): api.telegram.org:443
2026-03-15 03:05:56,519 - DEBUG - https://api.telegram.org:443 "POST /bot/sendMessage HTTP/1.1" 404 55
