2026-05-24 22:56:11,099 - INFO - 启动维护任务 | 协议类型: IPV4
2026-05-24 22:56:11,100 - INFO - --------------------------------------------------
2026-05-24 22:56:11,100 - INFO - [hk.616049.xyz (HKG)] 开始处理节点维护
2026-05-24 22:56:11,137 - DEBUG - DNS解析重试中 hk.616049.xyz: [Errno -2] Name or service not known
2026-05-24 22:56:12,171 - DEBUG - DNS解析重试中 hk.616049.xyz: [Errno -2] Name or service not known
2026-05-24 22:56:13,178 - DEBUG - DNS解析重试中 hk.616049.xyz: [Errno -2] Name or service not known
2026-05-24 22:56:14,179 - WARNING - [hk.616049.xyz (HKG)] ├─ 无有效DNS记录，触发紧急更新
2026-05-24 23:09:06,232 - ERROR - CFST更新失败: None
2026-05-24 23:09:06,232 - INFO - --------------------------------------------------
2026-05-24 23:09:06,232 - INFO - [us.616049.xyz (LAX)] 开始处理节点维护
2026-05-24 23:09:06,260 - DEBUG - DNS解析重试中 us.616049.xyz: [Errno -2] Name or service not known
2026-05-24 23:09:07,283 - DEBUG - DNS解析重试中 us.616049.xyz: [Errno -2] Name or service not known
2026-05-24 23:09:08,288 - DEBUG - DNS解析重试中 us.616049.xyz: [Errno -2] Name or service not known
2026-05-24 23:09:09,290 - WARNING - [us.616049.xyz (LAX)] ├─ 无有效DNS记录，触发紧急更新
2026-05-24 23:22:00,683 - ERROR - CFST更新失败: None
2026-05-24 23:22:00,684 - INFO - --------------------------------------------------
2026-05-24 23:22:00,684 - INFO - [de.616049.xyz (FRA)] 开始处理节点维护
2026-05-24 23:22:00,712 - DEBUG - DNS解析重试中 de.616049.xyz: [Errno -2] Name or service not known
2026-05-24 23:22:01,744 - DEBUG - DNS解析重试中 de.616049.xyz: [Errno -2] Name or service not known
2026-05-24 23:22:02,771 - DEBUG - DNS解析重试中 de.616049.xyz: [Errno -2] Name or service not known
2026-05-24 23:22:03,772 - WARNING - [de.616049.xyz (FRA)] ├─ 无有效DNS记录，触发紧急更新
2026-05-24 23:34:55,145 - ERROR - CFST更新失败: None
2026-05-24 23:34:55,148 - DEBUG - Starting new HTTPS connection (1): api.telegram.org:443
2026-05-24 23:34:55,492 - DEBUG - https://api.telegram.org:443 "POST /bot/sendMessage HTTP/1.1" 404 55
