2026-05-16 06:45:34,598 - INFO - 启动维护任务 | 协议类型: IPV4
2026-05-16 06:45:34,598 - INFO - --------------------------------------------------
2026-05-16 06:45:34,598 - INFO - [hk.616049.xyz (HKG)] 开始处理节点维护
2026-05-16 06:45:34,614 - DEBUG - DNS解析重试中 hk.616049.xyz: [Errno -2] Name or service not known
2026-05-16 06:45:35,627 - DEBUG - DNS解析重试中 hk.616049.xyz: [Errno -2] Name or service not known
2026-05-16 06:45:36,645 - DEBUG - DNS解析重试中 hk.616049.xyz: [Errno -2] Name or service not known
2026-05-16 06:45:37,647 - WARNING - [hk.616049.xyz (HKG)] ├─ 无有效DNS记录，触发紧急更新
2026-05-16 06:58:30,170 - ERROR - CFST更新失败: None
2026-05-16 06:58:30,170 - INFO - --------------------------------------------------
2026-05-16 06:58:30,170 - INFO - [us.616049.xyz (LAX)] 开始处理节点维护
2026-05-16 06:58:30,181 - DEBUG - DNS解析重试中 us.616049.xyz: [Errno -2] Name or service not known
2026-05-16 06:58:31,190 - DEBUG - DNS解析重试中 us.616049.xyz: [Errno -2] Name or service not known
2026-05-16 06:58:32,203 - DEBUG - DNS解析重试中 us.616049.xyz: [Errno -2] Name or service not known
2026-05-16 06:58:33,204 - WARNING - [us.616049.xyz (LAX)] ├─ 无有效DNS记录，触发紧急更新
2026-05-16 07:11:25,373 - ERROR - CFST更新失败: None
2026-05-16 07:11:25,373 - INFO - --------------------------------------------------
2026-05-16 07:11:25,373 - INFO - [de.616049.xyz (FRA)] 开始处理节点维护
2026-05-16 07:11:25,404 - DEBUG - DNS解析重试中 de.616049.xyz: [Errno -2] Name or service not known
2026-05-16 07:11:26,412 - DEBUG - DNS解析重试中 de.616049.xyz: [Errno -2] Name or service not known
2026-05-16 07:11:27,425 - DEBUG - DNS解析重试中 de.616049.xyz: [Errno -2] Name or service not known
2026-05-16 07:11:28,427 - WARNING - [de.616049.xyz (FRA)] ├─ 无有效DNS记录，触发紧急更新
2026-05-16 07:24:20,761 - ERROR - CFST更新失败: None
2026-05-16 07:24:20,764 - DEBUG - Starting new HTTPS connection (1): api.telegram.org:443
2026-05-16 07:24:21,047 - DEBUG - https://api.telegram.org:443 "POST /bot/sendMessage HTTP/1.1" 404 55
