2026-06-20 18:27:26,518 - INFO - 启动维护任务 | 协议类型: IPV4
2026-06-20 18:27:26,519 - INFO - --------------------------------------------------
2026-06-20 18:27:26,519 - INFO - [hk.616049.xyz (HKG)] 开始处理节点维护
2026-06-20 18:27:26,537 - DEBUG - DNS解析重试中 hk.616049.xyz: [Errno -2] Name or service not known
2026-06-20 18:27:27,556 - DEBUG - DNS解析重试中 hk.616049.xyz: [Errno -2] Name or service not known
2026-06-20 18:27:28,570 - DEBUG - DNS解析重试中 hk.616049.xyz: [Errno -2] Name or service not known
2026-06-20 18:27:29,571 - WARNING - [hk.616049.xyz (HKG)] ├─ 无有效DNS记录，触发紧急更新
2026-06-20 18:40:04,621 - ERROR - CFST更新失败: None
2026-06-20 18:40:04,621 - INFO - --------------------------------------------------
2026-06-20 18:40:04,621 - INFO - [us.616049.xyz (LAX)] 开始处理节点维护
2026-06-20 18:40:04,640 - DEBUG - DNS解析重试中 us.616049.xyz: [Errno -2] Name or service not known
2026-06-20 18:40:05,652 - DEBUG - DNS解析重试中 us.616049.xyz: [Errno -2] Name or service not known
2026-06-20 18:40:06,664 - DEBUG - DNS解析重试中 us.616049.xyz: [Errno -2] Name or service not known
2026-06-20 18:40:07,665 - WARNING - [us.616049.xyz (LAX)] ├─ 无有效DNS记录，触发紧急更新
2026-06-20 18:52:43,159 - ERROR - CFST更新失败: None
2026-06-20 18:52:43,160 - INFO - --------------------------------------------------
2026-06-20 18:52:43,160 - INFO - [de.616049.xyz (FRA)] 开始处理节点维护
2026-06-20 18:52:43,171 - DEBUG - DNS解析重试中 de.616049.xyz: [Errno -2] Name or service not known
2026-06-20 18:52:44,183 - DEBUG - DNS解析重试中 de.616049.xyz: [Errno -2] Name or service not known
2026-06-20 18:52:45,195 - DEBUG - DNS解析重试中 de.616049.xyz: [Errno -2] Name or service not known
2026-06-20 18:52:46,196 - WARNING - [de.616049.xyz (FRA)] ├─ 无有效DNS记录，触发紧急更新
2026-06-20 19:05:20,949 - ERROR - CFST更新失败: None
2026-06-20 19:05:20,953 - DEBUG - Starting new HTTPS connection (1): api.telegram.org:443
2026-06-20 19:05:21,407 - DEBUG - https://api.telegram.org:443 "POST /bot/sendMessage HTTP/1.1" 404 55
