2026-03-05 04:24:53,051 - INFO - 启动维护任务 | 协议类型: IPV4
2026-03-05 04:24:53,051 - INFO - --------------------------------------------------
2026-03-05 04:24:53,051 - INFO - [hk.616049.xyz (HKG)] 开始处理节点维护
2026-03-05 04:24:53,080 - DEBUG - DNS解析重试中 hk.616049.xyz: [Errno -2] Name or service not known
2026-03-05 04:24:54,117 - DEBUG - DNS解析重试中 hk.616049.xyz: [Errno -2] Name or service not known
2026-03-05 04:24:55,153 - DEBUG - DNS解析重试中 hk.616049.xyz: [Errno -2] Name or service not known
2026-03-05 04:24:56,155 - WARNING - [hk.616049.xyz (HKG)] ├─ 无有效DNS记录，触发紧急更新
2026-03-05 04:37:51,708 - ERROR - CFST更新失败: None
2026-03-05 04:37:51,708 - INFO - --------------------------------------------------
2026-03-05 04:37:51,708 - INFO - [us.616049.xyz (LAX)] 开始处理节点维护
2026-03-05 04:37:51,738 - DEBUG - DNS解析重试中 us.616049.xyz: [Errno -2] Name or service not known
2026-03-05 04:37:52,778 - DEBUG - DNS解析重试中 us.616049.xyz: [Errno -2] Name or service not known
2026-03-05 04:37:53,783 - DEBUG - DNS解析重试中 us.616049.xyz: [Errno -2] Name or service not known
2026-03-05 04:37:54,785 - WARNING - [us.616049.xyz (LAX)] ├─ 无有效DNS记录，触发紧急更新
2026-03-05 04:50:50,245 - ERROR - CFST更新失败: None
2026-03-05 04:50:50,246 - INFO - --------------------------------------------------
2026-03-05 04:50:50,246 - INFO - [de.616049.xyz (FRA)] 开始处理节点维护
2026-03-05 04:50:50,277 - DEBUG - DNS解析重试中 de.616049.xyz: [Errno -2] Name or service not known
2026-03-05 04:50:51,319 - DEBUG - DNS解析重试中 de.616049.xyz: [Errno -2] Name or service not known
2026-03-05 04:50:52,351 - DEBUG - DNS解析重试中 de.616049.xyz: [Errno -2] Name or service not known
2026-03-05 04:50:53,352 - WARNING - [de.616049.xyz (FRA)] ├─ 无有效DNS记录，触发紧急更新
2026-03-05 05:03:48,754 - ERROR - CFST更新失败: None
2026-03-05 05:03:48,758 - DEBUG - Starting new HTTPS connection (1): api.telegram.org:443
2026-03-05 05:03:49,160 - DEBUG - https://api.telegram.org:443 "POST /bot/sendMessage HTTP/1.1" 404 55
