2026-07-15 09:41:31,335 - INFO - 启动维护任务 | 协议类型: IPV4
2026-07-15 09:41:31,335 - INFO - --------------------------------------------------
2026-07-15 09:41:31,335 - INFO - [hk.616049.xyz (HKG)] 开始处理节点维护
2026-07-15 09:41:31,382 - DEBUG - DNS解析重试中 hk.616049.xyz: [Errno -5] No address associated with hostname
2026-07-15 09:41:32,433 - DEBUG - DNS解析重试中 hk.616049.xyz: [Errno -5] No address associated with hostname
2026-07-15 09:41:33,437 - DEBUG - DNS解析重试中 hk.616049.xyz: [Errno -5] No address associated with hostname
2026-07-15 09:41:34,439 - WARNING - [hk.616049.xyz (HKG)] ├─ 无有效DNS记录，触发紧急更新
2026-07-15 09:54:05,969 - ERROR - CFST更新失败: None
2026-07-15 09:54:05,969 - INFO - --------------------------------------------------
2026-07-15 09:54:05,969 - INFO - [us.616049.xyz (LAX)] 开始处理节点维护
2026-07-15 09:54:05,997 - DEBUG - DNS解析重试中 us.616049.xyz: [Errno -5] No address associated with hostname
2026-07-15 09:54:07,003 - DEBUG - DNS解析重试中 us.616049.xyz: [Errno -5] No address associated with hostname
2026-07-15 09:54:08,048 - DEBUG - DNS解析重试中 us.616049.xyz: [Errno -5] No address associated with hostname
2026-07-15 09:54:09,050 - WARNING - [us.616049.xyz (LAX)] ├─ 无有效DNS记录，触发紧急更新
2026-07-15 10:06:41,397 - ERROR - CFST更新失败: None
2026-07-15 10:06:41,398 - INFO - --------------------------------------------------
2026-07-15 10:06:41,398 - INFO - [de.616049.xyz (FRA)] 开始处理节点维护
2026-07-15 10:06:41,727 - DEBUG - DNS解析重试中 de.616049.xyz: [Errno -5] No address associated with hostname
2026-07-15 10:06:42,763 - DEBUG - DNS解析重试中 de.616049.xyz: [Errno -5] No address associated with hostname
2026-07-15 10:06:43,801 - DEBUG - DNS解析重试中 de.616049.xyz: [Errno -5] No address associated with hostname
2026-07-15 10:06:44,803 - WARNING - [de.616049.xyz (FRA)] ├─ 无有效DNS记录，触发紧急更新
2026-07-15 10:19:16,587 - ERROR - CFST更新失败: None
2026-07-15 10:19:16,591 - DEBUG - Starting new HTTPS connection (1): api.telegram.org:443
2026-07-15 10:19:17,003 - DEBUG - https://api.telegram.org:443 "POST /bot/sendMessage HTTP/1.1" 404 55
