2026-03-02 18:36:34,389 - INFO - 启动维护任务 | 协议类型: IPV4
2026-03-02 18:36:34,389 - INFO - --------------------------------------------------
2026-03-02 18:36:34,389 - INFO - [hk.616049.xyz (HKG)] 开始处理节点维护
2026-03-02 18:36:34,430 - DEBUG - DNS解析重试中 hk.616049.xyz: [Errno -2] Name or service not known
2026-03-02 18:36:35,472 - DEBUG - DNS解析重试中 hk.616049.xyz: [Errno -2] Name or service not known
2026-03-02 18:36:36,506 - DEBUG - DNS解析重试中 hk.616049.xyz: [Errno -2] Name or service not known
2026-03-02 18:36:37,507 - WARNING - [hk.616049.xyz (HKG)] ├─ 无有效DNS记录，触发紧急更新
2026-03-02 18:49:32,361 - ERROR - CFST更新失败: None
2026-03-02 18:49:32,361 - INFO - --------------------------------------------------
2026-03-02 18:49:32,361 - INFO - [us.616049.xyz (LAX)] 开始处理节点维护
2026-03-02 18:49:32,395 - DEBUG - DNS解析重试中 us.616049.xyz: [Errno -2] Name or service not known
2026-03-02 18:49:33,428 - DEBUG - DNS解析重试中 us.616049.xyz: [Errno -2] Name or service not known
2026-03-02 18:49:34,463 - DEBUG - DNS解析重试中 us.616049.xyz: [Errno -2] Name or service not known
2026-03-02 18:49:35,464 - WARNING - [us.616049.xyz (LAX)] ├─ 无有效DNS记录，触发紧急更新
2026-03-02 19:02:30,182 - ERROR - CFST更新失败: None
2026-03-02 19:02:30,183 - INFO - --------------------------------------------------
2026-03-02 19:02:30,183 - INFO - [de.616049.xyz (FRA)] 开始处理节点维护
2026-03-02 19:02:30,217 - DEBUG - DNS解析重试中 de.616049.xyz: [Errno -2] Name or service not known
2026-03-02 19:02:31,283 - DEBUG - DNS解析重试中 de.616049.xyz: [Errno -2] Name or service not known
2026-03-02 19:02:32,318 - DEBUG - DNS解析重试中 de.616049.xyz: [Errno -2] Name or service not known
2026-03-02 19:02:33,319 - WARNING - [de.616049.xyz (FRA)] ├─ 无有效DNS记录，触发紧急更新
2026-03-02 19:15:27,907 - ERROR - CFST更新失败: None
2026-03-02 19:15:27,910 - DEBUG - Starting new HTTPS connection (1): api.telegram.org:443
2026-03-02 19:15:28,309 - DEBUG - https://api.telegram.org:443 "POST /bot/sendMessage HTTP/1.1" 404 55
