2026-07-03 04:56:22,298 - INFO - 启动维护任务 | 协议类型: IPV4
2026-07-03 04:56:22,299 - INFO - --------------------------------------------------
2026-07-03 04:56:22,299 - INFO - [hk.616049.xyz (HKG)] 开始处理节点维护
2026-07-03 04:56:22,335 - DEBUG - DNS解析重试中 hk.616049.xyz: [Errno -5] No address associated with hostname
2026-07-03 04:56:23,358 - DEBUG - DNS解析重试中 hk.616049.xyz: [Errno -5] No address associated with hostname
2026-07-03 04:56:24,379 - DEBUG - DNS解析重试中 hk.616049.xyz: [Errno -5] No address associated with hostname
2026-07-03 04:56:25,381 - WARNING - [hk.616049.xyz (HKG)] ├─ 无有效DNS记录，触发紧急更新
2026-07-03 05:09:01,641 - ERROR - CFST更新失败: None
2026-07-03 05:09:01,641 - INFO - --------------------------------------------------
2026-07-03 05:09:01,641 - INFO - [us.616049.xyz (LAX)] 开始处理节点维护
2026-07-03 05:09:01,693 - DEBUG - DNS解析重试中 us.616049.xyz: [Errno -5] No address associated with hostname
2026-07-03 05:09:02,728 - DEBUG - DNS解析重试中 us.616049.xyz: [Errno -5] No address associated with hostname
2026-07-03 05:09:03,752 - DEBUG - DNS解析重试中 us.616049.xyz: [Errno -5] No address associated with hostname
2026-07-03 05:09:04,753 - WARNING - [us.616049.xyz (LAX)] ├─ 无有效DNS记录，触发紧急更新
2026-07-03 05:21:39,415 - ERROR - CFST更新失败: None
2026-07-03 05:21:39,415 - INFO - --------------------------------------------------
2026-07-03 05:21:39,415 - INFO - [de.616049.xyz (FRA)] 开始处理节点维护
2026-07-03 05:21:39,470 - DEBUG - DNS解析重试中 de.616049.xyz: [Errno -5] No address associated with hostname
2026-07-03 05:21:40,511 - DEBUG - DNS解析重试中 de.616049.xyz: [Errno -5] No address associated with hostname
2026-07-03 05:21:41,570 - DEBUG - DNS解析重试中 de.616049.xyz: [Errno -5] No address associated with hostname
2026-07-03 05:21:42,571 - WARNING - [de.616049.xyz (FRA)] ├─ 无有效DNS记录，触发紧急更新
2026-07-03 05:34:22,336 - ERROR - CFST更新失败: None
2026-07-03 05:34:22,340 - DEBUG - Starting new HTTPS connection (1): api.telegram.org:443
2026-07-03 05:34:22,631 - DEBUG - https://api.telegram.org:443 "POST /bot/sendMessage HTTP/1.1" 404 55
