2026-05-01 21:00:04,486 - INFO - 启动维护任务 | 协议类型: IPV4
2026-05-01 21:00:04,486 - INFO - --------------------------------------------------
2026-05-01 21:00:04,486 - INFO - [hk.616049.xyz (HKG)] 开始处理节点维护
2026-05-01 21:00:04,494 - DEBUG - DNS解析重试中 hk.616049.xyz: [Errno -2] Name or service not known
2026-05-01 21:00:05,502 - DEBUG - DNS解析重试中 hk.616049.xyz: [Errno -2] Name or service not known
2026-05-01 21:00:06,525 - DEBUG - DNS解析重试中 hk.616049.xyz: [Errno -2] Name or service not known
2026-05-01 21:00:07,526 - WARNING - [hk.616049.xyz (HKG)] ├─ 无有效DNS记录，触发紧急更新
2026-05-01 21:13:00,766 - ERROR - CFST更新失败: None
2026-05-01 21:13:00,766 - INFO - --------------------------------------------------
2026-05-01 21:13:00,766 - INFO - [us.616049.xyz (LAX)] 开始处理节点维护
2026-05-01 21:13:00,780 - DEBUG - DNS解析重试中 us.616049.xyz: [Errno -2] Name or service not known
2026-05-01 21:13:01,787 - DEBUG - DNS解析重试中 us.616049.xyz: [Errno -2] Name or service not known
2026-05-01 21:13:02,796 - DEBUG - DNS解析重试中 us.616049.xyz: [Errno -2] Name or service not known
2026-05-01 21:13:03,797 - WARNING - [us.616049.xyz (LAX)] ├─ 无有效DNS记录，触发紧急更新
2026-05-01 21:25:56,571 - ERROR - CFST更新失败: None
2026-05-01 21:25:56,572 - INFO - --------------------------------------------------
2026-05-01 21:25:56,572 - INFO - [de.616049.xyz (FRA)] 开始处理节点维护
2026-05-01 21:25:56,585 - DEBUG - DNS解析重试中 de.616049.xyz: [Errno -2] Name or service not known
2026-05-01 21:25:57,596 - DEBUG - DNS解析重试中 de.616049.xyz: [Errno -2] Name or service not known
2026-05-01 21:25:58,604 - DEBUG - DNS解析重试中 de.616049.xyz: [Errno -2] Name or service not known
2026-05-01 21:25:59,605 - WARNING - [de.616049.xyz (FRA)] ├─ 无有效DNS记录，触发紧急更新
2026-05-01 21:38:52,912 - ERROR - CFST更新失败: None
2026-05-01 21:38:52,916 - DEBUG - Starting new HTTPS connection (1): api.telegram.org:443
2026-05-01 21:38:53,390 - DEBUG - https://api.telegram.org:443 "POST /bot/sendMessage HTTP/1.1" 404 55
