2026-07-19 16:02:08,082 - INFO - 启动维护任务 | 协议类型: IPV4
2026-07-19 16:02:08,082 - INFO - --------------------------------------------------
2026-07-19 16:02:08,082 - INFO - [hk.616049.xyz (HKG)] 开始处理节点维护
2026-07-19 16:02:08,100 - DEBUG - DNS解析重试中 hk.616049.xyz: [Errno -5] No address associated with hostname
2026-07-19 16:02:09,138 - DEBUG - DNS解析重试中 hk.616049.xyz: [Errno -5] No address associated with hostname
2026-07-19 16:02:10,157 - DEBUG - DNS解析重试中 hk.616049.xyz: [Errno -5] No address associated with hostname
2026-07-19 16:02:11,158 - WARNING - [hk.616049.xyz (HKG)] ├─ 无有效DNS记录，触发紧急更新
2026-07-19 16:14:42,531 - ERROR - CFST更新失败: None
2026-07-19 16:14:42,531 - INFO - --------------------------------------------------
2026-07-19 16:14:42,532 - INFO - [us.616049.xyz (LAX)] 开始处理节点维护
2026-07-19 16:14:42,542 - DEBUG - DNS解析重试中 us.616049.xyz: [Errno -5] No address associated with hostname
2026-07-19 16:14:43,563 - DEBUG - DNS解析重试中 us.616049.xyz: [Errno -5] No address associated with hostname
2026-07-19 16:14:44,576 - DEBUG - DNS解析重试中 us.616049.xyz: [Errno -5] No address associated with hostname
2026-07-19 16:14:45,578 - WARNING - [us.616049.xyz (LAX)] ├─ 无有效DNS记录，触发紧急更新
2026-07-19 16:27:16,874 - ERROR - CFST更新失败: None
2026-07-19 16:27:16,874 - INFO - --------------------------------------------------
2026-07-19 16:27:16,875 - INFO - [de.616049.xyz (FRA)] 开始处理节点维护
2026-07-19 16:27:16,886 - DEBUG - DNS解析重试中 de.616049.xyz: [Errno -5] No address associated with hostname
2026-07-19 16:27:17,898 - DEBUG - DNS解析重试中 de.616049.xyz: [Errno -5] No address associated with hostname
2026-07-19 16:27:18,915 - DEBUG - DNS解析重试中 de.616049.xyz: [Errno -5] No address associated with hostname
2026-07-19 16:27:19,917 - WARNING - [de.616049.xyz (FRA)] ├─ 无有效DNS记录，触发紧急更新
2026-07-19 16:39:51,744 - ERROR - CFST更新失败: None
2026-07-19 16:39:51,748 - DEBUG - Starting new HTTPS connection (1): api.telegram.org:443
2026-07-19 16:39:52,204 - DEBUG - https://api.telegram.org:443 "POST /bot/sendMessage HTTP/1.1" 404 55
