2026-05-22 22:21:44,549 - INFO - 启动维护任务 | 协议类型: IPV4
2026-05-22 22:21:44,549 - INFO - --------------------------------------------------
2026-05-22 22:21:44,549 - INFO - [hk.616049.xyz (HKG)] 开始处理节点维护
2026-05-22 22:21:44,562 - DEBUG - DNS解析重试中 hk.616049.xyz: [Errno -2] Name or service not known
2026-05-22 22:21:45,585 - DEBUG - DNS解析重试中 hk.616049.xyz: [Errno -2] Name or service not known
2026-05-22 22:21:46,599 - DEBUG - DNS解析重试中 hk.616049.xyz: [Errno -2] Name or service not known
2026-05-22 22:21:47,600 - WARNING - [hk.616049.xyz (HKG)] ├─ 无有效DNS记录，触发紧急更新
2026-05-22 22:34:49,944 - ERROR - CFST更新失败: None
2026-05-22 22:34:49,944 - INFO - --------------------------------------------------
2026-05-22 22:34:49,944 - INFO - [us.616049.xyz (LAX)] 开始处理节点维护
2026-05-22 22:34:49,959 - DEBUG - DNS解析重试中 us.616049.xyz: [Errno -2] Name or service not known
2026-05-22 22:34:50,985 - DEBUG - DNS解析重试中 us.616049.xyz: [Errno -2] Name or service not known
2026-05-22 22:34:52,002 - DEBUG - DNS解析重试中 us.616049.xyz: [Errno -2] Name or service not known
2026-05-22 22:34:53,003 - WARNING - [us.616049.xyz (LAX)] ├─ 无有效DNS记录，触发紧急更新
2026-05-22 22:47:49,910 - ERROR - CFST更新失败: None
2026-05-22 22:47:49,910 - INFO - --------------------------------------------------
2026-05-22 22:47:49,910 - INFO - [de.616049.xyz (FRA)] 开始处理节点维护
2026-05-22 22:47:49,931 - DEBUG - DNS解析重试中 de.616049.xyz: [Errno -2] Name or service not known
2026-05-22 22:47:50,977 - DEBUG - DNS解析重试中 de.616049.xyz: [Errno -2] Name or service not known
2026-05-22 22:47:52,005 - DEBUG - DNS解析重试中 de.616049.xyz: [Errno -2] Name or service not known
2026-05-22 22:47:53,006 - WARNING - [de.616049.xyz (FRA)] ├─ 无有效DNS记录，触发紧急更新
2026-05-22 23:00:49,882 - ERROR - CFST更新失败: None
2026-05-22 23:00:49,886 - DEBUG - Starting new HTTPS connection (1): api.telegram.org:443
2026-05-22 23:00:50,167 - DEBUG - https://api.telegram.org:443 "POST /bot/sendMessage HTTP/1.1" 404 55
