2026-03-16 02:27:37,781 - INFO - 启动维护任务 | 协议类型: IPV4
2026-03-16 02:27:37,781 - INFO - --------------------------------------------------
2026-03-16 02:27:37,781 - INFO - [hk.616049.xyz (HKG)] 开始处理节点维护
2026-03-16 02:27:37,801 - DEBUG - DNS解析重试中 hk.616049.xyz: [Errno -2] Name or service not known
2026-03-16 02:27:38,806 - DEBUG - DNS解析重试中 hk.616049.xyz: [Errno -2] Name or service not known
2026-03-16 02:27:39,815 - DEBUG - DNS解析重试中 hk.616049.xyz: [Errno -2] Name or service not known
2026-03-16 02:27:40,816 - WARNING - [hk.616049.xyz (HKG)] ├─ 无有效DNS记录，触发紧急更新
2026-03-16 02:40:34,817 - ERROR - CFST更新失败: None
2026-03-16 02:40:34,818 - INFO - --------------------------------------------------
2026-03-16 02:40:34,818 - INFO - [us.616049.xyz (LAX)] 开始处理节点维护
2026-03-16 02:40:34,824 - DEBUG - DNS解析重试中 us.616049.xyz: [Errno -2] Name or service not known
2026-03-16 02:40:35,833 - DEBUG - DNS解析重试中 us.616049.xyz: [Errno -2] Name or service not known
2026-03-16 02:40:36,842 - DEBUG - DNS解析重试中 us.616049.xyz: [Errno -2] Name or service not known
2026-03-16 02:40:37,843 - WARNING - [us.616049.xyz (LAX)] ├─ 无有效DNS记录，触发紧急更新
2026-03-16 02:53:31,142 - ERROR - CFST更新失败: None
2026-03-16 02:53:31,143 - INFO - --------------------------------------------------
2026-03-16 02:53:31,143 - INFO - [de.616049.xyz (FRA)] 开始处理节点维护
2026-03-16 02:53:31,158 - DEBUG - DNS解析重试中 de.616049.xyz: [Errno -2] Name or service not known
2026-03-16 02:53:32,165 - DEBUG - DNS解析重试中 de.616049.xyz: [Errno -2] Name or service not known
2026-03-16 02:53:33,171 - DEBUG - DNS解析重试中 de.616049.xyz: [Errno -2] Name or service not known
2026-03-16 02:53:34,172 - WARNING - [de.616049.xyz (FRA)] ├─ 无有效DNS记录，触发紧急更新
2026-03-16 03:06:27,557 - ERROR - CFST更新失败: None
2026-03-16 03:06:27,561 - DEBUG - Starting new HTTPS connection (1): api.telegram.org:443
2026-03-16 03:06:28,063 - DEBUG - https://api.telegram.org:443 "POST /bot/sendMessage HTTP/1.1" 404 55
