2026-06-27 03:28:57,404 - INFO - 启动维护任务 | 协议类型: IPV4
2026-06-27 03:28:57,404 - INFO - --------------------------------------------------
2026-06-27 03:28:57,404 - INFO - [hk.616049.xyz (HKG)] 开始处理节点维护
2026-06-27 03:28:57,417 - DEBUG - DNS解析重试中 hk.616049.xyz: [Errno -2] Name or service not known
2026-06-27 03:28:58,523 - DEBUG - DNS解析重试中 hk.616049.xyz: [Errno -2] Name or service not known
2026-06-27 03:28:59,538 - DEBUG - DNS解析重试中 hk.616049.xyz: [Errno -2] Name or service not known
2026-06-27 03:29:00,540 - WARNING - [hk.616049.xyz (HKG)] ├─ 无有效DNS记录，触发紧急更新
2026-06-27 03:41:12,316 - ERROR - CFST更新失败: None
2026-06-27 03:41:12,316 - INFO - --------------------------------------------------
2026-06-27 03:41:12,316 - INFO - [us.616049.xyz (LAX)] 开始处理节点维护
2026-06-27 03:41:12,328 - DEBUG - DNS解析重试中 us.616049.xyz: [Errno -2] Name or service not known
2026-06-27 03:41:13,342 - DEBUG - DNS解析重试中 us.616049.xyz: [Errno -2] Name or service not known
2026-06-27 03:41:14,349 - DEBUG - DNS解析重试中 us.616049.xyz: [Errno -2] Name or service not known
2026-06-27 03:41:15,350 - WARNING - [us.616049.xyz (LAX)] ├─ 无有效DNS记录，触发紧急更新
2026-06-27 03:53:27,246 - ERROR - CFST更新失败: None
2026-06-27 03:53:27,246 - INFO - --------------------------------------------------
2026-06-27 03:53:27,247 - INFO - [de.616049.xyz (FRA)] 开始处理节点维护
2026-06-27 03:53:27,260 - DEBUG - DNS解析重试中 de.616049.xyz: [Errno -2] Name or service not known
2026-06-27 03:53:28,274 - DEBUG - DNS解析重试中 de.616049.xyz: [Errno -2] Name or service not known
2026-06-27 03:53:29,309 - DEBUG - DNS解析重试中 de.616049.xyz: [Errno -2] Name or service not known
2026-06-27 03:53:30,310 - WARNING - [de.616049.xyz (FRA)] ├─ 无有效DNS记录，触发紧急更新
2026-06-27 04:05:42,176 - ERROR - CFST更新失败: None
2026-06-27 04:05:42,180 - DEBUG - Starting new HTTPS connection (1): api.telegram.org:443
2026-06-27 04:05:42,658 - DEBUG - https://api.telegram.org:443 "POST /bot/sendMessage HTTP/1.1" 404 55
