2026-06-08 10:48:36,424 - INFO - 启动维护任务 | 协议类型: IPV4
2026-06-08 10:48:36,425 - INFO - --------------------------------------------------
2026-06-08 10:48:36,425 - INFO - [hk.616049.xyz (HKG)] 开始处理节点维护
2026-06-08 10:48:36,435 - DEBUG - DNS解析重试中 hk.616049.xyz: [Errno -2] Name or service not known
2026-06-08 10:48:37,447 - DEBUG - DNS解析重试中 hk.616049.xyz: [Errno -2] Name or service not known
2026-06-08 10:48:38,485 - DEBUG - DNS解析重试中 hk.616049.xyz: [Errno -2] Name or service not known
2026-06-08 10:48:39,487 - WARNING - [hk.616049.xyz (HKG)] ├─ 无有效DNS记录，触发紧急更新
2026-06-08 11:01:13,337 - ERROR - CFST更新失败: None
2026-06-08 11:01:13,337 - INFO - --------------------------------------------------
2026-06-08 11:01:13,337 - INFO - [us.616049.xyz (LAX)] 开始处理节点维护
2026-06-08 11:01:13,346 - DEBUG - DNS解析重试中 us.616049.xyz: [Errno -2] Name or service not known
2026-06-08 11:01:14,359 - DEBUG - DNS解析重试中 us.616049.xyz: [Errno -2] Name or service not known
2026-06-08 11:01:15,374 - DEBUG - DNS解析重试中 us.616049.xyz: [Errno -2] Name or service not known
2026-06-08 11:01:16,376 - WARNING - [us.616049.xyz (LAX)] ├─ 无有效DNS记录，触发紧急更新
2026-06-08 11:13:49,465 - ERROR - CFST更新失败: None
2026-06-08 11:13:49,465 - INFO - --------------------------------------------------
2026-06-08 11:13:49,466 - INFO - [de.616049.xyz (FRA)] 开始处理节点维护
2026-06-08 11:13:49,473 - DEBUG - DNS解析重试中 de.616049.xyz: [Errno -2] Name or service not known
2026-06-08 11:13:50,483 - DEBUG - DNS解析重试中 de.616049.xyz: [Errno -2] Name or service not known
2026-06-08 11:13:51,503 - DEBUG - DNS解析重试中 de.616049.xyz: [Errno -2] Name or service not known
2026-06-08 11:13:52,504 - WARNING - [de.616049.xyz (FRA)] ├─ 无有效DNS记录，触发紧急更新
2026-06-08 11:26:26,289 - ERROR - CFST更新失败: None
2026-06-08 11:26:26,293 - DEBUG - Starting new HTTPS connection (1): api.telegram.org:443
2026-06-08 11:26:26,568 - DEBUG - https://api.telegram.org:443 "POST /bot/sendMessage HTTP/1.1" 404 55
