2026-03-16 12:34:10,905 - INFO - 启动维护任务 | 协议类型: IPV4
2026-03-16 12:34:10,905 - INFO - --------------------------------------------------
2026-03-16 12:34:10,905 - INFO - [hk.616049.xyz (HKG)] 开始处理节点维护
2026-03-16 12:34:10,918 - DEBUG - DNS解析重试中 hk.616049.xyz: [Errno -2] Name or service not known
2026-03-16 12:34:11,926 - DEBUG - DNS解析重试中 hk.616049.xyz: [Errno -2] Name or service not known
2026-03-16 12:34:12,934 - DEBUG - DNS解析重试中 hk.616049.xyz: [Errno -2] Name or service not known
2026-03-16 12:34:13,935 - WARNING - [hk.616049.xyz (HKG)] ├─ 无有效DNS记录，触发紧急更新
2026-03-16 12:47:07,692 - ERROR - CFST更新失败: None
2026-03-16 12:47:07,692 - INFO - --------------------------------------------------
2026-03-16 12:47:07,692 - INFO - [us.616049.xyz (LAX)] 开始处理节点维护
2026-03-16 12:47:07,698 - DEBUG - DNS解析重试中 us.616049.xyz: [Errno -2] Name or service not known
2026-03-16 12:47:08,720 - DEBUG - DNS解析重试中 us.616049.xyz: [Errno -2] Name or service not known
2026-03-16 12:47:09,734 - DEBUG - DNS解析重试中 us.616049.xyz: [Errno -2] Name or service not known
2026-03-16 12:47:10,736 - WARNING - [us.616049.xyz (LAX)] ├─ 无有效DNS记录，触发紧急更新
2026-03-16 13:00:03,741 - ERROR - CFST更新失败: None
2026-03-16 13:00:03,741 - INFO - --------------------------------------------------
2026-03-16 13:00:03,741 - INFO - [de.616049.xyz (FRA)] 开始处理节点维护
2026-03-16 13:00:03,747 - DEBUG - DNS解析重试中 de.616049.xyz: [Errno -2] Name or service not known
2026-03-16 13:00:04,755 - DEBUG - DNS解析重试中 de.616049.xyz: [Errno -2] Name or service not known
2026-03-16 13:00:05,763 - DEBUG - DNS解析重试中 de.616049.xyz: [Errno -2] Name or service not known
2026-03-16 13:00:06,764 - WARNING - [de.616049.xyz (FRA)] ├─ 无有效DNS记录，触发紧急更新
2026-03-16 13:12:59,559 - ERROR - CFST更新失败: None
2026-03-16 13:12:59,562 - DEBUG - Starting new HTTPS connection (1): api.telegram.org:443
2026-03-16 13:13:00,055 - DEBUG - https://api.telegram.org:443 "POST /bot/sendMessage HTTP/1.1" 404 55
