2026-04-30 23:43:36,684 - INFO - 启动维护任务 | 协议类型: IPV4
2026-04-30 23:43:36,684 - INFO - --------------------------------------------------
2026-04-30 23:43:36,684 - INFO - [hk.616049.xyz (HKG)] 开始处理节点维护
2026-04-30 23:43:36,720 - DEBUG - DNS解析重试中 hk.616049.xyz: [Errno -2] Name or service not known
2026-04-30 23:43:37,757 - DEBUG - DNS解析重试中 hk.616049.xyz: [Errno -2] Name or service not known
2026-04-30 23:43:38,780 - DEBUG - DNS解析重试中 hk.616049.xyz: [Errno -2] Name or service not known
2026-04-30 23:43:39,782 - WARNING - [hk.616049.xyz (HKG)] ├─ 无有效DNS记录，触发紧急更新
2026-04-30 23:56:32,427 - ERROR - CFST更新失败: None
2026-04-30 23:56:32,427 - INFO - --------------------------------------------------
2026-04-30 23:56:32,427 - INFO - [us.616049.xyz (LAX)] 开始处理节点维护
2026-04-30 23:56:32,477 - DEBUG - DNS解析重试中 us.616049.xyz: [Errno -2] Name or service not known
2026-04-30 23:56:33,511 - DEBUG - DNS解析重试中 us.616049.xyz: [Errno -2] Name or service not known
2026-04-30 23:56:34,526 - DEBUG - DNS解析重试中 us.616049.xyz: [Errno -2] Name or service not known
2026-04-30 23:56:35,527 - WARNING - [us.616049.xyz (LAX)] ├─ 无有效DNS记录，触发紧急更新
2026-05-01 00:09:28,177 - ERROR - CFST更新失败: None
2026-05-01 00:09:28,178 - INFO - --------------------------------------------------
2026-05-01 00:09:28,178 - INFO - [de.616049.xyz (FRA)] 开始处理节点维护
2026-05-01 00:09:28,203 - DEBUG - DNS解析重试中 de.616049.xyz: [Errno -2] Name or service not known
2026-05-01 00:09:29,229 - DEBUG - DNS解析重试中 de.616049.xyz: [Errno -2] Name or service not known
2026-05-01 00:09:30,254 - DEBUG - DNS解析重试中 de.616049.xyz: [Errno -2] Name or service not known
2026-05-01 00:09:31,255 - WARNING - [de.616049.xyz (FRA)] ├─ 无有效DNS记录，触发紧急更新
2026-05-01 00:22:24,618 - ERROR - CFST更新失败: None
2026-05-01 00:22:24,622 - DEBUG - Starting new HTTPS connection (1): api.telegram.org:443
2026-05-01 00:22:24,952 - DEBUG - https://api.telegram.org:443 "POST /bot/sendMessage HTTP/1.1" 404 55
