2026-05-05 19:12:17,864 - INFO - 启动维护任务 | 协议类型: IPV4
2026-05-05 19:12:17,864 - INFO - --------------------------------------------------
2026-05-05 19:12:17,864 - INFO - [hk.616049.xyz (HKG)] 开始处理节点维护
2026-05-05 19:12:17,935 - DEBUG - DNS解析重试中 hk.616049.xyz: [Errno -2] Name or service not known
2026-05-05 19:12:18,952 - DEBUG - DNS解析重试中 hk.616049.xyz: [Errno -2] Name or service not known
2026-05-05 19:12:19,963 - DEBUG - DNS解析重试中 hk.616049.xyz: [Errno -2] Name or service not known
2026-05-05 19:12:20,964 - WARNING - [hk.616049.xyz (HKG)] ├─ 无有效DNS记录，触发紧急更新
2026-05-05 19:25:15,605 - ERROR - CFST更新失败: None
2026-05-05 19:25:15,605 - INFO - --------------------------------------------------
2026-05-05 19:25:15,605 - INFO - [us.616049.xyz (LAX)] 开始处理节点维护
2026-05-05 19:25:15,733 - DEBUG - DNS解析重试中 us.616049.xyz: [Errno -2] Name or service not known
2026-05-05 19:25:16,808 - DEBUG - DNS解析重试中 us.616049.xyz: [Errno -2] Name or service not known
2026-05-05 19:25:17,878 - DEBUG - DNS解析重试中 us.616049.xyz: [Errno -2] Name or service not known
2026-05-05 19:25:18,879 - WARNING - [us.616049.xyz (LAX)] ├─ 无有效DNS记录，触发紧急更新
2026-05-05 19:38:13,259 - ERROR - CFST更新失败: None
2026-05-05 19:38:13,259 - INFO - --------------------------------------------------
2026-05-05 19:38:13,259 - INFO - [de.616049.xyz (FRA)] 开始处理节点维护
2026-05-05 19:38:13,357 - DEBUG - DNS解析重试中 de.616049.xyz: [Errno -2] Name or service not known
2026-05-05 19:38:14,370 - DEBUG - DNS解析重试中 de.616049.xyz: [Errno -2] Name or service not known
2026-05-05 19:38:15,381 - DEBUG - DNS解析重试中 de.616049.xyz: [Errno -2] Name or service not known
2026-05-05 19:38:16,382 - WARNING - [de.616049.xyz (FRA)] ├─ 无有效DNS记录，触发紧急更新
2026-05-05 19:51:15,971 - ERROR - CFST更新失败: None
2026-05-05 19:51:15,974 - DEBUG - Starting new HTTPS connection (1): api.telegram.org:443
2026-05-05 19:51:16,283 - DEBUG - https://api.telegram.org:443 "POST /bot/sendMessage HTTP/1.1" 404 55
