2026-06-30 05:18:03,141 - INFO - 启动维护任务 | 协议类型: IPV4
2026-06-30 05:18:03,141 - INFO - --------------------------------------------------
2026-06-30 05:18:03,141 - INFO - [hk.616049.xyz (HKG)] 开始处理节点维护
2026-06-30 05:18:03,209 - DEBUG - DNS解析重试中 hk.616049.xyz: [Errno -2] Name or service not known
2026-06-30 05:18:04,250 - DEBUG - DNS解析重试中 hk.616049.xyz: [Errno -2] Name or service not known
2026-06-30 05:18:05,323 - DEBUG - DNS解析重试中 hk.616049.xyz: [Errno -2] Name or service not known
2026-06-30 05:18:06,324 - WARNING - [hk.616049.xyz (HKG)] ├─ 无有效DNS记录，触发紧急更新
2026-06-30 05:29:55,066 - ERROR - CFST更新失败: None
2026-06-30 05:29:55,066 - INFO - --------------------------------------------------
2026-06-30 05:29:55,066 - INFO - [us.616049.xyz (LAX)] 开始处理节点维护
2026-06-30 05:29:55,134 - DEBUG - DNS解析重试中 us.616049.xyz: [Errno -2] Name or service not known
2026-06-30 05:29:56,204 - DEBUG - DNS解析重试中 us.616049.xyz: [Errno -2] Name or service not known
2026-06-30 05:29:57,272 - DEBUG - DNS解析重试中 us.616049.xyz: [Errno -2] Name or service not known
2026-06-30 05:29:58,273 - WARNING - [us.616049.xyz (LAX)] ├─ 无有效DNS记录，触发紧急更新
2026-06-30 05:41:46,919 - ERROR - CFST更新失败: None
2026-06-30 05:41:46,919 - INFO - --------------------------------------------------
2026-06-30 05:41:46,919 - INFO - [de.616049.xyz (FRA)] 开始处理节点维护
2026-06-30 05:41:46,951 - DEBUG - DNS解析重试中 de.616049.xyz: [Errno -2] Name or service not known
2026-06-30 05:41:47,975 - DEBUG - DNS解析重试中 de.616049.xyz: [Errno -2] Name or service not known
2026-06-30 05:41:49,023 - DEBUG - DNS解析重试中 de.616049.xyz: [Errno -2] Name or service not known
2026-06-30 05:41:50,025 - WARNING - [de.616049.xyz (FRA)] ├─ 无有效DNS记录，触发紧急更新
2026-06-30 05:53:38,038 - ERROR - CFST更新失败: None
2026-06-30 05:53:38,041 - DEBUG - Starting new HTTPS connection (1): api.telegram.org:443
2026-06-30 05:53:38,475 - DEBUG - https://api.telegram.org:443 "POST /bot/sendMessage HTTP/1.1" 404 55
