2026-05-10 06:34:45,328 - INFO - 启动维护任务 | 协议类型: IPV4
2026-05-10 06:34:45,328 - INFO - --------------------------------------------------
2026-05-10 06:34:45,328 - INFO - [hk.616049.xyz (HKG)] 开始处理节点维护
2026-05-10 06:34:45,353 - DEBUG - DNS解析重试中 hk.616049.xyz: [Errno -2] Name or service not known
2026-05-10 06:34:46,385 - DEBUG - DNS解析重试中 hk.616049.xyz: [Errno -2] Name or service not known
2026-05-10 06:34:47,416 - DEBUG - DNS解析重试中 hk.616049.xyz: [Errno -2] Name or service not known
2026-05-10 06:34:48,418 - WARNING - [hk.616049.xyz (HKG)] ├─ 无有效DNS记录，触发紧急更新
2026-05-10 06:47:24,239 - ERROR - CFST更新失败: None
2026-05-10 06:47:24,239 - INFO - --------------------------------------------------
2026-05-10 06:47:24,239 - INFO - [us.616049.xyz (LAX)] 开始处理节点维护
2026-05-10 06:47:24,268 - DEBUG - DNS解析重试中 us.616049.xyz: [Errno -2] Name or service not known
2026-05-10 06:47:25,292 - DEBUG - DNS解析重试中 us.616049.xyz: [Errno -2] Name or service not known
2026-05-10 06:47:26,321 - DEBUG - DNS解析重试中 us.616049.xyz: [Errno -2] Name or service not known
2026-05-10 06:47:27,323 - WARNING - [us.616049.xyz (LAX)] ├─ 无有效DNS记录，触发紧急更新
2026-05-10 07:00:02,508 - ERROR - CFST更新失败: None
2026-05-10 07:00:02,508 - INFO - --------------------------------------------------
2026-05-10 07:00:02,508 - INFO - [de.616049.xyz (FRA)] 开始处理节点维护
2026-05-10 07:00:02,531 - DEBUG - DNS解析重试中 de.616049.xyz: [Errno -2] Name or service not known
2026-05-10 07:00:03,554 - DEBUG - DNS解析重试中 de.616049.xyz: [Errno -2] Name or service not known
2026-05-10 07:00:04,581 - DEBUG - DNS解析重试中 de.616049.xyz: [Errno -2] Name or service not known
2026-05-10 07:00:05,582 - WARNING - [de.616049.xyz (FRA)] ├─ 无有效DNS记录，触发紧急更新
2026-05-10 07:12:41,699 - ERROR - CFST更新失败: None
2026-05-10 07:12:41,702 - DEBUG - Starting new HTTPS connection (1): api.telegram.org:443
2026-05-10 07:12:42,024 - DEBUG - https://api.telegram.org:443 "POST /bot/sendMessage HTTP/1.1" 404 55
