2026-06-13 00:39:29,550 - INFO - 启动维护任务 | 协议类型: IPV4
2026-06-13 00:39:29,550 - INFO - --------------------------------------------------
2026-06-13 00:39:29,550 - INFO - [hk.616049.xyz (HKG)] 开始处理节点维护
2026-06-13 00:39:29,579 - DEBUG - DNS解析重试中 hk.616049.xyz: [Errno -2] Name or service not known
2026-06-13 00:39:30,583 - DEBUG - DNS解析重试中 hk.616049.xyz: [Errno -2] Name or service not known
2026-06-13 00:39:31,621 - DEBUG - DNS解析重试中 hk.616049.xyz: [Errno -2] Name or service not known
2026-06-13 00:39:32,622 - WARNING - [hk.616049.xyz (HKG)] ├─ 无有效DNS记录，触发紧急更新
2026-06-13 00:52:08,770 - ERROR - CFST更新失败: None
2026-06-13 00:52:08,770 - INFO - --------------------------------------------------
2026-06-13 00:52:08,770 - INFO - [us.616049.xyz (LAX)] 开始处理节点维护
2026-06-13 00:52:08,811 - DEBUG - DNS解析重试中 us.616049.xyz: [Errno -2] Name or service not known
2026-06-13 00:52:09,841 - DEBUG - DNS解析重试中 us.616049.xyz: [Errno -2] Name or service not known
2026-06-13 00:52:10,872 - DEBUG - DNS解析重试中 us.616049.xyz: [Errno -2] Name or service not known
2026-06-13 00:52:11,874 - WARNING - [us.616049.xyz (LAX)] ├─ 无有效DNS记录，触发紧急更新
2026-06-13 01:04:48,047 - ERROR - CFST更新失败: None
2026-06-13 01:04:48,047 - INFO - --------------------------------------------------
2026-06-13 01:04:48,047 - INFO - [de.616049.xyz (FRA)] 开始处理节点维护
2026-06-13 01:04:48,077 - DEBUG - DNS解析重试中 de.616049.xyz: [Errno -2] Name or service not known
2026-06-13 01:04:49,108 - DEBUG - DNS解析重试中 de.616049.xyz: [Errno -2] Name or service not known
2026-06-13 01:04:50,139 - DEBUG - DNS解析重试中 de.616049.xyz: [Errno -2] Name or service not known
2026-06-13 01:04:51,140 - WARNING - [de.616049.xyz (FRA)] ├─ 无有效DNS记录，触发紧急更新
2026-06-13 01:17:29,155 - ERROR - CFST更新失败: None
2026-06-13 01:17:29,159 - DEBUG - Starting new HTTPS connection (1): api.telegram.org:443
2026-06-13 01:17:29,591 - DEBUG - https://api.telegram.org:443 "POST /bot/sendMessage HTTP/1.1" 404 55
