2026-05-05 14:10:12,479 - INFO - 启动维护任务 | 协议类型: IPV4
2026-05-05 14:10:12,479 - INFO - --------------------------------------------------
2026-05-05 14:10:12,479 - INFO - [hk.616049.xyz (HKG)] 开始处理节点维护
2026-05-05 14:10:12,503 - DEBUG - DNS解析重试中 hk.616049.xyz: [Errno -2] Name or service not known
2026-05-05 14:10:13,528 - DEBUG - DNS解析重试中 hk.616049.xyz: [Errno -2] Name or service not known
2026-05-05 14:10:14,552 - DEBUG - DNS解析重试中 hk.616049.xyz: [Errno -2] Name or service not known
2026-05-05 14:10:15,553 - WARNING - [hk.616049.xyz (HKG)] ├─ 无有效DNS记录，触发紧急更新
2026-05-05 14:23:07,111 - ERROR - CFST更新失败: None
2026-05-05 14:23:07,111 - INFO - --------------------------------------------------
2026-05-05 14:23:07,111 - INFO - [us.616049.xyz (LAX)] 开始处理节点维护
2026-05-05 14:23:07,139 - DEBUG - DNS解析重试中 us.616049.xyz: [Errno -2] Name or service not known
2026-05-05 14:23:08,176 - DEBUG - DNS解析重试中 us.616049.xyz: [Errno -2] Name or service not known
2026-05-05 14:23:09,202 - DEBUG - DNS解析重试中 us.616049.xyz: [Errno -2] Name or service not known
2026-05-05 14:23:10,203 - WARNING - [us.616049.xyz (LAX)] ├─ 无有效DNS记录，触发紧急更新
2026-05-05 14:36:01,748 - ERROR - CFST更新失败: None
2026-05-05 14:36:01,748 - INFO - --------------------------------------------------
2026-05-05 14:36:01,748 - INFO - [de.616049.xyz (FRA)] 开始处理节点维护
2026-05-05 14:36:01,771 - DEBUG - DNS解析重试中 de.616049.xyz: [Errno -2] Name or service not known
2026-05-05 14:36:02,793 - DEBUG - DNS解析重试中 de.616049.xyz: [Errno -2] Name or service not known
2026-05-05 14:36:03,815 - DEBUG - DNS解析重试中 de.616049.xyz: [Errno -2] Name or service not known
2026-05-05 14:36:04,816 - WARNING - [de.616049.xyz (FRA)] ├─ 无有效DNS记录，触发紧急更新
2026-05-05 14:48:56,231 - ERROR - CFST更新失败: None
2026-05-05 14:48:56,234 - DEBUG - Starting new HTTPS connection (1): api.telegram.org:443
2026-05-05 14:48:56,564 - DEBUG - https://api.telegram.org:443 "POST /bot/sendMessage HTTP/1.1" 404 55
