2026-04-08 23:02:40,034 - INFO - 启动维护任务 | 协议类型: IPV4
2026-04-08 23:02:40,035 - INFO - --------------------------------------------------
2026-04-08 23:02:40,035 - INFO - [hk.616049.xyz (HKG)] 开始处理节点维护
2026-04-08 23:02:40,065 - DEBUG - DNS解析重试中 hk.616049.xyz: [Errno -2] Name or service not known
2026-04-08 23:02:41,090 - DEBUG - DNS解析重试中 hk.616049.xyz: [Errno -2] Name or service not known
2026-04-08 23:02:42,112 - DEBUG - DNS解析重试中 hk.616049.xyz: [Errno -2] Name or service not known
2026-04-08 23:02:43,113 - WARNING - [hk.616049.xyz (HKG)] ├─ 无有效DNS记录，触发紧急更新
2026-04-08 23:15:43,332 - ERROR - CFST更新失败: None
2026-04-08 23:15:43,333 - INFO - --------------------------------------------------
2026-04-08 23:15:43,333 - INFO - [us.616049.xyz (LAX)] 开始处理节点维护
2026-04-08 23:15:43,355 - DEBUG - DNS解析重试中 us.616049.xyz: [Errno -2] Name or service not known
2026-04-08 23:15:44,388 - DEBUG - DNS解析重试中 us.616049.xyz: [Errno -2] Name or service not known
2026-04-08 23:15:45,481 - DEBUG - DNS解析重试中 us.616049.xyz: [Errno -2] Name or service not known
2026-04-08 23:15:46,483 - WARNING - [us.616049.xyz (LAX)] ├─ 无有效DNS记录，触发紧急更新
2026-04-08 23:28:49,886 - ERROR - CFST更新失败: None
2026-04-08 23:28:49,886 - INFO - --------------------------------------------------
2026-04-08 23:28:49,886 - INFO - [de.616049.xyz (FRA)] 开始处理节点维护
2026-04-08 23:28:49,914 - DEBUG - DNS解析重试中 de.616049.xyz: [Errno -2] Name or service not known
2026-04-08 23:28:50,937 - DEBUG - DNS解析重试中 de.616049.xyz: [Errno -2] Name or service not known
2026-04-08 23:28:51,959 - DEBUG - DNS解析重试中 de.616049.xyz: [Errno -2] Name or service not known
2026-04-08 23:28:52,960 - WARNING - [de.616049.xyz (FRA)] ├─ 无有效DNS记录，触发紧急更新
2026-04-08 23:41:50,341 - ERROR - CFST更新失败: None
2026-04-08 23:41:50,345 - DEBUG - Starting new HTTPS connection (1): api.telegram.org:443
2026-04-08 23:41:50,796 - DEBUG - https://api.telegram.org:443 "POST /bot/sendMessage HTTP/1.1" 404 55
