2026-04-24 06:36:16,755 - INFO - 启动维护任务 | 协议类型: IPV4
2026-04-24 06:36:16,755 - INFO - --------------------------------------------------
2026-04-24 06:36:16,755 - INFO - [hk.616049.xyz (HKG)] 开始处理节点维护
2026-04-24 06:36:16,761 - DEBUG - DNS解析重试中 hk.616049.xyz: [Errno -2] Name or service not known
2026-04-24 06:36:17,770 - DEBUG - DNS解析重试中 hk.616049.xyz: [Errno -2] Name or service not known
2026-04-24 06:36:18,803 - DEBUG - DNS解析重试中 hk.616049.xyz: [Errno -2] Name or service not known
2026-04-24 06:36:19,805 - WARNING - [hk.616049.xyz (HKG)] ├─ 无有效DNS记录，触发紧急更新
2026-04-24 06:48:55,015 - ERROR - CFST更新失败: None
2026-04-24 06:48:55,015 - INFO - --------------------------------------------------
2026-04-24 06:48:55,016 - INFO - [us.616049.xyz (LAX)] 开始处理节点维护
2026-04-24 06:48:55,024 - DEBUG - DNS解析重试中 us.616049.xyz: [Errno -2] Name or service not known
2026-04-24 06:48:56,033 - DEBUG - DNS解析重试中 us.616049.xyz: [Errno -2] Name or service not known
2026-04-24 06:48:57,041 - DEBUG - DNS解析重试中 us.616049.xyz: [Errno -2] Name or service not known
2026-04-24 06:48:58,042 - WARNING - [us.616049.xyz (LAX)] ├─ 无有效DNS记录，触发紧急更新
2026-04-24 07:01:33,659 - ERROR - CFST更新失败: None
2026-04-24 07:01:33,659 - INFO - --------------------------------------------------
2026-04-24 07:01:33,659 - INFO - [de.616049.xyz (FRA)] 开始处理节点维护
2026-04-24 07:01:33,682 - DEBUG - DNS解析重试中 de.616049.xyz: [Errno -2] Name or service not known
2026-04-24 07:01:34,703 - DEBUG - DNS解析重试中 de.616049.xyz: [Errno -2] Name or service not known
2026-04-24 07:01:35,712 - DEBUG - DNS解析重试中 de.616049.xyz: [Errno -2] Name or service not known
2026-04-24 07:01:36,714 - WARNING - [de.616049.xyz (FRA)] ├─ 无有效DNS记录，触发紧急更新
2026-04-24 07:14:12,107 - ERROR - CFST更新失败: None
2026-04-24 07:14:12,110 - DEBUG - Starting new HTTPS connection (1): api.telegram.org:443
2026-04-24 07:14:12,577 - DEBUG - https://api.telegram.org:443 "POST /bot/sendMessage HTTP/1.1" 404 55
