2026-03-28 09:22:55,063 - INFO - 启动维护任务 | 协议类型: IPV4
2026-03-28 09:22:55,063 - INFO - --------------------------------------------------
2026-03-28 09:22:55,063 - INFO - [hk.616049.xyz (HKG)] 开始处理节点维护
2026-03-28 09:22:55,092 - DEBUG - DNS解析重试中 hk.616049.xyz: [Errno -2] Name or service not known
2026-03-28 09:22:56,123 - DEBUG - DNS解析重试中 hk.616049.xyz: [Errno -2] Name or service not known
2026-03-28 09:22:57,156 - DEBUG - DNS解析重试中 hk.616049.xyz: [Errno -2] Name or service not known
2026-03-28 09:22:58,157 - WARNING - [hk.616049.xyz (HKG)] ├─ 无有效DNS记录，触发紧急更新
2026-03-28 09:35:53,704 - ERROR - CFST更新失败: None
2026-03-28 09:35:53,704 - INFO - --------------------------------------------------
2026-03-28 09:35:53,704 - INFO - [us.616049.xyz (LAX)] 开始处理节点维护
2026-03-28 09:35:53,735 - DEBUG - DNS解析重试中 us.616049.xyz: [Errno -2] Name or service not known
2026-03-28 09:35:54,776 - DEBUG - DNS解析重试中 us.616049.xyz: [Errno -2] Name or service not known
2026-03-28 09:35:55,819 - DEBUG - DNS解析重试中 us.616049.xyz: [Errno -2] Name or service not known
2026-03-28 09:35:56,820 - WARNING - [us.616049.xyz (LAX)] ├─ 无有效DNS记录，触发紧急更新
2026-03-28 09:48:52,065 - ERROR - CFST更新失败: None
2026-03-28 09:48:52,066 - INFO - --------------------------------------------------
2026-03-28 09:48:52,066 - INFO - [de.616049.xyz (FRA)] 开始处理节点维护
2026-03-28 09:48:52,100 - DEBUG - DNS解析重试中 de.616049.xyz: [Errno -2] Name or service not known
2026-03-28 09:48:53,131 - DEBUG - DNS解析重试中 de.616049.xyz: [Errno -2] Name or service not known
2026-03-28 09:48:54,136 - DEBUG - DNS解析重试中 de.616049.xyz: [Errno -2] Name or service not known
2026-03-28 09:48:55,138 - WARNING - [de.616049.xyz (FRA)] ├─ 无有效DNS记录，触发紧急更新
2026-03-28 10:01:50,241 - ERROR - CFST更新失败: None
2026-03-28 10:01:50,244 - DEBUG - Starting new HTTPS connection (1): api.telegram.org:443
2026-03-28 10:01:50,644 - DEBUG - https://api.telegram.org:443 "POST /bot/sendMessage HTTP/1.1" 404 55
