2026-03-05 09:20:39,361 - INFO - 启动维护任务 | 协议类型: IPV4
2026-03-05 09:20:39,361 - INFO - --------------------------------------------------
2026-03-05 09:20:39,361 - INFO - [hk.616049.xyz (HKG)] 开始处理节点维护
2026-03-05 09:20:39,382 - DEBUG - DNS解析重试中 hk.616049.xyz: [Errno -2] Name or service not known
2026-03-05 09:20:40,448 - DEBUG - DNS解析重试中 hk.616049.xyz: [Errno -2] Name or service not known
2026-03-05 09:20:41,481 - DEBUG - DNS解析重试中 hk.616049.xyz: [Errno -2] Name or service not known
2026-03-05 09:20:42,482 - WARNING - [hk.616049.xyz (HKG)] ├─ 无有效DNS记录，触发紧急更新
2026-03-05 09:33:36,682 - ERROR - CFST更新失败: None
2026-03-05 09:33:36,682 - INFO - --------------------------------------------------
2026-03-05 09:33:36,682 - INFO - [us.616049.xyz (LAX)] 开始处理节点维护
2026-03-05 09:33:36,696 - DEBUG - DNS解析重试中 us.616049.xyz: [Errno -2] Name or service not known
2026-03-05 09:33:37,705 - DEBUG - DNS解析重试中 us.616049.xyz: [Errno -2] Name or service not known
2026-03-05 09:33:38,713 - DEBUG - DNS解析重试中 us.616049.xyz: [Errno -2] Name or service not known
2026-03-05 09:33:39,714 - WARNING - [us.616049.xyz (LAX)] ├─ 无有效DNS记录，触发紧急更新
2026-03-05 09:46:33,029 - ERROR - CFST更新失败: None
2026-03-05 09:46:33,029 - INFO - --------------------------------------------------
2026-03-05 09:46:33,029 - INFO - [de.616049.xyz (FRA)] 开始处理节点维护
2026-03-05 09:46:33,037 - DEBUG - DNS解析重试中 de.616049.xyz: [Errno -2] Name or service not known
2026-03-05 09:46:34,045 - DEBUG - DNS解析重试中 de.616049.xyz: [Errno -2] Name or service not known
2026-03-05 09:46:35,053 - DEBUG - DNS解析重试中 de.616049.xyz: [Errno -2] Name or service not known
2026-03-05 09:46:36,055 - WARNING - [de.616049.xyz (FRA)] ├─ 无有效DNS记录，触发紧急更新
2026-03-05 09:59:29,087 - ERROR - CFST更新失败: None
2026-03-05 09:59:29,091 - DEBUG - Starting new HTTPS connection (1): api.telegram.org:443
2026-03-05 09:59:29,583 - DEBUG - https://api.telegram.org:443 "POST /bot/sendMessage HTTP/1.1" 404 55
