2026-02-16 22:37:13,191 - INFO - 启动维护任务 | 协议类型: IPV4
2026-02-16 22:37:13,191 - INFO - --------------------------------------------------
2026-02-16 22:37:13,192 - INFO - [hk.616049.xyz (HKG)] 开始处理节点维护
2026-02-16 22:37:13,214 - DEBUG - DNS解析重试中 hk.616049.xyz: [Errno -2] Name or service not known
2026-02-16 22:37:14,235 - DEBUG - DNS解析重试中 hk.616049.xyz: [Errno -2] Name or service not known
2026-02-16 22:37:15,255 - DEBUG - DNS解析重试中 hk.616049.xyz: [Errno -2] Name or service not known
2026-02-16 22:37:16,256 - WARNING - [hk.616049.xyz (HKG)] ├─ 无有效DNS记录，触发紧急更新
2026-02-16 22:50:10,125 - ERROR - CFST更新失败: None
2026-02-16 22:50:10,125 - INFO - --------------------------------------------------
2026-02-16 22:50:10,126 - INFO - [us.616049.xyz (LAX)] 开始处理节点维护
2026-02-16 22:50:10,139 - DEBUG - DNS解析重试中 us.616049.xyz: [Errno -2] Name or service not known
2026-02-16 22:50:11,159 - DEBUG - DNS解析重试中 us.616049.xyz: [Errno -2] Name or service not known
2026-02-16 22:50:12,174 - DEBUG - DNS解析重试中 us.616049.xyz: [Errno -2] Name or service not known
2026-02-16 22:50:13,176 - WARNING - [us.616049.xyz (LAX)] ├─ 无有效DNS记录，触发紧急更新
2026-02-16 23:03:06,949 - ERROR - CFST更新失败: None
2026-02-16 23:03:06,949 - INFO - --------------------------------------------------
2026-02-16 23:03:06,949 - INFO - [de.616049.xyz (FRA)] 开始处理节点维护
2026-02-16 23:03:06,963 - DEBUG - DNS解析重试中 de.616049.xyz: [Errno -2] Name or service not known
2026-02-16 23:03:07,979 - DEBUG - DNS解析重试中 de.616049.xyz: [Errno -2] Name or service not known
2026-02-16 23:03:08,995 - DEBUG - DNS解析重试中 de.616049.xyz: [Errno -2] Name or service not known
2026-02-16 23:03:09,996 - WARNING - [de.616049.xyz (FRA)] ├─ 无有效DNS记录，触发紧急更新
2026-02-16 23:16:03,440 - ERROR - CFST更新失败: None
2026-02-16 23:16:03,444 - DEBUG - Starting new HTTPS connection (1): api.telegram.org:443
2026-02-16 23:16:03,938 - DEBUG - https://api.telegram.org:443 "POST /bot/sendMessage HTTP/1.1" 404 55
