2026-03-15 09:43:42,262 - INFO - 启动维护任务 | 协议类型: IPV4
2026-03-15 09:43:42,262 - INFO - --------------------------------------------------
2026-03-15 09:43:42,262 - INFO - [hk.616049.xyz (HKG)] 开始处理节点维护
2026-03-15 09:43:42,269 - DEBUG - DNS解析重试中 hk.616049.xyz: [Errno -2] Name or service not known
2026-03-15 09:43:43,278 - DEBUG - DNS解析重试中 hk.616049.xyz: [Errno -2] Name or service not known
2026-03-15 09:43:44,286 - DEBUG - DNS解析重试中 hk.616049.xyz: [Errno -2] Name or service not known
2026-03-15 09:43:45,288 - WARNING - [hk.616049.xyz (HKG)] ├─ 无有效DNS记录，触发紧急更新
2026-03-15 09:56:38,919 - ERROR - CFST更新失败: None
2026-03-15 09:56:38,920 - INFO - --------------------------------------------------
2026-03-15 09:56:38,920 - INFO - [us.616049.xyz (LAX)] 开始处理节点维护
2026-03-15 09:56:38,927 - DEBUG - DNS解析重试中 us.616049.xyz: [Errno -2] Name or service not known
2026-03-15 09:56:39,950 - DEBUG - DNS解析重试中 us.616049.xyz: [Errno -2] Name or service not known
2026-03-15 09:56:40,959 - DEBUG - DNS解析重试中 us.616049.xyz: [Errno -2] Name or service not known
2026-03-15 09:56:41,960 - WARNING - [us.616049.xyz (LAX)] ├─ 无有效DNS记录，触发紧急更新
2026-03-15 10:09:35,134 - ERROR - CFST更新失败: None
2026-03-15 10:09:35,134 - INFO - --------------------------------------------------
2026-03-15 10:09:35,134 - INFO - [de.616049.xyz (FRA)] 开始处理节点维护
2026-03-15 10:09:35,141 - DEBUG - DNS解析重试中 de.616049.xyz: [Errno -2] Name or service not known
2026-03-15 10:09:36,149 - DEBUG - DNS解析重试中 de.616049.xyz: [Errno -2] Name or service not known
2026-03-15 10:09:37,157 - DEBUG - DNS解析重试中 de.616049.xyz: [Errno -2] Name or service not known
2026-03-15 10:09:38,158 - WARNING - [de.616049.xyz (FRA)] ├─ 无有效DNS记录，触发紧急更新
2026-03-15 10:22:31,030 - ERROR - CFST更新失败: None
2026-03-15 10:22:31,034 - DEBUG - Starting new HTTPS connection (1): api.telegram.org:443
2026-03-15 10:22:31,526 - DEBUG - https://api.telegram.org:443 "POST /bot/sendMessage HTTP/1.1" 404 55
