2026-06-24 03:51:13,782 - INFO - 启动维护任务 | 协议类型: IPV4
2026-06-24 03:51:13,782 - INFO - --------------------------------------------------
2026-06-24 03:51:13,782 - INFO - [hk.616049.xyz (HKG)] 开始处理节点维护
2026-06-24 03:51:13,825 - DEBUG - DNS解析重试中 hk.616049.xyz: [Errno -2] Name or service not known
2026-06-24 03:51:14,881 - DEBUG - DNS解析重试中 hk.616049.xyz: [Errno -2] Name or service not known
2026-06-24 03:51:15,923 - DEBUG - DNS解析重试中 hk.616049.xyz: [Errno -2] Name or service not known
2026-06-24 03:51:16,924 - WARNING - [hk.616049.xyz (HKG)] ├─ 无有效DNS记录，触发紧急更新
2026-06-24 04:04:05,212 - ERROR - CFST更新失败: None
2026-06-24 04:04:05,212 - INFO - --------------------------------------------------
2026-06-24 04:04:05,212 - INFO - [us.616049.xyz (LAX)] 开始处理节点维护
2026-06-24 04:04:05,249 - DEBUG - DNS解析重试中 us.616049.xyz: [Errno -2] Name or service not known
2026-06-24 04:04:06,280 - DEBUG - DNS解析重试中 us.616049.xyz: [Errno -2] Name or service not known
2026-06-24 04:04:07,316 - DEBUG - DNS解析重试中 us.616049.xyz: [Errno -2] Name or service not known
2026-06-24 04:04:08,317 - WARNING - [us.616049.xyz (LAX)] ├─ 无有效DNS记录，触发紧急更新
2026-06-24 04:16:55,692 - ERROR - CFST更新失败: None
2026-06-24 04:16:55,692 - INFO - --------------------------------------------------
2026-06-24 04:16:55,692 - INFO - [de.616049.xyz (FRA)] 开始处理节点维护
2026-06-24 04:16:55,736 - DEBUG - DNS解析重试中 de.616049.xyz: [Errno -2] Name or service not known
2026-06-24 04:16:56,785 - DEBUG - DNS解析重试中 de.616049.xyz: [Errno -2] Name or service not known
2026-06-24 04:16:57,820 - DEBUG - DNS解析重试中 de.616049.xyz: [Errno -2] Name or service not known
2026-06-24 04:16:58,821 - WARNING - [de.616049.xyz (FRA)] ├─ 无有效DNS记录，触发紧急更新
2026-06-24 04:29:46,005 - ERROR - CFST更新失败: None
2026-06-24 04:29:46,009 - DEBUG - Starting new HTTPS connection (1): api.telegram.org:443
2026-06-24 04:29:46,437 - DEBUG - https://api.telegram.org:443 "POST /bot/sendMessage HTTP/1.1" 404 55
