2026-07-04 14:40:13,173 - INFO - 启动维护任务 | 协议类型: IPV4
2026-07-04 14:40:13,173 - INFO - --------------------------------------------------
2026-07-04 14:40:13,173 - INFO - [hk.616049.xyz (HKG)] 开始处理节点维护
2026-07-04 14:40:13,199 - DEBUG - DNS解析重试中 hk.616049.xyz: [Errno -5] No address associated with hostname
2026-07-04 14:40:14,226 - DEBUG - DNS解析重试中 hk.616049.xyz: [Errno -5] No address associated with hostname
2026-07-04 14:40:15,251 - DEBUG - DNS解析重试中 hk.616049.xyz: [Errno -5] No address associated with hostname
2026-07-04 14:40:16,252 - WARNING - [hk.616049.xyz (HKG)] ├─ 无有效DNS记录，触发紧急更新
2026-07-04 14:52:51,206 - ERROR - CFST更新失败: None
2026-07-04 14:52:51,206 - INFO - --------------------------------------------------
2026-07-04 14:52:51,206 - INFO - [us.616049.xyz (LAX)] 开始处理节点维护
2026-07-04 14:52:51,238 - DEBUG - DNS解析重试中 us.616049.xyz: [Errno -5] No address associated with hostname
2026-07-04 14:52:52,262 - DEBUG - DNS解析重试中 us.616049.xyz: [Errno -5] No address associated with hostname
2026-07-04 14:52:53,283 - DEBUG - DNS解析重试中 us.616049.xyz: [Errno -5] No address associated with hostname
2026-07-04 14:52:54,285 - WARNING - [us.616049.xyz (LAX)] ├─ 无有效DNS记录，触发紧急更新
2026-07-04 15:05:33,793 - ERROR - CFST更新失败: None
2026-07-04 15:05:33,793 - INFO - --------------------------------------------------
2026-07-04 15:05:33,793 - INFO - [de.616049.xyz (FRA)] 开始处理节点维护
2026-07-04 15:05:33,844 - DEBUG - DNS解析重试中 de.616049.xyz: [Errno -5] No address associated with hostname
2026-07-04 15:05:35,128 - DEBUG - DNS解析重试中 de.616049.xyz: [Errno -5] No address associated with hostname
2026-07-04 15:05:36,160 - DEBUG - DNS解析重试中 de.616049.xyz: [Errno -5] No address associated with hostname
2026-07-04 15:05:37,161 - WARNING - [de.616049.xyz (FRA)] ├─ 无有效DNS记录，触发紧急更新
2026-07-04 15:18:12,067 - ERROR - CFST更新失败: None
2026-07-04 15:18:12,072 - DEBUG - Starting new HTTPS connection (1): api.telegram.org:443
2026-07-04 15:18:12,371 - DEBUG - https://api.telegram.org:443 "POST /bot/sendMessage HTTP/1.1" 404 55
