2026-01-19 12:45:21,700 - INFO - 启动维护任务 | 协议类型: IPV4
2026-01-19 12:45:21,701 - INFO - --------------------------------------------------
2026-01-19 12:45:21,701 - INFO - [hk.616049.xyz (HKG)] 开始处理节点维护
2026-01-19 12:45:21,765 - DEBUG - DNS解析重试中 hk.616049.xyz: [Errno -2] Name or service not known
2026-01-19 12:45:22,797 - DEBUG - DNS解析重试中 hk.616049.xyz: [Errno -2] Name or service not known
2026-01-19 12:45:23,834 - DEBUG - DNS解析重试中 hk.616049.xyz: [Errno -2] Name or service not known
2026-01-19 12:45:24,836 - WARNING - [hk.616049.xyz (HKG)] ├─ 无有效DNS记录，触发紧急更新
2026-01-19 12:58:21,179 - ERROR - CFST更新失败: None
2026-01-19 12:58:21,179 - INFO - --------------------------------------------------
2026-01-19 12:58:21,179 - INFO - [us.616049.xyz (LAX)] 开始处理节点维护
2026-01-19 12:58:21,207 - DEBUG - DNS解析重试中 us.616049.xyz: [Errno -2] Name or service not known
2026-01-19 12:58:22,238 - DEBUG - DNS解析重试中 us.616049.xyz: [Errno -2] Name or service not known
2026-01-19 12:58:23,266 - DEBUG - DNS解析重试中 us.616049.xyz: [Errno -2] Name or service not known
2026-01-19 12:58:24,268 - WARNING - [us.616049.xyz (LAX)] ├─ 无有效DNS记录，触发紧急更新
2026-01-19 13:11:20,279 - ERROR - CFST更新失败: None
2026-01-19 13:11:20,279 - INFO - --------------------------------------------------
2026-01-19 13:11:20,279 - INFO - [de.616049.xyz (FRA)] 开始处理节点维护
2026-01-19 13:11:20,308 - DEBUG - DNS解析重试中 de.616049.xyz: [Errno -2] Name or service not known
2026-01-19 13:11:21,341 - DEBUG - DNS解析重试中 de.616049.xyz: [Errno -2] Name or service not known
2026-01-19 13:11:22,379 - DEBUG - DNS解析重试中 de.616049.xyz: [Errno -2] Name or service not known
2026-01-19 13:11:23,380 - WARNING - [de.616049.xyz (FRA)] ├─ 无有效DNS记录，触发紧急更新
2026-01-19 13:24:24,895 - ERROR - CFST更新失败: None
2026-01-19 13:24:24,899 - DEBUG - Starting new HTTPS connection (1): api.telegram.org:443
2026-01-19 13:24:25,350 - DEBUG - https://api.telegram.org:443 "POST /bot/sendMessage HTTP/1.1" 404 55
