2026-05-15 05:03:08,172 - INFO - 启动维护任务 | 协议类型: IPV4
2026-05-15 05:03:08,173 - INFO - --------------------------------------------------
2026-05-15 05:03:08,173 - INFO - [hk.616049.xyz (HKG)] 开始处理节点维护
2026-05-15 05:03:08,195 - DEBUG - DNS解析重试中 hk.616049.xyz: [Errno -2] Name or service not known
2026-05-15 05:03:09,218 - DEBUG - DNS解析重试中 hk.616049.xyz: [Errno -2] Name or service not known
2026-05-15 05:03:10,239 - DEBUG - DNS解析重试中 hk.616049.xyz: [Errno -2] Name or service not known
2026-05-15 05:03:11,240 - WARNING - [hk.616049.xyz (HKG)] ├─ 无有效DNS记录，触发紧急更新
2026-05-15 05:16:04,091 - ERROR - CFST更新失败: None
2026-05-15 05:16:04,091 - INFO - --------------------------------------------------
2026-05-15 05:16:04,091 - INFO - [us.616049.xyz (LAX)] 开始处理节点维护
2026-05-15 05:16:04,119 - DEBUG - DNS解析重试中 us.616049.xyz: [Errno -2] Name or service not known
2026-05-15 05:16:05,156 - DEBUG - DNS解析重试中 us.616049.xyz: [Errno -2] Name or service not known
2026-05-15 05:16:06,180 - DEBUG - DNS解析重试中 us.616049.xyz: [Errno -2] Name or service not known
2026-05-15 05:16:07,181 - WARNING - [us.616049.xyz (LAX)] ├─ 无有效DNS记录，触发紧急更新
2026-05-15 05:28:59,420 - ERROR - CFST更新失败: None
2026-05-15 05:28:59,420 - INFO - --------------------------------------------------
2026-05-15 05:28:59,420 - INFO - [de.616049.xyz (FRA)] 开始处理节点维护
2026-05-15 05:28:59,464 - DEBUG - DNS解析重试中 de.616049.xyz: [Errno -2] Name or service not known
2026-05-15 05:29:00,496 - DEBUG - DNS解析重试中 de.616049.xyz: [Errno -2] Name or service not known
2026-05-15 05:29:01,520 - DEBUG - DNS解析重试中 de.616049.xyz: [Errno -2] Name or service not known
2026-05-15 05:29:02,521 - WARNING - [de.616049.xyz (FRA)] ├─ 无有效DNS记录，触发紧急更新
2026-05-15 05:41:54,649 - ERROR - CFST更新失败: None
2026-05-15 05:41:54,652 - DEBUG - Starting new HTTPS connection (1): api.telegram.org:443
2026-05-15 05:41:55,000 - DEBUG - https://api.telegram.org:443 "POST /bot/sendMessage HTTP/1.1" 404 55
