2026-02-05 00:37:23,478 - INFO - 启动维护任务 | 协议类型: IPV4
2026-02-05 00:37:23,478 - INFO - --------------------------------------------------
2026-02-05 00:37:23,478 - INFO - [hk.616049.xyz (HKG)] 开始处理节点维护
2026-02-05 00:37:23,492 - DEBUG - DNS解析重试中 hk.616049.xyz: [Errno -2] Name or service not known
2026-02-05 00:37:24,522 - DEBUG - DNS解析重试中 hk.616049.xyz: [Errno -2] Name or service not known
2026-02-05 00:37:25,558 - DEBUG - DNS解析重试中 hk.616049.xyz: [Errno -2] Name or service not known
2026-02-05 00:37:26,559 - WARNING - [hk.616049.xyz (HKG)] ├─ 无有效DNS记录，触发紧急更新
2026-02-05 00:50:23,552 - ERROR - CFST更新失败: None
2026-02-05 00:50:23,552 - INFO - --------------------------------------------------
2026-02-05 00:50:23,552 - INFO - [us.616049.xyz (LAX)] 开始处理节点维护
2026-02-05 00:50:23,567 - DEBUG - DNS解析重试中 us.616049.xyz: [Errno -2] Name or service not known
2026-02-05 00:50:24,593 - DEBUG - DNS解析重试中 us.616049.xyz: [Errno -2] Name or service not known
2026-02-05 00:50:25,608 - DEBUG - DNS解析重试中 us.616049.xyz: [Errno -2] Name or service not known
2026-02-05 00:50:26,609 - WARNING - [us.616049.xyz (LAX)] ├─ 无有效DNS记录，触发紧急更新
2026-02-05 01:03:22,405 - ERROR - CFST更新失败: None
2026-02-05 01:03:22,405 - INFO - --------------------------------------------------
2026-02-05 01:03:22,405 - INFO - [de.616049.xyz (FRA)] 开始处理节点维护
2026-02-05 01:03:22,421 - DEBUG - DNS解析重试中 de.616049.xyz: [Errno -2] Name or service not known
2026-02-05 01:03:23,454 - DEBUG - DNS解析重试中 de.616049.xyz: [Errno -2] Name or service not known
2026-02-05 01:03:24,470 - DEBUG - DNS解析重试中 de.616049.xyz: [Errno -2] Name or service not known
2026-02-05 01:03:25,471 - WARNING - [de.616049.xyz (FRA)] ├─ 无有效DNS记录，触发紧急更新
2026-02-05 01:16:21,658 - ERROR - CFST更新失败: None
2026-02-05 01:16:21,662 - DEBUG - Starting new HTTPS connection (1): api.telegram.org:443
2026-02-05 01:16:22,166 - DEBUG - https://api.telegram.org:443 "POST /bot/sendMessage HTTP/1.1" 404 55
