2026-07-03 00:00:27,878 - INFO - 启动维护任务 | 协议类型: IPV4
2026-07-03 00:00:27,878 - INFO - --------------------------------------------------
2026-07-03 00:00:27,878 - INFO - [hk.616049.xyz (HKG)] 开始处理节点维护
2026-07-03 00:00:27,906 - DEBUG - DNS解析重试中 hk.616049.xyz: [Errno -5] No address associated with hostname
2026-07-03 00:00:28,959 - DEBUG - DNS解析重试中 hk.616049.xyz: [Errno -5] No address associated with hostname
2026-07-03 00:00:29,983 - DEBUG - DNS解析重试中 hk.616049.xyz: [Errno -5] No address associated with hostname
2026-07-03 00:00:30,985 - WARNING - [hk.616049.xyz (HKG)] ├─ 无有效DNS记录，触发紧急更新
2026-07-03 00:13:07,123 - ERROR - CFST更新失败: None
2026-07-03 00:13:07,123 - INFO - --------------------------------------------------
2026-07-03 00:13:07,123 - INFO - [us.616049.xyz (LAX)] 开始处理节点维护
2026-07-03 00:13:07,153 - DEBUG - DNS解析重试中 us.616049.xyz: [Errno -5] No address associated with hostname
2026-07-03 00:13:08,174 - DEBUG - DNS解析重试中 us.616049.xyz: [Errno -5] No address associated with hostname
2026-07-03 00:13:09,228 - DEBUG - DNS解析重试中 us.616049.xyz: [Errno -5] No address associated with hostname
2026-07-03 00:13:10,229 - WARNING - [us.616049.xyz (LAX)] ├─ 无有效DNS记录，触发紧急更新
2026-07-03 00:25:47,431 - ERROR - CFST更新失败: None
2026-07-03 00:25:47,431 - INFO - --------------------------------------------------
2026-07-03 00:25:47,431 - INFO - [de.616049.xyz (FRA)] 开始处理节点维护
2026-07-03 00:25:47,452 - DEBUG - DNS解析重试中 de.616049.xyz: [Errno -5] No address associated with hostname
2026-07-03 00:25:48,482 - DEBUG - DNS解析重试中 de.616049.xyz: [Errno -5] No address associated with hostname
2026-07-03 00:25:49,627 - DEBUG - DNS解析重试中 de.616049.xyz: [Errno -5] No address associated with hostname
2026-07-03 00:25:50,627 - WARNING - [de.616049.xyz (FRA)] ├─ 无有效DNS记录，触发紧急更新
2026-07-03 00:38:26,832 - ERROR - CFST更新失败: None
2026-07-03 00:38:26,836 - DEBUG - Starting new HTTPS connection (1): api.telegram.org:443
2026-07-03 00:38:27,129 - DEBUG - https://api.telegram.org:443 "POST /bot/sendMessage HTTP/1.1" 404 55
