2026-07-02 18:29:34,190 - INFO - 启动维护任务 | 协议类型: IPV4
2026-07-02 18:29:34,190 - INFO - --------------------------------------------------
2026-07-02 18:29:34,190 - INFO - [hk.616049.xyz (HKG)] 开始处理节点维护
2026-07-02 18:29:34,220 - DEBUG - DNS解析重试中 hk.616049.xyz: [Errno -5] No address associated with hostname
2026-07-02 18:29:35,247 - DEBUG - DNS解析重试中 hk.616049.xyz: [Errno -5] No address associated with hostname
2026-07-02 18:29:36,279 - DEBUG - DNS解析重试中 hk.616049.xyz: [Errno -5] No address associated with hostname
2026-07-02 18:29:37,280 - WARNING - [hk.616049.xyz (HKG)] ├─ 无有效DNS记录，触发紧急更新
2026-07-02 18:41:48,689 - ERROR - CFST更新失败: None
2026-07-02 18:41:48,689 - INFO - --------------------------------------------------
2026-07-02 18:41:48,690 - INFO - [us.616049.xyz (LAX)] 开始处理节点维护
2026-07-02 18:41:48,726 - DEBUG - DNS解析重试中 us.616049.xyz: [Errno -5] No address associated with hostname
2026-07-02 18:41:49,763 - DEBUG - DNS解析重试中 us.616049.xyz: [Errno -5] No address associated with hostname
2026-07-02 18:41:50,802 - DEBUG - DNS解析重试中 us.616049.xyz: [Errno -5] No address associated with hostname
2026-07-02 18:41:51,803 - WARNING - [us.616049.xyz (LAX)] ├─ 无有效DNS记录，触发紧急更新
2026-07-02 18:54:04,083 - ERROR - CFST更新失败: None
2026-07-02 18:54:04,083 - INFO - --------------------------------------------------
2026-07-02 18:54:04,083 - INFO - [de.616049.xyz (FRA)] 开始处理节点维护
2026-07-02 18:54:04,126 - DEBUG - DNS解析重试中 de.616049.xyz: [Errno -5] No address associated with hostname
2026-07-02 18:54:05,177 - DEBUG - DNS解析重试中 de.616049.xyz: [Errno -5] No address associated with hostname
2026-07-02 18:54:06,207 - DEBUG - DNS解析重试中 de.616049.xyz: [Errno -5] No address associated with hostname
2026-07-02 18:54:07,208 - WARNING - [de.616049.xyz (FRA)] ├─ 无有效DNS记录，触发紧急更新
2026-07-02 19:06:19,040 - ERROR - CFST更新失败: None
2026-07-02 19:06:19,044 - DEBUG - Starting new HTTPS connection (1): api.telegram.org:443
2026-07-02 19:06:19,362 - DEBUG - https://api.telegram.org:443 "POST /bot/sendMessage HTTP/1.1" 404 55
