2026-02-06 16:33:09,748 - INFO - 启动维护任务 | 协议类型: IPV4
2026-02-06 16:33:09,748 - INFO - --------------------------------------------------
2026-02-06 16:33:09,748 - INFO - [hk.616049.xyz (HKG)] 开始处理节点维护
2026-02-06 16:33:09,783 - DEBUG - DNS解析重试中 hk.616049.xyz: [Errno -2] Name or service not known
2026-02-06 16:33:10,815 - DEBUG - DNS解析重试中 hk.616049.xyz: [Errno -2] Name or service not known
2026-02-06 16:33:11,839 - DEBUG - DNS解析重试中 hk.616049.xyz: [Errno -2] Name or service not known
2026-02-06 16:33:12,840 - WARNING - [hk.616049.xyz (HKG)] ├─ 无有效DNS记录，触发紧急更新
2026-02-06 16:46:30,466 - ERROR - CFST更新失败: None
2026-02-06 16:46:30,466 - INFO - --------------------------------------------------
2026-02-06 16:46:30,466 - INFO - [us.616049.xyz (LAX)] 开始处理节点维护
2026-02-06 16:46:30,511 - DEBUG - DNS解析重试中 us.616049.xyz: [Errno -2] Name or service not known
2026-02-06 16:46:31,543 - DEBUG - DNS解析重试中 us.616049.xyz: [Errno -2] Name or service not known
2026-02-06 16:46:32,570 - DEBUG - DNS解析重试中 us.616049.xyz: [Errno -2] Name or service not known
2026-02-06 16:46:33,571 - WARNING - [us.616049.xyz (LAX)] ├─ 无有效DNS记录，触发紧急更新
2026-02-06 16:59:43,446 - ERROR - CFST更新失败: None
2026-02-06 16:59:43,446 - INFO - --------------------------------------------------
2026-02-06 16:59:43,446 - INFO - [de.616049.xyz (FRA)] 开始处理节点维护
2026-02-06 16:59:43,490 - DEBUG - DNS解析重试中 de.616049.xyz: [Errno -2] Name or service not known
2026-02-06 16:59:44,514 - DEBUG - DNS解析重试中 de.616049.xyz: [Errno -2] Name or service not known
2026-02-06 16:59:45,548 - DEBUG - DNS解析重试中 de.616049.xyz: [Errno -2] Name or service not known
2026-02-06 16:59:46,549 - WARNING - [de.616049.xyz (FRA)] ├─ 无有效DNS记录，触发紧急更新
2026-02-06 17:12:58,992 - ERROR - CFST更新失败: None
2026-02-06 17:12:58,995 - DEBUG - Starting new HTTPS connection (1): api.telegram.org:443
2026-02-06 17:13:00,476 - DEBUG - https://api.telegram.org:443 "POST /bot/sendMessage HTTP/1.1" 404 55
