2026-03-18 16:38:48,862 - INFO - 启动维护任务 | 协议类型: IPV4
2026-03-18 16:38:48,862 - INFO - --------------------------------------------------
2026-03-18 16:38:48,862 - INFO - [hk.616049.xyz (HKG)] 开始处理节点维护
2026-03-18 16:38:48,884 - DEBUG - DNS解析重试中 hk.616049.xyz: [Errno -2] Name or service not known
2026-03-18 16:38:49,907 - DEBUG - DNS解析重试中 hk.616049.xyz: [Errno -2] Name or service not known
2026-03-18 16:38:50,929 - DEBUG - DNS解析重试中 hk.616049.xyz: [Errno -2] Name or service not known
2026-03-18 16:38:51,930 - WARNING - [hk.616049.xyz (HKG)] ├─ 无有效DNS记录，触发紧急更新
2026-03-18 16:51:49,941 - ERROR - CFST更新失败: None
2026-03-18 16:51:49,941 - INFO - --------------------------------------------------
2026-03-18 16:51:49,941 - INFO - [us.616049.xyz (LAX)] 开始处理节点维护
2026-03-18 16:51:49,970 - DEBUG - DNS解析重试中 us.616049.xyz: [Errno -2] Name or service not known
2026-03-18 16:51:51,007 - DEBUG - DNS解析重试中 us.616049.xyz: [Errno -2] Name or service not known
2026-03-18 16:51:52,012 - DEBUG - DNS解析重试中 us.616049.xyz: [Errno -2] Name or service not known
2026-03-18 16:51:53,013 - WARNING - [us.616049.xyz (LAX)] ├─ 无有效DNS记录，触发紧急更新
2026-03-18 17:04:49,535 - ERROR - CFST更新失败: None
2026-03-18 17:04:49,535 - INFO - --------------------------------------------------
2026-03-18 17:04:49,535 - INFO - [de.616049.xyz (FRA)] 开始处理节点维护
2026-03-18 17:04:49,552 - DEBUG - DNS解析重试中 de.616049.xyz: [Errno -2] Name or service not known
2026-03-18 17:04:50,575 - DEBUG - DNS解析重试中 de.616049.xyz: [Errno -2] Name or service not known
2026-03-18 17:04:51,635 - DEBUG - DNS解析重试中 de.616049.xyz: [Errno -2] Name or service not known
2026-03-18 17:04:52,636 - WARNING - [de.616049.xyz (FRA)] ├─ 无有效DNS记录，触发紧急更新
2026-03-18 17:17:48,995 - ERROR - CFST更新失败: None
2026-03-18 17:17:48,999 - DEBUG - Starting new HTTPS connection (1): api.telegram.org:443
2026-03-18 17:17:49,445 - DEBUG - https://api.telegram.org:443 "POST /bot/sendMessage HTTP/1.1" 404 55
