2026-04-25 02:39:01,797 - INFO - 启动维护任务 | 协议类型: IPV4
2026-04-25 02:39:01,797 - INFO - --------------------------------------------------
2026-04-25 02:39:01,797 - INFO - [hk.616049.xyz (HKG)] 开始处理节点维护
2026-04-25 02:39:01,833 - DEBUG - DNS解析重试中 hk.616049.xyz: [Errno -2] Name or service not known
2026-04-25 02:39:02,862 - DEBUG - DNS解析重试中 hk.616049.xyz: [Errno -2] Name or service not known
2026-04-25 02:39:03,869 - DEBUG - DNS解析重试中 hk.616049.xyz: [Errno -2] Name or service not known
2026-04-25 02:39:04,870 - WARNING - [hk.616049.xyz (HKG)] ├─ 无有效DNS记录，触发紧急更新
2026-04-25 02:52:00,217 - ERROR - CFST更新失败: None
2026-04-25 02:52:00,217 - INFO - --------------------------------------------------
2026-04-25 02:52:00,217 - INFO - [us.616049.xyz (LAX)] 开始处理节点维护
2026-04-25 02:52:00,251 - DEBUG - DNS解析重试中 us.616049.xyz: [Errno -2] Name or service not known
2026-04-25 02:52:01,281 - DEBUG - DNS解析重试中 us.616049.xyz: [Errno -2] Name or service not known
2026-04-25 02:52:02,311 - DEBUG - DNS解析重试中 us.616049.xyz: [Errno -2] Name or service not known
2026-04-25 02:52:03,312 - WARNING - [us.616049.xyz (LAX)] ├─ 无有效DNS记录，触发紧急更新
2026-04-25 03:04:57,547 - ERROR - CFST更新失败: None
2026-04-25 03:04:57,548 - INFO - --------------------------------------------------
2026-04-25 03:04:57,548 - INFO - [de.616049.xyz (FRA)] 开始处理节点维护
2026-04-25 03:04:57,578 - DEBUG - DNS解析重试中 de.616049.xyz: [Errno -2] Name or service not known
2026-04-25 03:04:58,609 - DEBUG - DNS解析重试中 de.616049.xyz: [Errno -2] Name or service not known
2026-04-25 03:04:59,646 - DEBUG - DNS解析重试中 de.616049.xyz: [Errno -2] Name or service not known
2026-04-25 03:05:00,647 - WARNING - [de.616049.xyz (FRA)] ├─ 无有效DNS记录，触发紧急更新
2026-04-25 03:17:54,988 - ERROR - CFST更新失败: None
2026-04-25 03:17:54,991 - DEBUG - Starting new HTTPS connection (1): api.telegram.org:443
2026-04-25 03:17:55,391 - DEBUG - https://api.telegram.org:443 "POST /bot/sendMessage HTTP/1.1" 404 55
