2026-03-22 12:12:26,938 - INFO - 启动维护任务 | 协议类型: IPV4
2026-03-22 12:12:26,938 - INFO - --------------------------------------------------
2026-03-22 12:12:26,938 - INFO - [hk.616049.xyz (HKG)] 开始处理节点维护
2026-03-22 12:12:26,968 - DEBUG - DNS解析重试中 hk.616049.xyz: [Errno -2] Name or service not known
2026-03-22 12:12:27,998 - DEBUG - DNS解析重试中 hk.616049.xyz: [Errno -2] Name or service not known
2026-03-22 12:12:29,032 - DEBUG - DNS解析重试中 hk.616049.xyz: [Errno -2] Name or service not known
2026-03-22 12:12:30,034 - WARNING - [hk.616049.xyz (HKG)] ├─ 无有效DNS记录，触发紧急更新
2026-03-22 12:25:27,680 - ERROR - CFST更新失败: None
2026-03-22 12:25:27,681 - INFO - --------------------------------------------------
2026-03-22 12:25:27,681 - INFO - [us.616049.xyz (LAX)] 开始处理节点维护
2026-03-22 12:25:27,711 - DEBUG - DNS解析重试中 us.616049.xyz: [Errno -2] Name or service not known
2026-03-22 12:25:28,741 - DEBUG - DNS解析重试中 us.616049.xyz: [Errno -2] Name or service not known
2026-03-22 12:25:29,748 - DEBUG - DNS解析重试中 us.616049.xyz: [Errno -2] Name or service not known
2026-03-22 12:25:30,749 - WARNING - [us.616049.xyz (LAX)] ├─ 无有效DNS记录，触发紧急更新
2026-03-22 12:38:28,435 - ERROR - CFST更新失败: None
2026-03-22 12:38:28,436 - INFO - --------------------------------------------------
2026-03-22 12:38:28,436 - INFO - [de.616049.xyz (FRA)] 开始处理节点维护
2026-03-22 12:38:28,465 - DEBUG - DNS解析重试中 de.616049.xyz: [Errno -2] Name or service not known
2026-03-22 12:38:29,505 - DEBUG - DNS解析重试中 de.616049.xyz: [Errno -2] Name or service not known
2026-03-22 12:38:30,537 - DEBUG - DNS解析重试中 de.616049.xyz: [Errno -2] Name or service not known
2026-03-22 12:38:31,538 - WARNING - [de.616049.xyz (FRA)] ├─ 无有效DNS记录，触发紧急更新
2026-03-22 12:51:29,423 - ERROR - CFST更新失败: None
2026-03-22 12:51:29,427 - DEBUG - Starting new HTTPS connection (1): api.telegram.org:443
2026-03-22 12:51:29,849 - DEBUG - https://api.telegram.org:443 "POST /bot/sendMessage HTTP/1.1" 404 55
