2026-06-26 18:44:23,192 - INFO - 启动维护任务 | 协议类型: IPV4
2026-06-26 18:44:23,192 - INFO - --------------------------------------------------
2026-06-26 18:44:23,193 - INFO - [hk.616049.xyz (HKG)] 开始处理节点维护
2026-06-26 18:44:23,235 - DEBUG - DNS解析重试中 hk.616049.xyz: [Errno -2] Name or service not known
2026-06-26 18:44:24,254 - DEBUG - DNS解析重试中 hk.616049.xyz: [Errno -2] Name or service not known
2026-06-26 18:44:25,279 - DEBUG - DNS解析重试中 hk.616049.xyz: [Errno -2] Name or service not known
2026-06-26 18:44:26,280 - WARNING - [hk.616049.xyz (HKG)] ├─ 无有效DNS记录，触发紧急更新
2026-06-26 18:57:00,458 - ERROR - CFST更新失败: None
2026-06-26 18:57:00,458 - INFO - --------------------------------------------------
2026-06-26 18:57:00,458 - INFO - [us.616049.xyz (LAX)] 开始处理节点维护
2026-06-26 18:57:00,491 - DEBUG - DNS解析重试中 us.616049.xyz: [Errno -2] Name or service not known
2026-06-26 18:57:01,514 - DEBUG - DNS解析重试中 us.616049.xyz: [Errno -2] Name or service not known
2026-06-26 18:57:02,538 - DEBUG - DNS解析重试中 us.616049.xyz: [Errno -2] Name or service not known
2026-06-26 18:57:03,539 - WARNING - [us.616049.xyz (LAX)] ├─ 无有效DNS记录，触发紧急更新
2026-06-26 19:09:37,621 - ERROR - CFST更新失败: None
2026-06-26 19:09:37,621 - INFO - --------------------------------------------------
2026-06-26 19:09:37,621 - INFO - [de.616049.xyz (FRA)] 开始处理节点维护
2026-06-26 19:09:37,656 - DEBUG - DNS解析重试中 de.616049.xyz: [Errno -2] Name or service not known
2026-06-26 19:09:38,684 - DEBUG - DNS解析重试中 de.616049.xyz: [Errno -2] Name or service not known
2026-06-26 19:09:39,707 - DEBUG - DNS解析重试中 de.616049.xyz: [Errno -2] Name or service not known
2026-06-26 19:09:40,708 - WARNING - [de.616049.xyz (FRA)] ├─ 无有效DNS记录，触发紧急更新
2026-06-26 19:22:14,765 - ERROR - CFST更新失败: None
2026-06-26 19:22:14,768 - DEBUG - Starting new HTTPS connection (1): api.telegram.org:443
2026-06-26 19:22:15,056 - DEBUG - https://api.telegram.org:443 "POST /bot/sendMessage HTTP/1.1" 404 55
