2026-03-15 04:19:09,370 - INFO - 启动维护任务 | 协议类型: IPV4
2026-03-15 04:19:09,370 - INFO - --------------------------------------------------
2026-03-15 04:19:09,370 - INFO - [hk.616049.xyz (HKG)] 开始处理节点维护
2026-03-15 04:19:09,403 - DEBUG - DNS解析重试中 hk.616049.xyz: [Errno -2] Name or service not known
2026-03-15 04:19:10,440 - DEBUG - DNS解析重试中 hk.616049.xyz: [Errno -2] Name or service not known
2026-03-15 04:19:11,445 - DEBUG - DNS解析重试中 hk.616049.xyz: [Errno -2] Name or service not known
2026-03-15 04:19:12,447 - WARNING - [hk.616049.xyz (HKG)] ├─ 无有效DNS记录，触发紧急更新
2026-03-15 04:32:08,679 - ERROR - CFST更新失败: None
2026-03-15 04:32:08,679 - INFO - --------------------------------------------------
2026-03-15 04:32:08,679 - INFO - [us.616049.xyz (LAX)] 开始处理节点维护
2026-03-15 04:32:08,716 - DEBUG - DNS解析重试中 us.616049.xyz: [Errno -2] Name or service not known
2026-03-15 04:32:09,751 - DEBUG - DNS解析重试中 us.616049.xyz: [Errno -2] Name or service not known
2026-03-15 04:32:10,789 - DEBUG - DNS解析重试中 us.616049.xyz: [Errno -2] Name or service not known
2026-03-15 04:32:11,790 - WARNING - [us.616049.xyz (LAX)] ├─ 无有效DNS记录，触发紧急更新
2026-03-15 04:45:07,300 - ERROR - CFST更新失败: None
2026-03-15 04:45:07,300 - INFO - --------------------------------------------------
2026-03-15 04:45:07,300 - INFO - [de.616049.xyz (FRA)] 开始处理节点维护
2026-03-15 04:45:07,334 - DEBUG - DNS解析重试中 de.616049.xyz: [Errno -2] Name or service not known
2026-03-15 04:45:08,340 - DEBUG - DNS解析重试中 de.616049.xyz: [Errno -2] Name or service not known
2026-03-15 04:45:09,378 - DEBUG - DNS解析重试中 de.616049.xyz: [Errno -2] Name or service not known
2026-03-15 04:45:10,380 - WARNING - [de.616049.xyz (FRA)] ├─ 无有效DNS记录，触发紧急更新
2026-03-15 04:58:05,460 - ERROR - CFST更新失败: None
2026-03-15 04:58:05,465 - DEBUG - Starting new HTTPS connection (1): api.telegram.org:443
2026-03-15 04:58:05,851 - DEBUG - https://api.telegram.org:443 "POST /bot/sendMessage HTTP/1.1" 404 55
