2026-01-23 22:18:39,188 - INFO - 启动维护任务 | 协议类型: IPV4
2026-01-23 22:18:39,188 - INFO - --------------------------------------------------
2026-01-23 22:18:39,189 - INFO - [hk.616049.xyz (HKG)] 开始处理节点维护
2026-01-23 22:18:39,243 - DEBUG - DNS解析重试中 hk.616049.xyz: [Errno -2] Name or service not known
2026-01-23 22:18:40,306 - DEBUG - DNS解析重试中 hk.616049.xyz: [Errno -2] Name or service not known
2026-01-23 22:18:41,344 - DEBUG - DNS解析重试中 hk.616049.xyz: [Errno -2] Name or service not known
2026-01-23 22:18:42,346 - WARNING - [hk.616049.xyz (HKG)] ├─ 无有效DNS记录，触发紧急更新
2026-01-23 22:31:37,401 - ERROR - CFST更新失败: None
2026-01-23 22:31:37,401 - INFO - --------------------------------------------------
2026-01-23 22:31:37,401 - INFO - [us.616049.xyz (LAX)] 开始处理节点维护
2026-01-23 22:31:37,423 - DEBUG - DNS解析重试中 us.616049.xyz: [Errno -2] Name or service not known
2026-01-23 22:31:38,450 - DEBUG - DNS解析重试中 us.616049.xyz: [Errno -2] Name or service not known
2026-01-23 22:31:39,460 - DEBUG - DNS解析重试中 us.616049.xyz: [Errno -2] Name or service not known
2026-01-23 22:31:40,462 - WARNING - [us.616049.xyz (LAX)] ├─ 无有效DNS记录，触发紧急更新
2026-01-23 22:44:35,465 - ERROR - CFST更新失败: None
2026-01-23 22:44:35,465 - INFO - --------------------------------------------------
2026-01-23 22:44:35,465 - INFO - [de.616049.xyz (FRA)] 开始处理节点维护
2026-01-23 22:44:35,486 - DEBUG - DNS解析重试中 de.616049.xyz: [Errno -2] Name or service not known
2026-01-23 22:44:36,509 - DEBUG - DNS解析重试中 de.616049.xyz: [Errno -2] Name or service not known
2026-01-23 22:44:37,531 - DEBUG - DNS解析重试中 de.616049.xyz: [Errno -2] Name or service not known
2026-01-23 22:44:38,532 - WARNING - [de.616049.xyz (FRA)] ├─ 无有效DNS记录，触发紧急更新
2026-01-23 22:57:33,168 - ERROR - CFST更新失败: None
2026-01-23 22:57:33,172 - DEBUG - Starting new HTTPS connection (1): api.telegram.org:443
2026-01-23 22:57:33,508 - DEBUG - https://api.telegram.org:443 "POST /bot/sendMessage HTTP/1.1" 404 55
