2026-02-09 18:55:30,013 - INFO - 启动维护任务 | 协议类型: IPV4
2026-02-09 18:55:30,013 - INFO - --------------------------------------------------
2026-02-09 18:55:30,013 - INFO - [hk.616049.xyz (HKG)] 开始处理节点维护
2026-02-09 18:55:30,048 - DEBUG - DNS解析重试中 hk.616049.xyz: [Errno -2] Name or service not known
2026-02-09 18:55:31,085 - DEBUG - DNS解析重试中 hk.616049.xyz: [Errno -2] Name or service not known
2026-02-09 18:55:32,095 - DEBUG - DNS解析重试中 hk.616049.xyz: [Errno -2] Name or service not known
2026-02-09 18:55:33,096 - WARNING - [hk.616049.xyz (HKG)] ├─ 无有效DNS记录，触发紧急更新
2026-02-09 19:08:43,122 - ERROR - CFST更新失败: None
2026-02-09 19:08:43,123 - INFO - --------------------------------------------------
2026-02-09 19:08:43,123 - INFO - [us.616049.xyz (LAX)] 开始处理节点维护
2026-02-09 19:08:43,159 - DEBUG - DNS解析重试中 us.616049.xyz: [Errno -2] Name or service not known
2026-02-09 19:08:44,208 - DEBUG - DNS解析重试中 us.616049.xyz: [Errno -2] Name or service not known
2026-02-09 19:08:45,245 - DEBUG - DNS解析重试中 us.616049.xyz: [Errno -2] Name or service not known
2026-02-09 19:08:46,246 - WARNING - [us.616049.xyz (LAX)] ├─ 无有效DNS记录，触发紧急更新
2026-02-09 19:21:55,879 - ERROR - CFST更新失败: None
2026-02-09 19:21:55,879 - INFO - --------------------------------------------------
2026-02-09 19:21:55,879 - INFO - [de.616049.xyz (FRA)] 开始处理节点维护
2026-02-09 19:21:55,925 - DEBUG - DNS解析重试中 de.616049.xyz: [Errno -2] Name or service not known
2026-02-09 19:21:56,972 - DEBUG - DNS解析重试中 de.616049.xyz: [Errno -2] Name or service not known
2026-02-09 19:21:58,180 - DEBUG - DNS解析重试中 de.616049.xyz: [Errno -2] Name or service not known
2026-02-09 19:21:59,181 - WARNING - [de.616049.xyz (FRA)] ├─ 无有效DNS记录，触发紧急更新
2026-02-09 19:35:08,992 - ERROR - CFST更新失败: None
2026-02-09 19:35:08,995 - DEBUG - Starting new HTTPS connection (1): api.telegram.org:443
2026-02-09 19:35:09,526 - DEBUG - https://api.telegram.org:443 "POST /bot/sendMessage HTTP/1.1" 404 55
