2026-03-24 20:53:10,447 - INFO - 启动维护任务 | 协议类型: IPV4
2026-03-24 20:53:10,448 - INFO - --------------------------------------------------
2026-03-24 20:53:10,448 - INFO - [hk.616049.xyz (HKG)] 开始处理节点维护
2026-03-24 20:53:10,455 - DEBUG - DNS解析重试中 hk.616049.xyz: [Errno -2] Name or service not known
2026-03-24 20:53:11,463 - DEBUG - DNS解析重试中 hk.616049.xyz: [Errno -2] Name or service not known
2026-03-24 20:53:12,471 - DEBUG - DNS解析重试中 hk.616049.xyz: [Errno -2] Name or service not known
2026-03-24 20:53:13,472 - WARNING - [hk.616049.xyz (HKG)] ├─ 无有效DNS记录，触发紧急更新
2026-03-24 21:06:07,289 - ERROR - CFST更新失败: None
2026-03-24 21:06:07,290 - INFO - --------------------------------------------------
2026-03-24 21:06:07,290 - INFO - [us.616049.xyz (LAX)] 开始处理节点维护
2026-03-24 21:06:07,304 - DEBUG - DNS解析重试中 us.616049.xyz: [Errno -2] Name or service not known
2026-03-24 21:06:08,310 - DEBUG - DNS解析重试中 us.616049.xyz: [Errno -2] Name or service not known
2026-03-24 21:06:09,316 - DEBUG - DNS解析重试中 us.616049.xyz: [Errno -2] Name or service not known
2026-03-24 21:06:10,317 - WARNING - [us.616049.xyz (LAX)] ├─ 无有效DNS记录，触发紧急更新
2026-03-24 21:19:03,623 - ERROR - CFST更新失败: None
2026-03-24 21:19:03,623 - INFO - --------------------------------------------------
2026-03-24 21:19:03,623 - INFO - [de.616049.xyz (FRA)] 开始处理节点维护
2026-03-24 21:19:03,630 - DEBUG - DNS解析重试中 de.616049.xyz: [Errno -2] Name or service not known
2026-03-24 21:19:04,641 - DEBUG - DNS解析重试中 de.616049.xyz: [Errno -2] Name or service not known
2026-03-24 21:19:05,649 - DEBUG - DNS解析重试中 de.616049.xyz: [Errno -2] Name or service not known
2026-03-24 21:19:06,650 - WARNING - [de.616049.xyz (FRA)] ├─ 无有效DNS记录，触发紧急更新
2026-03-24 21:32:00,667 - ERROR - CFST更新失败: None
2026-03-24 21:32:00,672 - DEBUG - Starting new HTTPS connection (1): api.telegram.org:443
2026-03-24 21:32:01,151 - DEBUG - https://api.telegram.org:443 "POST /bot/sendMessage HTTP/1.1" 404 55
