2026-06-14 16:09:17,092 - INFO - 启动维护任务 | 协议类型: IPV4
2026-06-14 16:09:17,093 - INFO - --------------------------------------------------
2026-06-14 16:09:17,093 - INFO - [hk.616049.xyz (HKG)] 开始处理节点维护
2026-06-14 16:09:17,130 - DEBUG - DNS解析重试中 hk.616049.xyz: [Errno -2] Name or service not known
2026-06-14 16:09:18,156 - DEBUG - DNS解析重试中 hk.616049.xyz: [Errno -2] Name or service not known
2026-06-14 16:09:19,187 - DEBUG - DNS解析重试中 hk.616049.xyz: [Errno -2] Name or service not known
2026-06-14 16:09:20,188 - WARNING - [hk.616049.xyz (HKG)] ├─ 无有效DNS记录，触发紧急更新
2026-06-14 16:21:55,745 - ERROR - CFST更新失败: None
2026-06-14 16:21:55,745 - INFO - --------------------------------------------------
2026-06-14 16:21:55,746 - INFO - [us.616049.xyz (LAX)] 开始处理节点维护
2026-06-14 16:21:55,772 - DEBUG - DNS解析重试中 us.616049.xyz: [Errno -2] Name or service not known
2026-06-14 16:21:56,779 - DEBUG - DNS解析重试中 us.616049.xyz: [Errno -2] Name or service not known
2026-06-14 16:21:57,813 - DEBUG - DNS解析重试中 us.616049.xyz: [Errno -2] Name or service not known
2026-06-14 16:21:58,814 - WARNING - [us.616049.xyz (LAX)] ├─ 无有效DNS记录，触发紧急更新
2026-06-14 16:34:33,799 - ERROR - CFST更新失败: None
2026-06-14 16:34:33,799 - INFO - --------------------------------------------------
2026-06-14 16:34:33,799 - INFO - [de.616049.xyz (FRA)] 开始处理节点维护
2026-06-14 16:34:33,821 - DEBUG - DNS解析重试中 de.616049.xyz: [Errno -2] Name or service not known
2026-06-14 16:34:34,862 - DEBUG - DNS解析重试中 de.616049.xyz: [Errno -2] Name or service not known
2026-06-14 16:34:35,892 - DEBUG - DNS解析重试中 de.616049.xyz: [Errno -2] Name or service not known
2026-06-14 16:34:36,893 - WARNING - [de.616049.xyz (FRA)] ├─ 无有效DNS记录，触发紧急更新
2026-06-14 16:47:14,670 - ERROR - CFST更新失败: None
2026-06-14 16:47:14,674 - DEBUG - Starting new HTTPS connection (1): api.telegram.org:443
2026-06-14 16:47:15,020 - DEBUG - https://api.telegram.org:443 "POST /bot/sendMessage HTTP/1.1" 404 55
