2026-07-22 04:58:34,744 - INFO - 启动维护任务 | 协议类型: IPV4
2026-07-22 04:58:34,744 - INFO - --------------------------------------------------
2026-07-22 04:58:34,744 - INFO - [hk.616049.xyz (HKG)] 开始处理节点维护
2026-07-22 04:58:34,784 - DEBUG - DNS解析重试中 hk.616049.xyz: [Errno -5] No address associated with hostname
2026-07-22 04:58:35,843 - DEBUG - DNS解析重试中 hk.616049.xyz: [Errno -5] No address associated with hostname
2026-07-22 04:58:37,031 - DEBUG - DNS解析重试中 hk.616049.xyz: [Errno -5] No address associated with hostname
2026-07-22 04:58:38,032 - WARNING - [hk.616049.xyz (HKG)] ├─ 无有效DNS记录，触发紧急更新
2026-07-22 05:11:09,667 - ERROR - CFST更新失败: None
2026-07-22 05:11:09,668 - INFO - --------------------------------------------------
2026-07-22 05:11:09,668 - INFO - [us.616049.xyz (LAX)] 开始处理节点维护
2026-07-22 05:11:09,712 - DEBUG - DNS解析重试中 us.616049.xyz: [Errno -5] No address associated with hostname
2026-07-22 05:11:10,767 - DEBUG - DNS解析重试中 us.616049.xyz: [Errno -5] No address associated with hostname
2026-07-22 05:11:11,835 - DEBUG - DNS解析重试中 us.616049.xyz: [Errno -5] No address associated with hostname
2026-07-22 05:11:12,836 - WARNING - [us.616049.xyz (LAX)] ├─ 无有效DNS记录，触发紧急更新
2026-07-22 05:23:39,447 - ERROR - CFST更新失败: None
2026-07-22 05:23:39,447 - INFO - --------------------------------------------------
2026-07-22 05:23:39,447 - INFO - [de.616049.xyz (FRA)] 开始处理节点维护
2026-07-22 05:23:39,500 - DEBUG - DNS解析重试中 de.616049.xyz: [Errno -5] No address associated with hostname
2026-07-22 05:23:40,546 - DEBUG - DNS解析重试中 de.616049.xyz: [Errno -5] No address associated with hostname
2026-07-22 05:23:41,598 - DEBUG - DNS解析重试中 de.616049.xyz: [Errno -5] No address associated with hostname
2026-07-22 05:23:42,599 - WARNING - [de.616049.xyz (FRA)] ├─ 无有效DNS记录，触发紧急更新
2026-07-22 05:36:10,027 - ERROR - CFST更新失败: None
2026-07-22 05:36:10,030 - DEBUG - Starting new HTTPS connection (1): api.telegram.org:443
2026-07-22 05:36:10,458 - DEBUG - https://api.telegram.org:443 "POST /bot/sendMessage HTTP/1.1" 404 55
