2026-02-02 22:37:06,901 - INFO - 启动维护任务 | 协议类型: IPV4
2026-02-02 22:37:06,901 - INFO - --------------------------------------------------
2026-02-02 22:37:06,901 - INFO - [hk.616049.xyz (HKG)] 开始处理节点维护
2026-02-02 22:37:06,915 - DEBUG - DNS解析重试中 hk.616049.xyz: [Errno -2] Name or service not known
2026-02-02 22:37:07,933 - DEBUG - DNS解析重试中 hk.616049.xyz: [Errno -2] Name or service not known
2026-02-02 22:37:08,952 - DEBUG - DNS解析重试中 hk.616049.xyz: [Errno -2] Name or service not known
2026-02-02 22:37:09,954 - WARNING - [hk.616049.xyz (HKG)] ├─ 无有效DNS记录，触发紧急更新
2026-02-02 22:50:05,287 - ERROR - CFST更新失败: None
2026-02-02 22:50:05,287 - INFO - --------------------------------------------------
2026-02-02 22:50:05,287 - INFO - [us.616049.xyz (LAX)] 开始处理节点维护
2026-02-02 22:50:05,305 - DEBUG - DNS解析重试中 us.616049.xyz: [Errno -2] Name or service not known
2026-02-02 22:50:06,341 - DEBUG - DNS解析重试中 us.616049.xyz: [Errno -2] Name or service not known
2026-02-02 22:50:07,369 - DEBUG - DNS解析重试中 us.616049.xyz: [Errno -2] Name or service not known
2026-02-02 22:50:08,370 - WARNING - [us.616049.xyz (LAX)] ├─ 无有效DNS记录，触发紧急更新
2026-02-02 23:03:05,815 - ERROR - CFST更新失败: None
2026-02-02 23:03:05,815 - INFO - --------------------------------------------------
2026-02-02 23:03:05,816 - INFO - [de.616049.xyz (FRA)] 开始处理节点维护
2026-02-02 23:03:05,829 - DEBUG - DNS解析重试中 de.616049.xyz: [Errno -2] Name or service not known
2026-02-02 23:03:06,857 - DEBUG - DNS解析重试中 de.616049.xyz: [Errno -2] Name or service not known
2026-02-02 23:03:07,876 - DEBUG - DNS解析重试中 de.616049.xyz: [Errno -2] Name or service not known
2026-02-02 23:03:08,877 - WARNING - [de.616049.xyz (FRA)] ├─ 无有效DNS记录，触发紧急更新
2026-02-02 23:16:03,707 - ERROR - CFST更新失败: None
2026-02-02 23:16:03,711 - DEBUG - Starting new HTTPS connection (1): api.telegram.org:443
2026-02-02 23:16:04,187 - DEBUG - https://api.telegram.org:443 "POST /bot/sendMessage HTTP/1.1" 404 55
