2026-05-06 10:04:12,517 - INFO - 启动维护任务 | 协议类型: IPV4
2026-05-06 10:04:12,517 - INFO - --------------------------------------------------
2026-05-06 10:04:12,517 - INFO - [hk.616049.xyz (HKG)] 开始处理节点维护
2026-05-06 10:04:12,547 - DEBUG - DNS解析重试中 hk.616049.xyz: [Errno -2] Name or service not known
2026-05-06 10:04:13,578 - DEBUG - DNS解析重试中 hk.616049.xyz: [Errno -2] Name or service not known
2026-05-06 10:04:14,616 - DEBUG - DNS解析重试中 hk.616049.xyz: [Errno -2] Name or service not known
2026-05-06 10:04:15,617 - WARNING - [hk.616049.xyz (HKG)] ├─ 无有效DNS记录，触发紧急更新
2026-05-06 10:17:12,247 - ERROR - CFST更新失败: None
2026-05-06 10:17:12,247 - INFO - --------------------------------------------------
2026-05-06 10:17:12,247 - INFO - [us.616049.xyz (LAX)] 开始处理节点维护
2026-05-06 10:17:12,279 - DEBUG - DNS解析重试中 us.616049.xyz: [Errno -2] Name or service not known
2026-05-06 10:17:13,332 - DEBUG - DNS解析重试中 us.616049.xyz: [Errno -2] Name or service not known
2026-05-06 10:17:14,339 - DEBUG - DNS解析重试中 us.616049.xyz: [Errno -2] Name or service not known
2026-05-06 10:17:15,341 - WARNING - [us.616049.xyz (LAX)] ├─ 无有效DNS记录，触发紧急更新
2026-05-06 10:30:11,683 - ERROR - CFST更新失败: None
2026-05-06 10:30:11,683 - INFO - --------------------------------------------------
2026-05-06 10:30:11,683 - INFO - [de.616049.xyz (FRA)] 开始处理节点维护
2026-05-06 10:30:11,716 - DEBUG - DNS解析重试中 de.616049.xyz: [Errno -2] Name or service not known
2026-05-06 10:30:12,768 - DEBUG - DNS解析重试中 de.616049.xyz: [Errno -2] Name or service not known
2026-05-06 10:30:13,801 - DEBUG - DNS解析重试中 de.616049.xyz: [Errno -2] Name or service not known
2026-05-06 10:30:14,802 - WARNING - [de.616049.xyz (FRA)] ├─ 无有效DNS记录，触发紧急更新
2026-05-06 10:43:11,050 - ERROR - CFST更新失败: None
2026-05-06 10:43:11,053 - DEBUG - Starting new HTTPS connection (1): api.telegram.org:443
2026-05-06 10:43:11,442 - DEBUG - https://api.telegram.org:443 "POST /bot/sendMessage HTTP/1.1" 404 55
