2026-01-29 09:18:09,670 - INFO - 启动维护任务 | 协议类型: IPV4
2026-01-29 09:18:09,670 - INFO - --------------------------------------------------
2026-01-29 09:18:09,670 - INFO - [hk.616049.xyz (HKG)] 开始处理节点维护
2026-01-29 09:18:09,697 - DEBUG - DNS解析重试中 hk.616049.xyz: [Errno -2] Name or service not known
2026-01-29 09:18:10,726 - DEBUG - DNS解析重试中 hk.616049.xyz: [Errno -2] Name or service not known
2026-01-29 09:18:11,766 - DEBUG - DNS解析重试中 hk.616049.xyz: [Errno -2] Name or service not known
2026-01-29 09:18:12,767 - WARNING - [hk.616049.xyz (HKG)] ├─ 无有效DNS记录，触发紧急更新
2026-01-29 09:31:10,236 - ERROR - CFST更新失败: None
2026-01-29 09:31:10,236 - INFO - --------------------------------------------------
2026-01-29 09:31:10,236 - INFO - [us.616049.xyz (LAX)] 开始处理节点维护
2026-01-29 09:31:10,282 - DEBUG - DNS解析重试中 us.616049.xyz: [Errno -2] Name or service not known
2026-01-29 09:31:11,319 - DEBUG - DNS解析重试中 us.616049.xyz: [Errno -2] Name or service not known
2026-01-29 09:31:12,363 - DEBUG - DNS解析重试中 us.616049.xyz: [Errno -2] Name or service not known
2026-01-29 09:31:13,365 - WARNING - [us.616049.xyz (LAX)] ├─ 无有效DNS记录，触发紧急更新
2026-01-29 09:44:10,033 - ERROR - CFST更新失败: None
2026-01-29 09:44:10,033 - INFO - --------------------------------------------------
2026-01-29 09:44:10,033 - INFO - [de.616049.xyz (FRA)] 开始处理节点维护
2026-01-29 09:44:10,073 - DEBUG - DNS解析重试中 de.616049.xyz: [Errno -2] Name or service not known
2026-01-29 09:44:11,105 - DEBUG - DNS解析重试中 de.616049.xyz: [Errno -2] Name or service not known
2026-01-29 09:44:12,138 - DEBUG - DNS解析重试中 de.616049.xyz: [Errno -2] Name or service not known
2026-01-29 09:44:13,139 - WARNING - [de.616049.xyz (FRA)] ├─ 无有效DNS记录，触发紧急更新
2026-01-29 09:57:10,021 - ERROR - CFST更新失败: None
2026-01-29 09:57:10,025 - DEBUG - Starting new HTTPS connection (1): api.telegram.org:443
2026-01-29 09:57:10,423 - DEBUG - https://api.telegram.org:443 "POST /bot/sendMessage HTTP/1.1" 404 55
