2026-01-24 16:18:19,998 - INFO - 启动维护任务 | 协议类型: IPV4
2026-01-24 16:18:19,998 - INFO - --------------------------------------------------
2026-01-24 16:18:19,998 - INFO - [hk.616049.xyz (HKG)] 开始处理节点维护
2026-01-24 16:18:20,031 - DEBUG - DNS解析重试中 hk.616049.xyz: [Errno -2] Name or service not known
2026-01-24 16:18:21,081 - DEBUG - DNS解析重试中 hk.616049.xyz: [Errno -2] Name or service not known
2026-01-24 16:18:22,191 - DEBUG - DNS解析重试中 hk.616049.xyz: [Errno -2] Name or service not known
2026-01-24 16:18:23,193 - WARNING - [hk.616049.xyz (HKG)] ├─ 无有效DNS记录，触发紧急更新
2026-01-24 16:31:22,064 - ERROR - CFST更新失败: None
2026-01-24 16:31:22,065 - INFO - --------------------------------------------------
2026-01-24 16:31:22,065 - INFO - [us.616049.xyz (LAX)] 开始处理节点维护
2026-01-24 16:31:22,095 - DEBUG - DNS解析重试中 us.616049.xyz: [Errno -2] Name or service not known
2026-01-24 16:31:23,130 - DEBUG - DNS解析重试中 us.616049.xyz: [Errno -2] Name or service not known
2026-01-24 16:31:24,164 - DEBUG - DNS解析重试中 us.616049.xyz: [Errno -2] Name or service not known
2026-01-24 16:31:25,166 - WARNING - [us.616049.xyz (LAX)] ├─ 无有效DNS记录，触发紧急更新
2026-01-24 16:44:23,851 - ERROR - CFST更新失败: None
2026-01-24 16:44:23,851 - INFO - --------------------------------------------------
2026-01-24 16:44:23,851 - INFO - [de.616049.xyz (FRA)] 开始处理节点维护
2026-01-24 16:44:23,879 - DEBUG - DNS解析重试中 de.616049.xyz: [Errno -2] Name or service not known
2026-01-24 16:44:24,909 - DEBUG - DNS解析重试中 de.616049.xyz: [Errno -2] Name or service not known
2026-01-24 16:44:25,961 - DEBUG - DNS解析重试中 de.616049.xyz: [Errno -2] Name or service not known
2026-01-24 16:44:26,963 - WARNING - [de.616049.xyz (FRA)] ├─ 无有效DNS记录，触发紧急更新
2026-01-24 16:57:26,187 - ERROR - CFST更新失败: None
2026-01-24 16:57:26,190 - DEBUG - Starting new HTTPS connection (1): api.telegram.org:443
2026-01-24 16:57:26,600 - DEBUG - https://api.telegram.org:443 "POST /bot/sendMessage HTTP/1.1" 404 55
