2026-05-22 05:22:07,099 - INFO - 启动维护任务 | 协议类型: IPV4
2026-05-22 05:22:07,099 - INFO - --------------------------------------------------
2026-05-22 05:22:07,099 - INFO - [hk.616049.xyz (HKG)] 开始处理节点维护
2026-05-22 05:22:07,117 - DEBUG - DNS解析重试中 hk.616049.xyz: [Errno -2] Name or service not known
2026-05-22 05:22:08,143 - DEBUG - DNS解析重试中 hk.616049.xyz: [Errno -2] Name or service not known
2026-05-22 05:22:09,156 - DEBUG - DNS解析重试中 hk.616049.xyz: [Errno -2] Name or service not known
2026-05-22 05:22:10,157 - WARNING - [hk.616049.xyz (HKG)] ├─ 无有效DNS记录，触发紧急更新
2026-05-22 05:35:06,733 - ERROR - CFST更新失败: None
2026-05-22 05:35:06,734 - INFO - --------------------------------------------------
2026-05-22 05:35:06,734 - INFO - [us.616049.xyz (LAX)] 开始处理节点维护
2026-05-22 05:35:06,758 - DEBUG - DNS解析重试中 us.616049.xyz: [Errno -2] Name or service not known
2026-05-22 05:35:07,772 - DEBUG - DNS解析重试中 us.616049.xyz: [Errno -2] Name or service not known
2026-05-22 05:35:08,790 - DEBUG - DNS解析重试中 us.616049.xyz: [Errno -2] Name or service not known
2026-05-22 05:35:09,792 - WARNING - [us.616049.xyz (LAX)] ├─ 无有效DNS记录，触发紧急更新
2026-05-22 05:48:05,958 - ERROR - CFST更新失败: None
2026-05-22 05:48:05,958 - INFO - --------------------------------------------------
2026-05-22 05:48:05,958 - INFO - [de.616049.xyz (FRA)] 开始处理节点维护
2026-05-22 05:48:05,972 - DEBUG - DNS解析重试中 de.616049.xyz: [Errno -2] Name or service not known
2026-05-22 05:48:06,980 - DEBUG - DNS解析重试中 de.616049.xyz: [Errno -2] Name or service not known
2026-05-22 05:48:08,014 - DEBUG - DNS解析重试中 de.616049.xyz: [Errno -2] Name or service not known
2026-05-22 05:48:09,015 - WARNING - [de.616049.xyz (FRA)] ├─ 无有效DNS记录，触发紧急更新
2026-05-22 06:01:08,774 - ERROR - CFST更新失败: None
2026-05-22 06:01:08,778 - DEBUG - Starting new HTTPS connection (1): api.telegram.org:443
2026-05-22 06:01:09,062 - DEBUG - https://api.telegram.org:443 "POST /bot/sendMessage HTTP/1.1" 404 55
