2026-04-01 22:57:20,272 - INFO - 启动维护任务 | 协议类型: IPV4
2026-04-01 22:57:20,272 - INFO - --------------------------------------------------
2026-04-01 22:57:20,273 - INFO - [hk.616049.xyz (HKG)] 开始处理节点维护
2026-04-01 22:57:20,348 - DEBUG - DNS解析重试中 hk.616049.xyz: [Errno -2] Name or service not known
2026-04-01 22:57:21,418 - DEBUG - DNS解析重试中 hk.616049.xyz: [Errno -2] Name or service not known
2026-04-01 22:57:22,489 - DEBUG - DNS解析重试中 hk.616049.xyz: [Errno -2] Name or service not known
2026-04-01 22:57:23,490 - WARNING - [hk.616049.xyz (HKG)] ├─ 无有效DNS记录，触发紧急更新
2026-04-01 23:10:25,838 - ERROR - CFST更新失败: None
2026-04-01 23:10:25,838 - INFO - --------------------------------------------------
2026-04-01 23:10:25,838 - INFO - [us.616049.xyz (LAX)] 开始处理节点维护
2026-04-01 23:10:25,855 - DEBUG - DNS解析重试中 us.616049.xyz: [Errno -2] Name or service not known
2026-04-01 23:10:26,867 - DEBUG - DNS解析重试中 us.616049.xyz: [Errno -2] Name or service not known
2026-04-01 23:10:27,885 - DEBUG - DNS解析重试中 us.616049.xyz: [Errno -2] Name or service not known
2026-04-01 23:10:28,887 - WARNING - [us.616049.xyz (LAX)] ├─ 无有效DNS记录，触发紧急更新
2026-04-01 23:23:28,624 - ERROR - CFST更新失败: None
2026-04-01 23:23:28,624 - INFO - --------------------------------------------------
2026-04-01 23:23:28,624 - INFO - [de.616049.xyz (FRA)] 开始处理节点维护
2026-04-01 23:23:28,631 - DEBUG - DNS解析重试中 de.616049.xyz: [Errno -2] Name or service not known
2026-04-01 23:23:29,650 - DEBUG - DNS解析重试中 de.616049.xyz: [Errno -2] Name or service not known
2026-04-01 23:23:30,665 - DEBUG - DNS解析重试中 de.616049.xyz: [Errno -2] Name or service not known
2026-04-01 23:23:31,666 - WARNING - [de.616049.xyz (FRA)] ├─ 无有效DNS记录，触发紧急更新
2026-04-01 23:36:29,149 - ERROR - CFST更新失败: None
2026-04-01 23:36:29,153 - DEBUG - Starting new HTTPS connection (1): api.telegram.org:443
2026-04-01 23:36:29,450 - DEBUG - https://api.telegram.org:443 "POST /bot/sendMessage HTTP/1.1" 404 55
