2026-07-11 03:17:14,807 - INFO - 启动维护任务 | 协议类型: IPV4
2026-07-11 03:17:14,807 - INFO - --------------------------------------------------
2026-07-11 03:17:14,807 - INFO - [hk.616049.xyz (HKG)] 开始处理节点维护
2026-07-11 03:17:14,836 - DEBUG - DNS解析重试中 hk.616049.xyz: [Errno -5] No address associated with hostname
2026-07-11 03:17:15,852 - DEBUG - DNS解析重试中 hk.616049.xyz: [Errno -5] No address associated with hostname
2026-07-11 03:17:16,865 - DEBUG - DNS解析重试中 hk.616049.xyz: [Errno -5] No address associated with hostname
2026-07-11 03:17:17,866 - WARNING - [hk.616049.xyz (HKG)] ├─ 无有效DNS记录，触发紧急更新
2026-07-11 03:29:49,027 - ERROR - CFST更新失败: None
2026-07-11 03:29:49,027 - INFO - --------------------------------------------------
2026-07-11 03:29:49,027 - INFO - [us.616049.xyz (LAX)] 开始处理节点维护
2026-07-11 03:29:49,061 - DEBUG - DNS解析重试中 us.616049.xyz: [Errno -5] No address associated with hostname
2026-07-11 03:29:50,104 - DEBUG - DNS解析重试中 us.616049.xyz: [Errno -5] No address associated with hostname
2026-07-11 03:29:51,120 - DEBUG - DNS解析重试中 us.616049.xyz: [Errno -5] No address associated with hostname
2026-07-11 03:29:52,121 - WARNING - [us.616049.xyz (LAX)] ├─ 无有效DNS记录，触发紧急更新
2026-07-11 03:42:23,056 - ERROR - CFST更新失败: None
2026-07-11 03:42:23,056 - INFO - --------------------------------------------------
2026-07-11 03:42:23,056 - INFO - [de.616049.xyz (FRA)] 开始处理节点维护
2026-07-11 03:42:23,068 - DEBUG - DNS解析重试中 de.616049.xyz: [Errno -5] No address associated with hostname
2026-07-11 03:42:24,090 - DEBUG - DNS解析重试中 de.616049.xyz: [Errno -5] No address associated with hostname
2026-07-11 03:42:25,106 - DEBUG - DNS解析重试中 de.616049.xyz: [Errno -5] No address associated with hostname
2026-07-11 03:42:26,107 - WARNING - [de.616049.xyz (FRA)] ├─ 无有效DNS记录，触发紧急更新
2026-07-11 03:54:58,593 - ERROR - CFST更新失败: None
2026-07-11 03:54:58,596 - DEBUG - Starting new HTTPS connection (1): api.telegram.org:443
2026-07-11 03:54:58,889 - DEBUG - https://api.telegram.org:443 "POST /bot/sendMessage HTTP/1.1" 404 55
