2026-05-06 03:09:40,656 - INFO - 启动维护任务 | 协议类型: IPV4
2026-05-06 03:09:40,656 - INFO - --------------------------------------------------
2026-05-06 03:09:40,656 - INFO - [hk.616049.xyz (HKG)] 开始处理节点维护
2026-05-06 03:09:40,678 - DEBUG - DNS解析重试中 hk.616049.xyz: [Errno -2] Name or service not known
2026-05-06 03:09:41,705 - DEBUG - DNS解析重试中 hk.616049.xyz: [Errno -2] Name or service not known
2026-05-06 03:09:42,743 - DEBUG - DNS解析重试中 hk.616049.xyz: [Errno -2] Name or service not known
2026-05-06 03:09:43,744 - WARNING - [hk.616049.xyz (HKG)] ├─ 无有效DNS记录，触发紧急更新
2026-05-06 03:22:33,990 - ERROR - CFST更新失败: None
2026-05-06 03:22:33,990 - INFO - --------------------------------------------------
2026-05-06 03:22:33,990 - INFO - [us.616049.xyz (LAX)] 开始处理节点维护
2026-05-06 03:22:34,011 - DEBUG - DNS解析重试中 us.616049.xyz: [Errno -2] Name or service not known
2026-05-06 03:22:35,038 - DEBUG - DNS解析重试中 us.616049.xyz: [Errno -2] Name or service not known
2026-05-06 03:22:36,066 - DEBUG - DNS解析重试中 us.616049.xyz: [Errno -2] Name or service not known
2026-05-06 03:22:37,068 - WARNING - [us.616049.xyz (LAX)] ├─ 无有效DNS记录，触发紧急更新
2026-05-06 03:35:27,713 - ERROR - CFST更新失败: None
2026-05-06 03:35:27,713 - INFO - --------------------------------------------------
2026-05-06 03:35:27,713 - INFO - [de.616049.xyz (FRA)] 开始处理节点维护
2026-05-06 03:35:27,739 - DEBUG - DNS解析重试中 de.616049.xyz: [Errno -2] Name or service not known
2026-05-06 03:35:28,798 - DEBUG - DNS解析重试中 de.616049.xyz: [Errno -2] Name or service not known
2026-05-06 03:35:29,821 - DEBUG - DNS解析重试中 de.616049.xyz: [Errno -2] Name or service not known
2026-05-06 03:35:30,823 - WARNING - [de.616049.xyz (FRA)] ├─ 无有效DNS记录，触发紧急更新
2026-05-06 03:48:20,837 - ERROR - CFST更新失败: None
2026-05-06 03:48:20,840 - DEBUG - Starting new HTTPS connection (1): api.telegram.org:443
2026-05-06 03:48:21,168 - DEBUG - https://api.telegram.org:443 "POST /bot/sendMessage HTTP/1.1" 404 55
