2026-03-06 20:36:34,330 - INFO - 启动维护任务 | 协议类型: IPV4
2026-03-06 20:36:34,330 - INFO - --------------------------------------------------
2026-03-06 20:36:34,330 - INFO - [hk.616049.xyz (HKG)] 开始处理节点维护
2026-03-06 20:36:34,337 - DEBUG - DNS解析重试中 hk.616049.xyz: [Errno -2] Name or service not known
2026-03-06 20:36:35,365 - DEBUG - DNS解析重试中 hk.616049.xyz: [Errno -2] Name or service not known
2026-03-06 20:36:36,385 - DEBUG - DNS解析重试中 hk.616049.xyz: [Errno -2] Name or service not known
2026-03-06 20:36:37,386 - WARNING - [hk.616049.xyz (HKG)] ├─ 无有效DNS记录，触发紧急更新
2026-03-06 20:49:31,415 - ERROR - CFST更新失败: None
2026-03-06 20:49:31,415 - INFO - --------------------------------------------------
2026-03-06 20:49:31,415 - INFO - [us.616049.xyz (LAX)] 开始处理节点维护
2026-03-06 20:49:31,432 - DEBUG - DNS解析重试中 us.616049.xyz: [Errno -2] Name or service not known
2026-03-06 20:49:32,446 - DEBUG - DNS解析重试中 us.616049.xyz: [Errno -2] Name or service not known
2026-03-06 20:49:33,452 - DEBUG - DNS解析重试中 us.616049.xyz: [Errno -2] Name or service not known
2026-03-06 20:49:34,453 - WARNING - [us.616049.xyz (LAX)] ├─ 无有效DNS记录，触发紧急更新
2026-03-06 21:02:27,877 - ERROR - CFST更新失败: None
2026-03-06 21:02:27,878 - INFO - --------------------------------------------------
2026-03-06 21:02:27,878 - INFO - [de.616049.xyz (FRA)] 开始处理节点维护
2026-03-06 21:02:27,899 - DEBUG - DNS解析重试中 de.616049.xyz: [Errno -2] Name or service not known
2026-03-06 21:02:28,917 - DEBUG - DNS解析重试中 de.616049.xyz: [Errno -2] Name or service not known
2026-03-06 21:02:29,926 - DEBUG - DNS解析重试中 de.616049.xyz: [Errno -2] Name or service not known
2026-03-06 21:02:30,928 - WARNING - [de.616049.xyz (FRA)] ├─ 无有效DNS记录，触发紧急更新
2026-03-06 21:15:23,970 - ERROR - CFST更新失败: None
2026-03-06 21:15:23,973 - DEBUG - Starting new HTTPS connection (1): api.telegram.org:443
2026-03-06 21:15:24,448 - DEBUG - https://api.telegram.org:443 "POST /bot/sendMessage HTTP/1.1" 404 55
