2026-01-31 20:30:17,621 - INFO - 启动维护任务 | 协议类型: IPV4
2026-01-31 20:30:17,621 - INFO - --------------------------------------------------
2026-01-31 20:30:17,622 - INFO - [hk.616049.xyz (HKG)] 开始处理节点维护
2026-01-31 20:30:17,643 - DEBUG - DNS解析重试中 hk.616049.xyz: [Errno -2] Name or service not known
2026-01-31 20:30:18,672 - DEBUG - DNS解析重试中 hk.616049.xyz: [Errno -2] Name or service not known
2026-01-31 20:30:19,713 - DEBUG - DNS解析重试中 hk.616049.xyz: [Errno -2] Name or service not known
2026-01-31 20:30:20,714 - WARNING - [hk.616049.xyz (HKG)] ├─ 无有效DNS记录，触发紧急更新
2026-01-31 20:43:17,430 - ERROR - CFST更新失败: None
2026-01-31 20:43:17,430 - INFO - --------------------------------------------------
2026-01-31 20:43:17,430 - INFO - [us.616049.xyz (LAX)] 开始处理节点维护
2026-01-31 20:43:17,452 - DEBUG - DNS解析重试中 us.616049.xyz: [Errno -2] Name or service not known
2026-01-31 20:43:18,476 - DEBUG - DNS解析重试中 us.616049.xyz: [Errno -2] Name or service not known
2026-01-31 20:43:19,515 - DEBUG - DNS解析重试中 us.616049.xyz: [Errno -2] Name or service not known
2026-01-31 20:43:20,516 - WARNING - [us.616049.xyz (LAX)] ├─ 无有效DNS记录，触发紧急更新
2026-01-31 20:56:16,790 - ERROR - CFST更新失败: None
2026-01-31 20:56:16,791 - INFO - --------------------------------------------------
2026-01-31 20:56:16,791 - INFO - [de.616049.xyz (FRA)] 开始处理节点维护
2026-01-31 20:56:16,812 - DEBUG - DNS解析重试中 de.616049.xyz: [Errno -2] Name or service not known
2026-01-31 20:56:17,852 - DEBUG - DNS解析重试中 de.616049.xyz: [Errno -2] Name or service not known
2026-01-31 20:56:18,891 - DEBUG - DNS解析重试中 de.616049.xyz: [Errno -2] Name or service not known
2026-01-31 20:56:19,892 - WARNING - [de.616049.xyz (FRA)] ├─ 无有效DNS记录，触发紧急更新
2026-01-31 21:09:16,583 - ERROR - CFST更新失败: None
2026-01-31 21:09:16,586 - DEBUG - Starting new HTTPS connection (1): api.telegram.org:443
2026-01-31 21:09:16,902 - DEBUG - https://api.telegram.org:443 "POST /bot/sendMessage HTTP/1.1" 404 55
