2026-05-12 18:25:06,181 - INFO - 启动维护任务 | 协议类型: IPV4
2026-05-12 18:25:06,181 - INFO - --------------------------------------------------
2026-05-12 18:25:06,181 - INFO - [hk.616049.xyz (HKG)] 开始处理节点维护
2026-05-12 18:25:06,205 - DEBUG - DNS解析重试中 hk.616049.xyz: [Errno -2] Name or service not known
2026-05-12 18:25:07,222 - DEBUG - DNS解析重试中 hk.616049.xyz: [Errno -2] Name or service not known
2026-05-12 18:25:08,242 - DEBUG - DNS解析重试中 hk.616049.xyz: [Errno -2] Name or service not known
2026-05-12 18:25:09,244 - WARNING - [hk.616049.xyz (HKG)] ├─ 无有效DNS记录，触发紧急更新
2026-05-12 18:38:07,797 - ERROR - CFST更新失败: None
2026-05-12 18:38:07,797 - INFO - --------------------------------------------------
2026-05-12 18:38:07,797 - INFO - [us.616049.xyz (LAX)] 开始处理节点维护
2026-05-12 18:38:07,819 - DEBUG - DNS解析重试中 us.616049.xyz: [Errno -2] Name or service not known
2026-05-12 18:38:08,832 - DEBUG - DNS解析重试中 us.616049.xyz: [Errno -2] Name or service not known
2026-05-12 18:38:09,852 - DEBUG - DNS解析重试中 us.616049.xyz: [Errno -2] Name or service not known
2026-05-12 18:38:10,853 - WARNING - [us.616049.xyz (LAX)] ├─ 无有效DNS记录，触发紧急更新
2026-05-12 18:51:09,476 - ERROR - CFST更新失败: None
2026-05-12 18:51:09,477 - INFO - --------------------------------------------------
2026-05-12 18:51:09,477 - INFO - [de.616049.xyz (FRA)] 开始处理节点维护
2026-05-12 18:51:09,501 - DEBUG - DNS解析重试中 de.616049.xyz: [Errno -2] Name or service not known
2026-05-12 18:51:10,516 - DEBUG - DNS解析重试中 de.616049.xyz: [Errno -2] Name or service not known
2026-05-12 18:51:11,530 - DEBUG - DNS解析重试中 de.616049.xyz: [Errno -2] Name or service not known
2026-05-12 18:51:12,532 - WARNING - [de.616049.xyz (FRA)] ├─ 无有效DNS记录，触发紧急更新
2026-05-12 19:04:11,588 - ERROR - CFST更新失败: None
2026-05-12 19:04:11,592 - DEBUG - Starting new HTTPS connection (1): api.telegram.org:443
2026-05-12 19:04:11,885 - DEBUG - https://api.telegram.org:443 "POST /bot/sendMessage HTTP/1.1" 404 55
