2026-03-08 18:17:52,790 - INFO - 启动维护任务 | 协议类型: IPV4
2026-03-08 18:17:52,790 - INFO - --------------------------------------------------
2026-03-08 18:17:52,791 - INFO - [hk.616049.xyz (HKG)] 开始处理节点维护
2026-03-08 18:17:52,836 - DEBUG - DNS解析重试中 hk.616049.xyz: [Errno -2] Name or service not known
2026-03-08 18:17:53,880 - DEBUG - DNS解析重试中 hk.616049.xyz: [Errno -2] Name or service not known
2026-03-08 18:17:54,912 - DEBUG - DNS解析重试中 hk.616049.xyz: [Errno -2] Name or service not known
2026-03-08 18:17:55,914 - WARNING - [hk.616049.xyz (HKG)] ├─ 无有效DNS记录，触发紧急更新
2026-03-08 18:31:14,119 - ERROR - CFST更新失败: None
2026-03-08 18:31:14,120 - INFO - --------------------------------------------------
2026-03-08 18:31:14,120 - INFO - [us.616049.xyz (LAX)] 开始处理节点维护
2026-03-08 18:31:14,151 - DEBUG - DNS解析重试中 us.616049.xyz: [Errno -2] Name or service not known
2026-03-08 18:31:15,157 - DEBUG - DNS解析重试中 us.616049.xyz: [Errno -2] Name or service not known
2026-03-08 18:31:16,172 - DEBUG - DNS解析重试中 us.616049.xyz: [Errno -2] Name or service not known
2026-03-08 18:31:17,174 - WARNING - [us.616049.xyz (LAX)] ├─ 无有效DNS记录，触发紧急更新
2026-03-08 18:44:25,046 - ERROR - CFST更新失败: None
2026-03-08 18:44:25,047 - INFO - --------------------------------------------------
2026-03-08 18:44:25,047 - INFO - [de.616049.xyz (FRA)] 开始处理节点维护
2026-03-08 18:44:25,077 - DEBUG - DNS解析重试中 de.616049.xyz: [Errno -2] Name or service not known
2026-03-08 18:44:26,133 - DEBUG - DNS解析重试中 de.616049.xyz: [Errno -2] Name or service not known
2026-03-08 18:44:27,165 - DEBUG - DNS解析重试中 de.616049.xyz: [Errno -2] Name or service not known
2026-03-08 18:44:28,166 - WARNING - [de.616049.xyz (FRA)] ├─ 无有效DNS记录，触发紧急更新
2026-03-08 18:57:36,134 - ERROR - CFST更新失败: None
2026-03-08 18:57:36,138 - DEBUG - Starting new HTTPS connection (1): api.telegram.org:443
2026-03-08 18:57:36,572 - DEBUG - https://api.telegram.org:443 "POST /bot/sendMessage HTTP/1.1" 404 55
