2026-01-22 04:23:16,514 - INFO - 启动维护任务 | 协议类型: IPV4
2026-01-22 04:23:16,514 - INFO - --------------------------------------------------
2026-01-22 04:23:16,514 - INFO - [hk.616049.xyz (HKG)] 开始处理节点维护
2026-01-22 04:23:16,536 - DEBUG - DNS解析重试中 hk.616049.xyz: [Errno -2] Name or service not known
2026-01-22 04:23:17,541 - DEBUG - DNS解析重试中 hk.616049.xyz: [Errno -2] Name or service not known
2026-01-22 04:23:18,561 - DEBUG - DNS解析重试中 hk.616049.xyz: [Errno -2] Name or service not known
2026-01-22 04:23:19,561 - WARNING - [hk.616049.xyz (HKG)] ├─ 无有效DNS记录，触发紧急更新
2026-01-22 04:36:17,320 - ERROR - CFST更新失败: None
2026-01-22 04:36:17,321 - INFO - --------------------------------------------------
2026-01-22 04:36:17,321 - INFO - [us.616049.xyz (LAX)] 开始处理节点维护
2026-01-22 04:36:17,345 - DEBUG - DNS解析重试中 us.616049.xyz: [Errno -2] Name or service not known
2026-01-22 04:36:18,352 - DEBUG - DNS解析重试中 us.616049.xyz: [Errno -2] Name or service not known
2026-01-22 04:36:19,373 - DEBUG - DNS解析重试中 us.616049.xyz: [Errno -2] Name or service not known
2026-01-22 04:36:20,375 - WARNING - [us.616049.xyz (LAX)] ├─ 无有效DNS记录，触发紧急更新
2026-01-22 04:49:17,461 - ERROR - CFST更新失败: None
2026-01-22 04:49:17,461 - INFO - --------------------------------------------------
2026-01-22 04:49:17,461 - INFO - [de.616049.xyz (FRA)] 开始处理节点维护
2026-01-22 04:49:17,494 - DEBUG - DNS解析重试中 de.616049.xyz: [Errno -2] Name or service not known
2026-01-22 04:49:18,518 - DEBUG - DNS解析重试中 de.616049.xyz: [Errno -2] Name or service not known
2026-01-22 04:49:19,541 - DEBUG - DNS解析重试中 de.616049.xyz: [Errno -2] Name or service not known
2026-01-22 04:49:20,542 - WARNING - [de.616049.xyz (FRA)] ├─ 无有效DNS记录，触发紧急更新
2026-01-22 05:02:17,649 - ERROR - CFST更新失败: None
2026-01-22 05:02:17,652 - DEBUG - Starting new HTTPS connection (1): api.telegram.org:443
2026-01-22 05:02:18,092 - DEBUG - https://api.telegram.org:443 "POST /bot/sendMessage HTTP/1.1" 404 55
