2026-05-02 02:59:57,865 - INFO - 启动维护任务 | 协议类型: IPV4
2026-05-02 02:59:57,865 - INFO - --------------------------------------------------
2026-05-02 02:59:57,865 - INFO - [hk.616049.xyz (HKG)] 开始处理节点维护
2026-05-02 02:59:57,877 - DEBUG - DNS解析重试中 hk.616049.xyz: [Errno -2] Name or service not known
2026-05-02 02:59:58,886 - DEBUG - DNS解析重试中 hk.616049.xyz: [Errno -2] Name or service not known
2026-05-02 02:59:59,903 - DEBUG - DNS解析重试中 hk.616049.xyz: [Errno -2] Name or service not known
2026-05-02 03:00:00,904 - WARNING - [hk.616049.xyz (HKG)] ├─ 无有效DNS记录，触发紧急更新
2026-05-02 03:12:53,779 - ERROR - CFST更新失败: None
2026-05-02 03:12:53,779 - INFO - --------------------------------------------------
2026-05-02 03:12:53,780 - INFO - [us.616049.xyz (LAX)] 开始处理节点维护
2026-05-02 03:12:53,791 - DEBUG - DNS解析重试中 us.616049.xyz: [Errno -2] Name or service not known
2026-05-02 03:12:54,801 - DEBUG - DNS解析重试中 us.616049.xyz: [Errno -2] Name or service not known
2026-05-02 03:12:55,815 - DEBUG - DNS解析重试中 us.616049.xyz: [Errno -2] Name or service not known
2026-05-02 03:12:56,816 - WARNING - [us.616049.xyz (LAX)] ├─ 无有效DNS记录，触发紧急更新
2026-05-02 03:25:48,810 - ERROR - CFST更新失败: None
2026-05-02 03:25:48,810 - INFO - --------------------------------------------------
2026-05-02 03:25:48,810 - INFO - [de.616049.xyz (FRA)] 开始处理节点维护
2026-05-02 03:25:48,818 - DEBUG - DNS解析重试中 de.616049.xyz: [Errno -2] Name or service not known
2026-05-02 03:25:49,827 - DEBUG - DNS解析重试中 de.616049.xyz: [Errno -2] Name or service not known
2026-05-02 03:25:50,837 - DEBUG - DNS解析重试中 de.616049.xyz: [Errno -2] Name or service not known
2026-05-02 03:25:51,838 - WARNING - [de.616049.xyz (FRA)] ├─ 无有效DNS记录，触发紧急更新
2026-05-02 03:38:43,914 - ERROR - CFST更新失败: None
2026-05-02 03:38:43,918 - DEBUG - Starting new HTTPS connection (1): api.telegram.org:443
2026-05-02 03:38:44,198 - DEBUG - https://api.telegram.org:443 "POST /bot/sendMessage HTTP/1.1" 404 55
