2026-03-08 02:22:38,185 - INFO - 启动维护任务 | 协议类型: IPV4
2026-03-08 02:22:38,185 - INFO - --------------------------------------------------
2026-03-08 02:22:38,185 - INFO - [hk.616049.xyz (HKG)] 开始处理节点维护
2026-03-08 02:22:38,210 - DEBUG - DNS解析重试中 hk.616049.xyz: [Errno -2] Name or service not known
2026-03-08 02:22:39,248 - DEBUG - DNS解析重试中 hk.616049.xyz: [Errno -2] Name or service not known
2026-03-08 02:22:40,277 - DEBUG - DNS解析重试中 hk.616049.xyz: [Errno -2] Name or service not known
2026-03-08 02:22:41,279 - WARNING - [hk.616049.xyz (HKG)] ├─ 无有效DNS记录，触发紧急更新
2026-03-08 02:35:46,328 - ERROR - CFST更新失败: None
2026-03-08 02:35:46,328 - INFO - --------------------------------------------------
2026-03-08 02:35:46,328 - INFO - [us.616049.xyz (LAX)] 开始处理节点维护
2026-03-08 02:35:46,373 - DEBUG - DNS解析重试中 us.616049.xyz: [Errno -2] Name or service not known
2026-03-08 02:35:47,449 - DEBUG - DNS解析重试中 us.616049.xyz: [Errno -2] Name or service not known
2026-03-08 02:35:48,483 - DEBUG - DNS解析重试中 us.616049.xyz: [Errno -2] Name or service not known
2026-03-08 02:35:49,484 - WARNING - [us.616049.xyz (LAX)] ├─ 无有效DNS记录，触发紧急更新
2026-03-08 02:48:54,116 - ERROR - CFST更新失败: None
2026-03-08 02:48:54,117 - INFO - --------------------------------------------------
2026-03-08 02:48:54,117 - INFO - [de.616049.xyz (FRA)] 开始处理节点维护
2026-03-08 02:48:54,143 - DEBUG - DNS解析重试中 de.616049.xyz: [Errno -2] Name or service not known
2026-03-08 02:48:55,187 - DEBUG - DNS解析重试中 de.616049.xyz: [Errno -2] Name or service not known
2026-03-08 02:48:56,223 - DEBUG - DNS解析重试中 de.616049.xyz: [Errno -2] Name or service not known
2026-03-08 02:48:57,224 - WARNING - [de.616049.xyz (FRA)] ├─ 无有效DNS记录，触发紧急更新
2026-03-08 03:02:01,765 - ERROR - CFST更新失败: None
2026-03-08 03:02:01,768 - DEBUG - Starting new HTTPS connection (1): api.telegram.org:443
2026-03-08 03:02:02,107 - DEBUG - https://api.telegram.org:443 "POST /bot/sendMessage HTTP/1.1" 404 55
