2026-06-18 07:17:24,586 - INFO - 启动维护任务 | 协议类型: IPV4
2026-06-18 07:17:24,586 - INFO - --------------------------------------------------
2026-06-18 07:17:24,586 - INFO - [hk.616049.xyz (HKG)] 开始处理节点维护
2026-06-18 07:17:24,607 - DEBUG - DNS解析重试中 hk.616049.xyz: [Errno -2] Name or service not known
2026-06-18 07:17:25,629 - DEBUG - DNS解析重试中 hk.616049.xyz: [Errno -2] Name or service not known
2026-06-18 07:17:26,643 - DEBUG - DNS解析重试中 hk.616049.xyz: [Errno -2] Name or service not known
2026-06-18 07:17:27,644 - WARNING - [hk.616049.xyz (HKG)] ├─ 无有效DNS记录，触发紧急更新
2026-06-18 07:30:11,793 - ERROR - CFST更新失败: None
2026-06-18 07:30:11,793 - INFO - --------------------------------------------------
2026-06-18 07:30:11,793 - INFO - [us.616049.xyz (LAX)] 开始处理节点维护
2026-06-18 07:30:11,843 - DEBUG - DNS解析重试中 us.616049.xyz: [Errno -2] Name or service not known
2026-06-18 07:30:12,852 - DEBUG - DNS解析重试中 us.616049.xyz: [Errno -2] Name or service not known
2026-06-18 07:30:13,869 - DEBUG - DNS解析重试中 us.616049.xyz: [Errno -2] Name or service not known
2026-06-18 07:30:14,871 - WARNING - [us.616049.xyz (LAX)] ├─ 无有效DNS记录，触发紧急更新
2026-06-18 07:43:00,797 - ERROR - CFST更新失败: None
2026-06-18 07:43:00,797 - INFO - --------------------------------------------------
2026-06-18 07:43:00,798 - INFO - [de.616049.xyz (FRA)] 开始处理节点维护
2026-06-18 07:43:00,806 - DEBUG - DNS解析重试中 de.616049.xyz: [Errno -2] Name or service not known
2026-06-18 07:43:01,825 - DEBUG - DNS解析重试中 de.616049.xyz: [Errno -2] Name or service not known
2026-06-18 07:43:02,842 - DEBUG - DNS解析重试中 de.616049.xyz: [Errno -2] Name or service not known
2026-06-18 07:43:03,844 - WARNING - [de.616049.xyz (FRA)] ├─ 无有效DNS记录，触发紧急更新
2026-06-18 07:55:48,521 - ERROR - CFST更新失败: None
2026-06-18 07:55:48,526 - DEBUG - Starting new HTTPS connection (1): api.telegram.org:443
2026-06-18 07:55:48,807 - DEBUG - https://api.telegram.org:443 "POST /bot/sendMessage HTTP/1.1" 404 55
