2026-02-20 09:19:29,034 - INFO - 启动维护任务 | 协议类型: IPV4
2026-02-20 09:19:29,034 - INFO - --------------------------------------------------
2026-02-20 09:19:29,034 - INFO - [hk.616049.xyz (HKG)] 开始处理节点维护
2026-02-20 09:19:29,044 - DEBUG - DNS解析重试中 hk.616049.xyz: [Errno -2] Name or service not known
2026-02-20 09:19:30,074 - DEBUG - DNS解析重试中 hk.616049.xyz: [Errno -2] Name or service not known
2026-02-20 09:19:31,086 - DEBUG - DNS解析重试中 hk.616049.xyz: [Errno -2] Name or service not known
2026-02-20 09:19:32,087 - WARNING - [hk.616049.xyz (HKG)] ├─ 无有效DNS记录，触发紧急更新
2026-02-20 09:32:29,916 - ERROR - CFST更新失败: None
2026-02-20 09:32:29,917 - INFO - --------------------------------------------------
2026-02-20 09:32:29,917 - INFO - [us.616049.xyz (LAX)] 开始处理节点维护
2026-02-20 09:32:29,950 - DEBUG - DNS解析重试中 us.616049.xyz: [Errno -2] Name or service not known
2026-02-20 09:32:30,978 - DEBUG - DNS解析重试中 us.616049.xyz: [Errno -2] Name or service not known
2026-02-20 09:32:32,373 - DEBUG - DNS解析重试中 us.616049.xyz: [Errno -2] Name or service not known
2026-02-20 09:32:33,375 - WARNING - [us.616049.xyz (LAX)] ├─ 无有效DNS记录，触发紧急更新
2026-02-20 09:45:30,942 - ERROR - CFST更新失败: None
2026-02-20 09:45:30,943 - INFO - --------------------------------------------------
2026-02-20 09:45:30,943 - INFO - [de.616049.xyz (FRA)] 开始处理节点维护
2026-02-20 09:45:30,969 - DEBUG - DNS解析重试中 de.616049.xyz: [Errno -2] Name or service not known
2026-02-20 09:45:31,990 - DEBUG - DNS解析重试中 de.616049.xyz: [Errno -2] Name or service not known
2026-02-20 09:45:33,001 - DEBUG - DNS解析重试中 de.616049.xyz: [Errno -2] Name or service not known
2026-02-20 09:45:34,003 - WARNING - [de.616049.xyz (FRA)] ├─ 无有效DNS记录，触发紧急更新
2026-02-20 09:58:34,054 - ERROR - CFST更新失败: None
2026-02-20 09:58:34,058 - DEBUG - Starting new HTTPS connection (1): api.telegram.org:443
2026-02-20 09:58:34,357 - DEBUG - https://api.telegram.org:443 "POST /bot/sendMessage HTTP/1.1" 404 55
