2026-06-26 07:09:30,346 - INFO - 启动维护任务 | 协议类型: IPV4
2026-06-26 07:09:30,346 - INFO - --------------------------------------------------
2026-06-26 07:09:30,347 - INFO - [hk.616049.xyz (HKG)] 开始处理节点维护
2026-06-26 07:09:30,379 - DEBUG - DNS解析重试中 hk.616049.xyz: [Errno -2] Name or service not known
2026-06-26 07:09:31,421 - DEBUG - DNS解析重试中 hk.616049.xyz: [Errno -2] Name or service not known
2026-06-26 07:09:32,464 - DEBUG - DNS解析重试中 hk.616049.xyz: [Errno -2] Name or service not known
2026-06-26 07:09:33,466 - WARNING - [hk.616049.xyz (HKG)] ├─ 无有效DNS记录，触发紧急更新
2026-06-26 07:22:07,723 - ERROR - CFST更新失败: None
2026-06-26 07:22:07,723 - INFO - --------------------------------------------------
2026-06-26 07:22:07,723 - INFO - [us.616049.xyz (LAX)] 开始处理节点维护
2026-06-26 07:22:07,756 - DEBUG - DNS解析重试中 us.616049.xyz: [Errno -2] Name or service not known
2026-06-26 07:22:08,788 - DEBUG - DNS解析重试中 us.616049.xyz: [Errno -2] Name or service not known
2026-06-26 07:22:09,839 - DEBUG - DNS解析重试中 us.616049.xyz: [Errno -2] Name or service not known
2026-06-26 07:22:10,840 - WARNING - [us.616049.xyz (LAX)] ├─ 无有效DNS记录，触发紧急更新
2026-06-26 07:34:44,953 - ERROR - CFST更新失败: None
2026-06-26 07:34:44,953 - INFO - --------------------------------------------------
2026-06-26 07:34:44,953 - INFO - [de.616049.xyz (FRA)] 开始处理节点维护
2026-06-26 07:34:44,999 - DEBUG - DNS解析重试中 de.616049.xyz: [Errno -2] Name or service not known
2026-06-26 07:34:46,027 - DEBUG - DNS解析重试中 de.616049.xyz: [Errno -2] Name or service not known
2026-06-26 07:34:47,052 - DEBUG - DNS解析重试中 de.616049.xyz: [Errno -2] Name or service not known
2026-06-26 07:34:48,053 - WARNING - [de.616049.xyz (FRA)] ├─ 无有效DNS记录，触发紧急更新
2026-06-26 07:47:22,218 - ERROR - CFST更新失败: None
2026-06-26 07:47:22,222 - DEBUG - Starting new HTTPS connection (1): api.telegram.org:443
2026-06-26 07:47:22,509 - DEBUG - https://api.telegram.org:443 "POST /bot/sendMessage HTTP/1.1" 404 55
