2026-04-26 00:33:05,124 - INFO - 启动维护任务 | 协议类型: IPV4
2026-04-26 00:33:05,124 - INFO - --------------------------------------------------
2026-04-26 00:33:05,124 - INFO - [hk.616049.xyz (HKG)] 开始处理节点维护
2026-04-26 00:33:05,162 - DEBUG - DNS解析重试中 hk.616049.xyz: [Errno -2] Name or service not known
2026-04-26 00:33:06,179 - DEBUG - DNS解析重试中 hk.616049.xyz: [Errno -2] Name or service not known
2026-04-26 00:33:07,210 - DEBUG - DNS解析重试中 hk.616049.xyz: [Errno -2] Name or service not known
2026-04-26 00:33:08,211 - WARNING - [hk.616049.xyz (HKG)] ├─ 无有效DNS记录，触发紧急更新
2026-04-26 00:45:44,867 - ERROR - CFST更新失败: None
2026-04-26 00:45:44,867 - INFO - --------------------------------------------------
2026-04-26 00:45:44,868 - INFO - [us.616049.xyz (LAX)] 开始处理节点维护
2026-04-26 00:45:44,899 - DEBUG - DNS解析重试中 us.616049.xyz: [Errno -2] Name or service not known
2026-04-26 00:45:45,913 - DEBUG - DNS解析重试中 us.616049.xyz: [Errno -2] Name or service not known
2026-04-26 00:45:46,942 - DEBUG - DNS解析重试中 us.616049.xyz: [Errno -2] Name or service not known
2026-04-26 00:45:47,943 - WARNING - [us.616049.xyz (LAX)] ├─ 无有效DNS记录，触发紧急更新
2026-04-26 00:58:23,858 - ERROR - CFST更新失败: None
2026-04-26 00:58:23,858 - INFO - --------------------------------------------------
2026-04-26 00:58:23,858 - INFO - [de.616049.xyz (FRA)] 开始处理节点维护
2026-04-26 00:58:23,898 - DEBUG - DNS解析重试中 de.616049.xyz: [Errno -2] Name or service not known
2026-04-26 00:58:24,930 - DEBUG - DNS解析重试中 de.616049.xyz: [Errno -2] Name or service not known
2026-04-26 00:58:26,056 - DEBUG - DNS解析重试中 de.616049.xyz: [Errno -2] Name or service not known
2026-04-26 00:58:27,057 - WARNING - [de.616049.xyz (FRA)] ├─ 无有效DNS记录，触发紧急更新
2026-04-26 01:11:02,723 - ERROR - CFST更新失败: None
2026-04-26 01:11:02,726 - DEBUG - Starting new HTTPS connection (1): api.telegram.org:443
2026-04-26 01:11:03,146 - DEBUG - https://api.telegram.org:443 "POST /bot/sendMessage HTTP/1.1" 404 55
