2026-02-25 06:25:41,575 - INFO - 启动维护任务 | 协议类型: IPV4
2026-02-25 06:25:41,575 - INFO - --------------------------------------------------
2026-02-25 06:25:41,575 - INFO - [hk.616049.xyz (HKG)] 开始处理节点维护
2026-02-25 06:25:41,582 - DEBUG - DNS解析重试中 hk.616049.xyz: [Errno -2] Name or service not known
2026-02-25 06:25:42,590 - DEBUG - DNS解析重试中 hk.616049.xyz: [Errno -2] Name or service not known
2026-02-25 06:25:43,597 - DEBUG - DNS解析重试中 hk.616049.xyz: [Errno -2] Name or service not known
2026-02-25 06:25:44,598 - WARNING - [hk.616049.xyz (HKG)] ├─ 无有效DNS记录，触发紧急更新
2026-02-25 06:38:39,282 - ERROR - CFST更新失败: None
2026-02-25 06:38:39,282 - INFO - --------------------------------------------------
2026-02-25 06:38:39,282 - INFO - [us.616049.xyz (LAX)] 开始处理节点维护
2026-02-25 06:38:39,299 - DEBUG - DNS解析重试中 us.616049.xyz: [Errno -2] Name or service not known
2026-02-25 06:38:40,318 - DEBUG - DNS解析重试中 us.616049.xyz: [Errno -2] Name or service not known
2026-02-25 06:38:41,333 - DEBUG - DNS解析重试中 us.616049.xyz: [Errno -2] Name or service not known
2026-02-25 06:38:42,334 - WARNING - [us.616049.xyz (LAX)] ├─ 无有效DNS记录，触发紧急更新
2026-02-25 06:51:36,980 - ERROR - CFST更新失败: None
2026-02-25 06:51:36,981 - INFO - --------------------------------------------------
2026-02-25 06:51:36,981 - INFO - [de.616049.xyz (FRA)] 开始处理节点维护
2026-02-25 06:51:37,010 - DEBUG - DNS解析重试中 de.616049.xyz: [Errno -2] Name or service not known
2026-02-25 06:51:38,017 - DEBUG - DNS解析重试中 de.616049.xyz: [Errno -2] Name or service not known
2026-02-25 06:51:39,033 - DEBUG - DNS解析重试中 de.616049.xyz: [Errno -2] Name or service not known
2026-02-25 06:51:40,034 - WARNING - [de.616049.xyz (FRA)] ├─ 无有效DNS记录，触发紧急更新
2026-02-25 07:04:33,935 - ERROR - CFST更新失败: None
2026-02-25 07:04:33,939 - DEBUG - Starting new HTTPS connection (1): api.telegram.org:443
2026-02-25 07:04:34,426 - DEBUG - https://api.telegram.org:443 "POST /bot/sendMessage HTTP/1.1" 404 55
