2026-05-15 18:13:37,777 - INFO - 启动维护任务 | 协议类型: IPV4
2026-05-15 18:13:37,777 - INFO - --------------------------------------------------
2026-05-15 18:13:37,777 - INFO - [hk.616049.xyz (HKG)] 开始处理节点维护
2026-05-15 18:13:37,796 - DEBUG - DNS解析重试中 hk.616049.xyz: [Errno -2] Name or service not known
2026-05-15 18:13:38,804 - DEBUG - DNS解析重试中 hk.616049.xyz: [Errno -2] Name or service not known
2026-05-15 18:13:39,823 - DEBUG - DNS解析重试中 hk.616049.xyz: [Errno -2] Name or service not known
2026-05-15 18:13:40,824 - WARNING - [hk.616049.xyz (HKG)] ├─ 无有效DNS记录，触发紧急更新
2026-05-15 18:26:42,137 - ERROR - CFST更新失败: None
2026-05-15 18:26:42,137 - INFO - --------------------------------------------------
2026-05-15 18:26:42,138 - INFO - [us.616049.xyz (LAX)] 开始处理节点维护
2026-05-15 18:26:42,150 - DEBUG - DNS解析重试中 us.616049.xyz: [Errno -2] Name or service not known
2026-05-15 18:26:43,179 - DEBUG - DNS解析重试中 us.616049.xyz: [Errno -2] Name or service not known
2026-05-15 18:26:44,192 - DEBUG - DNS解析重试中 us.616049.xyz: [Errno -2] Name or service not known
2026-05-15 18:26:45,194 - WARNING - [us.616049.xyz (LAX)] ├─ 无有效DNS记录，触发紧急更新
2026-05-15 18:39:46,615 - ERROR - CFST更新失败: None
2026-05-15 18:39:46,616 - INFO - --------------------------------------------------
2026-05-15 18:39:46,616 - INFO - [de.616049.xyz (FRA)] 开始处理节点维护
2026-05-15 18:39:46,628 - DEBUG - DNS解析重试中 de.616049.xyz: [Errno -2] Name or service not known
2026-05-15 18:39:47,666 - DEBUG - DNS解析重试中 de.616049.xyz: [Errno -2] Name or service not known
2026-05-15 18:39:48,680 - DEBUG - DNS解析重试中 de.616049.xyz: [Errno -2] Name or service not known
2026-05-15 18:39:49,682 - WARNING - [de.616049.xyz (FRA)] ├─ 无有效DNS记录，触发紧急更新
2026-05-15 18:52:52,756 - ERROR - CFST更新失败: None
2026-05-15 18:52:52,760 - DEBUG - Starting new HTTPS connection (1): api.telegram.org:443
2026-05-15 18:52:53,053 - DEBUG - https://api.telegram.org:443 "POST /bot/sendMessage HTTP/1.1" 404 55
