2026-04-21 02:54:27,432 - INFO - 启动维护任务 | 协议类型: IPV4
2026-04-21 02:54:27,432 - INFO - --------------------------------------------------
2026-04-21 02:54:27,432 - INFO - [hk.616049.xyz (HKG)] 开始处理节点维护
2026-04-21 02:54:27,478 - DEBUG - DNS解析重试中 hk.616049.xyz: [Errno -2] Name or service not known
2026-04-21 02:54:28,499 - DEBUG - DNS解析重试中 hk.616049.xyz: [Errno -2] Name or service not known
2026-04-21 02:54:29,507 - DEBUG - DNS解析重试中 hk.616049.xyz: [Errno -2] Name or service not known
2026-04-21 02:54:30,508 - WARNING - [hk.616049.xyz (HKG)] ├─ 无有效DNS记录，触发紧急更新
2026-04-21 03:07:28,932 - ERROR - CFST更新失败: None
2026-04-21 03:07:28,932 - INFO - --------------------------------------------------
2026-04-21 03:07:28,932 - INFO - [us.616049.xyz (LAX)] 开始处理节点维护
2026-04-21 03:07:28,956 - DEBUG - DNS解析重试中 us.616049.xyz: [Errno -2] Name or service not known
2026-04-21 03:07:29,974 - DEBUG - DNS解析重试中 us.616049.xyz: [Errno -2] Name or service not known
2026-04-21 03:07:31,004 - DEBUG - DNS解析重试中 us.616049.xyz: [Errno -2] Name or service not known
2026-04-21 03:07:32,006 - WARNING - [us.616049.xyz (LAX)] ├─ 无有效DNS记录，触发紧急更新
2026-04-21 03:20:30,186 - ERROR - CFST更新失败: None
2026-04-21 03:20:30,186 - INFO - --------------------------------------------------
2026-04-21 03:20:30,186 - INFO - [de.616049.xyz (FRA)] 开始处理节点维护
2026-04-21 03:20:30,489 - DEBUG - DNS解析重试中 de.616049.xyz: [Errno -2] Name or service not known
2026-04-21 03:20:31,523 - DEBUG - DNS解析重试中 de.616049.xyz: [Errno -2] Name or service not known
2026-04-21 03:20:32,536 - DEBUG - DNS解析重试中 de.616049.xyz: [Errno -2] Name or service not known
2026-04-21 03:20:33,537 - WARNING - [de.616049.xyz (FRA)] ├─ 无有效DNS记录，触发紧急更新
2026-04-21 03:33:31,920 - ERROR - CFST更新失败: None
2026-04-21 03:33:31,924 - DEBUG - Starting new HTTPS connection (1): api.telegram.org:443
2026-04-21 03:33:32,220 - DEBUG - https://api.telegram.org:443 "POST /bot/sendMessage HTTP/1.1" 404 55
