2026-01-26 09:13:38,554 - INFO - 启动维护任务 | 协议类型: IPV4
2026-01-26 09:13:38,554 - INFO - --------------------------------------------------
2026-01-26 09:13:38,554 - INFO - [hk.616049.xyz (HKG)] 开始处理节点维护
2026-01-26 09:13:38,576 - DEBUG - DNS解析重试中 hk.616049.xyz: [Errno -2] Name or service not known
2026-01-26 09:13:39,598 - DEBUG - DNS解析重试中 hk.616049.xyz: [Errno -2] Name or service not known
2026-01-26 09:13:40,638 - DEBUG - DNS解析重试中 hk.616049.xyz: [Errno -2] Name or service not known
2026-01-26 09:13:41,639 - WARNING - [hk.616049.xyz (HKG)] ├─ 无有效DNS记录，触发紧急更新
2026-01-26 09:26:36,548 - ERROR - CFST更新失败: None
2026-01-26 09:26:36,548 - INFO - --------------------------------------------------
2026-01-26 09:26:36,548 - INFO - [us.616049.xyz (LAX)] 开始处理节点维护
2026-01-26 09:26:36,570 - DEBUG - DNS解析重试中 us.616049.xyz: [Errno -2] Name or service not known
2026-01-26 09:26:37,590 - DEBUG - DNS解析重试中 us.616049.xyz: [Errno -2] Name or service not known
2026-01-26 09:26:38,614 - DEBUG - DNS解析重试中 us.616049.xyz: [Errno -2] Name or service not known
2026-01-26 09:26:39,616 - WARNING - [us.616049.xyz (LAX)] ├─ 无有效DNS记录，触发紧急更新
2026-01-26 09:39:34,509 - ERROR - CFST更新失败: None
2026-01-26 09:39:34,509 - INFO - --------------------------------------------------
2026-01-26 09:39:34,509 - INFO - [de.616049.xyz (FRA)] 开始处理节点维护
2026-01-26 09:39:34,535 - DEBUG - DNS解析重试中 de.616049.xyz: [Errno -2] Name or service not known
2026-01-26 09:39:35,558 - DEBUG - DNS解析重试中 de.616049.xyz: [Errno -2] Name or service not known
2026-01-26 09:39:36,579 - DEBUG - DNS解析重试中 de.616049.xyz: [Errno -2] Name or service not known
2026-01-26 09:39:37,580 - WARNING - [de.616049.xyz (FRA)] ├─ 无有效DNS记录，触发紧急更新
2026-01-26 09:52:32,416 - ERROR - CFST更新失败: None
2026-01-26 09:52:32,420 - DEBUG - Starting new HTTPS connection (1): api.telegram.org:443
2026-01-26 09:52:32,763 - DEBUG - https://api.telegram.org:443 "POST /bot/sendMessage HTTP/1.1" 404 55
