2026-06-08 22:00:05,313 - INFO - 启动维护任务 | 协议类型: IPV4
2026-06-08 22:00:05,313 - INFO - --------------------------------------------------
2026-06-08 22:00:05,313 - INFO - [hk.616049.xyz (HKG)] 开始处理节点维护
2026-06-08 22:00:05,325 - DEBUG - DNS解析重试中 hk.616049.xyz: [Errno -2] Name or service not known
2026-06-08 22:00:06,332 - DEBUG - DNS解析重试中 hk.616049.xyz: [Errno -2] Name or service not known
2026-06-08 22:00:07,348 - DEBUG - DNS解析重试中 hk.616049.xyz: [Errno -2] Name or service not known
2026-06-08 22:00:08,349 - WARNING - [hk.616049.xyz (HKG)] ├─ 无有效DNS记录，触发紧急更新
2026-06-08 22:12:49,384 - ERROR - CFST更新失败: None
2026-06-08 22:12:49,384 - INFO - --------------------------------------------------
2026-06-08 22:12:49,384 - INFO - [us.616049.xyz (LAX)] 开始处理节点维护
2026-06-08 22:12:49,394 - DEBUG - DNS解析重试中 us.616049.xyz: [Errno -2] Name or service not known
2026-06-08 22:12:50,409 - DEBUG - DNS解析重试中 us.616049.xyz: [Errno -2] Name or service not known
2026-06-08 22:12:51,427 - DEBUG - DNS解析重试中 us.616049.xyz: [Errno -2] Name or service not known
2026-06-08 22:12:52,428 - WARNING - [us.616049.xyz (LAX)] ├─ 无有效DNS记录，触发紧急更新
2026-06-08 22:25:31,678 - ERROR - CFST更新失败: None
2026-06-08 22:25:31,678 - INFO - --------------------------------------------------
2026-06-08 22:25:31,678 - INFO - [de.616049.xyz (FRA)] 开始处理节点维护
2026-06-08 22:25:31,696 - DEBUG - DNS解析重试中 de.616049.xyz: [Errno -2] Name or service not known
2026-06-08 22:25:32,708 - DEBUG - DNS解析重试中 de.616049.xyz: [Errno -2] Name or service not known
2026-06-08 22:25:33,724 - DEBUG - DNS解析重试中 de.616049.xyz: [Errno -2] Name or service not known
2026-06-08 22:25:34,725 - WARNING - [de.616049.xyz (FRA)] ├─ 无有效DNS记录，触发紧急更新
2026-06-08 22:38:13,804 - ERROR - CFST更新失败: None
2026-06-08 22:38:13,807 - DEBUG - Starting new HTTPS connection (1): api.telegram.org:443
2026-06-08 22:38:14,105 - DEBUG - https://api.telegram.org:443 "POST /bot/sendMessage HTTP/1.1" 404 55
