2026-06-13 23:26:31,200 - INFO - 启动维护任务 | 协议类型: IPV4
2026-06-13 23:26:31,200 - INFO - --------------------------------------------------
2026-06-13 23:26:31,200 - INFO - [hk.616049.xyz (HKG)] 开始处理节点维护
2026-06-13 23:26:31,237 - DEBUG - DNS解析重试中 hk.616049.xyz: [Errno -2] Name or service not known
2026-06-13 23:26:32,266 - DEBUG - DNS解析重试中 hk.616049.xyz: [Errno -2] Name or service not known
2026-06-13 23:26:33,271 - DEBUG - DNS解析重试中 hk.616049.xyz: [Errno -2] Name or service not known
2026-06-13 23:26:34,273 - WARNING - [hk.616049.xyz (HKG)] ├─ 无有效DNS记录，触发紧急更新
2026-06-13 23:38:55,000 - ERROR - CFST更新失败: None
2026-06-13 23:38:55,001 - INFO - --------------------------------------------------
2026-06-13 23:38:55,001 - INFO - [us.616049.xyz (LAX)] 开始处理节点维护
2026-06-13 23:38:55,030 - DEBUG - DNS解析重试中 us.616049.xyz: [Errno -2] Name or service not known
2026-06-13 23:38:56,108 - DEBUG - DNS解析重试中 us.616049.xyz: [Errno -2] Name or service not known
2026-06-13 23:38:57,146 - DEBUG - DNS解析重试中 us.616049.xyz: [Errno -2] Name or service not known
2026-06-13 23:38:58,147 - WARNING - [us.616049.xyz (LAX)] ├─ 无有效DNS记录，触发紧急更新
2026-06-13 23:51:13,457 - ERROR - CFST更新失败: None
2026-06-13 23:51:13,457 - INFO - --------------------------------------------------
2026-06-13 23:51:13,457 - INFO - [de.616049.xyz (FRA)] 开始处理节点维护
2026-06-13 23:51:13,487 - DEBUG - DNS解析重试中 de.616049.xyz: [Errno -2] Name or service not known
2026-06-13 23:51:14,504 - DEBUG - DNS解析重试中 de.616049.xyz: [Errno -2] Name or service not known
2026-06-13 23:51:15,533 - DEBUG - DNS解析重试中 de.616049.xyz: [Errno -2] Name or service not known
2026-06-13 23:51:16,534 - WARNING - [de.616049.xyz (FRA)] ├─ 无有效DNS记录，触发紧急更新
2026-06-14 00:03:36,882 - ERROR - CFST更新失败: None
2026-06-14 00:03:36,885 - DEBUG - Starting new HTTPS connection (1): api.telegram.org:443
2026-06-14 00:03:37,496 - DEBUG - https://api.telegram.org:443 "POST /bot/sendMessage HTTP/1.1" 404 55
