2026-03-12 22:42:40,821 - INFO - 启动维护任务 | 协议类型: IPV4
2026-03-12 22:42:40,821 - INFO - --------------------------------------------------
2026-03-12 22:42:40,821 - INFO - [hk.616049.xyz (HKG)] 开始处理节点维护
2026-03-12 22:42:40,847 - DEBUG - DNS解析重试中 hk.616049.xyz: [Errno -2] Name or service not known
2026-03-12 22:42:41,872 - DEBUG - DNS解析重试中 hk.616049.xyz: [Errno -2] Name or service not known
2026-03-12 22:42:42,878 - DEBUG - DNS解析重试中 hk.616049.xyz: [Errno -2] Name or service not known
2026-03-12 22:42:43,879 - WARNING - [hk.616049.xyz (HKG)] ├─ 无有效DNS记录，触发紧急更新
2026-03-12 22:55:39,789 - ERROR - CFST更新失败: None
2026-03-12 22:55:39,789 - INFO - --------------------------------------------------
2026-03-12 22:55:39,789 - INFO - [us.616049.xyz (LAX)] 开始处理节点维护
2026-03-12 22:55:39,827 - DEBUG - DNS解析重试中 us.616049.xyz: [Errno -2] Name or service not known
2026-03-12 22:55:40,840 - DEBUG - DNS解析重试中 us.616049.xyz: [Errno -2] Name or service not known
2026-03-12 22:55:41,852 - DEBUG - DNS解析重试中 us.616049.xyz: [Errno -2] Name or service not known
2026-03-12 22:55:42,853 - WARNING - [us.616049.xyz (LAX)] ├─ 无有效DNS记录，触发紧急更新
2026-03-12 23:08:38,042 - ERROR - CFST更新失败: None
2026-03-12 23:08:38,042 - INFO - --------------------------------------------------
2026-03-12 23:08:38,043 - INFO - [de.616049.xyz (FRA)] 开始处理节点维护
2026-03-12 23:08:38,068 - DEBUG - DNS解析重试中 de.616049.xyz: [Errno -2] Name or service not known
2026-03-12 23:08:39,080 - DEBUG - DNS解析重试中 de.616049.xyz: [Errno -2] Name or service not known
2026-03-12 23:08:40,108 - DEBUG - DNS解析重试中 de.616049.xyz: [Errno -2] Name or service not known
2026-03-12 23:08:41,109 - WARNING - [de.616049.xyz (FRA)] ├─ 无有效DNS记录，触发紧急更新
2026-03-12 23:21:36,388 - ERROR - CFST更新失败: None
2026-03-12 23:21:36,392 - DEBUG - Starting new HTTPS connection (1): api.telegram.org:443
2026-03-12 23:21:36,692 - DEBUG - https://api.telegram.org:443 "POST /bot/sendMessage HTTP/1.1" 404 55
