2026-04-21 15:23:42,577 - INFO - 启动维护任务 | 协议类型: IPV4
2026-04-21 15:23:42,577 - INFO - --------------------------------------------------
2026-04-21 15:23:42,577 - INFO - [hk.616049.xyz (HKG)] 开始处理节点维护
2026-04-21 15:23:42,611 - DEBUG - DNS解析重试中 hk.616049.xyz: [Errno -2] Name or service not known
2026-04-21 15:23:43,653 - DEBUG - DNS解析重试中 hk.616049.xyz: [Errno -2] Name or service not known
2026-04-21 15:23:44,660 - DEBUG - DNS解析重试中 hk.616049.xyz: [Errno -2] Name or service not known
2026-04-21 15:23:45,661 - WARNING - [hk.616049.xyz (HKG)] ├─ 无有效DNS记录，触发紧急更新
2026-04-21 15:36:50,971 - ERROR - CFST更新失败: None
2026-04-21 15:36:50,971 - INFO - --------------------------------------------------
2026-04-21 15:36:50,971 - INFO - [us.616049.xyz (LAX)] 开始处理节点维护
2026-04-21 15:36:51,001 - DEBUG - DNS解析重试中 us.616049.xyz: [Errno -2] Name or service not known
2026-04-21 15:36:52,039 - DEBUG - DNS解析重试中 us.616049.xyz: [Errno -2] Name or service not known
2026-04-21 15:36:53,079 - DEBUG - DNS解析重试中 us.616049.xyz: [Errno -2] Name or service not known
2026-04-21 15:36:54,080 - WARNING - [us.616049.xyz (LAX)] ├─ 无有效DNS记录，触发紧急更新
2026-04-21 15:49:59,058 - ERROR - CFST更新失败: None
2026-04-21 15:49:59,058 - INFO - --------------------------------------------------
2026-04-21 15:49:59,058 - INFO - [de.616049.xyz (FRA)] 开始处理节点维护
2026-04-21 15:49:59,103 - DEBUG - DNS解析重试中 de.616049.xyz: [Errno -2] Name or service not known
2026-04-21 15:50:00,149 - DEBUG - DNS解析重试中 de.616049.xyz: [Errno -2] Name or service not known
2026-04-21 15:50:01,189 - DEBUG - DNS解析重试中 de.616049.xyz: [Errno -2] Name or service not known
2026-04-21 15:50:02,191 - WARNING - [de.616049.xyz (FRA)] ├─ 无有效DNS记录，触发紧急更新
2026-04-21 16:03:09,848 - ERROR - CFST更新失败: None
2026-04-21 16:03:09,852 - DEBUG - Starting new HTTPS connection (1): api.telegram.org:443
2026-04-21 16:03:10,254 - DEBUG - https://api.telegram.org:443 "POST /bot/sendMessage HTTP/1.1" 404 55
