2026-06-05 10:39:09,136 - INFO - 启动维护任务 | 协议类型: IPV4
2026-06-05 10:39:09,137 - INFO - --------------------------------------------------
2026-06-05 10:39:09,137 - INFO - [hk.616049.xyz (HKG)] 开始处理节点维护
2026-06-05 10:39:09,153 - DEBUG - DNS解析重试中 hk.616049.xyz: [Errno -2] Name or service not known
2026-06-05 10:39:10,163 - DEBUG - DNS解析重试中 hk.616049.xyz: [Errno -2] Name or service not known
2026-06-05 10:39:11,171 - DEBUG - DNS解析重试中 hk.616049.xyz: [Errno -2] Name or service not known
2026-06-05 10:39:12,172 - WARNING - [hk.616049.xyz (HKG)] ├─ 无有效DNS记录，触发紧急更新
2026-06-05 10:51:27,801 - ERROR - CFST更新失败: None
2026-06-05 10:51:27,801 - INFO - --------------------------------------------------
2026-06-05 10:51:27,802 - INFO - [us.616049.xyz (LAX)] 开始处理节点维护
2026-06-05 10:51:27,810 - DEBUG - DNS解析重试中 us.616049.xyz: [Errno -2] Name or service not known
2026-06-05 10:51:28,818 - DEBUG - DNS解析重试中 us.616049.xyz: [Errno -2] Name or service not known
2026-06-05 10:51:29,835 - DEBUG - DNS解析重试中 us.616049.xyz: [Errno -2] Name or service not known
2026-06-05 10:51:30,837 - WARNING - [us.616049.xyz (LAX)] ├─ 无有效DNS记录，触发紧急更新
2026-06-05 11:03:46,308 - ERROR - CFST更新失败: None
2026-06-05 11:03:46,308 - INFO - --------------------------------------------------
2026-06-05 11:03:46,308 - INFO - [de.616049.xyz (FRA)] 开始处理节点维护
2026-06-05 11:03:46,331 - DEBUG - DNS解析重试中 de.616049.xyz: [Errno -2] Name or service not known
2026-06-05 11:03:47,340 - DEBUG - DNS解析重试中 de.616049.xyz: [Errno -2] Name or service not known
2026-06-05 11:03:48,364 - DEBUG - DNS解析重试中 de.616049.xyz: [Errno -2] Name or service not known
2026-06-05 11:03:49,365 - WARNING - [de.616049.xyz (FRA)] ├─ 无有效DNS记录，触发紧急更新
2026-06-05 11:16:04,927 - ERROR - CFST更新失败: None
2026-06-05 11:16:04,930 - DEBUG - Starting new HTTPS connection (1): api.telegram.org:443
2026-06-05 11:16:05,405 - DEBUG - https://api.telegram.org:443 "POST /bot/sendMessage HTTP/1.1" 404 55
