2026-05-18 10:35:20,044 - INFO - 启动维护任务 | 协议类型: IPV4
2026-05-18 10:35:20,044 - INFO - --------------------------------------------------
2026-05-18 10:35:20,044 - INFO - [hk.616049.xyz (HKG)] 开始处理节点维护
2026-05-18 10:35:20,052 - DEBUG - DNS解析重试中 hk.616049.xyz: [Errno -2] Name or service not known
2026-05-18 10:35:21,060 - DEBUG - DNS解析重试中 hk.616049.xyz: [Errno -2] Name or service not known
2026-05-18 10:35:22,068 - DEBUG - DNS解析重试中 hk.616049.xyz: [Errno -2] Name or service not known
2026-05-18 10:35:23,069 - WARNING - [hk.616049.xyz (HKG)] ├─ 无有效DNS记录，触发紧急更新
2026-05-18 10:48:17,689 - ERROR - CFST更新失败: None
2026-05-18 10:48:17,689 - INFO - --------------------------------------------------
2026-05-18 10:48:17,689 - INFO - [us.616049.xyz (LAX)] 开始处理节点维护
2026-05-18 10:48:17,704 - DEBUG - DNS解析重试中 us.616049.xyz: [Errno -2] Name or service not known
2026-05-18 10:48:18,719 - DEBUG - DNS解析重试中 us.616049.xyz: [Errno -2] Name or service not known
2026-05-18 10:48:19,726 - DEBUG - DNS解析重试中 us.616049.xyz: [Errno -2] Name or service not known
2026-05-18 10:48:20,728 - WARNING - [us.616049.xyz (LAX)] ├─ 无有效DNS记录，触发紧急更新
2026-05-18 11:01:15,553 - ERROR - CFST更新失败: None
2026-05-18 11:01:15,554 - INFO - --------------------------------------------------
2026-05-18 11:01:15,554 - INFO - [de.616049.xyz (FRA)] 开始处理节点维护
2026-05-18 11:01:15,563 - DEBUG - DNS解析重试中 de.616049.xyz: [Errno -2] Name or service not known
2026-05-18 11:01:16,572 - DEBUG - DNS解析重试中 de.616049.xyz: [Errno -2] Name or service not known
2026-05-18 11:01:17,584 - DEBUG - DNS解析重试中 de.616049.xyz: [Errno -2] Name or service not known
2026-05-18 11:01:18,585 - WARNING - [de.616049.xyz (FRA)] ├─ 无有效DNS记录，触发紧急更新
2026-05-18 11:14:13,531 - ERROR - CFST更新失败: None
2026-05-18 11:14:13,535 - DEBUG - Starting new HTTPS connection (1): api.telegram.org:443
2026-05-18 11:14:14,029 - DEBUG - https://api.telegram.org:443 "POST /bot/sendMessage HTTP/1.1" 404 55
