2026-07-08 09:54:44,946 - INFO - 启动维护任务 | 协议类型: IPV4
2026-07-08 09:54:44,946 - INFO - --------------------------------------------------
2026-07-08 09:54:44,946 - INFO - [hk.616049.xyz (HKG)] 开始处理节点维护
2026-07-08 09:54:44,985 - DEBUG - DNS解析重试中 hk.616049.xyz: [Errno -5] No address associated with hostname
2026-07-08 09:54:46,028 - DEBUG - DNS解析重试中 hk.616049.xyz: [Errno -5] No address associated with hostname
2026-07-08 09:54:47,070 - DEBUG - DNS解析重试中 hk.616049.xyz: [Errno -5] No address associated with hostname
2026-07-08 09:54:48,072 - WARNING - [hk.616049.xyz (HKG)] ├─ 无有效DNS记录，触发紧急更新
2026-07-08 10:07:19,243 - ERROR - CFST更新失败: None
2026-07-08 10:07:19,243 - INFO - --------------------------------------------------
2026-07-08 10:07:19,243 - INFO - [us.616049.xyz (LAX)] 开始处理节点维护
2026-07-08 10:07:19,300 - DEBUG - DNS解析重试中 us.616049.xyz: [Errno -5] No address associated with hostname
2026-07-08 10:07:20,338 - DEBUG - DNS解析重试中 us.616049.xyz: [Errno -5] No address associated with hostname
2026-07-08 10:07:21,371 - DEBUG - DNS解析重试中 us.616049.xyz: [Errno -5] No address associated with hostname
2026-07-08 10:07:22,373 - WARNING - [us.616049.xyz (LAX)] ├─ 无有效DNS记录，触发紧急更新
2026-07-08 10:19:52,730 - ERROR - CFST更新失败: None
2026-07-08 10:19:52,730 - INFO - --------------------------------------------------
2026-07-08 10:19:52,730 - INFO - [de.616049.xyz (FRA)] 开始处理节点维护
2026-07-08 10:19:52,766 - DEBUG - DNS解析重试中 de.616049.xyz: [Errno -5] No address associated with hostname
2026-07-08 10:19:53,797 - DEBUG - DNS解析重试中 de.616049.xyz: [Errno -5] No address associated with hostname
2026-07-08 10:19:54,825 - DEBUG - DNS解析重试中 de.616049.xyz: [Errno -5] No address associated with hostname
2026-07-08 10:19:55,826 - WARNING - [de.616049.xyz (FRA)] ├─ 无有效DNS记录，触发紧急更新
2026-07-08 10:32:26,514 - ERROR - CFST更新失败: None
2026-07-08 10:32:26,517 - DEBUG - Starting new HTTPS connection (1): api.telegram.org:443
2026-07-08 10:32:26,843 - DEBUG - https://api.telegram.org:443 "POST /bot/sendMessage HTTP/1.1" 404 55
