2026-07-16 04:50:51,734 - INFO - 启动维护任务 | 协议类型: IPV4
2026-07-16 04:50:51,734 - INFO - --------------------------------------------------
2026-07-16 04:50:51,734 - INFO - [hk.616049.xyz (HKG)] 开始处理节点维护
2026-07-16 04:50:51,762 - DEBUG - DNS解析重试中 hk.616049.xyz: [Errno -5] No address associated with hostname
2026-07-16 04:50:52,790 - DEBUG - DNS解析重试中 hk.616049.xyz: [Errno -5] No address associated with hostname
2026-07-16 04:50:53,804 - DEBUG - DNS解析重试中 hk.616049.xyz: [Errno -5] No address associated with hostname
2026-07-16 04:50:54,805 - WARNING - [hk.616049.xyz (HKG)] ├─ 无有效DNS记录，触发紧急更新
2026-07-16 05:03:25,140 - ERROR - CFST更新失败: None
2026-07-16 05:03:25,141 - INFO - --------------------------------------------------
2026-07-16 05:03:25,141 - INFO - [us.616049.xyz (LAX)] 开始处理节点维护
2026-07-16 05:03:25,161 - DEBUG - DNS解析重试中 us.616049.xyz: [Errno -5] No address associated with hostname
2026-07-16 05:03:26,169 - DEBUG - DNS解析重试中 us.616049.xyz: [Errno -5] No address associated with hostname
2026-07-16 05:03:27,211 - DEBUG - DNS解析重试中 us.616049.xyz: [Errno -5] No address associated with hostname
2026-07-16 05:03:28,213 - WARNING - [us.616049.xyz (LAX)] ├─ 无有效DNS记录，触发紧急更新
2026-07-16 05:15:58,735 - ERROR - CFST更新失败: None
2026-07-16 05:15:58,736 - INFO - --------------------------------------------------
2026-07-16 05:15:58,736 - INFO - [de.616049.xyz (FRA)] 开始处理节点维护
2026-07-16 05:15:58,838 - DEBUG - DNS解析重试中 de.616049.xyz: [Errno -5] No address associated with hostname
2026-07-16 05:15:59,951 - DEBUG - DNS解析重试中 de.616049.xyz: [Errno -5] No address associated with hostname
2026-07-16 05:16:01,072 - DEBUG - DNS解析重试中 de.616049.xyz: [Errno -5] No address associated with hostname
2026-07-16 05:16:02,074 - WARNING - [de.616049.xyz (FRA)] ├─ 无有效DNS记录，触发紧急更新
2026-07-16 05:28:32,773 - ERROR - CFST更新失败: None
2026-07-16 05:28:32,776 - DEBUG - Starting new HTTPS connection (1): api.telegram.org:443
2026-07-16 05:28:33,072 - DEBUG - https://api.telegram.org:443 "POST /bot/sendMessage HTTP/1.1" 404 55
