2026-04-07 23:00:48,090 - INFO - 启动维护任务 | 协议类型: IPV4
2026-04-07 23:00:48,090 - INFO - --------------------------------------------------
2026-04-07 23:00:48,090 - INFO - [hk.616049.xyz (HKG)] 开始处理节点维护
2026-04-07 23:00:48,103 - DEBUG - DNS解析重试中 hk.616049.xyz: [Errno -2] Name or service not known
2026-04-07 23:00:49,111 - DEBUG - DNS解析重试中 hk.616049.xyz: [Errno -2] Name or service not known
2026-04-07 23:00:50,116 - DEBUG - DNS解析重试中 hk.616049.xyz: [Errno -2] Name or service not known
2026-04-07 23:00:51,117 - WARNING - [hk.616049.xyz (HKG)] ├─ 无有效DNS记录，触发紧急更新
2026-04-07 23:13:44,459 - ERROR - CFST更新失败: None
2026-04-07 23:13:44,459 - INFO - --------------------------------------------------
2026-04-07 23:13:44,459 - INFO - [us.616049.xyz (LAX)] 开始处理节点维护
2026-04-07 23:13:44,472 - DEBUG - DNS解析重试中 us.616049.xyz: [Errno -2] Name or service not known
2026-04-07 23:13:45,479 - DEBUG - DNS解析重试中 us.616049.xyz: [Errno -2] Name or service not known
2026-04-07 23:13:46,495 - DEBUG - DNS解析重试中 us.616049.xyz: [Errno -2] Name or service not known
2026-04-07 23:13:47,496 - WARNING - [us.616049.xyz (LAX)] ├─ 无有效DNS记录，触发紧急更新
2026-04-07 23:26:40,320 - ERROR - CFST更新失败: None
2026-04-07 23:26:40,320 - INFO - --------------------------------------------------
2026-04-07 23:26:40,320 - INFO - [de.616049.xyz (FRA)] 开始处理节点维护
2026-04-07 23:26:40,326 - DEBUG - DNS解析重试中 de.616049.xyz: [Errno -2] Name or service not known
2026-04-07 23:26:41,401 - DEBUG - DNS解析重试中 de.616049.xyz: [Errno -2] Name or service not known
2026-04-07 23:26:42,470 - DEBUG - DNS解析重试中 de.616049.xyz: [Errno -2] Name or service not known
2026-04-07 23:26:43,471 - WARNING - [de.616049.xyz (FRA)] ├─ 无有效DNS记录，触发紧急更新
2026-04-07 23:39:36,367 - ERROR - CFST更新失败: None
2026-04-07 23:39:36,370 - DEBUG - Starting new HTTPS connection (1): api.telegram.org:443
2026-04-07 23:39:36,862 - DEBUG - https://api.telegram.org:443 "POST /bot/sendMessage HTTP/1.1" 404 55
