2026-05-30 10:25:38,598 - INFO - 启动维护任务 | 协议类型: IPV4
2026-05-30 10:25:38,598 - INFO - --------------------------------------------------
2026-05-30 10:25:38,598 - INFO - [hk.616049.xyz (HKG)] 开始处理节点维护
2026-05-30 10:25:38,605 - DEBUG - DNS解析重试中 hk.616049.xyz: [Errno -2] Name or service not known
2026-05-30 10:25:39,613 - DEBUG - DNS解析重试中 hk.616049.xyz: [Errno -2] Name or service not known
2026-05-30 10:25:40,623 - DEBUG - DNS解析重试中 hk.616049.xyz: [Errno -2] Name or service not known
2026-05-30 10:25:41,624 - WARNING - [hk.616049.xyz (HKG)] ├─ 无有效DNS记录，触发紧急更新
2026-05-30 10:38:12,550 - ERROR - CFST更新失败: None
2026-05-30 10:38:12,550 - INFO - --------------------------------------------------
2026-05-30 10:38:12,550 - INFO - [us.616049.xyz (LAX)] 开始处理节点维护
2026-05-30 10:38:12,559 - DEBUG - DNS解析重试中 us.616049.xyz: [Errno -2] Name or service not known
2026-05-30 10:38:13,581 - DEBUG - DNS解析重试中 us.616049.xyz: [Errno -2] Name or service not known
2026-05-30 10:38:14,594 - DEBUG - DNS解析重试中 us.616049.xyz: [Errno -2] Name or service not known
2026-05-30 10:38:15,595 - WARNING - [us.616049.xyz (LAX)] ├─ 无有效DNS记录，触发紧急更新
2026-05-30 10:50:46,005 - ERROR - CFST更新失败: None
2026-05-30 10:50:46,005 - INFO - --------------------------------------------------
2026-05-30 10:50:46,006 - INFO - [de.616049.xyz (FRA)] 开始处理节点维护
2026-05-30 10:50:46,055 - DEBUG - DNS解析重试中 de.616049.xyz: [Errno -2] Name or service not known
2026-05-30 10:50:47,098 - DEBUG - DNS解析重试中 de.616049.xyz: [Errno -2] Name or service not known
2026-05-30 10:50:48,130 - DEBUG - DNS解析重试中 de.616049.xyz: [Errno -2] Name or service not known
2026-05-30 10:50:49,131 - WARNING - [de.616049.xyz (FRA)] ├─ 无有效DNS记录，触发紧急更新
2026-05-30 11:03:24,826 - ERROR - CFST更新失败: None
2026-05-30 11:03:24,830 - DEBUG - Starting new HTTPS connection (1): api.telegram.org:443
2026-05-30 11:03:25,329 - DEBUG - https://api.telegram.org:443 "POST /bot/sendMessage HTTP/1.1" 404 55
