2026-06-07 06:56:30,571 - INFO - 启动维护任务 | 协议类型: IPV4
2026-06-07 06:56:30,571 - INFO - --------------------------------------------------
2026-06-07 06:56:30,571 - INFO - [hk.616049.xyz (HKG)] 开始处理节点维护
2026-06-07 06:56:30,590 - DEBUG - DNS解析重试中 hk.616049.xyz: [Errno -2] Name or service not known
2026-06-07 06:56:31,607 - DEBUG - DNS解析重试中 hk.616049.xyz: [Errno -2] Name or service not known
2026-06-07 06:56:32,636 - DEBUG - DNS解析重试中 hk.616049.xyz: [Errno -2] Name or service not known
2026-06-07 06:56:33,638 - WARNING - [hk.616049.xyz (HKG)] ├─ 无有效DNS记录，触发紧急更新
2026-06-07 07:09:12,808 - ERROR - CFST更新失败: None
2026-06-07 07:09:12,809 - INFO - --------------------------------------------------
2026-06-07 07:09:12,809 - INFO - [us.616049.xyz (LAX)] 开始处理节点维护
2026-06-07 07:09:12,820 - DEBUG - DNS解析重试中 us.616049.xyz: [Errno -2] Name or service not known
2026-06-07 07:09:13,868 - DEBUG - DNS解析重试中 us.616049.xyz: [Errno -2] Name or service not known
2026-06-07 07:09:14,884 - DEBUG - DNS解析重试中 us.616049.xyz: [Errno -2] Name or service not known
2026-06-07 07:09:15,885 - WARNING - [us.616049.xyz (LAX)] ├─ 无有效DNS记录，触发紧急更新
2026-06-07 07:21:54,712 - ERROR - CFST更新失败: None
2026-06-07 07:21:54,712 - INFO - --------------------------------------------------
2026-06-07 07:21:54,712 - INFO - [de.616049.xyz (FRA)] 开始处理节点维护
2026-06-07 07:21:54,856 - DEBUG - DNS解析重试中 de.616049.xyz: [Errno -2] Name or service not known
2026-06-07 07:21:55,870 - DEBUG - DNS解析重试中 de.616049.xyz: [Errno -2] Name or service not known
2026-06-07 07:21:56,892 - DEBUG - DNS解析重试中 de.616049.xyz: [Errno -2] Name or service not known
2026-06-07 07:21:57,893 - WARNING - [de.616049.xyz (FRA)] ├─ 无有效DNS记录，触发紧急更新
2026-06-07 07:34:36,304 - ERROR - CFST更新失败: None
2026-06-07 07:34:36,308 - DEBUG - Starting new HTTPS connection (1): api.telegram.org:443
2026-06-07 07:34:36,586 - DEBUG - https://api.telegram.org:443 "POST /bot/sendMessage HTTP/1.1" 404 55
