2026-04-16 04:40:09,508 - INFO - 启动维护任务 | 协议类型: IPV4
2026-04-16 04:40:09,508 - INFO - --------------------------------------------------
2026-04-16 04:40:09,508 - INFO - [hk.616049.xyz (HKG)] 开始处理节点维护
2026-04-16 04:40:09,539 - DEBUG - DNS解析重试中 hk.616049.xyz: [Errno -2] Name or service not known
2026-04-16 04:40:10,560 - DEBUG - DNS解析重试中 hk.616049.xyz: [Errno -2] Name or service not known
2026-04-16 04:40:11,589 - DEBUG - DNS解析重试中 hk.616049.xyz: [Errno -2] Name or service not known
2026-04-16 04:40:12,590 - WARNING - [hk.616049.xyz (HKG)] ├─ 无有效DNS记录，触发紧急更新
2026-04-16 04:53:06,826 - ERROR - CFST更新失败: None
2026-04-16 04:53:06,827 - INFO - --------------------------------------------------
2026-04-16 04:53:06,827 - INFO - [us.616049.xyz (LAX)] 开始处理节点维护
2026-04-16 04:53:06,852 - DEBUG - DNS解析重试中 us.616049.xyz: [Errno -2] Name or service not known
2026-04-16 04:53:07,858 - DEBUG - DNS解析重试中 us.616049.xyz: [Errno -2] Name or service not known
2026-04-16 04:53:08,884 - DEBUG - DNS解析重试中 us.616049.xyz: [Errno -2] Name or service not known
2026-04-16 04:53:09,885 - WARNING - [us.616049.xyz (LAX)] ├─ 无有效DNS记录，触发紧急更新
2026-04-16 05:06:03,268 - ERROR - CFST更新失败: None
2026-04-16 05:06:03,269 - INFO - --------------------------------------------------
2026-04-16 05:06:03,269 - INFO - [de.616049.xyz (FRA)] 开始处理节点维护
2026-04-16 05:06:03,293 - DEBUG - DNS解析重试中 de.616049.xyz: [Errno -2] Name or service not known
2026-04-16 05:06:04,315 - DEBUG - DNS解析重试中 de.616049.xyz: [Errno -2] Name or service not known
2026-04-16 05:06:05,321 - DEBUG - DNS解析重试中 de.616049.xyz: [Errno -2] Name or service not known
2026-04-16 05:06:06,323 - WARNING - [de.616049.xyz (FRA)] ├─ 无有效DNS记录，触发紧急更新
2026-04-16 05:19:00,083 - ERROR - CFST更新失败: None
2026-04-16 05:19:00,086 - DEBUG - Starting new HTTPS connection (1): api.telegram.org:443
2026-04-16 05:19:00,436 - DEBUG - https://api.telegram.org:443 "POST /bot/sendMessage HTTP/1.1" 404 55
