2026-01-30 16:29:00,772 - INFO - 启动维护任务 | 协议类型: IPV4
2026-01-30 16:29:00,772 - INFO - --------------------------------------------------
2026-01-30 16:29:00,772 - INFO - [hk.616049.xyz (HKG)] 开始处理节点维护
2026-01-30 16:29:00,786 - DEBUG - DNS解析重试中 hk.616049.xyz: [Errno -2] Name or service not known
2026-01-30 16:29:01,801 - DEBUG - DNS解析重试中 hk.616049.xyz: [Errno -2] Name or service not known
2026-01-30 16:29:02,807 - DEBUG - DNS解析重试中 hk.616049.xyz: [Errno -2] Name or service not known
2026-01-30 16:29:03,808 - WARNING - [hk.616049.xyz (HKG)] ├─ 无有效DNS记录，触发紧急更新
2026-01-30 16:41:58,745 - ERROR - CFST更新失败: None
2026-01-30 16:41:58,745 - INFO - --------------------------------------------------
2026-01-30 16:41:58,745 - INFO - [us.616049.xyz (LAX)] 开始处理节点维护
2026-01-30 16:41:58,760 - DEBUG - DNS解析重试中 us.616049.xyz: [Errno -2] Name or service not known
2026-01-30 16:41:59,838 - DEBUG - DNS解析重试中 us.616049.xyz: [Errno -2] Name or service not known
2026-01-30 16:42:00,846 - DEBUG - DNS解析重试中 us.616049.xyz: [Errno -2] Name or service not known
2026-01-30 16:42:01,847 - WARNING - [us.616049.xyz (LAX)] ├─ 无有效DNS记录，触发紧急更新
2026-01-30 16:54:56,405 - ERROR - CFST更新失败: None
2026-01-30 16:54:56,406 - INFO - --------------------------------------------------
2026-01-30 16:54:56,406 - INFO - [de.616049.xyz (FRA)] 开始处理节点维护
2026-01-30 16:54:56,420 - DEBUG - DNS解析重试中 de.616049.xyz: [Errno -2] Name or service not known
2026-01-30 16:54:57,436 - DEBUG - DNS解析重试中 de.616049.xyz: [Errno -2] Name or service not known
2026-01-30 16:54:58,530 - DEBUG - DNS解析重试中 de.616049.xyz: [Errno -2] Name or service not known
2026-01-30 16:54:59,531 - WARNING - [de.616049.xyz (FRA)] ├─ 无有效DNS记录，触发紧急更新
2026-01-30 17:07:53,529 - ERROR - CFST更新失败: None
2026-01-30 17:07:53,533 - DEBUG - Starting new HTTPS connection (1): api.telegram.org:443
2026-01-30 17:07:54,019 - DEBUG - https://api.telegram.org:443 "POST /bot/sendMessage HTTP/1.1" 404 55
