2026-06-27 21:15:11,391 - INFO - 启动维护任务 | 协议类型: IPV4
2026-06-27 21:15:11,391 - INFO - --------------------------------------------------
2026-06-27 21:15:11,391 - INFO - [hk.616049.xyz (HKG)] 开始处理节点维护
2026-06-27 21:15:11,432 - DEBUG - DNS解析重试中 hk.616049.xyz: [Errno -2] Name or service not known
2026-06-27 21:15:12,469 - DEBUG - DNS解析重试中 hk.616049.xyz: [Errno -2] Name or service not known
2026-06-27 21:15:13,508 - DEBUG - DNS解析重试中 hk.616049.xyz: [Errno -2] Name or service not known
2026-06-27 21:15:14,509 - WARNING - [hk.616049.xyz (HKG)] ├─ 无有效DNS记录，触发紧急更新
2026-06-27 21:27:59,268 - ERROR - CFST更新失败: None
2026-06-27 21:27:59,268 - INFO - --------------------------------------------------
2026-06-27 21:27:59,268 - INFO - [us.616049.xyz (LAX)] 开始处理节点维护
2026-06-27 21:27:59,372 - DEBUG - DNS解析重试中 us.616049.xyz: [Errno -2] Name or service not known
2026-06-27 21:28:00,422 - DEBUG - DNS解析重试中 us.616049.xyz: [Errno -2] Name or service not known
2026-06-27 21:28:01,483 - DEBUG - DNS解析重试中 us.616049.xyz: [Errno -2] Name or service not known
2026-06-27 21:28:02,484 - WARNING - [us.616049.xyz (LAX)] ├─ 无有效DNS记录，触发紧急更新
2026-06-27 21:40:43,613 - ERROR - CFST更新失败: None
2026-06-27 21:40:43,613 - INFO - --------------------------------------------------
2026-06-27 21:40:43,613 - INFO - [de.616049.xyz (FRA)] 开始处理节点维护
2026-06-27 21:40:43,653 - DEBUG - DNS解析重试中 de.616049.xyz: [Errno -2] Name or service not known
2026-06-27 21:40:44,691 - DEBUG - DNS解析重试中 de.616049.xyz: [Errno -2] Name or service not known
2026-06-27 21:40:45,752 - DEBUG - DNS解析重试中 de.616049.xyz: [Errno -2] Name or service not known
2026-06-27 21:40:46,753 - WARNING - [de.616049.xyz (FRA)] ├─ 无有效DNS记录，触发紧急更新
2026-06-27 21:53:31,224 - ERROR - CFST更新失败: None
2026-06-27 21:53:31,228 - DEBUG - Starting new HTTPS connection (1): api.telegram.org:443
2026-06-27 21:53:31,563 - DEBUG - https://api.telegram.org:443 "POST /bot/sendMessage HTTP/1.1" 404 55
