2026-02-25 00:57:28,036 - INFO - 启动维护任务 | 协议类型: IPV4
2026-02-25 00:57:28,036 - INFO - --------------------------------------------------
2026-02-25 00:57:28,036 - INFO - [hk.616049.xyz (HKG)] 开始处理节点维护
2026-02-25 00:57:28,057 - DEBUG - DNS解析重试中 hk.616049.xyz: [Errno -2] Name or service not known
2026-02-25 00:57:29,088 - DEBUG - DNS解析重试中 hk.616049.xyz: [Errno -2] Name or service not known
2026-02-25 00:57:30,094 - DEBUG - DNS解析重试中 hk.616049.xyz: [Errno -2] Name or service not known
2026-02-25 00:57:31,095 - WARNING - [hk.616049.xyz (HKG)] ├─ 无有效DNS记录，触发紧急更新
2026-02-25 01:10:29,370 - ERROR - CFST更新失败: None
2026-02-25 01:10:29,370 - INFO - --------------------------------------------------
2026-02-25 01:10:29,370 - INFO - [us.616049.xyz (LAX)] 开始处理节点维护
2026-02-25 01:10:29,392 - DEBUG - DNS解析重试中 us.616049.xyz: [Errno -2] Name or service not known
2026-02-25 01:10:30,416 - DEBUG - DNS解析重试中 us.616049.xyz: [Errno -2] Name or service not known
2026-02-25 01:10:31,442 - DEBUG - DNS解析重试中 us.616049.xyz: [Errno -2] Name or service not known
2026-02-25 01:10:32,443 - WARNING - [us.616049.xyz (LAX)] ├─ 无有效DNS记录，触发紧急更新
2026-02-25 01:23:27,856 - ERROR - CFST更新失败: None
2026-02-25 01:23:27,857 - INFO - --------------------------------------------------
2026-02-25 01:23:27,857 - INFO - [de.616049.xyz (FRA)] 开始处理节点维护
2026-02-25 01:23:27,880 - DEBUG - DNS解析重试中 de.616049.xyz: [Errno -2] Name or service not known
2026-02-25 01:23:28,908 - DEBUG - DNS解析重试中 de.616049.xyz: [Errno -2] Name or service not known
2026-02-25 01:23:29,939 - DEBUG - DNS解析重试中 de.616049.xyz: [Errno -2] Name or service not known
2026-02-25 01:23:30,940 - WARNING - [de.616049.xyz (FRA)] ├─ 无有效DNS记录，触发紧急更新
2026-02-25 01:36:26,840 - ERROR - CFST更新失败: None
2026-02-25 01:36:26,843 - DEBUG - Starting new HTTPS connection (1): api.telegram.org:443
2026-02-25 01:36:27,158 - DEBUG - https://api.telegram.org:443 "POST /bot/sendMessage HTTP/1.1" 404 55
