2026-04-24 12:50:40,757 - INFO - 启动维护任务 | 协议类型: IPV4
2026-04-24 12:50:40,757 - INFO - --------------------------------------------------
2026-04-24 12:50:40,757 - INFO - [hk.616049.xyz (HKG)] 开始处理节点维护
2026-04-24 12:50:40,780 - DEBUG - DNS解析重试中 hk.616049.xyz: [Errno -2] Name or service not known
2026-04-24 12:50:41,808 - DEBUG - DNS解析重试中 hk.616049.xyz: [Errno -2] Name or service not known
2026-04-24 12:50:42,840 - DEBUG - DNS解析重试中 hk.616049.xyz: [Errno -2] Name or service not known
2026-04-24 12:50:43,842 - WARNING - [hk.616049.xyz (HKG)] ├─ 无有效DNS记录，触发紧急更新
2026-04-24 13:03:37,207 - ERROR - CFST更新失败: None
2026-04-24 13:03:37,207 - INFO - --------------------------------------------------
2026-04-24 13:03:37,207 - INFO - [us.616049.xyz (LAX)] 开始处理节点维护
2026-04-24 13:03:37,230 - DEBUG - DNS解析重试中 us.616049.xyz: [Errno -2] Name or service not known
2026-04-24 13:03:38,252 - DEBUG - DNS解析重试中 us.616049.xyz: [Errno -2] Name or service not known
2026-04-24 13:03:39,279 - DEBUG - DNS解析重试中 us.616049.xyz: [Errno -2] Name or service not known
2026-04-24 13:03:40,281 - WARNING - [us.616049.xyz (LAX)] ├─ 无有效DNS记录，触发紧急更新
2026-04-24 13:16:33,303 - ERROR - CFST更新失败: None
2026-04-24 13:16:33,303 - INFO - --------------------------------------------------
2026-04-24 13:16:33,303 - INFO - [de.616049.xyz (FRA)] 开始处理节点维护
2026-04-24 13:16:33,330 - DEBUG - DNS解析重试中 de.616049.xyz: [Errno -2] Name or service not known
2026-04-24 13:16:34,353 - DEBUG - DNS解析重试中 de.616049.xyz: [Errno -2] Name or service not known
2026-04-24 13:16:35,376 - DEBUG - DNS解析重试中 de.616049.xyz: [Errno -2] Name or service not known
2026-04-24 13:16:36,378 - WARNING - [de.616049.xyz (FRA)] ├─ 无有效DNS记录，触发紧急更新
2026-04-24 13:29:29,743 - ERROR - CFST更新失败: None
2026-04-24 13:29:29,747 - DEBUG - Starting new HTTPS connection (1): api.telegram.org:443
2026-04-24 13:29:30,067 - DEBUG - https://api.telegram.org:443 "POST /bot/sendMessage HTTP/1.1" 404 55
