2026-04-02 16:47:13,632 - INFO - 启动维护任务 | 协议类型: IPV4
2026-04-02 16:47:13,632 - INFO - --------------------------------------------------
2026-04-02 16:47:13,632 - INFO - [hk.616049.xyz (HKG)] 开始处理节点维护
2026-04-02 16:47:13,639 - DEBUG - DNS解析重试中 hk.616049.xyz: [Errno -2] Name or service not known
2026-04-02 16:47:14,646 - DEBUG - DNS解析重试中 hk.616049.xyz: [Errno -2] Name or service not known
2026-04-02 16:47:15,661 - DEBUG - DNS解析重试中 hk.616049.xyz: [Errno -2] Name or service not known
2026-04-02 16:47:16,662 - WARNING - [hk.616049.xyz (HKG)] ├─ 无有效DNS记录，触发紧急更新
2026-04-02 17:00:10,239 - ERROR - CFST更新失败: None
2026-04-02 17:00:10,239 - INFO - --------------------------------------------------
2026-04-02 17:00:10,239 - INFO - [us.616049.xyz (LAX)] 开始处理节点维护
2026-04-02 17:00:10,246 - DEBUG - DNS解析重试中 us.616049.xyz: [Errno -2] Name or service not known
2026-04-02 17:00:11,253 - DEBUG - DNS解析重试中 us.616049.xyz: [Errno -2] Name or service not known
2026-04-02 17:00:12,320 - DEBUG - DNS解析重试中 us.616049.xyz: [Errno -2] Name or service not known
2026-04-02 17:00:13,321 - WARNING - [us.616049.xyz (LAX)] ├─ 无有效DNS记录，触发紧急更新
2026-04-02 17:13:07,955 - ERROR - CFST更新失败: None
2026-04-02 17:13:07,956 - INFO - --------------------------------------------------
2026-04-02 17:13:07,956 - INFO - [de.616049.xyz (FRA)] 开始处理节点维护
2026-04-02 17:13:07,962 - DEBUG - DNS解析重试中 de.616049.xyz: [Errno -2] Name or service not known
2026-04-02 17:13:08,972 - DEBUG - DNS解析重试中 de.616049.xyz: [Errno -2] Name or service not known
2026-04-02 17:13:09,980 - DEBUG - DNS解析重试中 de.616049.xyz: [Errno -2] Name or service not known
2026-04-02 17:13:10,981 - WARNING - [de.616049.xyz (FRA)] ├─ 无有效DNS记录，触发紧急更新
2026-04-02 17:26:05,098 - ERROR - CFST更新失败: None
2026-04-02 17:26:05,102 - DEBUG - Starting new HTTPS connection (1): api.telegram.org:443
2026-04-02 17:26:05,592 - DEBUG - https://api.telegram.org:443 "POST /bot/sendMessage HTTP/1.1" 404 55
