2026-03-23 18:45:07,212 - INFO - 启动维护任务 | 协议类型: IPV4
2026-03-23 18:45:07,212 - INFO - --------------------------------------------------
2026-03-23 18:45:07,212 - INFO - [hk.616049.xyz (HKG)] 开始处理节点维护
2026-03-23 18:45:07,223 - DEBUG - DNS解析重试中 hk.616049.xyz: [Errno -2] Name or service not known
2026-03-23 18:45:08,235 - DEBUG - DNS解析重试中 hk.616049.xyz: [Errno -2] Name or service not known
2026-03-23 18:45:09,247 - DEBUG - DNS解析重试中 hk.616049.xyz: [Errno -2] Name or service not known
2026-03-23 18:45:10,248 - WARNING - [hk.616049.xyz (HKG)] ├─ 无有效DNS记录，触发紧急更新
2026-03-23 18:58:07,255 - ERROR - CFST更新失败: None
2026-03-23 18:58:07,255 - INFO - --------------------------------------------------
2026-03-23 18:58:07,255 - INFO - [us.616049.xyz (LAX)] 开始处理节点维护
2026-03-23 18:58:07,283 - DEBUG - DNS解析重试中 us.616049.xyz: [Errno -2] Name or service not known
2026-03-23 18:58:08,298 - DEBUG - DNS解析重试中 us.616049.xyz: [Errno -2] Name or service not known
2026-03-23 18:58:09,325 - DEBUG - DNS解析重试中 us.616049.xyz: [Errno -2] Name or service not known
2026-03-23 18:58:10,326 - WARNING - [us.616049.xyz (LAX)] ├─ 无有效DNS记录，触发紧急更新
2026-03-23 19:11:08,232 - ERROR - CFST更新失败: None
2026-03-23 19:11:08,232 - INFO - --------------------------------------------------
2026-03-23 19:11:08,233 - INFO - [de.616049.xyz (FRA)] 开始处理节点维护
2026-03-23 19:11:08,244 - DEBUG - DNS解析重试中 de.616049.xyz: [Errno -2] Name or service not known
2026-03-23 19:11:09,262 - DEBUG - DNS解析重试中 de.616049.xyz: [Errno -2] Name or service not known
2026-03-23 19:11:10,301 - DEBUG - DNS解析重试中 de.616049.xyz: [Errno -2] Name or service not known
2026-03-23 19:11:11,302 - WARNING - [de.616049.xyz (FRA)] ├─ 无有效DNS记录，触发紧急更新
2026-03-23 19:24:08,269 - ERROR - CFST更新失败: None
2026-03-23 19:24:08,273 - DEBUG - Starting new HTTPS connection (1): api.telegram.org:443
2026-03-23 19:24:08,577 - DEBUG - https://api.telegram.org:443 "POST /bot/sendMessage HTTP/1.1" 404 55
