2026-04-29 21:27:03,838 - INFO - 启动维护任务 | 协议类型: IPV4
2026-04-29 21:27:03,838 - INFO - --------------------------------------------------
2026-04-29 21:27:03,838 - INFO - [hk.616049.xyz (HKG)] 开始处理节点维护
2026-04-29 21:27:03,855 - DEBUG - DNS解析重试中 hk.616049.xyz: [Errno -2] Name or service not known
2026-04-29 21:27:04,866 - DEBUG - DNS解析重试中 hk.616049.xyz: [Errno -2] Name or service not known
2026-04-29 21:27:05,885 - DEBUG - DNS解析重试中 hk.616049.xyz: [Errno -2] Name or service not known
2026-04-29 21:27:06,887 - WARNING - [hk.616049.xyz (HKG)] ├─ 无有效DNS记录，触发紧急更新
2026-04-29 21:40:04,828 - ERROR - CFST更新失败: None
2026-04-29 21:40:04,828 - INFO - --------------------------------------------------
2026-04-29 21:40:04,828 - INFO - [us.616049.xyz (LAX)] 开始处理节点维护
2026-04-29 21:40:04,838 - DEBUG - DNS解析重试中 us.616049.xyz: [Errno -2] Name or service not known
2026-04-29 21:40:05,846 - DEBUG - DNS解析重试中 us.616049.xyz: [Errno -2] Name or service not known
2026-04-29 21:40:06,868 - DEBUG - DNS解析重试中 us.616049.xyz: [Errno -2] Name or service not known
2026-04-29 21:40:07,869 - WARNING - [us.616049.xyz (LAX)] ├─ 无有效DNS记录，触发紧急更新
2026-04-29 21:53:05,566 - ERROR - CFST更新失败: None
2026-04-29 21:53:05,566 - INFO - --------------------------------------------------
2026-04-29 21:53:05,566 - INFO - [de.616049.xyz (FRA)] 开始处理节点维护
2026-04-29 21:53:05,594 - DEBUG - DNS解析重试中 de.616049.xyz: [Errno -2] Name or service not known
2026-04-29 21:53:06,624 - DEBUG - DNS解析重试中 de.616049.xyz: [Errno -2] Name or service not known
2026-04-29 21:53:07,635 - DEBUG - DNS解析重试中 de.616049.xyz: [Errno -2] Name or service not known
2026-04-29 21:53:08,636 - WARNING - [de.616049.xyz (FRA)] ├─ 无有效DNS记录，触发紧急更新
2026-04-29 22:06:06,465 - ERROR - CFST更新失败: None
2026-04-29 22:06:06,469 - DEBUG - Starting new HTTPS connection (1): api.telegram.org:443
2026-04-29 22:06:06,753 - DEBUG - https://api.telegram.org:443 "POST /bot/sendMessage HTTP/1.1" 404 55
