2026-02-26 12:09:30,051 - INFO - 启动维护任务 | 协议类型: IPV4
2026-02-26 12:09:30,051 - INFO - --------------------------------------------------
2026-02-26 12:09:30,051 - INFO - [hk.616049.xyz (HKG)] 开始处理节点维护
2026-02-26 12:09:30,081 - DEBUG - DNS解析重试中 hk.616049.xyz: [Errno -2] Name or service not known
2026-02-26 12:09:31,104 - DEBUG - DNS解析重试中 hk.616049.xyz: [Errno -2] Name or service not known
2026-02-26 12:09:32,134 - DEBUG - DNS解析重试中 hk.616049.xyz: [Errno -2] Name or service not known
2026-02-26 12:09:33,135 - WARNING - [hk.616049.xyz (HKG)] ├─ 无有效DNS记录，触发紧急更新
2026-02-26 12:22:27,193 - ERROR - CFST更新失败: None
2026-02-26 12:22:27,194 - INFO - --------------------------------------------------
2026-02-26 12:22:27,194 - INFO - [us.616049.xyz (LAX)] 开始处理节点维护
2026-02-26 12:22:27,215 - DEBUG - DNS解析重试中 us.616049.xyz: [Errno -2] Name or service not known
2026-02-26 12:22:28,241 - DEBUG - DNS解析重试中 us.616049.xyz: [Errno -2] Name or service not known
2026-02-26 12:22:29,278 - DEBUG - DNS解析重试中 us.616049.xyz: [Errno -2] Name or service not known
2026-02-26 12:22:30,279 - WARNING - [us.616049.xyz (LAX)] ├─ 无有效DNS记录，触发紧急更新
2026-02-26 12:35:23,909 - ERROR - CFST更新失败: None
2026-02-26 12:35:23,910 - INFO - --------------------------------------------------
2026-02-26 12:35:23,910 - INFO - [de.616049.xyz (FRA)] 开始处理节点维护
2026-02-26 12:35:23,938 - DEBUG - DNS解析重试中 de.616049.xyz: [Errno -2] Name or service not known
2026-02-26 12:35:24,984 - DEBUG - DNS解析重试中 de.616049.xyz: [Errno -2] Name or service not known
2026-02-26 12:35:26,022 - DEBUG - DNS解析重试中 de.616049.xyz: [Errno -2] Name or service not known
2026-02-26 12:35:27,023 - WARNING - [de.616049.xyz (FRA)] ├─ 无有效DNS记录，触发紧急更新
2026-02-26 12:48:20,563 - ERROR - CFST更新失败: None
2026-02-26 12:48:20,567 - DEBUG - Starting new HTTPS connection (1): api.telegram.org:443
2026-02-26 12:48:20,889 - DEBUG - https://api.telegram.org:443 "POST /bot/sendMessage HTTP/1.1" 404 55
