2026-04-05 12:31:13,574 - INFO - 启动维护任务 | 协议类型: IPV4
2026-04-05 12:31:13,574 - INFO - --------------------------------------------------
2026-04-05 12:31:13,574 - INFO - [hk.616049.xyz (HKG)] 开始处理节点维护
2026-04-05 12:31:13,598 - DEBUG - DNS解析重试中 hk.616049.xyz: [Errno -2] Name or service not known
2026-04-05 12:31:14,627 - DEBUG - DNS解析重试中 hk.616049.xyz: [Errno -2] Name or service not known
2026-04-05 12:31:15,669 - DEBUG - DNS解析重试中 hk.616049.xyz: [Errno -2] Name or service not known
2026-04-05 12:31:16,670 - WARNING - [hk.616049.xyz (HKG)] ├─ 无有效DNS记录，触发紧急更新
2026-04-05 12:44:21,178 - ERROR - CFST更新失败: None
2026-04-05 12:44:21,178 - INFO - --------------------------------------------------
2026-04-05 12:44:21,179 - INFO - [us.616049.xyz (LAX)] 开始处理节点维护
2026-04-05 12:44:21,204 - DEBUG - DNS解析重试中 us.616049.xyz: [Errno -2] Name or service not known
2026-04-05 12:44:22,231 - DEBUG - DNS解析重试中 us.616049.xyz: [Errno -2] Name or service not known
2026-04-05 12:44:23,256 - DEBUG - DNS解析重试中 us.616049.xyz: [Errno -2] Name or service not known
2026-04-05 12:44:24,258 - WARNING - [us.616049.xyz (LAX)] ├─ 无有效DNS记录，触发紧急更新
2026-04-05 12:57:27,986 - ERROR - CFST更新失败: None
2026-04-05 12:57:27,986 - INFO - --------------------------------------------------
2026-04-05 12:57:27,986 - INFO - [de.616049.xyz (FRA)] 开始处理节点维护
2026-04-05 12:57:28,013 - DEBUG - DNS解析重试中 de.616049.xyz: [Errno -2] Name or service not known
2026-04-05 12:57:29,042 - DEBUG - DNS解析重试中 de.616049.xyz: [Errno -2] Name or service not known
2026-04-05 12:57:30,082 - DEBUG - DNS解析重试中 de.616049.xyz: [Errno -2] Name or service not known
2026-04-05 12:57:31,083 - WARNING - [de.616049.xyz (FRA)] ├─ 无有效DNS记录，触发紧急更新
2026-04-05 13:10:34,797 - ERROR - CFST更新失败: None
2026-04-05 13:10:34,800 - DEBUG - Starting new HTTPS connection (1): api.telegram.org:443
2026-04-05 13:10:35,144 - DEBUG - https://api.telegram.org:443 "POST /bot/sendMessage HTTP/1.1" 404 55
