2026-02-22 16:22:34,127 - INFO - 启动维护任务 | 协议类型: IPV4
2026-02-22 16:22:34,127 - INFO - --------------------------------------------------
2026-02-22 16:22:34,127 - INFO - [hk.616049.xyz (HKG)] 开始处理节点维护
2026-02-22 16:22:34,149 - DEBUG - DNS解析重试中 hk.616049.xyz: [Errno -2] Name or service not known
2026-02-22 16:22:35,160 - DEBUG - DNS解析重试中 hk.616049.xyz: [Errno -2] Name or service not known
2026-02-22 16:22:36,173 - DEBUG - DNS解析重试中 hk.616049.xyz: [Errno -2] Name or service not known
2026-02-22 16:22:37,175 - WARNING - [hk.616049.xyz (HKG)] ├─ 无有效DNS记录，触发紧急更新
2026-02-22 16:35:33,995 - ERROR - CFST更新失败: None
2026-02-22 16:35:33,995 - INFO - --------------------------------------------------
2026-02-22 16:35:33,995 - INFO - [us.616049.xyz (LAX)] 开始处理节点维护
2026-02-22 16:35:34,023 - DEBUG - DNS解析重试中 us.616049.xyz: [Errno -2] Name or service not known
2026-02-22 16:35:35,035 - DEBUG - DNS解析重试中 us.616049.xyz: [Errno -2] Name or service not known
2026-02-22 16:35:36,043 - DEBUG - DNS解析重试中 us.616049.xyz: [Errno -2] Name or service not known
2026-02-22 16:35:37,044 - WARNING - [us.616049.xyz (LAX)] ├─ 无有效DNS记录，触发紧急更新
2026-02-22 16:48:33,717 - ERROR - CFST更新失败: None
2026-02-22 16:48:33,717 - INFO - --------------------------------------------------
2026-02-22 16:48:33,717 - INFO - [de.616049.xyz (FRA)] 开始处理节点维护
2026-02-22 16:48:33,743 - DEBUG - DNS解析重试中 de.616049.xyz: [Errno -2] Name or service not known
2026-02-22 16:48:34,753 - DEBUG - DNS解析重试中 de.616049.xyz: [Errno -2] Name or service not known
2026-02-22 16:48:35,765 - DEBUG - DNS解析重试中 de.616049.xyz: [Errno -2] Name or service not known
2026-02-22 16:48:36,766 - WARNING - [de.616049.xyz (FRA)] ├─ 无有效DNS记录，触发紧急更新
2026-02-22 17:01:33,547 - ERROR - CFST更新失败: None
2026-02-22 17:01:33,550 - DEBUG - Starting new HTTPS connection (1): api.telegram.org:443
2026-02-22 17:01:33,830 - DEBUG - https://api.telegram.org:443 "POST /bot/sendMessage HTTP/1.1" 404 55
