2026-03-13 20:39:15,379 - INFO - 启动维护任务 | 协议类型: IPV4
2026-03-13 20:39:15,379 - INFO - --------------------------------------------------
2026-03-13 20:39:15,379 - INFO - [hk.616049.xyz (HKG)] 开始处理节点维护
2026-03-13 20:39:15,386 - DEBUG - DNS解析重试中 hk.616049.xyz: [Errno -2] Name or service not known
2026-03-13 20:39:16,412 - DEBUG - DNS解析重试中 hk.616049.xyz: [Errno -2] Name or service not known
2026-03-13 20:39:17,430 - DEBUG - DNS解析重试中 hk.616049.xyz: [Errno -2] Name or service not known
2026-03-13 20:39:18,432 - WARNING - [hk.616049.xyz (HKG)] ├─ 无有效DNS记录，触发紧急更新
2026-03-13 20:52:11,922 - ERROR - CFST更新失败: None
2026-03-13 20:52:11,922 - INFO - --------------------------------------------------
2026-03-13 20:52:11,922 - INFO - [us.616049.xyz (LAX)] 开始处理节点维护
2026-03-13 20:52:11,929 - DEBUG - DNS解析重试中 us.616049.xyz: [Errno -2] Name or service not known
2026-03-13 20:52:12,940 - DEBUG - DNS解析重试中 us.616049.xyz: [Errno -2] Name or service not known
2026-03-13 20:52:13,950 - DEBUG - DNS解析重试中 us.616049.xyz: [Errno -2] Name or service not known
2026-03-13 20:52:14,951 - WARNING - [us.616049.xyz (LAX)] ├─ 无有效DNS记录，触发紧急更新
2026-03-13 21:05:08,505 - ERROR - CFST更新失败: None
2026-03-13 21:05:08,505 - INFO - --------------------------------------------------
2026-03-13 21:05:08,505 - INFO - [de.616049.xyz (FRA)] 开始处理节点维护
2026-03-13 21:05:08,513 - DEBUG - DNS解析重试中 de.616049.xyz: [Errno -2] Name or service not known
2026-03-13 21:05:09,523 - DEBUG - DNS解析重试中 de.616049.xyz: [Errno -2] Name or service not known
2026-03-13 21:05:10,531 - DEBUG - DNS解析重试中 de.616049.xyz: [Errno -2] Name or service not known
2026-03-13 21:05:11,533 - WARNING - [de.616049.xyz (FRA)] ├─ 无有效DNS记录，触发紧急更新
2026-03-13 21:18:06,031 - ERROR - CFST更新失败: None
2026-03-13 21:18:06,034 - DEBUG - Starting new HTTPS connection (1): api.telegram.org:443
2026-03-13 21:18:06,544 - DEBUG - https://api.telegram.org:443 "POST /bot/sendMessage HTTP/1.1" 404 55
