2026-07-17 23:06:53,174 - INFO - 启动维护任务 | 协议类型: IPV4
2026-07-17 23:06:53,174 - INFO - --------------------------------------------------
2026-07-17 23:06:53,174 - INFO - [hk.616049.xyz (HKG)] 开始处理节点维护
2026-07-17 23:06:53,194 - DEBUG - DNS解析重试中 hk.616049.xyz: [Errno -5] No address associated with hostname
2026-07-17 23:06:54,219 - DEBUG - DNS解析重试中 hk.616049.xyz: [Errno -5] No address associated with hostname
2026-07-17 23:06:55,236 - DEBUG - DNS解析重试中 hk.616049.xyz: [Errno -5] No address associated with hostname
2026-07-17 23:06:56,237 - WARNING - [hk.616049.xyz (HKG)] ├─ 无有效DNS记录，触发紧急更新
2026-07-17 23:19:28,100 - ERROR - CFST更新失败: None
2026-07-17 23:19:28,100 - INFO - --------------------------------------------------
2026-07-17 23:19:28,100 - INFO - [us.616049.xyz (LAX)] 开始处理节点维护
2026-07-17 23:19:28,111 - DEBUG - DNS解析重试中 us.616049.xyz: [Errno -5] No address associated with hostname
2026-07-17 23:19:29,123 - DEBUG - DNS解析重试中 us.616049.xyz: [Errno -5] No address associated with hostname
2026-07-17 23:19:30,136 - DEBUG - DNS解析重试中 us.616049.xyz: [Errno -5] No address associated with hostname
2026-07-17 23:19:31,137 - WARNING - [us.616049.xyz (LAX)] ├─ 无有效DNS记录，触发紧急更新
2026-07-17 23:32:01,933 - ERROR - CFST更新失败: None
2026-07-17 23:32:01,933 - INFO - --------------------------------------------------
2026-07-17 23:32:01,933 - INFO - [de.616049.xyz (FRA)] 开始处理节点维护
2026-07-17 23:32:01,951 - DEBUG - DNS解析重试中 de.616049.xyz: [Errno -5] No address associated with hostname
2026-07-17 23:32:02,979 - DEBUG - DNS解析重试中 de.616049.xyz: [Errno -5] No address associated with hostname
2026-07-17 23:32:03,994 - DEBUG - DNS解析重试中 de.616049.xyz: [Errno -5] No address associated with hostname
2026-07-17 23:32:04,995 - WARNING - [de.616049.xyz (FRA)] ├─ 无有效DNS记录，触发紧急更新
2026-07-17 23:44:37,095 - ERROR - CFST更新失败: None
2026-07-17 23:44:37,099 - DEBUG - Starting new HTTPS connection (1): api.telegram.org:443
2026-07-17 23:44:37,557 - DEBUG - https://api.telegram.org:443 "POST /bot/sendMessage HTTP/1.1" 404 55
