2026-04-09 06:31:40,952 - INFO - 启动维护任务 | 协议类型: IPV4
2026-04-09 06:31:40,952 - INFO - --------------------------------------------------
2026-04-09 06:31:40,952 - INFO - [hk.616049.xyz (HKG)] 开始处理节点维护
2026-04-09 06:31:40,988 - DEBUG - DNS解析重试中 hk.616049.xyz: [Errno -2] Name or service not known
2026-04-09 06:31:42,017 - DEBUG - DNS解析重试中 hk.616049.xyz: [Errno -2] Name or service not known
2026-04-09 06:31:43,076 - DEBUG - DNS解析重试中 hk.616049.xyz: [Errno -2] Name or service not known
2026-04-09 06:31:44,077 - WARNING - [hk.616049.xyz (HKG)] ├─ 无有效DNS记录，触发紧急更新
2026-04-09 06:44:38,504 - ERROR - CFST更新失败: None
2026-04-09 06:44:38,504 - INFO - --------------------------------------------------
2026-04-09 06:44:38,504 - INFO - [us.616049.xyz (LAX)] 开始处理节点维护
2026-04-09 06:44:38,526 - DEBUG - DNS解析重试中 us.616049.xyz: [Errno -2] Name or service not known
2026-04-09 06:44:39,550 - DEBUG - DNS解析重试中 us.616049.xyz: [Errno -2] Name or service not known
2026-04-09 06:44:40,581 - DEBUG - DNS解析重试中 us.616049.xyz: [Errno -2] Name or service not known
2026-04-09 06:44:41,582 - WARNING - [us.616049.xyz (LAX)] ├─ 无有效DNS记录，触发紧急更新
2026-04-09 06:57:33,920 - ERROR - CFST更新失败: None
2026-04-09 06:57:33,921 - INFO - --------------------------------------------------
2026-04-09 06:57:33,921 - INFO - [de.616049.xyz (FRA)] 开始处理节点维护
2026-04-09 06:57:33,942 - DEBUG - DNS解析重试中 de.616049.xyz: [Errno -2] Name or service not known
2026-04-09 06:57:34,949 - DEBUG - DNS解析重试中 de.616049.xyz: [Errno -2] Name or service not known
2026-04-09 06:57:35,975 - DEBUG - DNS解析重试中 de.616049.xyz: [Errno -2] Name or service not known
2026-04-09 06:57:36,976 - WARNING - [de.616049.xyz (FRA)] ├─ 无有效DNS记录，触发紧急更新
2026-04-09 07:10:29,623 - ERROR - CFST更新失败: None
2026-04-09 07:10:29,627 - DEBUG - Starting new HTTPS connection (1): api.telegram.org:443
2026-04-09 07:10:30,002 - DEBUG - https://api.telegram.org:443 "POST /bot/sendMessage HTTP/1.1" 404 55
