2026-05-25 04:43:54,478 - INFO - 启动维护任务 | 协议类型: IPV4
2026-05-25 04:43:54,478 - INFO - --------------------------------------------------
2026-05-25 04:43:54,478 - INFO - [hk.616049.xyz (HKG)] 开始处理节点维护
2026-05-25 04:43:54,500 - DEBUG - DNS解析重试中 hk.616049.xyz: [Errno -2] Name or service not known
2026-05-25 04:43:55,523 - DEBUG - DNS解析重试中 hk.616049.xyz: [Errno -2] Name or service not known
2026-05-25 04:43:56,547 - DEBUG - DNS解析重试中 hk.616049.xyz: [Errno -2] Name or service not known
2026-05-25 04:43:57,548 - WARNING - [hk.616049.xyz (HKG)] ├─ 无有效DNS记录，触发紧急更新
2026-05-25 04:56:50,019 - ERROR - CFST更新失败: None
2026-05-25 04:56:50,019 - INFO - --------------------------------------------------
2026-05-25 04:56:50,019 - INFO - [us.616049.xyz (LAX)] 开始处理节点维护
2026-05-25 04:56:50,045 - DEBUG - DNS解析重试中 us.616049.xyz: [Errno -2] Name or service not known
2026-05-25 04:56:51,052 - DEBUG - DNS解析重试中 us.616049.xyz: [Errno -2] Name or service not known
2026-05-25 04:56:52,076 - DEBUG - DNS解析重试中 us.616049.xyz: [Errno -2] Name or service not known
2026-05-25 04:56:53,077 - WARNING - [us.616049.xyz (LAX)] ├─ 无有效DNS记录，触发紧急更新
2026-05-25 05:09:45,403 - ERROR - CFST更新失败: None
2026-05-25 05:09:45,404 - INFO - --------------------------------------------------
2026-05-25 05:09:45,404 - INFO - [de.616049.xyz (FRA)] 开始处理节点维护
2026-05-25 05:09:45,429 - DEBUG - DNS解析重试中 de.616049.xyz: [Errno -2] Name or service not known
2026-05-25 05:09:46,470 - DEBUG - DNS解析重试中 de.616049.xyz: [Errno -2] Name or service not known
2026-05-25 05:09:47,485 - DEBUG - DNS解析重试中 de.616049.xyz: [Errno -2] Name or service not known
2026-05-25 05:09:48,486 - WARNING - [de.616049.xyz (FRA)] ├─ 无有效DNS记录，触发紧急更新
2026-05-25 05:22:40,549 - ERROR - CFST更新失败: None
2026-05-25 05:22:40,553 - DEBUG - Starting new HTTPS connection (1): api.telegram.org:443
2026-05-25 05:22:40,884 - DEBUG - https://api.telegram.org:443 "POST /bot/sendMessage HTTP/1.1" 404 55
