2026-05-09 18:49:50,411 - INFO - 启动维护任务 | 协议类型: IPV4
2026-05-09 18:49:50,412 - INFO - --------------------------------------------------
2026-05-09 18:49:50,412 - INFO - [hk.616049.xyz (HKG)] 开始处理节点维护
2026-05-09 18:49:50,433 - DEBUG - DNS解析重试中 hk.616049.xyz: [Errno -2] Name or service not known
2026-05-09 18:49:51,458 - DEBUG - DNS解析重试中 hk.616049.xyz: [Errno -2] Name or service not known
2026-05-09 18:49:52,481 - DEBUG - DNS解析重试中 hk.616049.xyz: [Errno -2] Name or service not known
2026-05-09 18:49:53,482 - WARNING - [hk.616049.xyz (HKG)] ├─ 无有效DNS记录，触发紧急更新
2026-05-09 19:02:30,444 - ERROR - CFST更新失败: None
2026-05-09 19:02:30,444 - INFO - --------------------------------------------------
2026-05-09 19:02:30,444 - INFO - [us.616049.xyz (LAX)] 开始处理节点维护
2026-05-09 19:02:30,466 - DEBUG - DNS解析重试中 us.616049.xyz: [Errno -2] Name or service not known
2026-05-09 19:02:31,485 - DEBUG - DNS解析重试中 us.616049.xyz: [Errno -2] Name or service not known
2026-05-09 19:02:32,508 - DEBUG - DNS解析重试中 us.616049.xyz: [Errno -2] Name or service not known
2026-05-09 19:02:33,509 - WARNING - [us.616049.xyz (LAX)] ├─ 无有效DNS记录，触发紧急更新
2026-05-09 19:15:09,345 - ERROR - CFST更新失败: None
2026-05-09 19:15:09,345 - INFO - --------------------------------------------------
2026-05-09 19:15:09,345 - INFO - [de.616049.xyz (FRA)] 开始处理节点维护
2026-05-09 19:15:09,366 - DEBUG - DNS解析重试中 de.616049.xyz: [Errno -2] Name or service not known
2026-05-09 19:15:10,389 - DEBUG - DNS解析重试中 de.616049.xyz: [Errno -2] Name or service not known
2026-05-09 19:15:11,404 - DEBUG - DNS解析重试中 de.616049.xyz: [Errno -2] Name or service not known
2026-05-09 19:15:12,405 - WARNING - [de.616049.xyz (FRA)] ├─ 无有效DNS记录，触发紧急更新
2026-05-09 19:27:48,471 - ERROR - CFST更新失败: None
2026-05-09 19:27:48,475 - DEBUG - Starting new HTTPS connection (1): api.telegram.org:443
2026-05-09 19:27:48,927 - DEBUG - https://api.telegram.org:443 "POST /bot/sendMessage HTTP/1.1" 404 55
