2026-03-02 04:17:58,928 - INFO - 启动维护任务 | 协议类型: IPV4
2026-03-02 04:17:58,928 - INFO - --------------------------------------------------
2026-03-02 04:17:58,928 - INFO - [hk.616049.xyz (HKG)] 开始处理节点维护
2026-03-02 04:17:58,952 - DEBUG - DNS解析重试中 hk.616049.xyz: [Errno -2] Name or service not known
2026-03-02 04:17:59,977 - DEBUG - DNS解析重试中 hk.616049.xyz: [Errno -2] Name or service not known
2026-03-02 04:18:00,998 - DEBUG - DNS解析重试中 hk.616049.xyz: [Errno -2] Name or service not known
2026-03-02 04:18:01,999 - WARNING - [hk.616049.xyz (HKG)] ├─ 无有效DNS记录，触发紧急更新
2026-03-02 04:31:00,865 - ERROR - CFST更新失败: None
2026-03-02 04:31:00,865 - INFO - --------------------------------------------------
2026-03-02 04:31:00,865 - INFO - [us.616049.xyz (LAX)] 开始处理节点维护
2026-03-02 04:31:00,893 - DEBUG - DNS解析重试中 us.616049.xyz: [Errno -2] Name or service not known
2026-03-02 04:31:01,916 - DEBUG - DNS解析重试中 us.616049.xyz: [Errno -2] Name or service not known
2026-03-02 04:31:02,943 - DEBUG - DNS解析重试中 us.616049.xyz: [Errno -2] Name or service not known
2026-03-02 04:31:03,944 - WARNING - [us.616049.xyz (LAX)] ├─ 无有效DNS记录，触发紧急更新
2026-03-02 04:43:58,041 - ERROR - CFST更新失败: None
2026-03-02 04:43:58,041 - INFO - --------------------------------------------------
2026-03-02 04:43:58,041 - INFO - [de.616049.xyz (FRA)] 开始处理节点维护
2026-03-02 04:43:58,064 - DEBUG - DNS解析重试中 de.616049.xyz: [Errno -2] Name or service not known
2026-03-02 04:43:59,100 - DEBUG - DNS解析重试中 de.616049.xyz: [Errno -2] Name or service not known
2026-03-02 04:44:00,107 - DEBUG - DNS解析重试中 de.616049.xyz: [Errno -2] Name or service not known
2026-03-02 04:44:01,108 - WARNING - [de.616049.xyz (FRA)] ├─ 无有效DNS记录，触发紧急更新
2026-03-02 04:56:54,679 - ERROR - CFST更新失败: None
2026-03-02 04:56:54,683 - DEBUG - Starting new HTTPS connection (1): api.telegram.org:443
2026-03-02 04:56:55,012 - DEBUG - https://api.telegram.org:443 "POST /bot/sendMessage HTTP/1.1" 404 55
