2026-04-15 00:57:19,130 - INFO - 启动维护任务 | 协议类型: IPV4
2026-04-15 00:57:19,130 - INFO - --------------------------------------------------
2026-04-15 00:57:19,130 - INFO - [hk.616049.xyz (HKG)] 开始处理节点维护
2026-04-15 00:57:19,169 - DEBUG - DNS解析重试中 hk.616049.xyz: [Errno -2] Name or service not known
2026-04-15 00:57:20,496 - DEBUG - DNS解析重试中 hk.616049.xyz: [Errno -2] Name or service not known
2026-04-15 00:57:21,519 - DEBUG - DNS解析重试中 hk.616049.xyz: [Errno -2] Name or service not known
2026-04-15 00:57:22,520 - WARNING - [hk.616049.xyz (HKG)] ├─ 无有效DNS记录，触发紧急更新
2026-04-15 01:10:29,741 - ERROR - CFST更新失败: None
2026-04-15 01:10:29,741 - INFO - --------------------------------------------------
2026-04-15 01:10:29,741 - INFO - [us.616049.xyz (LAX)] 开始处理节点维护
2026-04-15 01:10:29,769 - DEBUG - DNS解析重试中 us.616049.xyz: [Errno -2] Name or service not known
2026-04-15 01:10:30,777 - DEBUG - DNS解析重试中 us.616049.xyz: [Errno -2] Name or service not known
2026-04-15 01:10:31,797 - DEBUG - DNS解析重试中 us.616049.xyz: [Errno -2] Name or service not known
2026-04-15 01:10:32,798 - WARNING - [us.616049.xyz (LAX)] ├─ 无有效DNS记录，触发紧急更新
2026-04-15 01:23:39,520 - ERROR - CFST更新失败: None
2026-04-15 01:23:39,520 - INFO - --------------------------------------------------
2026-04-15 01:23:39,520 - INFO - [de.616049.xyz (FRA)] 开始处理节点维护
2026-04-15 01:23:39,546 - DEBUG - DNS解析重试中 de.616049.xyz: [Errno -2] Name or service not known
2026-04-15 01:23:40,573 - DEBUG - DNS解析重试中 de.616049.xyz: [Errno -2] Name or service not known
2026-04-15 01:23:41,603 - DEBUG - DNS解析重试中 de.616049.xyz: [Errno -2] Name or service not known
2026-04-15 01:23:42,604 - WARNING - [de.616049.xyz (FRA)] ├─ 无有效DNS记录，触发紧急更新
2026-04-15 01:36:49,941 - ERROR - CFST更新失败: None
2026-04-15 01:36:49,945 - DEBUG - Starting new HTTPS connection (1): api.telegram.org:443
2026-04-15 01:36:50,442 - DEBUG - https://api.telegram.org:443 "POST /bot/sendMessage HTTP/1.1" 404 55
