2026-04-04 12:09:59,383 - INFO - 启动维护任务 | 协议类型: IPV4
2026-04-04 12:09:59,383 - INFO - --------------------------------------------------
2026-04-04 12:09:59,383 - INFO - [hk.616049.xyz (HKG)] 开始处理节点维护
2026-04-04 12:09:59,404 - DEBUG - DNS解析重试中 hk.616049.xyz: [Errno -2] Name or service not known
2026-04-04 12:10:00,416 - DEBUG - DNS解析重试中 hk.616049.xyz: [Errno -2] Name or service not known
2026-04-04 12:10:01,438 - DEBUG - DNS解析重试中 hk.616049.xyz: [Errno -2] Name or service not known
2026-04-04 12:10:02,439 - WARNING - [hk.616049.xyz (HKG)] ├─ 无有效DNS记录，触发紧急更新
2026-04-04 12:22:57,781 - ERROR - CFST更新失败: None
2026-04-04 12:22:57,781 - INFO - --------------------------------------------------
2026-04-04 12:22:57,781 - INFO - [us.616049.xyz (LAX)] 开始处理节点维护
2026-04-04 12:22:57,815 - DEBUG - DNS解析重试中 us.616049.xyz: [Errno -2] Name or service not known
2026-04-04 12:22:58,835 - DEBUG - DNS解析重试中 us.616049.xyz: [Errno -2] Name or service not known
2026-04-04 12:22:59,848 - DEBUG - DNS解析重试中 us.616049.xyz: [Errno -2] Name or service not known
2026-04-04 12:23:00,850 - WARNING - [us.616049.xyz (LAX)] ├─ 无有效DNS记录，触发紧急更新
2026-04-04 12:35:55,533 - ERROR - CFST更新失败: None
2026-04-04 12:35:55,533 - INFO - --------------------------------------------------
2026-04-04 12:35:55,533 - INFO - [de.616049.xyz (FRA)] 开始处理节点维护
2026-04-04 12:35:55,544 - DEBUG - DNS解析重试中 de.616049.xyz: [Errno -2] Name or service not known
2026-04-04 12:35:56,550 - DEBUG - DNS解析重试中 de.616049.xyz: [Errno -2] Name or service not known
2026-04-04 12:35:57,567 - DEBUG - DNS解析重试中 de.616049.xyz: [Errno -2] Name or service not known
2026-04-04 12:35:58,569 - WARNING - [de.616049.xyz (FRA)] ├─ 无有效DNS记录，触发紧急更新
2026-04-04 12:48:53,221 - ERROR - CFST更新失败: None
2026-04-04 12:48:53,224 - DEBUG - Starting new HTTPS connection (1): api.telegram.org:443
2026-04-04 12:48:53,521 - DEBUG - https://api.telegram.org:443 "POST /bot/sendMessage HTTP/1.1" 404 55
