2026-05-29 15:47:26,691 - INFO - 启动维护任务 | 协议类型: IPV4
2026-05-29 15:47:26,692 - INFO - --------------------------------------------------
2026-05-29 15:47:26,692 - INFO - [hk.616049.xyz (HKG)] 开始处理节点维护
2026-05-29 15:47:26,703 - DEBUG - DNS解析重试中 hk.616049.xyz: [Errno -2] Name or service not known
2026-05-29 15:47:27,714 - DEBUG - DNS解析重试中 hk.616049.xyz: [Errno -2] Name or service not known
2026-05-29 15:47:28,724 - DEBUG - DNS解析重试中 hk.616049.xyz: [Errno -2] Name or service not known
2026-05-29 15:47:29,726 - WARNING - [hk.616049.xyz (HKG)] ├─ 无有效DNS记录，触发紧急更新
2026-05-29 16:00:27,768 - ERROR - CFST更新失败: None
2026-05-29 16:00:27,769 - INFO - --------------------------------------------------
2026-05-29 16:00:27,769 - INFO - [us.616049.xyz (LAX)] 开始处理节点维护
2026-05-29 16:00:27,778 - DEBUG - DNS解析重试中 us.616049.xyz: [Errno -2] Name or service not known
2026-05-29 16:00:28,801 - DEBUG - DNS解析重试中 us.616049.xyz: [Errno -2] Name or service not known
2026-05-29 16:00:29,810 - DEBUG - DNS解析重试中 us.616049.xyz: [Errno -2] Name or service not known
2026-05-29 16:00:30,811 - WARNING - [us.616049.xyz (LAX)] ├─ 无有效DNS记录，触发紧急更新
2026-05-29 16:13:28,497 - ERROR - CFST更新失败: None
2026-05-29 16:13:28,497 - INFO - --------------------------------------------------
2026-05-29 16:13:28,497 - INFO - [de.616049.xyz (FRA)] 开始处理节点维护
2026-05-29 16:13:28,513 - DEBUG - DNS解析重试中 de.616049.xyz: [Errno -2] Name or service not known
2026-05-29 16:13:29,544 - DEBUG - DNS解析重试中 de.616049.xyz: [Errno -2] Name or service not known
2026-05-29 16:13:30,562 - DEBUG - DNS解析重试中 de.616049.xyz: [Errno -2] Name or service not known
2026-05-29 16:13:31,563 - WARNING - [de.616049.xyz (FRA)] ├─ 无有效DNS记录，触发紧急更新
2026-05-29 16:26:27,203 - ERROR - CFST更新失败: None
2026-05-29 16:26:27,207 - DEBUG - Starting new HTTPS connection (1): api.telegram.org:443
2026-05-29 16:26:27,490 - DEBUG - https://api.telegram.org:443 "POST /bot/sendMessage HTTP/1.1" 404 55
