2026-05-11 02:49:51,348 - INFO - 启动维护任务 | 协议类型: IPV4
2026-05-11 02:49:51,348 - INFO - --------------------------------------------------
2026-05-11 02:49:51,348 - INFO - [hk.616049.xyz (HKG)] 开始处理节点维护
2026-05-11 02:49:51,374 - DEBUG - DNS解析重试中 hk.616049.xyz: [Errno -2] Name or service not known
2026-05-11 02:49:52,394 - DEBUG - DNS解析重试中 hk.616049.xyz: [Errno -2] Name or service not known
2026-05-11 02:49:53,423 - DEBUG - DNS解析重试中 hk.616049.xyz: [Errno -2] Name or service not known
2026-05-11 02:49:54,424 - WARNING - [hk.616049.xyz (HKG)] ├─ 无有效DNS记录，触发紧急更新
2026-05-11 03:02:35,002 - ERROR - CFST更新失败: None
2026-05-11 03:02:35,002 - INFO - --------------------------------------------------
2026-05-11 03:02:35,002 - INFO - [us.616049.xyz (LAX)] 开始处理节点维护
2026-05-11 03:02:35,022 - DEBUG - DNS解析重试中 us.616049.xyz: [Errno -2] Name or service not known
2026-05-11 03:02:36,034 - DEBUG - DNS解析重试中 us.616049.xyz: [Errno -2] Name or service not known
2026-05-11 03:02:37,055 - DEBUG - DNS解析重试中 us.616049.xyz: [Errno -2] Name or service not known
2026-05-11 03:02:38,056 - WARNING - [us.616049.xyz (LAX)] ├─ 无有效DNS记录，触发紧急更新
2026-05-11 03:15:18,083 - ERROR - CFST更新失败: None
2026-05-11 03:15:18,083 - INFO - --------------------------------------------------
2026-05-11 03:15:18,083 - INFO - [de.616049.xyz (FRA)] 开始处理节点维护
2026-05-11 03:15:18,100 - DEBUG - DNS解析重试中 de.616049.xyz: [Errno -2] Name or service not known
2026-05-11 03:15:19,111 - DEBUG - DNS解析重试中 de.616049.xyz: [Errno -2] Name or service not known
2026-05-11 03:15:20,129 - DEBUG - DNS解析重试中 de.616049.xyz: [Errno -2] Name or service not known
2026-05-11 03:15:21,131 - WARNING - [de.616049.xyz (FRA)] ├─ 无有效DNS记录，触发紧急更新
2026-05-11 03:28:00,911 - ERROR - CFST更新失败: None
2026-05-11 03:28:00,915 - DEBUG - Starting new HTTPS connection (1): api.telegram.org:443
2026-05-11 03:28:01,197 - DEBUG - https://api.telegram.org:443 "POST /bot/sendMessage HTTP/1.1" 404 55
