2026-02-04 14:40:33,254 - INFO - 启动维护任务 | 协议类型: IPV4
2026-02-04 14:40:33,254 - INFO - --------------------------------------------------
2026-02-04 14:40:33,254 - INFO - [hk.616049.xyz (HKG)] 开始处理节点维护
2026-02-04 14:40:33,287 - DEBUG - DNS解析重试中 hk.616049.xyz: [Errno -2] Name or service not known
2026-02-04 14:40:34,319 - DEBUG - DNS解析重试中 hk.616049.xyz: [Errno -2] Name or service not known
2026-02-04 14:40:35,330 - DEBUG - DNS解析重试中 hk.616049.xyz: [Errno -2] Name or service not known
2026-02-04 14:40:36,332 - WARNING - [hk.616049.xyz (HKG)] ├─ 无有效DNS记录，触发紧急更新
2026-02-04 14:53:34,227 - ERROR - CFST更新失败: None
2026-02-04 14:53:34,228 - INFO - --------------------------------------------------
2026-02-04 14:53:34,228 - INFO - [us.616049.xyz (LAX)] 开始处理节点维护
2026-02-04 14:53:34,238 - DEBUG - DNS解析重试中 us.616049.xyz: [Errno -2] Name or service not known
2026-02-04 14:53:35,267 - DEBUG - DNS解析重试中 us.616049.xyz: [Errno -2] Name or service not known
2026-02-04 14:53:36,275 - DEBUG - DNS解析重试中 us.616049.xyz: [Errno -2] Name or service not known
2026-02-04 14:53:37,276 - WARNING - [us.616049.xyz (LAX)] ├─ 无有效DNS记录，触发紧急更新
2026-02-04 15:06:34,043 - ERROR - CFST更新失败: None
2026-02-04 15:06:34,043 - INFO - --------------------------------------------------
2026-02-04 15:06:34,043 - INFO - [de.616049.xyz (FRA)] 开始处理节点维护
2026-02-04 15:06:34,060 - DEBUG - DNS解析重试中 de.616049.xyz: [Errno -2] Name or service not known
2026-02-04 15:06:35,083 - DEBUG - DNS解析重试中 de.616049.xyz: [Errno -2] Name or service not known
2026-02-04 15:06:36,109 - DEBUG - DNS解析重试中 de.616049.xyz: [Errno -2] Name or service not known
2026-02-04 15:06:37,110 - WARNING - [de.616049.xyz (FRA)] ├─ 无有效DNS记录，触发紧急更新
2026-02-04 15:19:34,258 - ERROR - CFST更新失败: None
2026-02-04 15:19:34,262 - DEBUG - Starting new HTTPS connection (1): api.telegram.org:443
2026-02-04 15:19:34,547 - DEBUG - https://api.telegram.org:443 "POST /bot/sendMessage HTTP/1.1" 404 55
