2026-02-20 00:42:34,633 - INFO - 启动维护任务 | 协议类型: IPV4
2026-02-20 00:42:34,634 - INFO - --------------------------------------------------
2026-02-20 00:42:34,634 - INFO - [hk.616049.xyz (HKG)] 开始处理节点维护
2026-02-20 00:42:34,668 - DEBUG - DNS解析重试中 hk.616049.xyz: [Errno -2] Name or service not known
2026-02-20 00:42:35,674 - DEBUG - DNS解析重试中 hk.616049.xyz: [Errno -2] Name or service not known
2026-02-20 00:42:36,704 - DEBUG - DNS解析重试中 hk.616049.xyz: [Errno -2] Name or service not known
2026-02-20 00:42:37,706 - WARNING - [hk.616049.xyz (HKG)] ├─ 无有效DNS记录，触发紧急更新
2026-02-20 00:55:31,582 - ERROR - CFST更新失败: None
2026-02-20 00:55:31,582 - INFO - --------------------------------------------------
2026-02-20 00:55:31,583 - INFO - [us.616049.xyz (LAX)] 开始处理节点维护
2026-02-20 00:55:31,609 - DEBUG - DNS解析重试中 us.616049.xyz: [Errno -2] Name or service not known
2026-02-20 00:55:32,624 - DEBUG - DNS解析重试中 us.616049.xyz: [Errno -2] Name or service not known
2026-02-20 00:55:33,638 - DEBUG - DNS解析重试中 us.616049.xyz: [Errno -2] Name or service not known
2026-02-20 00:55:34,639 - WARNING - [us.616049.xyz (LAX)] ├─ 无有效DNS记录，触发紧急更新
2026-02-20 01:08:34,735 - ERROR - CFST更新失败: None
2026-02-20 01:08:34,736 - INFO - --------------------------------------------------
2026-02-20 01:08:34,736 - INFO - [de.616049.xyz (FRA)] 开始处理节点维护
2026-02-20 01:08:34,751 - DEBUG - DNS解析重试中 de.616049.xyz: [Errno -2] Name or service not known
2026-02-20 01:08:35,775 - DEBUG - DNS解析重试中 de.616049.xyz: [Errno -2] Name or service not known
2026-02-20 01:08:36,794 - DEBUG - DNS解析重试中 de.616049.xyz: [Errno -2] Name or service not known
2026-02-20 01:08:37,795 - WARNING - [de.616049.xyz (FRA)] ├─ 无有效DNS记录，触发紧急更新
2026-02-20 01:21:36,229 - ERROR - CFST更新失败: None
2026-02-20 01:21:36,233 - DEBUG - Starting new HTTPS connection (1): api.telegram.org:443
2026-02-20 01:21:36,724 - DEBUG - https://api.telegram.org:443 "POST /bot/sendMessage HTTP/1.1" 404 55
