2026-06-29 04:53:08,938 - INFO - 启动维护任务 | 协议类型: IPV4
2026-06-29 04:53:08,938 - INFO - --------------------------------------------------
2026-06-29 04:53:08,938 - INFO - [hk.616049.xyz (HKG)] 开始处理节点维护
2026-06-29 04:53:08,953 - DEBUG - DNS解析重试中 hk.616049.xyz: [Errno -2] Name or service not known
2026-06-29 04:53:09,964 - DEBUG - DNS解析重试中 hk.616049.xyz: [Errno -2] Name or service not known
2026-06-29 04:53:10,978 - DEBUG - DNS解析重试中 hk.616049.xyz: [Errno -2] Name or service not known
2026-06-29 04:53:11,979 - WARNING - [hk.616049.xyz (HKG)] ├─ 无有效DNS记录，触发紧急更新
2026-06-29 05:05:42,938 - ERROR - CFST更新失败: None
2026-06-29 05:05:42,939 - INFO - --------------------------------------------------
2026-06-29 05:05:42,939 - INFO - [us.616049.xyz (LAX)] 开始处理节点维护
2026-06-29 05:05:42,948 - DEBUG - DNS解析重试中 us.616049.xyz: [Errno -2] Name or service not known
2026-06-29 05:05:43,967 - DEBUG - DNS解析重试中 us.616049.xyz: [Errno -2] Name or service not known
2026-06-29 05:05:44,980 - DEBUG - DNS解析重试中 us.616049.xyz: [Errno -2] Name or service not known
2026-06-29 05:05:45,981 - WARNING - [us.616049.xyz (LAX)] ├─ 无有效DNS记录，触发紧急更新
2026-06-29 05:18:16,551 - ERROR - CFST更新失败: None
2026-06-29 05:18:16,551 - INFO - --------------------------------------------------
2026-06-29 05:18:16,551 - INFO - [de.616049.xyz (FRA)] 开始处理节点维护
2026-06-29 05:18:16,562 - DEBUG - DNS解析重试中 de.616049.xyz: [Errno -2] Name or service not known
2026-06-29 05:18:17,575 - DEBUG - DNS解析重试中 de.616049.xyz: [Errno -2] Name or service not known
2026-06-29 05:18:18,592 - DEBUG - DNS解析重试中 de.616049.xyz: [Errno -2] Name or service not known
2026-06-29 05:18:19,594 - WARNING - [de.616049.xyz (FRA)] ├─ 无有效DNS记录，触发紧急更新
2026-06-29 05:30:52,102 - ERROR - CFST更新失败: None
2026-06-29 05:30:52,105 - DEBUG - Starting new HTTPS connection (1): api.telegram.org:443
2026-06-29 05:30:52,560 - DEBUG - https://api.telegram.org:443 "POST /bot/sendMessage HTTP/1.1" 404 55
