2026-03-19 00:52:22,805 - INFO - 启动维护任务 | 协议类型: IPV4
2026-03-19 00:52:22,805 - INFO - --------------------------------------------------
2026-03-19 00:52:22,805 - INFO - [hk.616049.xyz (HKG)] 开始处理节点维护
2026-03-19 00:52:22,817 - DEBUG - DNS解析重试中 hk.616049.xyz: [Errno -2] Name or service not known
2026-03-19 00:52:23,841 - DEBUG - DNS解析重试中 hk.616049.xyz: [Errno -2] Name or service not known
2026-03-19 00:52:24,851 - DEBUG - DNS解析重试中 hk.616049.xyz: [Errno -2] Name or service not known
2026-03-19 00:52:25,852 - WARNING - [hk.616049.xyz (HKG)] ├─ 无有效DNS记录，触发紧急更新
2026-03-19 01:05:24,311 - ERROR - CFST更新失败: None
2026-03-19 01:05:24,311 - INFO - --------------------------------------------------
2026-03-19 01:05:24,311 - INFO - [us.616049.xyz (LAX)] 开始处理节点维护
2026-03-19 01:05:24,322 - DEBUG - DNS解析重试中 us.616049.xyz: [Errno -2] Name or service not known
2026-03-19 01:05:25,332 - DEBUG - DNS解析重试中 us.616049.xyz: [Errno -2] Name or service not known
2026-03-19 01:05:26,344 - DEBUG - DNS解析重试中 us.616049.xyz: [Errno -2] Name or service not known
2026-03-19 01:05:27,346 - WARNING - [us.616049.xyz (LAX)] ├─ 无有效DNS记录，触发紧急更新
2026-03-19 01:18:22,943 - ERROR - CFST更新失败: None
2026-03-19 01:18:22,943 - INFO - --------------------------------------------------
2026-03-19 01:18:22,943 - INFO - [de.616049.xyz (FRA)] 开始处理节点维护
2026-03-19 01:18:22,951 - DEBUG - DNS解析重试中 de.616049.xyz: [Errno -2] Name or service not known
2026-03-19 01:18:23,961 - DEBUG - DNS解析重试中 de.616049.xyz: [Errno -2] Name or service not known
2026-03-19 01:18:24,969 - DEBUG - DNS解析重试中 de.616049.xyz: [Errno -2] Name or service not known
2026-03-19 01:18:25,971 - WARNING - [de.616049.xyz (FRA)] ├─ 无有效DNS记录，触发紧急更新
2026-03-19 01:31:21,837 - ERROR - CFST更新失败: None
2026-03-19 01:31:21,841 - DEBUG - Starting new HTTPS connection (1): api.telegram.org:443
2026-03-19 01:31:22,139 - DEBUG - https://api.telegram.org:443 "POST /bot/sendMessage HTTP/1.1" 404 55
