2026-01-21 11:27:31,129 - INFO - 启动维护任务 | 协议类型: IPV4
2026-01-21 11:27:31,129 - INFO - --------------------------------------------------
2026-01-21 11:27:31,130 - INFO - [hk.616049.xyz (HKG)] 开始处理节点维护
2026-01-21 11:27:31,197 - DEBUG - DNS解析重试中 hk.616049.xyz: [Errno -2] Name or service not known
2026-01-21 11:27:32,219 - DEBUG - DNS解析重试中 hk.616049.xyz: [Errno -2] Name or service not known
2026-01-21 11:27:33,241 - DEBUG - DNS解析重试中 hk.616049.xyz: [Errno -2] Name or service not known
2026-01-21 11:27:34,242 - WARNING - [hk.616049.xyz (HKG)] ├─ 无有效DNS记录，触发紧急更新
2026-01-21 11:40:29,756 - ERROR - CFST更新失败: None
2026-01-21 11:40:29,756 - INFO - --------------------------------------------------
2026-01-21 11:40:29,756 - INFO - [us.616049.xyz (LAX)] 开始处理节点维护
2026-01-21 11:40:29,777 - DEBUG - DNS解析重试中 us.616049.xyz: [Errno -2] Name or service not known
2026-01-21 11:40:30,785 - DEBUG - DNS解析重试中 us.616049.xyz: [Errno -2] Name or service not known
2026-01-21 11:40:31,815 - DEBUG - DNS解析重试中 us.616049.xyz: [Errno -2] Name or service not known
2026-01-21 11:40:32,816 - WARNING - [us.616049.xyz (LAX)] ├─ 无有效DNS记录，触发紧急更新
2026-01-21 11:53:29,715 - ERROR - CFST更新失败: None
2026-01-21 11:53:29,715 - INFO - --------------------------------------------------
2026-01-21 11:53:29,715 - INFO - [de.616049.xyz (FRA)] 开始处理节点维护
2026-01-21 11:53:29,749 - DEBUG - DNS解析重试中 de.616049.xyz: [Errno -2] Name or service not known
2026-01-21 11:53:30,774 - DEBUG - DNS解析重试中 de.616049.xyz: [Errno -2] Name or service not known
2026-01-21 11:53:31,818 - DEBUG - DNS解析重试中 de.616049.xyz: [Errno -2] Name or service not known
2026-01-21 11:53:32,819 - WARNING - [de.616049.xyz (FRA)] ├─ 无有效DNS记录，触发紧急更新
2026-01-21 12:06:29,707 - ERROR - CFST更新失败: None
2026-01-21 12:06:29,710 - DEBUG - Starting new HTTPS connection (1): api.telegram.org:443
2026-01-21 12:06:30,040 - DEBUG - https://api.telegram.org:443 "POST /bot/sendMessage HTTP/1.1" 404 55
