2026-02-18 22:40:00,622 - INFO - 启动维护任务 | 协议类型: IPV4
2026-02-18 22:40:00,622 - INFO - --------------------------------------------------
2026-02-18 22:40:00,622 - INFO - [hk.616049.xyz (HKG)] 开始处理节点维护
2026-02-18 22:40:00,636 - DEBUG - DNS解析重试中 hk.616049.xyz: [Errno -2] Name or service not known
2026-02-18 22:40:01,657 - DEBUG - DNS解析重试中 hk.616049.xyz: [Errno -2] Name or service not known
2026-02-18 22:40:02,682 - DEBUG - DNS解析重试中 hk.616049.xyz: [Errno -2] Name or service not known
2026-02-18 22:40:03,683 - WARNING - [hk.616049.xyz (HKG)] ├─ 无有效DNS记录，触发紧急更新
2026-02-18 22:52:59,920 - ERROR - CFST更新失败: None
2026-02-18 22:52:59,920 - INFO - --------------------------------------------------
2026-02-18 22:52:59,920 - INFO - [us.616049.xyz (LAX)] 开始处理节点维护
2026-02-18 22:52:59,939 - DEBUG - DNS解析重试中 us.616049.xyz: [Errno -2] Name or service not known
2026-02-18 22:53:00,959 - DEBUG - DNS解析重试中 us.616049.xyz: [Errno -2] Name or service not known
2026-02-18 22:53:01,965 - DEBUG - DNS解析重试中 us.616049.xyz: [Errno -2] Name or service not known
2026-02-18 22:53:02,967 - WARNING - [us.616049.xyz (LAX)] ├─ 无有效DNS记录，触发紧急更新
2026-02-18 23:06:03,944 - ERROR - CFST更新失败: None
2026-02-18 23:06:03,944 - INFO - --------------------------------------------------
2026-02-18 23:06:03,944 - INFO - [de.616049.xyz (FRA)] 开始处理节点维护
2026-02-18 23:06:03,967 - DEBUG - DNS解析重试中 de.616049.xyz: [Errno -2] Name or service not known
2026-02-18 23:06:04,991 - DEBUG - DNS解析重试中 de.616049.xyz: [Errno -2] Name or service not known
2026-02-18 23:06:06,005 - DEBUG - DNS解析重试中 de.616049.xyz: [Errno -2] Name or service not known
2026-02-18 23:06:07,007 - WARNING - [de.616049.xyz (FRA)] ├─ 无有效DNS记录，触发紧急更新
2026-02-18 23:19:04,051 - ERROR - CFST更新失败: None
2026-02-18 23:19:04,054 - DEBUG - Starting new HTTPS connection (1): api.telegram.org:443
2026-02-18 23:19:04,502 - DEBUG - https://api.telegram.org:443 "POST /bot/sendMessage HTTP/1.1" 404 55
