2026-01-31 18:17:00,151 - INFO - 启动维护任务 | 协议类型: IPV4
2026-01-31 18:17:00,151 - INFO - --------------------------------------------------
2026-01-31 18:17:00,151 - INFO - [hk.616049.xyz (HKG)] 开始处理节点维护
2026-01-31 18:17:00,216 - DEBUG - DNS解析重试中 hk.616049.xyz: [Errno -2] Name or service not known
2026-01-31 18:17:01,248 - DEBUG - DNS解析重试中 hk.616049.xyz: [Errno -2] Name or service not known
2026-01-31 18:17:02,305 - DEBUG - DNS解析重试中 hk.616049.xyz: [Errno -2] Name or service not known
2026-01-31 18:17:03,306 - WARNING - [hk.616049.xyz (HKG)] ├─ 无有效DNS记录，触发紧急更新
2026-01-31 18:30:00,690 - ERROR - CFST更新失败: None
2026-01-31 18:30:00,690 - INFO - --------------------------------------------------
2026-01-31 18:30:00,690 - INFO - [us.616049.xyz (LAX)] 开始处理节点维护
2026-01-31 18:30:00,712 - DEBUG - DNS解析重试中 us.616049.xyz: [Errno -2] Name or service not known
2026-01-31 18:30:01,734 - DEBUG - DNS解析重试中 us.616049.xyz: [Errno -2] Name or service not known
2026-01-31 18:30:02,758 - DEBUG - DNS解析重试中 us.616049.xyz: [Errno -2] Name or service not known
2026-01-31 18:30:03,760 - WARNING - [us.616049.xyz (LAX)] ├─ 无有效DNS记录，触发紧急更新
2026-01-31 18:43:02,465 - ERROR - CFST更新失败: None
2026-01-31 18:43:02,466 - INFO - --------------------------------------------------
2026-01-31 18:43:02,466 - INFO - [de.616049.xyz (FRA)] 开始处理节点维护
2026-01-31 18:43:02,489 - DEBUG - DNS解析重试中 de.616049.xyz: [Errno -2] Name or service not known
2026-01-31 18:43:03,512 - DEBUG - DNS解析重试中 de.616049.xyz: [Errno -2] Name or service not known
2026-01-31 18:43:04,534 - DEBUG - DNS解析重试中 de.616049.xyz: [Errno -2] Name or service not known
2026-01-31 18:43:05,535 - WARNING - [de.616049.xyz (FRA)] ├─ 无有效DNS记录，触发紧急更新
2026-01-31 18:56:01,964 - ERROR - CFST更新失败: None
2026-01-31 18:56:01,967 - DEBUG - Starting new HTTPS connection (1): api.telegram.org:443
2026-01-31 18:56:02,291 - DEBUG - https://api.telegram.org:443 "POST /bot/sendMessage HTTP/1.1" 404 55
