2026-03-03 12:07:33,609 - INFO - 启动维护任务 | 协议类型: IPV4
2026-03-03 12:07:33,609 - INFO - --------------------------------------------------
2026-03-03 12:07:33,609 - INFO - [hk.616049.xyz (HKG)] 开始处理节点维护
2026-03-03 12:07:33,635 - DEBUG - DNS解析重试中 hk.616049.xyz: [Errno -2] Name or service not known
2026-03-03 12:07:34,658 - DEBUG - DNS解析重试中 hk.616049.xyz: [Errno -2] Name or service not known
2026-03-03 12:07:35,679 - DEBUG - DNS解析重试中 hk.616049.xyz: [Errno -2] Name or service not known
2026-03-03 12:07:36,681 - WARNING - [hk.616049.xyz (HKG)] ├─ 无有效DNS记录，触发紧急更新
2026-03-03 12:20:33,339 - ERROR - CFST更新失败: None
2026-03-03 12:20:33,339 - INFO - --------------------------------------------------
2026-03-03 12:20:33,339 - INFO - [us.616049.xyz (LAX)] 开始处理节点维护
2026-03-03 12:20:33,367 - DEBUG - DNS解析重试中 us.616049.xyz: [Errno -2] Name or service not known
2026-03-03 12:20:34,390 - DEBUG - DNS解析重试中 us.616049.xyz: [Errno -2] Name or service not known
2026-03-03 12:20:35,413 - DEBUG - DNS解析重试中 us.616049.xyz: [Errno -2] Name or service not known
2026-03-03 12:20:36,415 - WARNING - [us.616049.xyz (LAX)] ├─ 无有效DNS记录，触发紧急更新
2026-03-03 12:33:32,641 - ERROR - CFST更新失败: None
2026-03-03 12:33:32,641 - INFO - --------------------------------------------------
2026-03-03 12:33:32,641 - INFO - [de.616049.xyz (FRA)] 开始处理节点维护
2026-03-03 12:33:32,663 - DEBUG - DNS解析重试中 de.616049.xyz: [Errno -2] Name or service not known
2026-03-03 12:33:33,677 - DEBUG - DNS解析重试中 de.616049.xyz: [Errno -2] Name or service not known
2026-03-03 12:33:34,707 - DEBUG - DNS解析重试中 de.616049.xyz: [Errno -2] Name or service not known
2026-03-03 12:33:35,708 - WARNING - [de.616049.xyz (FRA)] ├─ 无有效DNS记录，触发紧急更新
2026-03-03 12:46:32,097 - ERROR - CFST更新失败: None
2026-03-03 12:46:32,101 - DEBUG - Starting new HTTPS connection (1): api.telegram.org:443
2026-03-03 12:46:32,576 - DEBUG - https://api.telegram.org:443 "POST /bot/sendMessage HTTP/1.1" 404 55
