2026-03-07 04:23:32,700 - INFO - 启动维护任务 | 协议类型: IPV4
2026-03-07 04:23:32,700 - INFO - --------------------------------------------------
2026-03-07 04:23:32,700 - INFO - [hk.616049.xyz (HKG)] 开始处理节点维护
2026-03-07 04:23:32,729 - DEBUG - DNS解析重试中 hk.616049.xyz: [Errno -2] Name or service not known
2026-03-07 04:23:33,742 - DEBUG - DNS解析重试中 hk.616049.xyz: [Errno -2] Name or service not known
2026-03-07 04:23:34,758 - DEBUG - DNS解析重试中 hk.616049.xyz: [Errno -2] Name or service not known
2026-03-07 04:23:35,759 - WARNING - [hk.616049.xyz (HKG)] ├─ 无有效DNS记录，触发紧急更新
2026-03-07 04:36:37,546 - ERROR - CFST更新失败: None
2026-03-07 04:36:37,546 - INFO - --------------------------------------------------
2026-03-07 04:36:37,546 - INFO - [us.616049.xyz (LAX)] 开始处理节点维护
2026-03-07 04:36:37,594 - DEBUG - DNS解析重试中 us.616049.xyz: [Errno -2] Name or service not known
2026-03-07 04:36:38,653 - DEBUG - DNS解析重试中 us.616049.xyz: [Errno -2] Name or service not known
2026-03-07 04:36:39,659 - DEBUG - DNS解析重试中 us.616049.xyz: [Errno -2] Name or service not known
2026-03-07 04:36:40,660 - WARNING - [us.616049.xyz (LAX)] ├─ 无有效DNS记录，触发紧急更新
2026-03-07 04:49:44,061 - ERROR - CFST更新失败: None
2026-03-07 04:49:44,061 - INFO - --------------------------------------------------
2026-03-07 04:49:44,061 - INFO - [de.616049.xyz (FRA)] 开始处理节点维护
2026-03-07 04:49:44,073 - DEBUG - DNS解析重试中 de.616049.xyz: [Errno -2] Name or service not known
2026-03-07 04:49:45,096 - DEBUG - DNS解析重试中 de.616049.xyz: [Errno -2] Name or service not known
2026-03-07 04:49:46,113 - DEBUG - DNS解析重试中 de.616049.xyz: [Errno -2] Name or service not known
2026-03-07 04:49:47,115 - WARNING - [de.616049.xyz (FRA)] ├─ 无有效DNS记录，触发紧急更新
2026-03-07 05:02:48,429 - ERROR - CFST更新失败: None
2026-03-07 05:02:48,433 - DEBUG - Starting new HTTPS connection (1): api.telegram.org:443
2026-03-07 05:02:48,725 - DEBUG - https://api.telegram.org:443 "POST /bot/sendMessage HTTP/1.1" 404 55
