2026-02-01 12:23:38,552 - INFO - 启动维护任务 | 协议类型: IPV4
2026-02-01 12:23:38,552 - INFO - --------------------------------------------------
2026-02-01 12:23:38,552 - INFO - [hk.616049.xyz (HKG)] 开始处理节点维护
2026-02-01 12:23:38,597 - DEBUG - DNS解析重试中 hk.616049.xyz: [Errno -2] Name or service not known
2026-02-01 12:23:39,605 - DEBUG - DNS解析重试中 hk.616049.xyz: [Errno -2] Name or service not known
2026-02-01 12:23:40,649 - DEBUG - DNS解析重试中 hk.616049.xyz: [Errno -2] Name or service not known
2026-02-01 12:23:41,651 - WARNING - [hk.616049.xyz (HKG)] ├─ 无有效DNS记录，触发紧急更新
2026-02-01 12:36:51,097 - ERROR - CFST更新失败: None
2026-02-01 12:36:51,097 - INFO - --------------------------------------------------
2026-02-01 12:36:51,097 - INFO - [us.616049.xyz (LAX)] 开始处理节点维护
2026-02-01 12:36:51,123 - DEBUG - DNS解析重试中 us.616049.xyz: [Errno -2] Name or service not known
2026-02-01 12:36:52,166 - DEBUG - DNS解析重试中 us.616049.xyz: [Errno -2] Name or service not known
2026-02-01 12:36:53,188 - DEBUG - DNS解析重试中 us.616049.xyz: [Errno -2] Name or service not known
2026-02-01 12:36:54,190 - WARNING - [us.616049.xyz (LAX)] ├─ 无有效DNS记录，触发紧急更新
2026-02-01 12:50:04,176 - ERROR - CFST更新失败: None
2026-02-01 12:50:04,176 - INFO - --------------------------------------------------
2026-02-01 12:50:04,176 - INFO - [de.616049.xyz (FRA)] 开始处理节点维护
2026-02-01 12:50:04,202 - DEBUG - DNS解析重试中 de.616049.xyz: [Errno -2] Name or service not known
2026-02-01 12:50:05,218 - DEBUG - DNS解析重试中 de.616049.xyz: [Errno -2] Name or service not known
2026-02-01 12:50:06,248 - DEBUG - DNS解析重试中 de.616049.xyz: [Errno -2] Name or service not known
2026-02-01 12:50:07,249 - WARNING - [de.616049.xyz (FRA)] ├─ 无有效DNS记录，触发紧急更新
2026-02-01 13:03:16,200 - ERROR - CFST更新失败: None
2026-02-01 13:03:16,203 - DEBUG - Starting new HTTPS connection (1): api.telegram.org:443
2026-02-01 13:03:16,658 - DEBUG - https://api.telegram.org:443 "POST /bot/sendMessage HTTP/1.1" 404 55
