2026-04-13 12:55:02,819 - INFO - 启动维护任务 | 协议类型: IPV4
2026-04-13 12:55:02,819 - INFO - --------------------------------------------------
2026-04-13 12:55:02,820 - INFO - [hk.616049.xyz (HKG)] 开始处理节点维护
2026-04-13 12:55:02,830 - DEBUG - DNS解析重试中 hk.616049.xyz: [Errno -2] Name or service not known
2026-04-13 12:55:03,839 - DEBUG - DNS解析重试中 hk.616049.xyz: [Errno -2] Name or service not known
2026-04-13 12:55:04,854 - DEBUG - DNS解析重试中 hk.616049.xyz: [Errno -2] Name or service not known
2026-04-13 12:55:05,855 - WARNING - [hk.616049.xyz (HKG)] ├─ 无有效DNS记录，触发紧急更新
2026-04-13 13:08:02,227 - ERROR - CFST更新失败: None
2026-04-13 13:08:02,227 - INFO - --------------------------------------------------
2026-04-13 13:08:02,227 - INFO - [us.616049.xyz (LAX)] 开始处理节点维护
2026-04-13 13:08:02,246 - DEBUG - DNS解析重试中 us.616049.xyz: [Errno -2] Name or service not known
2026-04-13 13:08:03,258 - DEBUG - DNS解析重试中 us.616049.xyz: [Errno -2] Name or service not known
2026-04-13 13:08:04,268 - DEBUG - DNS解析重试中 us.616049.xyz: [Errno -2] Name or service not known
2026-04-13 13:08:05,269 - WARNING - [us.616049.xyz (LAX)] ├─ 无有效DNS记录，触发紧急更新
2026-04-13 13:20:58,641 - ERROR - CFST更新失败: None
2026-04-13 13:20:58,641 - INFO - --------------------------------------------------
2026-04-13 13:20:58,641 - INFO - [de.616049.xyz (FRA)] 开始处理节点维护
2026-04-13 13:20:58,664 - DEBUG - DNS解析重试中 de.616049.xyz: [Errno -2] Name or service not known
2026-04-13 13:20:59,680 - DEBUG - DNS解析重试中 de.616049.xyz: [Errno -2] Name or service not known
2026-04-13 13:21:00,697 - DEBUG - DNS解析重试中 de.616049.xyz: [Errno -2] Name or service not known
2026-04-13 13:21:01,699 - WARNING - [de.616049.xyz (FRA)] ├─ 无有效DNS记录，触发紧急更新
2026-04-13 13:33:54,787 - ERROR - CFST更新失败: None
2026-04-13 13:33:54,790 - DEBUG - Starting new HTTPS connection (1): api.telegram.org:443
2026-04-13 13:33:55,278 - DEBUG - https://api.telegram.org:443 "POST /bot/sendMessage HTTP/1.1" 404 55
