2026-04-07 04:30:45,861 - INFO - 启动维护任务 | 协议类型: IPV4
2026-04-07 04:30:45,861 - INFO - --------------------------------------------------
2026-04-07 04:30:45,861 - INFO - [hk.616049.xyz (HKG)] 开始处理节点维护
2026-04-07 04:30:45,873 - DEBUG - DNS解析重试中 hk.616049.xyz: [Errno -2] Name or service not known
2026-04-07 04:30:46,882 - DEBUG - DNS解析重试中 hk.616049.xyz: [Errno -2] Name or service not known
2026-04-07 04:30:47,891 - DEBUG - DNS解析重试中 hk.616049.xyz: [Errno -2] Name or service not known
2026-04-07 04:30:48,892 - WARNING - [hk.616049.xyz (HKG)] ├─ 无有效DNS记录，触发紧急更新
2026-04-07 04:43:44,109 - ERROR - CFST更新失败: None
2026-04-07 04:43:44,109 - INFO - --------------------------------------------------
2026-04-07 04:43:44,109 - INFO - [us.616049.xyz (LAX)] 开始处理节点维护
2026-04-07 04:43:44,118 - DEBUG - DNS解析重试中 us.616049.xyz: [Errno -2] Name or service not known
2026-04-07 04:43:45,134 - DEBUG - DNS解析重试中 us.616049.xyz: [Errno -2] Name or service not known
2026-04-07 04:43:46,144 - DEBUG - DNS解析重试中 us.616049.xyz: [Errno -2] Name or service not known
2026-04-07 04:43:47,145 - WARNING - [us.616049.xyz (LAX)] ├─ 无有效DNS记录，触发紧急更新
2026-04-07 04:56:43,601 - ERROR - CFST更新失败: None
2026-04-07 04:56:43,602 - INFO - --------------------------------------------------
2026-04-07 04:56:43,602 - INFO - [de.616049.xyz (FRA)] 开始处理节点维护
2026-04-07 04:56:43,615 - DEBUG - DNS解析重试中 de.616049.xyz: [Errno -2] Name or service not known
2026-04-07 04:56:44,624 - DEBUG - DNS解析重试中 de.616049.xyz: [Errno -2] Name or service not known
2026-04-07 04:56:45,640 - DEBUG - DNS解析重试中 de.616049.xyz: [Errno -2] Name or service not known
2026-04-07 04:56:46,642 - WARNING - [de.616049.xyz (FRA)] ├─ 无有效DNS记录，触发紧急更新
2026-04-07 05:09:46,173 - ERROR - CFST更新失败: None
2026-04-07 05:09:46,177 - DEBUG - Starting new HTTPS connection (1): api.telegram.org:443
2026-04-07 05:09:46,477 - DEBUG - https://api.telegram.org:443 "POST /bot/sendMessage HTTP/1.1" 404 55
