2026-06-09 04:03:11,074 - INFO - 启动维护任务 | 协议类型: IPV4
2026-06-09 04:03:11,074 - INFO - --------------------------------------------------
2026-06-09 04:03:11,074 - INFO - [hk.616049.xyz (HKG)] 开始处理节点维护
2026-06-09 04:03:11,112 - DEBUG - DNS解析重试中 hk.616049.xyz: [Errno -2] Name or service not known
2026-06-09 04:03:12,145 - DEBUG - DNS解析重试中 hk.616049.xyz: [Errno -2] Name or service not known
2026-06-09 04:03:13,176 - DEBUG - DNS解析重试中 hk.616049.xyz: [Errno -2] Name or service not known
2026-06-09 04:03:14,178 - WARNING - [hk.616049.xyz (HKG)] ├─ 无有效DNS记录，触发紧急更新
2026-06-09 04:15:54,145 - ERROR - CFST更新失败: None
2026-06-09 04:15:54,145 - INFO - --------------------------------------------------
2026-06-09 04:15:54,145 - INFO - [us.616049.xyz (LAX)] 开始处理节点维护
2026-06-09 04:15:54,186 - DEBUG - DNS解析重试中 us.616049.xyz: [Errno -2] Name or service not known
2026-06-09 04:15:55,216 - DEBUG - DNS解析重试中 us.616049.xyz: [Errno -2] Name or service not known
2026-06-09 04:15:56,250 - DEBUG - DNS解析重试中 us.616049.xyz: [Errno -2] Name or service not known
2026-06-09 04:15:57,251 - WARNING - [us.616049.xyz (LAX)] ├─ 无有效DNS记录，触发紧急更新
2026-06-09 04:28:38,701 - ERROR - CFST更新失败: None
2026-06-09 04:28:38,701 - INFO - --------------------------------------------------
2026-06-09 04:28:38,701 - INFO - [de.616049.xyz (FRA)] 开始处理节点维护
2026-06-09 04:28:38,730 - DEBUG - DNS解析重试中 de.616049.xyz: [Errno -2] Name or service not known
2026-06-09 04:28:39,763 - DEBUG - DNS解析重试中 de.616049.xyz: [Errno -2] Name or service not known
2026-06-09 04:28:40,810 - DEBUG - DNS解析重试中 de.616049.xyz: [Errno -2] Name or service not known
2026-06-09 04:28:41,811 - WARNING - [de.616049.xyz (FRA)] ├─ 无有效DNS记录，触发紧急更新
2026-06-09 04:41:23,723 - ERROR - CFST更新失败: None
2026-06-09 04:41:23,727 - DEBUG - Starting new HTTPS connection (1): api.telegram.org:443
2026-06-09 04:41:24,118 - DEBUG - https://api.telegram.org:443 "POST /bot/sendMessage HTTP/1.1" 404 55
