2026-02-07 20:30:43,473 - INFO - 启动维护任务 | 协议类型: IPV4
2026-02-07 20:30:43,473 - INFO - --------------------------------------------------
2026-02-07 20:30:43,474 - INFO - [hk.616049.xyz (HKG)] 开始处理节点维护
2026-02-07 20:30:43,511 - DEBUG - DNS解析重试中 hk.616049.xyz: [Errno -2] Name or service not known
2026-02-07 20:30:44,525 - DEBUG - DNS解析重试中 hk.616049.xyz: [Errno -2] Name or service not known
2026-02-07 20:30:45,539 - DEBUG - DNS解析重试中 hk.616049.xyz: [Errno -2] Name or service not known
2026-02-07 20:30:46,541 - WARNING - [hk.616049.xyz (HKG)] ├─ 无有效DNS记录，触发紧急更新
2026-02-07 20:43:40,724 - ERROR - CFST更新失败: None
2026-02-07 20:43:40,724 - INFO - --------------------------------------------------
2026-02-07 20:43:40,724 - INFO - [us.616049.xyz (LAX)] 开始处理节点维护
2026-02-07 20:43:40,740 - DEBUG - DNS解析重试中 us.616049.xyz: [Errno -2] Name or service not known
2026-02-07 20:43:41,755 - DEBUG - DNS解析重试中 us.616049.xyz: [Errno -2] Name or service not known
2026-02-07 20:43:42,769 - DEBUG - DNS解析重试中 us.616049.xyz: [Errno -2] Name or service not known
2026-02-07 20:43:43,770 - WARNING - [us.616049.xyz (LAX)] ├─ 无有效DNS记录，触发紧急更新
2026-02-07 20:56:37,685 - ERROR - CFST更新失败: None
2026-02-07 20:56:37,686 - INFO - --------------------------------------------------
2026-02-07 20:56:37,686 - INFO - [de.616049.xyz (FRA)] 开始处理节点维护
2026-02-07 20:56:37,704 - DEBUG - DNS解析重试中 de.616049.xyz: [Errno -2] Name or service not known
2026-02-07 20:56:38,719 - DEBUG - DNS解析重试中 de.616049.xyz: [Errno -2] Name or service not known
2026-02-07 20:56:39,734 - DEBUG - DNS解析重试中 de.616049.xyz: [Errno -2] Name or service not known
2026-02-07 20:56:40,735 - WARNING - [de.616049.xyz (FRA)] ├─ 无有效DNS记录，触发紧急更新
2026-02-07 21:09:34,721 - ERROR - CFST更新失败: None
2026-02-07 21:09:34,724 - DEBUG - Starting new HTTPS connection (1): api.telegram.org:443
2026-02-07 21:09:35,195 - DEBUG - https://api.telegram.org:443 "POST /bot/sendMessage HTTP/1.1" 404 55
