2026-03-21 14:33:25,553 - INFO - 启动维护任务 | 协议类型: IPV4
2026-03-21 14:33:25,553 - INFO - --------------------------------------------------
2026-03-21 14:33:25,554 - INFO - [hk.616049.xyz (HKG)] 开始处理节点维护
2026-03-21 14:33:25,568 - DEBUG - DNS解析重试中 hk.616049.xyz: [Errno -2] Name or service not known
2026-03-21 14:33:26,591 - DEBUG - DNS解析重试中 hk.616049.xyz: [Errno -2] Name or service not known
2026-03-21 14:33:27,607 - DEBUG - DNS解析重试中 hk.616049.xyz: [Errno -2] Name or service not known
2026-03-21 14:33:28,608 - WARNING - [hk.616049.xyz (HKG)] ├─ 无有效DNS记录，触发紧急更新
2026-03-21 14:46:24,610 - ERROR - CFST更新失败: None
2026-03-21 14:46:24,610 - INFO - --------------------------------------------------
2026-03-21 14:46:24,610 - INFO - [us.616049.xyz (LAX)] 开始处理节点维护
2026-03-21 14:46:24,621 - DEBUG - DNS解析重试中 us.616049.xyz: [Errno -2] Name or service not known
2026-03-21 14:46:25,634 - DEBUG - DNS解析重试中 us.616049.xyz: [Errno -2] Name or service not known
2026-03-21 14:46:26,656 - DEBUG - DNS解析重试中 us.616049.xyz: [Errno -2] Name or service not known
2026-03-21 14:46:27,657 - WARNING - [us.616049.xyz (LAX)] ├─ 无有效DNS记录，触发紧急更新
2026-03-21 14:59:23,176 - ERROR - CFST更新失败: None
2026-03-21 14:59:23,176 - INFO - --------------------------------------------------
2026-03-21 14:59:23,176 - INFO - [de.616049.xyz (FRA)] 开始处理节点维护
2026-03-21 14:59:23,187 - DEBUG - DNS解析重试中 de.616049.xyz: [Errno -2] Name or service not known
2026-03-21 14:59:24,206 - DEBUG - DNS解析重试中 de.616049.xyz: [Errno -2] Name or service not known
2026-03-21 14:59:25,218 - DEBUG - DNS解析重试中 de.616049.xyz: [Errno -2] Name or service not known
2026-03-21 14:59:26,220 - WARNING - [de.616049.xyz (FRA)] ├─ 无有效DNS记录，触发紧急更新
2026-03-21 15:12:21,207 - ERROR - CFST更新失败: None
2026-03-21 15:12:21,211 - DEBUG - Starting new HTTPS connection (1): api.telegram.org:443
2026-03-21 15:12:21,507 - DEBUG - https://api.telegram.org:443 "POST /bot/sendMessage HTTP/1.1" 404 55
