2026-04-12 02:32:52,275 - INFO - 启动维护任务 | 协议类型: IPV4
2026-04-12 02:32:52,275 - INFO - --------------------------------------------------
2026-04-12 02:32:52,275 - INFO - [hk.616049.xyz (HKG)] 开始处理节点维护
2026-04-12 02:32:52,282 - DEBUG - DNS解析重试中 hk.616049.xyz: [Errno -2] Name or service not known
2026-04-12 02:32:53,290 - DEBUG - DNS解析重试中 hk.616049.xyz: [Errno -2] Name or service not known
2026-04-12 02:32:54,299 - DEBUG - DNS解析重试中 hk.616049.xyz: [Errno -2] Name or service not known
2026-04-12 02:32:55,300 - WARNING - [hk.616049.xyz (HKG)] ├─ 无有效DNS记录，触发紧急更新
2026-04-12 02:45:51,082 - ERROR - CFST更新失败: None
2026-04-12 02:45:51,082 - INFO - --------------------------------------------------
2026-04-12 02:45:51,082 - INFO - [us.616049.xyz (LAX)] 开始处理节点维护
2026-04-12 02:45:51,090 - DEBUG - DNS解析重试中 us.616049.xyz: [Errno -2] Name or service not known
2026-04-12 02:45:52,105 - DEBUG - DNS解析重试中 us.616049.xyz: [Errno -2] Name or service not known
2026-04-12 02:45:53,112 - DEBUG - DNS解析重试中 us.616049.xyz: [Errno -2] Name or service not known
2026-04-12 02:45:54,114 - WARNING - [us.616049.xyz (LAX)] ├─ 无有效DNS记录，触发紧急更新
2026-04-12 02:58:50,142 - ERROR - CFST更新失败: None
2026-04-12 02:58:50,142 - INFO - --------------------------------------------------
2026-04-12 02:58:50,142 - INFO - [de.616049.xyz (FRA)] 开始处理节点维护
2026-04-12 02:58:50,150 - DEBUG - DNS解析重试中 de.616049.xyz: [Errno -2] Name or service not known
2026-04-12 02:58:51,165 - DEBUG - DNS解析重试中 de.616049.xyz: [Errno -2] Name or service not known
2026-04-12 02:58:52,173 - DEBUG - DNS解析重试中 de.616049.xyz: [Errno -2] Name or service not known
2026-04-12 02:58:53,174 - WARNING - [de.616049.xyz (FRA)] ├─ 无有效DNS记录，触发紧急更新
2026-04-12 03:11:49,547 - ERROR - CFST更新失败: None
2026-04-12 03:11:49,550 - DEBUG - Starting new HTTPS connection (1): api.telegram.org:443
2026-04-12 03:11:50,047 - DEBUG - https://api.telegram.org:443 "POST /bot/sendMessage HTTP/1.1" 404 55
