2026-04-09 00:52:49,907 - INFO - 启动维护任务 | 协议类型: IPV4
2026-04-09 00:52:49,907 - INFO - --------------------------------------------------
2026-04-09 00:52:49,907 - INFO - [hk.616049.xyz (HKG)] 开始处理节点维护
2026-04-09 00:52:49,915 - DEBUG - DNS解析重试中 hk.616049.xyz: [Errno -2] Name or service not known
2026-04-09 00:52:50,924 - DEBUG - DNS解析重试中 hk.616049.xyz: [Errno -2] Name or service not known
2026-04-09 00:52:51,937 - DEBUG - DNS解析重试中 hk.616049.xyz: [Errno -2] Name or service not known
2026-04-09 00:52:52,938 - WARNING - [hk.616049.xyz (HKG)] ├─ 无有效DNS记录，触发紧急更新
2026-04-09 01:05:49,771 - ERROR - CFST更新失败: None
2026-04-09 01:05:49,771 - INFO - --------------------------------------------------
2026-04-09 01:05:49,772 - INFO - [us.616049.xyz (LAX)] 开始处理节点维护
2026-04-09 01:05:49,786 - DEBUG - DNS解析重试中 us.616049.xyz: [Errno -2] Name or service not known
2026-04-09 01:05:50,802 - DEBUG - DNS解析重试中 us.616049.xyz: [Errno -2] Name or service not known
2026-04-09 01:05:51,810 - DEBUG - DNS解析重试中 us.616049.xyz: [Errno -2] Name or service not known
2026-04-09 01:05:52,811 - WARNING - [us.616049.xyz (LAX)] ├─ 无有效DNS记录，触发紧急更新
2026-04-09 01:18:50,304 - ERROR - CFST更新失败: None
2026-04-09 01:18:50,304 - INFO - --------------------------------------------------
2026-04-09 01:18:50,304 - INFO - [de.616049.xyz (FRA)] 开始处理节点维护
2026-04-09 01:18:50,312 - DEBUG - DNS解析重试中 de.616049.xyz: [Errno -2] Name or service not known
2026-04-09 01:18:51,324 - DEBUG - DNS解析重试中 de.616049.xyz: [Errno -2] Name or service not known
2026-04-09 01:18:52,340 - DEBUG - DNS解析重试中 de.616049.xyz: [Errno -2] Name or service not known
2026-04-09 01:18:53,342 - WARNING - [de.616049.xyz (FRA)] ├─ 无有效DNS记录，触发紧急更新
2026-04-09 01:31:48,111 - ERROR - CFST更新失败: None
2026-04-09 01:31:48,115 - DEBUG - Starting new HTTPS connection (1): api.telegram.org:443
2026-04-09 01:31:48,396 - DEBUG - https://api.telegram.org:443 "POST /bot/sendMessage HTTP/1.1" 404 55
