2026-01-21 20:33:01,890 - INFO - 启动维护任务 | 协议类型: IPV4
2026-01-21 20:33:01,890 - INFO - --------------------------------------------------
2026-01-21 20:33:01,890 - INFO - [hk.616049.xyz (HKG)] 开始处理节点维护
2026-01-21 20:33:01,902 - DEBUG - DNS解析重试中 hk.616049.xyz: [Errno -2] Name or service not known
2026-01-21 20:33:02,911 - DEBUG - DNS解析重试中 hk.616049.xyz: [Errno -2] Name or service not known
2026-01-21 20:33:03,923 - DEBUG - DNS解析重试中 hk.616049.xyz: [Errno -2] Name or service not known
2026-01-21 20:33:04,924 - WARNING - [hk.616049.xyz (HKG)] ├─ 无有效DNS记录，触发紧急更新
2026-01-21 20:46:04,497 - ERROR - CFST更新失败: None
2026-01-21 20:46:04,498 - INFO - --------------------------------------------------
2026-01-21 20:46:04,498 - INFO - [us.616049.xyz (LAX)] 开始处理节点维护
2026-01-21 20:46:04,571 - DEBUG - DNS解析重试中 us.616049.xyz: [Errno -2] Name or service not known
2026-01-21 20:46:05,600 - DEBUG - DNS解析重试中 us.616049.xyz: [Errno -2] Name or service not known
2026-01-21 20:46:06,614 - DEBUG - DNS解析重试中 us.616049.xyz: [Errno -2] Name or service not known
2026-01-21 20:46:07,615 - WARNING - [us.616049.xyz (LAX)] ├─ 无有效DNS记录，触发紧急更新
2026-01-21 20:59:05,663 - ERROR - CFST更新失败: None
2026-01-21 20:59:05,663 - INFO - --------------------------------------------------
2026-01-21 20:59:05,663 - INFO - [de.616049.xyz (FRA)] 开始处理节点维护
2026-01-21 20:59:05,673 - DEBUG - DNS解析重试中 de.616049.xyz: [Errno -2] Name or service not known
2026-01-21 20:59:06,694 - DEBUG - DNS解析重试中 de.616049.xyz: [Errno -2] Name or service not known
2026-01-21 20:59:07,715 - DEBUG - DNS解析重试中 de.616049.xyz: [Errno -2] Name or service not known
2026-01-21 20:59:08,716 - WARNING - [de.616049.xyz (FRA)] ├─ 无有效DNS记录，触发紧急更新
2026-01-21 21:12:05,961 - ERROR - CFST更新失败: None
2026-01-21 21:12:05,965 - DEBUG - Starting new HTTPS connection (1): api.telegram.org:443
2026-01-21 21:12:06,254 - DEBUG - https://api.telegram.org:443 "POST /bot/sendMessage HTTP/1.1" 404 55
