2026-07-11 05:00:08,139 - INFO - 启动维护任务 | 协议类型: IPV4
2026-07-11 05:00:08,139 - INFO - --------------------------------------------------
2026-07-11 05:00:08,139 - INFO - [hk.616049.xyz (HKG)] 开始处理节点维护
2026-07-11 05:00:08,150 - DEBUG - DNS解析重试中 hk.616049.xyz: [Errno -5] No address associated with hostname
2026-07-11 05:00:09,171 - DEBUG - DNS解析重试中 hk.616049.xyz: [Errno -5] No address associated with hostname
2026-07-11 05:00:10,178 - DEBUG - DNS解析重试中 hk.616049.xyz: [Errno -5] No address associated with hostname
2026-07-11 05:00:11,179 - WARNING - [hk.616049.xyz (HKG)] ├─ 无有效DNS记录，触发紧急更新
2026-07-11 05:12:41,863 - ERROR - CFST更新失败: None
2026-07-11 05:12:41,863 - INFO - --------------------------------------------------
2026-07-11 05:12:41,863 - INFO - [us.616049.xyz (LAX)] 开始处理节点维护
2026-07-11 05:12:41,877 - DEBUG - DNS解析重试中 us.616049.xyz: [Errno -5] No address associated with hostname
2026-07-11 05:12:43,185 - DEBUG - DNS解析重试中 us.616049.xyz: [Errno -5] No address associated with hostname
2026-07-11 05:12:44,197 - DEBUG - DNS解析重试中 us.616049.xyz: [Errno -5] No address associated with hostname
2026-07-11 05:12:45,198 - WARNING - [us.616049.xyz (LAX)] ├─ 无有效DNS记录，触发紧急更新
2026-07-11 05:25:15,908 - ERROR - CFST更新失败: None
2026-07-11 05:25:15,909 - INFO - --------------------------------------------------
2026-07-11 05:25:15,909 - INFO - [de.616049.xyz (FRA)] 开始处理节点维护
2026-07-11 05:25:15,925 - DEBUG - DNS解析重试中 de.616049.xyz: [Errno -5] No address associated with hostname
2026-07-11 05:25:16,938 - DEBUG - DNS解析重试中 de.616049.xyz: [Errno -5] No address associated with hostname
2026-07-11 05:25:17,950 - DEBUG - DNS解析重试中 de.616049.xyz: [Errno -5] No address associated with hostname
2026-07-11 05:25:18,951 - WARNING - [de.616049.xyz (FRA)] ├─ 无有效DNS记录，触发紧急更新
2026-07-11 05:37:50,073 - ERROR - CFST更新失败: None
2026-07-11 05:37:50,076 - DEBUG - Starting new HTTPS connection (1): api.telegram.org:443
2026-07-11 05:37:50,552 - DEBUG - https://api.telegram.org:443 "POST /bot/sendMessage HTTP/1.1" 404 55
