2026-03-04 09:18:31,209 - INFO - 启动维护任务 | 协议类型: IPV4
2026-03-04 09:18:31,209 - INFO - --------------------------------------------------
2026-03-04 09:18:31,209 - INFO - [hk.616049.xyz (HKG)] 开始处理节点维护
2026-03-04 09:18:31,218 - DEBUG - DNS解析重试中 hk.616049.xyz: [Errno -2] Name or service not known
2026-03-04 09:18:32,243 - DEBUG - DNS解析重试中 hk.616049.xyz: [Errno -2] Name or service not known
2026-03-04 09:18:33,252 - DEBUG - DNS解析重试中 hk.616049.xyz: [Errno -2] Name or service not known
2026-03-04 09:18:34,253 - WARNING - [hk.616049.xyz (HKG)] ├─ 无有效DNS记录，触发紧急更新
2026-03-04 09:31:29,879 - ERROR - CFST更新失败: None
2026-03-04 09:31:29,879 - INFO - --------------------------------------------------
2026-03-04 09:31:29,879 - INFO - [us.616049.xyz (LAX)] 开始处理节点维护
2026-03-04 09:31:29,907 - DEBUG - DNS解析重试中 us.616049.xyz: [Errno -2] Name or service not known
2026-03-04 09:31:30,917 - DEBUG - DNS解析重试中 us.616049.xyz: [Errno -2] Name or service not known
2026-03-04 09:31:31,930 - DEBUG - DNS解析重试中 us.616049.xyz: [Errno -2] Name or service not known
2026-03-04 09:31:32,931 - WARNING - [us.616049.xyz (LAX)] ├─ 无有效DNS记录，触发紧急更新
2026-03-04 09:44:28,488 - ERROR - CFST更新失败: None
2026-03-04 09:44:28,489 - INFO - --------------------------------------------------
2026-03-04 09:44:28,489 - INFO - [de.616049.xyz (FRA)] 开始处理节点维护
2026-03-04 09:44:28,497 - DEBUG - DNS解析重试中 de.616049.xyz: [Errno -2] Name or service not known
2026-03-04 09:44:29,523 - DEBUG - DNS解析重试中 de.616049.xyz: [Errno -2] Name or service not known
2026-03-04 09:44:30,536 - DEBUG - DNS解析重试中 de.616049.xyz: [Errno -2] Name or service not known
2026-03-04 09:44:31,538 - WARNING - [de.616049.xyz (FRA)] ├─ 无有效DNS记录，触发紧急更新
2026-03-04 09:57:25,916 - ERROR - CFST更新失败: None
2026-03-04 09:57:25,920 - DEBUG - Starting new HTTPS connection (1): api.telegram.org:443
2026-03-04 09:57:26,202 - DEBUG - https://api.telegram.org:443 "POST /bot/sendMessage HTTP/1.1" 404 55
