2026-05-06 14:24:48,064 - INFO - 启动维护任务 | 协议类型: IPV4
2026-05-06 14:24:48,065 - INFO - --------------------------------------------------
2026-05-06 14:24:48,065 - INFO - [hk.616049.xyz (HKG)] 开始处理节点维护
2026-05-06 14:24:48,116 - DEBUG - DNS解析重试中 hk.616049.xyz: [Errno -2] Name or service not known
2026-05-06 14:24:49,122 - DEBUG - DNS解析重试中 hk.616049.xyz: [Errno -2] Name or service not known
2026-05-06 14:24:50,175 - DEBUG - DNS解析重试中 hk.616049.xyz: [Errno -2] Name or service not known
2026-05-06 14:24:51,177 - WARNING - [hk.616049.xyz (HKG)] ├─ 无有效DNS记录，触发紧急更新
2026-05-06 14:37:48,442 - ERROR - CFST更新失败: None
2026-05-06 14:37:48,442 - INFO - --------------------------------------------------
2026-05-06 14:37:48,442 - INFO - [us.616049.xyz (LAX)] 开始处理节点维护
2026-05-06 14:37:48,516 - DEBUG - DNS解析重试中 us.616049.xyz: [Errno -2] Name or service not known
2026-05-06 14:37:49,549 - DEBUG - DNS解析重试中 us.616049.xyz: [Errno -2] Name or service not known
2026-05-06 14:37:50,580 - DEBUG - DNS解析重试中 us.616049.xyz: [Errno -2] Name or service not known
2026-05-06 14:37:51,581 - WARNING - [us.616049.xyz (LAX)] ├─ 无有效DNS记录，触发紧急更新
2026-05-06 14:50:53,252 - ERROR - CFST更新失败: None
2026-05-06 14:50:53,252 - INFO - --------------------------------------------------
2026-05-06 14:50:53,252 - INFO - [de.616049.xyz (FRA)] 开始处理节点维护
2026-05-06 14:50:53,308 - DEBUG - DNS解析重试中 de.616049.xyz: [Errno -2] Name or service not known
2026-05-06 14:50:54,363 - DEBUG - DNS解析重试中 de.616049.xyz: [Errno -2] Name or service not known
2026-05-06 14:50:55,391 - DEBUG - DNS解析重试中 de.616049.xyz: [Errno -2] Name or service not known
2026-05-06 14:50:56,392 - WARNING - [de.616049.xyz (FRA)] ├─ 无有效DNS记录，触发紧急更新
2026-05-06 15:03:52,982 - ERROR - CFST更新失败: None
2026-05-06 15:03:52,985 - DEBUG - Starting new HTTPS connection (1): api.telegram.org:443
2026-05-06 15:03:53,405 - DEBUG - https://api.telegram.org:443 "POST /bot/sendMessage HTTP/1.1" 404 55
