2026-07-12 04:39:28,199 - INFO - 启动维护任务 | 协议类型: IPV4
2026-07-12 04:39:28,199 - INFO - --------------------------------------------------
2026-07-12 04:39:28,199 - INFO - [hk.616049.xyz (HKG)] 开始处理节点维护
2026-07-12 04:39:28,229 - DEBUG - DNS解析重试中 hk.616049.xyz: [Errno -5] No address associated with hostname
2026-07-12 04:39:29,256 - DEBUG - DNS解析重试中 hk.616049.xyz: [Errno -5] No address associated with hostname
2026-07-12 04:39:30,284 - DEBUG - DNS解析重试中 hk.616049.xyz: [Errno -5] No address associated with hostname
2026-07-12 04:39:31,286 - WARNING - [hk.616049.xyz (HKG)] ├─ 无有效DNS记录，触发紧急更新
2026-07-12 04:52:06,084 - ERROR - CFST更新失败: None
2026-07-12 04:52:06,084 - INFO - --------------------------------------------------
2026-07-12 04:52:06,084 - INFO - [us.616049.xyz (LAX)] 开始处理节点维护
2026-07-12 04:52:06,120 - DEBUG - DNS解析重试中 us.616049.xyz: [Errno -5] No address associated with hostname
2026-07-12 04:52:07,150 - DEBUG - DNS解析重试中 us.616049.xyz: [Errno -5] No address associated with hostname
2026-07-12 04:52:08,173 - DEBUG - DNS解析重试中 us.616049.xyz: [Errno -5] No address associated with hostname
2026-07-12 04:52:09,174 - WARNING - [us.616049.xyz (LAX)] ├─ 无有效DNS记录，触发紧急更新
2026-07-12 05:04:48,501 - ERROR - CFST更新失败: None
2026-07-12 05:04:48,501 - INFO - --------------------------------------------------
2026-07-12 05:04:48,501 - INFO - [de.616049.xyz (FRA)] 开始处理节点维护
2026-07-12 05:04:48,520 - DEBUG - DNS解析重试中 de.616049.xyz: [Errno -5] No address associated with hostname
2026-07-12 05:04:49,547 - DEBUG - DNS解析重试中 de.616049.xyz: [Errno -5] No address associated with hostname
2026-07-12 05:04:50,577 - DEBUG - DNS解析重试中 de.616049.xyz: [Errno -5] No address associated with hostname
2026-07-12 05:04:51,578 - WARNING - [de.616049.xyz (FRA)] ├─ 无有效DNS记录，触发紧急更新
2026-07-12 05:17:30,848 - ERROR - CFST更新失败: None
2026-07-12 05:17:30,852 - DEBUG - Starting new HTTPS connection (1): api.telegram.org:443
2026-07-12 05:17:31,143 - DEBUG - https://api.telegram.org:443 "POST /bot/sendMessage HTTP/1.1" 404 55
