2026-04-14 12:40:04,200 - INFO - 启动维护任务 | 协议类型: IPV4
2026-04-14 12:40:04,200 - INFO - --------------------------------------------------
2026-04-14 12:40:04,200 - INFO - [hk.616049.xyz (HKG)] 开始处理节点维护
2026-04-14 12:40:04,220 - DEBUG - DNS解析重试中 hk.616049.xyz: [Errno -2] Name or service not known
2026-04-14 12:40:05,230 - DEBUG - DNS解析重试中 hk.616049.xyz: [Errno -2] Name or service not known
2026-04-14 12:40:06,249 - DEBUG - DNS解析重试中 hk.616049.xyz: [Errno -2] Name or service not known
2026-04-14 12:40:07,251 - WARNING - [hk.616049.xyz (HKG)] ├─ 无有效DNS记录，触发紧急更新
2026-04-14 12:53:01,875 - ERROR - CFST更新失败: None
2026-04-14 12:53:01,876 - INFO - --------------------------------------------------
2026-04-14 12:53:01,876 - INFO - [us.616049.xyz (LAX)] 开始处理节点维护
2026-04-14 12:53:01,886 - DEBUG - DNS解析重试中 us.616049.xyz: [Errno -2] Name or service not known
2026-04-14 12:53:02,897 - DEBUG - DNS解析重试中 us.616049.xyz: [Errno -2] Name or service not known
2026-04-14 12:53:03,905 - DEBUG - DNS解析重试中 us.616049.xyz: [Errno -2] Name or service not known
2026-04-14 12:53:04,907 - WARNING - [us.616049.xyz (LAX)] ├─ 无有效DNS记录，触发紧急更新
2026-04-14 13:05:58,781 - ERROR - CFST更新失败: None
2026-04-14 13:05:58,781 - INFO - --------------------------------------------------
2026-04-14 13:05:58,781 - INFO - [de.616049.xyz (FRA)] 开始处理节点维护
2026-04-14 13:05:58,789 - DEBUG - DNS解析重试中 de.616049.xyz: [Errno -2] Name or service not known
2026-04-14 13:05:59,798 - DEBUG - DNS解析重试中 de.616049.xyz: [Errno -2] Name or service not known
2026-04-14 13:06:00,807 - DEBUG - DNS解析重试中 de.616049.xyz: [Errno -2] Name or service not known
2026-04-14 13:06:01,808 - WARNING - [de.616049.xyz (FRA)] ├─ 无有效DNS记录，触发紧急更新
2026-04-14 13:18:57,780 - ERROR - CFST更新失败: None
2026-04-14 13:18:57,784 - DEBUG - Starting new HTTPS connection (1): api.telegram.org:443
2026-04-14 13:18:58,083 - DEBUG - https://api.telegram.org:443 "POST /bot/sendMessage HTTP/1.1" 404 55
