2026-03-27 12:27:58,429 - INFO - 启动维护任务 | 协议类型: IPV4
2026-03-27 12:27:58,429 - INFO - --------------------------------------------------
2026-03-27 12:27:58,429 - INFO - [hk.616049.xyz (HKG)] 开始处理节点维护
2026-03-27 12:27:58,441 - DEBUG - DNS解析重试中 hk.616049.xyz: [Errno -2] Name or service not known
2026-03-27 12:27:59,453 - DEBUG - DNS解析重试中 hk.616049.xyz: [Errno -2] Name or service not known
2026-03-27 12:28:00,461 - DEBUG - DNS解析重试中 hk.616049.xyz: [Errno -2] Name or service not known
2026-03-27 12:28:01,462 - WARNING - [hk.616049.xyz (HKG)] ├─ 无有效DNS记录，触发紧急更新
2026-03-27 12:40:57,407 - ERROR - CFST更新失败: None
2026-03-27 12:40:57,407 - INFO - --------------------------------------------------
2026-03-27 12:40:57,407 - INFO - [us.616049.xyz (LAX)] 开始处理节点维护
2026-03-27 12:40:57,415 - DEBUG - DNS解析重试中 us.616049.xyz: [Errno -2] Name or service not known
2026-03-27 12:40:58,431 - DEBUG - DNS解析重试中 us.616049.xyz: [Errno -2] Name or service not known
2026-03-27 12:40:59,444 - DEBUG - DNS解析重试中 us.616049.xyz: [Errno -2] Name or service not known
2026-03-27 12:41:00,445 - WARNING - [us.616049.xyz (LAX)] ├─ 无有效DNS记录，触发紧急更新
2026-03-27 12:53:55,450 - ERROR - CFST更新失败: None
2026-03-27 12:53:55,450 - INFO - --------------------------------------------------
2026-03-27 12:53:55,450 - INFO - [de.616049.xyz (FRA)] 开始处理节点维护
2026-03-27 12:53:55,460 - DEBUG - DNS解析重试中 de.616049.xyz: [Errno -2] Name or service not known
2026-03-27 12:53:56,468 - DEBUG - DNS解析重试中 de.616049.xyz: [Errno -2] Name or service not known
2026-03-27 12:53:57,484 - DEBUG - DNS解析重试中 de.616049.xyz: [Errno -2] Name or service not known
2026-03-27 12:53:58,486 - WARNING - [de.616049.xyz (FRA)] ├─ 无有效DNS记录，触发紧急更新
2026-03-27 13:06:53,325 - ERROR - CFST更新失败: None
2026-03-27 13:06:53,329 - DEBUG - Starting new HTTPS connection (1): api.telegram.org:443
2026-03-27 13:06:53,614 - DEBUG - https://api.telegram.org:443 "POST /bot/sendMessage HTTP/1.1" 404 55
