2026-04-17 21:00:04,245 - INFO - 启动维护任务 | 协议类型: IPV4
2026-04-17 21:00:04,245 - INFO - --------------------------------------------------
2026-04-17 21:00:04,245 - INFO - [hk.616049.xyz (HKG)] 开始处理节点维护
2026-04-17 21:00:04,275 - DEBUG - DNS解析重试中 hk.616049.xyz: [Errno -2] Name or service not known
2026-04-17 21:00:05,281 - DEBUG - DNS解析重试中 hk.616049.xyz: [Errno -2] Name or service not known
2026-04-17 21:00:06,445 - DEBUG - DNS解析重试中 hk.616049.xyz: [Errno -2] Name or service not known
2026-04-17 21:00:07,446 - WARNING - [hk.616049.xyz (HKG)] ├─ 无有效DNS记录，触发紧急更新
2026-04-17 21:13:02,948 - ERROR - CFST更新失败: None
2026-04-17 21:13:02,948 - INFO - --------------------------------------------------
2026-04-17 21:13:02,948 - INFO - [us.616049.xyz (LAX)] 开始处理节点维护
2026-04-17 21:13:03,001 - DEBUG - DNS解析重试中 us.616049.xyz: [Errno -2] Name or service not known
2026-04-17 21:13:04,030 - DEBUG - DNS解析重试中 us.616049.xyz: [Errno -2] Name or service not known
2026-04-17 21:13:05,063 - DEBUG - DNS解析重试中 us.616049.xyz: [Errno -2] Name or service not known
2026-04-17 21:13:06,064 - WARNING - [us.616049.xyz (LAX)] ├─ 无有效DNS记录，触发紧急更新
2026-04-17 21:26:00,822 - ERROR - CFST更新失败: None
2026-04-17 21:26:00,822 - INFO - --------------------------------------------------
2026-04-17 21:26:00,822 - INFO - [de.616049.xyz (FRA)] 开始处理节点维护
2026-04-17 21:26:00,852 - DEBUG - DNS解析重试中 de.616049.xyz: [Errno -2] Name or service not known
2026-04-17 21:26:01,894 - DEBUG - DNS解析重试中 de.616049.xyz: [Errno -2] Name or service not known
2026-04-17 21:26:02,924 - DEBUG - DNS解析重试中 de.616049.xyz: [Errno -2] Name or service not known
2026-04-17 21:26:03,925 - WARNING - [de.616049.xyz (FRA)] ├─ 无有效DNS记录，触发紧急更新
2026-04-17 21:38:58,657 - ERROR - CFST更新失败: None
2026-04-17 21:38:58,660 - DEBUG - Starting new HTTPS connection (1): api.telegram.org:443
2026-04-17 21:38:59,083 - DEBUG - https://api.telegram.org:443 "POST /bot/sendMessage HTTP/1.1" 404 55
