2026-07-10 05:14:10,297 - INFO - 启动维护任务 | 协议类型: IPV4
2026-07-10 05:14:10,297 - INFO - --------------------------------------------------
2026-07-10 05:14:10,297 - INFO - [hk.616049.xyz (HKG)] 开始处理节点维护
2026-07-10 05:14:10,312 - DEBUG - DNS解析重试中 hk.616049.xyz: [Errno -5] No address associated with hostname
2026-07-10 05:14:11,335 - DEBUG - DNS解析重试中 hk.616049.xyz: [Errno -5] No address associated with hostname
2026-07-10 05:14:12,347 - DEBUG - DNS解析重试中 hk.616049.xyz: [Errno -5] No address associated with hostname
2026-07-10 05:14:13,349 - WARNING - [hk.616049.xyz (HKG)] ├─ 无有效DNS记录，触发紧急更新
2026-07-10 05:26:44,477 - ERROR - CFST更新失败: None
2026-07-10 05:26:44,478 - INFO - --------------------------------------------------
2026-07-10 05:26:44,478 - INFO - [us.616049.xyz (LAX)] 开始处理节点维护
2026-07-10 05:26:44,490 - DEBUG - DNS解析重试中 us.616049.xyz: [Errno -5] No address associated with hostname
2026-07-10 05:26:45,524 - DEBUG - DNS解析重试中 us.616049.xyz: [Errno -5] No address associated with hostname
2026-07-10 05:26:46,537 - DEBUG - DNS解析重试中 us.616049.xyz: [Errno -5] No address associated with hostname
2026-07-10 05:26:47,538 - WARNING - [us.616049.xyz (LAX)] ├─ 无有效DNS记录，触发紧急更新
2026-07-10 05:39:18,284 - ERROR - CFST更新失败: None
2026-07-10 05:39:18,284 - INFO - --------------------------------------------------
2026-07-10 05:39:18,284 - INFO - [de.616049.xyz (FRA)] 开始处理节点维护
2026-07-10 05:39:18,301 - DEBUG - DNS解析重试中 de.616049.xyz: [Errno -5] No address associated with hostname
2026-07-10 05:39:19,328 - DEBUG - DNS解析重试中 de.616049.xyz: [Errno -5] No address associated with hostname
2026-07-10 05:39:20,340 - DEBUG - DNS解析重试中 de.616049.xyz: [Errno -5] No address associated with hostname
2026-07-10 05:39:21,342 - WARNING - [de.616049.xyz (FRA)] ├─ 无有效DNS记录，触发紧急更新
2026-07-10 05:51:52,411 - ERROR - CFST更新失败: None
2026-07-10 05:51:52,415 - DEBUG - Starting new HTTPS connection (1): api.telegram.org:443
2026-07-10 05:51:52,907 - DEBUG - https://api.telegram.org:443 "POST /bot/sendMessage HTTP/1.1" 404 55
