2026-03-16 18:47:10,973 - INFO - 启动维护任务 | 协议类型: IPV4
2026-03-16 18:47:10,973 - INFO - --------------------------------------------------
2026-03-16 18:47:10,973 - INFO - [hk.616049.xyz (HKG)] 开始处理节点维护
2026-03-16 18:47:10,981 - DEBUG - DNS解析重试中 hk.616049.xyz: [Errno -2] Name or service not known
2026-03-16 18:47:11,989 - DEBUG - DNS解析重试中 hk.616049.xyz: [Errno -2] Name or service not known
2026-03-16 18:47:12,998 - DEBUG - DNS解析重试中 hk.616049.xyz: [Errno -2] Name or service not known
2026-03-16 18:47:13,999 - WARNING - [hk.616049.xyz (HKG)] ├─ 无有效DNS记录，触发紧急更新
2026-03-16 19:00:07,658 - ERROR - CFST更新失败: None
2026-03-16 19:00:07,658 - INFO - --------------------------------------------------
2026-03-16 19:00:07,658 - INFO - [us.616049.xyz (LAX)] 开始处理节点维护
2026-03-16 19:00:07,665 - DEBUG - DNS解析重试中 us.616049.xyz: [Errno -2] Name or service not known
2026-03-16 19:00:08,674 - DEBUG - DNS解析重试中 us.616049.xyz: [Errno -2] Name or service not known
2026-03-16 19:00:09,691 - DEBUG - DNS解析重试中 us.616049.xyz: [Errno -2] Name or service not known
2026-03-16 19:00:10,692 - WARNING - [us.616049.xyz (LAX)] ├─ 无有效DNS记录，触发紧急更新
2026-03-16 19:13:03,745 - ERROR - CFST更新失败: None
2026-03-16 19:13:03,745 - INFO - --------------------------------------------------
2026-03-16 19:13:03,745 - INFO - [de.616049.xyz (FRA)] 开始处理节点维护
2026-03-16 19:13:03,759 - DEBUG - DNS解析重试中 de.616049.xyz: [Errno -2] Name or service not known
2026-03-16 19:13:04,767 - DEBUG - DNS解析重试中 de.616049.xyz: [Errno -2] Name or service not known
2026-03-16 19:13:05,776 - DEBUG - DNS解析重试中 de.616049.xyz: [Errno -2] Name or service not known
2026-03-16 19:13:06,777 - WARNING - [de.616049.xyz (FRA)] ├─ 无有效DNS记录，触发紧急更新
2026-03-16 19:26:00,171 - ERROR - CFST更新失败: None
2026-03-16 19:26:00,175 - DEBUG - Starting new HTTPS connection (1): api.telegram.org:443
2026-03-16 19:26:00,657 - DEBUG - https://api.telegram.org:443 "POST /bot/sendMessage HTTP/1.1" 404 55
