2026-06-28 04:52:19,638 - INFO - 启动维护任务 | 协议类型: IPV4
2026-06-28 04:52:19,639 - INFO - --------------------------------------------------
2026-06-28 04:52:19,639 - INFO - [hk.616049.xyz (HKG)] 开始处理节点维护
2026-06-28 04:52:19,720 - DEBUG - DNS解析重试中 hk.616049.xyz: [Errno -2] Name or service not known
2026-06-28 04:52:20,788 - DEBUG - DNS解析重试中 hk.616049.xyz: [Errno -2] Name or service not known
2026-06-28 04:52:21,841 - DEBUG - DNS解析重试中 hk.616049.xyz: [Errno -2] Name or service not known
2026-06-28 04:52:22,843 - WARNING - [hk.616049.xyz (HKG)] ├─ 无有效DNS记录，触发紧急更新
2026-06-28 05:04:54,561 - ERROR - CFST更新失败: None
2026-06-28 05:04:54,561 - INFO - --------------------------------------------------
2026-06-28 05:04:54,561 - INFO - [us.616049.xyz (LAX)] 开始处理节点维护
2026-06-28 05:04:54,634 - DEBUG - DNS解析重试中 us.616049.xyz: [Errno -2] Name or service not known
2026-06-28 05:04:55,707 - DEBUG - DNS解析重试中 us.616049.xyz: [Errno -2] Name or service not known
2026-06-28 05:04:56,768 - DEBUG - DNS解析重试中 us.616049.xyz: [Errno -2] Name or service not known
2026-06-28 05:04:57,769 - WARNING - [us.616049.xyz (LAX)] ├─ 无有效DNS记录，触发紧急更新
2026-06-28 05:17:29,475 - ERROR - CFST更新失败: None
2026-06-28 05:17:29,476 - INFO - --------------------------------------------------
2026-06-28 05:17:29,476 - INFO - [de.616049.xyz (FRA)] 开始处理节点维护
2026-06-28 05:17:29,528 - DEBUG - DNS解析重试中 de.616049.xyz: [Errno -2] Name or service not known
2026-06-28 05:17:30,582 - DEBUG - DNS解析重试中 de.616049.xyz: [Errno -2] Name or service not known
2026-06-28 05:17:31,633 - DEBUG - DNS解析重试中 de.616049.xyz: [Errno -2] Name or service not known
2026-06-28 05:17:32,634 - WARNING - [de.616049.xyz (FRA)] ├─ 无有效DNS记录，触发紧急更新
2026-06-28 05:30:04,778 - ERROR - CFST更新失败: None
2026-06-28 05:30:04,782 - DEBUG - Starting new HTTPS connection (1): api.telegram.org:443
2026-06-28 05:30:05,164 - DEBUG - https://api.telegram.org:443 "POST /bot/sendMessage HTTP/1.1" 404 55
