2026-03-13 16:31:31,951 - INFO - 启动维护任务 | 协议类型: IPV4
2026-03-13 16:31:31,951 - INFO - --------------------------------------------------
2026-03-13 16:31:31,951 - INFO - [hk.616049.xyz (HKG)] 开始处理节点维护
2026-03-13 16:31:31,985 - DEBUG - DNS解析重试中 hk.616049.xyz: [Errno -2] Name or service not known
2026-03-13 16:31:33,008 - DEBUG - DNS解析重试中 hk.616049.xyz: [Errno -2] Name or service not known
2026-03-13 16:31:34,265 - DEBUG - DNS解析重试中 hk.616049.xyz: [Errno -2] Name or service not known
2026-03-13 16:31:35,266 - WARNING - [hk.616049.xyz (HKG)] ├─ 无有效DNS记录，触发紧急更新
2026-03-13 16:44:30,386 - ERROR - CFST更新失败: None
2026-03-13 16:44:30,386 - INFO - --------------------------------------------------
2026-03-13 16:44:30,386 - INFO - [us.616049.xyz (LAX)] 开始处理节点维护
2026-03-13 16:44:30,558 - DEBUG - DNS解析重试中 us.616049.xyz: [Errno -2] Name or service not known
2026-03-13 16:44:31,580 - DEBUG - DNS解析重试中 us.616049.xyz: [Errno -2] Name or service not known
2026-03-13 16:44:32,603 - DEBUG - DNS解析重试中 us.616049.xyz: [Errno -2] Name or service not known
2026-03-13 16:44:33,605 - WARNING - [us.616049.xyz (LAX)] ├─ 无有效DNS记录，触发紧急更新
2026-03-13 16:57:28,536 - ERROR - CFST更新失败: None
2026-03-13 16:57:28,537 - INFO - --------------------------------------------------
2026-03-13 16:57:28,537 - INFO - [de.616049.xyz (FRA)] 开始处理节点维护
2026-03-13 16:57:28,559 - DEBUG - DNS解析重试中 de.616049.xyz: [Errno -2] Name or service not known
2026-03-13 16:57:29,584 - DEBUG - DNS解析重试中 de.616049.xyz: [Errno -2] Name or service not known
2026-03-13 16:57:30,607 - DEBUG - DNS解析重试中 de.616049.xyz: [Errno -2] Name or service not known
2026-03-13 16:57:31,608 - WARNING - [de.616049.xyz (FRA)] ├─ 无有效DNS记录，触发紧急更新
2026-03-13 17:10:26,751 - ERROR - CFST更新失败: None
2026-03-13 17:10:26,755 - DEBUG - Starting new HTTPS connection (1): api.telegram.org:443
2026-03-13 17:10:27,094 - DEBUG - https://api.telegram.org:443 "POST /bot/sendMessage HTTP/1.1" 404 55
