2026-04-09 16:59:35,798 - INFO - 启动维护任务 | 协议类型: IPV4
2026-04-09 16:59:35,798 - INFO - --------------------------------------------------
2026-04-09 16:59:35,798 - INFO - [hk.616049.xyz (HKG)] 开始处理节点维护
2026-04-09 16:59:35,819 - DEBUG - DNS解析重试中 hk.616049.xyz: [Errno -2] Name or service not known
2026-04-09 16:59:36,840 - DEBUG - DNS解析重试中 hk.616049.xyz: [Errno -2] Name or service not known
2026-04-09 16:59:37,873 - DEBUG - DNS解析重试中 hk.616049.xyz: [Errno -2] Name or service not known
2026-04-09 16:59:38,874 - WARNING - [hk.616049.xyz (HKG)] ├─ 无有效DNS记录，触发紧急更新
2026-04-09 17:12:31,286 - ERROR - CFST更新失败: None
2026-04-09 17:12:31,286 - INFO - --------------------------------------------------
2026-04-09 17:12:31,286 - INFO - [us.616049.xyz (LAX)] 开始处理节点维护
2026-04-09 17:12:31,307 - DEBUG - DNS解析重试中 us.616049.xyz: [Errno -2] Name or service not known
2026-04-09 17:12:32,329 - DEBUG - DNS解析重试中 us.616049.xyz: [Errno -2] Name or service not known
2026-04-09 17:12:33,357 - DEBUG - DNS解析重试中 us.616049.xyz: [Errno -2] Name or service not known
2026-04-09 17:12:34,359 - WARNING - [us.616049.xyz (LAX)] ├─ 无有效DNS记录，触发紧急更新
2026-04-09 17:25:27,741 - ERROR - CFST更新失败: None
2026-04-09 17:25:27,741 - INFO - --------------------------------------------------
2026-04-09 17:25:27,741 - INFO - [de.616049.xyz (FRA)] 开始处理节点维护
2026-04-09 17:25:27,763 - DEBUG - DNS解析重试中 de.616049.xyz: [Errno -2] Name or service not known
2026-04-09 17:25:28,785 - DEBUG - DNS解析重试中 de.616049.xyz: [Errno -2] Name or service not known
2026-04-09 17:25:29,808 - DEBUG - DNS解析重试中 de.616049.xyz: [Errno -2] Name or service not known
2026-04-09 17:25:30,810 - WARNING - [de.616049.xyz (FRA)] ├─ 无有效DNS记录，触发紧急更新
2026-04-09 17:38:26,578 - ERROR - CFST更新失败: None
2026-04-09 17:38:26,581 - DEBUG - Starting new HTTPS connection (1): api.telegram.org:443
2026-04-09 17:38:26,922 - DEBUG - https://api.telegram.org:443 "POST /bot/sendMessage HTTP/1.1" 404 55
