2026-07-02 21:41:16,275 - INFO - 启动维护任务 | 协议类型: IPV4
2026-07-02 21:41:16,275 - INFO - --------------------------------------------------
2026-07-02 21:41:16,275 - INFO - [hk.616049.xyz (HKG)] 开始处理节点维护
2026-07-02 21:41:16,327 - DEBUG - DNS解析重试中 hk.616049.xyz: [Errno -5] No address associated with hostname
2026-07-02 21:41:17,386 - DEBUG - DNS解析重试中 hk.616049.xyz: [Errno -5] No address associated with hostname
2026-07-02 21:41:18,467 - DEBUG - DNS解析重试中 hk.616049.xyz: [Errno -5] No address associated with hostname
2026-07-02 21:41:19,469 - WARNING - [hk.616049.xyz (HKG)] ├─ 无有效DNS记录，触发紧急更新
2026-07-02 21:54:04,648 - ERROR - CFST更新失败: None
2026-07-02 21:54:04,648 - INFO - --------------------------------------------------
2026-07-02 21:54:04,648 - INFO - [us.616049.xyz (LAX)] 开始处理节点维护
2026-07-02 21:54:04,739 - DEBUG - DNS解析重试中 us.616049.xyz: [Errno -5] No address associated with hostname
2026-07-02 21:54:05,806 - DEBUG - DNS解析重试中 us.616049.xyz: [Errno -5] No address associated with hostname
2026-07-02 21:54:06,832 - DEBUG - DNS解析重试中 us.616049.xyz: [Errno -5] No address associated with hostname
2026-07-02 21:54:07,834 - WARNING - [us.616049.xyz (LAX)] ├─ 无有效DNS记录，触发紧急更新
2026-07-02 22:06:55,015 - ERROR - CFST更新失败: None
2026-07-02 22:06:55,015 - INFO - --------------------------------------------------
2026-07-02 22:06:55,015 - INFO - [de.616049.xyz (FRA)] 开始处理节点维护
2026-07-02 22:06:55,070 - DEBUG - DNS解析重试中 de.616049.xyz: [Errno -5] No address associated with hostname
2026-07-02 22:06:56,103 - DEBUG - DNS解析重试中 de.616049.xyz: [Errno -5] No address associated with hostname
2026-07-02 22:06:57,157 - DEBUG - DNS解析重试中 de.616049.xyz: [Errno -5] No address associated with hostname
2026-07-02 22:06:58,158 - WARNING - [de.616049.xyz (FRA)] ├─ 无有效DNS记录，触发紧急更新
2026-07-02 22:19:43,257 - ERROR - CFST更新失败: None
2026-07-02 22:19:43,261 - DEBUG - Starting new HTTPS connection (1): api.telegram.org:443
2026-07-02 22:19:43,660 - DEBUG - https://api.telegram.org:443 "POST /bot/sendMessage HTTP/1.1" 404 55
