2026-01-25 11:47:34,670 - INFO - 启动维护任务 | 协议类型: IPV4
2026-01-25 11:47:34,670 - INFO - --------------------------------------------------
2026-01-25 11:47:34,670 - INFO - [hk.616049.xyz (HKG)] 开始处理节点维护
2026-01-25 11:47:34,677 - DEBUG - DNS解析重试中 hk.616049.xyz: [Errno -2] Name or service not known
2026-01-25 11:47:35,691 - DEBUG - DNS解析重试中 hk.616049.xyz: [Errno -2] Name or service not known
2026-01-25 11:47:36,696 - DEBUG - DNS解析重试中 hk.616049.xyz: [Errno -2] Name or service not known
2026-01-25 11:47:37,698 - WARNING - [hk.616049.xyz (HKG)] ├─ 无有效DNS记录，触发紧急更新
2026-01-25 12:00:31,865 - ERROR - CFST更新失败: None
2026-01-25 12:00:31,865 - INFO - --------------------------------------------------
2026-01-25 12:00:31,866 - INFO - [us.616049.xyz (LAX)] 开始处理节点维护
2026-01-25 12:00:31,878 - DEBUG - DNS解析重试中 us.616049.xyz: [Errno -2] Name or service not known
2026-01-25 12:00:32,915 - DEBUG - DNS解析重试中 us.616049.xyz: [Errno -2] Name or service not known
2026-01-25 12:00:33,924 - DEBUG - DNS解析重试中 us.616049.xyz: [Errno -2] Name or service not known
2026-01-25 12:00:34,925 - WARNING - [us.616049.xyz (LAX)] ├─ 无有效DNS记录，触发紧急更新
2026-01-25 12:13:29,908 - ERROR - CFST更新失败: None
2026-01-25 12:13:29,908 - INFO - --------------------------------------------------
2026-01-25 12:13:29,908 - INFO - [de.616049.xyz (FRA)] 开始处理节点维护
2026-01-25 12:13:29,915 - DEBUG - DNS解析重试中 de.616049.xyz: [Errno -2] Name or service not known
2026-01-25 12:13:30,929 - DEBUG - DNS解析重试中 de.616049.xyz: [Errno -2] Name or service not known
2026-01-25 12:13:31,944 - DEBUG - DNS解析重试中 de.616049.xyz: [Errno -2] Name or service not known
2026-01-25 12:13:32,945 - WARNING - [de.616049.xyz (FRA)] ├─ 无有效DNS记录，触发紧急更新
2026-01-25 12:26:27,382 - ERROR - CFST更新失败: None
2026-01-25 12:26:27,385 - DEBUG - Starting new HTTPS connection (1): api.telegram.org:443
2026-01-25 12:26:27,860 - DEBUG - https://api.telegram.org:443 "POST /bot/sendMessage HTTP/1.1" 404 55
