2026-05-02 16:58:02,409 - INFO - 启动维护任务 | 协议类型: IPV4
2026-05-02 16:58:02,409 - INFO - --------------------------------------------------
2026-05-02 16:58:02,409 - INFO - [hk.616049.xyz (HKG)] 开始处理节点维护
2026-05-02 16:58:02,420 - DEBUG - DNS解析重试中 hk.616049.xyz: [Errno -2] Name or service not known
2026-05-02 16:58:03,441 - DEBUG - DNS解析重试中 hk.616049.xyz: [Errno -2] Name or service not known
2026-05-02 16:58:04,452 - DEBUG - DNS解析重试中 hk.616049.xyz: [Errno -2] Name or service not known
2026-05-02 16:58:05,453 - WARNING - [hk.616049.xyz (HKG)] ├─ 无有效DNS记录，触发紧急更新
2026-05-02 17:11:02,935 - ERROR - CFST更新失败: None
2026-05-02 17:11:02,935 - INFO - --------------------------------------------------
2026-05-02 17:11:02,935 - INFO - [us.616049.xyz (LAX)] 开始处理节点维护
2026-05-02 17:11:02,944 - DEBUG - DNS解析重试中 us.616049.xyz: [Errno -2] Name or service not known
2026-05-02 17:11:03,962 - DEBUG - DNS解析重试中 us.616049.xyz: [Errno -2] Name or service not known
2026-05-02 17:11:05,044 - DEBUG - DNS解析重试中 us.616049.xyz: [Errno -2] Name or service not known
2026-05-02 17:11:06,045 - WARNING - [us.616049.xyz (LAX)] ├─ 无有效DNS记录，触发紧急更新
2026-05-02 17:24:03,192 - ERROR - CFST更新失败: None
2026-05-02 17:24:03,192 - INFO - --------------------------------------------------
2026-05-02 17:24:03,192 - INFO - [de.616049.xyz (FRA)] 开始处理节点维护
2026-05-02 17:24:03,215 - DEBUG - DNS解析重试中 de.616049.xyz: [Errno -2] Name or service not known
2026-05-02 17:24:04,226 - DEBUG - DNS解析重试中 de.616049.xyz: [Errno -2] Name or service not known
2026-05-02 17:24:05,246 - DEBUG - DNS解析重试中 de.616049.xyz: [Errno -2] Name or service not known
2026-05-02 17:24:06,248 - WARNING - [de.616049.xyz (FRA)] ├─ 无有效DNS记录，触发紧急更新
2026-05-02 17:37:04,018 - ERROR - CFST更新失败: None
2026-05-02 17:37:04,022 - DEBUG - Starting new HTTPS connection (1): api.telegram.org:443
2026-05-02 17:37:04,320 - DEBUG - https://api.telegram.org:443 "POST /bot/sendMessage HTTP/1.1" 404 55
