2026-06-29 00:59:53,481 - INFO - 启动维护任务 | 协议类型: IPV4
2026-06-29 00:59:53,481 - INFO - --------------------------------------------------
2026-06-29 00:59:53,481 - INFO - [hk.616049.xyz (HKG)] 开始处理节点维护
2026-06-29 00:59:53,514 - DEBUG - DNS解析重试中 hk.616049.xyz: [Errno -2] Name or service not known
2026-06-29 00:59:54,546 - DEBUG - DNS解析重试中 hk.616049.xyz: [Errno -2] Name or service not known
2026-06-29 00:59:55,580 - DEBUG - DNS解析重试中 hk.616049.xyz: [Errno -2] Name or service not known
2026-06-29 00:59:56,582 - WARNING - [hk.616049.xyz (HKG)] ├─ 无有效DNS记录，触发紧急更新
2026-06-29 01:12:26,878 - ERROR - CFST更新失败: None
2026-06-29 01:12:26,878 - INFO - --------------------------------------------------
2026-06-29 01:12:26,878 - INFO - [us.616049.xyz (LAX)] 开始处理节点维护
2026-06-29 01:12:26,927 - DEBUG - DNS解析重试中 us.616049.xyz: [Errno -2] Name or service not known
2026-06-29 01:12:27,968 - DEBUG - DNS解析重试中 us.616049.xyz: [Errno -2] Name or service not known
2026-06-29 01:12:28,999 - DEBUG - DNS解析重试中 us.616049.xyz: [Errno -2] Name or service not known
2026-06-29 01:12:30,001 - WARNING - [us.616049.xyz (LAX)] ├─ 无有效DNS记录，触发紧急更新
2026-06-29 01:25:00,265 - ERROR - CFST更新失败: None
2026-06-29 01:25:00,265 - INFO - --------------------------------------------------
2026-06-29 01:25:00,265 - INFO - [de.616049.xyz (FRA)] 开始处理节点维护
2026-06-29 01:25:00,294 - DEBUG - DNS解析重试中 de.616049.xyz: [Errno -2] Name or service not known
2026-06-29 01:25:01,328 - DEBUG - DNS解析重试中 de.616049.xyz: [Errno -2] Name or service not known
2026-06-29 01:25:02,372 - DEBUG - DNS解析重试中 de.616049.xyz: [Errno -2] Name or service not known
2026-06-29 01:25:03,373 - WARNING - [de.616049.xyz (FRA)] ├─ 无有效DNS记录，触发紧急更新
2026-06-29 01:37:34,352 - ERROR - CFST更新失败: None
2026-06-29 01:37:34,356 - DEBUG - Starting new HTTPS connection (1): api.telegram.org:443
2026-06-29 01:37:34,687 - DEBUG - https://api.telegram.org:443 "POST /bot/sendMessage HTTP/1.1" 404 55
