2026-03-05 06:23:47,032 - INFO - 启动维护任务 | 协议类型: IPV4
2026-03-05 06:23:47,032 - INFO - --------------------------------------------------
2026-03-05 06:23:47,032 - INFO - [hk.616049.xyz (HKG)] 开始处理节点维护
2026-03-05 06:23:47,077 - DEBUG - DNS解析重试中 hk.616049.xyz: [Errno -2] Name or service not known
2026-03-05 06:23:48,115 - DEBUG - DNS解析重试中 hk.616049.xyz: [Errno -2] Name or service not known
2026-03-05 06:23:49,172 - DEBUG - DNS解析重试中 hk.616049.xyz: [Errno -2] Name or service not known
2026-03-05 06:23:50,173 - WARNING - [hk.616049.xyz (HKG)] ├─ 无有效DNS记录，触发紧急更新
2026-03-05 06:36:58,320 - ERROR - CFST更新失败: None
2026-03-05 06:36:58,320 - INFO - --------------------------------------------------
2026-03-05 06:36:58,320 - INFO - [us.616049.xyz (LAX)] 开始处理节点维护
2026-03-05 06:36:58,347 - DEBUG - DNS解析重试中 us.616049.xyz: [Errno -2] Name or service not known
2026-03-05 06:36:59,354 - DEBUG - DNS解析重试中 us.616049.xyz: [Errno -2] Name or service not known
2026-03-05 06:37:00,379 - DEBUG - DNS解析重试中 us.616049.xyz: [Errno -2] Name or service not known
2026-03-05 06:37:01,380 - WARNING - [us.616049.xyz (LAX)] ├─ 无有效DNS记录，触发紧急更新
2026-03-05 06:50:14,699 - ERROR - CFST更新失败: None
2026-03-05 06:50:14,699 - INFO - --------------------------------------------------
2026-03-05 06:50:14,699 - INFO - [de.616049.xyz (FRA)] 开始处理节点维护
2026-03-05 06:50:14,754 - DEBUG - DNS解析重试中 de.616049.xyz: [Errno -2] Name or service not known
2026-03-05 06:50:15,773 - DEBUG - DNS解析重试中 de.616049.xyz: [Errno -2] Name or service not known
2026-03-05 06:50:16,814 - DEBUG - DNS解析重试中 de.616049.xyz: [Errno -2] Name or service not known
2026-03-05 06:50:17,815 - WARNING - [de.616049.xyz (FRA)] ├─ 无有效DNS记录，触发紧急更新
2026-03-05 07:03:25,814 - ERROR - CFST更新失败: None
2026-03-05 07:03:25,817 - DEBUG - Starting new HTTPS connection (1): api.telegram.org:443
2026-03-05 07:03:26,276 - DEBUG - https://api.telegram.org:443 "POST /bot/sendMessage HTTP/1.1" 404 55
