2026-02-08 14:40:11,141 - INFO - 启动维护任务 | 协议类型: IPV4
2026-02-08 14:40:11,141 - INFO - --------------------------------------------------
2026-02-08 14:40:11,141 - INFO - [hk.616049.xyz (HKG)] 开始处理节点维护
2026-02-08 14:40:11,158 - DEBUG - DNS解析重试中 hk.616049.xyz: [Errno -2] Name or service not known
2026-02-08 14:40:12,178 - DEBUG - DNS解析重试中 hk.616049.xyz: [Errno -2] Name or service not known
2026-02-08 14:40:13,198 - DEBUG - DNS解析重试中 hk.616049.xyz: [Errno -2] Name or service not known
2026-02-08 14:40:14,199 - WARNING - [hk.616049.xyz (HKG)] ├─ 无有效DNS记录，触发紧急更新
2026-02-08 14:53:11,811 - ERROR - CFST更新失败: None
2026-02-08 14:53:11,812 - INFO - --------------------------------------------------
2026-02-08 14:53:11,812 - INFO - [us.616049.xyz (LAX)] 开始处理节点维护
2026-02-08 14:53:11,838 - DEBUG - DNS解析重试中 us.616049.xyz: [Errno -2] Name or service not known
2026-02-08 14:53:12,864 - DEBUG - DNS解析重试中 us.616049.xyz: [Errno -2] Name or service not known
2026-02-08 14:53:13,877 - DEBUG - DNS解析重试中 us.616049.xyz: [Errno -2] Name or service not known
2026-02-08 14:53:14,878 - WARNING - [us.616049.xyz (LAX)] ├─ 无有效DNS记录，触发紧急更新
2026-02-08 15:06:11,447 - ERROR - CFST更新失败: None
2026-02-08 15:06:11,448 - INFO - --------------------------------------------------
2026-02-08 15:06:11,448 - INFO - [de.616049.xyz (FRA)] 开始处理节点维护
2026-02-08 15:06:11,461 - DEBUG - DNS解析重试中 de.616049.xyz: [Errno -2] Name or service not known
2026-02-08 15:06:12,475 - DEBUG - DNS解析重试中 de.616049.xyz: [Errno -2] Name or service not known
2026-02-08 15:06:13,486 - DEBUG - DNS解析重试中 de.616049.xyz: [Errno -2] Name or service not known
2026-02-08 15:06:14,487 - WARNING - [de.616049.xyz (FRA)] ├─ 无有效DNS记录，触发紧急更新
2026-02-08 15:19:11,059 - ERROR - CFST更新失败: None
2026-02-08 15:19:11,062 - DEBUG - Starting new HTTPS connection (1): api.telegram.org:443
2026-02-08 15:19:11,357 - DEBUG - https://api.telegram.org:443 "POST /bot/sendMessage HTTP/1.1" 404 55
