2026-06-21 05:06:29,447 - INFO - 启动维护任务 | 协议类型: IPV4
2026-06-21 05:06:29,447 - INFO - --------------------------------------------------
2026-06-21 05:06:29,447 - INFO - [hk.616049.xyz (HKG)] 开始处理节点维护
2026-06-21 05:06:29,516 - DEBUG - DNS解析重试中 hk.616049.xyz: [Errno -2] Name or service not known
2026-06-21 05:06:30,566 - DEBUG - DNS解析重试中 hk.616049.xyz: [Errno -2] Name or service not known
2026-06-21 05:06:31,639 - DEBUG - DNS解析重试中 hk.616049.xyz: [Errno -2] Name or service not known
2026-06-21 05:06:32,641 - WARNING - [hk.616049.xyz (HKG)] ├─ 无有效DNS记录，触发紧急更新
2026-06-21 05:18:49,843 - ERROR - CFST更新失败: None
2026-06-21 05:18:49,844 - INFO - --------------------------------------------------
2026-06-21 05:18:49,844 - INFO - [us.616049.xyz (LAX)] 开始处理节点维护
2026-06-21 05:18:49,918 - DEBUG - DNS解析重试中 us.616049.xyz: [Errno -2] Name or service not known
2026-06-21 05:18:50,981 - DEBUG - DNS解析重试中 us.616049.xyz: [Errno -2] Name or service not known
2026-06-21 05:18:51,989 - DEBUG - DNS解析重试中 us.616049.xyz: [Errno -2] Name or service not known
2026-06-21 05:18:52,991 - WARNING - [us.616049.xyz (LAX)] ├─ 无有效DNS记录，触发紧急更新
2026-06-21 05:31:15,092 - ERROR - CFST更新失败: None
2026-06-21 05:31:15,092 - INFO - --------------------------------------------------
2026-06-21 05:31:15,092 - INFO - [de.616049.xyz (FRA)] 开始处理节点维护
2026-06-21 05:31:15,191 - DEBUG - DNS解析重试中 de.616049.xyz: [Errno -2] Name or service not known
2026-06-21 05:31:16,199 - DEBUG - DNS解析重试中 de.616049.xyz: [Errno -2] Name or service not known
2026-06-21 05:31:17,261 - DEBUG - DNS解析重试中 de.616049.xyz: [Errno -2] Name or service not known
2026-06-21 05:31:18,262 - WARNING - [de.616049.xyz (FRA)] ├─ 无有效DNS记录，触发紧急更新
2026-06-21 05:43:35,226 - ERROR - CFST更新失败: None
2026-06-21 05:43:35,230 - DEBUG - Starting new HTTPS connection (1): api.telegram.org:443
2026-06-21 05:43:35,608 - DEBUG - https://api.telegram.org:443 "POST /bot/sendMessage HTTP/1.1" 404 55
