2026-04-14 15:20:02,417 - INFO - 启动维护任务 | 协议类型: IPV4
2026-04-14 15:20:02,417 - INFO - --------------------------------------------------
2026-04-14 15:20:02,417 - INFO - [hk.616049.xyz (HKG)] 开始处理节点维护
2026-04-14 15:20:02,447 - DEBUG - DNS解析重试中 hk.616049.xyz: [Errno -2] Name or service not known
2026-04-14 15:20:03,491 - DEBUG - DNS解析重试中 hk.616049.xyz: [Errno -2] Name or service not known
2026-04-14 15:20:04,521 - DEBUG - DNS解析重试中 hk.616049.xyz: [Errno -2] Name or service not known
2026-04-14 15:20:05,521 - WARNING - [hk.616049.xyz (HKG)] ├─ 无有效DNS记录，触发紧急更新
2026-04-14 15:33:12,040 - ERROR - CFST更新失败: None
2026-04-14 15:33:12,040 - INFO - --------------------------------------------------
2026-04-14 15:33:12,040 - INFO - [us.616049.xyz (LAX)] 开始处理节点维护
2026-04-14 15:33:12,092 - DEBUG - DNS解析重试中 us.616049.xyz: [Errno -2] Name or service not known
2026-04-14 15:33:13,124 - DEBUG - DNS解析重试中 us.616049.xyz: [Errno -2] Name or service not known
2026-04-14 15:33:14,154 - DEBUG - DNS解析重试中 us.616049.xyz: [Errno -2] Name or service not known
2026-04-14 15:33:15,155 - WARNING - [us.616049.xyz (LAX)] ├─ 无有效DNS记录，触发紧急更新
2026-04-14 15:46:23,675 - ERROR - CFST更新失败: None
2026-04-14 15:46:23,675 - INFO - --------------------------------------------------
2026-04-14 15:46:23,675 - INFO - [de.616049.xyz (FRA)] 开始处理节点维护
2026-04-14 15:46:23,706 - DEBUG - DNS解析重试中 de.616049.xyz: [Errno -2] Name or service not known
2026-04-14 15:46:24,736 - DEBUG - DNS解析重试中 de.616049.xyz: [Errno -2] Name or service not known
2026-04-14 15:46:25,767 - DEBUG - DNS解析重试中 de.616049.xyz: [Errno -2] Name or service not known
2026-04-14 15:46:26,769 - WARNING - [de.616049.xyz (FRA)] ├─ 无有效DNS记录，触发紧急更新
2026-04-14 15:59:32,485 - ERROR - CFST更新失败: None
2026-04-14 15:59:32,488 - DEBUG - Starting new HTTPS connection (1): api.telegram.org:443
2026-04-14 15:59:32,913 - DEBUG - https://api.telegram.org:443 "POST /bot/sendMessage HTTP/1.1" 404 55
