2026-01-21 00:25:43,259 - INFO - 启动维护任务 | 协议类型: IPV4
2026-01-21 00:25:43,259 - INFO - --------------------------------------------------
2026-01-21 00:25:43,259 - INFO - [hk.616049.xyz (HKG)] 开始处理节点维护
2026-01-21 00:25:43,288 - DEBUG - DNS解析重试中 hk.616049.xyz: [Errno -2] Name or service not known
2026-01-21 00:25:44,321 - DEBUG - DNS解析重试中 hk.616049.xyz: [Errno -2] Name or service not known
2026-01-21 00:25:45,350 - DEBUG - DNS解析重试中 hk.616049.xyz: [Errno -2] Name or service not known
2026-01-21 00:25:46,352 - WARNING - [hk.616049.xyz (HKG)] ├─ 无有效DNS记录，触发紧急更新
2026-01-21 00:38:47,176 - ERROR - CFST更新失败: None
2026-01-21 00:38:47,176 - INFO - --------------------------------------------------
2026-01-21 00:38:47,177 - INFO - [us.616049.xyz (LAX)] 开始处理节点维护
2026-01-21 00:38:47,206 - DEBUG - DNS解析重试中 us.616049.xyz: [Errno -2] Name or service not known
2026-01-21 00:38:48,212 - DEBUG - DNS解析重试中 us.616049.xyz: [Errno -2] Name or service not known
2026-01-21 00:38:49,242 - DEBUG - DNS解析重试中 us.616049.xyz: [Errno -2] Name or service not known
2026-01-21 00:38:50,243 - WARNING - [us.616049.xyz (LAX)] ├─ 无有效DNS记录，触发紧急更新
2026-01-21 00:51:48,475 - ERROR - CFST更新失败: None
2026-01-21 00:51:48,476 - INFO - --------------------------------------------------
2026-01-21 00:51:48,476 - INFO - [de.616049.xyz (FRA)] 开始处理节点维护
2026-01-21 00:51:48,505 - DEBUG - DNS解析重试中 de.616049.xyz: [Errno -2] Name or service not known
2026-01-21 00:51:49,536 - DEBUG - DNS解析重试中 de.616049.xyz: [Errno -2] Name or service not known
2026-01-21 00:51:50,567 - DEBUG - DNS解析重试中 de.616049.xyz: [Errno -2] Name or service not known
2026-01-21 00:51:51,568 - WARNING - [de.616049.xyz (FRA)] ├─ 无有效DNS记录，触发紧急更新
2026-01-21 01:04:51,705 - ERROR - CFST更新失败: None
2026-01-21 01:04:51,708 - DEBUG - Starting new HTTPS connection (1): api.telegram.org:443
2026-01-21 01:04:52,149 - DEBUG - https://api.telegram.org:443 "POST /bot/sendMessage HTTP/1.1" 404 55
