2026-04-05 16:34:40,385 - INFO - 启动维护任务 | 协议类型: IPV4
2026-04-05 16:34:40,385 - INFO - --------------------------------------------------
2026-04-05 16:34:40,385 - INFO - [hk.616049.xyz (HKG)] 开始处理节点维护
2026-04-05 16:34:40,414 - DEBUG - DNS解析重试中 hk.616049.xyz: [Errno -2] Name or service not known
2026-04-05 16:34:41,449 - DEBUG - DNS解析重试中 hk.616049.xyz: [Errno -2] Name or service not known
2026-04-05 16:34:42,478 - DEBUG - DNS解析重试中 hk.616049.xyz: [Errno -2] Name or service not known
2026-04-05 16:34:43,479 - WARNING - [hk.616049.xyz (HKG)] ├─ 无有效DNS记录，触发紧急更新
2026-04-05 16:47:41,008 - ERROR - CFST更新失败: None
2026-04-05 16:47:41,008 - INFO - --------------------------------------------------
2026-04-05 16:47:41,008 - INFO - [us.616049.xyz (LAX)] 开始处理节点维护
2026-04-05 16:47:41,050 - DEBUG - DNS解析重试中 us.616049.xyz: [Errno -2] Name or service not known
2026-04-05 16:47:42,081 - DEBUG - DNS解析重试中 us.616049.xyz: [Errno -2] Name or service not known
2026-04-05 16:47:43,113 - DEBUG - DNS解析重试中 us.616049.xyz: [Errno -2] Name or service not known
2026-04-05 16:47:44,114 - WARNING - [us.616049.xyz (LAX)] ├─ 无有效DNS记录，触发紧急更新
2026-04-05 17:00:41,190 - ERROR - CFST更新失败: None
2026-04-05 17:00:41,191 - INFO - --------------------------------------------------
2026-04-05 17:00:41,191 - INFO - [de.616049.xyz (FRA)] 开始处理节点维护
2026-04-05 17:00:41,249 - DEBUG - DNS解析重试中 de.616049.xyz: [Errno -2] Name or service not known
2026-04-05 17:00:42,285 - DEBUG - DNS解析重试中 de.616049.xyz: [Errno -2] Name or service not known
2026-04-05 17:00:43,316 - DEBUG - DNS解析重试中 de.616049.xyz: [Errno -2] Name or service not known
2026-04-05 17:00:44,317 - WARNING - [de.616049.xyz (FRA)] ├─ 无有效DNS记录，触发紧急更新
2026-04-05 17:13:42,193 - ERROR - CFST更新失败: None
2026-04-05 17:13:42,197 - DEBUG - Starting new HTTPS connection (1): api.telegram.org:443
2026-04-05 17:13:42,623 - DEBUG - https://api.telegram.org:443 "POST /bot/sendMessage HTTP/1.1" 404 55
