2026-03-27 06:20:33,169 - INFO - 启动维护任务 | 协议类型: IPV4
2026-03-27 06:20:33,169 - INFO - --------------------------------------------------
2026-03-27 06:20:33,169 - INFO - [hk.616049.xyz (HKG)] 开始处理节点维护
2026-03-27 06:20:33,175 - DEBUG - DNS解析重试中 hk.616049.xyz: [Errno -2] Name or service not known
2026-03-27 06:20:34,197 - DEBUG - DNS解析重试中 hk.616049.xyz: [Errno -2] Name or service not known
2026-03-27 06:20:35,217 - DEBUG - DNS解析重试中 hk.616049.xyz: [Errno -2] Name or service not known
2026-03-27 06:20:36,219 - WARNING - [hk.616049.xyz (HKG)] ├─ 无有效DNS记录，触发紧急更新
2026-03-27 06:33:31,843 - ERROR - CFST更新失败: None
2026-03-27 06:33:31,844 - INFO - --------------------------------------------------
2026-03-27 06:33:31,844 - INFO - [us.616049.xyz (LAX)] 开始处理节点维护
2026-03-27 06:33:31,880 - DEBUG - DNS解析重试中 us.616049.xyz: [Errno -2] Name or service not known
2026-03-27 06:33:32,897 - DEBUG - DNS解析重试中 us.616049.xyz: [Errno -2] Name or service not known
2026-03-27 06:33:33,913 - DEBUG - DNS解析重试中 us.616049.xyz: [Errno -2] Name or service not known
2026-03-27 06:33:34,914 - WARNING - [us.616049.xyz (LAX)] ├─ 无有效DNS记录，触发紧急更新
2026-03-27 06:46:30,633 - ERROR - CFST更新失败: None
2026-03-27 06:46:30,633 - INFO - --------------------------------------------------
2026-03-27 06:46:30,633 - INFO - [de.616049.xyz (FRA)] 开始处理节点维护
2026-03-27 06:46:30,642 - DEBUG - DNS解析重试中 de.616049.xyz: [Errno -2] Name or service not known
2026-03-27 06:46:31,652 - DEBUG - DNS解析重试中 de.616049.xyz: [Errno -2] Name or service not known
2026-03-27 06:46:32,667 - DEBUG - DNS解析重试中 de.616049.xyz: [Errno -2] Name or service not known
2026-03-27 06:46:33,669 - WARNING - [de.616049.xyz (FRA)] ├─ 无有效DNS记录，触发紧急更新
2026-03-27 06:59:28,686 - ERROR - CFST更新失败: None
2026-03-27 06:59:28,689 - DEBUG - Starting new HTTPS connection (1): api.telegram.org:443
2026-03-27 06:59:28,971 - DEBUG - https://api.telegram.org:443 "POST /bot/sendMessage HTTP/1.1" 404 55
