2026-02-16 20:43:24,129 - INFO - 启动维护任务 | 协议类型: IPV4
2026-02-16 20:43:24,129 - INFO - --------------------------------------------------
2026-02-16 20:43:24,129 - INFO - [hk.616049.xyz (HKG)] 开始处理节点维护
2026-02-16 20:43:24,156 - DEBUG - DNS解析重试中 hk.616049.xyz: [Errno -2] Name or service not known
2026-02-16 20:43:25,187 - DEBUG - DNS解析重试中 hk.616049.xyz: [Errno -2] Name or service not known
2026-02-16 20:43:26,195 - DEBUG - DNS解析重试中 hk.616049.xyz: [Errno -2] Name or service not known
2026-02-16 20:43:27,197 - WARNING - [hk.616049.xyz (HKG)] ├─ 无有效DNS记录，触发紧急更新
2026-02-16 20:56:21,337 - ERROR - CFST更新失败: None
2026-02-16 20:56:21,338 - INFO - --------------------------------------------------
2026-02-16 20:56:21,338 - INFO - [us.616049.xyz (LAX)] 开始处理节点维护
2026-02-16 20:56:21,352 - DEBUG - DNS解析重试中 us.616049.xyz: [Errno -2] Name or service not known
2026-02-16 20:56:22,367 - DEBUG - DNS解析重试中 us.616049.xyz: [Errno -2] Name or service not known
2026-02-16 20:56:23,382 - DEBUG - DNS解析重试中 us.616049.xyz: [Errno -2] Name or service not known
2026-02-16 20:56:24,384 - WARNING - [us.616049.xyz (LAX)] ├─ 无有效DNS记录，触发紧急更新
2026-02-16 21:09:17,714 - ERROR - CFST更新失败: None
2026-02-16 21:09:17,714 - INFO - --------------------------------------------------
2026-02-16 21:09:17,714 - INFO - [de.616049.xyz (FRA)] 开始处理节点维护
2026-02-16 21:09:17,727 - DEBUG - DNS解析重试中 de.616049.xyz: [Errno -2] Name or service not known
2026-02-16 21:09:18,733 - DEBUG - DNS解析重试中 de.616049.xyz: [Errno -2] Name or service not known
2026-02-16 21:09:19,738 - DEBUG - DNS解析重试中 de.616049.xyz: [Errno -2] Name or service not known
2026-02-16 21:09:20,739 - WARNING - [de.616049.xyz (FRA)] ├─ 无有效DNS记录，触发紧急更新
2026-02-16 21:22:15,630 - ERROR - CFST更新失败: None
2026-02-16 21:22:15,634 - DEBUG - Starting new HTTPS connection (1): api.telegram.org:443
2026-02-16 21:22:16,129 - DEBUG - https://api.telegram.org:443 "POST /bot/sendMessage HTTP/1.1" 404 55
