2026-06-30 10:36:38,466 - INFO - 启动维护任务 | 协议类型: IPV4
2026-06-30 10:36:38,467 - INFO - --------------------------------------------------
2026-06-30 10:36:38,467 - INFO - [hk.616049.xyz (HKG)] 开始处理节点维护
2026-06-30 10:36:38,516 - DEBUG - DNS解析重试中 hk.616049.xyz: [Errno -2] Name or service not known
2026-06-30 10:36:39,570 - DEBUG - DNS解析重试中 hk.616049.xyz: [Errno -2] Name or service not known
2026-06-30 10:36:40,635 - DEBUG - DNS解析重试中 hk.616049.xyz: [Errno -2] Name or service not known
2026-06-30 10:36:41,636 - WARNING - [hk.616049.xyz (HKG)] ├─ 无有效DNS记录，触发紧急更新
2026-06-30 10:49:13,808 - ERROR - CFST更新失败: None
2026-06-30 10:49:13,808 - INFO - --------------------------------------------------
2026-06-30 10:49:13,808 - INFO - [us.616049.xyz (LAX)] 开始处理节点维护
2026-06-30 10:49:13,872 - DEBUG - DNS解析重试中 us.616049.xyz: [Errno -2] Name or service not known
2026-06-30 10:49:14,931 - DEBUG - DNS解析重试中 us.616049.xyz: [Errno -2] Name or service not known
2026-06-30 10:49:16,007 - DEBUG - DNS解析重试中 us.616049.xyz: [Errno -2] Name or service not known
2026-06-30 10:49:17,008 - WARNING - [us.616049.xyz (LAX)] ├─ 无有效DNS记录，触发紧急更新
2026-06-30 11:01:50,582 - ERROR - CFST更新失败: None
2026-06-30 11:01:50,582 - INFO - --------------------------------------------------
2026-06-30 11:01:50,583 - INFO - [de.616049.xyz (FRA)] 开始处理节点维护
2026-06-30 11:01:50,651 - DEBUG - DNS解析重试中 de.616049.xyz: [Errno -2] Name or service not known
2026-06-30 11:01:51,719 - DEBUG - DNS解析重试中 de.616049.xyz: [Errno -2] Name or service not known
2026-06-30 11:01:52,742 - DEBUG - DNS解析重试中 de.616049.xyz: [Errno -2] Name or service not known
2026-06-30 11:01:53,743 - WARNING - [de.616049.xyz (FRA)] ├─ 无有效DNS记录，触发紧急更新
2026-06-30 11:14:25,588 - ERROR - CFST更新失败: None
2026-06-30 11:14:25,591 - DEBUG - Starting new HTTPS connection (1): api.telegram.org:443
2026-06-30 11:14:25,983 - DEBUG - https://api.telegram.org:443 "POST /bot/sendMessage HTTP/1.1" 404 55
