2026-05-26 03:16:44,313 - INFO - 启动维护任务 | 协议类型: IPV4
2026-05-26 03:16:44,313 - INFO - --------------------------------------------------
2026-05-26 03:16:44,313 - INFO - [hk.616049.xyz (HKG)] 开始处理节点维护
2026-05-26 03:16:44,326 - DEBUG - DNS解析重试中 hk.616049.xyz: [Errno -2] Name or service not known
2026-05-26 03:16:45,335 - DEBUG - DNS解析重试中 hk.616049.xyz: [Errno -2] Name or service not known
2026-05-26 03:16:46,343 - DEBUG - DNS解析重试中 hk.616049.xyz: [Errno -2] Name or service not known
2026-05-26 03:16:47,344 - WARNING - [hk.616049.xyz (HKG)] ├─ 无有效DNS记录，触发紧急更新
2026-05-26 03:29:39,659 - ERROR - CFST更新失败: None
2026-05-26 03:29:39,659 - INFO - --------------------------------------------------
2026-05-26 03:29:39,659 - INFO - [us.616049.xyz (LAX)] 开始处理节点维护
2026-05-26 03:29:39,666 - DEBUG - DNS解析重试中 us.616049.xyz: [Errno -2] Name or service not known
2026-05-26 03:29:40,676 - DEBUG - DNS解析重试中 us.616049.xyz: [Errno -2] Name or service not known
2026-05-26 03:29:41,702 - DEBUG - DNS解析重试中 us.616049.xyz: [Errno -2] Name or service not known
2026-05-26 03:29:42,703 - WARNING - [us.616049.xyz (LAX)] ├─ 无有效DNS记录，触发紧急更新
2026-05-26 03:42:34,901 - ERROR - CFST更新失败: None
2026-05-26 03:42:34,901 - INFO - --------------------------------------------------
2026-05-26 03:42:34,901 - INFO - [de.616049.xyz (FRA)] 开始处理节点维护
2026-05-26 03:42:34,921 - DEBUG - DNS解析重试中 de.616049.xyz: [Errno -2] Name or service not known
2026-05-26 03:42:35,938 - DEBUG - DNS解析重试中 de.616049.xyz: [Errno -2] Name or service not known
2026-05-26 03:42:36,948 - DEBUG - DNS解析重试中 de.616049.xyz: [Errno -2] Name or service not known
2026-05-26 03:42:37,949 - WARNING - [de.616049.xyz (FRA)] ├─ 无有效DNS记录，触发紧急更新
2026-05-26 03:55:29,847 - ERROR - CFST更新失败: None
2026-05-26 03:55:29,851 - DEBUG - Starting new HTTPS connection (1): api.telegram.org:443
2026-05-26 03:55:30,320 - DEBUG - https://api.telegram.org:443 "POST /bot/sendMessage HTTP/1.1" 404 55
