2026-06-29 06:55:34,066 - INFO - 启动维护任务 | 协议类型: IPV4
2026-06-29 06:55:34,066 - INFO - --------------------------------------------------
2026-06-29 06:55:34,066 - INFO - [hk.616049.xyz (HKG)] 开始处理节点维护
2026-06-29 06:55:34,079 - DEBUG - DNS解析重试中 hk.616049.xyz: [Errno -2] Name or service not known
2026-06-29 06:55:35,104 - DEBUG - DNS解析重试中 hk.616049.xyz: [Errno -2] Name or service not known
2026-06-29 06:55:36,117 - DEBUG - DNS解析重试中 hk.616049.xyz: [Errno -2] Name or service not known
2026-06-29 06:55:37,119 - WARNING - [hk.616049.xyz (HKG)] ├─ 无有效DNS记录，触发紧急更新
2026-06-29 07:08:11,286 - ERROR - CFST更新失败: None
2026-06-29 07:08:11,286 - INFO - --------------------------------------------------
2026-06-29 07:08:11,286 - INFO - [us.616049.xyz (LAX)] 开始处理节点维护
2026-06-29 07:08:11,313 - DEBUG - DNS解析重试中 us.616049.xyz: [Errno -2] Name or service not known
2026-06-29 07:08:12,331 - DEBUG - DNS解析重试中 us.616049.xyz: [Errno -2] Name or service not known
2026-06-29 07:08:13,351 - DEBUG - DNS解析重试中 us.616049.xyz: [Errno -2] Name or service not known
2026-06-29 07:08:14,352 - WARNING - [us.616049.xyz (LAX)] ├─ 无有效DNS记录，触发紧急更新
2026-06-29 07:20:49,119 - ERROR - CFST更新失败: None
2026-06-29 07:20:49,119 - INFO - --------------------------------------------------
2026-06-29 07:20:49,119 - INFO - [de.616049.xyz (FRA)] 开始处理节点维护
2026-06-29 07:20:49,134 - DEBUG - DNS解析重试中 de.616049.xyz: [Errno -2] Name or service not known
2026-06-29 07:20:50,158 - DEBUG - DNS解析重试中 de.616049.xyz: [Errno -2] Name or service not known
2026-06-29 07:20:51,179 - DEBUG - DNS解析重试中 de.616049.xyz: [Errno -2] Name or service not known
2026-06-29 07:20:52,180 - WARNING - [de.616049.xyz (FRA)] ├─ 无有效DNS记录，触发紧急更新
2026-06-29 07:33:26,571 - ERROR - CFST更新失败: None
2026-06-29 07:33:26,575 - DEBUG - Starting new HTTPS connection (1): api.telegram.org:443
2026-06-29 07:33:26,853 - DEBUG - https://api.telegram.org:443 "POST /bot/sendMessage HTTP/1.1" 404 55
