2026-03-31 04:37:08,658 - INFO - 启动维护任务 | 协议类型: IPV4
2026-03-31 04:37:08,658 - INFO - --------------------------------------------------
2026-03-31 04:37:08,658 - INFO - [hk.616049.xyz (HKG)] 开始处理节点维护
2026-03-31 04:37:08,688 - DEBUG - DNS解析重试中 hk.616049.xyz: [Errno -2] Name or service not known
2026-03-31 04:37:09,715 - DEBUG - DNS解析重试中 hk.616049.xyz: [Errno -2] Name or service not known
2026-03-31 04:37:10,743 - DEBUG - DNS解析重试中 hk.616049.xyz: [Errno -2] Name or service not known
2026-03-31 04:37:11,745 - WARNING - [hk.616049.xyz (HKG)] ├─ 无有效DNS记录，触发紧急更新
2026-03-31 04:50:05,459 - ERROR - CFST更新失败: None
2026-03-31 04:50:05,459 - INFO - --------------------------------------------------
2026-03-31 04:50:05,459 - INFO - [us.616049.xyz (LAX)] 开始处理节点维护
2026-03-31 04:50:05,481 - DEBUG - DNS解析重试中 us.616049.xyz: [Errno -2] Name or service not known
2026-03-31 04:50:06,505 - DEBUG - DNS解析重试中 us.616049.xyz: [Errno -2] Name or service not known
2026-03-31 04:50:07,536 - DEBUG - DNS解析重试中 us.616049.xyz: [Errno -2] Name or service not known
2026-03-31 04:50:08,537 - WARNING - [us.616049.xyz (LAX)] ├─ 无有效DNS记录，触发紧急更新
2026-03-31 05:03:02,315 - ERROR - CFST更新失败: None
2026-03-31 05:03:02,315 - INFO - --------------------------------------------------
2026-03-31 05:03:02,315 - INFO - [de.616049.xyz (FRA)] 开始处理节点维护
2026-03-31 05:03:02,338 - DEBUG - DNS解析重试中 de.616049.xyz: [Errno -2] Name or service not known
2026-03-31 05:03:03,363 - DEBUG - DNS解析重试中 de.616049.xyz: [Errno -2] Name or service not known
2026-03-31 05:03:04,386 - DEBUG - DNS解析重试中 de.616049.xyz: [Errno -2] Name or service not known
2026-03-31 05:03:05,387 - WARNING - [de.616049.xyz (FRA)] ├─ 无有效DNS记录，触发紧急更新
2026-03-31 05:15:58,820 - ERROR - CFST更新失败: None
2026-03-31 05:15:58,824 - DEBUG - Starting new HTTPS connection (1): api.telegram.org:443
2026-03-31 05:15:59,159 - DEBUG - https://api.telegram.org:443 "POST /bot/sendMessage HTTP/1.1" 404 55
