2026-04-18 22:35:44,948 - INFO - 启动维护任务 | 协议类型: IPV4
2026-04-18 22:35:44,949 - INFO - --------------------------------------------------
2026-04-18 22:35:44,949 - INFO - [hk.616049.xyz (HKG)] 开始处理节点维护
2026-04-18 22:35:44,962 - DEBUG - DNS解析重试中 hk.616049.xyz: [Errno -2] Name or service not known
2026-04-18 22:35:45,980 - DEBUG - DNS解析重试中 hk.616049.xyz: [Errno -2] Name or service not known
2026-04-18 22:35:47,004 - DEBUG - DNS解析重试中 hk.616049.xyz: [Errno -2] Name or service not known
2026-04-18 22:35:48,005 - WARNING - [hk.616049.xyz (HKG)] ├─ 无有效DNS记录，触发紧急更新
2026-04-18 22:48:46,406 - ERROR - CFST更新失败: None
2026-04-18 22:48:46,406 - INFO - --------------------------------------------------
2026-04-18 22:48:46,406 - INFO - [us.616049.xyz (LAX)] 开始处理节点维护
2026-04-18 22:48:46,431 - DEBUG - DNS解析重试中 us.616049.xyz: [Errno -2] Name or service not known
2026-04-18 22:48:47,447 - DEBUG - DNS解析重试中 us.616049.xyz: [Errno -2] Name or service not known
2026-04-18 22:48:48,465 - DEBUG - DNS解析重试中 us.616049.xyz: [Errno -2] Name or service not known
2026-04-18 22:48:49,466 - WARNING - [us.616049.xyz (LAX)] ├─ 无有效DNS记录，触发紧急更新
2026-04-18 23:01:47,774 - ERROR - CFST更新失败: None
2026-04-18 23:01:47,775 - INFO - --------------------------------------------------
2026-04-18 23:01:47,775 - INFO - [de.616049.xyz (FRA)] 开始处理节点维护
2026-04-18 23:01:47,790 - DEBUG - DNS解析重试中 de.616049.xyz: [Errno -2] Name or service not known
2026-04-18 23:01:48,815 - DEBUG - DNS解析重试中 de.616049.xyz: [Errno -2] Name or service not known
2026-04-18 23:01:49,824 - DEBUG - DNS解析重试中 de.616049.xyz: [Errno -2] Name or service not known
2026-04-18 23:01:50,825 - WARNING - [de.616049.xyz (FRA)] ├─ 无有效DNS记录，触发紧急更新
2026-04-18 23:14:48,916 - ERROR - CFST更新失败: None
2026-04-18 23:14:48,920 - DEBUG - Starting new HTTPS connection (1): api.telegram.org:443
2026-04-18 23:14:49,199 - DEBUG - https://api.telegram.org:443 "POST /bot/sendMessage HTTP/1.1" 404 55
