2026-07-19 09:53:42,534 - INFO - 启动维护任务 | 协议类型: IPV4
2026-07-19 09:53:42,534 - INFO - --------------------------------------------------
2026-07-19 09:53:42,534 - INFO - [hk.616049.xyz (HKG)] 开始处理节点维护
2026-07-19 09:53:42,573 - DEBUG - DNS解析重试中 hk.616049.xyz: [Errno -5] No address associated with hostname
2026-07-19 09:53:43,801 - DEBUG - DNS解析重试中 hk.616049.xyz: [Errno -5] No address associated with hostname
2026-07-19 09:53:44,834 - DEBUG - DNS解析重试中 hk.616049.xyz: [Errno -5] No address associated with hostname
2026-07-19 09:53:45,836 - WARNING - [hk.616049.xyz (HKG)] ├─ 无有效DNS记录，触发紧急更新
2026-07-19 10:05:59,781 - ERROR - CFST更新失败: None
2026-07-19 10:05:59,781 - INFO - --------------------------------------------------
2026-07-19 10:05:59,781 - INFO - [us.616049.xyz (LAX)] 开始处理节点维护
2026-07-19 10:05:59,840 - DEBUG - DNS解析重试中 us.616049.xyz: [Errno -5] No address associated with hostname
2026-07-19 10:06:00,885 - DEBUG - DNS解析重试中 us.616049.xyz: [Errno -5] No address associated with hostname
2026-07-19 10:06:01,934 - DEBUG - DNS解析重试中 us.616049.xyz: [Errno -5] No address associated with hostname
2026-07-19 10:06:02,935 - WARNING - [us.616049.xyz (LAX)] ├─ 无有效DNS记录，触发紧急更新
2026-07-19 10:18:15,744 - ERROR - CFST更新失败: None
2026-07-19 10:18:15,744 - INFO - --------------------------------------------------
2026-07-19 10:18:15,744 - INFO - [de.616049.xyz (FRA)] 开始处理节点维护
2026-07-19 10:18:15,774 - DEBUG - DNS解析重试中 de.616049.xyz: [Errno -5] No address associated with hostname
2026-07-19 10:18:16,813 - DEBUG - DNS解析重试中 de.616049.xyz: [Errno -5] No address associated with hostname
2026-07-19 10:18:17,850 - DEBUG - DNS解析重试中 de.616049.xyz: [Errno -5] No address associated with hostname
2026-07-19 10:18:18,851 - WARNING - [de.616049.xyz (FRA)] ├─ 无有效DNS记录，触发紧急更新
2026-07-19 10:30:36,879 - ERROR - CFST更新失败: None
2026-07-19 10:30:36,882 - DEBUG - Starting new HTTPS connection (1): api.telegram.org:443
2026-07-19 10:30:37,760 - DEBUG - https://api.telegram.org:443 "POST /bot/sendMessage HTTP/1.1" 404 55
