2026-07-21 19:42:30,135 - INFO - 启动维护任务 | 协议类型: IPV4
2026-07-21 19:42:30,135 - INFO - --------------------------------------------------
2026-07-21 19:42:30,135 - INFO - [hk.616049.xyz (HKG)] 开始处理节点维护
2026-07-21 19:42:30,183 - DEBUG - DNS解析重试中 hk.616049.xyz: [Errno -5] No address associated with hostname
2026-07-21 19:42:31,230 - DEBUG - DNS解析重试中 hk.616049.xyz: [Errno -5] No address associated with hostname
2026-07-21 19:42:32,269 - DEBUG - DNS解析重试中 hk.616049.xyz: [Errno -5] No address associated with hostname
2026-07-21 19:42:33,271 - WARNING - [hk.616049.xyz (HKG)] ├─ 无有效DNS记录，触发紧急更新
2026-07-21 19:55:16,578 - ERROR - CFST更新失败: None
2026-07-21 19:55:16,578 - INFO - --------------------------------------------------
2026-07-21 19:55:16,578 - INFO - [us.616049.xyz (LAX)] 开始处理节点维护
2026-07-21 19:55:16,618 - DEBUG - DNS解析重试中 us.616049.xyz: [Errno -5] No address associated with hostname
2026-07-21 19:55:17,693 - DEBUG - DNS解析重试中 us.616049.xyz: [Errno -5] No address associated with hostname
2026-07-21 19:55:18,739 - DEBUG - DNS解析重试中 us.616049.xyz: [Errno -5] No address associated with hostname
2026-07-21 19:55:19,741 - WARNING - [us.616049.xyz (LAX)] ├─ 无有效DNS记录，触发紧急更新
2026-07-21 20:07:56,432 - ERROR - CFST更新失败: None
2026-07-21 20:07:56,432 - INFO - --------------------------------------------------
2026-07-21 20:07:56,432 - INFO - [de.616049.xyz (FRA)] 开始处理节点维护
2026-07-21 20:07:56,478 - DEBUG - DNS解析重试中 de.616049.xyz: [Errno -5] No address associated with hostname
2026-07-21 20:07:57,526 - DEBUG - DNS解析重试中 de.616049.xyz: [Errno -5] No address associated with hostname
2026-07-21 20:07:58,581 - DEBUG - DNS解析重试中 de.616049.xyz: [Errno -5] No address associated with hostname
2026-07-21 20:07:59,582 - WARNING - [de.616049.xyz (FRA)] ├─ 无有效DNS记录，触发紧急更新
2026-07-21 20:20:34,634 - ERROR - CFST更新失败: None
2026-07-21 20:20:34,638 - DEBUG - Starting new HTTPS connection (1): api.telegram.org:443
2026-07-21 20:20:35,003 - DEBUG - https://api.telegram.org:443 "POST /bot/sendMessage HTTP/1.1" 404 55
