2026-05-09 10:07:16,385 - INFO - 启动维护任务 | 协议类型: IPV4
2026-05-09 10:07:16,385 - INFO - --------------------------------------------------
2026-05-09 10:07:16,385 - INFO - [hk.616049.xyz (HKG)] 开始处理节点维护
2026-05-09 10:07:16,393 - DEBUG - DNS解析重试中 hk.616049.xyz: [Errno -2] Name or service not known
2026-05-09 10:07:17,409 - DEBUG - DNS解析重试中 hk.616049.xyz: [Errno -2] Name or service not known
2026-05-09 10:07:18,482 - DEBUG - DNS解析重试中 hk.616049.xyz: [Errno -2] Name or service not known
2026-05-09 10:07:19,484 - WARNING - [hk.616049.xyz (HKG)] ├─ 无有效DNS记录，触发紧急更新
2026-05-09 10:19:59,672 - ERROR - CFST更新失败: None
2026-05-09 10:19:59,672 - INFO - --------------------------------------------------
2026-05-09 10:19:59,672 - INFO - [us.616049.xyz (LAX)] 开始处理节点维护
2026-05-09 10:19:59,753 - DEBUG - DNS解析重试中 us.616049.xyz: [Errno -2] Name or service not known
2026-05-09 10:20:00,771 - DEBUG - DNS解析重试中 us.616049.xyz: [Errno -2] Name or service not known
2026-05-09 10:20:01,803 - DEBUG - DNS解析重试中 us.616049.xyz: [Errno -2] Name or service not known
2026-05-09 10:20:02,804 - WARNING - [us.616049.xyz (LAX)] ├─ 无有效DNS记录，触发紧急更新
2026-05-09 10:32:43,258 - ERROR - CFST更新失败: None
2026-05-09 10:32:43,258 - INFO - --------------------------------------------------
2026-05-09 10:32:43,258 - INFO - [de.616049.xyz (FRA)] 开始处理节点维护
2026-05-09 10:32:43,268 - DEBUG - DNS解析重试中 de.616049.xyz: [Errno -2] Name or service not known
2026-05-09 10:32:44,277 - DEBUG - DNS解析重试中 de.616049.xyz: [Errno -2] Name or service not known
2026-05-09 10:32:45,285 - DEBUG - DNS解析重试中 de.616049.xyz: [Errno -2] Name or service not known
2026-05-09 10:32:46,287 - WARNING - [de.616049.xyz (FRA)] ├─ 无有效DNS记录，触发紧急更新
2026-05-09 10:45:26,197 - ERROR - CFST更新失败: None
2026-05-09 10:45:26,201 - DEBUG - Starting new HTTPS connection (1): api.telegram.org:443
2026-05-09 10:45:26,479 - DEBUG - https://api.telegram.org:443 "POST /bot/sendMessage HTTP/1.1" 404 55
