2026-02-28 00:32:00,153 - INFO - 启动维护任务 | 协议类型: IPV4
2026-02-28 00:32:00,153 - INFO - --------------------------------------------------
2026-02-28 00:32:00,153 - INFO - [hk.616049.xyz (HKG)] 开始处理节点维护
2026-02-28 00:32:00,174 - DEBUG - DNS解析重试中 hk.616049.xyz: [Errno -2] Name or service not known
2026-02-28 00:32:01,221 - DEBUG - DNS解析重试中 hk.616049.xyz: [Errno -2] Name or service not known
2026-02-28 00:32:02,250 - DEBUG - DNS解析重试中 hk.616049.xyz: [Errno -2] Name or service not known
2026-02-28 00:32:03,251 - WARNING - [hk.616049.xyz (HKG)] ├─ 无有效DNS记录，触发紧急更新
2026-02-28 00:44:57,560 - ERROR - CFST更新失败: None
2026-02-28 00:44:57,561 - INFO - --------------------------------------------------
2026-02-28 00:44:57,561 - INFO - [us.616049.xyz (LAX)] 开始处理节点维护
2026-02-28 00:44:57,596 - DEBUG - DNS解析重试中 us.616049.xyz: [Errno -2] Name or service not known
2026-02-28 00:44:58,619 - DEBUG - DNS解析重试中 us.616049.xyz: [Errno -2] Name or service not known
2026-02-28 00:44:59,652 - DEBUG - DNS解析重试中 us.616049.xyz: [Errno -2] Name or service not known
2026-02-28 00:45:00,653 - WARNING - [us.616049.xyz (LAX)] ├─ 无有效DNS记录，触发紧急更新
2026-02-28 00:57:54,442 - ERROR - CFST更新失败: None
2026-02-28 00:57:54,442 - INFO - --------------------------------------------------
2026-02-28 00:57:54,443 - INFO - [de.616049.xyz (FRA)] 开始处理节点维护
2026-02-28 00:57:54,473 - DEBUG - DNS解析重试中 de.616049.xyz: [Errno -2] Name or service not known
2026-02-28 00:57:55,497 - DEBUG - DNS解析重试中 de.616049.xyz: [Errno -2] Name or service not known
2026-02-28 00:57:56,524 - DEBUG - DNS解析重试中 de.616049.xyz: [Errno -2] Name or service not known
2026-02-28 00:57:57,525 - WARNING - [de.616049.xyz (FRA)] ├─ 无有效DNS记录，触发紧急更新
2026-02-28 01:10:51,528 - ERROR - CFST更新失败: None
2026-02-28 01:10:51,533 - DEBUG - Starting new HTTPS connection (1): api.telegram.org:443
2026-02-28 01:10:51,862 - DEBUG - https://api.telegram.org:443 "POST /bot/sendMessage HTTP/1.1" 404 55
