2026-06-02 04:11:29,881 - INFO - 启动维护任务 | 协议类型: IPV4
2026-06-02 04:11:29,881 - INFO - --------------------------------------------------
2026-06-02 04:11:29,881 - INFO - [hk.616049.xyz (HKG)] 开始处理节点维护
2026-06-02 04:11:29,891 - DEBUG - DNS解析重试中 hk.616049.xyz: [Errno -2] Name or service not known
2026-06-02 04:11:30,901 - DEBUG - DNS解析重试中 hk.616049.xyz: [Errno -2] Name or service not known
2026-06-02 04:11:31,911 - DEBUG - DNS解析重试中 hk.616049.xyz: [Errno -2] Name or service not known
2026-06-02 04:11:32,912 - WARNING - [hk.616049.xyz (HKG)] ├─ 无有效DNS记录，触发紧急更新
2026-06-02 04:24:26,194 - ERROR - CFST更新失败: None
2026-06-02 04:24:26,194 - INFO - --------------------------------------------------
2026-06-02 04:24:26,195 - INFO - [us.616049.xyz (LAX)] 开始处理节点维护
2026-06-02 04:24:26,216 - DEBUG - DNS解析重试中 us.616049.xyz: [Errno -2] Name or service not known
2026-06-02 04:24:27,226 - DEBUG - DNS解析重试中 us.616049.xyz: [Errno -2] Name or service not known
2026-06-02 04:24:28,244 - DEBUG - DNS解析重试中 us.616049.xyz: [Errno -2] Name or service not known
2026-06-02 04:24:29,245 - WARNING - [us.616049.xyz (LAX)] ├─ 无有效DNS记录，触发紧急更新
2026-06-02 04:37:21,817 - ERROR - CFST更新失败: None
2026-06-02 04:37:21,817 - INFO - --------------------------------------------------
2026-06-02 04:37:21,817 - INFO - [de.616049.xyz (FRA)] 开始处理节点维护
2026-06-02 04:37:21,830 - DEBUG - DNS解析重试中 de.616049.xyz: [Errno -2] Name or service not known
2026-06-02 04:37:22,865 - DEBUG - DNS解析重试中 de.616049.xyz: [Errno -2] Name or service not known
2026-06-02 04:37:23,875 - DEBUG - DNS解析重试中 de.616049.xyz: [Errno -2] Name or service not known
2026-06-02 04:37:24,876 - WARNING - [de.616049.xyz (FRA)] ├─ 无有效DNS记录，触发紧急更新
2026-06-02 04:50:17,548 - ERROR - CFST更新失败: None
2026-06-02 04:50:17,552 - DEBUG - Starting new HTTPS connection (1): api.telegram.org:443
2026-06-02 04:50:17,835 - DEBUG - https://api.telegram.org:443 "POST /bot/sendMessage HTTP/1.1" 404 55
