2026-01-26 12:50:16,570 - INFO - 启动维护任务 | 协议类型: IPV4
2026-01-26 12:50:16,570 - INFO - --------------------------------------------------
2026-01-26 12:50:16,570 - INFO - [hk.616049.xyz (HKG)] 开始处理节点维护
2026-01-26 12:50:16,589 - DEBUG - DNS解析重试中 hk.616049.xyz: [Errno -2] Name or service not known
2026-01-26 12:50:17,619 - DEBUG - DNS解析重试中 hk.616049.xyz: [Errno -2] Name or service not known
2026-01-26 12:50:18,645 - DEBUG - DNS解析重试中 hk.616049.xyz: [Errno -2] Name or service not known
2026-01-26 12:50:19,646 - WARNING - [hk.616049.xyz (HKG)] ├─ 无有效DNS记录，触发紧急更新
2026-01-26 13:03:28,322 - ERROR - CFST更新失败: None
2026-01-26 13:03:28,322 - INFO - --------------------------------------------------
2026-01-26 13:03:28,322 - INFO - [us.616049.xyz (LAX)] 开始处理节点维护
2026-01-26 13:03:28,352 - DEBUG - DNS解析重试中 us.616049.xyz: [Errno -2] Name or service not known
2026-01-26 13:03:29,390 - DEBUG - DNS解析重试中 us.616049.xyz: [Errno -2] Name or service not known
2026-01-26 13:03:30,415 - DEBUG - DNS解析重试中 us.616049.xyz: [Errno -2] Name or service not known
2026-01-26 13:03:31,416 - WARNING - [us.616049.xyz (LAX)] ├─ 无有效DNS记录，触发紧急更新
2026-01-26 13:16:40,160 - ERROR - CFST更新失败: None
2026-01-26 13:16:40,160 - INFO - --------------------------------------------------
2026-01-26 13:16:40,160 - INFO - [de.616049.xyz (FRA)] 开始处理节点维护
2026-01-26 13:16:40,182 - DEBUG - DNS解析重试中 de.616049.xyz: [Errno -2] Name or service not known
2026-01-26 13:16:41,208 - DEBUG - DNS解析重试中 de.616049.xyz: [Errno -2] Name or service not known
2026-01-26 13:16:42,217 - DEBUG - DNS解析重试中 de.616049.xyz: [Errno -2] Name or service not known
2026-01-26 13:16:43,219 - WARNING - [de.616049.xyz (FRA)] ├─ 无有效DNS记录，触发紧急更新
2026-01-26 13:29:56,910 - ERROR - CFST更新失败: None
2026-01-26 13:29:56,913 - DEBUG - Starting new HTTPS connection (1): api.telegram.org:443
2026-01-26 13:29:57,351 - DEBUG - https://api.telegram.org:443 "POST /bot/sendMessage HTTP/1.1" 404 55
