2026-03-19 12:15:13,702 - INFO - 启动维护任务 | 协议类型: IPV4
2026-03-19 12:15:13,703 - INFO - --------------------------------------------------
2026-03-19 12:15:13,703 - INFO - [hk.616049.xyz (HKG)] 开始处理节点维护
2026-03-19 12:15:13,729 - DEBUG - DNS解析重试中 hk.616049.xyz: [Errno -2] Name or service not known
2026-03-19 12:15:14,753 - DEBUG - DNS解析重试中 hk.616049.xyz: [Errno -2] Name or service not known
2026-03-19 12:15:15,764 - DEBUG - DNS解析重试中 hk.616049.xyz: [Errno -2] Name or service not known
2026-03-19 12:15:16,765 - WARNING - [hk.616049.xyz (HKG)] ├─ 无有效DNS记录，触发紧急更新
2026-03-19 12:28:14,257 - ERROR - CFST更新失败: None
2026-03-19 12:28:14,258 - INFO - --------------------------------------------------
2026-03-19 12:28:14,258 - INFO - [us.616049.xyz (LAX)] 开始处理节点维护
2026-03-19 12:28:14,267 - DEBUG - DNS解析重试中 us.616049.xyz: [Errno -2] Name or service not known
2026-03-19 12:28:15,275 - DEBUG - DNS解析重试中 us.616049.xyz: [Errno -2] Name or service not known
2026-03-19 12:28:16,299 - DEBUG - DNS解析重试中 us.616049.xyz: [Errno -2] Name or service not known
2026-03-19 12:28:17,300 - WARNING - [us.616049.xyz (LAX)] ├─ 无有效DNS记录，触发紧急更新
2026-03-19 12:41:12,855 - ERROR - CFST更新失败: None
2026-03-19 12:41:12,855 - INFO - --------------------------------------------------
2026-03-19 12:41:12,855 - INFO - [de.616049.xyz (FRA)] 开始处理节点维护
2026-03-19 12:41:12,866 - DEBUG - DNS解析重试中 de.616049.xyz: [Errno -2] Name or service not known
2026-03-19 12:41:13,876 - DEBUG - DNS解析重试中 de.616049.xyz: [Errno -2] Name or service not known
2026-03-19 12:41:14,885 - DEBUG - DNS解析重试中 de.616049.xyz: [Errno -2] Name or service not known
2026-03-19 12:41:15,886 - WARNING - [de.616049.xyz (FRA)] ├─ 无有效DNS记录，触发紧急更新
2026-03-19 12:54:10,989 - ERROR - CFST更新失败: None
2026-03-19 12:54:10,993 - DEBUG - Starting new HTTPS connection (1): api.telegram.org:443
2026-03-19 12:54:11,277 - DEBUG - https://api.telegram.org:443 "POST /bot/sendMessage HTTP/1.1" 404 55
