2026-03-08 12:04:13,109 - INFO - 启动维护任务 | 协议类型: IPV4
2026-03-08 12:04:13,109 - INFO - --------------------------------------------------
2026-03-08 12:04:13,109 - INFO - [hk.616049.xyz (HKG)] 开始处理节点维护
2026-03-08 12:04:13,120 - DEBUG - DNS解析重试中 hk.616049.xyz: [Errno -2] Name or service not known
2026-03-08 12:04:14,130 - DEBUG - DNS解析重试中 hk.616049.xyz: [Errno -2] Name or service not known
2026-03-08 12:04:15,140 - DEBUG - DNS解析重试中 hk.616049.xyz: [Errno -2] Name or service not known
2026-03-08 12:04:16,141 - WARNING - [hk.616049.xyz (HKG)] ├─ 无有效DNS记录，触发紧急更新
2026-03-08 12:17:11,163 - ERROR - CFST更新失败: None
2026-03-08 12:17:11,164 - INFO - --------------------------------------------------
2026-03-08 12:17:11,164 - INFO - [us.616049.xyz (LAX)] 开始处理节点维护
2026-03-08 12:17:11,172 - DEBUG - DNS解析重试中 us.616049.xyz: [Errno -2] Name or service not known
2026-03-08 12:17:12,181 - DEBUG - DNS解析重试中 us.616049.xyz: [Errno -2] Name or service not known
2026-03-08 12:17:13,556 - DEBUG - DNS解析重试中 us.616049.xyz: [Errno -2] Name or service not known
2026-03-08 12:17:14,557 - WARNING - [us.616049.xyz (LAX)] ├─ 无有效DNS记录，触发紧急更新
2026-03-08 12:30:09,344 - ERROR - CFST更新失败: None
2026-03-08 12:30:09,344 - INFO - --------------------------------------------------
2026-03-08 12:30:09,344 - INFO - [de.616049.xyz (FRA)] 开始处理节点维护
2026-03-08 12:30:09,356 - DEBUG - DNS解析重试中 de.616049.xyz: [Errno -2] Name or service not known
2026-03-08 12:30:10,366 - DEBUG - DNS解析重试中 de.616049.xyz: [Errno -2] Name or service not known
2026-03-08 12:30:11,374 - DEBUG - DNS解析重试中 de.616049.xyz: [Errno -2] Name or service not known
2026-03-08 12:30:12,375 - WARNING - [de.616049.xyz (FRA)] ├─ 无有效DNS记录，触发紧急更新
2026-03-08 12:43:06,954 - ERROR - CFST更新失败: None
2026-03-08 12:43:06,957 - DEBUG - Starting new HTTPS connection (1): api.telegram.org:443
2026-03-08 12:43:07,239 - DEBUG - https://api.telegram.org:443 "POST /bot/sendMessage HTTP/1.1" 404 55
