2026-07-11 06:52:51,502 - INFO - 启动维护任务 | 协议类型: IPV4
2026-07-11 06:52:51,502 - INFO - --------------------------------------------------
2026-07-11 06:52:51,502 - INFO - [hk.616049.xyz (HKG)] 开始处理节点维护
2026-07-11 06:52:51,551 - DEBUG - DNS解析重试中 hk.616049.xyz: [Errno -5] No address associated with hostname
2026-07-11 06:52:52,601 - DEBUG - DNS解析重试中 hk.616049.xyz: [Errno -5] No address associated with hostname
2026-07-11 06:52:53,650 - DEBUG - DNS解析重试中 hk.616049.xyz: [Errno -5] No address associated with hostname
2026-07-11 06:52:54,651 - WARNING - [hk.616049.xyz (HKG)] ├─ 无有效DNS记录，触发紧急更新
2026-07-11 07:05:07,267 - ERROR - CFST更新失败: None
2026-07-11 07:05:07,267 - INFO - --------------------------------------------------
2026-07-11 07:05:07,267 - INFO - [us.616049.xyz (LAX)] 开始处理节点维护
2026-07-11 07:05:07,302 - DEBUG - DNS解析重试中 us.616049.xyz: [Errno -5] No address associated with hostname
2026-07-11 07:05:08,309 - DEBUG - DNS解析重试中 us.616049.xyz: [Errno -5] No address associated with hostname
2026-07-11 07:05:09,344 - DEBUG - DNS解析重试中 us.616049.xyz: [Errno -5] No address associated with hostname
2026-07-11 07:05:10,346 - WARNING - [us.616049.xyz (LAX)] ├─ 无有效DNS记录，触发紧急更新
2026-07-11 07:17:22,624 - ERROR - CFST更新失败: None
2026-07-11 07:17:22,624 - INFO - --------------------------------------------------
2026-07-11 07:17:22,624 - INFO - [de.616049.xyz (FRA)] 开始处理节点维护
2026-07-11 07:17:22,663 - DEBUG - DNS解析重试中 de.616049.xyz: [Errno -5] No address associated with hostname
2026-07-11 07:17:23,700 - DEBUG - DNS解析重试中 de.616049.xyz: [Errno -5] No address associated with hostname
2026-07-11 07:17:24,756 - DEBUG - DNS解析重试中 de.616049.xyz: [Errno -5] No address associated with hostname
2026-07-11 07:17:25,757 - WARNING - [de.616049.xyz (FRA)] ├─ 无有效DNS记录，触发紧急更新
2026-07-11 07:29:38,060 - ERROR - CFST更新失败: None
2026-07-11 07:29:38,063 - DEBUG - Starting new HTTPS connection (1): api.telegram.org:443
2026-07-11 07:29:38,492 - DEBUG - https://api.telegram.org:443 "POST /bot/sendMessage HTTP/1.1" 404 55
