2026-07-11 17:18:57,810 - INFO - 启动维护任务 | 协议类型: IPV4
2026-07-11 17:18:57,810 - INFO - --------------------------------------------------
2026-07-11 17:18:57,810 - INFO - [hk.616049.xyz (HKG)] 开始处理节点维护
2026-07-11 17:18:57,830 - DEBUG - DNS解析重试中 hk.616049.xyz: [Errno -5] No address associated with hostname
2026-07-11 17:18:58,843 - DEBUG - DNS解析重试中 hk.616049.xyz: [Errno -5] No address associated with hostname
2026-07-11 17:18:59,865 - DEBUG - DNS解析重试中 hk.616049.xyz: [Errno -5] No address associated with hostname
2026-07-11 17:19:00,866 - WARNING - [hk.616049.xyz (HKG)] ├─ 无有效DNS记录，触发紧急更新
2026-07-11 17:31:31,175 - ERROR - CFST更新失败: None
2026-07-11 17:31:31,176 - INFO - --------------------------------------------------
2026-07-11 17:31:31,176 - INFO - [us.616049.xyz (LAX)] 开始处理节点维护
2026-07-11 17:31:31,200 - DEBUG - DNS解析重试中 us.616049.xyz: [Errno -5] No address associated with hostname
2026-07-11 17:31:32,233 - DEBUG - DNS解析重试中 us.616049.xyz: [Errno -5] No address associated with hostname
2026-07-11 17:31:33,247 - DEBUG - DNS解析重试中 us.616049.xyz: [Errno -5] No address associated with hostname
2026-07-11 17:31:34,248 - WARNING - [us.616049.xyz (LAX)] ├─ 无有效DNS记录，触发紧急更新
2026-07-11 17:44:04,924 - ERROR - CFST更新失败: None
2026-07-11 17:44:04,925 - INFO - --------------------------------------------------
2026-07-11 17:44:04,925 - INFO - [de.616049.xyz (FRA)] 开始处理节点维护
2026-07-11 17:44:04,941 - DEBUG - DNS解析重试中 de.616049.xyz: [Errno -5] No address associated with hostname
2026-07-11 17:44:05,959 - DEBUG - DNS解析重试中 de.616049.xyz: [Errno -5] No address associated with hostname
2026-07-11 17:44:07,015 - DEBUG - DNS解析重试中 de.616049.xyz: [Errno -5] No address associated with hostname
2026-07-11 17:44:08,017 - WARNING - [de.616049.xyz (FRA)] ├─ 无有效DNS记录，触发紧急更新
2026-07-11 17:56:39,192 - ERROR - CFST更新失败: None
2026-07-11 17:56:39,195 - DEBUG - Starting new HTTPS connection (1): api.telegram.org:443
2026-07-11 17:56:39,474 - DEBUG - https://api.telegram.org:443 "POST /bot/sendMessage HTTP/1.1" 404 55
