2026-05-21 15:42:16,599 - INFO - 启动维护任务 | 协议类型: IPV4
2026-05-21 15:42:16,599 - INFO - --------------------------------------------------
2026-05-21 15:42:16,599 - INFO - [hk.616049.xyz (HKG)] 开始处理节点维护
2026-05-21 15:42:16,608 - DEBUG - DNS解析重试中 hk.616049.xyz: [Errno -2] Name or service not known
2026-05-21 15:42:17,629 - DEBUG - DNS解析重试中 hk.616049.xyz: [Errno -2] Name or service not known
2026-05-21 15:42:18,638 - DEBUG - DNS解析重试中 hk.616049.xyz: [Errno -2] Name or service not known
2026-05-21 15:42:19,640 - WARNING - [hk.616049.xyz (HKG)] ├─ 无有效DNS记录，触发紧急更新
2026-05-21 15:55:12,181 - ERROR - CFST更新失败: None
2026-05-21 15:55:12,181 - INFO - --------------------------------------------------
2026-05-21 15:55:12,181 - INFO - [us.616049.xyz (LAX)] 开始处理节点维护
2026-05-21 15:55:12,194 - DEBUG - DNS解析重试中 us.616049.xyz: [Errno -2] Name or service not known
2026-05-21 15:55:13,203 - DEBUG - DNS解析重试中 us.616049.xyz: [Errno -2] Name or service not known
2026-05-21 15:55:14,214 - DEBUG - DNS解析重试中 us.616049.xyz: [Errno -2] Name or service not known
2026-05-21 15:55:15,215 - WARNING - [us.616049.xyz (LAX)] ├─ 无有效DNS记录，触发紧急更新
2026-05-21 16:08:07,563 - ERROR - CFST更新失败: None
2026-05-21 16:08:07,563 - INFO - --------------------------------------------------
2026-05-21 16:08:07,563 - INFO - [de.616049.xyz (FRA)] 开始处理节点维护
2026-05-21 16:08:07,570 - DEBUG - DNS解析重试中 de.616049.xyz: [Errno -2] Name or service not known
2026-05-21 16:08:08,577 - DEBUG - DNS解析重试中 de.616049.xyz: [Errno -2] Name or service not known
2026-05-21 16:08:09,585 - DEBUG - DNS解析重试中 de.616049.xyz: [Errno -2] Name or service not known
2026-05-21 16:08:10,586 - WARNING - [de.616049.xyz (FRA)] ├─ 无有效DNS记录，触发紧急更新
2026-05-21 16:21:02,652 - ERROR - CFST更新失败: None
2026-05-21 16:21:02,656 - DEBUG - Starting new HTTPS connection (1): api.telegram.org:443
2026-05-21 16:21:03,122 - DEBUG - https://api.telegram.org:443 "POST /bot/sendMessage HTTP/1.1" 404 55
