2026-04-14 09:51:26,209 - INFO - 启动维护任务 | 协议类型: IPV4
2026-04-14 09:51:26,209 - INFO - --------------------------------------------------
2026-04-14 09:51:26,209 - INFO - [hk.616049.xyz (HKG)] 开始处理节点维护
2026-04-14 09:51:26,224 - DEBUG - DNS解析重试中 hk.616049.xyz: [Errno -2] Name or service not known
2026-04-14 09:51:27,236 - DEBUG - DNS解析重试中 hk.616049.xyz: [Errno -2] Name or service not known
2026-04-14 09:51:28,259 - DEBUG - DNS解析重试中 hk.616049.xyz: [Errno -2] Name or service not known
2026-04-14 09:51:29,260 - WARNING - [hk.616049.xyz (HKG)] ├─ 无有效DNS记录，触发紧急更新
2026-04-14 10:04:25,401 - ERROR - CFST更新失败: None
2026-04-14 10:04:25,402 - INFO - --------------------------------------------------
2026-04-14 10:04:25,402 - INFO - [us.616049.xyz (LAX)] 开始处理节点维护
2026-04-14 10:04:25,418 - DEBUG - DNS解析重试中 us.616049.xyz: [Errno -2] Name or service not known
2026-04-14 10:04:26,436 - DEBUG - DNS解析重试中 us.616049.xyz: [Errno -2] Name or service not known
2026-04-14 10:04:27,443 - DEBUG - DNS解析重试中 us.616049.xyz: [Errno -2] Name or service not known
2026-04-14 10:04:28,444 - WARNING - [us.616049.xyz (LAX)] ├─ 无有效DNS记录，触发紧急更新
2026-04-14 10:17:22,947 - ERROR - CFST更新失败: None
2026-04-14 10:17:22,948 - INFO - --------------------------------------------------
2026-04-14 10:17:22,948 - INFO - [de.616049.xyz (FRA)] 开始处理节点维护
2026-04-14 10:17:22,972 - DEBUG - DNS解析重试中 de.616049.xyz: [Errno -2] Name or service not known
2026-04-14 10:17:23,987 - DEBUG - DNS解析重试中 de.616049.xyz: [Errno -2] Name or service not known
2026-04-14 10:17:25,004 - DEBUG - DNS解析重试中 de.616049.xyz: [Errno -2] Name or service not known
2026-04-14 10:17:26,005 - WARNING - [de.616049.xyz (FRA)] ├─ 无有效DNS记录，触发紧急更新
2026-04-14 10:30:20,581 - ERROR - CFST更新失败: None
2026-04-14 10:30:20,584 - DEBUG - Starting new HTTPS connection (1): api.telegram.org:443
2026-04-14 10:30:20,880 - DEBUG - https://api.telegram.org:443 "POST /bot/sendMessage HTTP/1.1" 404 55
