2026-05-17 22:49:57,876 - INFO - 启动维护任务 | 协议类型: IPV4
2026-05-17 22:49:57,876 - INFO - --------------------------------------------------
2026-05-17 22:49:57,876 - INFO - [hk.616049.xyz (HKG)] 开始处理节点维护
2026-05-17 22:49:57,906 - DEBUG - DNS解析重试中 hk.616049.xyz: [Errno -2] Name or service not known
2026-05-17 22:49:58,923 - DEBUG - DNS解析重试中 hk.616049.xyz: [Errno -2] Name or service not known
2026-05-17 22:49:59,939 - DEBUG - DNS解析重试中 hk.616049.xyz: [Errno -2] Name or service not known
2026-05-17 22:50:00,941 - WARNING - [hk.616049.xyz (HKG)] ├─ 无有效DNS记录，触发紧急更新
2026-05-17 23:03:04,257 - ERROR - CFST更新失败: None
2026-05-17 23:03:04,257 - INFO - --------------------------------------------------
2026-05-17 23:03:04,257 - INFO - [us.616049.xyz (LAX)] 开始处理节点维护
2026-05-17 23:03:04,271 - DEBUG - DNS解析重试中 us.616049.xyz: [Errno -2] Name or service not known
2026-05-17 23:03:05,302 - DEBUG - DNS解析重试中 us.616049.xyz: [Errno -2] Name or service not known
2026-05-17 23:03:06,318 - DEBUG - DNS解析重试中 us.616049.xyz: [Errno -2] Name or service not known
2026-05-17 23:03:07,319 - WARNING - [us.616049.xyz (LAX)] ├─ 无有效DNS记录，触发紧急更新
2026-05-17 23:16:10,868 - ERROR - CFST更新失败: None
2026-05-17 23:16:10,868 - INFO - --------------------------------------------------
2026-05-17 23:16:10,868 - INFO - [de.616049.xyz (FRA)] 开始处理节点维护
2026-05-17 23:16:10,951 - DEBUG - DNS解析重试中 de.616049.xyz: [Errno -2] Name or service not known
2026-05-17 23:16:11,971 - DEBUG - DNS解析重试中 de.616049.xyz: [Errno -2] Name or service not known
2026-05-17 23:16:12,989 - DEBUG - DNS解析重试中 de.616049.xyz: [Errno -2] Name or service not known
2026-05-17 23:16:13,991 - WARNING - [de.616049.xyz (FRA)] ├─ 无有效DNS记录，触发紧急更新
2026-05-17 23:29:12,725 - ERROR - CFST更新失败: None
2026-05-17 23:29:12,729 - DEBUG - Starting new HTTPS connection (1): api.telegram.org:443
2026-05-17 23:29:13,023 - DEBUG - https://api.telegram.org:443 "POST /bot/sendMessage HTTP/1.1" 404 55
