2026-04-20 17:51:10,653 - INFO - 启动维护任务 | 协议类型: IPV4
2026-04-20 17:51:10,653 - INFO - --------------------------------------------------
2026-04-20 17:51:10,653 - INFO - [hk.616049.xyz (HKG)] 开始处理节点维护
2026-04-20 17:51:10,672 - DEBUG - DNS解析重试中 hk.616049.xyz: [Errno -2] Name or service not known
2026-04-20 17:51:11,691 - DEBUG - DNS解析重试中 hk.616049.xyz: [Errno -2] Name or service not known
2026-04-20 17:51:12,715 - DEBUG - DNS解析重试中 hk.616049.xyz: [Errno -2] Name or service not known
2026-04-20 17:51:13,717 - WARNING - [hk.616049.xyz (HKG)] ├─ 无有效DNS记录，触发紧急更新
2026-04-20 18:04:07,744 - ERROR - CFST更新失败: None
2026-04-20 18:04:07,744 - INFO - --------------------------------------------------
2026-04-20 18:04:07,744 - INFO - [us.616049.xyz (LAX)] 开始处理节点维护
2026-04-20 18:04:07,766 - DEBUG - DNS解析重试中 us.616049.xyz: [Errno -2] Name or service not known
2026-04-20 18:04:08,797 - DEBUG - DNS解析重试中 us.616049.xyz: [Errno -2] Name or service not known
2026-04-20 18:04:09,830 - DEBUG - DNS解析重试中 us.616049.xyz: [Errno -2] Name or service not known
2026-04-20 18:04:10,831 - WARNING - [us.616049.xyz (LAX)] ├─ 无有效DNS记录，触发紧急更新
2026-04-20 18:17:04,987 - ERROR - CFST更新失败: None
2026-04-20 18:17:04,987 - INFO - --------------------------------------------------
2026-04-20 18:17:04,987 - INFO - [de.616049.xyz (FRA)] 开始处理节点维护
2026-04-20 18:17:05,001 - DEBUG - DNS解析重试中 de.616049.xyz: [Errno -2] Name or service not known
2026-04-20 18:17:06,021 - DEBUG - DNS解析重试中 de.616049.xyz: [Errno -2] Name or service not known
2026-04-20 18:17:07,051 - DEBUG - DNS解析重试中 de.616049.xyz: [Errno -2] Name or service not known
2026-04-20 18:17:08,052 - WARNING - [de.616049.xyz (FRA)] ├─ 无有效DNS记录，触发紧急更新
2026-04-20 18:30:02,098 - ERROR - CFST更新失败: None
2026-04-20 18:30:02,101 - DEBUG - Starting new HTTPS connection (1): api.telegram.org:443
2026-04-20 18:30:02,572 - DEBUG - https://api.telegram.org:443 "POST /bot/sendMessage HTTP/1.1" 404 55
