2026-04-14 00:55:50,115 - INFO - 启动维护任务 | 协议类型: IPV4
2026-04-14 00:55:50,115 - INFO - --------------------------------------------------
2026-04-14 00:55:50,115 - INFO - [hk.616049.xyz (HKG)] 开始处理节点维护
2026-04-14 00:55:50,134 - DEBUG - DNS解析重试中 hk.616049.xyz: [Errno -2] Name or service not known
2026-04-14 00:55:51,164 - DEBUG - DNS解析重试中 hk.616049.xyz: [Errno -2] Name or service not known
2026-04-14 00:55:52,184 - DEBUG - DNS解析重试中 hk.616049.xyz: [Errno -2] Name or service not known
2026-04-14 00:55:53,185 - WARNING - [hk.616049.xyz (HKG)] ├─ 无有效DNS记录，触发紧急更新
2026-04-14 01:08:47,260 - ERROR - CFST更新失败: None
2026-04-14 01:08:47,260 - INFO - --------------------------------------------------
2026-04-14 01:08:47,261 - INFO - [us.616049.xyz (LAX)] 开始处理节点维护
2026-04-14 01:08:47,269 - DEBUG - DNS解析重试中 us.616049.xyz: [Errno -2] Name or service not known
2026-04-14 01:08:48,299 - DEBUG - DNS解析重试中 us.616049.xyz: [Errno -2] Name or service not known
2026-04-14 01:08:49,311 - DEBUG - DNS解析重试中 us.616049.xyz: [Errno -2] Name or service not known
2026-04-14 01:08:50,312 - WARNING - [us.616049.xyz (LAX)] ├─ 无有效DNS记录，触发紧急更新
2026-04-14 01:21:43,795 - ERROR - CFST更新失败: None
2026-04-14 01:21:43,796 - INFO - --------------------------------------------------
2026-04-14 01:21:43,796 - INFO - [de.616049.xyz (FRA)] 开始处理节点维护
2026-04-14 01:21:43,804 - DEBUG - DNS解析重试中 de.616049.xyz: [Errno -2] Name or service not known
2026-04-14 01:21:44,816 - DEBUG - DNS解析重试中 de.616049.xyz: [Errno -2] Name or service not known
2026-04-14 01:21:45,835 - DEBUG - DNS解析重试中 de.616049.xyz: [Errno -2] Name or service not known
2026-04-14 01:21:46,836 - WARNING - [de.616049.xyz (FRA)] ├─ 无有效DNS记录，触发紧急更新
2026-04-14 01:34:41,455 - ERROR - CFST更新失败: None
2026-04-14 01:34:41,458 - DEBUG - Starting new HTTPS connection (1): api.telegram.org:443
2026-04-14 01:34:41,755 - DEBUG - https://api.telegram.org:443 "POST /bot/sendMessage HTTP/1.1" 404 55
