2026-06-10 20:49:14,254 - INFO - 启动维护任务 | 协议类型: IPV4
2026-06-10 20:49:14,254 - INFO - --------------------------------------------------
2026-06-10 20:49:14,254 - INFO - [hk.616049.xyz (HKG)] 开始处理节点维护
2026-06-10 20:49:14,295 - DEBUG - DNS解析重试中 hk.616049.xyz: [Errno -2] Name or service not known
2026-06-10 20:49:15,320 - DEBUG - DNS解析重试中 hk.616049.xyz: [Errno -2] Name or service not known
2026-06-10 20:49:16,358 - DEBUG - DNS解析重试中 hk.616049.xyz: [Errno -2] Name or service not known
2026-06-10 20:49:17,359 - WARNING - [hk.616049.xyz (HKG)] ├─ 无有效DNS记录，触发紧急更新
2026-06-10 21:01:10,559 - ERROR - CFST更新失败: None
2026-06-10 21:01:10,560 - INFO - --------------------------------------------------
2026-06-10 21:01:10,560 - INFO - [us.616049.xyz (LAX)] 开始处理节点维护
2026-06-10 21:01:10,592 - DEBUG - DNS解析重试中 us.616049.xyz: [Errno -2] Name or service not known
2026-06-10 21:01:11,644 - DEBUG - DNS解析重试中 us.616049.xyz: [Errno -2] Name or service not known
2026-06-10 21:01:12,670 - DEBUG - DNS解析重试中 us.616049.xyz: [Errno -2] Name or service not known
2026-06-10 21:01:13,672 - WARNING - [us.616049.xyz (LAX)] ├─ 无有效DNS记录，触发紧急更新
2026-06-10 21:13:06,380 - ERROR - CFST更新失败: None
2026-06-10 21:13:06,380 - INFO - --------------------------------------------------
2026-06-10 21:13:06,380 - INFO - [de.616049.xyz (FRA)] 开始处理节点维护
2026-06-10 21:13:06,401 - DEBUG - DNS解析重试中 de.616049.xyz: [Errno -2] Name or service not known
2026-06-10 21:13:07,434 - DEBUG - DNS解析重试中 de.616049.xyz: [Errno -2] Name or service not known
2026-06-10 21:13:08,469 - DEBUG - DNS解析重试中 de.616049.xyz: [Errno -2] Name or service not known
2026-06-10 21:13:09,470 - WARNING - [de.616049.xyz (FRA)] ├─ 无有效DNS记录，触发紧急更新
2026-06-10 21:25:07,693 - ERROR - CFST更新失败: None
2026-06-10 21:25:07,696 - DEBUG - Starting new HTTPS connection (1): api.telegram.org:443
2026-06-10 21:25:08,137 - DEBUG - https://api.telegram.org:443 "POST /bot/sendMessage HTTP/1.1" 404 55
