2026-02-07 06:15:22,407 - INFO - 启动维护任务 | 协议类型: IPV4
2026-02-07 06:15:22,407 - INFO - --------------------------------------------------
2026-02-07 06:15:22,407 - INFO - [hk.616049.xyz (HKG)] 开始处理节点维护
2026-02-07 06:15:22,418 - DEBUG - DNS解析重试中 hk.616049.xyz: [Errno -2] Name or service not known
2026-02-07 06:15:23,430 - DEBUG - DNS解析重试中 hk.616049.xyz: [Errno -2] Name or service not known
2026-02-07 06:15:24,461 - DEBUG - DNS解析重试中 hk.616049.xyz: [Errno -2] Name or service not known
2026-02-07 06:15:25,462 - WARNING - [hk.616049.xyz (HKG)] ├─ 无有效DNS记录，触发紧急更新
2026-02-07 06:28:24,456 - ERROR - CFST更新失败: None
2026-02-07 06:28:24,456 - INFO - --------------------------------------------------
2026-02-07 06:28:24,456 - INFO - [us.616049.xyz (LAX)] 开始处理节点维护
2026-02-07 06:28:24,470 - DEBUG - DNS解析重试中 us.616049.xyz: [Errno -2] Name or service not known
2026-02-07 06:28:25,483 - DEBUG - DNS解析重试中 us.616049.xyz: [Errno -2] Name or service not known
2026-02-07 06:28:26,494 - DEBUG - DNS解析重试中 us.616049.xyz: [Errno -2] Name or service not known
2026-02-07 06:28:27,496 - WARNING - [us.616049.xyz (LAX)] ├─ 无有效DNS记录，触发紧急更新
2026-02-07 06:41:23,857 - ERROR - CFST更新失败: None
2026-02-07 06:41:23,857 - INFO - --------------------------------------------------
2026-02-07 06:41:23,857 - INFO - [de.616049.xyz (FRA)] 开始处理节点维护
2026-02-07 06:41:23,868 - DEBUG - DNS解析重试中 de.616049.xyz: [Errno -2] Name or service not known
2026-02-07 06:41:24,891 - DEBUG - DNS解析重试中 de.616049.xyz: [Errno -2] Name or service not known
2026-02-07 06:41:25,909 - DEBUG - DNS解析重试中 de.616049.xyz: [Errno -2] Name or service not known
2026-02-07 06:41:26,910 - WARNING - [de.616049.xyz (FRA)] ├─ 无有效DNS记录，触发紧急更新
2026-02-07 06:54:23,313 - ERROR - CFST更新失败: None
2026-02-07 06:54:23,316 - DEBUG - Starting new HTTPS connection (1): api.telegram.org:443
2026-02-07 06:54:23,609 - DEBUG - https://api.telegram.org:443 "POST /bot/sendMessage HTTP/1.1" 404 55
