2026-04-01 02:50:51,983 - INFO - 启动维护任务 | 协议类型: IPV4
2026-04-01 02:50:51,983 - INFO - --------------------------------------------------
2026-04-01 02:50:51,983 - INFO - [hk.616049.xyz (HKG)] 开始处理节点维护
2026-04-01 02:50:51,993 - DEBUG - DNS解析重试中 hk.616049.xyz: [Errno -2] Name or service not known
2026-04-01 02:50:53,005 - DEBUG - DNS解析重试中 hk.616049.xyz: [Errno -2] Name or service not known
2026-04-01 02:50:54,010 - DEBUG - DNS解析重试中 hk.616049.xyz: [Errno -2] Name or service not known
2026-04-01 02:50:55,012 - WARNING - [hk.616049.xyz (HKG)] ├─ 无有效DNS记录，触发紧急更新
2026-04-01 03:03:54,065 - ERROR - CFST更新失败: None
2026-04-01 03:03:54,066 - INFO - --------------------------------------------------
2026-04-01 03:03:54,066 - INFO - [us.616049.xyz (LAX)] 开始处理节点维护
2026-04-01 03:03:54,081 - DEBUG - DNS解析重试中 us.616049.xyz: [Errno -2] Name or service not known
2026-04-01 03:03:55,092 - DEBUG - DNS解析重试中 us.616049.xyz: [Errno -2] Name or service not known
2026-04-01 03:03:56,098 - DEBUG - DNS解析重试中 us.616049.xyz: [Errno -2] Name or service not known
2026-04-01 03:03:57,100 - WARNING - [us.616049.xyz (LAX)] ├─ 无有效DNS记录，触发紧急更新
2026-04-01 03:16:54,978 - ERROR - CFST更新失败: None
2026-04-01 03:16:54,978 - INFO - --------------------------------------------------
2026-04-01 03:16:54,979 - INFO - [de.616049.xyz (FRA)] 开始处理节点维护
2026-04-01 03:16:54,990 - DEBUG - DNS解析重试中 de.616049.xyz: [Errno -2] Name or service not known
2026-04-01 03:16:56,007 - DEBUG - DNS解析重试中 de.616049.xyz: [Errno -2] Name or service not known
2026-04-01 03:16:57,017 - DEBUG - DNS解析重试中 de.616049.xyz: [Errno -2] Name or service not known
2026-04-01 03:16:58,019 - WARNING - [de.616049.xyz (FRA)] ├─ 无有效DNS记录，触发紧急更新
2026-04-01 03:29:53,313 - ERROR - CFST更新失败: None
2026-04-01 03:29:53,317 - DEBUG - Starting new HTTPS connection (1): api.telegram.org:443
2026-04-01 03:29:53,614 - DEBUG - https://api.telegram.org:443 "POST /bot/sendMessage HTTP/1.1" 404 55
