2026-03-23 20:46:53,754 - INFO - 启动维护任务 | 协议类型: IPV4
2026-03-23 20:46:53,755 - INFO - --------------------------------------------------
2026-03-23 20:46:53,755 - INFO - [hk.616049.xyz (HKG)] 开始处理节点维护
2026-03-23 20:46:53,792 - DEBUG - DNS解析重试中 hk.616049.xyz: [Errno -2] Name or service not known
2026-03-23 20:46:54,824 - DEBUG - DNS解析重试中 hk.616049.xyz: [Errno -2] Name or service not known
2026-03-23 20:46:55,830 - DEBUG - DNS解析重试中 hk.616049.xyz: [Errno -2] Name or service not known
2026-03-23 20:46:56,832 - WARNING - [hk.616049.xyz (HKG)] ├─ 无有效DNS记录，触发紧急更新
2026-03-23 20:59:54,170 - ERROR - CFST更新失败: None
2026-03-23 20:59:54,171 - INFO - --------------------------------------------------
2026-03-23 20:59:54,171 - INFO - [us.616049.xyz (LAX)] 开始处理节点维护
2026-03-23 20:59:54,201 - DEBUG - DNS解析重试中 us.616049.xyz: [Errno -2] Name or service not known
2026-03-23 20:59:55,232 - DEBUG - DNS解析重试中 us.616049.xyz: [Errno -2] Name or service not known
2026-03-23 20:59:56,268 - DEBUG - DNS解析重试中 us.616049.xyz: [Errno -2] Name or service not known
2026-03-23 20:59:57,269 - WARNING - [us.616049.xyz (LAX)] ├─ 无有效DNS记录，触发紧急更新
2026-03-23 21:12:54,306 - ERROR - CFST更新失败: None
2026-03-23 21:12:54,306 - INFO - --------------------------------------------------
2026-03-23 21:12:54,307 - INFO - [de.616049.xyz (FRA)] 开始处理节点维护
2026-03-23 21:12:54,337 - DEBUG - DNS解析重试中 de.616049.xyz: [Errno -2] Name or service not known
2026-03-23 21:12:55,377 - DEBUG - DNS解析重试中 de.616049.xyz: [Errno -2] Name or service not known
2026-03-23 21:12:56,409 - DEBUG - DNS解析重试中 de.616049.xyz: [Errno -2] Name or service not known
2026-03-23 21:12:57,410 - WARNING - [de.616049.xyz (FRA)] ├─ 无有效DNS记录，触发紧急更新
2026-03-23 21:25:54,706 - ERROR - CFST更新失败: None
2026-03-23 21:25:54,710 - DEBUG - Starting new HTTPS connection (1): api.telegram.org:443
2026-03-23 21:25:55,142 - DEBUG - https://api.telegram.org:443 "POST /bot/sendMessage HTTP/1.1" 404 55
