2026-05-16 01:26:38,441 - INFO - 启动维护任务 | 协议类型: IPV4
2026-05-16 01:26:38,442 - INFO - --------------------------------------------------
2026-05-16 01:26:38,442 - INFO - [hk.616049.xyz (HKG)] 开始处理节点维护
2026-05-16 01:26:38,456 - DEBUG - DNS解析重试中 hk.616049.xyz: [Errno -2] Name or service not known
2026-05-16 01:26:39,464 - DEBUG - DNS解析重试中 hk.616049.xyz: [Errno -2] Name or service not known
2026-05-16 01:26:40,479 - DEBUG - DNS解析重试中 hk.616049.xyz: [Errno -2] Name or service not known
2026-05-16 01:26:41,481 - WARNING - [hk.616049.xyz (HKG)] ├─ 无有效DNS记录，触发紧急更新
2026-05-16 01:39:35,329 - ERROR - CFST更新失败: None
2026-05-16 01:39:35,329 - INFO - --------------------------------------------------
2026-05-16 01:39:35,329 - INFO - [us.616049.xyz (LAX)] 开始处理节点维护
2026-05-16 01:39:35,337 - DEBUG - DNS解析重试中 us.616049.xyz: [Errno -2] Name or service not known
2026-05-16 01:39:36,344 - DEBUG - DNS解析重试中 us.616049.xyz: [Errno -2] Name or service not known
2026-05-16 01:39:37,352 - DEBUG - DNS解析重试中 us.616049.xyz: [Errno -2] Name or service not known
2026-05-16 01:39:38,353 - WARNING - [us.616049.xyz (LAX)] ├─ 无有效DNS记录，触发紧急更新
2026-05-16 01:52:32,096 - ERROR - CFST更新失败: None
2026-05-16 01:52:32,097 - INFO - --------------------------------------------------
2026-05-16 01:52:32,097 - INFO - [de.616049.xyz (FRA)] 开始处理节点维护
2026-05-16 01:52:32,103 - DEBUG - DNS解析重试中 de.616049.xyz: [Errno -2] Name or service not known
2026-05-16 01:52:33,110 - DEBUG - DNS解析重试中 de.616049.xyz: [Errno -2] Name or service not known
2026-05-16 01:52:34,117 - DEBUG - DNS解析重试中 de.616049.xyz: [Errno -2] Name or service not known
2026-05-16 01:52:35,119 - WARNING - [de.616049.xyz (FRA)] ├─ 无有效DNS记录，触发紧急更新
2026-05-16 02:05:29,403 - ERROR - CFST更新失败: None
2026-05-16 02:05:29,407 - DEBUG - Starting new HTTPS connection (1): api.telegram.org:443
2026-05-16 02:05:29,905 - DEBUG - https://api.telegram.org:443 "POST /bot/sendMessage HTTP/1.1" 404 55
