2026-06-03 22:21:57,050 - INFO - 启动维护任务 | 协议类型: IPV4
2026-06-03 22:21:57,050 - INFO - --------------------------------------------------
2026-06-03 22:21:57,050 - INFO - [hk.616049.xyz (HKG)] 开始处理节点维护
2026-06-03 22:21:57,057 - DEBUG - DNS解析重试中 hk.616049.xyz: [Errno -2] Name or service not known
2026-06-03 22:21:58,140 - DEBUG - DNS解析重试中 hk.616049.xyz: [Errno -2] Name or service not known
2026-06-03 22:21:59,161 - DEBUG - DNS解析重试中 hk.616049.xyz: [Errno -2] Name or service not known
2026-06-03 22:22:00,163 - WARNING - [hk.616049.xyz (HKG)] ├─ 无有效DNS记录，触发紧急更新
2026-06-03 22:34:37,250 - ERROR - CFST更新失败: None
2026-06-03 22:34:37,250 - INFO - --------------------------------------------------
2026-06-03 22:34:37,250 - INFO - [us.616049.xyz (LAX)] 开始处理节点维护
2026-06-03 22:34:37,258 - DEBUG - DNS解析重试中 us.616049.xyz: [Errno -2] Name or service not known
2026-06-03 22:34:38,273 - DEBUG - DNS解析重试中 us.616049.xyz: [Errno -2] Name or service not known
2026-06-03 22:34:39,296 - DEBUG - DNS解析重试中 us.616049.xyz: [Errno -2] Name or service not known
2026-06-03 22:34:40,297 - WARNING - [us.616049.xyz (LAX)] ├─ 无有效DNS记录，触发紧急更新
2026-06-03 22:47:17,440 - ERROR - CFST更新失败: None
2026-06-03 22:47:17,441 - INFO - --------------------------------------------------
2026-06-03 22:47:17,441 - INFO - [de.616049.xyz (FRA)] 开始处理节点维护
2026-06-03 22:47:17,449 - DEBUG - DNS解析重试中 de.616049.xyz: [Errno -2] Name or service not known
2026-06-03 22:47:18,462 - DEBUG - DNS解析重试中 de.616049.xyz: [Errno -2] Name or service not known
2026-06-03 22:47:19,471 - DEBUG - DNS解析重试中 de.616049.xyz: [Errno -2] Name or service not known
2026-06-03 22:47:20,472 - WARNING - [de.616049.xyz (FRA)] ├─ 无有效DNS记录，触发紧急更新
2026-06-03 22:59:55,638 - ERROR - CFST更新失败: None
2026-06-03 22:59:55,641 - DEBUG - Starting new HTTPS connection (1): api.telegram.org:443
2026-06-03 22:59:56,167 - DEBUG - https://api.telegram.org:443 "POST /bot/sendMessage HTTP/1.1" 404 55
