2026-02-05 12:07:32,022 - INFO - 启动维护任务 | 协议类型: IPV4
2026-02-05 12:07:32,022 - INFO - --------------------------------------------------
2026-02-05 12:07:32,022 - INFO - [hk.616049.xyz (HKG)] 开始处理节点维护
2026-02-05 12:07:32,059 - DEBUG - DNS解析重试中 hk.616049.xyz: [Errno -2] Name or service not known
2026-02-05 12:07:33,092 - DEBUG - DNS解析重试中 hk.616049.xyz: [Errno -2] Name or service not known
2026-02-05 12:07:34,123 - DEBUG - DNS解析重试中 hk.616049.xyz: [Errno -2] Name or service not known
2026-02-05 12:07:35,124 - WARNING - [hk.616049.xyz (HKG)] ├─ 无有效DNS记录，触发紧急更新
2026-02-05 12:20:34,066 - ERROR - CFST更新失败: None
2026-02-05 12:20:34,066 - INFO - --------------------------------------------------
2026-02-05 12:20:34,067 - INFO - [us.616049.xyz (LAX)] 开始处理节点维护
2026-02-05 12:20:34,095 - DEBUG - DNS解析重试中 us.616049.xyz: [Errno -2] Name or service not known
2026-02-05 12:20:35,128 - DEBUG - DNS解析重试中 us.616049.xyz: [Errno -2] Name or service not known
2026-02-05 12:20:36,135 - DEBUG - DNS解析重试中 us.616049.xyz: [Errno -2] Name or service not known
2026-02-05 12:20:37,136 - WARNING - [us.616049.xyz (LAX)] ├─ 无有效DNS记录，触发紧急更新
2026-02-05 12:33:34,651 - ERROR - CFST更新失败: None
2026-02-05 12:33:34,651 - INFO - --------------------------------------------------
2026-02-05 12:33:34,651 - INFO - [de.616049.xyz (FRA)] 开始处理节点维护
2026-02-05 12:33:34,682 - DEBUG - DNS解析重试中 de.616049.xyz: [Errno -2] Name or service not known
2026-02-05 12:33:35,718 - DEBUG - DNS解析重试中 de.616049.xyz: [Errno -2] Name or service not known
2026-02-05 12:33:36,747 - DEBUG - DNS解析重试中 de.616049.xyz: [Errno -2] Name or service not known
2026-02-05 12:33:37,748 - WARNING - [de.616049.xyz (FRA)] ├─ 无有效DNS记录，触发紧急更新
2026-02-05 12:46:35,897 - ERROR - CFST更新失败: None
2026-02-05 12:46:35,900 - DEBUG - Starting new HTTPS connection (1): api.telegram.org:443
2026-02-05 12:46:36,328 - DEBUG - https://api.telegram.org:443 "POST /bot/sendMessage HTTP/1.1" 404 55
