2026-03-09 12:09:50,413 - INFO - 启动维护任务 | 协议类型: IPV4
2026-03-09 12:09:50,413 - INFO - --------------------------------------------------
2026-03-09 12:09:50,413 - INFO - [hk.616049.xyz (HKG)] 开始处理节点维护
2026-03-09 12:09:50,440 - DEBUG - DNS解析重试中 hk.616049.xyz: [Errno -2] Name or service not known
2026-03-09 12:09:51,460 - DEBUG - DNS解析重试中 hk.616049.xyz: [Errno -2] Name or service not known
2026-03-09 12:09:52,478 - DEBUG - DNS解析重试中 hk.616049.xyz: [Errno -2] Name or service not known
2026-03-09 12:09:53,480 - WARNING - [hk.616049.xyz (HKG)] ├─ 无有效DNS记录，触发紧急更新
2026-03-09 12:22:49,020 - ERROR - CFST更新失败: None
2026-03-09 12:22:49,021 - INFO - --------------------------------------------------
2026-03-09 12:22:49,021 - INFO - [us.616049.xyz (LAX)] 开始处理节点维护
2026-03-09 12:22:49,032 - DEBUG - DNS解析重试中 us.616049.xyz: [Errno -2] Name or service not known
2026-03-09 12:22:50,047 - DEBUG - DNS解析重试中 us.616049.xyz: [Errno -2] Name or service not known
2026-03-09 12:22:51,059 - DEBUG - DNS解析重试中 us.616049.xyz: [Errno -2] Name or service not known
2026-03-09 12:22:52,060 - WARNING - [us.616049.xyz (LAX)] ├─ 无有效DNS记录，触发紧急更新
2026-03-09 12:35:47,081 - ERROR - CFST更新失败: None
2026-03-09 12:35:47,082 - INFO - --------------------------------------------------
2026-03-09 12:35:47,082 - INFO - [de.616049.xyz (FRA)] 开始处理节点维护
2026-03-09 12:35:47,102 - DEBUG - DNS解析重试中 de.616049.xyz: [Errno -2] Name or service not known
2026-03-09 12:35:48,114 - DEBUG - DNS解析重试中 de.616049.xyz: [Errno -2] Name or service not known
2026-03-09 12:35:49,155 - DEBUG - DNS解析重试中 de.616049.xyz: [Errno -2] Name or service not known
2026-03-09 12:35:50,156 - WARNING - [de.616049.xyz (FRA)] ├─ 无有效DNS记录，触发紧急更新
2026-03-09 12:48:45,228 - ERROR - CFST更新失败: None
2026-03-09 12:48:45,232 - DEBUG - Starting new HTTPS connection (1): api.telegram.org:443
2026-03-09 12:48:45,528 - DEBUG - https://api.telegram.org:443 "POST /bot/sendMessage HTTP/1.1" 404 55
