2026-01-29 14:36:57,790 - INFO - 启动维护任务 | 协议类型: IPV4
2026-01-29 14:36:57,790 - INFO - --------------------------------------------------
2026-01-29 14:36:57,791 - INFO - [hk.616049.xyz (HKG)] 开始处理节点维护
2026-01-29 14:36:57,813 - DEBUG - DNS解析重试中 hk.616049.xyz: [Errno -2] Name or service not known
2026-01-29 14:36:58,829 - DEBUG - DNS解析重试中 hk.616049.xyz: [Errno -2] Name or service not known
2026-01-29 14:36:59,841 - DEBUG - DNS解析重试中 hk.616049.xyz: [Errno -2] Name or service not known
2026-01-29 14:37:00,842 - WARNING - [hk.616049.xyz (HKG)] ├─ 无有效DNS记录，触发紧急更新
2026-01-29 14:49:58,081 - ERROR - CFST更新失败: None
2026-01-29 14:49:58,082 - INFO - --------------------------------------------------
2026-01-29 14:49:58,082 - INFO - [us.616049.xyz (LAX)] 开始处理节点维护
2026-01-29 14:49:58,093 - DEBUG - DNS解析重试中 us.616049.xyz: [Errno -2] Name or service not known
2026-01-29 14:49:59,154 - DEBUG - DNS解析重试中 us.616049.xyz: [Errno -2] Name or service not known
2026-01-29 14:50:00,186 - DEBUG - DNS解析重试中 us.616049.xyz: [Errno -2] Name or service not known
2026-01-29 14:50:01,187 - WARNING - [us.616049.xyz (LAX)] ├─ 无有效DNS记录，触发紧急更新
2026-01-29 15:02:57,767 - ERROR - CFST更新失败: None
2026-01-29 15:02:57,767 - INFO - --------------------------------------------------
2026-01-29 15:02:57,767 - INFO - [de.616049.xyz (FRA)] 开始处理节点维护
2026-01-29 15:02:57,779 - DEBUG - DNS解析重试中 de.616049.xyz: [Errno -2] Name or service not known
2026-01-29 15:02:58,810 - DEBUG - DNS解析重试中 de.616049.xyz: [Errno -2] Name or service not known
2026-01-29 15:02:59,836 - DEBUG - DNS解析重试中 de.616049.xyz: [Errno -2] Name or service not known
2026-01-29 15:03:00,837 - WARNING - [de.616049.xyz (FRA)] ├─ 无有效DNS记录，触发紧急更新
2026-01-29 15:15:59,521 - ERROR - CFST更新失败: None
2026-01-29 15:15:59,525 - DEBUG - Starting new HTTPS connection (1): api.telegram.org:443
2026-01-29 15:15:59,821 - DEBUG - https://api.telegram.org:443 "POST /bot/sendMessage HTTP/1.1" 404 55
