2026-07-02 05:19:54,591 - INFO - 启动维护任务 | 协议类型: IPV4
2026-07-02 05:19:54,591 - INFO - --------------------------------------------------
2026-07-02 05:19:54,591 - INFO - [hk.616049.xyz (HKG)] 开始处理节点维护
2026-07-02 05:19:54,604 - DEBUG - DNS解析重试中 hk.616049.xyz: [Errno -5] No address associated with hostname
2026-07-02 05:19:55,626 - DEBUG - DNS解析重试中 hk.616049.xyz: [Errno -5] No address associated with hostname
2026-07-02 05:19:56,639 - DEBUG - DNS解析重试中 hk.616049.xyz: [Errno -5] No address associated with hostname
2026-07-02 05:19:57,639 - WARNING - [hk.616049.xyz (HKG)] ├─ 无有效DNS记录，触发紧急更新
2026-07-02 05:32:28,168 - ERROR - CFST更新失败: None
2026-07-02 05:32:28,168 - INFO - --------------------------------------------------
2026-07-02 05:32:28,168 - INFO - [us.616049.xyz (LAX)] 开始处理节点维护
2026-07-02 05:32:28,192 - DEBUG - DNS解析重试中 us.616049.xyz: [Errno -5] No address associated with hostname
2026-07-02 05:32:29,213 - DEBUG - DNS解析重试中 us.616049.xyz: [Errno -5] No address associated with hostname
2026-07-02 05:32:30,235 - DEBUG - DNS解析重试中 us.616049.xyz: [Errno -5] No address associated with hostname
2026-07-02 05:32:31,236 - WARNING - [us.616049.xyz (LAX)] ├─ 无有效DNS记录，触发紧急更新
2026-07-02 05:45:01,306 - ERROR - CFST更新失败: None
2026-07-02 05:45:01,306 - INFO - --------------------------------------------------
2026-07-02 05:45:01,306 - INFO - [de.616049.xyz (FRA)] 开始处理节点维护
2026-07-02 05:45:01,329 - DEBUG - DNS解析重试中 de.616049.xyz: [Errno -5] No address associated with hostname
2026-07-02 05:45:02,344 - DEBUG - DNS解析重试中 de.616049.xyz: [Errno -5] No address associated with hostname
2026-07-02 05:45:03,372 - DEBUG - DNS解析重试中 de.616049.xyz: [Errno -5] No address associated with hostname
2026-07-02 05:45:04,374 - WARNING - [de.616049.xyz (FRA)] ├─ 无有效DNS记录，触发紧急更新
2026-07-02 05:57:37,279 - ERROR - CFST更新失败: None
2026-07-02 05:57:37,283 - DEBUG - Starting new HTTPS connection (1): api.telegram.org:443
2026-07-02 05:57:37,770 - DEBUG - https://api.telegram.org:443 "POST /bot/sendMessage HTTP/1.1" 404 55
