2026-02-10 22:53:00,791 - INFO - 启动维护任务 | 协议类型: IPV4
2026-02-10 22:53:00,791 - INFO - --------------------------------------------------
2026-02-10 22:53:00,791 - INFO - [hk.616049.xyz (HKG)] 开始处理节点维护
2026-02-10 22:53:00,822 - DEBUG - DNS解析重试中 hk.616049.xyz: [Errno -2] Name or service not known
2026-02-10 22:53:01,855 - DEBUG - DNS解析重试中 hk.616049.xyz: [Errno -2] Name or service not known
2026-02-10 22:53:02,888 - DEBUG - DNS解析重试中 hk.616049.xyz: [Errno -2] Name or service not known
2026-02-10 22:53:03,889 - WARNING - [hk.616049.xyz (HKG)] ├─ 无有效DNS记录，触发紧急更新
2026-02-10 23:06:13,588 - ERROR - CFST更新失败: None
2026-02-10 23:06:13,588 - INFO - --------------------------------------------------
2026-02-10 23:06:13,588 - INFO - [us.616049.xyz (LAX)] 开始处理节点维护
2026-02-10 23:06:13,627 - DEBUG - DNS解析重试中 us.616049.xyz: [Errno -2] Name or service not known
2026-02-10 23:06:14,632 - DEBUG - DNS解析重试中 us.616049.xyz: [Errno -2] Name or service not known
2026-02-10 23:06:15,653 - DEBUG - DNS解析重试中 us.616049.xyz: [Errno -2] Name or service not known
2026-02-10 23:06:16,654 - WARNING - [us.616049.xyz (LAX)] ├─ 无有效DNS记录，触发紧急更新
2026-02-10 23:19:26,387 - ERROR - CFST更新失败: None
2026-02-10 23:19:26,387 - INFO - --------------------------------------------------
2026-02-10 23:19:26,387 - INFO - [de.616049.xyz (FRA)] 开始处理节点维护
2026-02-10 23:19:26,409 - DEBUG - DNS解析重试中 de.616049.xyz: [Errno -2] Name or service not known
2026-02-10 23:19:27,464 - DEBUG - DNS解析重试中 de.616049.xyz: [Errno -2] Name or service not known
2026-02-10 23:19:28,485 - DEBUG - DNS解析重试中 de.616049.xyz: [Errno -2] Name or service not known
2026-02-10 23:19:29,486 - WARNING - [de.616049.xyz (FRA)] ├─ 无有效DNS记录，触发紧急更新
2026-02-10 23:32:40,265 - ERROR - CFST更新失败: None
2026-02-10 23:32:40,271 - DEBUG - Starting new HTTPS connection (1): api.telegram.org:443
2026-02-10 23:32:40,738 - DEBUG - https://api.telegram.org:443 "POST /bot/sendMessage HTTP/1.1" 404 55
