2026-07-15 03:05:20,180 - INFO - 启动维护任务 | 协议类型: IPV4
2026-07-15 03:05:20,180 - INFO - --------------------------------------------------
2026-07-15 03:05:20,180 - INFO - [hk.616049.xyz (HKG)] 开始处理节点维护
2026-07-15 03:05:20,199 - DEBUG - DNS解析重试中 hk.616049.xyz: [Errno -5] No address associated with hostname
2026-07-15 03:05:21,219 - DEBUG - DNS解析重试中 hk.616049.xyz: [Errno -5] No address associated with hostname
2026-07-15 03:05:22,240 - DEBUG - DNS解析重试中 hk.616049.xyz: [Errno -5] No address associated with hostname
2026-07-15 03:05:23,241 - WARNING - [hk.616049.xyz (HKG)] ├─ 无有效DNS记录，触发紧急更新
2026-07-15 03:17:58,023 - ERROR - CFST更新失败: None
2026-07-15 03:17:58,024 - INFO - --------------------------------------------------
2026-07-15 03:17:58,024 - INFO - [us.616049.xyz (LAX)] 开始处理节点维护
2026-07-15 03:17:58,050 - DEBUG - DNS解析重试中 us.616049.xyz: [Errno -5] No address associated with hostname
2026-07-15 03:17:59,073 - DEBUG - DNS解析重试中 us.616049.xyz: [Errno -5] No address associated with hostname
2026-07-15 03:18:00,218 - DEBUG - DNS解析重试中 us.616049.xyz: [Errno -5] No address associated with hostname
2026-07-15 03:18:01,220 - WARNING - [us.616049.xyz (LAX)] ├─ 无有效DNS记录，触发紧急更新
2026-07-15 03:30:40,811 - ERROR - CFST更新失败: None
2026-07-15 03:30:40,811 - INFO - --------------------------------------------------
2026-07-15 03:30:40,811 - INFO - [de.616049.xyz (FRA)] 开始处理节点维护
2026-07-15 03:30:40,830 - DEBUG - DNS解析重试中 de.616049.xyz: [Errno -5] No address associated with hostname
2026-07-15 03:30:41,857 - DEBUG - DNS解析重试中 de.616049.xyz: [Errno -5] No address associated with hostname
2026-07-15 03:30:42,897 - DEBUG - DNS解析重试中 de.616049.xyz: [Errno -5] No address associated with hostname
2026-07-15 03:30:43,898 - WARNING - [de.616049.xyz (FRA)] ├─ 无有效DNS记录，触发紧急更新
2026-07-15 03:43:20,133 - ERROR - CFST更新失败: None
2026-07-15 03:43:20,137 - DEBUG - Starting new HTTPS connection (1): api.telegram.org:443
2026-07-15 03:43:20,426 - DEBUG - https://api.telegram.org:443 "POST /bot/sendMessage HTTP/1.1" 404 55
