2026-03-19 04:28:04,342 - INFO - 启动维护任务 | 协议类型: IPV4
2026-03-19 04:28:04,343 - INFO - --------------------------------------------------
2026-03-19 04:28:04,343 - INFO - [hk.616049.xyz (HKG)] 开始处理节点维护
2026-03-19 04:28:04,387 - DEBUG - DNS解析重试中 hk.616049.xyz: [Errno -2] Name or service not known
2026-03-19 04:28:05,442 - DEBUG - DNS解析重试中 hk.616049.xyz: [Errno -2] Name or service not known
2026-03-19 04:28:06,486 - DEBUG - DNS解析重试中 hk.616049.xyz: [Errno -2] Name or service not known
2026-03-19 04:28:07,487 - WARNING - [hk.616049.xyz (HKG)] ├─ 无有效DNS记录，触发紧急更新
2026-03-19 04:41:06,812 - ERROR - CFST更新失败: None
2026-03-19 04:41:06,813 - INFO - --------------------------------------------------
2026-03-19 04:41:06,813 - INFO - [us.616049.xyz (LAX)] 开始处理节点维护
2026-03-19 04:41:06,824 - DEBUG - DNS解析重试中 us.616049.xyz: [Errno -2] Name or service not known
2026-03-19 04:41:07,836 - DEBUG - DNS解析重试中 us.616049.xyz: [Errno -2] Name or service not known
2026-03-19 04:41:08,852 - DEBUG - DNS解析重试中 us.616049.xyz: [Errno -2] Name or service not known
2026-03-19 04:41:09,853 - WARNING - [us.616049.xyz (LAX)] ├─ 无有效DNS记录，触发紧急更新
2026-03-19 04:54:08,466 - ERROR - CFST更新失败: None
2026-03-19 04:54:08,466 - INFO - --------------------------------------------------
2026-03-19 04:54:08,467 - INFO - [de.616049.xyz (FRA)] 开始处理节点维护
2026-03-19 04:54:08,480 - DEBUG - DNS解析重试中 de.616049.xyz: [Errno -2] Name or service not known
2026-03-19 04:54:09,492 - DEBUG - DNS解析重试中 de.616049.xyz: [Errno -2] Name or service not known
2026-03-19 04:54:10,523 - DEBUG - DNS解析重试中 de.616049.xyz: [Errno -2] Name or service not known
2026-03-19 04:54:11,525 - WARNING - [de.616049.xyz (FRA)] ├─ 无有效DNS记录，触发紧急更新
2026-03-19 05:07:07,972 - ERROR - CFST更新失败: None
2026-03-19 05:07:07,976 - DEBUG - Starting new HTTPS connection (1): api.telegram.org:443
2026-03-19 05:07:08,275 - DEBUG - https://api.telegram.org:443 "POST /bot/sendMessage HTTP/1.1" 404 55
