2026-06-06 17:55:26,351 - INFO - 启动维护任务 | 协议类型: IPV4
2026-06-06 17:55:26,351 - INFO - --------------------------------------------------
2026-06-06 17:55:26,351 - INFO - [hk.616049.xyz (HKG)] 开始处理节点维护
2026-06-06 17:55:26,366 - DEBUG - DNS解析重试中 hk.616049.xyz: [Errno -2] Name or service not known
2026-06-06 17:55:27,381 - DEBUG - DNS解析重试中 hk.616049.xyz: [Errno -2] Name or service not known
2026-06-06 17:55:28,392 - DEBUG - DNS解析重试中 hk.616049.xyz: [Errno -2] Name or service not known
2026-06-06 17:55:29,393 - WARNING - [hk.616049.xyz (HKG)] ├─ 无有效DNS记录，触发紧急更新
2026-06-06 18:08:12,769 - ERROR - CFST更新失败: None
2026-06-06 18:08:12,769 - INFO - --------------------------------------------------
2026-06-06 18:08:12,769 - INFO - [us.616049.xyz (LAX)] 开始处理节点维护
2026-06-06 18:08:13,010 - DEBUG - DNS解析重试中 us.616049.xyz: [Errno -2] Name or service not known
2026-06-06 18:08:14,048 - DEBUG - DNS解析重试中 us.616049.xyz: [Errno -2] Name or service not known
2026-06-06 18:08:15,066 - DEBUG - DNS解析重试中 us.616049.xyz: [Errno -2] Name or service not known
2026-06-06 18:08:16,068 - WARNING - [us.616049.xyz (LAX)] ├─ 无有效DNS记录，触发紧急更新
2026-06-06 18:20:54,688 - ERROR - CFST更新失败: None
2026-06-06 18:20:54,688 - INFO - --------------------------------------------------
2026-06-06 18:20:54,688 - INFO - [de.616049.xyz (FRA)] 开始处理节点维护
2026-06-06 18:20:54,719 - DEBUG - DNS解析重试中 de.616049.xyz: [Errno -2] Name or service not known
2026-06-06 18:20:55,732 - DEBUG - DNS解析重试中 de.616049.xyz: [Errno -2] Name or service not known
2026-06-06 18:20:56,744 - DEBUG - DNS解析重试中 de.616049.xyz: [Errno -2] Name or service not known
2026-06-06 18:20:57,745 - WARNING - [de.616049.xyz (FRA)] ├─ 无有效DNS记录，触发紧急更新
2026-06-06 18:33:36,393 - ERROR - CFST更新失败: None
2026-06-06 18:33:36,397 - DEBUG - Starting new HTTPS connection (1): api.telegram.org:443
2026-06-06 18:33:36,679 - DEBUG - https://api.telegram.org:443 "POST /bot/sendMessage HTTP/1.1" 404 55
