2026-06-25 22:06:53,373 - INFO - 启动维护任务 | 协议类型: IPV4
2026-06-25 22:06:53,373 - INFO - --------------------------------------------------
2026-06-25 22:06:53,373 - INFO - [hk.616049.xyz (HKG)] 开始处理节点维护
2026-06-25 22:06:53,404 - DEBUG - DNS解析重试中 hk.616049.xyz: [Errno -2] Name or service not known
2026-06-25 22:06:54,426 - DEBUG - DNS解析重试中 hk.616049.xyz: [Errno -2] Name or service not known
2026-06-25 22:06:55,452 - DEBUG - DNS解析重试中 hk.616049.xyz: [Errno -2] Name or service not known
2026-06-25 22:06:56,453 - WARNING - [hk.616049.xyz (HKG)] ├─ 无有效DNS记录，触发紧急更新
2026-06-25 22:19:27,149 - ERROR - CFST更新失败: None
2026-06-25 22:19:27,150 - INFO - --------------------------------------------------
2026-06-25 22:19:27,150 - INFO - [us.616049.xyz (LAX)] 开始处理节点维护
2026-06-25 22:19:27,177 - DEBUG - DNS解析重试中 us.616049.xyz: [Errno -2] Name or service not known
2026-06-25 22:19:28,198 - DEBUG - DNS解析重试中 us.616049.xyz: [Errno -2] Name or service not known
2026-06-25 22:19:29,224 - DEBUG - DNS解析重试中 us.616049.xyz: [Errno -2] Name or service not known
2026-06-25 22:19:30,225 - WARNING - [us.616049.xyz (LAX)] ├─ 无有效DNS记录，触发紧急更新
2026-06-25 22:32:00,828 - ERROR - CFST更新失败: None
2026-06-25 22:32:00,829 - INFO - --------------------------------------------------
2026-06-25 22:32:00,829 - INFO - [de.616049.xyz (FRA)] 开始处理节点维护
2026-06-25 22:32:00,847 - DEBUG - DNS解析重试中 de.616049.xyz: [Errno -2] Name or service not known
2026-06-25 22:32:01,865 - DEBUG - DNS解析重试中 de.616049.xyz: [Errno -2] Name or service not known
2026-06-25 22:32:02,879 - DEBUG - DNS解析重试中 de.616049.xyz: [Errno -2] Name or service not known
2026-06-25 22:32:03,880 - WARNING - [de.616049.xyz (FRA)] ├─ 无有效DNS记录，触发紧急更新
2026-06-25 22:44:34,497 - ERROR - CFST更新失败: None
2026-06-25 22:44:34,500 - DEBUG - Starting new HTTPS connection (1): api.telegram.org:443
2026-06-25 22:44:34,776 - DEBUG - https://api.telegram.org:443 "POST /bot/sendMessage HTTP/1.1" 404 55
