2026-04-02 20:54:19,879 - INFO - 启动维护任务 | 协议类型: IPV4
2026-04-02 20:54:19,879 - INFO - --------------------------------------------------
2026-04-02 20:54:19,879 - INFO - [hk.616049.xyz (HKG)] 开始处理节点维护
2026-04-02 20:54:19,888 - DEBUG - DNS解析重试中 hk.616049.xyz: [Errno -2] Name or service not known
2026-04-02 20:54:20,898 - DEBUG - DNS解析重试中 hk.616049.xyz: [Errno -2] Name or service not known
2026-04-02 20:54:21,909 - DEBUG - DNS解析重试中 hk.616049.xyz: [Errno -2] Name or service not known
2026-04-02 20:54:22,910 - WARNING - [hk.616049.xyz (HKG)] ├─ 无有效DNS记录，触发紧急更新
2026-04-02 21:07:17,766 - ERROR - CFST更新失败: None
2026-04-02 21:07:17,766 - INFO - --------------------------------------------------
2026-04-02 21:07:17,766 - INFO - [us.616049.xyz (LAX)] 开始处理节点维护
2026-04-02 21:07:17,776 - DEBUG - DNS解析重试中 us.616049.xyz: [Errno -2] Name or service not known
2026-04-02 21:07:18,785 - DEBUG - DNS解析重试中 us.616049.xyz: [Errno -2] Name or service not known
2026-04-02 21:07:19,860 - DEBUG - DNS解析重试中 us.616049.xyz: [Errno -2] Name or service not known
2026-04-02 21:07:20,861 - WARNING - [us.616049.xyz (LAX)] ├─ 无有效DNS记录，触发紧急更新
2026-04-02 21:20:15,988 - ERROR - CFST更新失败: None
2026-04-02 21:20:15,989 - INFO - --------------------------------------------------
2026-04-02 21:20:15,989 - INFO - [de.616049.xyz (FRA)] 开始处理节点维护
2026-04-02 21:20:16,001 - DEBUG - DNS解析重试中 de.616049.xyz: [Errno -2] Name or service not known
2026-04-02 21:20:17,019 - DEBUG - DNS解析重试中 de.616049.xyz: [Errno -2] Name or service not known
2026-04-02 21:20:18,031 - DEBUG - DNS解析重试中 de.616049.xyz: [Errno -2] Name or service not known
2026-04-02 21:20:19,033 - WARNING - [de.616049.xyz (FRA)] ├─ 无有效DNS记录，触发紧急更新
2026-04-02 21:33:13,536 - ERROR - CFST更新失败: None
2026-04-02 21:33:13,540 - DEBUG - Starting new HTTPS connection (1): api.telegram.org:443
2026-04-02 21:33:13,825 - DEBUG - https://api.telegram.org:443 "POST /bot/sendMessage HTTP/1.1" 404 55
