2026-05-03 17:15:18,286 - INFO - 启动维护任务 | 协议类型: IPV4
2026-05-03 17:15:18,286 - INFO - --------------------------------------------------
2026-05-03 17:15:18,286 - INFO - [hk.616049.xyz (HKG)] 开始处理节点维护
2026-05-03 17:15:18,316 - DEBUG - DNS解析重试中 hk.616049.xyz: [Errno -2] Name or service not known
2026-05-03 17:15:19,345 - DEBUG - DNS解析重试中 hk.616049.xyz: [Errno -2] Name or service not known
2026-05-03 17:15:20,378 - DEBUG - DNS解析重试中 hk.616049.xyz: [Errno -2] Name or service not known
2026-05-03 17:15:21,379 - WARNING - [hk.616049.xyz (HKG)] ├─ 无有效DNS记录，触发紧急更新
2026-05-03 17:28:14,034 - ERROR - CFST更新失败: None
2026-05-03 17:28:14,034 - INFO - --------------------------------------------------
2026-05-03 17:28:14,034 - INFO - [us.616049.xyz (LAX)] 开始处理节点维护
2026-05-03 17:28:14,055 - DEBUG - DNS解析重试中 us.616049.xyz: [Errno -2] Name or service not known
2026-05-03 17:28:15,092 - DEBUG - DNS解析重试中 us.616049.xyz: [Errno -2] Name or service not known
2026-05-03 17:28:16,123 - DEBUG - DNS解析重试中 us.616049.xyz: [Errno -2] Name or service not known
2026-05-03 17:28:17,124 - WARNING - [us.616049.xyz (LAX)] ├─ 无有效DNS记录，触发紧急更新
2026-05-03 17:41:09,010 - ERROR - CFST更新失败: None
2026-05-03 17:41:09,011 - INFO - --------------------------------------------------
2026-05-03 17:41:09,011 - INFO - [de.616049.xyz (FRA)] 开始处理节点维护
2026-05-03 17:41:09,049 - DEBUG - DNS解析重试中 de.616049.xyz: [Errno -2] Name or service not known
2026-05-03 17:41:10,080 - DEBUG - DNS解析重试中 de.616049.xyz: [Errno -2] Name or service not known
2026-05-03 17:41:11,109 - DEBUG - DNS解析重试中 de.616049.xyz: [Errno -2] Name or service not known
2026-05-03 17:41:12,110 - WARNING - [de.616049.xyz (FRA)] ├─ 无有效DNS记录，触发紧急更新
2026-05-03 17:54:03,866 - ERROR - CFST更新失败: None
2026-05-03 17:54:03,870 - DEBUG - Starting new HTTPS connection (1): api.telegram.org:443
2026-05-03 17:54:04,200 - DEBUG - https://api.telegram.org:443 "POST /bot/sendMessage HTTP/1.1" 404 55
