2026-06-28 21:20:01,040 - INFO - 启动维护任务 | 协议类型: IPV4
2026-06-28 21:20:01,040 - INFO - --------------------------------------------------
2026-06-28 21:20:01,040 - INFO - [hk.616049.xyz (HKG)] 开始处理节点维护
2026-06-28 21:20:01,097 - DEBUG - DNS解析重试中 hk.616049.xyz: [Errno -2] Name or service not known
2026-06-28 21:20:02,155 - DEBUG - DNS解析重试中 hk.616049.xyz: [Errno -2] Name or service not known
2026-06-28 21:20:03,191 - DEBUG - DNS解析重试中 hk.616049.xyz: [Errno -2] Name or service not known
2026-06-28 21:20:04,193 - WARNING - [hk.616049.xyz (HKG)] ├─ 无有效DNS记录，触发紧急更新
2026-06-28 21:32:36,635 - ERROR - CFST更新失败: None
2026-06-28 21:32:36,635 - INFO - --------------------------------------------------
2026-06-28 21:32:36,635 - INFO - [us.616049.xyz (LAX)] 开始处理节点维护
2026-06-28 21:32:36,678 - DEBUG - DNS解析重试中 us.616049.xyz: [Errno -2] Name or service not known
2026-06-28 21:32:37,761 - DEBUG - DNS解析重试中 us.616049.xyz: [Errno -2] Name or service not known
2026-06-28 21:32:38,813 - DEBUG - DNS解析重试中 us.616049.xyz: [Errno -2] Name or service not known
2026-06-28 21:32:39,815 - WARNING - [us.616049.xyz (LAX)] ├─ 无有效DNS记录，触发紧急更新
2026-06-28 21:45:11,764 - ERROR - CFST更新失败: None
2026-06-28 21:45:11,764 - INFO - --------------------------------------------------
2026-06-28 21:45:11,764 - INFO - [de.616049.xyz (FRA)] 开始处理节点维护
2026-06-28 21:45:11,797 - DEBUG - DNS解析重试中 de.616049.xyz: [Errno -2] Name or service not known
2026-06-28 21:45:12,832 - DEBUG - DNS解析重试中 de.616049.xyz: [Errno -2] Name or service not known
2026-06-28 21:45:13,875 - DEBUG - DNS解析重试中 de.616049.xyz: [Errno -2] Name or service not known
2026-06-28 21:45:14,877 - WARNING - [de.616049.xyz (FRA)] ├─ 无有效DNS记录，触发紧急更新
2026-06-28 21:57:46,352 - ERROR - CFST更新失败: None
2026-06-28 21:57:46,355 - DEBUG - Starting new HTTPS connection (1): api.telegram.org:443
2026-06-28 21:57:46,777 - DEBUG - https://api.telegram.org:443 "POST /bot/sendMessage HTTP/1.1" 404 55
