2026-05-16 21:03:14,473 - INFO - 启动维护任务 | 协议类型: IPV4
2026-05-16 21:03:14,474 - INFO - --------------------------------------------------
2026-05-16 21:03:14,474 - INFO - [hk.616049.xyz (HKG)] 开始处理节点维护
2026-05-16 21:03:14,481 - DEBUG - DNS解析重试中 hk.616049.xyz: [Errno -2] Name or service not known
2026-05-16 21:03:15,490 - DEBUG - DNS解析重试中 hk.616049.xyz: [Errno -2] Name or service not known
2026-05-16 21:03:16,498 - DEBUG - DNS解析重试中 hk.616049.xyz: [Errno -2] Name or service not known
2026-05-16 21:03:17,499 - WARNING - [hk.616049.xyz (HKG)] ├─ 无有效DNS记录，触发紧急更新
2026-05-16 21:16:11,299 - ERROR - CFST更新失败: None
2026-05-16 21:16:11,299 - INFO - --------------------------------------------------
2026-05-16 21:16:11,300 - INFO - [us.616049.xyz (LAX)] 开始处理节点维护
2026-05-16 21:16:11,316 - DEBUG - DNS解析重试中 us.616049.xyz: [Errno -2] Name or service not known
2026-05-16 21:16:12,339 - DEBUG - DNS解析重试中 us.616049.xyz: [Errno -2] Name or service not known
2026-05-16 21:16:13,347 - DEBUG - DNS解析重试中 us.616049.xyz: [Errno -2] Name or service not known
2026-05-16 21:16:14,349 - WARNING - [us.616049.xyz (LAX)] ├─ 无有效DNS记录，触发紧急更新
2026-05-16 21:29:07,429 - ERROR - CFST更新失败: None
2026-05-16 21:29:07,429 - INFO - --------------------------------------------------
2026-05-16 21:29:07,429 - INFO - [de.616049.xyz (FRA)] 开始处理节点维护
2026-05-16 21:29:07,436 - DEBUG - DNS解析重试中 de.616049.xyz: [Errno -2] Name or service not known
2026-05-16 21:29:08,445 - DEBUG - DNS解析重试中 de.616049.xyz: [Errno -2] Name or service not known
2026-05-16 21:29:09,452 - DEBUG - DNS解析重试中 de.616049.xyz: [Errno -2] Name or service not known
2026-05-16 21:29:10,453 - WARNING - [de.616049.xyz (FRA)] ├─ 无有效DNS记录，触发紧急更新
2026-05-16 21:42:06,719 - ERROR - CFST更新失败: None
2026-05-16 21:42:06,723 - DEBUG - Starting new HTTPS connection (1): api.telegram.org:443
2026-05-16 21:42:07,193 - DEBUG - https://api.telegram.org:443 "POST /bot/sendMessage HTTP/1.1" 404 55
