2026-04-20 12:55:43,899 - INFO - 启动维护任务 | 协议类型: IPV4
2026-04-20 12:55:43,899 - INFO - --------------------------------------------------
2026-04-20 12:55:43,899 - INFO - [hk.616049.xyz (HKG)] 开始处理节点维护
2026-04-20 12:55:43,921 - DEBUG - DNS解析重试中 hk.616049.xyz: [Errno -2] Name or service not known
2026-04-20 12:55:44,943 - DEBUG - DNS解析重试中 hk.616049.xyz: [Errno -2] Name or service not known
2026-04-20 12:55:45,966 - DEBUG - DNS解析重试中 hk.616049.xyz: [Errno -2] Name or service not known
2026-04-20 12:55:46,967 - WARNING - [hk.616049.xyz (HKG)] ├─ 无有效DNS记录，触发紧急更新
2026-04-20 13:08:39,969 - ERROR - CFST更新失败: None
2026-04-20 13:08:39,969 - INFO - --------------------------------------------------
2026-04-20 13:08:39,969 - INFO - [us.616049.xyz (LAX)] 开始处理节点维护
2026-04-20 13:08:40,002 - DEBUG - DNS解析重试中 us.616049.xyz: [Errno -2] Name or service not known
2026-04-20 13:08:41,024 - DEBUG - DNS解析重试中 us.616049.xyz: [Errno -2] Name or service not known
2026-04-20 13:08:42,048 - DEBUG - DNS解析重试中 us.616049.xyz: [Errno -2] Name or service not known
2026-04-20 13:08:43,050 - WARNING - [us.616049.xyz (LAX)] ├─ 无有效DNS记录，触发紧急更新
2026-04-20 13:21:37,545 - ERROR - CFST更新失败: None
2026-04-20 13:21:37,545 - INFO - --------------------------------------------------
2026-04-20 13:21:37,545 - INFO - [de.616049.xyz (FRA)] 开始处理节点维护
2026-04-20 13:21:37,586 - DEBUG - DNS解析重试中 de.616049.xyz: [Errno -2] Name or service not known
2026-04-20 13:21:38,621 - DEBUG - DNS解析重试中 de.616049.xyz: [Errno -2] Name or service not known
2026-04-20 13:21:39,659 - DEBUG - DNS解析重试中 de.616049.xyz: [Errno -2] Name or service not known
2026-04-20 13:21:40,661 - WARNING - [de.616049.xyz (FRA)] ├─ 无有效DNS记录，触发紧急更新
2026-04-20 13:34:33,660 - ERROR - CFST更新失败: None
2026-04-20 13:34:33,663 - DEBUG - Starting new HTTPS connection (1): api.telegram.org:443
2026-04-20 13:34:33,985 - DEBUG - https://api.telegram.org:443 "POST /bot/sendMessage HTTP/1.1" 404 55
