2026-04-29 19:38:19,638 - INFO - 启动维护任务 | 协议类型: IPV4
2026-04-29 19:38:19,638 - INFO - --------------------------------------------------
2026-04-29 19:38:19,638 - INFO - [hk.616049.xyz (HKG)] 开始处理节点维护
2026-04-29 19:38:19,646 - DEBUG - DNS解析重试中 hk.616049.xyz: [Errno -2] Name or service not known
2026-04-29 19:38:20,655 - DEBUG - DNS解析重试中 hk.616049.xyz: [Errno -2] Name or service not known
2026-04-29 19:38:21,672 - DEBUG - DNS解析重试中 hk.616049.xyz: [Errno -2] Name or service not known
2026-04-29 19:38:22,673 - WARNING - [hk.616049.xyz (HKG)] ├─ 无有效DNS记录，触发紧急更新
2026-04-29 19:51:14,962 - ERROR - CFST更新失败: None
2026-04-29 19:51:14,963 - INFO - --------------------------------------------------
2026-04-29 19:51:14,963 - INFO - [us.616049.xyz (LAX)] 开始处理节点维护
2026-04-29 19:51:14,977 - DEBUG - DNS解析重试中 us.616049.xyz: [Errno -2] Name or service not known
2026-04-29 19:51:15,988 - DEBUG - DNS解析重试中 us.616049.xyz: [Errno -2] Name or service not known
2026-04-29 19:51:17,012 - DEBUG - DNS解析重试中 us.616049.xyz: [Errno -2] Name or service not known
2026-04-29 19:51:18,013 - WARNING - [us.616049.xyz (LAX)] ├─ 无有效DNS记录，触发紧急更新
2026-04-29 20:04:10,253 - ERROR - CFST更新失败: None
2026-04-29 20:04:10,253 - INFO - --------------------------------------------------
2026-04-29 20:04:10,254 - INFO - [de.616049.xyz (FRA)] 开始处理节点维护
2026-04-29 20:04:10,262 - DEBUG - DNS解析重试中 de.616049.xyz: [Errno -2] Name or service not known
2026-04-29 20:04:11,274 - DEBUG - DNS解析重试中 de.616049.xyz: [Errno -2] Name or service not known
2026-04-29 20:04:12,284 - DEBUG - DNS解析重试中 de.616049.xyz: [Errno -2] Name or service not known
2026-04-29 20:04:13,285 - WARNING - [de.616049.xyz (FRA)] ├─ 无有效DNS记录，触发紧急更新
2026-04-29 20:17:05,385 - ERROR - CFST更新失败: None
2026-04-29 20:17:05,388 - DEBUG - Starting new HTTPS connection (1): api.telegram.org:443
2026-04-29 20:17:05,668 - DEBUG - https://api.telegram.org:443 "POST /bot/sendMessage HTTP/1.1" 404 55
