2026-06-02 10:47:44,177 - INFO - 启动维护任务 | 协议类型: IPV4
2026-06-02 10:47:44,177 - INFO - --------------------------------------------------
2026-06-02 10:47:44,177 - INFO - [hk.616049.xyz (HKG)] 开始处理节点维护
2026-06-02 10:47:44,188 - DEBUG - DNS解析重试中 hk.616049.xyz: [Errno -2] Name or service not known
2026-06-02 10:47:45,199 - DEBUG - DNS解析重试中 hk.616049.xyz: [Errno -2] Name or service not known
2026-06-02 10:47:46,210 - DEBUG - DNS解析重试中 hk.616049.xyz: [Errno -2] Name or service not known
2026-06-02 10:47:47,211 - WARNING - [hk.616049.xyz (HKG)] ├─ 无有效DNS记录，触发紧急更新
2026-06-02 11:00:40,102 - ERROR - CFST更新失败: None
2026-06-02 11:00:40,103 - INFO - --------------------------------------------------
2026-06-02 11:00:40,103 - INFO - [us.616049.xyz (LAX)] 开始处理节点维护
2026-06-02 11:00:40,122 - DEBUG - DNS解析重试中 us.616049.xyz: [Errno -2] Name or service not known
2026-06-02 11:00:41,135 - DEBUG - DNS解析重试中 us.616049.xyz: [Errno -2] Name or service not known
2026-06-02 11:00:42,220 - DEBUG - DNS解析重试中 us.616049.xyz: [Errno -2] Name or service not known
2026-06-02 11:00:43,221 - WARNING - [us.616049.xyz (LAX)] ├─ 无有效DNS记录，触发紧急更新
2026-06-02 11:13:35,574 - ERROR - CFST更新失败: None
2026-06-02 11:13:35,574 - INFO - --------------------------------------------------
2026-06-02 11:13:35,574 - INFO - [de.616049.xyz (FRA)] 开始处理节点维护
2026-06-02 11:13:35,583 - DEBUG - DNS解析重试中 de.616049.xyz: [Errno -2] Name or service not known
2026-06-02 11:13:36,595 - DEBUG - DNS解析重试中 de.616049.xyz: [Errno -2] Name or service not known
2026-06-02 11:13:37,687 - DEBUG - DNS解析重试中 de.616049.xyz: [Errno -2] Name or service not known
2026-06-02 11:13:38,689 - WARNING - [de.616049.xyz (FRA)] ├─ 无有效DNS记录，触发紧急更新
2026-06-02 11:26:31,128 - ERROR - CFST更新失败: None
2026-06-02 11:26:31,132 - DEBUG - Starting new HTTPS connection (1): api.telegram.org:443
2026-06-02 11:26:31,408 - DEBUG - https://api.telegram.org:443 "POST /bot/sendMessage HTTP/1.1" 404 55
