2026-06-01 03:04:35,627 - INFO - 启动维护任务 | 协议类型: IPV4
2026-06-01 03:04:35,627 - INFO - --------------------------------------------------
2026-06-01 03:04:35,627 - INFO - [hk.616049.xyz (HKG)] 开始处理节点维护
2026-06-01 03:04:35,635 - DEBUG - DNS解析重试中 hk.616049.xyz: [Errno -2] Name or service not known
2026-06-01 03:04:36,704 - DEBUG - DNS解析重试中 hk.616049.xyz: [Errno -2] Name or service not known
2026-06-01 03:04:37,712 - DEBUG - DNS解析重试中 hk.616049.xyz: [Errno -2] Name or service not known
2026-06-01 03:04:38,713 - WARNING - [hk.616049.xyz (HKG)] ├─ 无有效DNS记录，触发紧急更新
2026-06-01 03:17:28,779 - ERROR - CFST更新失败: None
2026-06-01 03:17:28,779 - INFO - --------------------------------------------------
2026-06-01 03:17:28,779 - INFO - [us.616049.xyz (LAX)] 开始处理节点维护
2026-06-01 03:17:28,786 - DEBUG - DNS解析重试中 us.616049.xyz: [Errno -2] Name or service not known
2026-06-01 03:17:29,794 - DEBUG - DNS解析重试中 us.616049.xyz: [Errno -2] Name or service not known
2026-06-01 03:17:30,802 - DEBUG - DNS解析重试中 us.616049.xyz: [Errno -2] Name or service not known
2026-06-01 03:17:31,803 - WARNING - [us.616049.xyz (LAX)] ├─ 无有效DNS记录，触发紧急更新
2026-06-01 03:30:21,296 - ERROR - CFST更新失败: None
2026-06-01 03:30:21,296 - INFO - --------------------------------------------------
2026-06-01 03:30:21,296 - INFO - [de.616049.xyz (FRA)] 开始处理节点维护
2026-06-01 03:30:21,304 - DEBUG - DNS解析重试中 de.616049.xyz: [Errno -2] Name or service not known
2026-06-01 03:30:22,312 - DEBUG - DNS解析重试中 de.616049.xyz: [Errno -2] Name or service not known
2026-06-01 03:30:23,320 - DEBUG - DNS解析重试中 de.616049.xyz: [Errno -2] Name or service not known
2026-06-01 03:30:24,321 - WARNING - [de.616049.xyz (FRA)] ├─ 无有效DNS记录，触发紧急更新
2026-06-01 03:43:14,185 - ERROR - CFST更新失败: None
2026-06-01 03:43:14,189 - DEBUG - Starting new HTTPS connection (1): api.telegram.org:443
2026-06-01 03:43:14,666 - DEBUG - https://api.telegram.org:443 "POST /bot/sendMessage HTTP/1.1" 404 55
