2026-02-19 12:12:31,457 - INFO - 启动维护任务 | 协议类型: IPV4
2026-02-19 12:12:31,457 - INFO - --------------------------------------------------
2026-02-19 12:12:31,457 - INFO - [hk.616049.xyz (HKG)] 开始处理节点维护
2026-02-19 12:12:31,472 - DEBUG - DNS解析重试中 hk.616049.xyz: [Errno -2] Name or service not known
2026-02-19 12:12:32,488 - DEBUG - DNS解析重试中 hk.616049.xyz: [Errno -2] Name or service not known
2026-02-19 12:12:33,511 - DEBUG - DNS解析重试中 hk.616049.xyz: [Errno -2] Name or service not known
2026-02-19 12:12:34,512 - WARNING - [hk.616049.xyz (HKG)] ├─ 无有效DNS记录，触发紧急更新
2026-02-19 12:25:42,221 - ERROR - CFST更新失败: None
2026-02-19 12:25:42,221 - INFO - --------------------------------------------------
2026-02-19 12:25:42,221 - INFO - [us.616049.xyz (LAX)] 开始处理节点维护
2026-02-19 12:25:42,237 - DEBUG - DNS解析重试中 us.616049.xyz: [Errno -2] Name or service not known
2026-02-19 12:25:43,268 - DEBUG - DNS解析重试中 us.616049.xyz: [Errno -2] Name or service not known
2026-02-19 12:25:44,284 - DEBUG - DNS解析重试中 us.616049.xyz: [Errno -2] Name or service not known
2026-02-19 12:25:45,285 - WARNING - [us.616049.xyz (LAX)] ├─ 无有效DNS记录，触发紧急更新
2026-02-19 12:38:52,842 - ERROR - CFST更新失败: None
2026-02-19 12:38:52,842 - INFO - --------------------------------------------------
2026-02-19 12:38:52,842 - INFO - [de.616049.xyz (FRA)] 开始处理节点维护
2026-02-19 12:38:52,879 - DEBUG - DNS解析重试中 de.616049.xyz: [Errno -2] Name or service not known
2026-02-19 12:38:53,903 - DEBUG - DNS解析重试中 de.616049.xyz: [Errno -2] Name or service not known
2026-02-19 12:38:54,925 - DEBUG - DNS解析重试中 de.616049.xyz: [Errno -2] Name or service not known
2026-02-19 12:38:55,926 - WARNING - [de.616049.xyz (FRA)] ├─ 无有效DNS记录，触发紧急更新
2026-02-19 12:52:04,739 - ERROR - CFST更新失败: None
2026-02-19 12:52:04,742 - DEBUG - Starting new HTTPS connection (1): api.telegram.org:443
2026-02-19 12:52:05,183 - DEBUG - https://api.telegram.org:443 "POST /bot/sendMessage HTTP/1.1" 404 55
