2026-04-13 02:36:20,785 - INFO - 启动维护任务 | 协议类型: IPV4
2026-04-13 02:36:20,785 - INFO - --------------------------------------------------
2026-04-13 02:36:20,785 - INFO - [hk.616049.xyz (HKG)] 开始处理节点维护
2026-04-13 02:36:20,793 - DEBUG - DNS解析重试中 hk.616049.xyz: [Errno -2] Name or service not known
2026-04-13 02:36:21,828 - DEBUG - DNS解析重试中 hk.616049.xyz: [Errno -2] Name or service not known
2026-04-13 02:36:22,847 - DEBUG - DNS解析重试中 hk.616049.xyz: [Errno -2] Name or service not known
2026-04-13 02:36:23,848 - WARNING - [hk.616049.xyz (HKG)] ├─ 无有效DNS记录，触发紧急更新
2026-04-13 02:49:22,296 - ERROR - CFST更新失败: None
2026-04-13 02:49:22,296 - INFO - --------------------------------------------------
2026-04-13 02:49:22,296 - INFO - [us.616049.xyz (LAX)] 开始处理节点维护
2026-04-13 02:49:22,310 - DEBUG - DNS解析重试中 us.616049.xyz: [Errno -2] Name or service not known
2026-04-13 02:49:23,320 - DEBUG - DNS解析重试中 us.616049.xyz: [Errno -2] Name or service not known
2026-04-13 02:49:24,344 - DEBUG - DNS解析重试中 us.616049.xyz: [Errno -2] Name or service not known
2026-04-13 02:49:25,345 - WARNING - [us.616049.xyz (LAX)] ├─ 无有效DNS记录，触发紧急更新
2026-04-13 03:02:23,365 - ERROR - CFST更新失败: None
2026-04-13 03:02:23,365 - INFO - --------------------------------------------------
2026-04-13 03:02:23,365 - INFO - [de.616049.xyz (FRA)] 开始处理节点维护
2026-04-13 03:02:23,374 - DEBUG - DNS解析重试中 de.616049.xyz: [Errno -2] Name or service not known
2026-04-13 03:02:24,384 - DEBUG - DNS解析重试中 de.616049.xyz: [Errno -2] Name or service not known
2026-04-13 03:02:25,394 - DEBUG - DNS解析重试中 de.616049.xyz: [Errno -2] Name or service not known
2026-04-13 03:02:26,396 - WARNING - [de.616049.xyz (FRA)] ├─ 无有效DNS记录，触发紧急更新
2026-04-13 03:15:24,295 - ERROR - CFST更新失败: None
2026-04-13 03:15:24,299 - DEBUG - Starting new HTTPS connection (1): api.telegram.org:443
2026-04-13 03:15:24,577 - DEBUG - https://api.telegram.org:443 "POST /bot/sendMessage HTTP/1.1" 404 55
