2026-07-18 17:16:19,910 - INFO - 启动维护任务 | 协议类型: IPV4
2026-07-18 17:16:19,910 - INFO - --------------------------------------------------
2026-07-18 17:16:19,910 - INFO - [hk.616049.xyz (HKG)] 开始处理节点维护
2026-07-18 17:16:19,920 - DEBUG - DNS解析重试中 hk.616049.xyz: [Errno -5] No address associated with hostname
2026-07-18 17:16:20,941 - DEBUG - DNS解析重试中 hk.616049.xyz: [Errno -5] No address associated with hostname
2026-07-18 17:16:21,958 - DEBUG - DNS解析重试中 hk.616049.xyz: [Errno -5] No address associated with hostname
2026-07-18 17:16:22,959 - WARNING - [hk.616049.xyz (HKG)] ├─ 无有效DNS记录，触发紧急更新
2026-07-18 17:28:53,353 - ERROR - CFST更新失败: None
2026-07-18 17:28:53,353 - INFO - --------------------------------------------------
2026-07-18 17:28:53,353 - INFO - [us.616049.xyz (LAX)] 开始处理节点维护
2026-07-18 17:28:53,370 - DEBUG - DNS解析重试中 us.616049.xyz: [Errno -5] No address associated with hostname
2026-07-18 17:28:54,389 - DEBUG - DNS解析重试中 us.616049.xyz: [Errno -5] No address associated with hostname
2026-07-18 17:28:55,400 - DEBUG - DNS解析重试中 us.616049.xyz: [Errno -5] No address associated with hostname
2026-07-18 17:28:56,401 - WARNING - [us.616049.xyz (LAX)] ├─ 无有效DNS记录，触发紧急更新
2026-07-18 17:41:27,948 - ERROR - CFST更新失败: None
2026-07-18 17:41:27,948 - INFO - --------------------------------------------------
2026-07-18 17:41:27,949 - INFO - [de.616049.xyz (FRA)] 开始处理节点维护
2026-07-18 17:41:28,210 - DEBUG - DNS解析重试中 de.616049.xyz: [Errno -5] No address associated with hostname
2026-07-18 17:41:29,442 - DEBUG - DNS解析重试中 de.616049.xyz: [Errno -5] No address associated with hostname
2026-07-18 17:41:30,461 - DEBUG - DNS解析重试中 de.616049.xyz: [Errno -5] No address associated with hostname
2026-07-18 17:41:31,462 - WARNING - [de.616049.xyz (FRA)] ├─ 无有效DNS记录，触发紧急更新
2026-07-18 17:54:02,954 - ERROR - CFST更新失败: None
2026-07-18 17:54:02,957 - DEBUG - Starting new HTTPS connection (1): api.telegram.org:443
2026-07-18 17:54:03,440 - DEBUG - https://api.telegram.org:443 "POST /bot/sendMessage HTTP/1.1" 404 55
