2026-06-04 20:38:19,959 - INFO - 启动维护任务 | 协议类型: IPV4
2026-06-04 20:38:19,959 - INFO - --------------------------------------------------
2026-06-04 20:38:19,959 - INFO - [hk.616049.xyz (HKG)] 开始处理节点维护
2026-06-04 20:38:19,969 - DEBUG - DNS解析重试中 hk.616049.xyz: [Errno -2] Name or service not known
2026-06-04 20:38:20,999 - DEBUG - DNS解析重试中 hk.616049.xyz: [Errno -2] Name or service not known
2026-06-04 20:38:22,007 - DEBUG - DNS解析重试中 hk.616049.xyz: [Errno -2] Name or service not known
2026-06-04 20:38:23,008 - WARNING - [hk.616049.xyz (HKG)] ├─ 无有效DNS记录，触发紧急更新
2026-06-04 20:51:00,069 - ERROR - CFST更新失败: None
2026-06-04 20:51:00,069 - INFO - --------------------------------------------------
2026-06-04 20:51:00,069 - INFO - [us.616049.xyz (LAX)] 开始处理节点维护
2026-06-04 20:51:00,092 - DEBUG - DNS解析重试中 us.616049.xyz: [Errno -2] Name or service not known
2026-06-04 20:51:01,100 - DEBUG - DNS解析重试中 us.616049.xyz: [Errno -2] Name or service not known
2026-06-04 20:51:02,122 - DEBUG - DNS解析重试中 us.616049.xyz: [Errno -2] Name or service not known
2026-06-04 20:51:03,123 - WARNING - [us.616049.xyz (LAX)] ├─ 无有效DNS记录，触发紧急更新
2026-06-04 21:03:38,886 - ERROR - CFST更新失败: None
2026-06-04 21:03:38,886 - INFO - --------------------------------------------------
2026-06-04 21:03:38,886 - INFO - [de.616049.xyz (FRA)] 开始处理节点维护
2026-06-04 21:03:38,896 - DEBUG - DNS解析重试中 de.616049.xyz: [Errno -2] Name or service not known
2026-06-04 21:03:39,905 - DEBUG - DNS解析重试中 de.616049.xyz: [Errno -2] Name or service not known
2026-06-04 21:03:40,927 - DEBUG - DNS解析重试中 de.616049.xyz: [Errno -2] Name or service not known
2026-06-04 21:03:41,928 - WARNING - [de.616049.xyz (FRA)] ├─ 无有效DNS记录，触发紧急更新
2026-06-04 21:16:20,010 - ERROR - CFST更新失败: None
2026-06-04 21:16:20,014 - DEBUG - Starting new HTTPS connection (1): api.telegram.org:443
2026-06-04 21:16:20,512 - DEBUG - https://api.telegram.org:443 "POST /bot/sendMessage HTTP/1.1" 404 55
