2026-03-20 16:32:18,941 - INFO - 启动维护任务 | 协议类型: IPV4
2026-03-20 16:32:18,941 - INFO - --------------------------------------------------
2026-03-20 16:32:18,941 - INFO - [hk.616049.xyz (HKG)] 开始处理节点维护
2026-03-20 16:32:18,964 - DEBUG - DNS解析重试中 hk.616049.xyz: [Errno -2] Name or service not known
2026-03-20 16:32:19,986 - DEBUG - DNS解析重试中 hk.616049.xyz: [Errno -2] Name or service not known
2026-03-20 16:32:20,995 - DEBUG - DNS解析重试中 hk.616049.xyz: [Errno -2] Name or service not known
2026-03-20 16:32:21,997 - WARNING - [hk.616049.xyz (HKG)] ├─ 无有效DNS记录，触发紧急更新
2026-03-20 16:45:27,481 - ERROR - CFST更新失败: None
2026-03-20 16:45:27,482 - INFO - --------------------------------------------------
2026-03-20 16:45:27,482 - INFO - [us.616049.xyz (LAX)] 开始处理节点维护
2026-03-20 16:45:27,504 - DEBUG - DNS解析重试中 us.616049.xyz: [Errno -2] Name or service not known
2026-03-20 16:45:28,545 - DEBUG - DNS解析重试中 us.616049.xyz: [Errno -2] Name or service not known
2026-03-20 16:45:29,568 - DEBUG - DNS解析重试中 us.616049.xyz: [Errno -2] Name or service not known
2026-03-20 16:45:30,569 - WARNING - [us.616049.xyz (LAX)] ├─ 无有效DNS记录，触发紧急更新
2026-03-20 16:58:36,314 - ERROR - CFST更新失败: None
2026-03-20 16:58:36,314 - INFO - --------------------------------------------------
2026-03-20 16:58:36,314 - INFO - [de.616049.xyz (FRA)] 开始处理节点维护
2026-03-20 16:58:36,344 - DEBUG - DNS解析重试中 de.616049.xyz: [Errno -2] Name or service not known
2026-03-20 16:58:37,386 - DEBUG - DNS解析重试中 de.616049.xyz: [Errno -2] Name or service not known
2026-03-20 16:58:38,423 - DEBUG - DNS解析重试中 de.616049.xyz: [Errno -2] Name or service not known
2026-03-20 16:58:39,425 - WARNING - [de.616049.xyz (FRA)] ├─ 无有效DNS记录，触发紧急更新
2026-03-20 17:11:46,916 - ERROR - CFST更新失败: None
2026-03-20 17:11:46,919 - DEBUG - Starting new HTTPS connection (1): api.telegram.org:443
2026-03-20 17:11:47,259 - DEBUG - https://api.telegram.org:443 "POST /bot/sendMessage HTTP/1.1" 404 55
