2026-04-25 12:30:28,791 - INFO - 启动维护任务 | 协议类型: IPV4
2026-04-25 12:30:28,791 - INFO - --------------------------------------------------
2026-04-25 12:30:28,791 - INFO - [hk.616049.xyz (HKG)] 开始处理节点维护
2026-04-25 12:30:28,831 - DEBUG - DNS解析重试中 hk.616049.xyz: [Errno -2] Name or service not known
2026-04-25 12:30:29,864 - DEBUG - DNS解析重试中 hk.616049.xyz: [Errno -2] Name or service not known
2026-04-25 12:30:30,895 - DEBUG - DNS解析重试中 hk.616049.xyz: [Errno -2] Name or service not known
2026-04-25 12:30:31,897 - WARNING - [hk.616049.xyz (HKG)] ├─ 无有效DNS记录，触发紧急更新
2026-04-25 12:43:37,196 - ERROR - CFST更新失败: None
2026-04-25 12:43:37,196 - INFO - --------------------------------------------------
2026-04-25 12:43:37,196 - INFO - [us.616049.xyz (LAX)] 开始处理节点维护
2026-04-25 12:43:37,246 - DEBUG - DNS解析重试中 us.616049.xyz: [Errno -2] Name or service not known
2026-04-25 12:43:38,294 - DEBUG - DNS解析重试中 us.616049.xyz: [Errno -2] Name or service not known
2026-04-25 12:43:39,302 - DEBUG - DNS解析重试中 us.616049.xyz: [Errno -2] Name or service not known
2026-04-25 12:43:40,303 - WARNING - [us.616049.xyz (LAX)] ├─ 无有效DNS记录，触发紧急更新
2026-04-25 12:56:39,624 - ERROR - CFST更新失败: None
2026-04-25 12:56:39,624 - INFO - --------------------------------------------------
2026-04-25 12:56:39,624 - INFO - [de.616049.xyz (FRA)] 开始处理节点维护
2026-04-25 12:56:39,663 - DEBUG - DNS解析重试中 de.616049.xyz: [Errno -2] Name or service not known
2026-04-25 12:56:40,698 - DEBUG - DNS解析重试中 de.616049.xyz: [Errno -2] Name or service not known
2026-04-25 12:56:41,706 - DEBUG - DNS解析重试中 de.616049.xyz: [Errno -2] Name or service not known
2026-04-25 12:56:42,708 - WARNING - [de.616049.xyz (FRA)] ├─ 无有效DNS记录，触发紧急更新
2026-04-25 13:09:42,138 - ERROR - CFST更新失败: None
2026-04-25 13:09:42,142 - DEBUG - Starting new HTTPS connection (1): api.telegram.org:443
2026-04-25 13:09:42,568 - DEBUG - https://api.telegram.org:443 "POST /bot/sendMessage HTTP/1.1" 404 55
