2026-05-12 01:49:28,948 - INFO - 启动维护任务 | 协议类型: IPV4
2026-05-12 01:49:28,948 - INFO - --------------------------------------------------
2026-05-12 01:49:28,948 - INFO - [hk.616049.xyz (HKG)] 开始处理节点维护
2026-05-12 01:49:28,956 - DEBUG - DNS解析重试中 hk.616049.xyz: [Errno -2] Name or service not known
2026-05-12 01:49:29,973 - DEBUG - DNS解析重试中 hk.616049.xyz: [Errno -2] Name or service not known
2026-05-12 01:49:30,991 - DEBUG - DNS解析重试中 hk.616049.xyz: [Errno -2] Name or service not known
2026-05-12 01:49:31,992 - WARNING - [hk.616049.xyz (HKG)] ├─ 无有效DNS记录，触发紧急更新
2026-05-12 02:02:06,903 - ERROR - CFST更新失败: None
2026-05-12 02:02:06,903 - INFO - --------------------------------------------------
2026-05-12 02:02:06,903 - INFO - [us.616049.xyz (LAX)] 开始处理节点维护
2026-05-12 02:02:06,911 - DEBUG - DNS解析重试中 us.616049.xyz: [Errno -2] Name or service not known
2026-05-12 02:02:07,926 - DEBUG - DNS解析重试中 us.616049.xyz: [Errno -2] Name or service not known
2026-05-12 02:02:08,994 - DEBUG - DNS解析重试中 us.616049.xyz: [Errno -2] Name or service not known
2026-05-12 02:02:09,995 - WARNING - [us.616049.xyz (LAX)] ├─ 无有效DNS记录，触发紧急更新
2026-05-12 02:14:44,753 - ERROR - CFST更新失败: None
2026-05-12 02:14:44,753 - INFO - --------------------------------------------------
2026-05-12 02:14:44,753 - INFO - [de.616049.xyz (FRA)] 开始处理节点维护
2026-05-12 02:14:44,761 - DEBUG - DNS解析重试中 de.616049.xyz: [Errno -2] Name or service not known
2026-05-12 02:14:45,774 - DEBUG - DNS解析重试中 de.616049.xyz: [Errno -2] Name or service not known
2026-05-12 02:14:46,843 - DEBUG - DNS解析重试中 de.616049.xyz: [Errno -2] Name or service not known
2026-05-12 02:14:47,844 - WARNING - [de.616049.xyz (FRA)] ├─ 无有效DNS记录，触发紧急更新
2026-05-12 02:27:23,061 - ERROR - CFST更新失败: None
2026-05-12 02:27:23,065 - DEBUG - Starting new HTTPS connection (1): api.telegram.org:443
2026-05-12 02:27:23,381 - DEBUG - https://api.telegram.org:443 "POST /bot/sendMessage HTTP/1.1" 404 55
