2026-04-09 03:05:03,094 - INFO - 启动维护任务 | 协议类型: IPV4
2026-04-09 03:05:03,094 - INFO - --------------------------------------------------
2026-04-09 03:05:03,094 - INFO - [hk.616049.xyz (HKG)] 开始处理节点维护
2026-04-09 03:05:03,101 - DEBUG - DNS解析重试中 hk.616049.xyz: [Errno -2] Name or service not known
2026-04-09 03:05:04,110 - DEBUG - DNS解析重试中 hk.616049.xyz: [Errno -2] Name or service not known
2026-04-09 03:05:05,118 - DEBUG - DNS解析重试中 hk.616049.xyz: [Errno -2] Name or service not known
2026-04-09 03:05:06,119 - WARNING - [hk.616049.xyz (HKG)] ├─ 无有效DNS记录，触发紧急更新
2026-04-09 03:17:59,451 - ERROR - CFST更新失败: None
2026-04-09 03:17:59,452 - INFO - --------------------------------------------------
2026-04-09 03:17:59,452 - INFO - [us.616049.xyz (LAX)] 开始处理节点维护
2026-04-09 03:17:59,465 - DEBUG - DNS解析重试中 us.616049.xyz: [Errno -2] Name or service not known
2026-04-09 03:18:00,492 - DEBUG - DNS解析重试中 us.616049.xyz: [Errno -2] Name or service not known
2026-04-09 03:18:01,502 - DEBUG - DNS解析重试中 us.616049.xyz: [Errno -2] Name or service not known
2026-04-09 03:18:02,504 - WARNING - [us.616049.xyz (LAX)] ├─ 无有效DNS记录，触发紧急更新
2026-04-09 03:30:55,581 - ERROR - CFST更新失败: None
2026-04-09 03:30:55,582 - INFO - --------------------------------------------------
2026-04-09 03:30:55,582 - INFO - [de.616049.xyz (FRA)] 开始处理节点维护
2026-04-09 03:30:55,589 - DEBUG - DNS解析重试中 de.616049.xyz: [Errno -2] Name or service not known
2026-04-09 03:30:56,597 - DEBUG - DNS解析重试中 de.616049.xyz: [Errno -2] Name or service not known
2026-04-09 03:30:57,606 - DEBUG - DNS解析重试中 de.616049.xyz: [Errno -2] Name or service not known
2026-04-09 03:30:58,607 - WARNING - [de.616049.xyz (FRA)] ├─ 无有效DNS记录，触发紧急更新
2026-04-09 03:43:51,281 - ERROR - CFST更新失败: None
2026-04-09 03:43:51,284 - DEBUG - Starting new HTTPS connection (1): api.telegram.org:443
2026-04-09 03:43:51,757 - DEBUG - https://api.telegram.org:443 "POST /bot/sendMessage HTTP/1.1" 404 55
