2026-04-10 22:42:44,501 - INFO - 启动维护任务 | 协议类型: IPV4
2026-04-10 22:42:44,501 - INFO - --------------------------------------------------
2026-04-10 22:42:44,501 - INFO - [hk.616049.xyz (HKG)] 开始处理节点维护
2026-04-10 22:42:44,516 - DEBUG - DNS解析重试中 hk.616049.xyz: [Errno -2] Name or service not known
2026-04-10 22:42:45,705 - DEBUG - DNS解析重试中 hk.616049.xyz: [Errno -2] Name or service not known
2026-04-10 22:42:46,730 - DEBUG - DNS解析重试中 hk.616049.xyz: [Errno -2] Name or service not known
2026-04-10 22:42:47,731 - WARNING - [hk.616049.xyz (HKG)] ├─ 无有效DNS记录，触发紧急更新
2026-04-10 22:55:54,727 - ERROR - CFST更新失败: None
2026-04-10 22:55:54,727 - INFO - --------------------------------------------------
2026-04-10 22:55:54,727 - INFO - [us.616049.xyz (LAX)] 开始处理节点维护
2026-04-10 22:55:54,768 - DEBUG - DNS解析重试中 us.616049.xyz: [Errno -2] Name or service not known
2026-04-10 22:55:55,794 - DEBUG - DNS解析重试中 us.616049.xyz: [Errno -2] Name or service not known
2026-04-10 22:55:56,825 - DEBUG - DNS解析重试中 us.616049.xyz: [Errno -2] Name or service not known
2026-04-10 22:55:57,827 - WARNING - [us.616049.xyz (LAX)] ├─ 无有效DNS记录，触发紧急更新
2026-04-10 23:09:04,122 - ERROR - CFST更新失败: None
2026-04-10 23:09:04,123 - INFO - --------------------------------------------------
2026-04-10 23:09:04,123 - INFO - [de.616049.xyz (FRA)] 开始处理节点维护
2026-04-10 23:09:04,161 - DEBUG - DNS解析重试中 de.616049.xyz: [Errno -2] Name or service not known
2026-04-10 23:09:05,198 - DEBUG - DNS解析重试中 de.616049.xyz: [Errno -2] Name or service not known
2026-04-10 23:09:06,281 - DEBUG - DNS解析重试中 de.616049.xyz: [Errno -2] Name or service not known
2026-04-10 23:09:07,282 - WARNING - [de.616049.xyz (FRA)] ├─ 无有效DNS记录，触发紧急更新
2026-04-10 23:22:14,301 - ERROR - CFST更新失败: None
2026-04-10 23:22:14,304 - DEBUG - Starting new HTTPS connection (1): api.telegram.org:443
2026-04-10 23:22:14,768 - DEBUG - https://api.telegram.org:443 "POST /bot/sendMessage HTTP/1.1" 404 55
