2026-07-22 03:05:48,905 - INFO - 启动维护任务 | 协议类型: IPV4
2026-07-22 03:05:48,905 - INFO - --------------------------------------------------
2026-07-22 03:05:48,905 - INFO - [hk.616049.xyz (HKG)] 开始处理节点维护
2026-07-22 03:05:48,924 - DEBUG - DNS解析重试中 hk.616049.xyz: [Errno -5] No address associated with hostname
2026-07-22 03:05:49,941 - DEBUG - DNS解析重试中 hk.616049.xyz: [Errno -5] No address associated with hostname
2026-07-22 03:05:50,954 - DEBUG - DNS解析重试中 hk.616049.xyz: [Errno -5] No address associated with hostname
2026-07-22 03:05:51,955 - WARNING - [hk.616049.xyz (HKG)] ├─ 无有效DNS记录，触发紧急更新
2026-07-22 03:18:22,954 - ERROR - CFST更新失败: None
2026-07-22 03:18:22,955 - INFO - --------------------------------------------------
2026-07-22 03:18:22,955 - INFO - [us.616049.xyz (LAX)] 开始处理节点维护
2026-07-22 03:18:22,976 - DEBUG - DNS解析重试中 us.616049.xyz: [Errno -5] No address associated with hostname
2026-07-22 03:18:24,012 - DEBUG - DNS解析重试中 us.616049.xyz: [Errno -5] No address associated with hostname
2026-07-22 03:18:25,028 - DEBUG - DNS解析重试中 us.616049.xyz: [Errno -5] No address associated with hostname
2026-07-22 03:18:26,030 - WARNING - [us.616049.xyz (LAX)] ├─ 无有效DNS记录，触发紧急更新
2026-07-22 03:30:56,917 - ERROR - CFST更新失败: None
2026-07-22 03:30:56,917 - INFO - --------------------------------------------------
2026-07-22 03:30:56,917 - INFO - [de.616049.xyz (FRA)] 开始处理节点维护
2026-07-22 03:30:56,938 - DEBUG - DNS解析重试中 de.616049.xyz: [Errno -5] No address associated with hostname
2026-07-22 03:30:57,968 - DEBUG - DNS解析重试中 de.616049.xyz: [Errno -5] No address associated with hostname
2026-07-22 03:30:58,995 - DEBUG - DNS解析重试中 de.616049.xyz: [Errno -5] No address associated with hostname
2026-07-22 03:30:59,996 - WARNING - [de.616049.xyz (FRA)] ├─ 无有效DNS记录，触发紧急更新
2026-07-22 03:43:31,904 - ERROR - CFST更新失败: None
2026-07-22 03:43:31,908 - DEBUG - Starting new HTTPS connection (1): api.telegram.org:443
2026-07-22 03:43:32,201 - DEBUG - https://api.telegram.org:443 "POST /bot/sendMessage HTTP/1.1" 404 55
