2026-04-04 16:32:01,977 - INFO - 启动维护任务 | 协议类型: IPV4
2026-04-04 16:32:01,977 - INFO - --------------------------------------------------
2026-04-04 16:32:01,978 - INFO - [hk.616049.xyz (HKG)] 开始处理节点维护
2026-04-04 16:32:01,985 - DEBUG - DNS解析重试中 hk.616049.xyz: [Errno -2] Name or service not known
2026-04-04 16:32:02,994 - DEBUG - DNS解析重试中 hk.616049.xyz: [Errno -2] Name or service not known
2026-04-04 16:32:04,002 - DEBUG - DNS解析重试中 hk.616049.xyz: [Errno -2] Name or service not known
2026-04-04 16:32:05,003 - WARNING - [hk.616049.xyz (HKG)] ├─ 无有效DNS记录，触发紧急更新
2026-04-04 16:44:58,928 - ERROR - CFST更新失败: None
2026-04-04 16:44:58,928 - INFO - --------------------------------------------------
2026-04-04 16:44:58,928 - INFO - [us.616049.xyz (LAX)] 开始处理节点维护
2026-04-04 16:44:58,938 - DEBUG - DNS解析重试中 us.616049.xyz: [Errno -2] Name or service not known
2026-04-04 16:44:59,953 - DEBUG - DNS解析重试中 us.616049.xyz: [Errno -2] Name or service not known
2026-04-04 16:45:00,966 - DEBUG - DNS解析重试中 us.616049.xyz: [Errno -2] Name or service not known
2026-04-04 16:45:01,967 - WARNING - [us.616049.xyz (LAX)] ├─ 无有效DNS记录，触发紧急更新
2026-04-04 16:57:56,084 - ERROR - CFST更新失败: None
2026-04-04 16:57:56,084 - INFO - --------------------------------------------------
2026-04-04 16:57:56,084 - INFO - [de.616049.xyz (FRA)] 开始处理节点维护
2026-04-04 16:57:56,101 - DEBUG - DNS解析重试中 de.616049.xyz: [Errno -2] Name or service not known
2026-04-04 16:57:57,116 - DEBUG - DNS解析重试中 de.616049.xyz: [Errno -2] Name or service not known
2026-04-04 16:57:58,126 - DEBUG - DNS解析重试中 de.616049.xyz: [Errno -2] Name or service not known
2026-04-04 16:57:59,127 - WARNING - [de.616049.xyz (FRA)] ├─ 无有效DNS记录，触发紧急更新
2026-04-04 17:10:52,612 - ERROR - CFST更新失败: None
2026-04-04 17:10:52,615 - DEBUG - Starting new HTTPS connection (1): api.telegram.org:443
2026-04-04 17:10:53,091 - DEBUG - https://api.telegram.org:443 "POST /bot/sendMessage HTTP/1.1" 404 55
