2026-06-30 00:52:49,839 - INFO - 启动维护任务 | 协议类型: IPV4
2026-06-30 00:52:49,839 - INFO - --------------------------------------------------
2026-06-30 00:52:49,839 - INFO - [hk.616049.xyz (HKG)] 开始处理节点维护
2026-06-30 00:52:49,865 - DEBUG - DNS解析重试中 hk.616049.xyz: [Errno -2] Name or service not known
2026-06-30 00:52:50,886 - DEBUG - DNS解析重试中 hk.616049.xyz: [Errno -2] Name or service not known
2026-06-30 00:52:51,911 - DEBUG - DNS解析重试中 hk.616049.xyz: [Errno -2] Name or service not known
2026-06-30 00:52:52,912 - WARNING - [hk.616049.xyz (HKG)] ├─ 无有效DNS记录，触发紧急更新
2026-06-30 01:05:33,600 - ERROR - CFST更新失败: None
2026-06-30 01:05:33,600 - INFO - --------------------------------------------------
2026-06-30 01:05:33,600 - INFO - [us.616049.xyz (LAX)] 开始处理节点维护
2026-06-30 01:05:33,636 - DEBUG - DNS解析重试中 us.616049.xyz: [Errno -2] Name or service not known
2026-06-30 01:05:34,660 - DEBUG - DNS解析重试中 us.616049.xyz: [Errno -2] Name or service not known
2026-06-30 01:05:35,668 - DEBUG - DNS解析重试中 us.616049.xyz: [Errno -2] Name or service not known
2026-06-30 01:05:36,669 - WARNING - [us.616049.xyz (LAX)] ├─ 无有效DNS记录，触发紧急更新
2026-06-30 01:18:11,240 - ERROR - CFST更新失败: None
2026-06-30 01:18:11,241 - INFO - --------------------------------------------------
2026-06-30 01:18:11,241 - INFO - [de.616049.xyz (FRA)] 开始处理节点维护
2026-06-30 01:18:11,275 - DEBUG - DNS解析重试中 de.616049.xyz: [Errno -2] Name or service not known
2026-06-30 01:18:12,305 - DEBUG - DNS解析重试中 de.616049.xyz: [Errno -2] Name or service not known
2026-06-30 01:18:13,331 - DEBUG - DNS解析重试中 de.616049.xyz: [Errno -2] Name or service not known
2026-06-30 01:18:14,332 - WARNING - [de.616049.xyz (FRA)] ├─ 无有效DNS记录，触发紧急更新
2026-06-30 01:30:49,729 - ERROR - CFST更新失败: None
2026-06-30 01:30:49,733 - DEBUG - Starting new HTTPS connection (1): api.telegram.org:443
2026-06-30 01:30:50,024 - DEBUG - https://api.telegram.org:443 "POST /bot/sendMessage HTTP/1.1" 404 55
