2026-04-22 12:41:05,796 - INFO - 启动维护任务 | 协议类型: IPV4
2026-04-22 12:41:05,796 - INFO - --------------------------------------------------
2026-04-22 12:41:05,796 - INFO - [hk.616049.xyz (HKG)] 开始处理节点维护
2026-04-22 12:41:05,815 - DEBUG - DNS解析重试中 hk.616049.xyz: [Errno -2] Name or service not known
2026-04-22 12:41:06,837 - DEBUG - DNS解析重试中 hk.616049.xyz: [Errno -2] Name or service not known
2026-04-22 12:41:07,852 - DEBUG - DNS解析重试中 hk.616049.xyz: [Errno -2] Name or service not known
2026-04-22 12:41:08,853 - WARNING - [hk.616049.xyz (HKG)] ├─ 无有效DNS记录，触发紧急更新
2026-04-22 12:54:04,141 - ERROR - CFST更新失败: None
2026-04-22 12:54:04,141 - INFO - --------------------------------------------------
2026-04-22 12:54:04,141 - INFO - [us.616049.xyz (LAX)] 开始处理节点维护
2026-04-22 12:54:04,246 - DEBUG - DNS解析重试中 us.616049.xyz: [Errno -2] Name or service not known
2026-04-22 12:54:05,316 - DEBUG - DNS解析重试中 us.616049.xyz: [Errno -2] Name or service not known
2026-04-22 12:54:06,332 - DEBUG - DNS解析重试中 us.616049.xyz: [Errno -2] Name or service not known
2026-04-22 12:54:07,333 - WARNING - [us.616049.xyz (LAX)] ├─ 无有效DNS记录，触发紧急更新
2026-04-22 13:07:02,228 - ERROR - CFST更新失败: None
2026-04-22 13:07:02,228 - INFO - --------------------------------------------------
2026-04-22 13:07:02,229 - INFO - [de.616049.xyz (FRA)] 开始处理节点维护
2026-04-22 13:07:02,243 - DEBUG - DNS解析重试中 de.616049.xyz: [Errno -2] Name or service not known
2026-04-22 13:07:03,258 - DEBUG - DNS解析重试中 de.616049.xyz: [Errno -2] Name or service not known
2026-04-22 13:07:04,272 - DEBUG - DNS解析重试中 de.616049.xyz: [Errno -2] Name or service not known
2026-04-22 13:07:05,273 - WARNING - [de.616049.xyz (FRA)] ├─ 无有效DNS记录，触发紧急更新
2026-04-22 13:19:59,837 - ERROR - CFST更新失败: None
2026-04-22 13:19:59,841 - DEBUG - Starting new HTTPS connection (1): api.telegram.org:443
2026-04-22 13:20:00,302 - DEBUG - https://api.telegram.org:443 "POST /bot/sendMessage HTTP/1.1" 404 55
