2026-06-07 21:24:53,533 - INFO - 启动维护任务 | 协议类型: IPV4
2026-06-07 21:24:53,533 - INFO - --------------------------------------------------
2026-06-07 21:24:53,533 - INFO - [hk.616049.xyz (HKG)] 开始处理节点维护
2026-06-07 21:24:53,545 - DEBUG - DNS解析重试中 hk.616049.xyz: [Errno -2] Name or service not known
2026-06-07 21:24:54,562 - DEBUG - DNS解析重试中 hk.616049.xyz: [Errno -2] Name or service not known
2026-06-07 21:24:55,578 - DEBUG - DNS解析重试中 hk.616049.xyz: [Errno -2] Name or service not known
2026-06-07 21:24:56,580 - WARNING - [hk.616049.xyz (HKG)] ├─ 无有效DNS记录，触发紧急更新
2026-06-07 21:37:35,706 - ERROR - CFST更新失败: None
2026-06-07 21:37:35,707 - INFO - --------------------------------------------------
2026-06-07 21:37:35,707 - INFO - [us.616049.xyz (LAX)] 开始处理节点维护
2026-06-07 21:37:35,729 - DEBUG - DNS解析重试中 us.616049.xyz: [Errno -2] Name or service not known
2026-06-07 21:37:36,760 - DEBUG - DNS解析重试中 us.616049.xyz: [Errno -2] Name or service not known
2026-06-07 21:37:37,780 - DEBUG - DNS解析重试中 us.616049.xyz: [Errno -2] Name or service not known
2026-06-07 21:37:38,781 - WARNING - [us.616049.xyz (LAX)] ├─ 无有效DNS记录，触发紧急更新
2026-06-07 21:50:22,518 - ERROR - CFST更新失败: None
2026-06-07 21:50:22,518 - INFO - --------------------------------------------------
2026-06-07 21:50:22,518 - INFO - [de.616049.xyz (FRA)] 开始处理节点维护
2026-06-07 21:50:22,580 - DEBUG - DNS解析重试中 de.616049.xyz: [Errno -2] Name or service not known
2026-06-07 21:50:23,663 - DEBUG - DNS解析重试中 de.616049.xyz: [Errno -2] Name or service not known
2026-06-07 21:50:24,683 - DEBUG - DNS解析重试中 de.616049.xyz: [Errno -2] Name or service not known
2026-06-07 21:50:25,685 - WARNING - [de.616049.xyz (FRA)] ├─ 无有效DNS记录，触发紧急更新
2026-06-07 22:03:03,940 - ERROR - CFST更新失败: None
2026-06-07 22:03:03,944 - DEBUG - Starting new HTTPS connection (1): api.telegram.org:443
2026-06-07 22:03:04,238 - DEBUG - https://api.telegram.org:443 "POST /bot/sendMessage HTTP/1.1" 404 55
