2026-06-13 15:39:55,767 - INFO - 启动维护任务 | 协议类型: IPV4
2026-06-13 15:39:55,768 - INFO - --------------------------------------------------
2026-06-13 15:39:55,768 - INFO - [hk.616049.xyz (HKG)] 开始处理节点维护
2026-06-13 15:39:55,793 - DEBUG - DNS解析重试中 hk.616049.xyz: [Errno -2] Name or service not known
2026-06-13 15:39:56,799 - DEBUG - DNS解析重试中 hk.616049.xyz: [Errno -2] Name or service not known
2026-06-13 15:39:57,826 - DEBUG - DNS解析重试中 hk.616049.xyz: [Errno -2] Name or service not known
2026-06-13 15:39:58,827 - WARNING - [hk.616049.xyz (HKG)] ├─ 无有效DNS记录，触发紧急更新
2026-06-13 15:52:33,929 - ERROR - CFST更新失败: None
2026-06-13 15:52:33,929 - INFO - --------------------------------------------------
2026-06-13 15:52:33,930 - INFO - [us.616049.xyz (LAX)] 开始处理节点维护
2026-06-13 15:52:33,961 - DEBUG - DNS解析重试中 us.616049.xyz: [Errno -2] Name or service not known
2026-06-13 15:52:34,984 - DEBUG - DNS解析重试中 us.616049.xyz: [Errno -2] Name or service not known
2026-06-13 15:52:36,010 - DEBUG - DNS解析重试中 us.616049.xyz: [Errno -2] Name or service not known
2026-06-13 15:52:37,011 - WARNING - [us.616049.xyz (LAX)] ├─ 无有效DNS记录，触发紧急更新
2026-06-13 16:05:11,154 - ERROR - CFST更新失败: None
2026-06-13 16:05:11,154 - INFO - --------------------------------------------------
2026-06-13 16:05:11,154 - INFO - [de.616049.xyz (FRA)] 开始处理节点维护
2026-06-13 16:05:11,175 - DEBUG - DNS解析重试中 de.616049.xyz: [Errno -2] Name or service not known
2026-06-13 16:05:12,213 - DEBUG - DNS解析重试中 de.616049.xyz: [Errno -2] Name or service not known
2026-06-13 16:05:13,235 - DEBUG - DNS解析重试中 de.616049.xyz: [Errno -2] Name or service not known
2026-06-13 16:05:14,236 - WARNING - [de.616049.xyz (FRA)] ├─ 无有效DNS记录，触发紧急更新
2026-06-13 16:17:48,716 - ERROR - CFST更新失败: None
2026-06-13 16:17:48,719 - DEBUG - Starting new HTTPS connection (1): api.telegram.org:443
2026-06-13 16:17:49,042 - DEBUG - https://api.telegram.org:443 "POST /bot/sendMessage HTTP/1.1" 404 55
