2026-07-12 19:05:43,340 - INFO - 启动维护任务 | 协议类型: IPV4
2026-07-12 19:05:43,340 - INFO - --------------------------------------------------
2026-07-12 19:05:43,340 - INFO - [hk.616049.xyz (HKG)] 开始处理节点维护
2026-07-12 19:05:43,373 - DEBUG - DNS解析重试中 hk.616049.xyz: [Errno -5] No address associated with hostname
2026-07-12 19:05:44,403 - DEBUG - DNS解析重试中 hk.616049.xyz: [Errno -5] No address associated with hostname
2026-07-12 19:05:45,427 - DEBUG - DNS解析重试中 hk.616049.xyz: [Errno -5] No address associated with hostname
2026-07-12 19:05:46,428 - WARNING - [hk.616049.xyz (HKG)] ├─ 无有效DNS记录，触发紧急更新
2026-07-12 19:18:26,131 - ERROR - CFST更新失败: None
2026-07-12 19:18:26,131 - INFO - --------------------------------------------------
2026-07-12 19:18:26,131 - INFO - [us.616049.xyz (LAX)] 开始处理节点维护
2026-07-12 19:18:26,162 - DEBUG - DNS解析重试中 us.616049.xyz: [Errno -5] No address associated with hostname
2026-07-12 19:18:27,248 - DEBUG - DNS解析重试中 us.616049.xyz: [Errno -5] No address associated with hostname
2026-07-12 19:18:28,273 - DEBUG - DNS解析重试中 us.616049.xyz: [Errno -5] No address associated with hostname
2026-07-12 19:18:29,274 - WARNING - [us.616049.xyz (LAX)] ├─ 无有效DNS记录，触发紧急更新
2026-07-12 19:31:03,761 - ERROR - CFST更新失败: None
2026-07-12 19:31:03,761 - INFO - --------------------------------------------------
2026-07-12 19:31:03,761 - INFO - [de.616049.xyz (FRA)] 开始处理节点维护
2026-07-12 19:31:03,785 - DEBUG - DNS解析重试中 de.616049.xyz: [Errno -5] No address associated with hostname
2026-07-12 19:31:04,805 - DEBUG - DNS解析重试中 de.616049.xyz: [Errno -5] No address associated with hostname
2026-07-12 19:31:05,833 - DEBUG - DNS解析重试中 de.616049.xyz: [Errno -5] No address associated with hostname
2026-07-12 19:31:06,835 - WARNING - [de.616049.xyz (FRA)] ├─ 无有效DNS记录，触发紧急更新
2026-07-12 19:43:46,716 - ERROR - CFST更新失败: None
2026-07-12 19:43:46,720 - DEBUG - Starting new HTTPS connection (1): api.telegram.org:443
2026-07-12 19:43:47,015 - DEBUG - https://api.telegram.org:443 "POST /bot/sendMessage HTTP/1.1" 404 55
