2026-03-15 22:23:14,139 - INFO - 启动维护任务 | 协议类型: IPV4
2026-03-15 22:23:14,139 - INFO - --------------------------------------------------
2026-03-15 22:23:14,139 - INFO - [hk.616049.xyz (HKG)] 开始处理节点维护
2026-03-15 22:23:14,155 - DEBUG - DNS解析重试中 hk.616049.xyz: [Errno -2] Name or service not known
2026-03-15 22:23:15,185 - DEBUG - DNS解析重试中 hk.616049.xyz: [Errno -2] Name or service not known
2026-03-15 22:23:16,192 - DEBUG - DNS解析重试中 hk.616049.xyz: [Errno -2] Name or service not known
2026-03-15 22:23:17,194 - WARNING - [hk.616049.xyz (HKG)] ├─ 无有效DNS记录，触发紧急更新
2026-03-15 22:36:10,668 - ERROR - CFST更新失败: None
2026-03-15 22:36:10,668 - INFO - --------------------------------------------------
2026-03-15 22:36:10,669 - INFO - [us.616049.xyz (LAX)] 开始处理节点维护
2026-03-15 22:36:10,684 - DEBUG - DNS解析重试中 us.616049.xyz: [Errno -2] Name or service not known
2026-03-15 22:36:11,694 - DEBUG - DNS解析重试中 us.616049.xyz: [Errno -2] Name or service not known
2026-03-15 22:36:12,708 - DEBUG - DNS解析重试中 us.616049.xyz: [Errno -2] Name or service not known
2026-03-15 22:36:13,709 - WARNING - [us.616049.xyz (LAX)] ├─ 无有效DNS记录，触发紧急更新
2026-03-15 22:49:06,361 - ERROR - CFST更新失败: None
2026-03-15 22:49:06,361 - INFO - --------------------------------------------------
2026-03-15 22:49:06,361 - INFO - [de.616049.xyz (FRA)] 开始处理节点维护
2026-03-15 22:49:06,369 - DEBUG - DNS解析重试中 de.616049.xyz: [Errno -2] Name or service not known
2026-03-15 22:49:07,383 - DEBUG - DNS解析重试中 de.616049.xyz: [Errno -2] Name or service not known
2026-03-15 22:49:08,398 - DEBUG - DNS解析重试中 de.616049.xyz: [Errno -2] Name or service not known
2026-03-15 22:49:09,399 - WARNING - [de.616049.xyz (FRA)] ├─ 无有效DNS记录，触发紧急更新
2026-03-15 23:02:02,170 - ERROR - CFST更新失败: None
2026-03-15 23:02:02,174 - DEBUG - Starting new HTTPS connection (1): api.telegram.org:443
2026-03-15 23:02:02,647 - DEBUG - https://api.telegram.org:443 "POST /bot/sendMessage HTTP/1.1" 404 55
