2026-05-20 18:43:05,482 - INFO - 启动维护任务 | 协议类型: IPV4
2026-05-20 18:43:05,482 - INFO - --------------------------------------------------
2026-05-20 18:43:05,482 - INFO - [hk.616049.xyz (HKG)] 开始处理节点维护
2026-05-20 18:43:05,489 - DEBUG - DNS解析重试中 hk.616049.xyz: [Errno -2] Name or service not known
2026-05-20 18:43:06,513 - DEBUG - DNS解析重试中 hk.616049.xyz: [Errno -2] Name or service not known
2026-05-20 18:43:07,521 - DEBUG - DNS解析重试中 hk.616049.xyz: [Errno -2] Name or service not known
2026-05-20 18:43:08,522 - WARNING - [hk.616049.xyz (HKG)] ├─ 无有效DNS记录，触发紧急更新
2026-05-20 18:56:02,739 - ERROR - CFST更新失败: None
2026-05-20 18:56:02,739 - INFO - --------------------------------------------------
2026-05-20 18:56:02,739 - INFO - [us.616049.xyz (LAX)] 开始处理节点维护
2026-05-20 18:56:02,746 - DEBUG - DNS解析重试中 us.616049.xyz: [Errno -2] Name or service not known
2026-05-20 18:56:03,754 - DEBUG - DNS解析重试中 us.616049.xyz: [Errno -2] Name or service not known
2026-05-20 18:56:04,761 - DEBUG - DNS解析重试中 us.616049.xyz: [Errno -2] Name or service not known
2026-05-20 18:56:05,762 - WARNING - [us.616049.xyz (LAX)] ├─ 无有效DNS记录，触发紧急更新
2026-05-20 19:08:59,471 - ERROR - CFST更新失败: None
2026-05-20 19:08:59,471 - INFO - --------------------------------------------------
2026-05-20 19:08:59,471 - INFO - [de.616049.xyz (FRA)] 开始处理节点维护
2026-05-20 19:08:59,478 - DEBUG - DNS解析重试中 de.616049.xyz: [Errno -2] Name or service not known
2026-05-20 19:09:00,487 - DEBUG - DNS解析重试中 de.616049.xyz: [Errno -2] Name or service not known
2026-05-20 19:09:01,496 - DEBUG - DNS解析重试中 de.616049.xyz: [Errno -2] Name or service not known
2026-05-20 19:09:02,497 - WARNING - [de.616049.xyz (FRA)] ├─ 无有效DNS记录，触发紧急更新
2026-05-20 19:21:56,324 - ERROR - CFST更新失败: None
2026-05-20 19:21:56,328 - DEBUG - Starting new HTTPS connection (1): api.telegram.org:443
2026-05-20 19:21:56,831 - DEBUG - https://api.telegram.org:443 "POST /bot/sendMessage HTTP/1.1" 404 55
