2026-06-05 00:46:40,420 - INFO - 启动维护任务 | 协议类型: IPV4
2026-06-05 00:46:40,420 - INFO - --------------------------------------------------
2026-06-05 00:46:40,420 - INFO - [hk.616049.xyz (HKG)] 开始处理节点维护
2026-06-05 00:46:40,458 - DEBUG - DNS解析重试中 hk.616049.xyz: [Errno -2] Name or service not known
2026-06-05 00:46:41,484 - DEBUG - DNS解析重试中 hk.616049.xyz: [Errno -2] Name or service not known
2026-06-05 00:46:42,514 - DEBUG - DNS解析重试中 hk.616049.xyz: [Errno -2] Name or service not known
2026-06-05 00:46:43,515 - WARNING - [hk.616049.xyz (HKG)] ├─ 无有效DNS记录，触发紧急更新
2026-06-05 00:59:33,451 - ERROR - CFST更新失败: None
2026-06-05 00:59:33,452 - INFO - --------------------------------------------------
2026-06-05 00:59:33,452 - INFO - [us.616049.xyz (LAX)] 开始处理节点维护
2026-06-05 00:59:33,496 - DEBUG - DNS解析重试中 us.616049.xyz: [Errno -2] Name or service not known
2026-06-05 00:59:34,523 - DEBUG - DNS解析重试中 us.616049.xyz: [Errno -2] Name or service not known
2026-06-05 00:59:35,556 - DEBUG - DNS解析重试中 us.616049.xyz: [Errno -2] Name or service not known
2026-06-05 00:59:36,557 - WARNING - [us.616049.xyz (LAX)] ├─ 无有效DNS记录，触发紧急更新
2026-06-05 01:12:23,422 - ERROR - CFST更新失败: None
2026-06-05 01:12:23,423 - INFO - --------------------------------------------------
2026-06-05 01:12:23,423 - INFO - [de.616049.xyz (FRA)] 开始处理节点维护
2026-06-05 01:12:23,448 - DEBUG - DNS解析重试中 de.616049.xyz: [Errno -2] Name or service not known
2026-06-05 01:12:24,472 - DEBUG - DNS解析重试中 de.616049.xyz: [Errno -2] Name or service not known
2026-06-05 01:12:25,515 - DEBUG - DNS解析重试中 de.616049.xyz: [Errno -2] Name or service not known
2026-06-05 01:12:26,516 - WARNING - [de.616049.xyz (FRA)] ├─ 无有效DNS记录，触发紧急更新
2026-06-05 01:25:12,440 - ERROR - CFST更新失败: None
2026-06-05 01:25:12,444 - DEBUG - Starting new HTTPS connection (1): api.telegram.org:443
2026-06-05 01:25:12,792 - DEBUG - https://api.telegram.org:443 "POST /bot/sendMessage HTTP/1.1" 404 55
