2026-07-13 20:26:16,302 - INFO - 启动维护任务 | 协议类型: IPV4
2026-07-13 20:26:16,302 - INFO - --------------------------------------------------
2026-07-13 20:26:16,302 - INFO - [hk.616049.xyz (HKG)] 开始处理节点维护
2026-07-13 20:26:16,315 - DEBUG - DNS解析重试中 hk.616049.xyz: [Errno -5] No address associated with hostname
2026-07-13 20:26:17,324 - DEBUG - DNS解析重试中 hk.616049.xyz: [Errno -5] No address associated with hostname
2026-07-13 20:26:18,355 - DEBUG - DNS解析重试中 hk.616049.xyz: [Errno -5] No address associated with hostname
2026-07-13 20:26:19,356 - WARNING - [hk.616049.xyz (HKG)] ├─ 无有效DNS记录，触发紧急更新
2026-07-13 20:38:50,215 - ERROR - CFST更新失败: None
2026-07-13 20:38:50,215 - INFO - --------------------------------------------------
2026-07-13 20:38:50,215 - INFO - [us.616049.xyz (LAX)] 开始处理节点维护
2026-07-13 20:38:50,242 - DEBUG - DNS解析重试中 us.616049.xyz: [Errno -5] No address associated with hostname
2026-07-13 20:38:51,267 - DEBUG - DNS解析重试中 us.616049.xyz: [Errno -5] No address associated with hostname
2026-07-13 20:38:52,283 - DEBUG - DNS解析重试中 us.616049.xyz: [Errno -5] No address associated with hostname
2026-07-13 20:38:53,284 - WARNING - [us.616049.xyz (LAX)] ├─ 无有效DNS记录，触发紧急更新
2026-07-13 20:51:25,522 - ERROR - CFST更新失败: None
2026-07-13 20:51:25,522 - INFO - --------------------------------------------------
2026-07-13 20:51:25,522 - INFO - [de.616049.xyz (FRA)] 开始处理节点维护
2026-07-13 20:51:25,536 - DEBUG - DNS解析重试中 de.616049.xyz: [Errno -5] No address associated with hostname
2026-07-13 20:51:26,551 - DEBUG - DNS解析重试中 de.616049.xyz: [Errno -5] No address associated with hostname
2026-07-13 20:51:27,565 - DEBUG - DNS解析重试中 de.616049.xyz: [Errno -5] No address associated with hostname
2026-07-13 20:51:28,566 - WARNING - [de.616049.xyz (FRA)] ├─ 无有效DNS记录，触发紧急更新
2026-07-13 21:04:02,361 - ERROR - CFST更新失败: None
2026-07-13 21:04:02,364 - DEBUG - Starting new HTTPS connection (1): api.telegram.org:443
2026-07-13 21:04:02,649 - DEBUG - https://api.telegram.org:443 "POST /bot/sendMessage HTTP/1.1" 404 55
