2026-03-09 00:18:53,869 - INFO - 启动维护任务 | 协议类型: IPV4
2026-03-09 00:18:53,869 - INFO - --------------------------------------------------
2026-03-09 00:18:53,869 - INFO - [hk.616049.xyz (HKG)] 开始处理节点维护
2026-03-09 00:18:53,899 - DEBUG - DNS解析重试中 hk.616049.xyz: [Errno -2] Name or service not known
2026-03-09 00:18:54,941 - DEBUG - DNS解析重试中 hk.616049.xyz: [Errno -2] Name or service not known
2026-03-09 00:18:55,977 - DEBUG - DNS解析重试中 hk.616049.xyz: [Errno -2] Name or service not known
2026-03-09 00:18:56,979 - WARNING - [hk.616049.xyz (HKG)] ├─ 无有效DNS记录，触发紧急更新
2026-03-09 00:31:52,885 - ERROR - CFST更新失败: None
2026-03-09 00:31:52,886 - INFO - --------------------------------------------------
2026-03-09 00:31:52,886 - INFO - [us.616049.xyz (LAX)] 开始处理节点维护
2026-03-09 00:31:53,232 - DEBUG - DNS解析重试中 us.616049.xyz: [Errno -2] Name or service not known
2026-03-09 00:31:54,262 - DEBUG - DNS解析重试中 us.616049.xyz: [Errno -2] Name or service not known
2026-03-09 00:31:55,302 - DEBUG - DNS解析重试中 us.616049.xyz: [Errno -2] Name or service not known
2026-03-09 00:31:56,303 - WARNING - [us.616049.xyz (LAX)] ├─ 无有效DNS记录，触发紧急更新
2026-03-09 00:44:51,909 - ERROR - CFST更新失败: None
2026-03-09 00:44:51,909 - INFO - --------------------------------------------------
2026-03-09 00:44:51,909 - INFO - [de.616049.xyz (FRA)] 开始处理节点维护
2026-03-09 00:44:51,937 - DEBUG - DNS解析重试中 de.616049.xyz: [Errno -2] Name or service not known
2026-03-09 00:44:52,971 - DEBUG - DNS解析重试中 de.616049.xyz: [Errno -2] Name or service not known
2026-03-09 00:44:54,011 - DEBUG - DNS解析重试中 de.616049.xyz: [Errno -2] Name or service not known
2026-03-09 00:44:55,013 - WARNING - [de.616049.xyz (FRA)] ├─ 无有效DNS记录，触发紧急更新
2026-03-09 00:57:50,059 - ERROR - CFST更新失败: None
2026-03-09 00:57:50,063 - DEBUG - Starting new HTTPS connection (1): api.telegram.org:443
2026-03-09 00:57:50,463 - DEBUG - https://api.telegram.org:443 "POST /bot/sendMessage HTTP/1.1" 404 55
