2026-02-08 06:17:58,774 - INFO - 启动维护任务 | 协议类型: IPV4
2026-02-08 06:17:58,774 - INFO - --------------------------------------------------
2026-02-08 06:17:58,774 - INFO - [hk.616049.xyz (HKG)] 开始处理节点维护
2026-02-08 06:17:58,813 - DEBUG - DNS解析重试中 hk.616049.xyz: [Errno -2] Name or service not known
2026-02-08 06:17:59,829 - DEBUG - DNS解析重试中 hk.616049.xyz: [Errno -2] Name or service not known
2026-02-08 06:18:00,851 - DEBUG - DNS解析重试中 hk.616049.xyz: [Errno -2] Name or service not known
2026-02-08 06:18:01,853 - WARNING - [hk.616049.xyz (HKG)] ├─ 无有效DNS记录，触发紧急更新
2026-02-08 06:31:12,038 - ERROR - CFST更新失败: None
2026-02-08 06:31:12,038 - INFO - --------------------------------------------------
2026-02-08 06:31:12,038 - INFO - [us.616049.xyz (LAX)] 开始处理节点维护
2026-02-08 06:31:12,053 - DEBUG - DNS解析重试中 us.616049.xyz: [Errno -2] Name or service not known
2026-02-08 06:31:13,086 - DEBUG - DNS解析重试中 us.616049.xyz: [Errno -2] Name or service not known
2026-02-08 06:31:14,093 - DEBUG - DNS解析重试中 us.616049.xyz: [Errno -2] Name or service not known
2026-02-08 06:31:15,094 - WARNING - [us.616049.xyz (LAX)] ├─ 无有效DNS记录，触发紧急更新
2026-02-08 06:44:24,573 - ERROR - CFST更新失败: None
2026-02-08 06:44:24,574 - INFO - --------------------------------------------------
2026-02-08 06:44:24,574 - INFO - [de.616049.xyz (FRA)] 开始处理节点维护
2026-02-08 06:44:24,601 - DEBUG - DNS解析重试中 de.616049.xyz: [Errno -2] Name or service not known
2026-02-08 06:44:25,616 - DEBUG - DNS解析重试中 de.616049.xyz: [Errno -2] Name or service not known
2026-02-08 06:44:26,632 - DEBUG - DNS解析重试中 de.616049.xyz: [Errno -2] Name or service not known
2026-02-08 06:44:27,634 - WARNING - [de.616049.xyz (FRA)] ├─ 无有效DNS记录，触发紧急更新
2026-02-08 06:57:37,503 - ERROR - CFST更新失败: None
2026-02-08 06:57:37,506 - DEBUG - Starting new HTTPS connection (1): api.telegram.org:443
2026-02-08 06:57:37,987 - DEBUG - https://api.telegram.org:443 "POST /bot/sendMessage HTTP/1.1" 404 55
