2026-02-02 02:23:58,500 - INFO - 启动维护任务 | 协议类型: IPV4
2026-02-02 02:23:58,500 - INFO - --------------------------------------------------
2026-02-02 02:23:58,500 - INFO - [hk.616049.xyz (HKG)] 开始处理节点维护
2026-02-02 02:23:58,525 - DEBUG - DNS解析重试中 hk.616049.xyz: [Errno -2] Name or service not known
2026-02-02 02:23:59,545 - DEBUG - DNS解析重试中 hk.616049.xyz: [Errno -2] Name or service not known
2026-02-02 02:24:00,571 - DEBUG - DNS解析重试中 hk.616049.xyz: [Errno -2] Name or service not known
2026-02-02 02:24:01,572 - WARNING - [hk.616049.xyz (HKG)] ├─ 无有效DNS记录，触发紧急更新
2026-02-02 02:36:58,925 - ERROR - CFST更新失败: None
2026-02-02 02:36:58,925 - INFO - --------------------------------------------------
2026-02-02 02:36:58,925 - INFO - [us.616049.xyz (LAX)] 开始处理节点维护
2026-02-02 02:36:58,938 - DEBUG - DNS解析重试中 us.616049.xyz: [Errno -2] Name or service not known
2026-02-02 02:36:59,971 - DEBUG - DNS解析重试中 us.616049.xyz: [Errno -2] Name or service not known
2026-02-02 02:37:00,987 - DEBUG - DNS解析重试中 us.616049.xyz: [Errno -2] Name or service not known
2026-02-02 02:37:01,988 - WARNING - [us.616049.xyz (LAX)] ├─ 无有效DNS记录，触发紧急更新
2026-02-02 02:49:57,962 - ERROR - CFST更新失败: None
2026-02-02 02:49:57,962 - INFO - --------------------------------------------------
2026-02-02 02:49:57,962 - INFO - [de.616049.xyz (FRA)] 开始处理节点维护
2026-02-02 02:49:57,985 - DEBUG - DNS解析重试中 de.616049.xyz: [Errno -2] Name or service not known
2026-02-02 02:49:58,996 - DEBUG - DNS解析重试中 de.616049.xyz: [Errno -2] Name or service not known
2026-02-02 02:50:00,007 - DEBUG - DNS解析重试中 de.616049.xyz: [Errno -2] Name or service not known
2026-02-02 02:50:01,009 - WARNING - [de.616049.xyz (FRA)] ├─ 无有效DNS记录，触发紧急更新
2026-02-02 03:02:57,186 - ERROR - CFST更新失败: None
2026-02-02 03:02:57,190 - DEBUG - Starting new HTTPS connection (1): api.telegram.org:443
2026-02-02 03:02:57,485 - DEBUG - https://api.telegram.org:443 "POST /bot/sendMessage HTTP/1.1" 404 55
