2026-03-14 04:25:58,339 - INFO - 启动维护任务 | 协议类型: IPV4
2026-03-14 04:25:58,339 - INFO - --------------------------------------------------
2026-03-14 04:25:58,339 - INFO - [hk.616049.xyz (HKG)] 开始处理节点维护
2026-03-14 04:25:58,382 - DEBUG - DNS解析重试中 hk.616049.xyz: [Errno -2] Name or service not known
2026-03-14 04:25:59,414 - DEBUG - DNS解析重试中 hk.616049.xyz: [Errno -2] Name or service not known
2026-03-14 04:26:00,446 - DEBUG - DNS解析重试中 hk.616049.xyz: [Errno -2] Name or service not known
2026-03-14 04:26:01,447 - WARNING - [hk.616049.xyz (HKG)] ├─ 无有效DNS记录，触发紧急更新
2026-03-14 04:38:57,499 - ERROR - CFST更新失败: None
2026-03-14 04:38:57,499 - INFO - --------------------------------------------------
2026-03-14 04:38:57,499 - INFO - [us.616049.xyz (LAX)] 开始处理节点维护
2026-03-14 04:38:57,533 - DEBUG - DNS解析重试中 us.616049.xyz: [Errno -2] Name or service not known
2026-03-14 04:38:58,565 - DEBUG - DNS解析重试中 us.616049.xyz: [Errno -2] Name or service not known
2026-03-14 04:38:59,602 - DEBUG - DNS解析重试中 us.616049.xyz: [Errno -2] Name or service not known
2026-03-14 04:39:00,603 - WARNING - [us.616049.xyz (LAX)] ├─ 无有效DNS记录，触发紧急更新
2026-03-14 04:51:56,140 - ERROR - CFST更新失败: None
2026-03-14 04:51:56,140 - INFO - --------------------------------------------------
2026-03-14 04:51:56,140 - INFO - [de.616049.xyz (FRA)] 开始处理节点维护
2026-03-14 04:51:56,176 - DEBUG - DNS解析重试中 de.616049.xyz: [Errno -2] Name or service not known
2026-03-14 04:51:57,207 - DEBUG - DNS解析重试中 de.616049.xyz: [Errno -2] Name or service not known
2026-03-14 04:51:58,244 - DEBUG - DNS解析重试中 de.616049.xyz: [Errno -2] Name or service not known
2026-03-14 04:51:59,245 - WARNING - [de.616049.xyz (FRA)] ├─ 无有效DNS记录，触发紧急更新
2026-03-14 05:04:54,341 - ERROR - CFST更新失败: None
2026-03-14 05:04:54,345 - DEBUG - Starting new HTTPS connection (1): api.telegram.org:443
2026-03-14 05:04:54,741 - DEBUG - https://api.telegram.org:443 "POST /bot/sendMessage HTTP/1.1" 404 55
