2026-01-19 18:21:06,234 - INFO - 启动维护任务 | 协议类型: IPV4
2026-01-19 18:21:06,234 - INFO - --------------------------------------------------
2026-01-19 18:21:06,235 - INFO - [hk.616049.xyz (HKG)] 开始处理节点维护
2026-01-19 18:21:06,243 - DEBUG - DNS解析重试中 hk.616049.xyz: [Errno -2] Name or service not known
2026-01-19 18:21:07,250 - DEBUG - DNS解析重试中 hk.616049.xyz: [Errno -2] Name or service not known
2026-01-19 18:21:08,267 - DEBUG - DNS解析重试中 hk.616049.xyz: [Errno -2] Name or service not known
2026-01-19 18:21:09,269 - WARNING - [hk.616049.xyz (HKG)] ├─ 无有效DNS记录，触发紧急更新
2026-01-19 18:34:06,523 - ERROR - CFST更新失败: None
2026-01-19 18:34:06,523 - INFO - --------------------------------------------------
2026-01-19 18:34:06,523 - INFO - [us.616049.xyz (LAX)] 开始处理节点维护
2026-01-19 18:34:06,538 - DEBUG - DNS解析重试中 us.616049.xyz: [Errno -2] Name or service not known
2026-01-19 18:34:07,561 - DEBUG - DNS解析重试中 us.616049.xyz: [Errno -2] Name or service not known
2026-01-19 18:34:08,572 - DEBUG - DNS解析重试中 us.616049.xyz: [Errno -2] Name or service not known
2026-01-19 18:34:09,573 - WARNING - [us.616049.xyz (LAX)] ├─ 无有效DNS记录，触发紧急更新
2026-01-19 18:47:05,592 - ERROR - CFST更新失败: None
2026-01-19 18:47:05,592 - INFO - --------------------------------------------------
2026-01-19 18:47:05,592 - INFO - [de.616049.xyz (FRA)] 开始处理节点维护
2026-01-19 18:47:05,608 - DEBUG - DNS解析重试中 de.616049.xyz: [Errno -2] Name or service not known
2026-01-19 18:47:06,623 - DEBUG - DNS解析重试中 de.616049.xyz: [Errno -2] Name or service not known
2026-01-19 18:47:07,632 - DEBUG - DNS解析重试中 de.616049.xyz: [Errno -2] Name or service not known
2026-01-19 18:47:08,634 - WARNING - [de.616049.xyz (FRA)] ├─ 无有效DNS记录，触发紧急更新
2026-01-19 19:00:04,673 - ERROR - CFST更新失败: None
2026-01-19 19:00:04,677 - DEBUG - Starting new HTTPS connection (1): api.telegram.org:443
2026-01-19 19:00:04,967 - DEBUG - https://api.telegram.org:443 "POST /bot/sendMessage HTTP/1.1" 404 55
