2026-07-14 00:22:20,185 - INFO - 启动维护任务 | 协议类型: IPV4
2026-07-14 00:22:20,185 - INFO - --------------------------------------------------
2026-07-14 00:22:20,185 - INFO - [hk.616049.xyz (HKG)] 开始处理节点维护
2026-07-14 00:22:20,210 - DEBUG - DNS解析重试中 hk.616049.xyz: [Errno -5] No address associated with hostname
2026-07-14 00:22:21,229 - DEBUG - DNS解析重试中 hk.616049.xyz: [Errno -5] No address associated with hostname
2026-07-14 00:22:22,243 - DEBUG - DNS解析重试中 hk.616049.xyz: [Errno -5] No address associated with hostname
2026-07-14 00:22:23,245 - WARNING - [hk.616049.xyz (HKG)] ├─ 无有效DNS记录，触发紧急更新
2026-07-14 00:34:55,370 - ERROR - CFST更新失败: None
2026-07-14 00:34:55,370 - INFO - --------------------------------------------------
2026-07-14 00:34:55,370 - INFO - [us.616049.xyz (LAX)] 开始处理节点维护
2026-07-14 00:34:55,397 - DEBUG - DNS解析重试中 us.616049.xyz: [Errno -5] No address associated with hostname
2026-07-14 00:34:56,410 - DEBUG - DNS解析重试中 us.616049.xyz: [Errno -5] No address associated with hostname
2026-07-14 00:34:57,441 - DEBUG - DNS解析重试中 us.616049.xyz: [Errno -5] No address associated with hostname
2026-07-14 00:34:58,442 - WARNING - [us.616049.xyz (LAX)] ├─ 无有效DNS记录，触发紧急更新
2026-07-14 00:47:29,660 - ERROR - CFST更新失败: None
2026-07-14 00:47:29,661 - INFO - --------------------------------------------------
2026-07-14 00:47:29,661 - INFO - [de.616049.xyz (FRA)] 开始处理节点维护
2026-07-14 00:47:29,687 - DEBUG - DNS解析重试中 de.616049.xyz: [Errno -5] No address associated with hostname
2026-07-14 00:47:30,713 - DEBUG - DNS解析重试中 de.616049.xyz: [Errno -5] No address associated with hostname
2026-07-14 00:47:31,741 - DEBUG - DNS解析重试中 de.616049.xyz: [Errno -5] No address associated with hostname
2026-07-14 00:47:32,743 - WARNING - [de.616049.xyz (FRA)] ├─ 无有效DNS记录，触发紧急更新
2026-07-14 01:00:03,631 - ERROR - CFST更新失败: None
2026-07-14 01:00:03,635 - DEBUG - Starting new HTTPS connection (1): api.telegram.org:443
2026-07-14 01:00:04,109 - DEBUG - https://api.telegram.org:443 "POST /bot/sendMessage HTTP/1.1" 404 55
