2026-05-22 10:36:57,451 - INFO - 启动维护任务 | 协议类型: IPV4
2026-05-22 10:36:57,451 - INFO - --------------------------------------------------
2026-05-22 10:36:57,451 - INFO - [hk.616049.xyz (HKG)] 开始处理节点维护
2026-05-22 10:36:57,468 - DEBUG - DNS解析重试中 hk.616049.xyz: [Errno -2] Name or service not known
2026-05-22 10:36:58,494 - DEBUG - DNS解析重试中 hk.616049.xyz: [Errno -2] Name or service not known
2026-05-22 10:36:59,509 - DEBUG - DNS解析重试中 hk.616049.xyz: [Errno -2] Name or service not known
2026-05-22 10:37:00,510 - WARNING - [hk.616049.xyz (HKG)] ├─ 无有效DNS记录，触发紧急更新
2026-05-22 10:50:00,905 - ERROR - CFST更新失败: None
2026-05-22 10:50:00,905 - INFO - --------------------------------------------------
2026-05-22 10:50:00,905 - INFO - [us.616049.xyz (LAX)] 开始处理节点维护
2026-05-22 10:50:00,917 - DEBUG - DNS解析重试中 us.616049.xyz: [Errno -2] Name or service not known
2026-05-22 10:50:01,930 - DEBUG - DNS解析重试中 us.616049.xyz: [Errno -2] Name or service not known
2026-05-22 10:50:02,942 - DEBUG - DNS解析重试中 us.616049.xyz: [Errno -2] Name or service not known
2026-05-22 10:50:03,944 - WARNING - [us.616049.xyz (LAX)] ├─ 无有效DNS记录，触发紧急更新
2026-05-22 11:03:01,836 - ERROR - CFST更新失败: None
2026-05-22 11:03:01,836 - INFO - --------------------------------------------------
2026-05-22 11:03:01,837 - INFO - [de.616049.xyz (FRA)] 开始处理节点维护
2026-05-22 11:03:01,853 - DEBUG - DNS解析重试中 de.616049.xyz: [Errno -2] Name or service not known
2026-05-22 11:03:02,869 - DEBUG - DNS解析重试中 de.616049.xyz: [Errno -2] Name or service not known
2026-05-22 11:03:03,886 - DEBUG - DNS解析重试中 de.616049.xyz: [Errno -2] Name or service not known
2026-05-22 11:03:04,887 - WARNING - [de.616049.xyz (FRA)] ├─ 无有效DNS记录，触发紧急更新
2026-05-22 11:16:07,475 - ERROR - CFST更新失败: None
2026-05-22 11:16:07,478 - DEBUG - Starting new HTTPS connection (1): api.telegram.org:443
2026-05-22 11:16:07,770 - DEBUG - https://api.telegram.org:443 "POST /bot/sendMessage HTTP/1.1" 404 55
