2026-03-02 09:20:28,837 - INFO - 启动维护任务 | 协议类型: IPV4
2026-03-02 09:20:28,837 - INFO - --------------------------------------------------
2026-03-02 09:20:28,837 - INFO - [hk.616049.xyz (HKG)] 开始处理节点维护
2026-03-02 09:20:28,845 - DEBUG - DNS解析重试中 hk.616049.xyz: [Errno -2] Name or service not known
2026-03-02 09:20:29,878 - DEBUG - DNS解析重试中 hk.616049.xyz: [Errno -2] Name or service not known
2026-03-02 09:20:30,885 - DEBUG - DNS解析重试中 hk.616049.xyz: [Errno -2] Name or service not known
2026-03-02 09:20:31,887 - WARNING - [hk.616049.xyz (HKG)] ├─ 无有效DNS记录，触发紧急更新
2026-03-02 09:33:26,011 - ERROR - CFST更新失败: None
2026-03-02 09:33:26,011 - INFO - --------------------------------------------------
2026-03-02 09:33:26,012 - INFO - [us.616049.xyz (LAX)] 开始处理节点维护
2026-03-02 09:33:26,032 - DEBUG - DNS解析重试中 us.616049.xyz: [Errno -2] Name or service not known
2026-03-02 09:33:27,040 - DEBUG - DNS解析重试中 us.616049.xyz: [Errno -2] Name or service not known
2026-03-02 09:33:28,048 - DEBUG - DNS解析重试中 us.616049.xyz: [Errno -2] Name or service not known
2026-03-02 09:33:29,049 - WARNING - [us.616049.xyz (LAX)] ├─ 无有效DNS记录，触发紧急更新
2026-03-02 09:46:22,962 - ERROR - CFST更新失败: None
2026-03-02 09:46:22,962 - INFO - --------------------------------------------------
2026-03-02 09:46:22,962 - INFO - [de.616049.xyz (FRA)] 开始处理节点维护
2026-03-02 09:46:22,998 - DEBUG - DNS解析重试中 de.616049.xyz: [Errno -2] Name or service not known
2026-03-02 09:46:24,009 - DEBUG - DNS解析重试中 de.616049.xyz: [Errno -2] Name or service not known
2026-03-02 09:46:25,160 - DEBUG - DNS解析重试中 de.616049.xyz: [Errno -2] Name or service not known
2026-03-02 09:46:26,161 - WARNING - [de.616049.xyz (FRA)] ├─ 无有效DNS记录，触发紧急更新
2026-03-02 09:59:20,017 - ERROR - CFST更新失败: None
2026-03-02 09:59:20,020 - DEBUG - Starting new HTTPS connection (1): api.telegram.org:443
2026-03-02 09:59:20,513 - DEBUG - https://api.telegram.org:443 "POST /bot/sendMessage HTTP/1.1" 404 55
