2026-01-25 12:46:10,495 - INFO - 启动维护任务 | 协议类型: IPV4
2026-01-25 12:46:10,495 - INFO - --------------------------------------------------
2026-01-25 12:46:10,495 - INFO - [hk.616049.xyz (HKG)] 开始处理节点维护
2026-01-25 12:46:10,504 - DEBUG - DNS解析重试中 hk.616049.xyz: [Errno -2] Name or service not known
2026-01-25 12:46:11,511 - DEBUG - DNS解析重试中 hk.616049.xyz: [Errno -2] Name or service not known
2026-01-25 12:46:12,537 - DEBUG - DNS解析重试中 hk.616049.xyz: [Errno -2] Name or service not known
2026-01-25 12:46:13,538 - WARNING - [hk.616049.xyz (HKG)] ├─ 无有效DNS记录，触发紧急更新
2026-01-25 12:59:09,733 - ERROR - CFST更新失败: None
2026-01-25 12:59:09,734 - INFO - --------------------------------------------------
2026-01-25 12:59:09,734 - INFO - [us.616049.xyz (LAX)] 开始处理节点维护
2026-01-25 12:59:09,743 - DEBUG - DNS解析重试中 us.616049.xyz: [Errno -2] Name or service not known
2026-01-25 12:59:10,751 - DEBUG - DNS解析重试中 us.616049.xyz: [Errno -2] Name or service not known
2026-01-25 12:59:11,760 - DEBUG - DNS解析重试中 us.616049.xyz: [Errno -2] Name or service not known
2026-01-25 12:59:12,761 - WARNING - [us.616049.xyz (LAX)] ├─ 无有效DNS记录，触发紧急更新
2026-01-25 13:12:10,318 - ERROR - CFST更新失败: None
2026-01-25 13:12:10,318 - INFO - --------------------------------------------------
2026-01-25 13:12:10,319 - INFO - [de.616049.xyz (FRA)] 开始处理节点维护
2026-01-25 13:12:10,341 - DEBUG - DNS解析重试中 de.616049.xyz: [Errno -2] Name or service not known
2026-01-25 13:12:11,353 - DEBUG - DNS解析重试中 de.616049.xyz: [Errno -2] Name or service not known
2026-01-25 13:12:12,367 - DEBUG - DNS解析重试中 de.616049.xyz: [Errno -2] Name or service not known
2026-01-25 13:12:13,368 - WARNING - [de.616049.xyz (FRA)] ├─ 无有效DNS记录，触发紧急更新
2026-01-25 13:25:10,108 - ERROR - CFST更新失败: None
2026-01-25 13:25:10,111 - DEBUG - Starting new HTTPS connection (1): api.telegram.org:443
2026-01-25 13:25:10,398 - DEBUG - https://api.telegram.org:443 "POST /bot/sendMessage HTTP/1.1" 404 55
