2026-03-11 06:20:19,512 - INFO - 启动维护任务 | 协议类型: IPV4
2026-03-11 06:20:19,512 - INFO - --------------------------------------------------
2026-03-11 06:20:19,512 - INFO - [hk.616049.xyz (HKG)] 开始处理节点维护
2026-03-11 06:20:19,545 - DEBUG - DNS解析重试中 hk.616049.xyz: [Errno -2] Name or service not known
2026-03-11 06:20:20,567 - DEBUG - DNS解析重试中 hk.616049.xyz: [Errno -2] Name or service not known
2026-03-11 06:20:21,599 - DEBUG - DNS解析重试中 hk.616049.xyz: [Errno -2] Name or service not known
2026-03-11 06:20:22,600 - WARNING - [hk.616049.xyz (HKG)] ├─ 无有效DNS记录，触发紧急更新
2026-03-11 06:33:19,104 - ERROR - CFST更新失败: None
2026-03-11 06:33:19,104 - INFO - --------------------------------------------------
2026-03-11 06:33:19,104 - INFO - [us.616049.xyz (LAX)] 开始处理节点维护
2026-03-11 06:33:19,126 - DEBUG - DNS解析重试中 us.616049.xyz: [Errno -2] Name or service not known
2026-03-11 06:33:20,156 - DEBUG - DNS解析重试中 us.616049.xyz: [Errno -2] Name or service not known
2026-03-11 06:33:21,182 - DEBUG - DNS解析重试中 us.616049.xyz: [Errno -2] Name or service not known
2026-03-11 06:33:22,183 - WARNING - [us.616049.xyz (LAX)] ├─ 无有效DNS记录，触发紧急更新
2026-03-11 06:46:18,386 - ERROR - CFST更新失败: None
2026-03-11 06:46:18,387 - INFO - --------------------------------------------------
2026-03-11 06:46:18,387 - INFO - [de.616049.xyz (FRA)] 开始处理节点维护
2026-03-11 06:46:18,411 - DEBUG - DNS解析重试中 de.616049.xyz: [Errno -2] Name or service not known
2026-03-11 06:46:19,436 - DEBUG - DNS解析重试中 de.616049.xyz: [Errno -2] Name or service not known
2026-03-11 06:46:20,464 - DEBUG - DNS解析重试中 de.616049.xyz: [Errno -2] Name or service not known
2026-03-11 06:46:21,466 - WARNING - [de.616049.xyz (FRA)] ├─ 无有效DNS记录，触发紧急更新
2026-03-11 06:59:18,051 - ERROR - CFST更新失败: None
2026-03-11 06:59:18,055 - DEBUG - Starting new HTTPS connection (1): api.telegram.org:443
2026-03-11 06:59:18,539 - DEBUG - https://api.telegram.org:443 "POST /bot/sendMessage HTTP/1.1" 404 55
