2026-06-19 00:51:35,694 - INFO - 启动维护任务 | 协议类型: IPV4
2026-06-19 00:51:35,694 - INFO - --------------------------------------------------
2026-06-19 00:51:35,694 - INFO - [hk.616049.xyz (HKG)] 开始处理节点维护
2026-06-19 00:51:35,704 - DEBUG - DNS解析重试中 hk.616049.xyz: [Errno -2] Name or service not known
2026-06-19 00:51:36,711 - DEBUG - DNS解析重试中 hk.616049.xyz: [Errno -2] Name or service not known
2026-06-19 00:51:37,724 - DEBUG - DNS解析重试中 hk.616049.xyz: [Errno -2] Name or service not known
2026-06-19 00:51:38,725 - WARNING - [hk.616049.xyz (HKG)] ├─ 无有效DNS记录，触发紧急更新
2026-06-19 01:04:14,935 - ERROR - CFST更新失败: None
2026-06-19 01:04:14,935 - INFO - --------------------------------------------------
2026-06-19 01:04:14,935 - INFO - [us.616049.xyz (LAX)] 开始处理节点维护
2026-06-19 01:04:14,945 - DEBUG - DNS解析重试中 us.616049.xyz: [Errno -2] Name or service not known
2026-06-19 01:04:15,954 - DEBUG - DNS解析重试中 us.616049.xyz: [Errno -2] Name or service not known
2026-06-19 01:04:16,964 - DEBUG - DNS解析重试中 us.616049.xyz: [Errno -2] Name or service not known
2026-06-19 01:04:17,965 - WARNING - [us.616049.xyz (LAX)] ├─ 无有效DNS记录，触发紧急更新
2026-06-19 01:16:53,886 - ERROR - CFST更新失败: None
2026-06-19 01:16:53,886 - INFO - --------------------------------------------------
2026-06-19 01:16:53,886 - INFO - [de.616049.xyz (FRA)] 开始处理节点维护
2026-06-19 01:16:53,900 - DEBUG - DNS解析重试中 de.616049.xyz: [Errno -2] Name or service not known
2026-06-19 01:16:54,908 - DEBUG - DNS解析重试中 de.616049.xyz: [Errno -2] Name or service not known
2026-06-19 01:16:55,934 - DEBUG - DNS解析重试中 de.616049.xyz: [Errno -2] Name or service not known
2026-06-19 01:16:56,935 - WARNING - [de.616049.xyz (FRA)] ├─ 无有效DNS记录，触发紧急更新
2026-06-19 01:29:32,445 - ERROR - CFST更新失败: None
2026-06-19 01:29:32,449 - DEBUG - Starting new HTTPS connection (1): api.telegram.org:443
2026-06-19 01:29:32,918 - DEBUG - https://api.telegram.org:443 "POST /bot/sendMessage HTTP/1.1" 404 55
