2026-02-23 09:21:53,247 - INFO - 启动维护任务 | 协议类型: IPV4
2026-02-23 09:21:53,247 - INFO - --------------------------------------------------
2026-02-23 09:21:53,248 - INFO - [hk.616049.xyz (HKG)] 开始处理节点维护
2026-02-23 09:21:53,258 - DEBUG - DNS解析重试中 hk.616049.xyz: [Errno -2] Name or service not known
2026-02-23 09:21:54,283 - DEBUG - DNS解析重试中 hk.616049.xyz: [Errno -2] Name or service not known
2026-02-23 09:21:55,288 - DEBUG - DNS解析重试中 hk.616049.xyz: [Errno -2] Name or service not known
2026-02-23 09:21:56,289 - WARNING - [hk.616049.xyz (HKG)] ├─ 无有效DNS记录，触发紧急更新
2026-02-23 09:34:54,271 - ERROR - CFST更新失败: None
2026-02-23 09:34:54,271 - INFO - --------------------------------------------------
2026-02-23 09:34:54,271 - INFO - [us.616049.xyz (LAX)] 开始处理节点维护
2026-02-23 09:34:54,282 - DEBUG - DNS解析重试中 us.616049.xyz: [Errno -2] Name or service not known
2026-02-23 09:34:55,303 - DEBUG - DNS解析重试中 us.616049.xyz: [Errno -2] Name or service not known
2026-02-23 09:34:56,322 - DEBUG - DNS解析重试中 us.616049.xyz: [Errno -2] Name or service not known
2026-02-23 09:34:57,323 - WARNING - [us.616049.xyz (LAX)] ├─ 无有效DNS记录，触发紧急更新
2026-02-23 09:47:54,733 - ERROR - CFST更新失败: None
2026-02-23 09:47:54,733 - INFO - --------------------------------------------------
2026-02-23 09:47:54,733 - INFO - [de.616049.xyz (FRA)] 开始处理节点维护
2026-02-23 09:47:54,744 - DEBUG - DNS解析重试中 de.616049.xyz: [Errno -2] Name or service not known
2026-02-23 09:47:55,776 - DEBUG - DNS解析重试中 de.616049.xyz: [Errno -2] Name or service not known
2026-02-23 09:47:56,795 - DEBUG - DNS解析重试中 de.616049.xyz: [Errno -2] Name or service not known
2026-02-23 09:47:57,797 - WARNING - [de.616049.xyz (FRA)] ├─ 无有效DNS记录，触发紧急更新
2026-02-23 10:00:54,357 - ERROR - CFST更新失败: None
2026-02-23 10:00:54,361 - DEBUG - Starting new HTTPS connection (1): api.telegram.org:443
2026-02-23 10:00:54,652 - DEBUG - https://api.telegram.org:443 "POST /bot/sendMessage HTTP/1.1" 404 55
