2026-03-04 20:37:49,152 - INFO - 启动维护任务 | 协议类型: IPV4
2026-03-04 20:37:49,152 - INFO - --------------------------------------------------
2026-03-04 20:37:49,152 - INFO - [hk.616049.xyz (HKG)] 开始处理节点维护
2026-03-04 20:37:49,162 - DEBUG - DNS解析重试中 hk.616049.xyz: [Errno -2] Name or service not known
2026-03-04 20:37:50,178 - DEBUG - DNS解析重试中 hk.616049.xyz: [Errno -2] Name or service not known
2026-03-04 20:37:51,189 - DEBUG - DNS解析重试中 hk.616049.xyz: [Errno -2] Name or service not known
2026-03-04 20:37:52,191 - WARNING - [hk.616049.xyz (HKG)] ├─ 无有效DNS记录，触发紧急更新
2026-03-04 20:50:48,574 - ERROR - CFST更新失败: None
2026-03-04 20:50:48,574 - INFO - --------------------------------------------------
2026-03-04 20:50:48,575 - INFO - [us.616049.xyz (LAX)] 开始处理节点维护
2026-03-04 20:50:48,585 - DEBUG - DNS解析重试中 us.616049.xyz: [Errno -2] Name or service not known
2026-03-04 20:50:49,633 - DEBUG - DNS解析重试中 us.616049.xyz: [Errno -2] Name or service not known
2026-03-04 20:50:50,653 - DEBUG - DNS解析重试中 us.616049.xyz: [Errno -2] Name or service not known
2026-03-04 20:50:51,654 - WARNING - [us.616049.xyz (LAX)] ├─ 无有效DNS记录，触发紧急更新
2026-03-04 21:03:47,105 - ERROR - CFST更新失败: None
2026-03-04 21:03:47,106 - INFO - --------------------------------------------------
2026-03-04 21:03:47,106 - INFO - [de.616049.xyz (FRA)] 开始处理节点维护
2026-03-04 21:03:47,150 - DEBUG - DNS解析重试中 de.616049.xyz: [Errno -2] Name or service not known
2026-03-04 21:03:48,173 - DEBUG - DNS解析重试中 de.616049.xyz: [Errno -2] Name or service not known
2026-03-04 21:03:49,180 - DEBUG - DNS解析重试中 de.616049.xyz: [Errno -2] Name or service not known
2026-03-04 21:03:50,181 - WARNING - [de.616049.xyz (FRA)] ├─ 无有效DNS记录，触发紧急更新
2026-03-04 21:16:45,534 - ERROR - CFST更新失败: None
2026-03-04 21:16:45,538 - DEBUG - Starting new HTTPS connection (1): api.telegram.org:443
2026-03-04 21:16:45,831 - DEBUG - https://api.telegram.org:443 "POST /bot/sendMessage HTTP/1.1" 404 55
