2026-06-08 01:06:44,514 - INFO - 启动维护任务 | 协议类型: IPV4
2026-06-08 01:06:44,514 - INFO - --------------------------------------------------
2026-06-08 01:06:44,514 - INFO - [hk.616049.xyz (HKG)] 开始处理节点维护
2026-06-08 01:06:44,524 - DEBUG - DNS解析重试中 hk.616049.xyz: [Errno -2] Name or service not known
2026-06-08 01:06:45,542 - DEBUG - DNS解析重试中 hk.616049.xyz: [Errno -2] Name or service not known
2026-06-08 01:06:46,554 - DEBUG - DNS解析重试中 hk.616049.xyz: [Errno -2] Name or service not known
2026-06-08 01:06:47,555 - WARNING - [hk.616049.xyz (HKG)] ├─ 无有效DNS记录，触发紧急更新
2026-06-08 01:19:26,063 - ERROR - CFST更新失败: None
2026-06-08 01:19:26,063 - INFO - --------------------------------------------------
2026-06-08 01:19:26,063 - INFO - [us.616049.xyz (LAX)] 开始处理节点维护
2026-06-08 01:19:26,078 - DEBUG - DNS解析重试中 us.616049.xyz: [Errno -2] Name or service not known
2026-06-08 01:19:27,088 - DEBUG - DNS解析重试中 us.616049.xyz: [Errno -2] Name or service not known
2026-06-08 01:19:28,120 - DEBUG - DNS解析重试中 us.616049.xyz: [Errno -2] Name or service not known
2026-06-08 01:19:29,121 - WARNING - [us.616049.xyz (LAX)] ├─ 无有效DNS记录，触发紧急更新
2026-06-08 01:32:07,016 - ERROR - CFST更新失败: None
2026-06-08 01:32:07,016 - INFO - --------------------------------------------------
2026-06-08 01:32:07,016 - INFO - [de.616049.xyz (FRA)] 开始处理节点维护
2026-06-08 01:32:07,053 - DEBUG - DNS解析重试中 de.616049.xyz: [Errno -2] Name or service not known
2026-06-08 01:32:08,065 - DEBUG - DNS解析重试中 de.616049.xyz: [Errno -2] Name or service not known
2026-06-08 01:32:09,100 - DEBUG - DNS解析重试中 de.616049.xyz: [Errno -2] Name or service not known
2026-06-08 01:32:10,102 - WARNING - [de.616049.xyz (FRA)] ├─ 无有效DNS记录，触发紧急更新
2026-06-08 01:44:48,006 - ERROR - CFST更新失败: None
2026-06-08 01:44:48,010 - DEBUG - Starting new HTTPS connection (1): api.telegram.org:443
2026-06-08 01:44:48,293 - DEBUG - https://api.telegram.org:443 "POST /bot/sendMessage HTTP/1.1" 404 55
