2026-07-12 02:48:07,844 - INFO - 启动维护任务 | 协议类型: IPV4
2026-07-12 02:48:07,844 - INFO - --------------------------------------------------
2026-07-12 02:48:07,845 - INFO - [hk.616049.xyz (HKG)] 开始处理节点维护
2026-07-12 02:48:07,881 - DEBUG - DNS解析重试中 hk.616049.xyz: [Errno -5] No address associated with hostname
2026-07-12 02:48:08,926 - DEBUG - DNS解析重试中 hk.616049.xyz: [Errno -5] No address associated with hostname
2026-07-12 02:48:09,970 - DEBUG - DNS解析重试中 hk.616049.xyz: [Errno -5] No address associated with hostname
2026-07-12 02:48:10,971 - WARNING - [hk.616049.xyz (HKG)] ├─ 无有效DNS记录，触发紧急更新
2026-07-12 03:00:24,437 - ERROR - CFST更新失败: None
2026-07-12 03:00:24,437 - INFO - --------------------------------------------------
2026-07-12 03:00:24,437 - INFO - [us.616049.xyz (LAX)] 开始处理节点维护
2026-07-12 03:00:24,471 - DEBUG - DNS解析重试中 us.616049.xyz: [Errno -5] No address associated with hostname
2026-07-12 03:00:25,480 - DEBUG - DNS解析重试中 us.616049.xyz: [Errno -5] No address associated with hostname
2026-07-12 03:00:26,523 - DEBUG - DNS解析重试中 us.616049.xyz: [Errno -5] No address associated with hostname
2026-07-12 03:00:27,524 - WARNING - [us.616049.xyz (LAX)] ├─ 无有效DNS记录，触发紧急更新
2026-07-12 03:12:40,563 - ERROR - CFST更新失败: None
2026-07-12 03:12:40,563 - INFO - --------------------------------------------------
2026-07-12 03:12:40,563 - INFO - [de.616049.xyz (FRA)] 开始处理节点维护
2026-07-12 03:12:40,589 - DEBUG - DNS解析重试中 de.616049.xyz: [Errno -5] No address associated with hostname
2026-07-12 03:12:41,640 - DEBUG - DNS解析重试中 de.616049.xyz: [Errno -5] No address associated with hostname
2026-07-12 03:12:42,738 - DEBUG - DNS解析重试中 de.616049.xyz: [Errno -5] No address associated with hostname
2026-07-12 03:12:43,740 - WARNING - [de.616049.xyz (FRA)] ├─ 无有效DNS记录，触发紧急更新
2026-07-12 03:24:56,221 - ERROR - CFST更新失败: None
2026-07-12 03:24:56,224 - DEBUG - Starting new HTTPS connection (1): api.telegram.org:443
2026-07-12 03:24:56,653 - DEBUG - https://api.telegram.org:443 "POST /bot/sendMessage HTTP/1.1" 404 55
