2026-07-11 09:53:12,190 - INFO - 启动维护任务 | 协议类型: IPV4
2026-07-11 09:53:12,190 - INFO - --------------------------------------------------
2026-07-11 09:53:12,191 - INFO - [hk.616049.xyz (HKG)] 开始处理节点维护
2026-07-11 09:53:12,205 - DEBUG - DNS解析重试中 hk.616049.xyz: [Errno -5] No address associated with hostname
2026-07-11 09:53:13,224 - DEBUG - DNS解析重试中 hk.616049.xyz: [Errno -5] No address associated with hostname
2026-07-11 09:53:14,230 - DEBUG - DNS解析重试中 hk.616049.xyz: [Errno -5] No address associated with hostname
2026-07-11 09:53:15,231 - WARNING - [hk.616049.xyz (HKG)] ├─ 无有效DNS记录，触发紧急更新
2026-07-11 10:07:34,355 - ERROR - CFST更新失败: None
2026-07-11 10:07:34,355 - INFO - --------------------------------------------------
2026-07-11 10:07:34,356 - INFO - [us.616049.xyz (LAX)] 开始处理节点维护
2026-07-11 10:07:34,367 - DEBUG - DNS解析重试中 us.616049.xyz: [Errno -5] No address associated with hostname
2026-07-11 10:07:35,394 - DEBUG - DNS解析重试中 us.616049.xyz: [Errno -5] No address associated with hostname
2026-07-11 10:07:36,412 - DEBUG - DNS解析重试中 us.616049.xyz: [Errno -5] No address associated with hostname
2026-07-11 10:07:37,413 - WARNING - [us.616049.xyz (LAX)] ├─ 无有效DNS记录，触发紧急更新
2026-07-11 10:20:10,351 - ERROR - CFST更新失败: None
2026-07-11 10:20:10,352 - INFO - --------------------------------------------------
2026-07-11 10:20:10,352 - INFO - [de.616049.xyz (FRA)] 开始处理节点维护
2026-07-11 10:20:10,371 - DEBUG - DNS解析重试中 de.616049.xyz: [Errno -5] No address associated with hostname
2026-07-11 10:20:11,390 - DEBUG - DNS解析重试中 de.616049.xyz: [Errno -5] No address associated with hostname
2026-07-11 10:20:12,403 - DEBUG - DNS解析重试中 de.616049.xyz: [Errno -5] No address associated with hostname
2026-07-11 10:20:13,404 - WARNING - [de.616049.xyz (FRA)] ├─ 无有效DNS记录，触发紧急更新
2026-07-11 10:32:45,312 - ERROR - CFST更新失败: None
2026-07-11 10:32:45,315 - DEBUG - Starting new HTTPS connection (1): api.telegram.org:443
2026-07-11 10:32:45,607 - DEBUG - https://api.telegram.org:443 "POST /bot/sendMessage HTTP/1.1" 404 55
