2026-02-06 09:18:22,840 - INFO - 启动维护任务 | 协议类型: IPV4
2026-02-06 09:18:22,840 - INFO - --------------------------------------------------
2026-02-06 09:18:22,840 - INFO - [hk.616049.xyz (HKG)] 开始处理节点维护
2026-02-06 09:18:22,877 - DEBUG - DNS解析重试中 hk.616049.xyz: [Errno -2] Name or service not known
2026-02-06 09:18:23,903 - DEBUG - DNS解析重试中 hk.616049.xyz: [Errno -2] Name or service not known
2026-02-06 09:18:24,930 - DEBUG - DNS解析重试中 hk.616049.xyz: [Errno -2] Name or service not known
2026-02-06 09:18:25,932 - WARNING - [hk.616049.xyz (HKG)] ├─ 无有效DNS记录，触发紧急更新
2026-02-06 09:31:35,308 - ERROR - CFST更新失败: None
2026-02-06 09:31:35,309 - INFO - --------------------------------------------------
2026-02-06 09:31:35,309 - INFO - [us.616049.xyz (LAX)] 开始处理节点维护
2026-02-06 09:31:35,332 - DEBUG - DNS解析重试中 us.616049.xyz: [Errno -2] Name or service not known
2026-02-06 09:31:36,359 - DEBUG - DNS解析重试中 us.616049.xyz: [Errno -2] Name or service not known
2026-02-06 09:31:37,391 - DEBUG - DNS解析重试中 us.616049.xyz: [Errno -2] Name or service not known
2026-02-06 09:31:38,392 - WARNING - [us.616049.xyz (LAX)] ├─ 无有效DNS记录，触发紧急更新
2026-02-06 09:44:47,683 - ERROR - CFST更新失败: None
2026-02-06 09:44:47,683 - INFO - --------------------------------------------------
2026-02-06 09:44:47,683 - INFO - [de.616049.xyz (FRA)] 开始处理节点维护
2026-02-06 09:44:47,707 - DEBUG - DNS解析重试中 de.616049.xyz: [Errno -2] Name or service not known
2026-02-06 09:44:48,734 - DEBUG - DNS解析重试中 de.616049.xyz: [Errno -2] Name or service not known
2026-02-06 09:44:49,765 - DEBUG - DNS解析重试中 de.616049.xyz: [Errno -2] Name or service not known
2026-02-06 09:44:50,766 - WARNING - [de.616049.xyz (FRA)] ├─ 无有效DNS记录，触发紧急更新
2026-02-06 09:58:00,316 - ERROR - CFST更新失败: None
2026-02-06 09:58:00,319 - DEBUG - Starting new HTTPS connection (1): api.telegram.org:443
2026-02-06 09:58:00,654 - DEBUG - https://api.telegram.org:443 "POST /bot/sendMessage HTTP/1.1" 404 55
