2026-01-20 04:16:35,767 - INFO - 启动维护任务 | 协议类型: IPV4
2026-01-20 04:16:35,767 - INFO - --------------------------------------------------
2026-01-20 04:16:35,767 - INFO - [hk.616049.xyz (HKG)] 开始处理节点维护
2026-01-20 04:16:35,801 - DEBUG - DNS解析重试中 hk.616049.xyz: [Errno -2] Name or service not known
2026-01-20 04:16:36,825 - DEBUG - DNS解析重试中 hk.616049.xyz: [Errno -2] Name or service not known
2026-01-20 04:16:37,867 - DEBUG - DNS解析重试中 hk.616049.xyz: [Errno -2] Name or service not known
2026-01-20 04:16:38,868 - WARNING - [hk.616049.xyz (HKG)] ├─ 无有效DNS记录，触发紧急更新
2026-01-20 04:29:37,651 - ERROR - CFST更新失败: None
2026-01-20 04:29:37,652 - INFO - --------------------------------------------------
2026-01-20 04:29:37,652 - INFO - [us.616049.xyz (LAX)] 开始处理节点维护
2026-01-20 04:29:37,678 - DEBUG - DNS解析重试中 us.616049.xyz: [Errno -2] Name or service not known
2026-01-20 04:29:38,703 - DEBUG - DNS解析重试中 us.616049.xyz: [Errno -2] Name or service not known
2026-01-20 04:29:39,733 - DEBUG - DNS解析重试中 us.616049.xyz: [Errno -2] Name or service not known
2026-01-20 04:29:40,734 - WARNING - [us.616049.xyz (LAX)] ├─ 无有效DNS记录，触发紧急更新
2026-01-20 04:42:38,175 - ERROR - CFST更新失败: None
2026-01-20 04:42:38,176 - INFO - --------------------------------------------------
2026-01-20 04:42:38,176 - INFO - [de.616049.xyz (FRA)] 开始处理节点维护
2026-01-20 04:42:38,216 - DEBUG - DNS解析重试中 de.616049.xyz: [Errno -2] Name or service not known
2026-01-20 04:42:39,239 - DEBUG - DNS解析重试中 de.616049.xyz: [Errno -2] Name or service not known
2026-01-20 04:42:40,267 - DEBUG - DNS解析重试中 de.616049.xyz: [Errno -2] Name or service not known
2026-01-20 04:42:41,268 - WARNING - [de.616049.xyz (FRA)] ├─ 无有效DNS记录，触发紧急更新
2026-01-20 04:55:38,913 - ERROR - CFST更新失败: None
2026-01-20 04:55:38,917 - DEBUG - Starting new HTTPS connection (1): api.telegram.org:443
2026-01-20 04:55:39,258 - DEBUG - https://api.telegram.org:443 "POST /bot/sendMessage HTTP/1.1" 404 55
