2026-06-13 10:37:53,907 - INFO - 启动维护任务 | 协议类型: IPV4
2026-06-13 10:37:53,908 - INFO - --------------------------------------------------
2026-06-13 10:37:53,908 - INFO - [hk.616049.xyz (HKG)] 开始处理节点维护
2026-06-13 10:37:53,941 - DEBUG - DNS解析重试中 hk.616049.xyz: [Errno -2] Name or service not known
2026-06-13 10:37:54,965 - DEBUG - DNS解析重试中 hk.616049.xyz: [Errno -2] Name or service not known
2026-06-13 10:37:55,992 - DEBUG - DNS解析重试中 hk.616049.xyz: [Errno -2] Name or service not known
2026-06-13 10:37:56,993 - WARNING - [hk.616049.xyz (HKG)] ├─ 无有效DNS记录，触发紧急更新
2026-06-13 10:50:31,197 - ERROR - CFST更新失败: None
2026-06-13 10:50:31,197 - INFO - --------------------------------------------------
2026-06-13 10:50:31,197 - INFO - [us.616049.xyz (LAX)] 开始处理节点维护
2026-06-13 10:50:31,224 - DEBUG - DNS解析重试中 us.616049.xyz: [Errno -2] Name or service not known
2026-06-13 10:50:32,247 - DEBUG - DNS解析重试中 us.616049.xyz: [Errno -2] Name or service not known
2026-06-13 10:50:33,270 - DEBUG - DNS解析重试中 us.616049.xyz: [Errno -2] Name or service not known
2026-06-13 10:50:34,272 - WARNING - [us.616049.xyz (LAX)] ├─ 无有效DNS记录，触发紧急更新
2026-06-13 11:03:08,677 - ERROR - CFST更新失败: None
2026-06-13 11:03:08,677 - INFO - --------------------------------------------------
2026-06-13 11:03:08,677 - INFO - [de.616049.xyz (FRA)] 开始处理节点维护
2026-06-13 11:03:08,699 - DEBUG - DNS解析重试中 de.616049.xyz: [Errno -2] Name or service not known
2026-06-13 11:03:09,733 - DEBUG - DNS解析重试中 de.616049.xyz: [Errno -2] Name or service not known
2026-06-13 11:03:10,772 - DEBUG - DNS解析重试中 de.616049.xyz: [Errno -2] Name or service not known
2026-06-13 11:03:11,774 - WARNING - [de.616049.xyz (FRA)] ├─ 无有效DNS记录，触发紧急更新
2026-06-13 11:15:46,175 - ERROR - CFST更新失败: None
2026-06-13 11:15:46,178 - DEBUG - Starting new HTTPS connection (1): api.telegram.org:443
2026-06-13 11:15:46,501 - DEBUG - https://api.telegram.org:443 "POST /bot/sendMessage HTTP/1.1" 404 55
