2026-05-25 10:40:28,576 - INFO - 启动维护任务 | 协议类型: IPV4
2026-05-25 10:40:28,576 - INFO - --------------------------------------------------
2026-05-25 10:40:28,576 - INFO - [hk.616049.xyz (HKG)] 开始处理节点维护
2026-05-25 10:40:28,634 - DEBUG - DNS解析重试中 hk.616049.xyz: [Errno -2] Name or service not known
2026-05-25 10:40:29,657 - DEBUG - DNS解析重试中 hk.616049.xyz: [Errno -2] Name or service not known
2026-05-25 10:40:30,665 - DEBUG - DNS解析重试中 hk.616049.xyz: [Errno -2] Name or service not known
2026-05-25 10:40:31,666 - WARNING - [hk.616049.xyz (HKG)] ├─ 无有效DNS记录，触发紧急更新
2026-05-25 10:53:39,067 - ERROR - CFST更新失败: None
2026-05-25 10:53:39,067 - INFO - --------------------------------------------------
2026-05-25 10:53:39,068 - INFO - [us.616049.xyz (LAX)] 开始处理节点维护
2026-05-25 10:53:39,095 - DEBUG - DNS解析重试中 us.616049.xyz: [Errno -2] Name or service not known
2026-05-25 10:53:40,119 - DEBUG - DNS解析重试中 us.616049.xyz: [Errno -2] Name or service not known
2026-05-25 10:53:41,197 - DEBUG - DNS解析重试中 us.616049.xyz: [Errno -2] Name or service not known
2026-05-25 10:53:42,199 - WARNING - [us.616049.xyz (LAX)] ├─ 无有效DNS记录，触发紧急更新
2026-05-25 11:06:48,620 - ERROR - CFST更新失败: None
2026-05-25 11:06:48,621 - INFO - --------------------------------------------------
2026-05-25 11:06:48,621 - INFO - [de.616049.xyz (FRA)] 开始处理节点维护
2026-05-25 11:06:48,636 - DEBUG - DNS解析重试中 de.616049.xyz: [Errno -2] Name or service not known
2026-05-25 11:06:49,666 - DEBUG - DNS解析重试中 de.616049.xyz: [Errno -2] Name or service not known
2026-05-25 11:06:50,688 - DEBUG - DNS解析重试中 de.616049.xyz: [Errno -2] Name or service not known
2026-05-25 11:06:51,690 - WARNING - [de.616049.xyz (FRA)] ├─ 无有效DNS记录，触发紧急更新
2026-05-25 11:19:58,522 - ERROR - CFST更新失败: None
2026-05-25 11:19:58,526 - DEBUG - Starting new HTTPS connection (1): api.telegram.org:443
2026-05-25 11:19:58,986 - DEBUG - https://api.telegram.org:443 "POST /bot/sendMessage HTTP/1.1" 404 55
