2026-05-22 18:42:45,339 - INFO - 启动维护任务 | 协议类型: IPV4
2026-05-22 18:42:45,339 - INFO - --------------------------------------------------
2026-05-22 18:42:45,339 - INFO - [hk.616049.xyz (HKG)] 开始处理节点维护
2026-05-22 18:42:45,346 - DEBUG - DNS解析重试中 hk.616049.xyz: [Errno -2] Name or service not known
2026-05-22 18:42:46,354 - DEBUG - DNS解析重试中 hk.616049.xyz: [Errno -2] Name or service not known
2026-05-22 18:42:47,363 - DEBUG - DNS解析重试中 hk.616049.xyz: [Errno -2] Name or service not known
2026-05-22 18:42:48,365 - WARNING - [hk.616049.xyz (HKG)] ├─ 无有效DNS记录，触发紧急更新
2026-05-22 18:55:41,216 - ERROR - CFST更新失败: None
2026-05-22 18:55:41,216 - INFO - --------------------------------------------------
2026-05-22 18:55:41,217 - INFO - [us.616049.xyz (LAX)] 开始处理节点维护
2026-05-22 18:55:41,224 - DEBUG - DNS解析重试中 us.616049.xyz: [Errno -2] Name or service not known
2026-05-22 18:55:42,238 - DEBUG - DNS解析重试中 us.616049.xyz: [Errno -2] Name or service not known
2026-05-22 18:55:43,247 - DEBUG - DNS解析重试中 us.616049.xyz: [Errno -2] Name or service not known
2026-05-22 18:55:44,248 - WARNING - [us.616049.xyz (LAX)] ├─ 无有效DNS记录，触发紧急更新
2026-05-22 19:08:36,681 - ERROR - CFST更新失败: None
2026-05-22 19:08:36,681 - INFO - --------------------------------------------------
2026-05-22 19:08:36,681 - INFO - [de.616049.xyz (FRA)] 开始处理节点维护
2026-05-22 19:08:36,689 - DEBUG - DNS解析重试中 de.616049.xyz: [Errno -2] Name or service not known
2026-05-22 19:08:37,699 - DEBUG - DNS解析重试中 de.616049.xyz: [Errno -2] Name or service not known
2026-05-22 19:08:38,709 - DEBUG - DNS解析重试中 de.616049.xyz: [Errno -2] Name or service not known
2026-05-22 19:08:39,711 - WARNING - [de.616049.xyz (FRA)] ├─ 无有效DNS记录，触发紧急更新
2026-05-22 19:21:32,984 - ERROR - CFST更新失败: None
2026-05-22 19:21:32,988 - DEBUG - Starting new HTTPS connection (1): api.telegram.org:443
2026-05-22 19:21:33,271 - DEBUG - https://api.telegram.org:443 "POST /bot/sendMessage HTTP/1.1" 404 55
