2026-05-30 21:07:18,226 - INFO - 启动维护任务 | 协议类型: IPV4
2026-05-30 21:07:18,226 - INFO - --------------------------------------------------
2026-05-30 21:07:18,226 - INFO - [hk.616049.xyz (HKG)] 开始处理节点维护
2026-05-30 21:07:18,235 - DEBUG - DNS解析重试中 hk.616049.xyz: [Errno -2] Name or service not known
2026-05-30 21:07:19,241 - DEBUG - DNS解析重试中 hk.616049.xyz: [Errno -2] Name or service not known
2026-05-30 21:07:20,250 - DEBUG - DNS解析重试中 hk.616049.xyz: [Errno -2] Name or service not known
2026-05-30 21:07:21,251 - WARNING - [hk.616049.xyz (HKG)] ├─ 无有效DNS记录，触发紧急更新
2026-05-30 21:20:11,184 - ERROR - CFST更新失败: None
2026-05-30 21:20:11,184 - INFO - --------------------------------------------------
2026-05-30 21:20:11,184 - INFO - [us.616049.xyz (LAX)] 开始处理节点维护
2026-05-30 21:20:11,195 - DEBUG - DNS解析重试中 us.616049.xyz: [Errno -2] Name or service not known
2026-05-30 21:20:12,204 - DEBUG - DNS解析重试中 us.616049.xyz: [Errno -2] Name or service not known
2026-05-30 21:20:13,219 - DEBUG - DNS解析重试中 us.616049.xyz: [Errno -2] Name or service not known
2026-05-30 21:20:14,220 - WARNING - [us.616049.xyz (LAX)] ├─ 无有效DNS记录，触发紧急更新
2026-05-30 21:33:02,861 - ERROR - CFST更新失败: None
2026-05-30 21:33:02,861 - INFO - --------------------------------------------------
2026-05-30 21:33:02,861 - INFO - [de.616049.xyz (FRA)] 开始处理节点维护
2026-05-30 21:33:02,868 - DEBUG - DNS解析重试中 de.616049.xyz: [Errno -2] Name or service not known
2026-05-30 21:33:03,878 - DEBUG - DNS解析重试中 de.616049.xyz: [Errno -2] Name or service not known
2026-05-30 21:33:04,886 - DEBUG - DNS解析重试中 de.616049.xyz: [Errno -2] Name or service not known
2026-05-30 21:33:05,887 - WARNING - [de.616049.xyz (FRA)] ├─ 无有效DNS记录，触发紧急更新
2026-05-30 21:45:55,626 - ERROR - CFST更新失败: None
2026-05-30 21:45:55,629 - DEBUG - Starting new HTTPS connection (1): api.telegram.org:443
2026-05-30 21:45:55,922 - DEBUG - https://api.telegram.org:443 "POST /bot/sendMessage HTTP/1.1" 404 55
