2026-07-17 17:48:51,340 - INFO - 启动维护任务 | 协议类型: IPV4
2026-07-17 17:48:51,340 - INFO - --------------------------------------------------
2026-07-17 17:48:51,340 - INFO - [hk.616049.xyz (HKG)] 开始处理节点维护
2026-07-17 17:48:51,400 - DEBUG - DNS解析重试中 hk.616049.xyz: [Errno -5] No address associated with hostname
2026-07-17 17:48:52,451 - DEBUG - DNS解析重试中 hk.616049.xyz: [Errno -5] No address associated with hostname
2026-07-17 17:48:53,499 - DEBUG - DNS解析重试中 hk.616049.xyz: [Errno -5] No address associated with hostname
2026-07-17 17:48:54,500 - WARNING - [hk.616049.xyz (HKG)] ├─ 无有效DNS记录，触发紧急更新
2026-07-17 18:01:18,657 - ERROR - CFST更新失败: None
2026-07-17 18:01:18,657 - INFO - --------------------------------------------------
2026-07-17 18:01:18,657 - INFO - [us.616049.xyz (LAX)] 开始处理节点维护
2026-07-17 18:01:18,721 - DEBUG - DNS解析重试中 us.616049.xyz: [Errno -5] No address associated with hostname
2026-07-17 18:01:19,797 - DEBUG - DNS解析重试中 us.616049.xyz: [Errno -5] No address associated with hostname
2026-07-17 18:01:20,850 - DEBUG - DNS解析重试中 us.616049.xyz: [Errno -5] No address associated with hostname
2026-07-17 18:01:21,851 - WARNING - [us.616049.xyz (LAX)] ├─ 无有效DNS记录，触发紧急更新
2026-07-17 18:13:51,773 - ERROR - CFST更新失败: None
2026-07-17 18:13:51,773 - INFO - --------------------------------------------------
2026-07-17 18:13:51,774 - INFO - [de.616049.xyz (FRA)] 开始处理节点维护
2026-07-17 18:13:52,360 - DEBUG - DNS解析重试中 de.616049.xyz: [Errno -5] No address associated with hostname
2026-07-17 18:13:53,406 - DEBUG - DNS解析重试中 de.616049.xyz: [Errno -5] No address associated with hostname
2026-07-17 18:13:54,466 - DEBUG - DNS解析重试中 de.616049.xyz: [Errno -5] No address associated with hostname
2026-07-17 18:13:55,467 - WARNING - [de.616049.xyz (FRA)] ├─ 无有效DNS记录，触发紧急更新
2026-07-17 18:26:19,149 - ERROR - CFST更新失败: None
2026-07-17 18:26:19,152 - DEBUG - Starting new HTTPS connection (1): api.telegram.org:443
2026-07-17 18:26:19,600 - DEBUG - https://api.telegram.org:443 "POST /bot/sendMessage HTTP/1.1" 404 55
