2026-02-27 18:29:57,352 - INFO - 启动维护任务 | 协议类型: IPV4
2026-02-27 18:29:57,353 - INFO - --------------------------------------------------
2026-02-27 18:29:57,353 - INFO - [hk.616049.xyz (HKG)] 开始处理节点维护
2026-02-27 18:29:57,395 - DEBUG - DNS解析重试中 hk.616049.xyz: [Errno -2] Name or service not known
2026-02-27 18:29:58,441 - DEBUG - DNS解析重试中 hk.616049.xyz: [Errno -2] Name or service not known
2026-02-27 18:29:59,483 - DEBUG - DNS解析重试中 hk.616049.xyz: [Errno -2] Name or service not known
2026-02-27 18:30:00,484 - WARNING - [hk.616049.xyz (HKG)] ├─ 无有效DNS记录，触发紧急更新
2026-02-27 18:42:56,302 - ERROR - CFST更新失败: None
2026-02-27 18:42:56,302 - INFO - --------------------------------------------------
2026-02-27 18:42:56,302 - INFO - [us.616049.xyz (LAX)] 开始处理节点维护
2026-02-27 18:42:56,342 - DEBUG - DNS解析重试中 us.616049.xyz: [Errno -2] Name or service not known
2026-02-27 18:42:57,386 - DEBUG - DNS解析重试中 us.616049.xyz: [Errno -2] Name or service not known
2026-02-27 18:42:58,434 - DEBUG - DNS解析重试中 us.616049.xyz: [Errno -2] Name or service not known
2026-02-27 18:42:59,435 - WARNING - [us.616049.xyz (LAX)] ├─ 无有效DNS记录，触发紧急更新
2026-02-27 18:55:55,205 - ERROR - CFST更新失败: None
2026-02-27 18:55:55,205 - INFO - --------------------------------------------------
2026-02-27 18:55:55,205 - INFO - [de.616049.xyz (FRA)] 开始处理节点维护
2026-02-27 18:55:55,255 - DEBUG - DNS解析重试中 de.616049.xyz: [Errno -2] Name or service not known
2026-02-27 18:55:56,296 - DEBUG - DNS解析重试中 de.616049.xyz: [Errno -2] Name or service not known
2026-02-27 18:55:57,340 - DEBUG - DNS解析重试中 de.616049.xyz: [Errno -2] Name or service not known
2026-02-27 18:55:58,342 - WARNING - [de.616049.xyz (FRA)] ├─ 无有效DNS记录，触发紧急更新
2026-02-27 19:08:54,741 - ERROR - CFST更新失败: None
2026-02-27 19:08:54,745 - DEBUG - Starting new HTTPS connection (1): api.telegram.org:443
2026-02-27 19:08:55,151 - DEBUG - https://api.telegram.org:443 "POST /bot/sendMessage HTTP/1.1" 404 55
