2026-06-12 01:32:29,917 - INFO - 启动维护任务 | 协议类型: IPV4
2026-06-12 01:32:29,917 - INFO - --------------------------------------------------
2026-06-12 01:32:29,917 - INFO - [hk.616049.xyz (HKG)] 开始处理节点维护
2026-06-12 01:32:29,938 - DEBUG - DNS解析重试中 hk.616049.xyz: [Errno -2] Name or service not known
2026-06-12 01:32:30,960 - DEBUG - DNS解析重试中 hk.616049.xyz: [Errno -2] Name or service not known
2026-06-12 01:32:31,981 - DEBUG - DNS解析重试中 hk.616049.xyz: [Errno -2] Name or service not known
2026-06-12 01:32:32,983 - WARNING - [hk.616049.xyz (HKG)] ├─ 无有效DNS记录，触发紧急更新
2026-06-12 01:45:06,940 - ERROR - CFST更新失败: None
2026-06-12 01:45:06,940 - INFO - --------------------------------------------------
2026-06-12 01:45:06,940 - INFO - [us.616049.xyz (LAX)] 开始处理节点维护
2026-06-12 01:45:06,963 - DEBUG - DNS解析重试中 us.616049.xyz: [Errno -2] Name or service not known
2026-06-12 01:45:07,994 - DEBUG - DNS解析重试中 us.616049.xyz: [Errno -2] Name or service not known
2026-06-12 01:45:09,001 - DEBUG - DNS解析重试中 us.616049.xyz: [Errno -2] Name or service not known
2026-06-12 01:45:10,002 - WARNING - [us.616049.xyz (LAX)] ├─ 无有效DNS记录，触发紧急更新
2026-06-12 01:57:45,369 - ERROR - CFST更新失败: None
2026-06-12 01:57:45,369 - INFO - --------------------------------------------------
2026-06-12 01:57:45,370 - INFO - [de.616049.xyz (FRA)] 开始处理节点维护
2026-06-12 01:57:45,401 - DEBUG - DNS解析重试中 de.616049.xyz: [Errno -2] Name or service not known
2026-06-12 01:57:46,423 - DEBUG - DNS解析重试中 de.616049.xyz: [Errno -2] Name or service not known
2026-06-12 01:57:47,428 - DEBUG - DNS解析重试中 de.616049.xyz: [Errno -2] Name or service not known
2026-06-12 01:57:48,429 - WARNING - [de.616049.xyz (FRA)] ├─ 无有效DNS记录，触发紧急更新
2026-06-12 02:10:22,587 - ERROR - CFST更新失败: None
2026-06-12 02:10:22,590 - DEBUG - Starting new HTTPS connection (1): api.telegram.org:443
2026-06-12 02:10:22,927 - DEBUG - https://api.telegram.org:443 "POST /bot/sendMessage HTTP/1.1" 404 55
