2026-04-19 18:32:12,043 - INFO - 启动维护任务 | 协议类型: IPV4
2026-04-19 18:32:12,043 - INFO - --------------------------------------------------
2026-04-19 18:32:12,043 - INFO - [hk.616049.xyz (HKG)] 开始处理节点维护
2026-04-19 18:32:12,072 - DEBUG - DNS解析重试中 hk.616049.xyz: [Errno -2] Name or service not known
2026-04-19 18:32:13,109 - DEBUG - DNS解析重试中 hk.616049.xyz: [Errno -2] Name or service not known
2026-04-19 18:32:14,142 - DEBUG - DNS解析重试中 hk.616049.xyz: [Errno -2] Name or service not known
2026-04-19 18:32:15,143 - WARNING - [hk.616049.xyz (HKG)] ├─ 无有效DNS记录，触发紧急更新
2026-04-19 18:45:09,849 - ERROR - CFST更新失败: None
2026-04-19 18:45:09,849 - INFO - --------------------------------------------------
2026-04-19 18:45:09,849 - INFO - [us.616049.xyz (LAX)] 开始处理节点维护
2026-04-19 18:45:09,880 - DEBUG - DNS解析重试中 us.616049.xyz: [Errno -2] Name or service not known
2026-04-19 18:45:10,931 - DEBUG - DNS解析重试中 us.616049.xyz: [Errno -2] Name or service not known
2026-04-19 18:45:11,961 - DEBUG - DNS解析重试中 us.616049.xyz: [Errno -2] Name or service not known
2026-04-19 18:45:12,962 - WARNING - [us.616049.xyz (LAX)] ├─ 无有效DNS记录，触发紧急更新
2026-04-19 18:58:07,570 - ERROR - CFST更新失败: None
2026-04-19 18:58:07,570 - INFO - --------------------------------------------------
2026-04-19 18:58:07,570 - INFO - [de.616049.xyz (FRA)] 开始处理节点维护
2026-04-19 18:58:07,598 - DEBUG - DNS解析重试中 de.616049.xyz: [Errno -2] Name or service not known
2026-04-19 18:58:08,627 - DEBUG - DNS解析重试中 de.616049.xyz: [Errno -2] Name or service not known
2026-04-19 18:58:09,664 - DEBUG - DNS解析重试中 de.616049.xyz: [Errno -2] Name or service not known
2026-04-19 18:58:10,665 - WARNING - [de.616049.xyz (FRA)] ├─ 无有效DNS记录，触发紧急更新
2026-04-19 19:11:05,020 - ERROR - CFST更新失败: None
2026-04-19 19:11:05,023 - DEBUG - Starting new HTTPS connection (1): api.telegram.org:443
2026-04-19 19:11:05,424 - DEBUG - https://api.telegram.org:443 "POST /bot/sendMessage HTTP/1.1" 404 55
