2026-06-09 07:08:13,702 - INFO - 启动维护任务 | 协议类型: IPV4
2026-06-09 07:08:13,702 - INFO - --------------------------------------------------
2026-06-09 07:08:13,702 - INFO - [hk.616049.xyz (HKG)] 开始处理节点维护
2026-06-09 07:08:13,718 - DEBUG - DNS解析重试中 hk.616049.xyz: [Errno -2] Name or service not known
2026-06-09 07:08:14,736 - DEBUG - DNS解析重试中 hk.616049.xyz: [Errno -2] Name or service not known
2026-06-09 07:08:15,751 - DEBUG - DNS解析重试中 hk.616049.xyz: [Errno -2] Name or service not known
2026-06-09 07:08:16,753 - WARNING - [hk.616049.xyz (HKG)] ├─ 无有效DNS记录，触发紧急更新
2026-06-09 07:20:55,738 - ERROR - CFST更新失败: None
2026-06-09 07:20:55,738 - INFO - --------------------------------------------------
2026-06-09 07:20:55,738 - INFO - [us.616049.xyz (LAX)] 开始处理节点维护
2026-06-09 07:20:55,751 - DEBUG - DNS解析重试中 us.616049.xyz: [Errno -2] Name or service not known
2026-06-09 07:20:56,767 - DEBUG - DNS解析重试中 us.616049.xyz: [Errno -2] Name or service not known
2026-06-09 07:20:57,780 - DEBUG - DNS解析重试中 us.616049.xyz: [Errno -2] Name or service not known
2026-06-09 07:20:58,782 - WARNING - [us.616049.xyz (LAX)] ├─ 无有效DNS记录，触发紧急更新
2026-06-09 07:33:37,348 - ERROR - CFST更新失败: None
2026-06-09 07:33:37,348 - INFO - --------------------------------------------------
2026-06-09 07:33:37,348 - INFO - [de.616049.xyz (FRA)] 开始处理节点维护
2026-06-09 07:33:37,359 - DEBUG - DNS解析重试中 de.616049.xyz: [Errno -2] Name or service not known
2026-06-09 07:33:38,380 - DEBUG - DNS解析重试中 de.616049.xyz: [Errno -2] Name or service not known
2026-06-09 07:33:39,399 - DEBUG - DNS解析重试中 de.616049.xyz: [Errno -2] Name or service not known
2026-06-09 07:33:40,401 - WARNING - [de.616049.xyz (FRA)] ├─ 无有效DNS记录，触发紧急更新
2026-06-09 07:46:18,823 - ERROR - CFST更新失败: None
2026-06-09 07:46:18,827 - DEBUG - Starting new HTTPS connection (1): api.telegram.org:443
2026-06-09 07:46:19,122 - DEBUG - https://api.telegram.org:443 "POST /bot/sendMessage HTTP/1.1" 404 55
