2026-03-17 20:52:02,634 - INFO - 启动维护任务 | 协议类型: IPV4
2026-03-17 20:52:02,634 - INFO - --------------------------------------------------
2026-03-17 20:52:02,634 - INFO - [hk.616049.xyz (HKG)] 开始处理节点维护
2026-03-17 20:52:02,641 - DEBUG - DNS解析重试中 hk.616049.xyz: [Errno -2] Name or service not known
2026-03-17 20:52:03,656 - DEBUG - DNS解析重试中 hk.616049.xyz: [Errno -2] Name or service not known
2026-03-17 20:52:04,671 - DEBUG - DNS解析重试中 hk.616049.xyz: [Errno -2] Name or service not known
2026-03-17 20:52:05,672 - WARNING - [hk.616049.xyz (HKG)] ├─ 无有效DNS记录，触发紧急更新
2026-03-17 21:05:02,588 - ERROR - CFST更新失败: None
2026-03-17 21:05:02,588 - INFO - --------------------------------------------------
2026-03-17 21:05:02,588 - INFO - [us.616049.xyz (LAX)] 开始处理节点维护
2026-03-17 21:05:02,596 - DEBUG - DNS解析重试中 us.616049.xyz: [Errno -2] Name or service not known
2026-03-17 21:05:03,604 - DEBUG - DNS解析重试中 us.616049.xyz: [Errno -2] Name or service not known
2026-03-17 21:05:04,612 - DEBUG - DNS解析重试中 us.616049.xyz: [Errno -2] Name or service not known
2026-03-17 21:05:05,614 - WARNING - [us.616049.xyz (LAX)] ├─ 无有效DNS记录，触发紧急更新
2026-03-17 21:18:02,634 - ERROR - CFST更新失败: None
2026-03-17 21:18:02,635 - INFO - --------------------------------------------------
2026-03-17 21:18:02,635 - INFO - [de.616049.xyz (FRA)] 开始处理节点维护
2026-03-17 21:18:02,659 - DEBUG - DNS解析重试中 de.616049.xyz: [Errno -2] Name or service not known
2026-03-17 21:18:03,669 - DEBUG - DNS解析重试中 de.616049.xyz: [Errno -2] Name or service not known
2026-03-17 21:18:04,688 - DEBUG - DNS解析重试中 de.616049.xyz: [Errno -2] Name or service not known
2026-03-17 21:18:05,689 - WARNING - [de.616049.xyz (FRA)] ├─ 无有效DNS记录，触发紧急更新
2026-03-17 21:30:59,793 - ERROR - CFST更新失败: None
2026-03-17 21:30:59,797 - DEBUG - Starting new HTTPS connection (1): api.telegram.org:443
2026-03-17 21:31:00,282 - DEBUG - https://api.telegram.org:443 "POST /bot/sendMessage HTTP/1.1" 404 55
