2026-05-11 00:43:19,548 - INFO - 启动维护任务 | 协议类型: IPV4
2026-05-11 00:43:19,548 - INFO - --------------------------------------------------
2026-05-11 00:43:19,548 - INFO - [hk.616049.xyz (HKG)] 开始处理节点维护
2026-05-11 00:43:19,557 - DEBUG - DNS解析重试中 hk.616049.xyz: [Errno -2] Name or service not known
2026-05-11 00:43:20,574 - DEBUG - DNS解析重试中 hk.616049.xyz: [Errno -2] Name or service not known
2026-05-11 00:43:21,584 - DEBUG - DNS解析重试中 hk.616049.xyz: [Errno -2] Name or service not known
2026-05-11 00:43:22,585 - WARNING - [hk.616049.xyz (HKG)] ├─ 无有效DNS记录，触发紧急更新
2026-05-11 00:55:59,268 - ERROR - CFST更新失败: None
2026-05-11 00:55:59,269 - INFO - --------------------------------------------------
2026-05-11 00:55:59,269 - INFO - [us.616049.xyz (LAX)] 开始处理节点维护
2026-05-11 00:55:59,289 - DEBUG - DNS解析重试中 us.616049.xyz: [Errno -2] Name or service not known
2026-05-11 00:56:00,301 - DEBUG - DNS解析重试中 us.616049.xyz: [Errno -2] Name or service not known
2026-05-11 00:56:01,330 - DEBUG - DNS解析重试中 us.616049.xyz: [Errno -2] Name or service not known
2026-05-11 00:56:02,331 - WARNING - [us.616049.xyz (LAX)] ├─ 无有效DNS记录，触发紧急更新
2026-05-11 01:08:37,884 - ERROR - CFST更新失败: None
2026-05-11 01:08:37,884 - INFO - --------------------------------------------------
2026-05-11 01:08:37,884 - INFO - [de.616049.xyz (FRA)] 开始处理节点维护
2026-05-11 01:08:37,903 - DEBUG - DNS解析重试中 de.616049.xyz: [Errno -2] Name or service not known
2026-05-11 01:08:38,917 - DEBUG - DNS解析重试中 de.616049.xyz: [Errno -2] Name or service not known
2026-05-11 01:08:39,930 - DEBUG - DNS解析重试中 de.616049.xyz: [Errno -2] Name or service not known
2026-05-11 01:08:40,932 - WARNING - [de.616049.xyz (FRA)] ├─ 无有效DNS记录，触发紧急更新
2026-05-11 01:21:16,678 - ERROR - CFST更新失败: None
2026-05-11 01:21:16,682 - DEBUG - Starting new HTTPS connection (1): api.telegram.org:443
2026-05-11 01:21:16,960 - DEBUG - https://api.telegram.org:443 "POST /bot/sendMessage HTTP/1.1" 404 55
