2026-03-11 04:25:14,076 - INFO - 启动维护任务 | 协议类型: IPV4
2026-03-11 04:25:14,077 - INFO - --------------------------------------------------
2026-03-11 04:25:14,077 - INFO - [hk.616049.xyz (HKG)] 开始处理节点维护
2026-03-11 04:25:14,092 - DEBUG - DNS解析重试中 hk.616049.xyz: [Errno -2] Name or service not known
2026-03-11 04:25:15,107 - DEBUG - DNS解析重试中 hk.616049.xyz: [Errno -2] Name or service not known
2026-03-11 04:25:16,112 - DEBUG - DNS解析重试中 hk.616049.xyz: [Errno -2] Name or service not known
2026-03-11 04:25:17,114 - WARNING - [hk.616049.xyz (HKG)] ├─ 无有效DNS记录，触发紧急更新
2026-03-11 04:38:13,395 - ERROR - CFST更新失败: None
2026-03-11 04:38:13,396 - INFO - --------------------------------------------------
2026-03-11 04:38:13,396 - INFO - [us.616049.xyz (LAX)] 开始处理节点维护
2026-03-11 04:38:13,417 - DEBUG - DNS解析重试中 us.616049.xyz: [Errno -2] Name or service not known
2026-03-11 04:38:14,424 - DEBUG - DNS解析重试中 us.616049.xyz: [Errno -2] Name or service not known
2026-03-11 04:38:15,439 - DEBUG - DNS解析重试中 us.616049.xyz: [Errno -2] Name or service not known
2026-03-11 04:38:16,440 - WARNING - [us.616049.xyz (LAX)] ├─ 无有效DNS记录，触发紧急更新
2026-03-11 04:51:12,045 - ERROR - CFST更新失败: None
2026-03-11 04:51:12,045 - INFO - --------------------------------------------------
2026-03-11 04:51:12,045 - INFO - [de.616049.xyz (FRA)] 开始处理节点维护
2026-03-11 04:51:12,063 - DEBUG - DNS解析重试中 de.616049.xyz: [Errno -2] Name or service not known
2026-03-11 04:51:13,087 - DEBUG - DNS解析重试中 de.616049.xyz: [Errno -2] Name or service not known
2026-03-11 04:51:14,102 - DEBUG - DNS解析重试中 de.616049.xyz: [Errno -2] Name or service not known
2026-03-11 04:51:15,104 - WARNING - [de.616049.xyz (FRA)] ├─ 无有效DNS记录，触发紧急更新
2026-03-11 05:04:11,239 - ERROR - CFST更新失败: None
2026-03-11 05:04:11,243 - DEBUG - Starting new HTTPS connection (1): api.telegram.org:443
2026-03-11 05:04:11,732 - DEBUG - https://api.telegram.org:443 "POST /bot/sendMessage HTTP/1.1" 404 55
