2026-01-27 22:23:08,033 - INFO - 启动维护任务 | 协议类型: IPV4
2026-01-27 22:23:08,033 - INFO - --------------------------------------------------
2026-01-27 22:23:08,033 - INFO - [hk.616049.xyz (HKG)] 开始处理节点维护
2026-01-27 22:23:08,053 - DEBUG - DNS解析重试中 hk.616049.xyz: [Errno -2] Name or service not known
2026-01-27 22:23:09,065 - DEBUG - DNS解析重试中 hk.616049.xyz: [Errno -2] Name or service not known
2026-01-27 22:23:10,112 - DEBUG - DNS解析重试中 hk.616049.xyz: [Errno -2] Name or service not known
2026-01-27 22:23:11,114 - WARNING - [hk.616049.xyz (HKG)] ├─ 无有效DNS记录，触发紧急更新
2026-01-27 22:36:08,534 - ERROR - CFST更新失败: None
2026-01-27 22:36:08,534 - INFO - --------------------------------------------------
2026-01-27 22:36:08,535 - INFO - [us.616049.xyz (LAX)] 开始处理节点维护
2026-01-27 22:36:08,548 - DEBUG - DNS解析重试中 us.616049.xyz: [Errno -2] Name or service not known
2026-01-27 22:36:09,564 - DEBUG - DNS解析重试中 us.616049.xyz: [Errno -2] Name or service not known
2026-01-27 22:36:10,583 - DEBUG - DNS解析重试中 us.616049.xyz: [Errno -2] Name or service not known
2026-01-27 22:36:11,584 - WARNING - [us.616049.xyz (LAX)] ├─ 无有效DNS记录，触发紧急更新
2026-01-27 22:49:08,439 - ERROR - CFST更新失败: None
2026-01-27 22:49:08,439 - INFO - --------------------------------------------------
2026-01-27 22:49:08,439 - INFO - [de.616049.xyz (FRA)] 开始处理节点维护
2026-01-27 22:49:08,478 - DEBUG - DNS解析重试中 de.616049.xyz: [Errno -2] Name or service not known
2026-01-27 22:49:09,483 - DEBUG - DNS解析重试中 de.616049.xyz: [Errno -2] Name or service not known
2026-01-27 22:49:10,521 - DEBUG - DNS解析重试中 de.616049.xyz: [Errno -2] Name or service not known
2026-01-27 22:49:11,523 - WARNING - [de.616049.xyz (FRA)] ├─ 无有效DNS记录，触发紧急更新
2026-01-27 23:02:07,943 - ERROR - CFST更新失败: None
2026-01-27 23:02:07,946 - DEBUG - Starting new HTTPS connection (1): api.telegram.org:443
2026-01-27 23:02:08,243 - DEBUG - https://api.telegram.org:443 "POST /bot/sendMessage HTTP/1.1" 404 55
