2026-01-20 20:33:05,015 - INFO - 启动维护任务 | 协议类型: IPV4
2026-01-20 20:33:05,015 - INFO - --------------------------------------------------
2026-01-20 20:33:05,015 - INFO - [hk.616049.xyz (HKG)] 开始处理节点维护
2026-01-20 20:33:05,049 - DEBUG - DNS解析重试中 hk.616049.xyz: [Errno -2] Name or service not known
2026-01-20 20:33:06,115 - DEBUG - DNS解析重试中 hk.616049.xyz: [Errno -2] Name or service not known
2026-01-20 20:33:07,121 - DEBUG - DNS解析重试中 hk.616049.xyz: [Errno -2] Name or service not known
2026-01-20 20:33:08,122 - WARNING - [hk.616049.xyz (HKG)] ├─ 无有效DNS记录，触发紧急更新
2026-01-20 20:46:07,020 - ERROR - CFST更新失败: None
2026-01-20 20:46:07,020 - INFO - --------------------------------------------------
2026-01-20 20:46:07,020 - INFO - [us.616049.xyz (LAX)] 开始处理节点维护
2026-01-20 20:46:07,087 - DEBUG - DNS解析重试中 us.616049.xyz: [Errno -2] Name or service not known
2026-01-20 20:46:08,135 - DEBUG - DNS解析重试中 us.616049.xyz: [Errno -2] Name or service not known
2026-01-20 20:46:09,173 - DEBUG - DNS解析重试中 us.616049.xyz: [Errno -2] Name or service not known
2026-01-20 20:46:10,175 - WARNING - [us.616049.xyz (LAX)] ├─ 无有效DNS记录，触发紧急更新
2026-01-20 20:59:09,354 - ERROR - CFST更新失败: None
2026-01-20 20:59:09,354 - INFO - --------------------------------------------------
2026-01-20 20:59:09,354 - INFO - [de.616049.xyz (FRA)] 开始处理节点维护
2026-01-20 20:59:09,381 - DEBUG - DNS解析重试中 de.616049.xyz: [Errno -2] Name or service not known
2026-01-20 20:59:10,416 - DEBUG - DNS解析重试中 de.616049.xyz: [Errno -2] Name or service not known
2026-01-20 20:59:11,452 - DEBUG - DNS解析重试中 de.616049.xyz: [Errno -2] Name or service not known
2026-01-20 20:59:12,454 - WARNING - [de.616049.xyz (FRA)] ├─ 无有效DNS记录，触发紧急更新
2026-01-20 21:12:11,933 - ERROR - CFST更新失败: None
2026-01-20 21:12:11,936 - DEBUG - Starting new HTTPS connection (1): api.telegram.org:443
2026-01-20 21:12:12,323 - DEBUG - https://api.telegram.org:443 "POST /bot/sendMessage HTTP/1.1" 404 55
