2026-04-17 18:47:27,792 - INFO - 启动维护任务 | 协议类型: IPV4
2026-04-17 18:47:27,792 - INFO - --------------------------------------------------
2026-04-17 18:47:27,792 - INFO - [hk.616049.xyz (HKG)] 开始处理节点维护
2026-04-17 18:47:27,805 - DEBUG - DNS解析重试中 hk.616049.xyz: [Errno -2] Name or service not known
2026-04-17 18:47:28,820 - DEBUG - DNS解析重试中 hk.616049.xyz: [Errno -2] Name or service not known
2026-04-17 18:47:29,832 - DEBUG - DNS解析重试中 hk.616049.xyz: [Errno -2] Name or service not known
2026-04-17 18:47:30,833 - WARNING - [hk.616049.xyz (HKG)] ├─ 无有效DNS记录，触发紧急更新
2026-04-17 19:00:26,111 - ERROR - CFST更新失败: None
2026-04-17 19:00:26,112 - INFO - --------------------------------------------------
2026-04-17 19:00:26,112 - INFO - [us.616049.xyz (LAX)] 开始处理节点维护
2026-04-17 19:00:26,180 - DEBUG - DNS解析重试中 us.616049.xyz: [Errno -2] Name or service not known
2026-04-17 19:00:27,194 - DEBUG - DNS解析重试中 us.616049.xyz: [Errno -2] Name or service not known
2026-04-17 19:00:28,202 - DEBUG - DNS解析重试中 us.616049.xyz: [Errno -2] Name or service not known
2026-04-17 19:00:29,203 - WARNING - [us.616049.xyz (LAX)] ├─ 无有效DNS记录，触发紧急更新
2026-04-17 19:13:23,292 - ERROR - CFST更新失败: None
2026-04-17 19:13:23,292 - INFO - --------------------------------------------------
2026-04-17 19:13:23,292 - INFO - [de.616049.xyz (FRA)] 开始处理节点维护
2026-04-17 19:13:23,307 - DEBUG - DNS解析重试中 de.616049.xyz: [Errno -2] Name or service not known
2026-04-17 19:13:24,315 - DEBUG - DNS解析重试中 de.616049.xyz: [Errno -2] Name or service not known
2026-04-17 19:13:25,335 - DEBUG - DNS解析重试中 de.616049.xyz: [Errno -2] Name or service not known
2026-04-17 19:13:26,336 - WARNING - [de.616049.xyz (FRA)] ├─ 无有效DNS记录，触发紧急更新
2026-04-17 19:26:20,705 - ERROR - CFST更新失败: None
2026-04-17 19:26:20,708 - DEBUG - Starting new HTTPS connection (1): api.telegram.org:443
2026-04-17 19:26:20,993 - DEBUG - https://api.telegram.org:443 "POST /bot/sendMessage HTTP/1.1" 404 55
