2026-05-20 15:36:12,961 - INFO - 启动维护任务 | 协议类型: IPV4
2026-05-20 15:36:12,962 - INFO - --------------------------------------------------
2026-05-20 15:36:12,962 - INFO - [hk.616049.xyz (HKG)] 开始处理节点维护
2026-05-20 15:36:12,973 - DEBUG - DNS解析重试中 hk.616049.xyz: [Errno -2] Name or service not known
2026-05-20 15:36:13,998 - DEBUG - DNS解析重试中 hk.616049.xyz: [Errno -2] Name or service not known
2026-05-20 15:36:15,130 - DEBUG - DNS解析重试中 hk.616049.xyz: [Errno -2] Name or service not known
2026-05-20 15:36:16,131 - WARNING - [hk.616049.xyz (HKG)] ├─ 无有效DNS记录，触发紧急更新
2026-05-20 15:49:14,246 - ERROR - CFST更新失败: None
2026-05-20 15:49:14,247 - INFO - --------------------------------------------------
2026-05-20 15:49:14,247 - INFO - [us.616049.xyz (LAX)] 开始处理节点维护
2026-05-20 15:49:14,259 - DEBUG - DNS解析重试中 us.616049.xyz: [Errno -2] Name or service not known
2026-05-20 15:49:15,294 - DEBUG - DNS解析重试中 us.616049.xyz: [Errno -2] Name or service not known
2026-05-20 15:49:16,325 - DEBUG - DNS解析重试中 us.616049.xyz: [Errno -2] Name or service not known
2026-05-20 15:49:17,326 - WARNING - [us.616049.xyz (LAX)] ├─ 无有效DNS记录，触发紧急更新
2026-05-20 16:02:16,941 - ERROR - CFST更新失败: None
2026-05-20 16:02:16,941 - INFO - --------------------------------------------------
2026-05-20 16:02:16,942 - INFO - [de.616049.xyz (FRA)] 开始处理节点维护
2026-05-20 16:02:16,974 - DEBUG - DNS解析重试中 de.616049.xyz: [Errno -2] Name or service not known
2026-05-20 16:02:18,005 - DEBUG - DNS解析重试中 de.616049.xyz: [Errno -2] Name or service not known
2026-05-20 16:02:19,019 - DEBUG - DNS解析重试中 de.616049.xyz: [Errno -2] Name or service not known
2026-05-20 16:02:20,020 - WARNING - [de.616049.xyz (FRA)] ├─ 无有效DNS记录，触发紧急更新
2026-05-20 16:15:18,526 - ERROR - CFST更新失败: None
2026-05-20 16:15:18,530 - DEBUG - Starting new HTTPS connection (1): api.telegram.org:443
2026-05-20 16:15:18,825 - DEBUG - https://api.telegram.org:443 "POST /bot/sendMessage HTTP/1.1" 404 55
