2026-04-01 16:55:43,615 - INFO - 启动维护任务 | 协议类型: IPV4
2026-04-01 16:55:43,615 - INFO - --------------------------------------------------
2026-04-01 16:55:43,615 - INFO - [hk.616049.xyz (HKG)] 开始处理节点维护
2026-04-01 16:55:43,666 - DEBUG - DNS解析重试中 hk.616049.xyz: [Errno -2] Name or service not known
2026-04-01 16:55:44,700 - DEBUG - DNS解析重试中 hk.616049.xyz: [Errno -2] Name or service not known
2026-04-01 16:55:45,728 - DEBUG - DNS解析重试中 hk.616049.xyz: [Errno -2] Name or service not known
2026-04-01 16:55:46,730 - WARNING - [hk.616049.xyz (HKG)] ├─ 无有效DNS记录，触发紧急更新
2026-04-01 17:08:43,383 - ERROR - CFST更新失败: None
2026-04-01 17:08:43,383 - INFO - --------------------------------------------------
2026-04-01 17:08:43,383 - INFO - [us.616049.xyz (LAX)] 开始处理节点维护
2026-04-01 17:08:43,411 - DEBUG - DNS解析重试中 us.616049.xyz: [Errno -2] Name or service not known
2026-04-01 17:08:44,442 - DEBUG - DNS解析重试中 us.616049.xyz: [Errno -2] Name or service not known
2026-04-01 17:08:45,474 - DEBUG - DNS解析重试中 us.616049.xyz: [Errno -2] Name or service not known
2026-04-01 17:08:46,476 - WARNING - [us.616049.xyz (LAX)] ├─ 无有效DNS记录，触发紧急更新
2026-04-01 17:21:42,391 - ERROR - CFST更新失败: None
2026-04-01 17:21:42,391 - INFO - --------------------------------------------------
2026-04-01 17:21:42,391 - INFO - [de.616049.xyz (FRA)] 开始处理节点维护
2026-04-01 17:21:42,419 - DEBUG - DNS解析重试中 de.616049.xyz: [Errno -2] Name or service not known
2026-04-01 17:21:43,448 - DEBUG - DNS解析重试中 de.616049.xyz: [Errno -2] Name or service not known
2026-04-01 17:21:44,476 - DEBUG - DNS解析重试中 de.616049.xyz: [Errno -2] Name or service not known
2026-04-01 17:21:45,477 - WARNING - [de.616049.xyz (FRA)] ├─ 无有效DNS记录，触发紧急更新
2026-04-01 17:34:40,494 - ERROR - CFST更新失败: None
2026-04-01 17:34:40,497 - DEBUG - Starting new HTTPS connection (1): api.telegram.org:443
2026-04-01 17:34:40,898 - DEBUG - https://api.telegram.org:443 "POST /bot/sendMessage HTTP/1.1" 404 55
