2026-07-15 01:04:49,239 - INFO - 启动维护任务 | 协议类型: IPV4
2026-07-15 01:04:49,239 - INFO - --------------------------------------------------
2026-07-15 01:04:49,239 - INFO - [hk.616049.xyz (HKG)] 开始处理节点维护
2026-07-15 01:04:49,266 - DEBUG - DNS解析重试中 hk.616049.xyz: [Errno -5] No address associated with hostname
2026-07-15 01:04:50,295 - DEBUG - DNS解析重试中 hk.616049.xyz: [Errno -5] No address associated with hostname
2026-07-15 01:04:51,302 - DEBUG - DNS解析重试中 hk.616049.xyz: [Errno -5] No address associated with hostname
2026-07-15 01:04:52,303 - WARNING - [hk.616049.xyz (HKG)] ├─ 无有效DNS记录，触发紧急更新
2026-07-15 01:17:22,623 - ERROR - CFST更新失败: None
2026-07-15 01:17:22,623 - INFO - --------------------------------------------------
2026-07-15 01:17:22,623 - INFO - [us.616049.xyz (LAX)] 开始处理节点维护
2026-07-15 01:17:22,655 - DEBUG - DNS解析重试中 us.616049.xyz: [Errno -5] No address associated with hostname
2026-07-15 01:17:23,675 - DEBUG - DNS解析重试中 us.616049.xyz: [Errno -5] No address associated with hostname
2026-07-15 01:17:24,698 - DEBUG - DNS解析重试中 us.616049.xyz: [Errno -5] No address associated with hostname
2026-07-15 01:17:25,699 - WARNING - [us.616049.xyz (LAX)] ├─ 无有效DNS记录，触发紧急更新
2026-07-15 01:29:55,377 - ERROR - CFST更新失败: None
2026-07-15 01:29:55,377 - INFO - --------------------------------------------------
2026-07-15 01:29:55,377 - INFO - [de.616049.xyz (FRA)] 开始处理节点维护
2026-07-15 01:29:55,392 - DEBUG - DNS解析重试中 de.616049.xyz: [Errno -5] No address associated with hostname
2026-07-15 01:29:56,422 - DEBUG - DNS解析重试中 de.616049.xyz: [Errno -5] No address associated with hostname
2026-07-15 01:29:57,450 - DEBUG - DNS解析重试中 de.616049.xyz: [Errno -5] No address associated with hostname
2026-07-15 01:29:58,451 - WARNING - [de.616049.xyz (FRA)] ├─ 无有效DNS记录，触发紧急更新
2026-07-15 01:42:28,519 - ERROR - CFST更新失败: None
2026-07-15 01:42:28,523 - DEBUG - Starting new HTTPS connection (1): api.telegram.org:443
2026-07-15 01:42:28,815 - DEBUG - https://api.telegram.org:443 "POST /bot/sendMessage HTTP/1.1" 404 55
