2026-07-16 23:27:16,380 - INFO - 启动维护任务 | 协议类型: IPV4
2026-07-16 23:27:16,380 - INFO - --------------------------------------------------
2026-07-16 23:27:16,380 - INFO - [hk.616049.xyz (HKG)] 开始处理节点维护
2026-07-16 23:27:16,430 - DEBUG - DNS解析重试中 hk.616049.xyz: [Errno -5] No address associated with hostname
2026-07-16 23:27:17,483 - DEBUG - DNS解析重试中 hk.616049.xyz: [Errno -5] No address associated with hostname
2026-07-16 23:27:18,537 - DEBUG - DNS解析重试中 hk.616049.xyz: [Errno -5] No address associated with hostname
2026-07-16 23:27:19,538 - WARNING - [hk.616049.xyz (HKG)] ├─ 无有效DNS记录，触发紧急更新
2026-07-16 23:40:00,845 - ERROR - CFST更新失败: None
2026-07-16 23:40:00,846 - INFO - --------------------------------------------------
2026-07-16 23:40:00,846 - INFO - [us.616049.xyz (LAX)] 开始处理节点维护
2026-07-16 23:40:00,956 - DEBUG - DNS解析重试中 us.616049.xyz: [Errno -5] No address associated with hostname
2026-07-16 23:40:02,031 - DEBUG - DNS解析重试中 us.616049.xyz: [Errno -5] No address associated with hostname
2026-07-16 23:40:03,099 - DEBUG - DNS解析重试中 us.616049.xyz: [Errno -5] No address associated with hostname
2026-07-16 23:40:04,100 - WARNING - [us.616049.xyz (LAX)] ├─ 无有效DNS记录，触发紧急更新
2026-07-16 23:52:43,560 - ERROR - CFST更新失败: None
2026-07-16 23:52:43,560 - INFO - --------------------------------------------------
2026-07-16 23:52:43,561 - INFO - [de.616049.xyz (FRA)] 开始处理节点维护
2026-07-16 23:52:43,602 - DEBUG - DNS解析重试中 de.616049.xyz: [Errno -5] No address associated with hostname
2026-07-16 23:52:44,677 - DEBUG - DNS解析重试中 de.616049.xyz: [Errno -5] No address associated with hostname
2026-07-16 23:52:45,721 - DEBUG - DNS解析重试中 de.616049.xyz: [Errno -5] No address associated with hostname
2026-07-16 23:52:46,722 - WARNING - [de.616049.xyz (FRA)] ├─ 无有效DNS记录，触发紧急更新
2026-07-17 00:05:29,200 - ERROR - CFST更新失败: None
2026-07-17 00:05:29,204 - DEBUG - Starting new HTTPS connection (1): api.telegram.org:443
2026-07-17 00:05:29,560 - DEBUG - https://api.telegram.org:443 "POST /bot/sendMessage HTTP/1.1" 404 55
