2026-03-24 12:11:10,659 - INFO - 启动维护任务 | 协议类型: IPV4
2026-03-24 12:11:10,660 - INFO - --------------------------------------------------
2026-03-24 12:11:10,660 - INFO - [hk.616049.xyz (HKG)] 开始处理节点维护
2026-03-24 12:11:10,667 - DEBUG - DNS解析重试中 hk.616049.xyz: [Errno -2] Name or service not known
2026-03-24 12:11:11,686 - DEBUG - DNS解析重试中 hk.616049.xyz: [Errno -2] Name or service not known
2026-03-24 12:11:12,692 - DEBUG - DNS解析重试中 hk.616049.xyz: [Errno -2] Name or service not known
2026-03-24 12:11:13,693 - WARNING - [hk.616049.xyz (HKG)] ├─ 无有效DNS记录，触发紧急更新
2026-03-24 12:24:08,482 - ERROR - CFST更新失败: None
2026-03-24 12:24:08,483 - INFO - --------------------------------------------------
2026-03-24 12:24:08,483 - INFO - [us.616049.xyz (LAX)] 开始处理节点维护
2026-03-24 12:24:08,490 - DEBUG - DNS解析重试中 us.616049.xyz: [Errno -2] Name or service not known
2026-03-24 12:24:09,499 - DEBUG - DNS解析重试中 us.616049.xyz: [Errno -2] Name or service not known
2026-03-24 12:24:10,507 - DEBUG - DNS解析重试中 us.616049.xyz: [Errno -2] Name or service not known
2026-03-24 12:24:11,509 - WARNING - [us.616049.xyz (LAX)] ├─ 无有效DNS记录，触发紧急更新
2026-03-24 12:37:05,755 - ERROR - CFST更新失败: None
2026-03-24 12:37:05,755 - INFO - --------------------------------------------------
2026-03-24 12:37:05,755 - INFO - [de.616049.xyz (FRA)] 开始处理节点维护
2026-03-24 12:37:05,763 - DEBUG - DNS解析重试中 de.616049.xyz: [Errno -2] Name or service not known
2026-03-24 12:37:06,779 - DEBUG - DNS解析重试中 de.616049.xyz: [Errno -2] Name or service not known
2026-03-24 12:37:07,794 - DEBUG - DNS解析重试中 de.616049.xyz: [Errno -2] Name or service not known
2026-03-24 12:37:08,795 - WARNING - [de.616049.xyz (FRA)] ├─ 无有效DNS记录，触发紧急更新
2026-03-24 12:50:03,519 - ERROR - CFST更新失败: None
2026-03-24 12:50:03,523 - DEBUG - Starting new HTTPS connection (1): api.telegram.org:443
2026-03-24 12:50:03,997 - DEBUG - https://api.telegram.org:443 "POST /bot/sendMessage HTTP/1.1" 404 55
