2026-02-02 16:34:24,267 - INFO - 启动维护任务 | 协议类型: IPV4
2026-02-02 16:34:24,267 - INFO - --------------------------------------------------
2026-02-02 16:34:24,267 - INFO - [hk.616049.xyz (HKG)] 开始处理节点维护
2026-02-02 16:34:24,299 - DEBUG - DNS解析重试中 hk.616049.xyz: [Errno -2] Name or service not known
2026-02-02 16:34:25,330 - DEBUG - DNS解析重试中 hk.616049.xyz: [Errno -2] Name or service not known
2026-02-02 16:34:26,337 - DEBUG - DNS解析重试中 hk.616049.xyz: [Errno -2] Name or service not known
2026-02-02 16:34:27,338 - WARNING - [hk.616049.xyz (HKG)] ├─ 无有效DNS记录，触发紧急更新
2026-02-02 16:47:25,631 - ERROR - CFST更新失败: None
2026-02-02 16:47:25,632 - INFO - --------------------------------------------------
2026-02-02 16:47:25,632 - INFO - [us.616049.xyz (LAX)] 开始处理节点维护
2026-02-02 16:47:25,835 - DEBUG - DNS解析重试中 us.616049.xyz: [Errno -2] Name or service not known
2026-02-02 16:47:26,865 - DEBUG - DNS解析重试中 us.616049.xyz: [Errno -2] Name or service not known
2026-02-02 16:47:27,919 - DEBUG - DNS解析重试中 us.616049.xyz: [Errno -2] Name or service not known
2026-02-02 16:47:28,920 - WARNING - [us.616049.xyz (LAX)] ├─ 无有效DNS记录，触发紧急更新
2026-02-02 17:00:26,534 - ERROR - CFST更新失败: None
2026-02-02 17:00:26,534 - INFO - --------------------------------------------------
2026-02-02 17:00:26,534 - INFO - [de.616049.xyz (FRA)] 开始处理节点维护
2026-02-02 17:00:26,564 - DEBUG - DNS解析重试中 de.616049.xyz: [Errno -2] Name or service not known
2026-02-02 17:00:27,594 - DEBUG - DNS解析重试中 de.616049.xyz: [Errno -2] Name or service not known
2026-02-02 17:00:28,638 - DEBUG - DNS解析重试中 de.616049.xyz: [Errno -2] Name or service not known
2026-02-02 17:00:29,640 - WARNING - [de.616049.xyz (FRA)] ├─ 无有效DNS记录，触发紧急更新
2026-02-02 17:13:27,418 - ERROR - CFST更新失败: None
2026-02-02 17:13:27,422 - DEBUG - Starting new HTTPS connection (1): api.telegram.org:443
2026-02-02 17:13:27,844 - DEBUG - https://api.telegram.org:443 "POST /bot/sendMessage HTTP/1.1" 404 55
