2026-04-27 06:29:44,790 - INFO - 启动维护任务 | 协议类型: IPV4
2026-04-27 06:29:44,791 - INFO - --------------------------------------------------
2026-04-27 06:29:44,791 - INFO - [hk.616049.xyz (HKG)] 开始处理节点维护
2026-04-27 06:29:44,805 - DEBUG - DNS解析重试中 hk.616049.xyz: [Errno -2] Name or service not known
2026-04-27 06:29:45,831 - DEBUG - DNS解析重试中 hk.616049.xyz: [Errno -2] Name or service not known
2026-04-27 06:29:46,857 - DEBUG - DNS解析重试中 hk.616049.xyz: [Errno -2] Name or service not known
2026-04-27 06:29:47,858 - WARNING - [hk.616049.xyz (HKG)] ├─ 无有效DNS记录，触发紧急更新
2026-04-27 06:42:42,457 - ERROR - CFST更新失败: None
2026-04-27 06:42:42,457 - INFO - --------------------------------------------------
2026-04-27 06:42:42,457 - INFO - [us.616049.xyz (LAX)] 开始处理节点维护
2026-04-27 06:42:42,509 - DEBUG - DNS解析重试中 us.616049.xyz: [Errno -2] Name or service not known
2026-04-27 06:42:43,536 - DEBUG - DNS解析重试中 us.616049.xyz: [Errno -2] Name or service not known
2026-04-27 06:42:44,560 - DEBUG - DNS解析重试中 us.616049.xyz: [Errno -2] Name or service not known
2026-04-27 06:42:45,562 - WARNING - [us.616049.xyz (LAX)] ├─ 无有效DNS记录，触发紧急更新
2026-04-27 06:55:39,809 - ERROR - CFST更新失败: None
2026-04-27 06:55:39,809 - INFO - --------------------------------------------------
2026-04-27 06:55:39,809 - INFO - [de.616049.xyz (FRA)] 开始处理节点维护
2026-04-27 06:55:39,830 - DEBUG - DNS解析重试中 de.616049.xyz: [Errno -2] Name or service not known
2026-04-27 06:55:40,854 - DEBUG - DNS解析重试中 de.616049.xyz: [Errno -2] Name or service not known
2026-04-27 06:55:41,877 - DEBUG - DNS解析重试中 de.616049.xyz: [Errno -2] Name or service not known
2026-04-27 06:55:42,878 - WARNING - [de.616049.xyz (FRA)] ├─ 无有效DNS记录，触发紧急更新
2026-04-27 07:08:37,211 - ERROR - CFST更新失败: None
2026-04-27 07:08:37,215 - DEBUG - Starting new HTTPS connection (1): api.telegram.org:443
2026-04-27 07:08:37,663 - DEBUG - https://api.telegram.org:443 "POST /bot/sendMessage HTTP/1.1" 404 55
