2026-04-11 09:27:18,883 - INFO - 启动维护任务 | 协议类型: IPV4
2026-04-11 09:27:18,883 - INFO - --------------------------------------------------
2026-04-11 09:27:18,883 - INFO - [hk.616049.xyz (HKG)] 开始处理节点维护
2026-04-11 09:27:18,900 - DEBUG - DNS解析重试中 hk.616049.xyz: [Errno -2] Name or service not known
2026-04-11 09:27:19,913 - DEBUG - DNS解析重试中 hk.616049.xyz: [Errno -2] Name or service not known
2026-04-11 09:27:20,935 - DEBUG - DNS解析重试中 hk.616049.xyz: [Errno -2] Name or service not known
2026-04-11 09:27:21,936 - WARNING - [hk.616049.xyz (HKG)] ├─ 无有效DNS记录，触发紧急更新
2026-04-11 09:40:15,670 - ERROR - CFST更新失败: None
2026-04-11 09:40:15,671 - INFO - --------------------------------------------------
2026-04-11 09:40:15,671 - INFO - [us.616049.xyz (LAX)] 开始处理节点维护
2026-04-11 09:40:15,682 - DEBUG - DNS解析重试中 us.616049.xyz: [Errno -2] Name or service not known
2026-04-11 09:40:16,688 - DEBUG - DNS解析重试中 us.616049.xyz: [Errno -2] Name or service not known
2026-04-11 09:40:17,702 - DEBUG - DNS解析重试中 us.616049.xyz: [Errno -2] Name or service not known
2026-04-11 09:40:18,703 - WARNING - [us.616049.xyz (LAX)] ├─ 无有效DNS记录，触发紧急更新
2026-04-11 09:53:11,830 - ERROR - CFST更新失败: None
2026-04-11 09:53:11,830 - INFO - --------------------------------------------------
2026-04-11 09:53:11,830 - INFO - [de.616049.xyz (FRA)] 开始处理节点维护
2026-04-11 09:53:11,841 - DEBUG - DNS解析重试中 de.616049.xyz: [Errno -2] Name or service not known
2026-04-11 09:53:12,853 - DEBUG - DNS解析重试中 de.616049.xyz: [Errno -2] Name or service not known
2026-04-11 09:53:13,866 - DEBUG - DNS解析重试中 de.616049.xyz: [Errno -2] Name or service not known
2026-04-11 09:53:14,867 - WARNING - [de.616049.xyz (FRA)] ├─ 无有效DNS记录，触发紧急更新
2026-04-11 10:06:08,196 - ERROR - CFST更新失败: None
2026-04-11 10:06:08,200 - DEBUG - Starting new HTTPS connection (1): api.telegram.org:443
2026-04-11 10:06:08,492 - DEBUG - https://api.telegram.org:443 "POST /bot/sendMessage HTTP/1.1" 404 55
