2026-02-22 09:22:58,031 - INFO - 启动维护任务 | 协议类型: IPV4
2026-02-22 09:22:58,032 - INFO - --------------------------------------------------
2026-02-22 09:22:58,032 - INFO - [hk.616049.xyz (HKG)] 开始处理节点维护
2026-02-22 09:22:58,066 - DEBUG - DNS解析重试中 hk.616049.xyz: [Errno -2] Name or service not known
2026-02-22 09:22:59,109 - DEBUG - DNS解析重试中 hk.616049.xyz: [Errno -2] Name or service not known
2026-02-22 09:23:00,146 - DEBUG - DNS解析重试中 hk.616049.xyz: [Errno -2] Name or service not known
2026-02-22 09:23:01,147 - WARNING - [hk.616049.xyz (HKG)] ├─ 无有效DNS记录，触发紧急更新
2026-02-22 09:35:59,569 - ERROR - CFST更新失败: None
2026-02-22 09:35:59,569 - INFO - --------------------------------------------------
2026-02-22 09:35:59,569 - INFO - [us.616049.xyz (LAX)] 开始处理节点维护
2026-02-22 09:35:59,600 - DEBUG - DNS解析重试中 us.616049.xyz: [Errno -2] Name or service not known
2026-02-22 09:36:00,642 - DEBUG - DNS解析重试中 us.616049.xyz: [Errno -2] Name or service not known
2026-02-22 09:36:01,682 - DEBUG - DNS解析重试中 us.616049.xyz: [Errno -2] Name or service not known
2026-02-22 09:36:02,683 - WARNING - [us.616049.xyz (LAX)] ├─ 无有效DNS记录，触发紧急更新
2026-02-22 09:49:01,786 - ERROR - CFST更新失败: None
2026-02-22 09:49:01,787 - INFO - --------------------------------------------------
2026-02-22 09:49:01,787 - INFO - [de.616049.xyz (FRA)] 开始处理节点维护
2026-02-22 09:49:01,828 - DEBUG - DNS解析重试中 de.616049.xyz: [Errno -2] Name or service not known
2026-02-22 09:49:02,869 - DEBUG - DNS解析重试中 de.616049.xyz: [Errno -2] Name or service not known
2026-02-22 09:49:03,913 - DEBUG - DNS解析重试中 de.616049.xyz: [Errno -2] Name or service not known
2026-02-22 09:49:04,914 - WARNING - [de.616049.xyz (FRA)] ├─ 无有效DNS记录，触发紧急更新
2026-02-22 10:02:03,668 - ERROR - CFST更新失败: None
2026-02-22 10:02:03,672 - DEBUG - Starting new HTTPS connection (1): api.telegram.org:443
2026-02-22 10:02:04,068 - DEBUG - https://api.telegram.org:443 "POST /bot/sendMessage HTTP/1.1" 404 55
