2026-05-08 17:07:54,516 - INFO - 启动维护任务 | 协议类型: IPV4
2026-05-08 17:07:54,516 - INFO - --------------------------------------------------
2026-05-08 17:07:54,517 - INFO - [hk.616049.xyz (HKG)] 开始处理节点维护
2026-05-08 17:07:54,538 - DEBUG - DNS解析重试中 hk.616049.xyz: [Errno -2] Name or service not known
2026-05-08 17:07:55,545 - DEBUG - DNS解析重试中 hk.616049.xyz: [Errno -2] Name or service not known
2026-05-08 17:07:56,566 - DEBUG - DNS解析重试中 hk.616049.xyz: [Errno -2] Name or service not known
2026-05-08 17:07:57,567 - WARNING - [hk.616049.xyz (HKG)] ├─ 无有效DNS记录，触发紧急更新
2026-05-08 17:20:34,437 - ERROR - CFST更新失败: None
2026-05-08 17:20:34,437 - INFO - --------------------------------------------------
2026-05-08 17:20:34,437 - INFO - [us.616049.xyz (LAX)] 开始处理节点维护
2026-05-08 17:20:34,453 - DEBUG - DNS解析重试中 us.616049.xyz: [Errno -2] Name or service not known
2026-05-08 17:20:35,471 - DEBUG - DNS解析重试中 us.616049.xyz: [Errno -2] Name or service not known
2026-05-08 17:20:36,484 - DEBUG - DNS解析重试中 us.616049.xyz: [Errno -2] Name or service not known
2026-05-08 17:20:37,485 - WARNING - [us.616049.xyz (LAX)] ├─ 无有效DNS记录，触发紧急更新
2026-05-08 17:33:13,783 - ERROR - CFST更新失败: None
2026-05-08 17:33:13,784 - INFO - --------------------------------------------------
2026-05-08 17:33:13,784 - INFO - [de.616049.xyz (FRA)] 开始处理节点维护
2026-05-08 17:33:13,803 - DEBUG - DNS解析重试中 de.616049.xyz: [Errno -2] Name or service not known
2026-05-08 17:33:14,826 - DEBUG - DNS解析重试中 de.616049.xyz: [Errno -2] Name or service not known
2026-05-08 17:33:15,850 - DEBUG - DNS解析重试中 de.616049.xyz: [Errno -2] Name or service not known
2026-05-08 17:33:16,851 - WARNING - [de.616049.xyz (FRA)] ├─ 无有效DNS记录，触发紧急更新
2026-05-08 17:45:53,284 - ERROR - CFST更新失败: None
2026-05-08 17:45:53,287 - DEBUG - Starting new HTTPS connection (1): api.telegram.org:443
2026-05-08 17:45:53,774 - DEBUG - https://api.telegram.org:443 "POST /bot/sendMessage HTTP/1.1" 404 55
