2026-01-24 06:12:48,975 - INFO - 启动维护任务 | 协议类型: IPV4
2026-01-24 06:12:48,975 - INFO - --------------------------------------------------
2026-01-24 06:12:48,975 - INFO - [hk.616049.xyz (HKG)] 开始处理节点维护
2026-01-24 06:12:49,013 - DEBUG - DNS解析重试中 hk.616049.xyz: [Errno -2] Name or service not known
2026-01-24 06:12:50,046 - DEBUG - DNS解析重试中 hk.616049.xyz: [Errno -2] Name or service not known
2026-01-24 06:12:51,051 - DEBUG - DNS解析重试中 hk.616049.xyz: [Errno -2] Name or service not known
2026-01-24 06:12:52,052 - WARNING - [hk.616049.xyz (HKG)] ├─ 无有效DNS记录，触发紧急更新
2026-01-24 06:25:48,811 - ERROR - CFST更新失败: None
2026-01-24 06:25:48,811 - INFO - --------------------------------------------------
2026-01-24 06:25:48,811 - INFO - [us.616049.xyz (LAX)] 开始处理节点维护
2026-01-24 06:25:48,847 - DEBUG - DNS解析重试中 us.616049.xyz: [Errno -2] Name or service not known
2026-01-24 06:25:49,879 - DEBUG - DNS解析重试中 us.616049.xyz: [Errno -2] Name or service not known
2026-01-24 06:25:50,910 - DEBUG - DNS解析重试中 us.616049.xyz: [Errno -2] Name or service not known
2026-01-24 06:25:51,911 - WARNING - [us.616049.xyz (LAX)] ├─ 无有效DNS记录，触发紧急更新
2026-01-24 06:38:48,503 - ERROR - CFST更新失败: None
2026-01-24 06:38:48,503 - INFO - --------------------------------------------------
2026-01-24 06:38:48,504 - INFO - [de.616049.xyz (FRA)] 开始处理节点维护
2026-01-24 06:38:48,549 - DEBUG - DNS解析重试中 de.616049.xyz: [Errno -2] Name or service not known
2026-01-24 06:38:49,584 - DEBUG - DNS解析重试中 de.616049.xyz: [Errno -2] Name or service not known
2026-01-24 06:38:50,628 - DEBUG - DNS解析重试中 de.616049.xyz: [Errno -2] Name or service not known
2026-01-24 06:38:51,629 - WARNING - [de.616049.xyz (FRA)] ├─ 无有效DNS记录，触发紧急更新
2026-01-24 06:51:48,246 - ERROR - CFST更新失败: None
2026-01-24 06:51:48,249 - DEBUG - Starting new HTTPS connection (1): api.telegram.org:443
2026-01-24 06:51:48,646 - DEBUG - https://api.telegram.org:443 "POST /bot/sendMessage HTTP/1.1" 404 55
