2026-02-03 00:29:22,653 - INFO - 启动维护任务 | 协议类型: IPV4
2026-02-03 00:29:22,653 - INFO - --------------------------------------------------
2026-02-03 00:29:22,653 - INFO - [hk.616049.xyz (HKG)] 开始处理节点维护
2026-02-03 00:29:22,666 - DEBUG - DNS解析重试中 hk.616049.xyz: [Errno -2] Name or service not known
2026-02-03 00:29:23,691 - DEBUG - DNS解析重试中 hk.616049.xyz: [Errno -2] Name or service not known
2026-02-03 00:29:24,706 - DEBUG - DNS解析重试中 hk.616049.xyz: [Errno -2] Name or service not known
2026-02-03 00:29:25,707 - WARNING - [hk.616049.xyz (HKG)] ├─ 无有效DNS记录，触发紧急更新
2026-02-03 00:42:24,426 - ERROR - CFST更新失败: None
2026-02-03 00:42:24,426 - INFO - --------------------------------------------------
2026-02-03 00:42:24,426 - INFO - [us.616049.xyz (LAX)] 开始处理节点维护
2026-02-03 00:42:24,463 - DEBUG - DNS解析重试中 us.616049.xyz: [Errno -2] Name or service not known
2026-02-03 00:42:25,509 - DEBUG - DNS解析重试中 us.616049.xyz: [Errno -2] Name or service not known
2026-02-03 00:42:26,523 - DEBUG - DNS解析重试中 us.616049.xyz: [Errno -2] Name or service not known
2026-02-03 00:42:27,525 - WARNING - [us.616049.xyz (LAX)] ├─ 无有效DNS记录，触发紧急更新
2026-02-03 00:55:25,494 - ERROR - CFST更新失败: None
2026-02-03 00:55:25,494 - INFO - --------------------------------------------------
2026-02-03 00:55:25,495 - INFO - [de.616049.xyz (FRA)] 开始处理节点维护
2026-02-03 00:55:25,513 - DEBUG - DNS解析重试中 de.616049.xyz: [Errno -2] Name or service not known
2026-02-03 00:55:26,532 - DEBUG - DNS解析重试中 de.616049.xyz: [Errno -2] Name or service not known
2026-02-03 00:55:27,539 - DEBUG - DNS解析重试中 de.616049.xyz: [Errno -2] Name or service not known
2026-02-03 00:55:28,541 - WARNING - [de.616049.xyz (FRA)] ├─ 无有效DNS记录，触发紧急更新
2026-02-03 01:08:27,908 - ERROR - CFST更新失败: None
2026-02-03 01:08:27,912 - DEBUG - Starting new HTTPS connection (1): api.telegram.org:443
2026-02-03 01:08:28,384 - DEBUG - https://api.telegram.org:443 "POST /bot/sendMessage HTTP/1.1" 404 55
