2026-06-22 07:02:19,980 - INFO - 启动维护任务 | 协议类型: IPV4
2026-06-22 07:02:19,980 - INFO - --------------------------------------------------
2026-06-22 07:02:19,980 - INFO - [hk.616049.xyz (HKG)] 开始处理节点维护
2026-06-22 07:02:20,010 - DEBUG - DNS解析重试中 hk.616049.xyz: [Errno -2] Name or service not known
2026-06-22 07:02:21,042 - DEBUG - DNS解析重试中 hk.616049.xyz: [Errno -2] Name or service not known
2026-06-22 07:02:22,070 - DEBUG - DNS解析重试中 hk.616049.xyz: [Errno -2] Name or service not known
2026-06-22 07:02:23,071 - WARNING - [hk.616049.xyz (HKG)] ├─ 无有效DNS记录，触发紧急更新
2026-06-22 07:15:03,700 - ERROR - CFST更新失败: None
2026-06-22 07:15:03,700 - INFO - --------------------------------------------------
2026-06-22 07:15:03,701 - INFO - [us.616049.xyz (LAX)] 开始处理节点维护
2026-06-22 07:15:03,733 - DEBUG - DNS解析重试中 us.616049.xyz: [Errno -2] Name or service not known
2026-06-22 07:15:04,755 - DEBUG - DNS解析重试中 us.616049.xyz: [Errno -2] Name or service not known
2026-06-22 07:15:05,801 - DEBUG - DNS解析重试中 us.616049.xyz: [Errno -2] Name or service not known
2026-06-22 07:15:06,802 - WARNING - [us.616049.xyz (LAX)] ├─ 无有效DNS记录，触发紧急更新
2026-06-22 07:27:47,726 - ERROR - CFST更新失败: None
2026-06-22 07:27:47,726 - INFO - --------------------------------------------------
2026-06-22 07:27:47,726 - INFO - [de.616049.xyz (FRA)] 开始处理节点维护
2026-06-22 07:27:47,781 - DEBUG - DNS解析重试中 de.616049.xyz: [Errno -2] Name or service not known
2026-06-22 07:27:48,801 - DEBUG - DNS解析重试中 de.616049.xyz: [Errno -2] Name or service not known
2026-06-22 07:27:49,829 - DEBUG - DNS解析重试中 de.616049.xyz: [Errno -2] Name or service not known
2026-06-22 07:27:50,830 - WARNING - [de.616049.xyz (FRA)] ├─ 无有效DNS记录，触发紧急更新
2026-06-22 07:40:31,238 - ERROR - CFST更新失败: None
2026-06-22 07:40:31,242 - DEBUG - Starting new HTTPS connection (1): api.telegram.org:443
2026-06-22 07:40:31,529 - DEBUG - https://api.telegram.org:443 "POST /bot/sendMessage HTTP/1.1" 404 55
