2026-02-27 14:42:23,245 - INFO - 启动维护任务 | 协议类型: IPV4
2026-02-27 14:42:23,245 - INFO - --------------------------------------------------
2026-02-27 14:42:23,245 - INFO - [hk.616049.xyz (HKG)] 开始处理节点维护
2026-02-27 14:42:23,252 - DEBUG - DNS解析重试中 hk.616049.xyz: [Errno -2] Name or service not known
2026-02-27 14:42:24,264 - DEBUG - DNS解析重试中 hk.616049.xyz: [Errno -2] Name or service not known
2026-02-27 14:42:25,271 - DEBUG - DNS解析重试中 hk.616049.xyz: [Errno -2] Name or service not known
2026-02-27 14:42:26,272 - WARNING - [hk.616049.xyz (HKG)] ├─ 无有效DNS记录，触发紧急更新
2026-02-27 14:55:19,782 - ERROR - CFST更新失败: None
2026-02-27 14:55:19,782 - INFO - --------------------------------------------------
2026-02-27 14:55:19,782 - INFO - [us.616049.xyz (LAX)] 开始处理节点维护
2026-02-27 14:55:19,794 - DEBUG - DNS解析重试中 us.616049.xyz: [Errno -2] Name or service not known
2026-02-27 14:55:20,803 - DEBUG - DNS解析重试中 us.616049.xyz: [Errno -2] Name or service not known
2026-02-27 14:55:21,836 - DEBUG - DNS解析重试中 us.616049.xyz: [Errno -2] Name or service not known
2026-02-27 14:55:22,837 - WARNING - [us.616049.xyz (LAX)] ├─ 无有效DNS记录，触发紧急更新
2026-02-27 15:08:15,926 - ERROR - CFST更新失败: None
2026-02-27 15:08:15,927 - INFO - --------------------------------------------------
2026-02-27 15:08:15,927 - INFO - [de.616049.xyz (FRA)] 开始处理节点维护
2026-02-27 15:08:16,255 - DEBUG - DNS解析重试中 de.616049.xyz: [Errno -2] Name or service not known
2026-02-27 15:08:17,429 - DEBUG - DNS解析重试中 de.616049.xyz: [Errno -2] Name or service not known
2026-02-27 15:08:18,437 - DEBUG - DNS解析重试中 de.616049.xyz: [Errno -2] Name or service not known
2026-02-27 15:08:19,438 - WARNING - [de.616049.xyz (FRA)] ├─ 无有效DNS记录，触发紧急更新
2026-02-27 15:21:12,102 - ERROR - CFST更新失败: None
2026-02-27 15:21:12,106 - DEBUG - Starting new HTTPS connection (1): api.telegram.org:443
2026-02-27 15:21:12,588 - DEBUG - https://api.telegram.org:443 "POST /bot/sendMessage HTTP/1.1" 404 55
