2026-02-16 00:20:08,032 - INFO - 启动维护任务 | 协议类型: IPV4
2026-02-16 00:20:08,032 - INFO - --------------------------------------------------
2026-02-16 00:20:08,032 - INFO - [hk.616049.xyz (HKG)] 开始处理节点维护
2026-02-16 00:20:08,070 - DEBUG - DNS解析重试中 hk.616049.xyz: [Errno -2] Name or service not known
2026-02-16 00:20:09,084 - DEBUG - DNS解析重试中 hk.616049.xyz: [Errno -2] Name or service not known
2026-02-16 00:20:10,099 - DEBUG - DNS解析重试中 hk.616049.xyz: [Errno -2] Name or service not known
2026-02-16 00:20:11,101 - WARNING - [hk.616049.xyz (HKG)] ├─ 无有效DNS记录，触发紧急更新
2026-02-16 00:33:05,333 - ERROR - CFST更新失败: None
2026-02-16 00:33:05,333 - INFO - --------------------------------------------------
2026-02-16 00:33:05,333 - INFO - [us.616049.xyz (LAX)] 开始处理节点维护
2026-02-16 00:33:05,351 - DEBUG - DNS解析重试中 us.616049.xyz: [Errno -2] Name or service not known
2026-02-16 00:33:06,381 - DEBUG - DNS解析重试中 us.616049.xyz: [Errno -2] Name or service not known
2026-02-16 00:33:07,397 - DEBUG - DNS解析重试中 us.616049.xyz: [Errno -2] Name or service not known
2026-02-16 00:33:08,398 - WARNING - [us.616049.xyz (LAX)] ├─ 无有效DNS记录，触发紧急更新
2026-02-16 00:46:01,761 - ERROR - CFST更新失败: None
2026-02-16 00:46:01,761 - INFO - --------------------------------------------------
2026-02-16 00:46:01,761 - INFO - [de.616049.xyz (FRA)] 开始处理节点维护
2026-02-16 00:46:01,788 - DEBUG - DNS解析重试中 de.616049.xyz: [Errno -2] Name or service not known
2026-02-16 00:46:02,821 - DEBUG - DNS解析重试中 de.616049.xyz: [Errno -2] Name or service not known
2026-02-16 00:46:03,836 - DEBUG - DNS解析重试中 de.616049.xyz: [Errno -2] Name or service not known
2026-02-16 00:46:04,838 - WARNING - [de.616049.xyz (FRA)] ├─ 无有效DNS记录，触发紧急更新
2026-02-16 00:58:57,678 - ERROR - CFST更新失败: None
2026-02-16 00:58:57,682 - DEBUG - Starting new HTTPS connection (1): api.telegram.org:443
2026-02-16 00:58:58,164 - DEBUG - https://api.telegram.org:443 "POST /bot/sendMessage HTTP/1.1" 404 55
