2026-07-01 05:22:41,425 - INFO - 启动维护任务 | 协议类型: IPV4
2026-07-01 05:22:41,425 - INFO - --------------------------------------------------
2026-07-01 05:22:41,425 - INFO - [hk.616049.xyz (HKG)] 开始处理节点维护
2026-07-01 05:22:41,439 - DEBUG - DNS解析重试中 hk.616049.xyz: [Errno -2] Name or service not known
2026-07-01 05:22:42,456 - DEBUG - DNS解析重试中 hk.616049.xyz: [Errno -2] Name or service not known
2026-07-01 05:22:43,462 - DEBUG - DNS解析重试中 hk.616049.xyz: [Errno -2] Name or service not known
2026-07-01 05:22:44,463 - WARNING - [hk.616049.xyz (HKG)] ├─ 无有效DNS记录，触发紧急更新
2026-07-01 05:35:15,870 - ERROR - CFST更新失败: None
2026-07-01 05:35:15,871 - INFO - --------------------------------------------------
2026-07-01 05:35:15,871 - INFO - [us.616049.xyz (LAX)] 开始处理节点维护
2026-07-01 05:35:15,882 - DEBUG - DNS解析重试中 us.616049.xyz: [Errno -2] Name or service not known
2026-07-01 05:35:16,895 - DEBUG - DNS解析重试中 us.616049.xyz: [Errno -2] Name or service not known
2026-07-01 05:35:17,908 - DEBUG - DNS解析重试中 us.616049.xyz: [Errno -2] Name or service not known
2026-07-01 05:35:18,909 - WARNING - [us.616049.xyz (LAX)] ├─ 无有效DNS记录，触发紧急更新
2026-07-01 05:47:49,914 - ERROR - CFST更新失败: None
2026-07-01 05:47:49,914 - INFO - --------------------------------------------------
2026-07-01 05:47:49,914 - INFO - [de.616049.xyz (FRA)] 开始处理节点维护
2026-07-01 05:47:49,931 - DEBUG - DNS解析重试中 de.616049.xyz: [Errno -2] Name or service not known
2026-07-01 05:47:50,946 - DEBUG - DNS解析重试中 de.616049.xyz: [Errno -2] Name or service not known
2026-07-01 05:47:51,988 - DEBUG - DNS解析重试中 de.616049.xyz: [Errno -2] Name or service not known
2026-07-01 05:47:52,989 - WARNING - [de.616049.xyz (FRA)] ├─ 无有效DNS记录，触发紧急更新
2026-07-01 06:00:24,451 - ERROR - CFST更新失败: None
2026-07-01 06:00:24,455 - DEBUG - Starting new HTTPS connection (1): api.telegram.org:443
2026-07-01 06:00:24,931 - DEBUG - https://api.telegram.org:443 "POST /bot/sendMessage HTTP/1.1" 404 55
