2026-07-05 21:13:15,798 - INFO - 启动维护任务 | 协议类型: IPV4
2026-07-05 21:13:15,798 - INFO - --------------------------------------------------
2026-07-05 21:13:15,798 - INFO - [hk.616049.xyz (HKG)] 开始处理节点维护
2026-07-05 21:13:15,841 - DEBUG - DNS解析重试中 hk.616049.xyz: [Errno -5] No address associated with hostname
2026-07-05 21:13:16,883 - DEBUG - DNS解析重试中 hk.616049.xyz: [Errno -5] No address associated with hostname
2026-07-05 21:13:17,982 - DEBUG - DNS解析重试中 hk.616049.xyz: [Errno -5] No address associated with hostname
2026-07-05 21:13:18,984 - WARNING - [hk.616049.xyz (HKG)] ├─ 无有效DNS记录，触发紧急更新
2026-07-05 21:25:50,299 - ERROR - CFST更新失败: None
2026-07-05 21:25:50,299 - INFO - --------------------------------------------------
2026-07-05 21:25:50,299 - INFO - [us.616049.xyz (LAX)] 开始处理节点维护
2026-07-05 21:25:50,339 - DEBUG - DNS解析重试中 us.616049.xyz: [Errno -5] No address associated with hostname
2026-07-05 21:25:51,384 - DEBUG - DNS解析重试中 us.616049.xyz: [Errno -5] No address associated with hostname
2026-07-05 21:25:52,445 - DEBUG - DNS解析重试中 us.616049.xyz: [Errno -5] No address associated with hostname
2026-07-05 21:25:53,446 - WARNING - [us.616049.xyz (LAX)] ├─ 无有效DNS记录，触发紧急更新
2026-07-05 21:38:24,377 - ERROR - CFST更新失败: None
2026-07-05 21:38:24,378 - INFO - --------------------------------------------------
2026-07-05 21:38:24,378 - INFO - [de.616049.xyz (FRA)] 开始处理节点维护
2026-07-05 21:38:24,415 - DEBUG - DNS解析重试中 de.616049.xyz: [Errno -5] No address associated with hostname
2026-07-05 21:38:25,448 - DEBUG - DNS解析重试中 de.616049.xyz: [Errno -5] No address associated with hostname
2026-07-05 21:38:26,454 - DEBUG - DNS解析重试中 de.616049.xyz: [Errno -5] No address associated with hostname
2026-07-05 21:38:27,456 - WARNING - [de.616049.xyz (FRA)] ├─ 无有效DNS记录，触发紧急更新
2026-07-05 21:50:58,908 - ERROR - CFST更新失败: None
2026-07-05 21:50:58,912 - DEBUG - Starting new HTTPS connection (1): api.telegram.org:443
2026-07-05 21:50:59,326 - DEBUG - https://api.telegram.org:443 "POST /bot/sendMessage HTTP/1.1" 404 55
