2026-06-09 15:38:53,141 - INFO - 启动维护任务 | 协议类型: IPV4
2026-06-09 15:38:53,141 - INFO - --------------------------------------------------
2026-06-09 15:38:53,141 - INFO - [hk.616049.xyz (HKG)] 开始处理节点维护
2026-06-09 15:38:53,175 - DEBUG - DNS解析重试中 hk.616049.xyz: [Errno -2] Name or service not known
2026-06-09 15:38:54,204 - DEBUG - DNS解析重试中 hk.616049.xyz: [Errno -2] Name or service not known
2026-06-09 15:38:55,234 - DEBUG - DNS解析重试中 hk.616049.xyz: [Errno -2] Name or service not known
2026-06-09 15:38:56,235 - WARNING - [hk.616049.xyz (HKG)] ├─ 无有效DNS记录，触发紧急更新
2026-06-09 15:50:49,400 - ERROR - CFST更新失败: None
2026-06-09 15:50:49,400 - INFO - --------------------------------------------------
2026-06-09 15:50:49,400 - INFO - [us.616049.xyz (LAX)] 开始处理节点维护
2026-06-09 15:50:49,439 - DEBUG - DNS解析重试中 us.616049.xyz: [Errno -2] Name or service not known
2026-06-09 15:50:50,468 - DEBUG - DNS解析重试中 us.616049.xyz: [Errno -2] Name or service not known
2026-06-09 15:50:51,512 - DEBUG - DNS解析重试中 us.616049.xyz: [Errno -2] Name or service not known
2026-06-09 15:50:52,513 - WARNING - [us.616049.xyz (LAX)] ├─ 无有效DNS记录，触发紧急更新
2026-06-09 16:02:46,215 - ERROR - CFST更新失败: None
2026-06-09 16:02:46,215 - INFO - --------------------------------------------------
2026-06-09 16:02:46,215 - INFO - [de.616049.xyz (FRA)] 开始处理节点维护
2026-06-09 16:02:46,248 - DEBUG - DNS解析重试中 de.616049.xyz: [Errno -2] Name or service not known
2026-06-09 16:02:47,288 - DEBUG - DNS解析重试中 de.616049.xyz: [Errno -2] Name or service not known
2026-06-09 16:02:48,322 - DEBUG - DNS解析重试中 de.616049.xyz: [Errno -2] Name or service not known
2026-06-09 16:02:49,324 - WARNING - [de.616049.xyz (FRA)] ├─ 无有效DNS记录，触发紧急更新
2026-06-09 16:14:45,349 - ERROR - CFST更新失败: None
2026-06-09 16:14:45,352 - DEBUG - Starting new HTTPS connection (1): api.telegram.org:443
2026-06-09 16:14:45,800 - DEBUG - https://api.telegram.org:443 "POST /bot/sendMessage HTTP/1.1" 404 55
