2026-06-22 10:55:54,248 - INFO - 启动维护任务 | 协议类型: IPV4
2026-06-22 10:55:54,248 - INFO - --------------------------------------------------
2026-06-22 10:55:54,248 - INFO - [hk.616049.xyz (HKG)] 开始处理节点维护
2026-06-22 10:55:54,301 - DEBUG - DNS解析重试中 hk.616049.xyz: [Errno -2] Name or service not known
2026-06-22 10:55:55,350 - DEBUG - DNS解析重试中 hk.616049.xyz: [Errno -2] Name or service not known
2026-06-22 10:55:56,362 - DEBUG - DNS解析重试中 hk.616049.xyz: [Errno -2] Name or service not known
2026-06-22 10:55:57,363 - WARNING - [hk.616049.xyz (HKG)] ├─ 无有效DNS记录，触发紧急更新
2026-06-22 11:07:50,819 - ERROR - CFST更新失败: None
2026-06-22 11:07:50,819 - INFO - --------------------------------------------------
2026-06-22 11:07:50,819 - INFO - [us.616049.xyz (LAX)] 开始处理节点维护
2026-06-22 11:07:50,861 - DEBUG - DNS解析重试中 us.616049.xyz: [Errno -2] Name or service not known
2026-06-22 11:07:51,887 - DEBUG - DNS解析重试中 us.616049.xyz: [Errno -2] Name or service not known
2026-06-22 11:07:52,934 - DEBUG - DNS解析重试中 us.616049.xyz: [Errno -2] Name or service not known
2026-06-22 11:07:53,935 - WARNING - [us.616049.xyz (LAX)] ├─ 无有效DNS记录，触发紧急更新
2026-06-22 11:19:46,815 - ERROR - CFST更新失败: None
2026-06-22 11:19:46,815 - INFO - --------------------------------------------------
2026-06-22 11:19:46,815 - INFO - [de.616049.xyz (FRA)] 开始处理节点维护
2026-06-22 11:19:46,865 - DEBUG - DNS解析重试中 de.616049.xyz: [Errno -2] Name or service not known
2026-06-22 11:19:47,904 - DEBUG - DNS解析重试中 de.616049.xyz: [Errno -2] Name or service not known
2026-06-22 11:19:48,965 - DEBUG - DNS解析重试中 de.616049.xyz: [Errno -2] Name or service not known
2026-06-22 11:19:49,967 - WARNING - [de.616049.xyz (FRA)] ├─ 无有效DNS记录，触发紧急更新
2026-06-22 11:31:42,753 - ERROR - CFST更新失败: None
2026-06-22 11:31:42,755 - DEBUG - Starting new HTTPS connection (1): api.telegram.org:443
2026-06-22 11:31:43,178 - DEBUG - https://api.telegram.org:443 "POST /bot/sendMessage HTTP/1.1" 404 55
