2026-02-14 00:36:06,802 - INFO - 启动维护任务 | 协议类型: IPV4
2026-02-14 00:36:06,802 - INFO - --------------------------------------------------
2026-02-14 00:36:06,802 - INFO - [hk.616049.xyz (HKG)] 开始处理节点维护
2026-02-14 00:36:06,815 - DEBUG - DNS解析重试中 hk.616049.xyz: [Errno -2] Name or service not known
2026-02-14 00:36:07,857 - DEBUG - DNS解析重试中 hk.616049.xyz: [Errno -2] Name or service not known
2026-02-14 00:36:08,866 - DEBUG - DNS解析重试中 hk.616049.xyz: [Errno -2] Name or service not known
2026-02-14 00:36:09,867 - WARNING - [hk.616049.xyz (HKG)] ├─ 无有效DNS记录，触发紧急更新
2026-02-14 00:49:04,911 - ERROR - CFST更新失败: None
2026-02-14 00:49:04,911 - INFO - --------------------------------------------------
2026-02-14 00:49:04,911 - INFO - [us.616049.xyz (LAX)] 开始处理节点维护
2026-02-14 00:49:04,932 - DEBUG - DNS解析重试中 us.616049.xyz: [Errno -2] Name or service not known
2026-02-14 00:49:05,950 - DEBUG - DNS解析重试中 us.616049.xyz: [Errno -2] Name or service not known
2026-02-14 00:49:06,959 - DEBUG - DNS解析重试中 us.616049.xyz: [Errno -2] Name or service not known
2026-02-14 00:49:07,960 - WARNING - [us.616049.xyz (LAX)] ├─ 无有效DNS记录，触发紧急更新
2026-02-14 01:02:03,451 - ERROR - CFST更新失败: None
2026-02-14 01:02:03,451 - INFO - --------------------------------------------------
2026-02-14 01:02:03,451 - INFO - [de.616049.xyz (FRA)] 开始处理节点维护
2026-02-14 01:02:03,461 - DEBUG - DNS解析重试中 de.616049.xyz: [Errno -2] Name or service not known
2026-02-14 01:02:04,472 - DEBUG - DNS解析重试中 de.616049.xyz: [Errno -2] Name or service not known
2026-02-14 01:02:05,481 - DEBUG - DNS解析重试中 de.616049.xyz: [Errno -2] Name or service not known
2026-02-14 01:02:06,482 - WARNING - [de.616049.xyz (FRA)] ├─ 无有效DNS记录，触发紧急更新
2026-02-14 01:15:01,854 - ERROR - CFST更新失败: None
2026-02-14 01:15:01,858 - DEBUG - Starting new HTTPS connection (1): api.telegram.org:443
2026-02-14 01:15:02,142 - DEBUG - https://api.telegram.org:443 "POST /bot/sendMessage HTTP/1.1" 404 55
