2026-02-09 16:41:35,577 - INFO - 启动维护任务 | 协议类型: IPV4
2026-02-09 16:41:35,577 - INFO - --------------------------------------------------
2026-02-09 16:41:35,577 - INFO - [hk.616049.xyz (HKG)] 开始处理节点维护
2026-02-09 16:41:35,589 - DEBUG - DNS解析重试中 hk.616049.xyz: [Errno -2] Name or service not known
2026-02-09 16:41:36,610 - DEBUG - DNS解析重试中 hk.616049.xyz: [Errno -2] Name or service not known
2026-02-09 16:41:37,631 - DEBUG - DNS解析重试中 hk.616049.xyz: [Errno -2] Name or service not known
2026-02-09 16:41:38,632 - WARNING - [hk.616049.xyz (HKG)] ├─ 无有效DNS记录，触发紧急更新
2026-02-09 16:54:34,014 - ERROR - CFST更新失败: None
2026-02-09 16:54:34,015 - INFO - --------------------------------------------------
2026-02-09 16:54:34,015 - INFO - [us.616049.xyz (LAX)] 开始处理节点维护
2026-02-09 16:54:34,024 - DEBUG - DNS解析重试中 us.616049.xyz: [Errno -2] Name or service not known
2026-02-09 16:54:35,043 - DEBUG - DNS解析重试中 us.616049.xyz: [Errno -2] Name or service not known
2026-02-09 16:54:36,055 - DEBUG - DNS解析重试中 us.616049.xyz: [Errno -2] Name or service not known
2026-02-09 16:54:37,056 - WARNING - [us.616049.xyz (LAX)] ├─ 无有效DNS记录，触发紧急更新
2026-02-09 17:07:35,063 - ERROR - CFST更新失败: None
2026-02-09 17:07:35,063 - INFO - --------------------------------------------------
2026-02-09 17:07:35,063 - INFO - [de.616049.xyz (FRA)] 开始处理节点维护
2026-02-09 17:07:35,083 - DEBUG - DNS解析重试中 de.616049.xyz: [Errno -2] Name or service not known
2026-02-09 17:07:36,095 - DEBUG - DNS解析重试中 de.616049.xyz: [Errno -2] Name or service not known
2026-02-09 17:07:37,112 - DEBUG - DNS解析重试中 de.616049.xyz: [Errno -2] Name or service not known
2026-02-09 17:07:38,113 - WARNING - [de.616049.xyz (FRA)] ├─ 无有效DNS记录，触发紧急更新
2026-02-09 17:20:33,906 - ERROR - CFST更新失败: None
2026-02-09 17:20:33,909 - DEBUG - Starting new HTTPS connection (1): api.telegram.org:443
2026-02-09 17:20:34,178 - DEBUG - https://api.telegram.org:443 "POST /bot/sendMessage HTTP/1.1" 404 55
