2026-04-20 02:36:52,366 - INFO - 启动维护任务 | 协议类型: IPV4
2026-04-20 02:36:52,366 - INFO - --------------------------------------------------
2026-04-20 02:36:52,366 - INFO - [hk.616049.xyz (HKG)] 开始处理节点维护
2026-04-20 02:36:52,395 - DEBUG - DNS解析重试中 hk.616049.xyz: [Errno -2] Name or service not known
2026-04-20 02:36:53,420 - DEBUG - DNS解析重试中 hk.616049.xyz: [Errno -2] Name or service not known
2026-04-20 02:36:54,444 - DEBUG - DNS解析重试中 hk.616049.xyz: [Errno -2] Name or service not known
2026-04-20 02:36:55,446 - WARNING - [hk.616049.xyz (HKG)] ├─ 无有效DNS记录，触发紧急更新
2026-04-20 02:50:07,487 - ERROR - CFST更新失败: None
2026-04-20 02:50:07,487 - INFO - --------------------------------------------------
2026-04-20 02:50:07,487 - INFO - [us.616049.xyz (LAX)] 开始处理节点维护
2026-04-20 02:50:07,539 - DEBUG - DNS解析重试中 us.616049.xyz: [Errno -2] Name or service not known
2026-04-20 02:50:08,563 - DEBUG - DNS解析重试中 us.616049.xyz: [Errno -2] Name or service not known
2026-04-20 02:50:09,582 - DEBUG - DNS解析重试中 us.616049.xyz: [Errno -2] Name or service not known
2026-04-20 02:50:10,583 - WARNING - [us.616049.xyz (LAX)] ├─ 无有效DNS记录，触发紧急更新
2026-04-20 03:03:16,946 - ERROR - CFST更新失败: None
2026-04-20 03:03:16,946 - INFO - --------------------------------------------------
2026-04-20 03:03:16,946 - INFO - [de.616049.xyz (FRA)] 开始处理节点维护
2026-04-20 03:03:16,974 - DEBUG - DNS解析重试中 de.616049.xyz: [Errno -2] Name or service not known
2026-04-20 03:03:18,013 - DEBUG - DNS解析重试中 de.616049.xyz: [Errno -2] Name or service not known
2026-04-20 03:03:19,029 - DEBUG - DNS解析重试中 de.616049.xyz: [Errno -2] Name or service not known
2026-04-20 03:03:20,030 - WARNING - [de.616049.xyz (FRA)] ├─ 无有效DNS记录，触发紧急更新
2026-04-20 03:16:26,076 - ERROR - CFST更新失败: None
2026-04-20 03:16:26,080 - DEBUG - Starting new HTTPS connection (1): api.telegram.org:443
2026-04-20 03:16:26,561 - DEBUG - https://api.telegram.org:443 "POST /bot/sendMessage HTTP/1.1" 404 55
