2026-03-16 22:54:17,650 - INFO - 启动维护任务 | 协议类型: IPV4
2026-03-16 22:54:17,650 - INFO - --------------------------------------------------
2026-03-16 22:54:17,650 - INFO - [hk.616049.xyz (HKG)] 开始处理节点维护
2026-03-16 22:54:17,674 - DEBUG - DNS解析重试中 hk.616049.xyz: [Errno -2] Name or service not known
2026-03-16 22:54:18,696 - DEBUG - DNS解析重试中 hk.616049.xyz: [Errno -2] Name or service not known
2026-03-16 22:54:19,702 - DEBUG - DNS解析重试中 hk.616049.xyz: [Errno -2] Name or service not known
2026-03-16 22:54:20,704 - WARNING - [hk.616049.xyz (HKG)] ├─ 无有效DNS记录，触发紧急更新
2026-03-16 23:07:18,315 - ERROR - CFST更新失败: None
2026-03-16 23:07:18,315 - INFO - --------------------------------------------------
2026-03-16 23:07:18,315 - INFO - [us.616049.xyz (LAX)] 开始处理节点维护
2026-03-16 23:07:18,357 - DEBUG - DNS解析重试中 us.616049.xyz: [Errno -2] Name or service not known
2026-03-16 23:07:19,381 - DEBUG - DNS解析重试中 us.616049.xyz: [Errno -2] Name or service not known
2026-03-16 23:07:20,406 - DEBUG - DNS解析重试中 us.616049.xyz: [Errno -2] Name or service not known
2026-03-16 23:07:21,407 - WARNING - [us.616049.xyz (LAX)] ├─ 无有效DNS记录，触发紧急更新
2026-03-16 23:20:19,535 - ERROR - CFST更新失败: None
2026-03-16 23:20:19,535 - INFO - --------------------------------------------------
2026-03-16 23:20:19,535 - INFO - [de.616049.xyz (FRA)] 开始处理节点维护
2026-03-16 23:20:19,555 - DEBUG - DNS解析重试中 de.616049.xyz: [Errno -2] Name or service not known
2026-03-16 23:20:20,603 - DEBUG - DNS解析重试中 de.616049.xyz: [Errno -2] Name or service not known
2026-03-16 23:20:21,618 - DEBUG - DNS解析重试中 de.616049.xyz: [Errno -2] Name or service not known
2026-03-16 23:20:22,620 - WARNING - [de.616049.xyz (FRA)] ├─ 无有效DNS记录，触发紧急更新
2026-03-16 23:33:19,429 - ERROR - CFST更新失败: None
2026-03-16 23:33:19,433 - DEBUG - Starting new HTTPS connection (1): api.telegram.org:443
2026-03-16 23:33:19,901 - DEBUG - https://api.telegram.org:443 "POST /bot/sendMessage HTTP/1.1" 404 55
