2026-05-28 19:30:48,866 - INFO - 启动维护任务 | 协议类型: IPV4
2026-05-28 19:30:48,866 - INFO - --------------------------------------------------
2026-05-28 19:30:48,866 - INFO - [hk.616049.xyz (HKG)] 开始处理节点维护
2026-05-28 19:30:48,877 - DEBUG - DNS解析重试中 hk.616049.xyz: [Errno -2] Name or service not known
2026-05-28 19:30:49,897 - DEBUG - DNS解析重试中 hk.616049.xyz: [Errno -2] Name or service not known
2026-05-28 19:30:50,906 - DEBUG - DNS解析重试中 hk.616049.xyz: [Errno -2] Name or service not known
2026-05-28 19:30:51,907 - WARNING - [hk.616049.xyz (HKG)] ├─ 无有效DNS记录，触发紧急更新
2026-05-28 19:43:44,001 - ERROR - CFST更新失败: None
2026-05-28 19:43:44,002 - INFO - --------------------------------------------------
2026-05-28 19:43:44,002 - INFO - [us.616049.xyz (LAX)] 开始处理节点维护
2026-05-28 19:43:44,081 - DEBUG - DNS解析重试中 us.616049.xyz: [Errno -2] Name or service not known
2026-05-28 19:43:45,158 - DEBUG - DNS解析重试中 us.616049.xyz: [Errno -2] Name or service not known
2026-05-28 19:43:46,179 - DEBUG - DNS解析重试中 us.616049.xyz: [Errno -2] Name or service not known
2026-05-28 19:43:47,180 - WARNING - [us.616049.xyz (LAX)] ├─ 无有效DNS记录，触发紧急更新
2026-05-28 19:56:39,457 - ERROR - CFST更新失败: None
2026-05-28 19:56:39,457 - INFO - --------------------------------------------------
2026-05-28 19:56:39,457 - INFO - [de.616049.xyz (FRA)] 开始处理节点维护
2026-05-28 19:56:39,464 - DEBUG - DNS解析重试中 de.616049.xyz: [Errno -2] Name or service not known
2026-05-28 19:56:40,537 - DEBUG - DNS解析重试中 de.616049.xyz: [Errno -2] Name or service not known
2026-05-28 19:56:41,547 - DEBUG - DNS解析重试中 de.616049.xyz: [Errno -2] Name or service not known
2026-05-28 19:56:42,548 - WARNING - [de.616049.xyz (FRA)] ├─ 无有效DNS记录，触发紧急更新
2026-05-28 20:09:34,957 - ERROR - CFST更新失败: None
2026-05-28 20:09:34,961 - DEBUG - Starting new HTTPS connection (1): api.telegram.org:443
2026-05-28 20:09:35,258 - DEBUG - https://api.telegram.org:443 "POST /bot/sendMessage HTTP/1.1" 404 55
