2026-07-02 00:19:03,300 - INFO - 启动维护任务 | 协议类型: IPV4
2026-07-02 00:19:03,300 - INFO - --------------------------------------------------
2026-07-02 00:19:03,300 - INFO - [hk.616049.xyz (HKG)] 开始处理节点维护
2026-07-02 00:19:03,316 - DEBUG - DNS解析重试中 hk.616049.xyz: [Errno -5] No address associated with hostname
2026-07-02 00:19:04,350 - DEBUG - DNS解析重试中 hk.616049.xyz: [Errno -5] No address associated with hostname
2026-07-02 00:19:05,372 - DEBUG - DNS解析重试中 hk.616049.xyz: [Errno -5] No address associated with hostname
2026-07-02 00:19:06,373 - WARNING - [hk.616049.xyz (HKG)] ├─ 无有效DNS记录，触发紧急更新
2026-07-02 00:31:37,019 - ERROR - CFST更新失败: None
2026-07-02 00:31:37,019 - INFO - --------------------------------------------------
2026-07-02 00:31:37,019 - INFO - [us.616049.xyz (LAX)] 开始处理节点维护
2026-07-02 00:31:37,031 - DEBUG - DNS解析重试中 us.616049.xyz: [Errno -5] No address associated with hostname
2026-07-02 00:31:38,044 - DEBUG - DNS解析重试中 us.616049.xyz: [Errno -5] No address associated with hostname
2026-07-02 00:31:39,058 - DEBUG - DNS解析重试中 us.616049.xyz: [Errno -5] No address associated with hostname
2026-07-02 00:31:40,059 - WARNING - [us.616049.xyz (LAX)] ├─ 无有效DNS记录，触发紧急更新
2026-07-02 00:44:10,950 - ERROR - CFST更新失败: None
2026-07-02 00:44:10,950 - INFO - --------------------------------------------------
2026-07-02 00:44:10,950 - INFO - [de.616049.xyz (FRA)] 开始处理节点维护
2026-07-02 00:44:10,968 - DEBUG - DNS解析重试中 de.616049.xyz: [Errno -5] No address associated with hostname
2026-07-02 00:44:11,973 - DEBUG - DNS解析重试中 de.616049.xyz: [Errno -5] No address associated with hostname
2026-07-02 00:44:12,992 - DEBUG - DNS解析重试中 de.616049.xyz: [Errno -5] No address associated with hostname
2026-07-02 00:44:13,994 - WARNING - [de.616049.xyz (FRA)] ├─ 无有效DNS记录，触发紧急更新
2026-07-02 00:56:45,963 - ERROR - CFST更新失败: None
2026-07-02 00:56:45,968 - DEBUG - Starting new HTTPS connection (1): api.telegram.org:443
2026-07-02 00:56:46,429 - DEBUG - https://api.telegram.org:443 "POST /bot/sendMessage HTTP/1.1" 404 55
