2026-02-01 09:30:15,372 - INFO - 启动维护任务 | 协议类型: IPV4
2026-02-01 09:30:15,372 - INFO - --------------------------------------------------
2026-02-01 09:30:15,372 - INFO - [hk.616049.xyz (HKG)] 开始处理节点维护
2026-02-01 09:30:15,395 - DEBUG - DNS解析重试中 hk.616049.xyz: [Errno -2] Name or service not known
2026-02-01 09:30:16,401 - DEBUG - DNS解析重试中 hk.616049.xyz: [Errno -2] Name or service not known
2026-02-01 09:30:17,432 - DEBUG - DNS解析重试中 hk.616049.xyz: [Errno -2] Name or service not known
2026-02-01 09:30:18,434 - WARNING - [hk.616049.xyz (HKG)] ├─ 无有效DNS记录，触发紧急更新
2026-02-01 09:43:13,815 - ERROR - CFST更新失败: None
2026-02-01 09:43:13,815 - INFO - --------------------------------------------------
2026-02-01 09:43:13,815 - INFO - [us.616049.xyz (LAX)] 开始处理节点维护
2026-02-01 09:43:13,831 - DEBUG - DNS解析重试中 us.616049.xyz: [Errno -2] Name or service not known
2026-02-01 09:43:14,872 - DEBUG - DNS解析重试中 us.616049.xyz: [Errno -2] Name or service not known
2026-02-01 09:43:15,886 - DEBUG - DNS解析重试中 us.616049.xyz: [Errno -2] Name or service not known
2026-02-01 09:43:16,887 - WARNING - [us.616049.xyz (LAX)] ├─ 无有效DNS记录，触发紧急更新
2026-02-01 09:56:11,870 - ERROR - CFST更新失败: None
2026-02-01 09:56:11,870 - INFO - --------------------------------------------------
2026-02-01 09:56:11,870 - INFO - [de.616049.xyz (FRA)] 开始处理节点维护
2026-02-01 09:56:11,885 - DEBUG - DNS解析重试中 de.616049.xyz: [Errno -2] Name or service not known
2026-02-01 09:56:12,912 - DEBUG - DNS解析重试中 de.616049.xyz: [Errno -2] Name or service not known
2026-02-01 09:56:13,950 - DEBUG - DNS解析重试中 de.616049.xyz: [Errno -2] Name or service not known
2026-02-01 09:56:14,951 - WARNING - [de.616049.xyz (FRA)] ├─ 无有效DNS记录，触发紧急更新
2026-02-01 10:09:09,794 - ERROR - CFST更新失败: None
2026-02-01 10:09:09,798 - DEBUG - Starting new HTTPS connection (1): api.telegram.org:443
2026-02-01 10:09:10,289 - DEBUG - https://api.telegram.org:443 "POST /bot/sendMessage HTTP/1.1" 404 55
