2026-04-16 12:47:33,364 - INFO - 启动维护任务 | 协议类型: IPV4
2026-04-16 12:47:33,364 - INFO - --------------------------------------------------
2026-04-16 12:47:33,364 - INFO - [hk.616049.xyz (HKG)] 开始处理节点维护
2026-04-16 12:47:33,397 - DEBUG - DNS解析重试中 hk.616049.xyz: [Errno -2] Name or service not known
2026-04-16 12:47:34,420 - DEBUG - DNS解析重试中 hk.616049.xyz: [Errno -2] Name or service not known
2026-04-16 12:47:35,432 - DEBUG - DNS解析重试中 hk.616049.xyz: [Errno -2] Name or service not known
2026-04-16 12:47:36,433 - WARNING - [hk.616049.xyz (HKG)] ├─ 无有效DNS记录，触发紧急更新
2026-04-16 13:00:30,511 - ERROR - CFST更新失败: None
2026-04-16 13:00:30,511 - INFO - --------------------------------------------------
2026-04-16 13:00:30,511 - INFO - [us.616049.xyz (LAX)] 开始处理节点维护
2026-04-16 13:00:30,523 - DEBUG - DNS解析重试中 us.616049.xyz: [Errno -2] Name or service not known
2026-04-16 13:00:31,540 - DEBUG - DNS解析重试中 us.616049.xyz: [Errno -2] Name or service not known
2026-04-16 13:00:32,553 - DEBUG - DNS解析重试中 us.616049.xyz: [Errno -2] Name or service not known
2026-04-16 13:00:33,554 - WARNING - [us.616049.xyz (LAX)] ├─ 无有效DNS记录，触发紧急更新
2026-04-16 13:13:27,422 - ERROR - CFST更新失败: None
2026-04-16 13:13:27,423 - INFO - --------------------------------------------------
2026-04-16 13:13:27,423 - INFO - [de.616049.xyz (FRA)] 开始处理节点维护
2026-04-16 13:13:27,940 - DEBUG - DNS解析重试中 de.616049.xyz: [Errno -2] Name or service not known
2026-04-16 13:13:29,150 - DEBUG - DNS解析重试中 de.616049.xyz: [Errno -2] Name or service not known
2026-04-16 13:13:30,164 - DEBUG - DNS解析重试中 de.616049.xyz: [Errno -2] Name or service not known
2026-04-16 13:13:31,165 - WARNING - [de.616049.xyz (FRA)] ├─ 无有效DNS记录，触发紧急更新
2026-04-16 13:26:24,543 - ERROR - CFST更新失败: None
2026-04-16 13:26:24,547 - DEBUG - Starting new HTTPS connection (1): api.telegram.org:443
2026-04-16 13:26:24,846 - DEBUG - https://api.telegram.org:443 "POST /bot/sendMessage HTTP/1.1" 404 55
