2026-06-20 00:28:08,895 - INFO - 启动维护任务 | 协议类型: IPV4
2026-06-20 00:28:08,895 - INFO - --------------------------------------------------
2026-06-20 00:28:08,895 - INFO - [hk.616049.xyz (HKG)] 开始处理节点维护
2026-06-20 00:28:08,912 - DEBUG - DNS解析重试中 hk.616049.xyz: [Errno -2] Name or service not known
2026-06-20 00:28:09,924 - DEBUG - DNS解析重试中 hk.616049.xyz: [Errno -2] Name or service not known
2026-06-20 00:28:10,953 - DEBUG - DNS解析重试中 hk.616049.xyz: [Errno -2] Name or service not known
2026-06-20 00:28:11,954 - WARNING - [hk.616049.xyz (HKG)] ├─ 无有效DNS记录，触发紧急更新
2026-06-20 00:40:52,085 - ERROR - CFST更新失败: None
2026-06-20 00:40:52,086 - INFO - --------------------------------------------------
2026-06-20 00:40:52,086 - INFO - [us.616049.xyz (LAX)] 开始处理节点维护
2026-06-20 00:40:52,112 - DEBUG - DNS解析重试中 us.616049.xyz: [Errno -2] Name or service not known
2026-06-20 00:40:53,125 - DEBUG - DNS解析重试中 us.616049.xyz: [Errno -2] Name or service not known
2026-06-20 00:40:54,138 - DEBUG - DNS解析重试中 us.616049.xyz: [Errno -2] Name or service not known
2026-06-20 00:40:55,139 - WARNING - [us.616049.xyz (LAX)] ├─ 无有效DNS记录，触发紧急更新
2026-06-20 00:53:41,851 - ERROR - CFST更新失败: None
2026-06-20 00:53:41,851 - INFO - --------------------------------------------------
2026-06-20 00:53:41,851 - INFO - [de.616049.xyz (FRA)] 开始处理节点维护
2026-06-20 00:53:41,866 - DEBUG - DNS解析重试中 de.616049.xyz: [Errno -2] Name or service not known
2026-06-20 00:53:42,880 - DEBUG - DNS解析重试中 de.616049.xyz: [Errno -2] Name or service not known
2026-06-20 00:53:43,912 - DEBUG - DNS解析重试中 de.616049.xyz: [Errno -2] Name or service not known
2026-06-20 00:53:44,913 - WARNING - [de.616049.xyz (FRA)] ├─ 无有效DNS记录，触发紧急更新
2026-06-20 01:06:31,339 - ERROR - CFST更新失败: None
2026-06-20 01:06:31,343 - DEBUG - Starting new HTTPS connection (1): api.telegram.org:443
2026-06-20 01:06:31,640 - DEBUG - https://api.telegram.org:443 "POST /bot/sendMessage HTTP/1.1" 404 55
