2026-05-02 18:42:59,596 - INFO - 启动维护任务 | 协议类型: IPV4
2026-05-02 18:42:59,596 - INFO - --------------------------------------------------
2026-05-02 18:42:59,597 - INFO - [hk.616049.xyz (HKG)] 开始处理节点维护
2026-05-02 18:42:59,672 - DEBUG - DNS解析重试中 hk.616049.xyz: [Errno -2] Name or service not known
2026-05-02 18:43:00,682 - DEBUG - DNS解析重试中 hk.616049.xyz: [Errno -2] Name or service not known
2026-05-02 18:43:01,749 - DEBUG - DNS解析重试中 hk.616049.xyz: [Errno -2] Name or service not known
2026-05-02 18:43:02,750 - WARNING - [hk.616049.xyz (HKG)] ├─ 无有效DNS记录，触发紧急更新
2026-05-02 18:55:54,843 - ERROR - CFST更新失败: None
2026-05-02 18:55:54,843 - INFO - --------------------------------------------------
2026-05-02 18:55:54,843 - INFO - [us.616049.xyz (LAX)] 开始处理节点维护
2026-05-02 18:55:54,850 - DEBUG - DNS解析重试中 us.616049.xyz: [Errno -2] Name or service not known
2026-05-02 18:55:55,858 - DEBUG - DNS解析重试中 us.616049.xyz: [Errno -2] Name or service not known
2026-05-02 18:55:56,875 - DEBUG - DNS解析重试中 us.616049.xyz: [Errno -2] Name or service not known
2026-05-02 18:55:57,876 - WARNING - [us.616049.xyz (LAX)] ├─ 无有效DNS记录，触发紧急更新
2026-05-02 19:08:49,955 - ERROR - CFST更新失败: None
2026-05-02 19:08:49,956 - INFO - --------------------------------------------------
2026-05-02 19:08:49,956 - INFO - [de.616049.xyz (FRA)] 开始处理节点维护
2026-05-02 19:08:49,967 - DEBUG - DNS解析重试中 de.616049.xyz: [Errno -2] Name or service not known
2026-05-02 19:08:50,976 - DEBUG - DNS解析重试中 de.616049.xyz: [Errno -2] Name or service not known
2026-05-02 19:08:51,991 - DEBUG - DNS解析重试中 de.616049.xyz: [Errno -2] Name or service not known
2026-05-02 19:08:52,992 - WARNING - [de.616049.xyz (FRA)] ├─ 无有效DNS记录，触发紧急更新
2026-05-02 19:21:44,937 - ERROR - CFST更新失败: None
2026-05-02 19:21:44,941 - DEBUG - Starting new HTTPS connection (1): api.telegram.org:443
2026-05-02 19:21:45,219 - DEBUG - https://api.telegram.org:443 "POST /bot/sendMessage HTTP/1.1" 404 55
