2026-04-04 02:36:22,656 - INFO - 启动维护任务 | 协议类型: IPV4
2026-04-04 02:36:22,656 - INFO - --------------------------------------------------
2026-04-04 02:36:22,656 - INFO - [hk.616049.xyz (HKG)] 开始处理节点维护
2026-04-04 02:36:22,683 - DEBUG - DNS解析重试中 hk.616049.xyz: [Errno -2] Name or service not known
2026-04-04 02:36:23,690 - DEBUG - DNS解析重试中 hk.616049.xyz: [Errno -2] Name or service not known
2026-04-04 02:36:24,699 - DEBUG - DNS解析重试中 hk.616049.xyz: [Errno -2] Name or service not known
2026-04-04 02:36:25,700 - WARNING - [hk.616049.xyz (HKG)] ├─ 无有效DNS记录，触发紧急更新
2026-04-04 02:49:18,913 - ERROR - CFST更新失败: None
2026-04-04 02:49:18,914 - INFO - --------------------------------------------------
2026-04-04 02:49:18,914 - INFO - [us.616049.xyz (LAX)] 开始处理节点维护
2026-04-04 02:49:18,921 - DEBUG - DNS解析重试中 us.616049.xyz: [Errno -2] Name or service not known
2026-04-04 02:49:19,935 - DEBUG - DNS解析重试中 us.616049.xyz: [Errno -2] Name or service not known
2026-04-04 02:49:20,944 - DEBUG - DNS解析重试中 us.616049.xyz: [Errno -2] Name or service not known
2026-04-04 02:49:21,946 - WARNING - [us.616049.xyz (LAX)] ├─ 无有效DNS记录，触发紧急更新
2026-04-04 03:02:15,701 - ERROR - CFST更新失败: None
2026-04-04 03:02:15,702 - INFO - --------------------------------------------------
2026-04-04 03:02:15,702 - INFO - [de.616049.xyz (FRA)] 开始处理节点维护
2026-04-04 03:02:15,710 - DEBUG - DNS解析重试中 de.616049.xyz: [Errno -2] Name or service not known
2026-04-04 03:02:16,720 - DEBUG - DNS解析重试中 de.616049.xyz: [Errno -2] Name or service not known
2026-04-04 03:02:17,730 - DEBUG - DNS解析重试中 de.616049.xyz: [Errno -2] Name or service not known
2026-04-04 03:02:18,731 - WARNING - [de.616049.xyz (FRA)] ├─ 无有效DNS记录，触发紧急更新
2026-04-04 03:15:11,772 - ERROR - CFST更新失败: None
2026-04-04 03:15:11,775 - DEBUG - Starting new HTTPS connection (1): api.telegram.org:443
2026-04-04 03:15:12,265 - DEBUG - https://api.telegram.org:443 "POST /bot/sendMessage HTTP/1.1" 404 55
