2026-03-21 09:16:02,448 - INFO - 启动维护任务 | 协议类型: IPV4
2026-03-21 09:16:02,448 - INFO - --------------------------------------------------
2026-03-21 09:16:02,449 - INFO - [hk.616049.xyz (HKG)] 开始处理节点维护
2026-03-21 09:16:02,459 - DEBUG - DNS解析重试中 hk.616049.xyz: [Errno -2] Name or service not known
2026-03-21 09:16:03,472 - DEBUG - DNS解析重试中 hk.616049.xyz: [Errno -2] Name or service not known
2026-03-21 09:16:04,483 - DEBUG - DNS解析重试中 hk.616049.xyz: [Errno -2] Name or service not known
2026-03-21 09:16:05,484 - WARNING - [hk.616049.xyz (HKG)] ├─ 无有效DNS记录，触发紧急更新
2026-03-21 09:29:01,300 - ERROR - CFST更新失败: None
2026-03-21 09:29:01,300 - INFO - --------------------------------------------------
2026-03-21 09:29:01,300 - INFO - [us.616049.xyz (LAX)] 开始处理节点维护
2026-03-21 09:29:01,310 - DEBUG - DNS解析重试中 us.616049.xyz: [Errno -2] Name or service not known
2026-03-21 09:29:02,325 - DEBUG - DNS解析重试中 us.616049.xyz: [Errno -2] Name or service not known
2026-03-21 09:29:03,349 - DEBUG - DNS解析重试中 us.616049.xyz: [Errno -2] Name or service not known
2026-03-21 09:29:04,350 - WARNING - [us.616049.xyz (LAX)] ├─ 无有效DNS记录，触发紧急更新
2026-03-21 09:41:59,443 - ERROR - CFST更新失败: None
2026-03-21 09:41:59,444 - INFO - --------------------------------------------------
2026-03-21 09:41:59,444 - INFO - [de.616049.xyz (FRA)] 开始处理节点维护
2026-03-21 09:41:59,457 - DEBUG - DNS解析重试中 de.616049.xyz: [Errno -2] Name or service not known
2026-03-21 09:42:00,487 - DEBUG - DNS解析重试中 de.616049.xyz: [Errno -2] Name or service not known
2026-03-21 09:42:01,507 - DEBUG - DNS解析重试中 de.616049.xyz: [Errno -2] Name or service not known
2026-03-21 09:42:02,509 - WARNING - [de.616049.xyz (FRA)] ├─ 无有效DNS记录，触发紧急更新
2026-03-21 09:54:57,456 - ERROR - CFST更新失败: None
2026-03-21 09:54:57,460 - DEBUG - Starting new HTTPS connection (1): api.telegram.org:443
2026-03-21 09:54:57,752 - DEBUG - https://api.telegram.org:443 "POST /bot/sendMessage HTTP/1.1" 404 55
