2026-05-10 22:43:52,394 - INFO - 启动维护任务 | 协议类型: IPV4
2026-05-10 22:43:52,394 - INFO - --------------------------------------------------
2026-05-10 22:43:52,394 - INFO - [hk.616049.xyz (HKG)] 开始处理节点维护
2026-05-10 22:43:52,402 - DEBUG - DNS解析重试中 hk.616049.xyz: [Errno -2] Name or service not known
2026-05-10 22:43:53,412 - DEBUG - DNS解析重试中 hk.616049.xyz: [Errno -2] Name or service not known
2026-05-10 22:43:54,451 - DEBUG - DNS解析重试中 hk.616049.xyz: [Errno -2] Name or service not known
2026-05-10 22:43:55,452 - WARNING - [hk.616049.xyz (HKG)] ├─ 无有效DNS记录，触发紧急更新
2026-05-10 22:56:31,820 - ERROR - CFST更新失败: None
2026-05-10 22:56:31,821 - INFO - --------------------------------------------------
2026-05-10 22:56:31,821 - INFO - [us.616049.xyz (LAX)] 开始处理节点维护
2026-05-10 22:56:31,845 - DEBUG - DNS解析重试中 us.616049.xyz: [Errno -2] Name or service not known
2026-05-10 22:56:32,865 - DEBUG - DNS解析重试中 us.616049.xyz: [Errno -2] Name or service not known
2026-05-10 22:56:33,883 - DEBUG - DNS解析重试中 us.616049.xyz: [Errno -2] Name or service not known
2026-05-10 22:56:34,884 - WARNING - [us.616049.xyz (LAX)] ├─ 无有效DNS记录，触发紧急更新
2026-05-10 23:09:10,538 - ERROR - CFST更新失败: None
2026-05-10 23:09:10,538 - INFO - --------------------------------------------------
2026-05-10 23:09:10,538 - INFO - [de.616049.xyz (FRA)] 开始处理节点维护
2026-05-10 23:09:10,554 - DEBUG - DNS解析重试中 de.616049.xyz: [Errno -2] Name or service not known
2026-05-10 23:09:11,563 - DEBUG - DNS解析重试中 de.616049.xyz: [Errno -2] Name or service not known
2026-05-10 23:09:12,573 - DEBUG - DNS解析重试中 de.616049.xyz: [Errno -2] Name or service not known
2026-05-10 23:09:13,574 - WARNING - [de.616049.xyz (FRA)] ├─ 无有效DNS记录，触发紧急更新
2026-05-10 23:21:49,011 - ERROR - CFST更新失败: None
2026-05-10 23:21:49,015 - DEBUG - Starting new HTTPS connection (1): api.telegram.org:443
2026-05-10 23:21:49,500 - DEBUG - https://api.telegram.org:443 "POST /bot/sendMessage HTTP/1.1" 404 55
