2026-01-31 14:29:12,372 - INFO - 启动维护任务 | 协议类型: IPV4
2026-01-31 14:29:12,372 - INFO - --------------------------------------------------
2026-01-31 14:29:12,372 - INFO - [hk.616049.xyz (HKG)] 开始处理节点维护
2026-01-31 14:29:12,394 - DEBUG - DNS解析重试中 hk.616049.xyz: [Errno -2] Name or service not known
2026-01-31 14:29:13,410 - DEBUG - DNS解析重试中 hk.616049.xyz: [Errno -2] Name or service not known
2026-01-31 14:29:14,423 - DEBUG - DNS解析重试中 hk.616049.xyz: [Errno -2] Name or service not known
2026-01-31 14:29:15,425 - WARNING - [hk.616049.xyz (HKG)] ├─ 无有效DNS记录，触发紧急更新
2026-01-31 14:42:17,268 - ERROR - CFST更新失败: None
2026-01-31 14:42:17,268 - INFO - --------------------------------------------------
2026-01-31 14:42:17,268 - INFO - [us.616049.xyz (LAX)] 开始处理节点维护
2026-01-31 14:42:17,310 - DEBUG - DNS解析重试中 us.616049.xyz: [Errno -2] Name or service not known
2026-01-31 14:42:18,425 - DEBUG - DNS解析重试中 us.616049.xyz: [Errno -2] Name or service not known
2026-01-31 14:42:19,447 - DEBUG - DNS解析重试中 us.616049.xyz: [Errno -2] Name or service not known
2026-01-31 14:42:20,448 - WARNING - [us.616049.xyz (LAX)] ├─ 无有效DNS记录，触发紧急更新
2026-01-31 14:55:17,905 - ERROR - CFST更新失败: None
2026-01-31 14:55:17,905 - INFO - --------------------------------------------------
2026-01-31 14:55:17,905 - INFO - [de.616049.xyz (FRA)] 开始处理节点维护
2026-01-31 14:55:17,932 - DEBUG - DNS解析重试中 de.616049.xyz: [Errno -2] Name or service not known
2026-01-31 14:55:18,955 - DEBUG - DNS解析重试中 de.616049.xyz: [Errno -2] Name or service not known
2026-01-31 14:55:19,970 - DEBUG - DNS解析重试中 de.616049.xyz: [Errno -2] Name or service not known
2026-01-31 14:55:20,972 - WARNING - [de.616049.xyz (FRA)] ├─ 无有效DNS记录，触发紧急更新
2026-01-31 15:08:19,163 - ERROR - CFST更新失败: None
2026-01-31 15:08:19,167 - DEBUG - Starting new HTTPS connection (1): api.telegram.org:443
2026-01-31 15:08:19,633 - DEBUG - https://api.telegram.org:443 "POST /bot/sendMessage HTTP/1.1" 404 55
