2026-03-21 22:19:51,777 - INFO - 启动维护任务 | 协议类型: IPV4
2026-03-21 22:19:51,777 - INFO - --------------------------------------------------
2026-03-21 22:19:51,777 - INFO - [hk.616049.xyz (HKG)] 开始处理节点维护
2026-03-21 22:19:51,798 - DEBUG - DNS解析重试中 hk.616049.xyz: [Errno -2] Name or service not known
2026-03-21 22:19:52,821 - DEBUG - DNS解析重试中 hk.616049.xyz: [Errno -2] Name or service not known
2026-03-21 22:19:53,847 - DEBUG - DNS解析重试中 hk.616049.xyz: [Errno -2] Name or service not known
2026-03-21 22:19:54,848 - WARNING - [hk.616049.xyz (HKG)] ├─ 无有效DNS记录，触发紧急更新
2026-03-21 22:32:49,576 - ERROR - CFST更新失败: None
2026-03-21 22:32:49,577 - INFO - --------------------------------------------------
2026-03-21 22:32:49,577 - INFO - [us.616049.xyz (LAX)] 开始处理节点维护
2026-03-21 22:32:49,613 - DEBUG - DNS解析重试中 us.616049.xyz: [Errno -2] Name or service not known
2026-03-21 22:32:50,680 - DEBUG - DNS解析重试中 us.616049.xyz: [Errno -2] Name or service not known
2026-03-21 22:32:51,703 - DEBUG - DNS解析重试中 us.616049.xyz: [Errno -2] Name or service not known
2026-03-21 22:32:52,704 - WARNING - [us.616049.xyz (LAX)] ├─ 无有效DNS记录，触发紧急更新
2026-03-21 22:45:47,008 - ERROR - CFST更新失败: None
2026-03-21 22:45:47,009 - INFO - --------------------------------------------------
2026-03-21 22:45:47,009 - INFO - [de.616049.xyz (FRA)] 开始处理节点维护
2026-03-21 22:45:47,036 - DEBUG - DNS解析重试中 de.616049.xyz: [Errno -2] Name or service not known
2026-03-21 22:45:48,063 - DEBUG - DNS解析重试中 de.616049.xyz: [Errno -2] Name or service not known
2026-03-21 22:45:49,097 - DEBUG - DNS解析重试中 de.616049.xyz: [Errno -2] Name or service not known
2026-03-21 22:45:50,098 - WARNING - [de.616049.xyz (FRA)] ├─ 无有效DNS记录，触发紧急更新
2026-03-21 22:58:44,544 - ERROR - CFST更新失败: None
2026-03-21 22:58:44,549 - DEBUG - Starting new HTTPS connection (1): api.telegram.org:443
2026-03-21 22:58:44,887 - DEBUG - https://api.telegram.org:443 "POST /bot/sendMessage HTTP/1.1" 404 55
