2026-05-03 10:05:26,554 - INFO - 启动维护任务 | 协议类型: IPV4
2026-05-03 10:05:26,554 - INFO - --------------------------------------------------
2026-05-03 10:05:26,554 - INFO - [hk.616049.xyz (HKG)] 开始处理节点维护
2026-05-03 10:05:26,576 - DEBUG - DNS解析重试中 hk.616049.xyz: [Errno -2] Name or service not known
2026-05-03 10:05:27,603 - DEBUG - DNS解析重试中 hk.616049.xyz: [Errno -2] Name or service not known
2026-05-03 10:05:28,608 - DEBUG - DNS解析重试中 hk.616049.xyz: [Errno -2] Name or service not known
2026-05-03 10:05:29,610 - WARNING - [hk.616049.xyz (HKG)] ├─ 无有效DNS记录，触发紧急更新
2026-05-03 10:18:22,805 - ERROR - CFST更新失败: None
2026-05-03 10:18:22,806 - INFO - --------------------------------------------------
2026-05-03 10:18:22,806 - INFO - [us.616049.xyz (LAX)] 开始处理节点维护
2026-05-03 10:18:22,832 - DEBUG - DNS解析重试中 us.616049.xyz: [Errno -2] Name or service not known
2026-05-03 10:18:23,857 - DEBUG - DNS解析重试中 us.616049.xyz: [Errno -2] Name or service not known
2026-05-03 10:18:24,881 - DEBUG - DNS解析重试中 us.616049.xyz: [Errno -2] Name or service not known
2026-05-03 10:18:25,882 - WARNING - [us.616049.xyz (LAX)] ├─ 无有效DNS记录，触发紧急更新
2026-05-03 10:31:18,829 - ERROR - CFST更新失败: None
2026-05-03 10:31:18,829 - INFO - --------------------------------------------------
2026-05-03 10:31:18,829 - INFO - [de.616049.xyz (FRA)] 开始处理节点维护
2026-05-03 10:31:18,853 - DEBUG - DNS解析重试中 de.616049.xyz: [Errno -2] Name or service not known
2026-05-03 10:31:19,878 - DEBUG - DNS解析重试中 de.616049.xyz: [Errno -2] Name or service not known
2026-05-03 10:31:20,902 - DEBUG - DNS解析重试中 de.616049.xyz: [Errno -2] Name or service not known
2026-05-03 10:31:21,904 - WARNING - [de.616049.xyz (FRA)] ├─ 无有效DNS记录，触发紧急更新
2026-05-03 10:44:16,128 - ERROR - CFST更新失败: None
2026-05-03 10:44:16,132 - DEBUG - Starting new HTTPS connection (1): api.telegram.org:443
