2026-07-05 23:06:42,565 - INFO - 启动维护任务 | 协议类型: IPV4
2026-07-05 23:06:42,565 - INFO - --------------------------------------------------
2026-07-05 23:06:42,565 - INFO - [hk.616049.xyz (HKG)] 开始处理节点维护
2026-07-05 23:06:42,606 - DEBUG - DNS解析重试中 hk.616049.xyz: [Errno -5] No address associated with hostname
2026-07-05 23:06:43,674 - DEBUG - DNS解析重试中 hk.616049.xyz: [Errno -5] No address associated with hostname
2026-07-05 23:06:44,739 - DEBUG - DNS解析重试中 hk.616049.xyz: [Errno -5] No address associated with hostname
2026-07-05 23:06:45,740 - WARNING - [hk.616049.xyz (HKG)] ├─ 无有效DNS记录，触发紧急更新
2026-07-05 23:19:21,182 - ERROR - CFST更新失败: None
2026-07-05 23:19:21,183 - INFO - --------------------------------------------------
2026-07-05 23:19:21,183 - INFO - [us.616049.xyz (LAX)] 开始处理节点维护
2026-07-05 23:19:21,234 - DEBUG - DNS解析重试中 us.616049.xyz: [Errno -5] No address associated with hostname
2026-07-05 23:19:22,303 - DEBUG - DNS解析重试中 us.616049.xyz: [Errno -5] No address associated with hostname
2026-07-05 23:19:23,358 - DEBUG - DNS解析重试中 us.616049.xyz: [Errno -5] No address associated with hostname
2026-07-05 23:19:24,359 - WARNING - [us.616049.xyz (LAX)] ├─ 无有效DNS记录，触发紧急更新
2026-07-05 23:32:01,176 - ERROR - CFST更新失败: None
2026-07-05 23:32:01,176 - INFO - --------------------------------------------------
2026-07-05 23:32:01,176 - INFO - [de.616049.xyz (FRA)] 开始处理节点维护
2026-07-05 23:32:01,239 - DEBUG - DNS解析重试中 de.616049.xyz: [Errno -5] No address associated with hostname
2026-07-05 23:32:02,291 - DEBUG - DNS解析重试中 de.616049.xyz: [Errno -5] No address associated with hostname
2026-07-05 23:32:03,346 - DEBUG - DNS解析重试中 de.616049.xyz: [Errno -5] No address associated with hostname
2026-07-05 23:32:04,347 - WARNING - [de.616049.xyz (FRA)] ├─ 无有效DNS记录，触发紧急更新
2026-07-05 23:44:39,586 - ERROR - CFST更新失败: None
2026-07-05 23:44:39,589 - DEBUG - Starting new HTTPS connection (1): api.telegram.org:443
2026-07-05 23:44:39,948 - DEBUG - https://api.telegram.org:443 "POST /bot/sendMessage HTTP/1.1" 404 55
