2026-05-18 19:38:15,182 - INFO - 启动维护任务 | 协议类型: IPV4
2026-05-18 19:38:15,182 - INFO - --------------------------------------------------
2026-05-18 19:38:15,182 - INFO - [hk.616049.xyz (HKG)] 开始处理节点维护
2026-05-18 19:38:15,232 - DEBUG - DNS解析重试中 hk.616049.xyz: [Errno -2] Name or service not known
2026-05-18 19:38:16,256 - DEBUG - DNS解析重试中 hk.616049.xyz: [Errno -2] Name or service not known
2026-05-18 19:38:17,283 - DEBUG - DNS解析重试中 hk.616049.xyz: [Errno -2] Name or service not known
2026-05-18 19:38:18,284 - WARNING - [hk.616049.xyz (HKG)] ├─ 无有效DNS记录，触发紧急更新
2026-05-18 19:51:22,304 - ERROR - CFST更新失败: None
2026-05-18 19:51:22,304 - INFO - --------------------------------------------------
2026-05-18 19:51:22,304 - INFO - [us.616049.xyz (LAX)] 开始处理节点维护
2026-05-18 19:51:22,330 - DEBUG - DNS解析重试中 us.616049.xyz: [Errno -2] Name or service not known
2026-05-18 19:51:23,353 - DEBUG - DNS解析重试中 us.616049.xyz: [Errno -2] Name or service not known
2026-05-18 19:51:24,401 - DEBUG - DNS解析重试中 us.616049.xyz: [Errno -2] Name or service not known
2026-05-18 19:51:25,403 - WARNING - [us.616049.xyz (LAX)] ├─ 无有效DNS记录，触发紧急更新
2026-05-18 20:04:29,449 - ERROR - CFST更新失败: None
2026-05-18 20:04:29,450 - INFO - --------------------------------------------------
2026-05-18 20:04:29,450 - INFO - [de.616049.xyz (FRA)] 开始处理节点维护
2026-05-18 20:04:29,481 - DEBUG - DNS解析重试中 de.616049.xyz: [Errno -2] Name or service not known
2026-05-18 20:04:30,516 - DEBUG - DNS解析重试中 de.616049.xyz: [Errno -2] Name or service not known
2026-05-18 20:04:31,545 - DEBUG - DNS解析重试中 de.616049.xyz: [Errno -2] Name or service not known
2026-05-18 20:04:32,546 - WARNING - [de.616049.xyz (FRA)] ├─ 无有效DNS记录，触发紧急更新
2026-05-18 20:17:38,649 - ERROR - CFST更新失败: None
2026-05-18 20:17:38,652 - DEBUG - Starting new HTTPS connection (1): api.telegram.org:443
2026-05-18 20:17:38,981 - DEBUG - https://api.telegram.org:443 "POST /bot/sendMessage HTTP/1.1" 404 55
