2026-01-22 02:33:35,885 - INFO - 启动维护任务 | 协议类型: IPV4
2026-01-22 02:33:35,885 - INFO - --------------------------------------------------
2026-01-22 02:33:35,886 - INFO - [hk.616049.xyz (HKG)] 开始处理节点维护
2026-01-22 02:33:35,909 - DEBUG - DNS解析重试中 hk.616049.xyz: [Errno -2] Name or service not known
2026-01-22 02:33:36,932 - DEBUG - DNS解析重试中 hk.616049.xyz: [Errno -2] Name or service not known
2026-01-22 02:33:37,946 - DEBUG - DNS解析重试中 hk.616049.xyz: [Errno -2] Name or service not known
2026-01-22 02:33:38,948 - WARNING - [hk.616049.xyz (HKG)] ├─ 无有效DNS记录，触发紧急更新
2026-01-22 02:46:36,091 - ERROR - CFST更新失败: None
2026-01-22 02:46:36,091 - INFO - --------------------------------------------------
2026-01-22 02:46:36,091 - INFO - [us.616049.xyz (LAX)] 开始处理节点维护
2026-01-22 02:46:36,114 - DEBUG - DNS解析重试中 us.616049.xyz: [Errno -2] Name or service not known
2026-01-22 02:46:37,137 - DEBUG - DNS解析重试中 us.616049.xyz: [Errno -2] Name or service not known
2026-01-22 02:46:38,158 - DEBUG - DNS解析重试中 us.616049.xyz: [Errno -2] Name or service not known
2026-01-22 02:46:39,160 - WARNING - [us.616049.xyz (LAX)] ├─ 无有效DNS记录，触发紧急更新
2026-01-22 02:59:36,459 - ERROR - CFST更新失败: None
2026-01-22 02:59:36,459 - INFO - --------------------------------------------------
2026-01-22 02:59:36,459 - INFO - [de.616049.xyz (FRA)] 开始处理节点维护
2026-01-22 02:59:36,473 - DEBUG - DNS解析重试中 de.616049.xyz: [Errno -2] Name or service not known
2026-01-22 02:59:37,497 - DEBUG - DNS解析重试中 de.616049.xyz: [Errno -2] Name or service not known
2026-01-22 02:59:38,530 - DEBUG - DNS解析重试中 de.616049.xyz: [Errno -2] Name or service not known
2026-01-22 02:59:39,531 - WARNING - [de.616049.xyz (FRA)] ├─ 无有效DNS记录，触发紧急更新
2026-01-22 03:12:37,676 - ERROR - CFST更新失败: None
2026-01-22 03:12:37,679 - DEBUG - Starting new HTTPS connection (1): api.telegram.org:443
2026-01-22 03:12:38,314 - DEBUG - https://api.telegram.org:443 "POST /bot/sendMessage HTTP/1.1" 404 55
