2026-03-03 02:35:36,128 - INFO - 启动维护任务 | 协议类型: IPV4
2026-03-03 02:35:36,129 - INFO - --------------------------------------------------
2026-03-03 02:35:36,129 - INFO - [hk.616049.xyz (HKG)] 开始处理节点维护
2026-03-03 02:35:36,162 - DEBUG - DNS解析重试中 hk.616049.xyz: [Errno -2] Name or service not known
2026-03-03 02:35:37,193 - DEBUG - DNS解析重试中 hk.616049.xyz: [Errno -2] Name or service not known
2026-03-03 02:35:38,225 - DEBUG - DNS解析重试中 hk.616049.xyz: [Errno -2] Name or service not known
2026-03-03 02:35:39,226 - WARNING - [hk.616049.xyz (HKG)] ├─ 无有效DNS记录，触发紧急更新
2026-03-03 02:48:53,084 - ERROR - CFST更新失败: None
2026-03-03 02:48:53,084 - INFO - --------------------------------------------------
2026-03-03 02:48:53,085 - INFO - [us.616049.xyz (LAX)] 开始处理节点维护
2026-03-03 02:48:53,118 - DEBUG - DNS解析重试中 us.616049.xyz: [Errno -2] Name or service not known
2026-03-03 02:48:54,155 - DEBUG - DNS解析重试中 us.616049.xyz: [Errno -2] Name or service not known
2026-03-03 02:48:55,172 - DEBUG - DNS解析重试中 us.616049.xyz: [Errno -2] Name or service not known
2026-03-03 02:48:56,173 - WARNING - [us.616049.xyz (LAX)] ├─ 无有效DNS记录，触发紧急更新
2026-03-03 03:02:10,333 - ERROR - CFST更新失败: None
2026-03-03 03:02:10,334 - INFO - --------------------------------------------------
2026-03-03 03:02:10,334 - INFO - [de.616049.xyz (FRA)] 开始处理节点维护
2026-03-03 03:02:10,364 - DEBUG - DNS解析重试中 de.616049.xyz: [Errno -2] Name or service not known
2026-03-03 03:02:11,396 - DEBUG - DNS解析重试中 de.616049.xyz: [Errno -2] Name or service not known
2026-03-03 03:02:12,404 - DEBUG - DNS解析重试中 de.616049.xyz: [Errno -2] Name or service not known
2026-03-03 03:02:13,405 - WARNING - [de.616049.xyz (FRA)] ├─ 无有效DNS记录，触发紧急更新
2026-03-03 03:15:22,251 - ERROR - CFST更新失败: None
2026-03-03 03:15:22,254 - DEBUG - Starting new HTTPS connection (1): api.telegram.org:443
2026-03-03 03:15:22,690 - DEBUG - https://api.telegram.org:443 "POST /bot/sendMessage HTTP/1.1" 404 55
