2026-04-22 09:51:23,492 - INFO - 启动维护任务 | 协议类型: IPV4
2026-04-22 09:51:23,492 - INFO - --------------------------------------------------
2026-04-22 09:51:23,492 - INFO - [hk.616049.xyz (HKG)] 开始处理节点维护
2026-04-22 09:51:23,527 - DEBUG - DNS解析重试中 hk.616049.xyz: [Errno -2] Name or service not known
2026-04-22 09:51:24,557 - DEBUG - DNS解析重试中 hk.616049.xyz: [Errno -2] Name or service not known
2026-04-22 09:51:25,593 - DEBUG - DNS解析重试中 hk.616049.xyz: [Errno -2] Name or service not known
2026-04-22 09:51:26,595 - WARNING - [hk.616049.xyz (HKG)] ├─ 无有效DNS记录，触发紧急更新
2026-04-22 10:04:22,484 - ERROR - CFST更新失败: None
2026-04-22 10:04:22,485 - INFO - --------------------------------------------------
2026-04-22 10:04:22,485 - INFO - [us.616049.xyz (LAX)] 开始处理节点维护
2026-04-22 10:04:22,516 - DEBUG - DNS解析重试中 us.616049.xyz: [Errno -2] Name or service not known
2026-04-22 10:04:23,554 - DEBUG - DNS解析重试中 us.616049.xyz: [Errno -2] Name or service not known
2026-04-22 10:04:24,591 - DEBUG - DNS解析重试中 us.616049.xyz: [Errno -2] Name or service not known
2026-04-22 10:04:25,592 - WARNING - [us.616049.xyz (LAX)] ├─ 无有效DNS记录，触发紧急更新
2026-04-22 10:17:21,058 - ERROR - CFST更新失败: None
2026-04-22 10:17:21,058 - INFO - --------------------------------------------------
2026-04-22 10:17:21,058 - INFO - [de.616049.xyz (FRA)] 开始处理节点维护
2026-04-22 10:17:21,086 - DEBUG - DNS解析重试中 de.616049.xyz: [Errno -2] Name or service not known
2026-04-22 10:17:22,119 - DEBUG - DNS解析重试中 de.616049.xyz: [Errno -2] Name or service not known
2026-04-22 10:17:23,156 - DEBUG - DNS解析重试中 de.616049.xyz: [Errno -2] Name or service not known
2026-04-22 10:17:24,157 - WARNING - [de.616049.xyz (FRA)] ├─ 无有效DNS记录，触发紧急更新
2026-04-22 10:30:19,187 - ERROR - CFST更新失败: None
2026-04-22 10:30:19,191 - DEBUG - Starting new HTTPS connection (1): api.telegram.org:443
2026-04-22 10:30:19,573 - DEBUG - https://api.telegram.org:443 "POST /bot/sendMessage HTTP/1.1" 404 55
