2026-02-23 04:17:30,012 - INFO - 启动维护任务 | 协议类型: IPV4
2026-02-23 04:17:30,012 - INFO - --------------------------------------------------
2026-02-23 04:17:30,012 - INFO - [hk.616049.xyz (HKG)] 开始处理节点维护
2026-02-23 04:17:30,037 - DEBUG - DNS解析重试中 hk.616049.xyz: [Errno -2] Name or service not known
2026-02-23 04:17:31,064 - DEBUG - DNS解析重试中 hk.616049.xyz: [Errno -2] Name or service not known
2026-02-23 04:17:32,085 - DEBUG - DNS解析重试中 hk.616049.xyz: [Errno -2] Name or service not known
2026-02-23 04:17:33,087 - WARNING - [hk.616049.xyz (HKG)] ├─ 无有效DNS记录，触发紧急更新
2026-02-23 04:30:31,477 - ERROR - CFST更新失败: None
2026-02-23 04:30:31,477 - INFO - --------------------------------------------------
2026-02-23 04:30:31,477 - INFO - [us.616049.xyz (LAX)] 开始处理节点维护
2026-02-23 04:30:31,497 - DEBUG - DNS解析重试中 us.616049.xyz: [Errno -2] Name or service not known
2026-02-23 04:30:32,508 - DEBUG - DNS解析重试中 us.616049.xyz: [Errno -2] Name or service not known
2026-02-23 04:30:33,520 - DEBUG - DNS解析重试中 us.616049.xyz: [Errno -2] Name or service not known
2026-02-23 04:30:34,521 - WARNING - [us.616049.xyz (LAX)] ├─ 无有效DNS记录，触发紧急更新
2026-02-23 04:43:32,590 - ERROR - CFST更新失败: None
2026-02-23 04:43:32,590 - INFO - --------------------------------------------------
2026-02-23 04:43:32,590 - INFO - [de.616049.xyz (FRA)] 开始处理节点维护
2026-02-23 04:43:32,628 - DEBUG - DNS解析重试中 de.616049.xyz: [Errno -2] Name or service not known
2026-02-23 04:43:33,645 - DEBUG - DNS解析重试中 de.616049.xyz: [Errno -2] Name or service not known
2026-02-23 04:43:34,657 - DEBUG - DNS解析重试中 de.616049.xyz: [Errno -2] Name or service not known
2026-02-23 04:43:35,658 - WARNING - [de.616049.xyz (FRA)] ├─ 无有效DNS记录，触发紧急更新
2026-02-23 04:56:33,320 - ERROR - CFST更新失败: None
2026-02-23 04:56:33,324 - DEBUG - Starting new HTTPS connection (1): api.telegram.org:443
2026-02-23 04:56:33,617 - DEBUG - https://api.telegram.org:443 "POST /bot/sendMessage HTTP/1.1" 404 55
