2026-02-08 16:24:24,801 - INFO - 启动维护任务 | 协议类型: IPV4
2026-02-08 16:24:24,801 - INFO - --------------------------------------------------
2026-02-08 16:24:24,801 - INFO - [hk.616049.xyz (HKG)] 开始处理节点维护
2026-02-08 16:24:24,819 - DEBUG - DNS解析重试中 hk.616049.xyz: [Errno -2] Name or service not known
2026-02-08 16:24:25,833 - DEBUG - DNS解析重试中 hk.616049.xyz: [Errno -2] Name or service not known
2026-02-08 16:24:26,846 - DEBUG - DNS解析重试中 hk.616049.xyz: [Errno -2] Name or service not known
2026-02-08 16:24:27,847 - WARNING - [hk.616049.xyz (HKG)] ├─ 无有效DNS记录，触发紧急更新
2026-02-08 16:37:24,927 - ERROR - CFST更新失败: None
2026-02-08 16:37:24,927 - INFO - --------------------------------------------------
2026-02-08 16:37:24,927 - INFO - [us.616049.xyz (LAX)] 开始处理节点维护
2026-02-08 16:37:24,950 - DEBUG - DNS解析重试中 us.616049.xyz: [Errno -2] Name or service not known
2026-02-08 16:37:25,964 - DEBUG - DNS解析重试中 us.616049.xyz: [Errno -2] Name or service not known
2026-02-08 16:37:26,976 - DEBUG - DNS解析重试中 us.616049.xyz: [Errno -2] Name or service not known
2026-02-08 16:37:27,977 - WARNING - [us.616049.xyz (LAX)] ├─ 无有效DNS记录，触发紧急更新
2026-02-08 16:50:24,982 - ERROR - CFST更新失败: None
2026-02-08 16:50:24,982 - INFO - --------------------------------------------------
2026-02-08 16:50:24,983 - INFO - [de.616049.xyz (FRA)] 开始处理节点维护
2026-02-08 16:50:24,993 - DEBUG - DNS解析重试中 de.616049.xyz: [Errno -2] Name or service not known
2026-02-08 16:50:26,012 - DEBUG - DNS解析重试中 de.616049.xyz: [Errno -2] Name or service not known
2026-02-08 16:50:27,024 - DEBUG - DNS解析重试中 de.616049.xyz: [Errno -2] Name or service not known
2026-02-08 16:50:28,025 - WARNING - [de.616049.xyz (FRA)] ├─ 无有效DNS记录，触发紧急更新
2026-02-08 17:03:24,309 - ERROR - CFST更新失败: None
2026-02-08 17:03:24,313 - DEBUG - Starting new HTTPS connection (1): api.telegram.org:443
2026-02-08 17:03:24,605 - DEBUG - https://api.telegram.org:443 "POST /bot/sendMessage HTTP/1.1" 404 55
