2026-02-18 06:22:32,031 - INFO - 启动维护任务 | 协议类型: IPV4
2026-02-18 06:22:32,031 - INFO - --------------------------------------------------
2026-02-18 06:22:32,031 - INFO - [hk.616049.xyz (HKG)] 开始处理节点维护
2026-02-18 06:22:32,075 - DEBUG - DNS解析重试中 hk.616049.xyz: [Errno -2] Name or service not known
2026-02-18 06:22:33,117 - DEBUG - DNS解析重试中 hk.616049.xyz: [Errno -2] Name or service not known
2026-02-18 06:22:34,124 - DEBUG - DNS解析重试中 hk.616049.xyz: [Errno -2] Name or service not known
2026-02-18 06:22:35,125 - WARNING - [hk.616049.xyz (HKG)] ├─ 无有效DNS记录，触发紧急更新
2026-02-18 06:35:49,117 - ERROR - CFST更新失败: None
2026-02-18 06:35:49,117 - INFO - --------------------------------------------------
2026-02-18 06:35:49,117 - INFO - [us.616049.xyz (LAX)] 开始处理节点维护
2026-02-18 06:35:49,165 - DEBUG - DNS解析重试中 us.616049.xyz: [Errno -2] Name or service not known
2026-02-18 06:35:50,204 - DEBUG - DNS解析重试中 us.616049.xyz: [Errno -2] Name or service not known
2026-02-18 06:35:51,248 - DEBUG - DNS解析重试中 us.616049.xyz: [Errno -2] Name or service not known
2026-02-18 06:35:52,249 - WARNING - [us.616049.xyz (LAX)] ├─ 无有效DNS记录，触发紧急更新
2026-02-18 06:49:00,808 - ERROR - CFST更新失败: None
2026-02-18 06:49:00,808 - INFO - --------------------------------------------------
2026-02-18 06:49:00,808 - INFO - [de.616049.xyz (FRA)] 开始处理节点维护
2026-02-18 06:49:00,840 - DEBUG - DNS解析重试中 de.616049.xyz: [Errno -2] Name or service not known
2026-02-18 06:49:01,873 - DEBUG - DNS解析重试中 de.616049.xyz: [Errno -2] Name or service not known
2026-02-18 06:49:02,906 - DEBUG - DNS解析重试中 de.616049.xyz: [Errno -2] Name or service not known
2026-02-18 06:49:03,907 - WARNING - [de.616049.xyz (FRA)] ├─ 无有效DNS记录，触发紧急更新
2026-02-18 07:02:13,124 - ERROR - CFST更新失败: None
2026-02-18 07:02:13,127 - DEBUG - Starting new HTTPS connection (1): api.telegram.org:443
2026-02-18 07:02:13,560 - DEBUG - https://api.telegram.org:443 "POST /bot/sendMessage HTTP/1.1" 404 55
