2026-02-10 02:47:21,911 - INFO - 启动维护任务 | 协议类型: IPV4
2026-02-10 02:47:21,912 - INFO - --------------------------------------------------
2026-02-10 02:47:21,912 - INFO - [hk.616049.xyz (HKG)] 开始处理节点维护
2026-02-10 02:47:21,941 - DEBUG - DNS解析重试中 hk.616049.xyz: [Errno -2] Name or service not known
2026-02-10 02:47:22,962 - DEBUG - DNS解析重试中 hk.616049.xyz: [Errno -2] Name or service not known
2026-02-10 02:47:23,982 - DEBUG - DNS解析重试中 hk.616049.xyz: [Errno -2] Name or service not known
2026-02-10 02:47:24,983 - WARNING - [hk.616049.xyz (HKG)] ├─ 无有效DNS记录，触发紧急更新
2026-02-10 03:00:36,642 - ERROR - CFST更新失败: None
2026-02-10 03:00:36,642 - INFO - --------------------------------------------------
2026-02-10 03:00:36,642 - INFO - [us.616049.xyz (LAX)] 开始处理节点维护
2026-02-10 03:00:36,660 - DEBUG - DNS解析重试中 us.616049.xyz: [Errno -2] Name or service not known
2026-02-10 03:00:37,692 - DEBUG - DNS解析重试中 us.616049.xyz: [Errno -2] Name or service not known
2026-02-10 03:00:38,715 - DEBUG - DNS解析重试中 us.616049.xyz: [Errno -2] Name or service not known
2026-02-10 03:00:39,717 - WARNING - [us.616049.xyz (LAX)] ├─ 无有效DNS记录，触发紧急更新
2026-02-10 03:13:50,950 - ERROR - CFST更新失败: None
2026-02-10 03:13:50,951 - INFO - --------------------------------------------------
2026-02-10 03:13:50,951 - INFO - [de.616049.xyz (FRA)] 开始处理节点维护
2026-02-10 03:13:50,978 - DEBUG - DNS解析重试中 de.616049.xyz: [Errno -2] Name or service not known
2026-02-10 03:13:51,995 - DEBUG - DNS解析重试中 de.616049.xyz: [Errno -2] Name or service not known
2026-02-10 03:13:53,019 - DEBUG - DNS解析重试中 de.616049.xyz: [Errno -2] Name or service not known
2026-02-10 03:13:54,021 - WARNING - [de.616049.xyz (FRA)] ├─ 无有效DNS记录，触发紧急更新
2026-02-10 03:27:05,309 - ERROR - CFST更新失败: None
2026-02-10 03:27:05,313 - DEBUG - Starting new HTTPS connection (1): api.telegram.org:443
2026-02-10 03:27:05,799 - DEBUG - https://api.telegram.org:443 "POST /bot/sendMessage HTTP/1.1" 404 55
