2026-02-05 20:42:18,998 - INFO - 启动维护任务 | 协议类型: IPV4
2026-02-05 20:42:18,999 - INFO - --------------------------------------------------
2026-02-05 20:42:18,999 - INFO - [hk.616049.xyz (HKG)] 开始处理节点维护
2026-02-05 20:42:19,020 - DEBUG - DNS解析重试中 hk.616049.xyz: [Errno -2] Name or service not known
2026-02-05 20:42:20,044 - DEBUG - DNS解析重试中 hk.616049.xyz: [Errno -2] Name or service not known
2026-02-05 20:42:21,050 - DEBUG - DNS解析重试中 hk.616049.xyz: [Errno -2] Name or service not known
2026-02-05 20:42:22,052 - WARNING - [hk.616049.xyz (HKG)] ├─ 无有效DNS记录，触发紧急更新
2026-02-05 20:55:19,133 - ERROR - CFST更新失败: None
2026-02-05 20:55:19,133 - INFO - --------------------------------------------------
2026-02-05 20:55:19,134 - INFO - [us.616049.xyz (LAX)] 开始处理节点维护
2026-02-05 20:55:19,356 - DEBUG - DNS解析重试中 us.616049.xyz: [Errno -2] Name or service not known
2026-02-05 20:55:20,413 - DEBUG - DNS解析重试中 us.616049.xyz: [Errno -2] Name or service not known
2026-02-05 20:55:21,435 - DEBUG - DNS解析重试中 us.616049.xyz: [Errno -2] Name or service not known
2026-02-05 20:55:22,436 - WARNING - [us.616049.xyz (LAX)] ├─ 无有效DNS记录，触发紧急更新
2026-02-05 21:08:18,046 - ERROR - CFST更新失败: None
2026-02-05 21:08:18,046 - INFO - --------------------------------------------------
2026-02-05 21:08:18,046 - INFO - [de.616049.xyz (FRA)] 开始处理节点维护
2026-02-05 21:08:18,067 - DEBUG - DNS解析重试中 de.616049.xyz: [Errno -2] Name or service not known
2026-02-05 21:08:19,090 - DEBUG - DNS解析重试中 de.616049.xyz: [Errno -2] Name or service not known
2026-02-05 21:08:20,095 - DEBUG - DNS解析重试中 de.616049.xyz: [Errno -2] Name or service not known
2026-02-05 21:08:21,097 - WARNING - [de.616049.xyz (FRA)] ├─ 无有效DNS记录，触发紧急更新
2026-02-05 21:21:17,645 - ERROR - CFST更新失败: None
2026-02-05 21:21:17,649 - DEBUG - Starting new HTTPS connection (1): api.telegram.org:443
2026-02-05 21:21:17,980 - DEBUG - https://api.telegram.org:443 "POST /bot/sendMessage HTTP/1.1" 404 55
