2026-02-26 04:27:59,035 - INFO - 启动维护任务 | 协议类型: IPV4
2026-02-26 04:27:59,035 - INFO - --------------------------------------------------
2026-02-26 04:27:59,035 - INFO - [hk.616049.xyz (HKG)] 开始处理节点维护
2026-02-26 04:27:59,181 - DEBUG - DNS解析重试中 hk.616049.xyz: [Errno -2] Name or service not known
2026-02-26 04:28:00,190 - DEBUG - DNS解析重试中 hk.616049.xyz: [Errno -2] Name or service not known
2026-02-26 04:28:01,199 - DEBUG - DNS解析重试中 hk.616049.xyz: [Errno -2] Name or service not known
2026-02-26 04:28:02,201 - WARNING - [hk.616049.xyz (HKG)] ├─ 无有效DNS记录，触发紧急更新
2026-02-26 04:40:56,282 - ERROR - CFST更新失败: None
2026-02-26 04:40:56,282 - INFO - --------------------------------------------------
2026-02-26 04:40:56,282 - INFO - [us.616049.xyz (LAX)] 开始处理节点维护
2026-02-26 04:40:56,298 - DEBUG - DNS解析重试中 us.616049.xyz: [Errno -2] Name or service not known
2026-02-26 04:40:57,314 - DEBUG - DNS解析重试中 us.616049.xyz: [Errno -2] Name or service not known
2026-02-26 04:40:58,323 - DEBUG - DNS解析重试中 us.616049.xyz: [Errno -2] Name or service not known
2026-02-26 04:40:59,324 - WARNING - [us.616049.xyz (LAX)] ├─ 无有效DNS记录，触发紧急更新
2026-02-26 04:53:53,093 - ERROR - CFST更新失败: None
2026-02-26 04:53:53,093 - INFO - --------------------------------------------------
2026-02-26 04:53:53,093 - INFO - [de.616049.xyz (FRA)] 开始处理节点维护
2026-02-26 04:53:53,114 - DEBUG - DNS解析重试中 de.616049.xyz: [Errno -2] Name or service not known
2026-02-26 04:53:54,242 - DEBUG - DNS解析重试中 de.616049.xyz: [Errno -2] Name or service not known
2026-02-26 04:53:55,251 - DEBUG - DNS解析重试中 de.616049.xyz: [Errno -2] Name or service not known
2026-02-26 04:53:56,253 - WARNING - [de.616049.xyz (FRA)] ├─ 无有效DNS记录，触发紧急更新
2026-02-26 05:06:49,827 - ERROR - CFST更新失败: None
2026-02-26 05:06:49,831 - DEBUG - Starting new HTTPS connection (1): api.telegram.org:443
2026-02-26 05:06:50,329 - DEBUG - https://api.telegram.org:443 "POST /bot/sendMessage HTTP/1.1" 404 55
