2026-03-08 22:18:22,530 - INFO - 启动维护任务 | 协议类型: IPV4
2026-03-08 22:18:22,531 - INFO - --------------------------------------------------
2026-03-08 22:18:22,531 - INFO - [hk.616049.xyz (HKG)] 开始处理节点维护
2026-03-08 22:18:22,538 - DEBUG - DNS解析重试中 hk.616049.xyz: [Errno -2] Name or service not known
2026-03-08 22:18:23,550 - DEBUG - DNS解析重试中 hk.616049.xyz: [Errno -2] Name or service not known
2026-03-08 22:18:24,562 - DEBUG - DNS解析重试中 hk.616049.xyz: [Errno -2] Name or service not known
2026-03-08 22:18:25,563 - WARNING - [hk.616049.xyz (HKG)] ├─ 无有效DNS记录，触发紧急更新
2026-03-08 22:31:20,124 - ERROR - CFST更新失败: None
2026-03-08 22:31:20,124 - INFO - --------------------------------------------------
2026-03-08 22:31:20,124 - INFO - [us.616049.xyz (LAX)] 开始处理节点维护
2026-03-08 22:31:20,131 - DEBUG - DNS解析重试中 us.616049.xyz: [Errno -2] Name or service not known
2026-03-08 22:31:21,149 - DEBUG - DNS解析重试中 us.616049.xyz: [Errno -2] Name or service not known
2026-03-08 22:31:22,157 - DEBUG - DNS解析重试中 us.616049.xyz: [Errno -2] Name or service not known
2026-03-08 22:31:23,159 - WARNING - [us.616049.xyz (LAX)] ├─ 无有效DNS记录，触发紧急更新
2026-03-08 22:44:17,718 - ERROR - CFST更新失败: None
2026-03-08 22:44:17,719 - INFO - --------------------------------------------------
2026-03-08 22:44:17,719 - INFO - [de.616049.xyz (FRA)] 开始处理节点维护
2026-03-08 22:44:17,741 - DEBUG - DNS解析重试中 de.616049.xyz: [Errno -2] Name or service not known
2026-03-08 22:44:18,759 - DEBUG - DNS解析重试中 de.616049.xyz: [Errno -2] Name or service not known
2026-03-08 22:44:19,769 - DEBUG - DNS解析重试中 de.616049.xyz: [Errno -2] Name or service not known
2026-03-08 22:44:20,770 - WARNING - [de.616049.xyz (FRA)] ├─ 无有效DNS记录，触发紧急更新
2026-03-08 22:57:15,013 - ERROR - CFST更新失败: None
2026-03-08 22:57:15,017 - DEBUG - Starting new HTTPS connection (1): api.telegram.org:443
2026-03-08 22:57:15,299 - DEBUG - https://api.telegram.org:443 "POST /bot/sendMessage HTTP/1.1" 404 55
