2026-03-21 11:58:22,234 - INFO - 启动维护任务 | 协议类型: IPV4
2026-03-21 11:58:22,234 - INFO - --------------------------------------------------
2026-03-21 11:58:22,234 - INFO - [hk.616049.xyz (HKG)] 开始处理节点维护
2026-03-21 11:58:22,242 - DEBUG - DNS解析重试中 hk.616049.xyz: [Errno -2] Name or service not known
2026-03-21 11:58:23,256 - DEBUG - DNS解析重试中 hk.616049.xyz: [Errno -2] Name or service not known
2026-03-21 11:58:24,284 - DEBUG - DNS解析重试中 hk.616049.xyz: [Errno -2] Name or service not known
2026-03-21 11:58:25,285 - WARNING - [hk.616049.xyz (HKG)] ├─ 无有效DNS记录，触发紧急更新
2026-03-21 12:11:19,181 - ERROR - CFST更新失败: None
2026-03-21 12:11:19,182 - INFO - --------------------------------------------------
2026-03-21 12:11:19,182 - INFO - [us.616049.xyz (LAX)] 开始处理节点维护
2026-03-21 12:11:19,188 - DEBUG - DNS解析重试中 us.616049.xyz: [Errno -2] Name or service not known
2026-03-21 12:11:20,197 - DEBUG - DNS解析重试中 us.616049.xyz: [Errno -2] Name or service not known
2026-03-21 12:11:21,204 - DEBUG - DNS解析重试中 us.616049.xyz: [Errno -2] Name or service not known
2026-03-21 12:11:22,206 - WARNING - [us.616049.xyz (LAX)] ├─ 无有效DNS记录，触发紧急更新
2026-03-21 12:24:15,534 - ERROR - CFST更新失败: None
2026-03-21 12:24:15,534 - INFO - --------------------------------------------------
2026-03-21 12:24:15,534 - INFO - [de.616049.xyz (FRA)] 开始处理节点维护
2026-03-21 12:24:15,540 - DEBUG - DNS解析重试中 de.616049.xyz: [Errno -2] Name or service not known
2026-03-21 12:24:16,549 - DEBUG - DNS解析重试中 de.616049.xyz: [Errno -2] Name or service not known
2026-03-21 12:24:17,572 - DEBUG - DNS解析重试中 de.616049.xyz: [Errno -2] Name or service not known
2026-03-21 12:24:18,574 - WARNING - [de.616049.xyz (FRA)] ├─ 无有效DNS记录，触发紧急更新
2026-03-21 12:37:11,992 - ERROR - CFST更新失败: None
2026-03-21 12:37:11,995 - DEBUG - Starting new HTTPS connection (1): api.telegram.org:443
2026-03-21 12:37:12,489 - DEBUG - https://api.telegram.org:443 "POST /bot/sendMessage HTTP/1.1" 404 55
