2026-07-23 04:56:06,207 - INFO - 启动维护任务 | 协议类型: IPV4
2026-07-23 04:56:06,207 - INFO - --------------------------------------------------
2026-07-23 04:56:06,207 - INFO - [hk.616049.xyz (HKG)] 开始处理节点维护
2026-07-23 04:56:06,264 - DEBUG - DNS解析重试中 hk.616049.xyz: [Errno -5] No address associated with hostname
2026-07-23 04:56:07,320 - DEBUG - DNS解析重试中 hk.616049.xyz: [Errno -5] No address associated with hostname
2026-07-23 04:56:08,376 - DEBUG - DNS解析重试中 hk.616049.xyz: [Errno -5] No address associated with hostname
2026-07-23 04:56:09,377 - WARNING - [hk.616049.xyz (HKG)] ├─ 无有效DNS记录，触发紧急更新
2026-07-23 05:08:43,194 - ERROR - CFST更新失败: None
2026-07-23 05:08:43,194 - INFO - --------------------------------------------------
2026-07-23 05:08:43,194 - INFO - [us.616049.xyz (LAX)] 开始处理节点维护
2026-07-23 05:08:43,247 - DEBUG - DNS解析重试中 us.616049.xyz: [Errno -5] No address associated with hostname
2026-07-23 05:08:44,306 - DEBUG - DNS解析重试中 us.616049.xyz: [Errno -5] No address associated with hostname
2026-07-23 05:08:45,366 - DEBUG - DNS解析重试中 us.616049.xyz: [Errno -5] No address associated with hostname
2026-07-23 05:08:46,367 - WARNING - [us.616049.xyz (LAX)] ├─ 无有效DNS记录，触发紧急更新
2026-07-23 05:21:18,930 - ERROR - CFST更新失败: None
2026-07-23 05:21:18,930 - INFO - --------------------------------------------------
2026-07-23 05:21:18,930 - INFO - [de.616049.xyz (FRA)] 开始处理节点维护
2026-07-23 05:21:18,987 - DEBUG - DNS解析重试中 de.616049.xyz: [Errno -5] No address associated with hostname
2026-07-23 05:21:20,060 - DEBUG - DNS解析重试中 de.616049.xyz: [Errno -5] No address associated with hostname
2026-07-23 05:21:21,067 - DEBUG - DNS解析重试中 de.616049.xyz: [Errno -5] No address associated with hostname
2026-07-23 05:21:22,069 - WARNING - [de.616049.xyz (FRA)] ├─ 无有效DNS记录，触发紧急更新
2026-07-23 05:33:55,000 - ERROR - CFST更新失败: None
2026-07-23 05:33:55,004 - DEBUG - Starting new HTTPS connection (1): api.telegram.org:443
2026-07-23 05:33:55,392 - DEBUG - https://api.telegram.org:443 "POST /bot/sendMessage HTTP/1.1" 404 55
