2026-04-05 00:26:15,381 - INFO - 启动维护任务 | 协议类型: IPV4
2026-04-05 00:26:15,381 - INFO - --------------------------------------------------
2026-04-05 00:26:15,381 - INFO - [hk.616049.xyz (HKG)] 开始处理节点维护
2026-04-05 00:26:15,388 - DEBUG - DNS解析重试中 hk.616049.xyz: [Errno -2] Name or service not known
2026-04-05 00:26:16,438 - DEBUG - DNS解析重试中 hk.616049.xyz: [Errno -2] Name or service not known
2026-04-05 00:26:17,446 - DEBUG - DNS解析重试中 hk.616049.xyz: [Errno -2] Name or service not known
2026-04-05 00:26:18,448 - WARNING - [hk.616049.xyz (HKG)] ├─ 无有效DNS记录，触发紧急更新
2026-04-05 00:39:11,678 - ERROR - CFST更新失败: None
2026-04-05 00:39:11,678 - INFO - --------------------------------------------------
2026-04-05 00:39:11,678 - INFO - [us.616049.xyz (LAX)] 开始处理节点维护
2026-04-05 00:39:11,685 - DEBUG - DNS解析重试中 us.616049.xyz: [Errno -2] Name or service not known
2026-04-05 00:39:12,702 - DEBUG - DNS解析重试中 us.616049.xyz: [Errno -2] Name or service not known
2026-04-05 00:39:13,720 - DEBUG - DNS解析重试中 us.616049.xyz: [Errno -2] Name or service not known
2026-04-05 00:39:14,722 - WARNING - [us.616049.xyz (LAX)] ├─ 无有效DNS记录，触发紧急更新
2026-04-05 00:52:08,630 - ERROR - CFST更新失败: None
2026-04-05 00:52:08,630 - INFO - --------------------------------------------------
2026-04-05 00:52:08,630 - INFO - [de.616049.xyz (FRA)] 开始处理节点维护
2026-04-05 00:52:08,651 - DEBUG - DNS解析重试中 de.616049.xyz: [Errno -2] Name or service not known
2026-04-05 00:52:09,660 - DEBUG - DNS解析重试中 de.616049.xyz: [Errno -2] Name or service not known
2026-04-05 00:52:10,668 - DEBUG - DNS解析重试中 de.616049.xyz: [Errno -2] Name or service not known
2026-04-05 00:52:11,669 - WARNING - [de.616049.xyz (FRA)] ├─ 无有效DNS记录，触发紧急更新
2026-04-05 01:05:05,133 - ERROR - CFST更新失败: None
2026-04-05 01:05:05,136 - DEBUG - Starting new HTTPS connection (1): api.telegram.org:443
2026-04-05 01:05:05,612 - DEBUG - https://api.telegram.org:443 "POST /bot/sendMessage HTTP/1.1" 404 55
