2026-02-11 12:24:32,921 - INFO - 启动维护任务 | 协议类型: IPV4
2026-02-11 12:24:32,921 - INFO - --------------------------------------------------
2026-02-11 12:24:32,921 - INFO - [hk.616049.xyz (HKG)] 开始处理节点维护
2026-02-11 12:24:32,934 - DEBUG - DNS解析重试中 hk.616049.xyz: [Errno -2] Name or service not known
2026-02-11 12:24:33,949 - DEBUG - DNS解析重试中 hk.616049.xyz: [Errno -2] Name or service not known
2026-02-11 12:24:34,962 - DEBUG - DNS解析重试中 hk.616049.xyz: [Errno -2] Name or service not known
2026-02-11 12:24:35,963 - WARNING - [hk.616049.xyz (HKG)] ├─ 无有效DNS记录，触发紧急更新
2026-02-11 12:37:30,389 - ERROR - CFST更新失败: None
2026-02-11 12:37:30,389 - INFO - --------------------------------------------------
2026-02-11 12:37:30,389 - INFO - [us.616049.xyz (LAX)] 开始处理节点维护
2026-02-11 12:37:30,402 - DEBUG - DNS解析重试中 us.616049.xyz: [Errno -2] Name or service not known
2026-02-11 12:37:31,416 - DEBUG - DNS解析重试中 us.616049.xyz: [Errno -2] Name or service not known
2026-02-11 12:37:32,442 - DEBUG - DNS解析重试中 us.616049.xyz: [Errno -2] Name or service not known
2026-02-11 12:37:33,443 - WARNING - [us.616049.xyz (LAX)] ├─ 无有效DNS记录，触发紧急更新
2026-02-11 12:50:27,675 - ERROR - CFST更新失败: None
2026-02-11 12:50:27,675 - INFO - --------------------------------------------------
2026-02-11 12:50:27,675 - INFO - [de.616049.xyz (FRA)] 开始处理节点维护
2026-02-11 12:50:27,696 - DEBUG - DNS解析重试中 de.616049.xyz: [Errno -2] Name or service not known
2026-02-11 12:50:28,711 - DEBUG - DNS解析重试中 de.616049.xyz: [Errno -2] Name or service not known
2026-02-11 12:50:29,726 - DEBUG - DNS解析重试中 de.616049.xyz: [Errno -2] Name or service not known
2026-02-11 12:50:30,727 - WARNING - [de.616049.xyz (FRA)] ├─ 无有效DNS记录，触发紧急更新
2026-02-11 13:03:24,797 - ERROR - CFST更新失败: None
2026-02-11 13:03:24,801 - DEBUG - Starting new HTTPS connection (1): api.telegram.org:443
2026-02-11 13:03:25,296 - DEBUG - https://api.telegram.org:443 "POST /bot/sendMessage HTTP/1.1" 404 55
