2026-02-28 06:16:10,959 - INFO - 启动维护任务 | 协议类型: IPV4
2026-02-28 06:16:10,959 - INFO - --------------------------------------------------
2026-02-28 06:16:10,959 - INFO - [hk.616049.xyz (HKG)] 开始处理节点维护
2026-02-28 06:16:10,980 - DEBUG - DNS解析重试中 hk.616049.xyz: [Errno -2] Name or service not known
2026-02-28 06:16:12,007 - DEBUG - DNS解析重试中 hk.616049.xyz: [Errno -2] Name or service not known
2026-02-28 06:16:13,033 - DEBUG - DNS解析重试中 hk.616049.xyz: [Errno -2] Name or service not known
2026-02-28 06:16:14,034 - WARNING - [hk.616049.xyz (HKG)] ├─ 无有效DNS记录，触发紧急更新
2026-02-28 06:29:07,923 - ERROR - CFST更新失败: None
2026-02-28 06:29:07,924 - INFO - --------------------------------------------------
2026-02-28 06:29:07,924 - INFO - [us.616049.xyz (LAX)] 开始处理节点维护
2026-02-28 06:29:07,966 - DEBUG - DNS解析重试中 us.616049.xyz: [Errno -2] Name or service not known
2026-02-28 06:29:09,010 - DEBUG - DNS解析重试中 us.616049.xyz: [Errno -2] Name or service not known
2026-02-28 06:29:10,037 - DEBUG - DNS解析重试中 us.616049.xyz: [Errno -2] Name or service not known
2026-02-28 06:29:11,038 - WARNING - [us.616049.xyz (LAX)] ├─ 无有效DNS记录，触发紧急更新
2026-02-28 06:42:04,813 - ERROR - CFST更新失败: None
2026-02-28 06:42:04,813 - INFO - --------------------------------------------------
2026-02-28 06:42:04,813 - INFO - [de.616049.xyz (FRA)] 开始处理节点维护
2026-02-28 06:42:04,834 - DEBUG - DNS解析重试中 de.616049.xyz: [Errno -2] Name or service not known
2026-02-28 06:42:05,858 - DEBUG - DNS解析重试中 de.616049.xyz: [Errno -2] Name or service not known
2026-02-28 06:42:06,881 - DEBUG - DNS解析重试中 de.616049.xyz: [Errno -2] Name or service not known
2026-02-28 06:42:07,882 - WARNING - [de.616049.xyz (FRA)] ├─ 无有效DNS记录，触发紧急更新
2026-02-28 06:55:01,574 - ERROR - CFST更新失败: None
2026-02-28 06:55:01,578 - DEBUG - Starting new HTTPS connection (1): api.telegram.org:443
2026-02-28 06:55:01,914 - DEBUG - https://api.telegram.org:443 "POST /bot/sendMessage HTTP/1.1" 404 55
