2026-07-14 19:19:03,892 - INFO - 启动维护任务 | 协议类型: IPV4
2026-07-14 19:19:03,892 - INFO - --------------------------------------------------
2026-07-14 19:19:03,892 - INFO - [hk.616049.xyz (HKG)] 开始处理节点维护
2026-07-14 19:19:03,927 - DEBUG - DNS解析重试中 hk.616049.xyz: [Errno -5] No address associated with hostname
2026-07-14 19:19:04,970 - DEBUG - DNS解析重试中 hk.616049.xyz: [Errno -5] No address associated with hostname
2026-07-14 19:19:06,006 - DEBUG - DNS解析重试中 hk.616049.xyz: [Errno -5] No address associated with hostname
2026-07-14 19:19:07,007 - WARNING - [hk.616049.xyz (HKG)] ├─ 无有效DNS记录，触发紧急更新
2026-07-14 19:31:48,315 - ERROR - CFST更新失败: None
2026-07-14 19:31:48,315 - INFO - --------------------------------------------------
2026-07-14 19:31:48,316 - INFO - [us.616049.xyz (LAX)] 开始处理节点维护
2026-07-14 19:31:48,535 - DEBUG - DNS解析重试中 us.616049.xyz: [Errno -5] No address associated with hostname
2026-07-14 19:31:49,582 - DEBUG - DNS解析重试中 us.616049.xyz: [Errno -5] No address associated with hostname
2026-07-14 19:31:50,614 - DEBUG - DNS解析重试中 us.616049.xyz: [Errno -5] No address associated with hostname
2026-07-14 19:31:51,616 - WARNING - [us.616049.xyz (LAX)] ├─ 无有效DNS记录，触发紧急更新
2026-07-14 19:44:34,182 - ERROR - CFST更新失败: None
2026-07-14 19:44:34,182 - INFO - --------------------------------------------------
2026-07-14 19:44:34,182 - INFO - [de.616049.xyz (FRA)] 开始处理节点维护
2026-07-14 19:44:34,241 - DEBUG - DNS解析重试中 de.616049.xyz: [Errno -5] No address associated with hostname
2026-07-14 19:44:35,276 - DEBUG - DNS解析重试中 de.616049.xyz: [Errno -5] No address associated with hostname
2026-07-14 19:44:36,324 - DEBUG - DNS解析重试中 de.616049.xyz: [Errno -5] No address associated with hostname
2026-07-14 19:44:37,326 - WARNING - [de.616049.xyz (FRA)] ├─ 无有效DNS记录，触发紧急更新
2026-07-14 19:57:19,135 - ERROR - CFST更新失败: None
2026-07-14 19:57:19,139 - DEBUG - Starting new HTTPS connection (1): api.telegram.org:443
2026-07-14 19:57:19,577 - DEBUG - https://api.telegram.org:443 "POST /bot/sendMessage HTTP/1.1" 404 55
