2026-03-25 20:49:59,080 - INFO - 启动维护任务 | 协议类型: IPV4
2026-03-25 20:49:59,081 - INFO - --------------------------------------------------
2026-03-25 20:49:59,081 - INFO - [hk.616049.xyz (HKG)] 开始处理节点维护
2026-03-25 20:49:59,121 - DEBUG - DNS解析重试中 hk.616049.xyz: [Errno -2] Name or service not known
2026-03-25 20:50:00,160 - DEBUG - DNS解析重试中 hk.616049.xyz: [Errno -2] Name or service not known
2026-03-25 20:50:01,191 - DEBUG - DNS解析重试中 hk.616049.xyz: [Errno -2] Name or service not known
2026-03-25 20:50:02,192 - WARNING - [hk.616049.xyz (HKG)] ├─ 无有效DNS记录，触发紧急更新
2026-03-25 21:03:11,101 - ERROR - CFST更新失败: None
2026-03-25 21:03:11,101 - INFO - --------------------------------------------------
2026-03-25 21:03:11,101 - INFO - [us.616049.xyz (LAX)] 开始处理节点维护
2026-03-25 21:03:11,133 - DEBUG - DNS解析重试中 us.616049.xyz: [Errno -2] Name or service not known
2026-03-25 21:03:12,163 - DEBUG - DNS解析重试中 us.616049.xyz: [Errno -2] Name or service not known
2026-03-25 21:03:13,193 - DEBUG - DNS解析重试中 us.616049.xyz: [Errno -2] Name or service not known
2026-03-25 21:03:14,194 - WARNING - [us.616049.xyz (LAX)] ├─ 无有效DNS记录，触发紧急更新
2026-03-25 21:16:21,901 - ERROR - CFST更新失败: None
2026-03-25 21:16:21,901 - INFO - --------------------------------------------------
2026-03-25 21:16:21,901 - INFO - [de.616049.xyz (FRA)] 开始处理节点维护
2026-03-25 21:16:21,931 - DEBUG - DNS解析重试中 de.616049.xyz: [Errno -2] Name or service not known
2026-03-25 21:16:22,963 - DEBUG - DNS解析重试中 de.616049.xyz: [Errno -2] Name or service not known
2026-03-25 21:16:24,014 - DEBUG - DNS解析重试中 de.616049.xyz: [Errno -2] Name or service not known
2026-03-25 21:16:25,015 - WARNING - [de.616049.xyz (FRA)] ├─ 无有效DNS记录，触发紧急更新
2026-03-25 21:29:32,274 - ERROR - CFST更新失败: None
2026-03-25 21:29:32,277 - DEBUG - Starting new HTTPS connection (1): api.telegram.org:443
2026-03-25 21:29:32,682 - DEBUG - https://api.telegram.org:443 "POST /bot/sendMessage HTTP/1.1" 404 55
