2026-03-08 00:18:48,746 - INFO - 启动维护任务 | 协议类型: IPV4
2026-03-08 00:18:48,746 - INFO - --------------------------------------------------
2026-03-08 00:18:48,746 - INFO - [hk.616049.xyz (HKG)] 开始处理节点维护
2026-03-08 00:18:48,789 - DEBUG - DNS解析重试中 hk.616049.xyz: [Errno -2] Name or service not known
2026-03-08 00:18:49,819 - DEBUG - DNS解析重试中 hk.616049.xyz: [Errno -2] Name or service not known
2026-03-08 00:18:50,850 - DEBUG - DNS解析重试中 hk.616049.xyz: [Errno -2] Name or service not known
2026-03-08 00:18:51,851 - WARNING - [hk.616049.xyz (HKG)] ├─ 无有效DNS记录，触发紧急更新
2026-03-08 00:31:47,267 - ERROR - CFST更新失败: None
2026-03-08 00:31:47,267 - INFO - --------------------------------------------------
2026-03-08 00:31:47,267 - INFO - [us.616049.xyz (LAX)] 开始处理节点维护
2026-03-08 00:31:47,295 - DEBUG - DNS解析重试中 us.616049.xyz: [Errno -2] Name or service not known
2026-03-08 00:31:48,334 - DEBUG - DNS解析重试中 us.616049.xyz: [Errno -2] Name or service not known
2026-03-08 00:31:49,364 - DEBUG - DNS解析重试中 us.616049.xyz: [Errno -2] Name or service not known
2026-03-08 00:31:50,365 - WARNING - [us.616049.xyz (LAX)] ├─ 无有效DNS记录，触发紧急更新
2026-03-08 00:44:45,121 - ERROR - CFST更新失败: None
2026-03-08 00:44:45,122 - INFO - --------------------------------------------------
2026-03-08 00:44:45,122 - INFO - [de.616049.xyz (FRA)] 开始处理节点维护
2026-03-08 00:44:45,149 - DEBUG - DNS解析重试中 de.616049.xyz: [Errno -2] Name or service not known
2026-03-08 00:44:46,181 - DEBUG - DNS解析重试中 de.616049.xyz: [Errno -2] Name or service not known
2026-03-08 00:44:47,235 - DEBUG - DNS解析重试中 de.616049.xyz: [Errno -2] Name or service not known
2026-03-08 00:44:48,236 - WARNING - [de.616049.xyz (FRA)] ├─ 无有效DNS记录，触发紧急更新
2026-03-08 00:57:42,929 - ERROR - CFST更新失败: None
2026-03-08 00:57:42,933 - DEBUG - Starting new HTTPS connection (1): api.telegram.org:443
2026-03-08 00:57:43,327 - DEBUG - https://api.telegram.org:443 "POST /bot/sendMessage HTTP/1.1" 404 55
