2026-02-14 14:35:20,452 - INFO - 启动维护任务 | 协议类型: IPV4
2026-02-14 14:35:20,453 - INFO - --------------------------------------------------
2026-02-14 14:35:20,453 - INFO - [hk.616049.xyz (HKG)] 开始处理节点维护
2026-02-14 14:35:20,486 - DEBUG - DNS解析重试中 hk.616049.xyz: [Errno -2] Name or service not known
2026-02-14 14:35:21,518 - DEBUG - DNS解析重试中 hk.616049.xyz: [Errno -2] Name or service not known
2026-02-14 14:35:22,550 - DEBUG - DNS解析重试中 hk.616049.xyz: [Errno -2] Name or service not known
2026-02-14 14:35:23,551 - WARNING - [hk.616049.xyz (HKG)] ├─ 无有效DNS记录，触发紧急更新
2026-02-14 14:48:19,598 - ERROR - CFST更新失败: None
2026-02-14 14:48:19,598 - INFO - --------------------------------------------------
2026-02-14 14:48:19,599 - INFO - [us.616049.xyz (LAX)] 开始处理节点维护
2026-02-14 14:48:19,678 - DEBUG - DNS解析重试中 us.616049.xyz: [Errno -2] Name or service not known
2026-02-14 14:48:20,725 - DEBUG - DNS解析重试中 us.616049.xyz: [Errno -2] Name or service not known
2026-02-14 14:48:21,767 - DEBUG - DNS解析重试中 us.616049.xyz: [Errno -2] Name or service not known
2026-02-14 14:48:22,768 - WARNING - [us.616049.xyz (LAX)] ├─ 无有效DNS记录，触发紧急更新
2026-02-14 15:01:18,500 - ERROR - CFST更新失败: None
2026-02-14 15:01:18,501 - INFO - --------------------------------------------------
2026-02-14 15:01:18,501 - INFO - [de.616049.xyz (FRA)] 开始处理节点维护
2026-02-14 15:01:18,536 - DEBUG - DNS解析重试中 de.616049.xyz: [Errno -2] Name or service not known
2026-02-14 15:01:19,597 - DEBUG - DNS解析重试中 de.616049.xyz: [Errno -2] Name or service not known
2026-02-14 15:01:20,628 - DEBUG - DNS解析重试中 de.616049.xyz: [Errno -2] Name or service not known
2026-02-14 15:01:21,630 - WARNING - [de.616049.xyz (FRA)] ├─ 无有效DNS记录，触发紧急更新
2026-02-14 15:14:18,605 - ERROR - CFST更新失败: None
2026-02-14 15:14:18,609 - DEBUG - Starting new HTTPS connection (1): api.telegram.org:443
2026-02-14 15:14:18,992 - DEBUG - https://api.telegram.org:443 "POST /bot/sendMessage HTTP/1.1" 404 55
