2026-03-07 22:17:38,264 - INFO - 启动维护任务 | 协议类型: IPV4
2026-03-07 22:17:38,264 - INFO - --------------------------------------------------
2026-03-07 22:17:38,264 - INFO - [hk.616049.xyz (HKG)] 开始处理节点维护
2026-03-07 22:17:38,294 - DEBUG - DNS解析重试中 hk.616049.xyz: [Errno -2] Name or service not known
2026-03-07 22:17:39,444 - DEBUG - DNS解析重试中 hk.616049.xyz: [Errno -2] Name or service not known
2026-03-07 22:17:40,459 - DEBUG - DNS解析重试中 hk.616049.xyz: [Errno -2] Name or service not known
2026-03-07 22:17:41,461 - WARNING - [hk.616049.xyz (HKG)] ├─ 无有效DNS记录，触发紧急更新
2026-03-07 22:30:49,542 - ERROR - CFST更新失败: None
2026-03-07 22:30:49,542 - INFO - --------------------------------------------------
2026-03-07 22:30:49,542 - INFO - [us.616049.xyz (LAX)] 开始处理节点维护
2026-03-07 22:30:49,570 - DEBUG - DNS解析重试中 us.616049.xyz: [Errno -2] Name or service not known
2026-03-07 22:30:50,588 - DEBUG - DNS解析重试中 us.616049.xyz: [Errno -2] Name or service not known
2026-03-07 22:30:51,630 - DEBUG - DNS解析重试中 us.616049.xyz: [Errno -2] Name or service not known
2026-03-07 22:30:52,631 - WARNING - [us.616049.xyz (LAX)] ├─ 无有效DNS记录，触发紧急更新
2026-03-07 22:44:03,104 - ERROR - CFST更新失败: None
2026-03-07 22:44:03,104 - INFO - --------------------------------------------------
2026-03-07 22:44:03,104 - INFO - [de.616049.xyz (FRA)] 开始处理节点维护
2026-03-07 22:44:03,120 - DEBUG - DNS解析重试中 de.616049.xyz: [Errno -2] Name or service not known
2026-03-07 22:44:04,135 - DEBUG - DNS解析重试中 de.616049.xyz: [Errno -2] Name or service not known
2026-03-07 22:44:05,153 - DEBUG - DNS解析重试中 de.616049.xyz: [Errno -2] Name or service not known
2026-03-07 22:44:06,154 - WARNING - [de.616049.xyz (FRA)] ├─ 无有效DNS记录，触发紧急更新
2026-03-07 22:57:19,200 - ERROR - CFST更新失败: None
2026-03-07 22:57:19,203 - DEBUG - Starting new HTTPS connection (1): api.telegram.org:443
2026-03-07 22:57:19,655 - DEBUG - https://api.telegram.org:443 "POST /bot/sendMessage HTTP/1.1" 404 55
