2026-02-18 18:36:42,415 - INFO - 启动维护任务 | 协议类型: IPV4
2026-02-18 18:36:42,415 - INFO - --------------------------------------------------
2026-02-18 18:36:42,415 - INFO - [hk.616049.xyz (HKG)] 开始处理节点维护
2026-02-18 18:36:42,423 - DEBUG - DNS解析重试中 hk.616049.xyz: [Errno -2] Name or service not known
2026-02-18 18:36:43,435 - DEBUG - DNS解析重试中 hk.616049.xyz: [Errno -2] Name or service not known
2026-02-18 18:36:44,444 - DEBUG - DNS解析重试中 hk.616049.xyz: [Errno -2] Name or service not known
2026-02-18 18:36:45,445 - WARNING - [hk.616049.xyz (HKG)] ├─ 无有效DNS记录，触发紧急更新
2026-02-18 18:49:42,680 - ERROR - CFST更新失败: None
2026-02-18 18:49:42,680 - INFO - --------------------------------------------------
2026-02-18 18:49:42,680 - INFO - [us.616049.xyz (LAX)] 开始处理节点维护
2026-02-18 18:49:42,689 - DEBUG - DNS解析重试中 us.616049.xyz: [Errno -2] Name or service not known
2026-02-18 18:49:43,698 - DEBUG - DNS解析重试中 us.616049.xyz: [Errno -2] Name or service not known
2026-02-18 18:49:44,711 - DEBUG - DNS解析重试中 us.616049.xyz: [Errno -2] Name or service not known
2026-02-18 18:49:45,712 - WARNING - [us.616049.xyz (LAX)] ├─ 无有效DNS记录，触发紧急更新
2026-02-18 19:02:42,658 - ERROR - CFST更新失败: None
2026-02-18 19:02:42,659 - INFO - --------------------------------------------------
2026-02-18 19:02:42,659 - INFO - [de.616049.xyz (FRA)] 开始处理节点维护
2026-02-18 19:02:42,670 - DEBUG - DNS解析重试中 de.616049.xyz: [Errno -2] Name or service not known
2026-02-18 19:02:43,681 - DEBUG - DNS解析重试中 de.616049.xyz: [Errno -2] Name or service not known
2026-02-18 19:02:44,691 - DEBUG - DNS解析重试中 de.616049.xyz: [Errno -2] Name or service not known
2026-02-18 19:02:45,692 - WARNING - [de.616049.xyz (FRA)] ├─ 无有效DNS记录，触发紧急更新
2026-02-18 19:15:43,733 - ERROR - CFST更新失败: None
2026-02-18 19:15:43,737 - DEBUG - Starting new HTTPS connection (1): api.telegram.org:443
2026-02-18 19:15:44,053 - DEBUG - https://api.telegram.org:443 "POST /bot/sendMessage HTTP/1.1" 404 55
