2026-03-29 12:31:20,999 - INFO - 启动维护任务 | 协议类型: IPV4
2026-03-29 12:31:21,000 - INFO - --------------------------------------------------
2026-03-29 12:31:21,000 - INFO - [hk.616049.xyz (HKG)] 开始处理节点维护
2026-03-29 12:31:21,029 - DEBUG - DNS解析重试中 hk.616049.xyz: [Errno -2] Name or service not known
2026-03-29 12:31:22,068 - DEBUG - DNS解析重试中 hk.616049.xyz: [Errno -2] Name or service not known
2026-03-29 12:31:23,074 - DEBUG - DNS解析重试中 hk.616049.xyz: [Errno -2] Name or service not known
2026-03-29 12:31:24,076 - WARNING - [hk.616049.xyz (HKG)] ├─ 无有效DNS记录，触发紧急更新
2026-03-29 12:44:21,826 - ERROR - CFST更新失败: None
2026-03-29 12:44:21,827 - INFO - --------------------------------------------------
2026-03-29 12:44:21,827 - INFO - [us.616049.xyz (LAX)] 开始处理节点维护
2026-03-29 12:44:21,856 - DEBUG - DNS解析重试中 us.616049.xyz: [Errno -2] Name or service not known
2026-03-29 12:44:22,898 - DEBUG - DNS解析重试中 us.616049.xyz: [Errno -2] Name or service not known
2026-03-29 12:44:23,937 - DEBUG - DNS解析重试中 us.616049.xyz: [Errno -2] Name or service not known
2026-03-29 12:44:24,938 - WARNING - [us.616049.xyz (LAX)] ├─ 无有效DNS记录，触发紧急更新
2026-03-29 12:57:22,497 - ERROR - CFST更新失败: None
2026-03-29 12:57:22,497 - INFO - --------------------------------------------------
2026-03-29 12:57:22,498 - INFO - [de.616049.xyz (FRA)] 开始处理节点维护
2026-03-29 12:57:22,527 - DEBUG - DNS解析重试中 de.616049.xyz: [Errno -2] Name or service not known
2026-03-29 12:57:23,558 - DEBUG - DNS解析重试中 de.616049.xyz: [Errno -2] Name or service not known
2026-03-29 12:57:24,685 - DEBUG - DNS解析重试中 de.616049.xyz: [Errno -2] Name or service not known
2026-03-29 12:57:25,687 - WARNING - [de.616049.xyz (FRA)] ├─ 无有效DNS记录，触发紧急更新
2026-03-29 13:10:24,192 - ERROR - CFST更新失败: None
2026-03-29 13:10:24,196 - DEBUG - Starting new HTTPS connection (1): api.telegram.org:443
2026-03-29 13:10:24,632 - DEBUG - https://api.telegram.org:443 "POST /bot/sendMessage HTTP/1.1" 404 55
