2026-05-26 06:52:58,269 - INFO - 启动维护任务 | 协议类型: IPV4
2026-05-26 06:52:58,269 - INFO - --------------------------------------------------
2026-05-26 06:52:58,269 - INFO - [hk.616049.xyz (HKG)] 开始处理节点维护
2026-05-26 06:52:58,281 - DEBUG - DNS解析重试中 hk.616049.xyz: [Errno -2] Name or service not known
2026-05-26 06:52:59,297 - DEBUG - DNS解析重试中 hk.616049.xyz: [Errno -2] Name or service not known
2026-05-26 06:53:00,315 - DEBUG - DNS解析重试中 hk.616049.xyz: [Errno -2] Name or service not known
2026-05-26 06:53:01,316 - WARNING - [hk.616049.xyz (HKG)] ├─ 无有效DNS记录，触发紧急更新
2026-05-26 07:05:58,683 - ERROR - CFST更新失败: None
2026-05-26 07:05:58,683 - INFO - --------------------------------------------------
2026-05-26 07:05:58,683 - INFO - [us.616049.xyz (LAX)] 开始处理节点维护
2026-05-26 07:05:58,700 - DEBUG - DNS解析重试中 us.616049.xyz: [Errno -2] Name or service not known
2026-05-26 07:05:59,715 - DEBUG - DNS解析重试中 us.616049.xyz: [Errno -2] Name or service not known
2026-05-26 07:06:00,732 - DEBUG - DNS解析重试中 us.616049.xyz: [Errno -2] Name or service not known
2026-05-26 07:06:01,734 - WARNING - [us.616049.xyz (LAX)] ├─ 无有效DNS记录，触发紧急更新
2026-05-26 07:18:59,184 - ERROR - CFST更新失败: None
2026-05-26 07:18:59,184 - INFO - --------------------------------------------------
2026-05-26 07:18:59,184 - INFO - [de.616049.xyz (FRA)] 开始处理节点维护
2026-05-26 07:18:59,194 - DEBUG - DNS解析重试中 de.616049.xyz: [Errno -2] Name or service not known
2026-05-26 07:19:00,206 - DEBUG - DNS解析重试中 de.616049.xyz: [Errno -2] Name or service not known
2026-05-26 07:19:01,231 - DEBUG - DNS解析重试中 de.616049.xyz: [Errno -2] Name or service not known
2026-05-26 07:19:02,232 - WARNING - [de.616049.xyz (FRA)] ├─ 无有效DNS记录，触发紧急更新
2026-05-26 07:32:03,204 - ERROR - CFST更新失败: None
2026-05-26 07:32:03,208 - DEBUG - Starting new HTTPS connection (1): api.telegram.org:443
