2026-03-11 14:41:46,454 - INFO - 启动维护任务 | 协议类型: IPV4
2026-03-11 14:41:46,454 - INFO - --------------------------------------------------
2026-03-11 14:41:46,454 - INFO - [hk.616049.xyz (HKG)] 开始处理节点维护
2026-03-11 14:41:46,476 - DEBUG - DNS解析重试中 hk.616049.xyz: [Errno -2] Name or service not known
2026-03-11 14:41:47,498 - DEBUG - DNS解析重试中 hk.616049.xyz: [Errno -2] Name or service not known
2026-03-11 14:41:48,505 - DEBUG - DNS解析重试中 hk.616049.xyz: [Errno -2] Name or service not known
2026-03-11 14:41:49,506 - WARNING - [hk.616049.xyz (HKG)] ├─ 无有效DNS记录，触发紧急更新
2026-03-11 14:54:45,641 - ERROR - CFST更新失败: None
2026-03-11 14:54:45,641 - INFO - --------------------------------------------------
2026-03-11 14:54:45,641 - INFO - [us.616049.xyz (LAX)] 开始处理节点维护
2026-03-11 14:54:45,663 - DEBUG - DNS解析重试中 us.616049.xyz: [Errno -2] Name or service not known
2026-03-11 14:54:46,691 - DEBUG - DNS解析重试中 us.616049.xyz: [Errno -2] Name or service not known
2026-03-11 14:54:47,711 - DEBUG - DNS解析重试中 us.616049.xyz: [Errno -2] Name or service not known
2026-03-11 14:54:48,713 - WARNING - [us.616049.xyz (LAX)] ├─ 无有效DNS记录，触发紧急更新
2026-03-11 15:07:44,227 - ERROR - CFST更新失败: None
2026-03-11 15:07:44,227 - INFO - --------------------------------------------------
2026-03-11 15:07:44,227 - INFO - [de.616049.xyz (FRA)] 开始处理节点维护
2026-03-11 15:07:44,249 - DEBUG - DNS解析重试中 de.616049.xyz: [Errno -2] Name or service not known
2026-03-11 15:07:45,272 - DEBUG - DNS解析重试中 de.616049.xyz: [Errno -2] Name or service not known
2026-03-11 15:07:46,277 - DEBUG - DNS解析重试中 de.616049.xyz: [Errno -2] Name or service not known
2026-03-11 15:07:47,279 - WARNING - [de.616049.xyz (FRA)] ├─ 无有效DNS记录，触发紧急更新
2026-03-11 15:20:43,360 - ERROR - CFST更新失败: None
2026-03-11 15:20:43,364 - DEBUG - Starting new HTTPS connection (1): api.telegram.org:443
2026-03-11 15:20:43,810 - DEBUG - https://api.telegram.org:443 "POST /bot/sendMessage HTTP/1.1" 404 55
