2026-06-16 10:55:35,851 - INFO - 启动维护任务 | 协议类型: IPV4
2026-06-16 10:55:35,851 - INFO - --------------------------------------------------
2026-06-16 10:55:35,851 - INFO - [hk.616049.xyz (HKG)] 开始处理节点维护
2026-06-16 10:55:35,865 - DEBUG - DNS解析重试中 hk.616049.xyz: [Errno -2] Name or service not known
2026-06-16 10:55:36,888 - DEBUG - DNS解析重试中 hk.616049.xyz: [Errno -2] Name or service not known
2026-06-16 10:55:37,897 - DEBUG - DNS解析重试中 hk.616049.xyz: [Errno -2] Name or service not known
2026-06-16 10:55:38,898 - WARNING - [hk.616049.xyz (HKG)] ├─ 无有效DNS记录，触发紧急更新
2026-06-16 11:08:15,530 - ERROR - CFST更新失败: None
2026-06-16 11:08:15,530 - INFO - --------------------------------------------------
2026-06-16 11:08:15,531 - INFO - [us.616049.xyz (LAX)] 开始处理节点维护
2026-06-16 11:08:15,546 - DEBUG - DNS解析重试中 us.616049.xyz: [Errno -2] Name or service not known
2026-06-16 11:08:16,569 - DEBUG - DNS解析重试中 us.616049.xyz: [Errno -2] Name or service not known
2026-06-16 11:08:17,580 - DEBUG - DNS解析重试中 us.616049.xyz: [Errno -2] Name or service not known
2026-06-16 11:08:18,582 - WARNING - [us.616049.xyz (LAX)] ├─ 无有效DNS记录，触发紧急更新
2026-06-16 11:20:55,030 - ERROR - CFST更新失败: None
2026-06-16 11:20:55,030 - INFO - --------------------------------------------------
2026-06-16 11:20:55,030 - INFO - [de.616049.xyz (FRA)] 开始处理节点维护
2026-06-16 11:20:55,038 - DEBUG - DNS解析重试中 de.616049.xyz: [Errno -2] Name or service not known
2026-06-16 11:20:56,050 - DEBUG - DNS解析重试中 de.616049.xyz: [Errno -2] Name or service not known
2026-06-16 11:20:57,099 - DEBUG - DNS解析重试中 de.616049.xyz: [Errno -2] Name or service not known
2026-06-16 11:20:58,101 - WARNING - [de.616049.xyz (FRA)] ├─ 无有效DNS记录，触发紧急更新
2026-06-16 11:33:33,186 - ERROR - CFST更新失败: None
2026-06-16 11:33:33,190 - DEBUG - Starting new HTTPS connection (1): api.telegram.org:443
2026-06-16 11:33:33,466 - DEBUG - https://api.telegram.org:443 "POST /bot/sendMessage HTTP/1.1" 404 55
