2026-05-23 03:24:30,972 - INFO - 启动维护任务 | 协议类型: IPV4
2026-05-23 03:24:30,972 - INFO - --------------------------------------------------
2026-05-23 03:24:30,972 - INFO - [hk.616049.xyz (HKG)] 开始处理节点维护
2026-05-23 03:24:31,004 - DEBUG - DNS解析重试中 hk.616049.xyz: [Errno -2] Name or service not known
2026-05-23 03:24:32,201 - DEBUG - DNS解析重试中 hk.616049.xyz: [Errno -2] Name or service not known
2026-05-23 03:24:33,213 - DEBUG - DNS解析重试中 hk.616049.xyz: [Errno -2] Name or service not known
2026-05-23 03:24:34,214 - WARNING - [hk.616049.xyz (HKG)] ├─ 无有效DNS记录，触发紧急更新
2026-05-23 03:37:31,645 - ERROR - CFST更新失败: None
2026-05-23 03:37:31,646 - INFO - --------------------------------------------------
2026-05-23 03:37:31,646 - INFO - [us.616049.xyz (LAX)] 开始处理节点维护
2026-05-23 03:37:31,667 - DEBUG - DNS解析重试中 us.616049.xyz: [Errno -2] Name or service not known
2026-05-23 03:37:32,700 - DEBUG - DNS解析重试中 us.616049.xyz: [Errno -2] Name or service not known
2026-05-23 03:37:33,713 - DEBUG - DNS解析重试中 us.616049.xyz: [Errno -2] Name or service not known
2026-05-23 03:37:34,714 - WARNING - [us.616049.xyz (LAX)] ├─ 无有效DNS记录，触发紧急更新
2026-05-23 03:50:31,840 - ERROR - CFST更新失败: None
2026-05-23 03:50:31,840 - INFO - --------------------------------------------------
2026-05-23 03:50:31,840 - INFO - [de.616049.xyz (FRA)] 开始处理节点维护
2026-05-23 03:50:31,853 - DEBUG - DNS解析重试中 de.616049.xyz: [Errno -2] Name or service not known
2026-05-23 03:50:32,877 - DEBUG - DNS解析重试中 de.616049.xyz: [Errno -2] Name or service not known
2026-05-23 03:50:33,894 - DEBUG - DNS解析重试中 de.616049.xyz: [Errno -2] Name or service not known
2026-05-23 03:50:34,896 - WARNING - [de.616049.xyz (FRA)] ├─ 无有效DNS记录，触发紧急更新
2026-05-23 04:03:32,616 - ERROR - CFST更新失败: None
2026-05-23 04:03:32,619 - DEBUG - Starting new HTTPS connection (1): api.telegram.org:443
2026-05-23 04:03:32,909 - DEBUG - https://api.telegram.org:443 "POST /bot/sendMessage HTTP/1.1" 404 55
