2026-07-05 15:17:40,854 - INFO - 启动维护任务 | 协议类型: IPV4
2026-07-05 15:17:40,854 - INFO - --------------------------------------------------
2026-07-05 15:17:40,854 - INFO - [hk.616049.xyz (HKG)] 开始处理节点维护
2026-07-05 15:17:40,869 - DEBUG - DNS解析重试中 hk.616049.xyz: [Errno -5] No address associated with hostname
2026-07-05 15:17:41,903 - DEBUG - DNS解析重试中 hk.616049.xyz: [Errno -5] No address associated with hostname
2026-07-05 15:17:42,918 - DEBUG - DNS解析重试中 hk.616049.xyz: [Errno -5] No address associated with hostname
2026-07-05 15:17:43,919 - WARNING - [hk.616049.xyz (HKG)] ├─ 无有效DNS记录，触发紧急更新
2026-07-05 15:30:13,425 - ERROR - CFST更新失败: None
2026-07-05 15:30:13,425 - INFO - --------------------------------------------------
2026-07-05 15:30:13,425 - INFO - [us.616049.xyz (LAX)] 开始处理节点维护
2026-07-05 15:30:13,446 - DEBUG - DNS解析重试中 us.616049.xyz: [Errno -5] No address associated with hostname
2026-07-05 15:30:14,668 - DEBUG - DNS解析重试中 us.616049.xyz: [Errno -5] No address associated with hostname
2026-07-05 15:30:15,681 - DEBUG - DNS解析重试中 us.616049.xyz: [Errno -5] No address associated with hostname
2026-07-05 15:30:16,682 - WARNING - [us.616049.xyz (LAX)] ├─ 无有效DNS记录，触发紧急更新
2026-07-05 15:42:46,096 - ERROR - CFST更新失败: None
2026-07-05 15:42:46,097 - INFO - --------------------------------------------------
2026-07-05 15:42:46,097 - INFO - [de.616049.xyz (FRA)] 开始处理节点维护
2026-07-05 15:42:46,126 - DEBUG - DNS解析重试中 de.616049.xyz: [Errno -5] No address associated with hostname
2026-07-05 15:42:47,139 - DEBUG - DNS解析重试中 de.616049.xyz: [Errno -5] No address associated with hostname
2026-07-05 15:42:48,153 - DEBUG - DNS解析重试中 de.616049.xyz: [Errno -5] No address associated with hostname
2026-07-05 15:42:49,154 - WARNING - [de.616049.xyz (FRA)] ├─ 无有效DNS记录，触发紧急更新
2026-07-05 15:55:18,481 - ERROR - CFST更新失败: None
2026-07-05 15:55:18,485 - DEBUG - Starting new HTTPS connection (1): api.telegram.org:443
2026-07-05 15:55:18,760 - DEBUG - https://api.telegram.org:443 "POST /bot/sendMessage HTTP/1.1" 404 55
