2026-02-07 14:33:00,870 - INFO - 启动维护任务 | 协议类型: IPV4
2026-02-07 14:33:00,870 - INFO - --------------------------------------------------
2026-02-07 14:33:00,870 - INFO - [hk.616049.xyz (HKG)] 开始处理节点维护
2026-02-07 14:33:00,916 - DEBUG - DNS解析重试中 hk.616049.xyz: [Errno -2] Name or service not known
2026-02-07 14:33:01,945 - DEBUG - DNS解析重试中 hk.616049.xyz: [Errno -2] Name or service not known
2026-02-07 14:33:02,973 - DEBUG - DNS解析重试中 hk.616049.xyz: [Errno -2] Name or service not known
2026-02-07 14:33:03,975 - WARNING - [hk.616049.xyz (HKG)] ├─ 无有效DNS记录，触发紧急更新
2026-02-07 14:46:01,196 - ERROR - CFST更新失败: None
2026-02-07 14:46:01,196 - INFO - --------------------------------------------------
2026-02-07 14:46:01,197 - INFO - [us.616049.xyz (LAX)] 开始处理节点维护
2026-02-07 14:46:01,234 - DEBUG - DNS解析重试中 us.616049.xyz: [Errno -2] Name or service not known
2026-02-07 14:46:02,273 - DEBUG - DNS解析重试中 us.616049.xyz: [Errno -2] Name or service not known
2026-02-07 14:46:03,302 - DEBUG - DNS解析重试中 us.616049.xyz: [Errno -2] Name or service not known
2026-02-07 14:46:04,303 - WARNING - [us.616049.xyz (LAX)] ├─ 无有效DNS记录，触发紧急更新
2026-02-07 14:59:01,264 - ERROR - CFST更新失败: None
2026-02-07 14:59:01,265 - INFO - --------------------------------------------------
2026-02-07 14:59:01,265 - INFO - [de.616049.xyz (FRA)] 开始处理节点维护
2026-02-07 14:59:01,306 - DEBUG - DNS解析重试中 de.616049.xyz: [Errno -2] Name or service not known
2026-02-07 14:59:02,339 - DEBUG - DNS解析重试中 de.616049.xyz: [Errno -2] Name or service not known
2026-02-07 14:59:03,356 - DEBUG - DNS解析重试中 de.616049.xyz: [Errno -2] Name or service not known
2026-02-07 14:59:04,357 - WARNING - [de.616049.xyz (FRA)] ├─ 无有效DNS记录，触发紧急更新
2026-02-07 15:12:02,778 - ERROR - CFST更新失败: None
2026-02-07 15:12:02,782 - DEBUG - Starting new HTTPS connection (1): api.telegram.org:443
2026-02-07 15:12:03,168 - DEBUG - https://api.telegram.org:443 "POST /bot/sendMessage HTTP/1.1" 404 55
