2026-03-29 04:20:59,375 - INFO - 启动维护任务 | 协议类型: IPV4
2026-03-29 04:20:59,375 - INFO - --------------------------------------------------
2026-03-29 04:20:59,375 - INFO - [hk.616049.xyz (HKG)] 开始处理节点维护
2026-03-29 04:20:59,393 - DEBUG - DNS解析重试中 hk.616049.xyz: [Errno -2] Name or service not known
2026-03-29 04:21:00,411 - DEBUG - DNS解析重试中 hk.616049.xyz: [Errno -2] Name or service not known
2026-03-29 04:21:01,418 - DEBUG - DNS解析重试中 hk.616049.xyz: [Errno -2] Name or service not known
2026-03-29 04:21:02,420 - WARNING - [hk.616049.xyz (HKG)] ├─ 无有效DNS记录，触发紧急更新
2026-03-29 04:33:56,956 - ERROR - CFST更新失败: None
2026-03-29 04:33:56,956 - INFO - --------------------------------------------------
2026-03-29 04:33:56,956 - INFO - [us.616049.xyz (LAX)] 开始处理节点维护
2026-03-29 04:33:56,963 - DEBUG - DNS解析重试中 us.616049.xyz: [Errno -2] Name or service not known
2026-03-29 04:33:57,975 - DEBUG - DNS解析重试中 us.616049.xyz: [Errno -2] Name or service not known
2026-03-29 04:33:58,993 - DEBUG - DNS解析重试中 us.616049.xyz: [Errno -2] Name or service not known
2026-03-29 04:33:59,994 - WARNING - [us.616049.xyz (LAX)] ├─ 无有效DNS记录，触发紧急更新
2026-03-29 04:46:56,385 - ERROR - CFST更新失败: None
2026-03-29 04:46:56,385 - INFO - --------------------------------------------------
2026-03-29 04:46:56,385 - INFO - [de.616049.xyz (FRA)] 开始处理节点维护
2026-03-29 04:46:56,400 - DEBUG - DNS解析重试中 de.616049.xyz: [Errno -2] Name or service not known
2026-03-29 04:46:57,408 - DEBUG - DNS解析重试中 de.616049.xyz: [Errno -2] Name or service not known
2026-03-29 04:46:58,417 - DEBUG - DNS解析重试中 de.616049.xyz: [Errno -2] Name or service not known
2026-03-29 04:46:59,418 - WARNING - [de.616049.xyz (FRA)] ├─ 无有效DNS记录，触发紧急更新
2026-03-29 04:59:53,778 - ERROR - CFST更新失败: None
2026-03-29 04:59:53,782 - DEBUG - Starting new HTTPS connection (1): api.telegram.org:443
2026-03-29 04:59:54,072 - DEBUG - https://api.telegram.org:443 "POST /bot/sendMessage HTTP/1.1" 404 55
