2026-05-03 14:22:20,060 - INFO - 启动维护任务 | 协议类型: IPV4
2026-05-03 14:22:20,060 - INFO - --------------------------------------------------
2026-05-03 14:22:20,060 - INFO - [hk.616049.xyz (HKG)] 开始处理节点维护
2026-05-03 14:22:20,073 - DEBUG - DNS解析重试中 hk.616049.xyz: [Errno -2] Name or service not known
2026-05-03 14:22:21,085 - DEBUG - DNS解析重试中 hk.616049.xyz: [Errno -2] Name or service not known
2026-05-03 14:22:22,101 - DEBUG - DNS解析重试中 hk.616049.xyz: [Errno -2] Name or service not known
2026-05-03 14:22:23,102 - WARNING - [hk.616049.xyz (HKG)] ├─ 无有效DNS记录，触发紧急更新
2026-05-03 14:35:20,299 - ERROR - CFST更新失败: None
2026-05-03 14:35:20,299 - INFO - --------------------------------------------------
2026-05-03 14:35:20,299 - INFO - [us.616049.xyz (LAX)] 开始处理节点维护
2026-05-03 14:35:20,327 - DEBUG - DNS解析重试中 us.616049.xyz: [Errno -2] Name or service not known
2026-05-03 14:35:21,338 - DEBUG - DNS解析重试中 us.616049.xyz: [Errno -2] Name or service not known
2026-05-03 14:35:22,356 - DEBUG - DNS解析重试中 us.616049.xyz: [Errno -2] Name or service not known
2026-05-03 14:35:23,358 - WARNING - [us.616049.xyz (LAX)] ├─ 无有效DNS记录，触发紧急更新
2026-05-03 14:48:20,287 - ERROR - CFST更新失败: None
2026-05-03 14:48:20,287 - INFO - --------------------------------------------------
2026-05-03 14:48:20,287 - INFO - [de.616049.xyz (FRA)] 开始处理节点维护
2026-05-03 14:48:20,305 - DEBUG - DNS解析重试中 de.616049.xyz: [Errno -2] Name or service not known
2026-05-03 14:48:21,313 - DEBUG - DNS解析重试中 de.616049.xyz: [Errno -2] Name or service not known
2026-05-03 14:48:22,324 - DEBUG - DNS解析重试中 de.616049.xyz: [Errno -2] Name or service not known
2026-05-03 14:48:23,325 - WARNING - [de.616049.xyz (FRA)] ├─ 无有效DNS记录，触发紧急更新
2026-05-03 15:01:25,057 - ERROR - CFST更新失败: None
2026-05-03 15:01:25,060 - DEBUG - Starting new HTTPS connection (1): api.telegram.org:443
2026-05-03 15:01:25,356 - DEBUG - https://api.telegram.org:443 "POST /bot/sendMessage HTTP/1.1" 404 55
