2026-07-04 04:54:37,879 - INFO - 启动维护任务 | 协议类型: IPV4
2026-07-04 04:54:37,879 - INFO - --------------------------------------------------
2026-07-04 04:54:37,879 - INFO - [hk.616049.xyz (HKG)] 开始处理节点维护
2026-07-04 04:54:37,892 - DEBUG - DNS解析重试中 hk.616049.xyz: [Errno -5] No address associated with hostname
2026-07-04 04:54:38,920 - DEBUG - DNS解析重试中 hk.616049.xyz: [Errno -5] No address associated with hostname
2026-07-04 04:54:39,947 - DEBUG - DNS解析重试中 hk.616049.xyz: [Errno -5] No address associated with hostname
2026-07-04 04:54:40,948 - WARNING - [hk.616049.xyz (HKG)] ├─ 无有效DNS记录，触发紧急更新
2026-07-04 05:07:10,417 - ERROR - CFST更新失败: None
2026-07-04 05:07:10,417 - INFO - --------------------------------------------------
2026-07-04 05:07:10,417 - INFO - [us.616049.xyz (LAX)] 开始处理节点维护
2026-07-04 05:07:10,433 - DEBUG - DNS解析重试中 us.616049.xyz: [Errno -5] No address associated with hostname
2026-07-04 05:07:11,466 - DEBUG - DNS解析重试中 us.616049.xyz: [Errno -5] No address associated with hostname
2026-07-04 05:07:12,473 - DEBUG - DNS解析重试中 us.616049.xyz: [Errno -5] No address associated with hostname
2026-07-04 05:07:13,474 - WARNING - [us.616049.xyz (LAX)] ├─ 无有效DNS记录，触发紧急更新
2026-07-04 05:19:42,986 - ERROR - CFST更新失败: None
2026-07-04 05:19:42,986 - INFO - --------------------------------------------------
2026-07-04 05:19:42,986 - INFO - [de.616049.xyz (FRA)] 开始处理节点维护
2026-07-04 05:19:42,999 - DEBUG - DNS解析重试中 de.616049.xyz: [Errno -5] No address associated with hostname
2026-07-04 05:19:44,030 - DEBUG - DNS解析重试中 de.616049.xyz: [Errno -5] No address associated with hostname
2026-07-04 05:19:45,051 - DEBUG - DNS解析重试中 de.616049.xyz: [Errno -5] No address associated with hostname
2026-07-04 05:19:46,052 - WARNING - [de.616049.xyz (FRA)] ├─ 无有效DNS记录，触发紧急更新
2026-07-04 05:32:15,618 - ERROR - CFST更新失败: None
2026-07-04 05:32:15,621 - DEBUG - Starting new HTTPS connection (1): api.telegram.org:443
2026-07-04 05:32:15,899 - DEBUG - https://api.telegram.org:443 "POST /bot/sendMessage HTTP/1.1" 404 55
