2026-02-14 22:20:06,008 - INFO - 启动维护任务 | 协议类型: IPV4
2026-02-14 22:20:06,008 - INFO - --------------------------------------------------
2026-02-14 22:20:06,008 - INFO - [hk.616049.xyz (HKG)] 开始处理节点维护
2026-02-14 22:20:06,022 - DEBUG - DNS解析重试中 hk.616049.xyz: [Errno -2] Name or service not known
2026-02-14 22:20:07,047 - DEBUG - DNS解析重试中 hk.616049.xyz: [Errno -2] Name or service not known
2026-02-14 22:20:08,062 - DEBUG - DNS解析重试中 hk.616049.xyz: [Errno -2] Name or service not known
2026-02-14 22:20:09,063 - WARNING - [hk.616049.xyz (HKG)] ├─ 无有效DNS记录，触发紧急更新
2026-02-14 22:33:03,449 - ERROR - CFST更新失败: None
2026-02-14 22:33:03,450 - INFO - --------------------------------------------------
2026-02-14 22:33:03,450 - INFO - [us.616049.xyz (LAX)] 开始处理节点维护
2026-02-14 22:33:03,463 - DEBUG - DNS解析重试中 us.616049.xyz: [Errno -2] Name or service not known
2026-02-14 22:33:04,491 - DEBUG - DNS解析重试中 us.616049.xyz: [Errno -2] Name or service not known
2026-02-14 22:33:05,500 - DEBUG - DNS解析重试中 us.616049.xyz: [Errno -2] Name or service not known
2026-02-14 22:33:06,501 - WARNING - [us.616049.xyz (LAX)] ├─ 无有效DNS记录，触发紧急更新
2026-02-14 22:46:00,390 - ERROR - CFST更新失败: None
2026-02-14 22:46:00,390 - INFO - --------------------------------------------------
2026-02-14 22:46:00,390 - INFO - [de.616049.xyz (FRA)] 开始处理节点维护
2026-02-14 22:46:00,426 - DEBUG - DNS解析重试中 de.616049.xyz: [Errno -2] Name or service not known
2026-02-14 22:46:01,432 - DEBUG - DNS解析重试中 de.616049.xyz: [Errno -2] Name or service not known
2026-02-14 22:46:02,457 - DEBUG - DNS解析重试中 de.616049.xyz: [Errno -2] Name or service not known
2026-02-14 22:46:03,458 - WARNING - [de.616049.xyz (FRA)] ├─ 无有效DNS记录，触发紧急更新
2026-02-14 22:58:57,389 - ERROR - CFST更新失败: None
2026-02-14 22:58:57,393 - DEBUG - Starting new HTTPS connection (1): api.telegram.org:443
2026-02-14 22:58:57,876 - DEBUG - https://api.telegram.org:443 "POST /bot/sendMessage HTTP/1.1" 404 55
