2026-05-23 17:44:12,812 - INFO - 启动维护任务 | 协议类型: IPV4
2026-05-23 17:44:12,812 - INFO - --------------------------------------------------
2026-05-23 17:44:12,812 - INFO - [hk.616049.xyz (HKG)] 开始处理节点维护
2026-05-23 17:44:12,826 - DEBUG - DNS解析重试中 hk.616049.xyz: [Errno -2] Name or service not known
2026-05-23 17:44:13,840 - DEBUG - DNS解析重试中 hk.616049.xyz: [Errno -2] Name or service not known
2026-05-23 17:44:14,851 - DEBUG - DNS解析重试中 hk.616049.xyz: [Errno -2] Name or service not known
2026-05-23 17:44:15,853 - WARNING - [hk.616049.xyz (HKG)] ├─ 无有效DNS记录，触发紧急更新
2026-05-23 17:57:14,942 - ERROR - CFST更新失败: None
2026-05-23 17:57:14,942 - INFO - --------------------------------------------------
2026-05-23 17:57:14,943 - INFO - [us.616049.xyz (LAX)] 开始处理节点维护
2026-05-23 17:57:14,954 - DEBUG - DNS解析重试中 us.616049.xyz: [Errno -2] Name or service not known
2026-05-23 17:57:15,959 - DEBUG - DNS解析重试中 us.616049.xyz: [Errno -2] Name or service not known
2026-05-23 17:57:16,979 - DEBUG - DNS解析重试中 us.616049.xyz: [Errno -2] Name or service not known
2026-05-23 17:57:17,980 - WARNING - [us.616049.xyz (LAX)] ├─ 无有效DNS记录，触发紧急更新
2026-05-23 18:10:18,073 - ERROR - CFST更新失败: None
2026-05-23 18:10:18,073 - INFO - --------------------------------------------------
2026-05-23 18:10:18,073 - INFO - [de.616049.xyz (FRA)] 开始处理节点维护
2026-05-23 18:10:18,101 - DEBUG - DNS解析重试中 de.616049.xyz: [Errno -2] Name or service not known
2026-05-23 18:10:19,129 - DEBUG - DNS解析重试中 de.616049.xyz: [Errno -2] Name or service not known
2026-05-23 18:10:20,146 - DEBUG - DNS解析重试中 de.616049.xyz: [Errno -2] Name or service not known
2026-05-23 18:10:21,147 - WARNING - [de.616049.xyz (FRA)] ├─ 无有效DNS记录，触发紧急更新
2026-05-23 18:23:18,953 - ERROR - CFST更新失败: None
2026-05-23 18:23:18,956 - DEBUG - Starting new HTTPS connection (1): api.telegram.org:443
2026-05-23 18:23:19,251 - DEBUG - https://api.telegram.org:443 "POST /bot/sendMessage HTTP/1.1" 404 55
