2026-03-05 16:31:38,505 - INFO - 启动维护任务 | 协议类型: IPV4
2026-03-05 16:31:38,505 - INFO - --------------------------------------------------
2026-03-05 16:31:38,505 - INFO - [hk.616049.xyz (HKG)] 开始处理节点维护
2026-03-05 16:31:38,531 - DEBUG - DNS解析重试中 hk.616049.xyz: [Errno -2] Name or service not known
2026-03-05 16:31:39,558 - DEBUG - DNS解析重试中 hk.616049.xyz: [Errno -2] Name or service not known
2026-03-05 16:31:40,565 - DEBUG - DNS解析重试中 hk.616049.xyz: [Errno -2] Name or service not known
2026-03-05 16:31:41,566 - WARNING - [hk.616049.xyz (HKG)] ├─ 无有效DNS记录，触发紧急更新
2026-03-05 16:44:35,739 - ERROR - CFST更新失败: None
2026-03-05 16:44:35,740 - INFO - --------------------------------------------------
2026-03-05 16:44:35,740 - INFO - [us.616049.xyz (LAX)] 开始处理节点维护
2026-03-05 16:44:35,767 - DEBUG - DNS解析重试中 us.616049.xyz: [Errno -2] Name or service not known
2026-03-05 16:44:36,809 - DEBUG - DNS解析重试中 us.616049.xyz: [Errno -2] Name or service not known
2026-03-05 16:44:37,815 - DEBUG - DNS解析重试中 us.616049.xyz: [Errno -2] Name or service not known
2026-03-05 16:44:38,816 - WARNING - [us.616049.xyz (LAX)] ├─ 无有效DNS记录，触发紧急更新
2026-03-05 16:57:32,434 - ERROR - CFST更新失败: None
2026-03-05 16:57:32,435 - INFO - --------------------------------------------------
2026-03-05 16:57:32,435 - INFO - [de.616049.xyz (FRA)] 开始处理节点维护
2026-03-05 16:57:32,456 - DEBUG - DNS解析重试中 de.616049.xyz: [Errno -2] Name or service not known
2026-03-05 16:57:33,480 - DEBUG - DNS解析重试中 de.616049.xyz: [Errno -2] Name or service not known
2026-03-05 16:57:34,511 - DEBUG - DNS解析重试中 de.616049.xyz: [Errno -2] Name or service not known
2026-03-05 16:57:35,512 - WARNING - [de.616049.xyz (FRA)] ├─ 无有效DNS记录，触发紧急更新
2026-03-05 17:10:28,415 - ERROR - CFST更新失败: None
2026-03-05 17:10:28,419 - DEBUG - Starting new HTTPS connection (1): api.telegram.org:443
2026-03-05 17:10:28,759 - DEBUG - https://api.telegram.org:443 "POST /bot/sendMessage HTTP/1.1" 404 55
