2026-07-13 16:52:26,525 - INFO - 启动维护任务 | 协议类型: IPV4
2026-07-13 16:52:26,525 - INFO - --------------------------------------------------
2026-07-13 16:52:26,525 - INFO - [hk.616049.xyz (HKG)] 开始处理节点维护
2026-07-13 16:52:26,588 - DEBUG - DNS解析重试中 hk.616049.xyz: [Errno -5] No address associated with hostname
2026-07-13 16:52:27,628 - DEBUG - DNS解析重试中 hk.616049.xyz: [Errno -5] No address associated with hostname
2026-07-13 16:52:28,663 - DEBUG - DNS解析重试中 hk.616049.xyz: [Errno -5] No address associated with hostname
2026-07-13 16:52:29,665 - WARNING - [hk.616049.xyz (HKG)] ├─ 无有效DNS记录，触发紧急更新
2026-07-13 17:05:17,056 - ERROR - CFST更新失败: None
2026-07-13 17:05:17,057 - INFO - --------------------------------------------------
2026-07-13 17:05:17,057 - INFO - [us.616049.xyz (LAX)] 开始处理节点维护
2026-07-13 17:05:17,091 - DEBUG - DNS解析重试中 us.616049.xyz: [Errno -5] No address associated with hostname
2026-07-13 17:05:18,156 - DEBUG - DNS解析重试中 us.616049.xyz: [Errno -5] No address associated with hostname
2026-07-13 17:05:19,196 - DEBUG - DNS解析重试中 us.616049.xyz: [Errno -5] No address associated with hostname
2026-07-13 17:05:20,197 - WARNING - [us.616049.xyz (LAX)] ├─ 无有效DNS记录，触发紧急更新
2026-07-13 17:18:03,141 - ERROR - CFST更新失败: None
2026-07-13 17:18:03,141 - INFO - --------------------------------------------------
2026-07-13 17:18:03,141 - INFO - [de.616049.xyz (FRA)] 开始处理节点维护
2026-07-13 17:18:03,175 - DEBUG - DNS解析重试中 de.616049.xyz: [Errno -5] No address associated with hostname
2026-07-13 17:18:04,228 - DEBUG - DNS解析重试中 de.616049.xyz: [Errno -5] No address associated with hostname
2026-07-13 17:18:05,276 - DEBUG - DNS解析重试中 de.616049.xyz: [Errno -5] No address associated with hostname
2026-07-13 17:18:06,277 - WARNING - [de.616049.xyz (FRA)] ├─ 无有效DNS记录，触发紧急更新
2026-07-13 17:30:54,612 - ERROR - CFST更新失败: None
2026-07-13 17:30:54,615 - DEBUG - Starting new HTTPS connection (1): api.telegram.org:443
2026-07-13 17:30:55,053 - DEBUG - https://api.telegram.org:443 "POST /bot/sendMessage HTTP/1.1" 404 55
