2026-07-13 13:37:51,566 - INFO - 启动维护任务 | 协议类型: IPV4
2026-07-13 13:37:51,566 - INFO - --------------------------------------------------
2026-07-13 13:37:51,566 - INFO - [hk.616049.xyz (HKG)] 开始处理节点维护
2026-07-13 13:37:51,608 - DEBUG - DNS解析重试中 hk.616049.xyz: [Errno -5] No address associated with hostname
2026-07-13 13:37:52,635 - DEBUG - DNS解析重试中 hk.616049.xyz: [Errno -5] No address associated with hostname
2026-07-13 13:37:53,669 - DEBUG - DNS解析重试中 hk.616049.xyz: [Errno -5] No address associated with hostname
2026-07-13 13:37:54,670 - WARNING - [hk.616049.xyz (HKG)] ├─ 无有效DNS记录，触发紧急更新
2026-07-13 13:50:28,764 - ERROR - CFST更新失败: None
2026-07-13 13:50:28,764 - INFO - --------------------------------------------------
2026-07-13 13:50:28,764 - INFO - [us.616049.xyz (LAX)] 开始处理节点维护
2026-07-13 13:50:28,794 - DEBUG - DNS解析重试中 us.616049.xyz: [Errno -5] No address associated with hostname
2026-07-13 13:50:29,832 - DEBUG - DNS解析重试中 us.616049.xyz: [Errno -5] No address associated with hostname
2026-07-13 13:50:30,838 - DEBUG - DNS解析重试中 us.616049.xyz: [Errno -5] No address associated with hostname
2026-07-13 13:50:31,840 - WARNING - [us.616049.xyz (LAX)] ├─ 无有效DNS记录，触发紧急更新
2026-07-13 14:03:06,037 - ERROR - CFST更新失败: None
2026-07-13 14:03:06,037 - INFO - --------------------------------------------------
2026-07-13 14:03:06,037 - INFO - [de.616049.xyz (FRA)] 开始处理节点维护
2026-07-13 14:03:06,078 - DEBUG - DNS解析重试中 de.616049.xyz: [Errno -5] No address associated with hostname
2026-07-13 14:03:07,125 - DEBUG - DNS解析重试中 de.616049.xyz: [Errno -5] No address associated with hostname
2026-07-13 14:03:08,133 - DEBUG - DNS解析重试中 de.616049.xyz: [Errno -5] No address associated with hostname
2026-07-13 14:03:09,134 - WARNING - [de.616049.xyz (FRA)] ├─ 无有效DNS记录，触发紧急更新
2026-07-13 14:15:43,138 - ERROR - CFST更新失败: None
2026-07-13 14:15:43,141 - DEBUG - Starting new HTTPS connection (1): api.telegram.org:443
2026-07-13 14:15:43,455 - DEBUG - https://api.telegram.org:443 "POST /bot/sendMessage HTTP/1.1" 404 55
