2026-07-01 03:43:52,026 - INFO - 启动维护任务 | 协议类型: IPV4
2026-07-01 03:43:52,026 - INFO - --------------------------------------------------
2026-07-01 03:43:52,026 - INFO - [hk.616049.xyz (HKG)] 开始处理节点维护
2026-07-01 03:43:52,058 - DEBUG - DNS解析重试中 hk.616049.xyz: [Errno -2] Name or service not known
2026-07-01 03:43:53,071 - DEBUG - DNS解析重试中 hk.616049.xyz: [Errno -2] Name or service not known
2026-07-01 03:43:54,090 - DEBUG - DNS解析重试中 hk.616049.xyz: [Errno -2] Name or service not known
2026-07-01 03:43:55,091 - WARNING - [hk.616049.xyz (HKG)] ├─ 无有效DNS记录，触发紧急更新
2026-07-01 03:56:29,970 - ERROR - CFST更新失败: None
2026-07-01 03:56:29,970 - INFO - --------------------------------------------------
2026-07-01 03:56:29,970 - INFO - [us.616049.xyz (LAX)] 开始处理节点维护
2026-07-01 03:56:30,008 - DEBUG - DNS解析重试中 us.616049.xyz: [Errno -2] Name or service not known
2026-07-01 03:56:31,024 - DEBUG - DNS解析重试中 us.616049.xyz: [Errno -2] Name or service not known
2026-07-01 03:56:32,060 - DEBUG - DNS解析重试中 us.616049.xyz: [Errno -2] Name or service not known
2026-07-01 03:56:33,061 - WARNING - [us.616049.xyz (LAX)] ├─ 无有效DNS记录，触发紧急更新
2026-07-01 04:09:08,349 - ERROR - CFST更新失败: None
2026-07-01 04:09:08,350 - INFO - --------------------------------------------------
2026-07-01 04:09:08,350 - INFO - [de.616049.xyz (FRA)] 开始处理节点维护
2026-07-01 04:09:08,366 - DEBUG - DNS解析重试中 de.616049.xyz: [Errno -2] Name or service not known
2026-07-01 04:09:09,385 - DEBUG - DNS解析重试中 de.616049.xyz: [Errno -2] Name or service not known
2026-07-01 04:09:10,413 - DEBUG - DNS解析重试中 de.616049.xyz: [Errno -2] Name or service not known
2026-07-01 04:09:11,414 - WARNING - [de.616049.xyz (FRA)] ├─ 无有效DNS记录，触发紧急更新
2026-07-01 04:21:46,747 - ERROR - CFST更新失败: None
2026-07-01 04:21:46,751 - DEBUG - Starting new HTTPS connection (1): api.telegram.org:443
2026-07-01 04:21:47,043 - DEBUG - https://api.telegram.org:443 "POST /bot/sendMessage HTTP/1.1" 404 55
