2026-07-11 12:57:00,620 - INFO - 启动维护任务 | 协议类型: IPV4
2026-07-11 12:57:00,620 - INFO - --------------------------------------------------
2026-07-11 12:57:00,620 - INFO - [hk.616049.xyz (HKG)] 开始处理节点维护
2026-07-11 12:57:00,636 - DEBUG - DNS解析重试中 hk.616049.xyz: [Errno -5] No address associated with hostname
2026-07-11 12:57:01,653 - DEBUG - DNS解析重试中 hk.616049.xyz: [Errno -5] No address associated with hostname
2026-07-11 12:57:02,682 - DEBUG - DNS解析重试中 hk.616049.xyz: [Errno -5] No address associated with hostname
2026-07-11 12:57:03,683 - WARNING - [hk.616049.xyz (HKG)] ├─ 无有效DNS记录，触发紧急更新
2026-07-11 13:09:33,933 - ERROR - CFST更新失败: None
2026-07-11 13:09:33,933 - INFO - --------------------------------------------------
2026-07-11 13:09:33,933 - INFO - [us.616049.xyz (LAX)] 开始处理节点维护
2026-07-11 13:09:33,950 - DEBUG - DNS解析重试中 us.616049.xyz: [Errno -5] No address associated with hostname
2026-07-11 13:09:34,973 - DEBUG - DNS解析重试中 us.616049.xyz: [Errno -5] No address associated with hostname
2026-07-11 13:09:35,984 - DEBUG - DNS解析重试中 us.616049.xyz: [Errno -5] No address associated with hostname
2026-07-11 13:09:36,986 - WARNING - [us.616049.xyz (LAX)] ├─ 无有效DNS记录，触发紧急更新
2026-07-11 13:22:06,996 - ERROR - CFST更新失败: None
2026-07-11 13:22:06,996 - INFO - --------------------------------------------------
2026-07-11 13:22:06,996 - INFO - [de.616049.xyz (FRA)] 开始处理节点维护
2026-07-11 13:22:07,024 - DEBUG - DNS解析重试中 de.616049.xyz: [Errno -5] No address associated with hostname
2026-07-11 13:22:08,046 - DEBUG - DNS解析重试中 de.616049.xyz: [Errno -5] No address associated with hostname
2026-07-11 13:22:09,062 - DEBUG - DNS解析重试中 de.616049.xyz: [Errno -5] No address associated with hostname
2026-07-11 13:22:10,064 - WARNING - [de.616049.xyz (FRA)] ├─ 无有效DNS记录，触发紧急更新
2026-07-11 13:34:42,140 - ERROR - CFST更新失败: None
2026-07-11 13:34:42,143 - DEBUG - Starting new HTTPS connection (1): api.telegram.org:443
2026-07-11 13:34:42,417 - DEBUG - https://api.telegram.org:443 "POST /bot/sendMessage HTTP/1.1" 404 55
