2026-02-20 18:29:42,091 - INFO - 启动维护任务 | 协议类型: IPV4
2026-02-20 18:29:42,091 - INFO - --------------------------------------------------
2026-02-20 18:29:42,091 - INFO - [hk.616049.xyz (HKG)] 开始处理节点维护
2026-02-20 18:29:42,164 - DEBUG - DNS解析重试中 hk.616049.xyz: [Errno -2] Name or service not known
2026-02-20 18:29:43,231 - DEBUG - DNS解析重试中 hk.616049.xyz: [Errno -2] Name or service not known
2026-02-20 18:29:44,239 - DEBUG - DNS解析重试中 hk.616049.xyz: [Errno -2] Name or service not known
2026-02-20 18:29:45,240 - WARNING - [hk.616049.xyz (HKG)] ├─ 无有效DNS记录，触发紧急更新
2026-02-20 18:42:42,835 - ERROR - CFST更新失败: None
2026-02-20 18:42:42,835 - INFO - --------------------------------------------------
2026-02-20 18:42:42,835 - INFO - [us.616049.xyz (LAX)] 开始处理节点维护
2026-02-20 18:42:42,842 - DEBUG - DNS解析重试中 us.616049.xyz: [Errno -2] Name or service not known
2026-02-20 18:42:43,865 - DEBUG - DNS解析重试中 us.616049.xyz: [Errno -2] Name or service not known
2026-02-20 18:42:44,886 - DEBUG - DNS解析重试中 us.616049.xyz: [Errno -2] Name or service not known
2026-02-20 18:42:45,887 - WARNING - [us.616049.xyz (LAX)] ├─ 无有效DNS记录，触发紧急更新
2026-02-20 18:55:42,558 - ERROR - CFST更新失败: None
2026-02-20 18:55:42,558 - INFO - --------------------------------------------------
2026-02-20 18:55:42,558 - INFO - [de.616049.xyz (FRA)] 开始处理节点维护
2026-02-20 18:55:42,566 - DEBUG - DNS解析重试中 de.616049.xyz: [Errno -2] Name or service not known
2026-02-20 18:55:43,575 - DEBUG - DNS解析重试中 de.616049.xyz: [Errno -2] Name or service not known
2026-02-20 18:55:44,597 - DEBUG - DNS解析重试中 de.616049.xyz: [Errno -2] Name or service not known
2026-02-20 18:55:45,598 - WARNING - [de.616049.xyz (FRA)] ├─ 无有效DNS记录，触发紧急更新
2026-02-20 19:08:43,010 - ERROR - CFST更新失败: None
2026-02-20 19:08:43,014 - DEBUG - Starting new HTTPS connection (1): api.telegram.org:443
2026-02-20 19:08:43,295 - DEBUG - https://api.telegram.org:443 "POST /bot/sendMessage HTTP/1.1" 404 55
