2026-01-27 20:32:01,326 - INFO - 启动维护任务 | 协议类型: IPV4
2026-01-27 20:32:01,326 - INFO - --------------------------------------------------
2026-01-27 20:32:01,326 - INFO - [hk.616049.xyz (HKG)] 开始处理节点维护
2026-01-27 20:32:01,336 - DEBUG - DNS解析重试中 hk.616049.xyz: [Errno -2] Name or service not known
2026-01-27 20:32:02,347 - DEBUG - DNS解析重试中 hk.616049.xyz: [Errno -2] Name or service not known
2026-01-27 20:32:03,353 - DEBUG - DNS解析重试中 hk.616049.xyz: [Errno -2] Name or service not known
2026-01-27 20:32:04,355 - WARNING - [hk.616049.xyz (HKG)] ├─ 无有效DNS记录，触发紧急更新
2026-01-27 20:45:01,157 - ERROR - CFST更新失败: None
2026-01-27 20:45:01,157 - INFO - --------------------------------------------------
2026-01-27 20:45:01,157 - INFO - [us.616049.xyz (LAX)] 开始处理节点维护
2026-01-27 20:45:01,178 - DEBUG - DNS解析重试中 us.616049.xyz: [Errno -2] Name or service not known
2026-01-27 20:45:02,206 - DEBUG - DNS解析重试中 us.616049.xyz: [Errno -2] Name or service not known
2026-01-27 20:45:03,227 - DEBUG - DNS解析重试中 us.616049.xyz: [Errno -2] Name or service not known
2026-01-27 20:45:04,227 - WARNING - [us.616049.xyz (LAX)] ├─ 无有效DNS记录，触发紧急更新
2026-01-27 20:58:00,140 - ERROR - CFST更新失败: None
2026-01-27 20:58:00,140 - INFO - --------------------------------------------------
2026-01-27 20:58:00,140 - INFO - [de.616049.xyz (FRA)] 开始处理节点维护
2026-01-27 20:58:00,150 - DEBUG - DNS解析重试中 de.616049.xyz: [Errno -2] Name or service not known
2026-01-27 20:58:01,162 - DEBUG - DNS解析重试中 de.616049.xyz: [Errno -2] Name or service not known
2026-01-27 20:58:02,182 - DEBUG - DNS解析重试中 de.616049.xyz: [Errno -2] Name or service not known
2026-01-27 20:58:03,183 - WARNING - [de.616049.xyz (FRA)] ├─ 无有效DNS记录，触发紧急更新
2026-01-27 21:10:59,332 - ERROR - CFST更新失败: None
2026-01-27 21:10:59,335 - DEBUG - Starting new HTTPS connection (1): api.telegram.org:443
2026-01-27 21:10:59,632 - DEBUG - https://api.telegram.org:443 "POST /bot/sendMessage HTTP/1.1" 404 55
