2026-05-04 06:32:50,819 - INFO - 启动维护任务 | 协议类型: IPV4
2026-05-04 06:32:50,819 - INFO - --------------------------------------------------
2026-05-04 06:32:50,819 - INFO - [hk.616049.xyz (HKG)] 开始处理节点维护
2026-05-04 06:32:50,855 - DEBUG - DNS解析重试中 hk.616049.xyz: [Errno -2] Name or service not known
2026-05-04 06:32:51,878 - DEBUG - DNS解析重试中 hk.616049.xyz: [Errno -2] Name or service not known
2026-05-04 06:32:52,908 - DEBUG - DNS解析重试中 hk.616049.xyz: [Errno -2] Name or service not known
2026-05-04 06:32:53,910 - WARNING - [hk.616049.xyz (HKG)] ├─ 无有效DNS记录，触发紧急更新
2026-05-04 06:45:48,202 - ERROR - CFST更新失败: None
2026-05-04 06:45:48,203 - INFO - --------------------------------------------------
2026-05-04 06:45:48,203 - INFO - [us.616049.xyz (LAX)] 开始处理节点维护
2026-05-04 06:45:48,226 - DEBUG - DNS解析重试中 us.616049.xyz: [Errno -2] Name or service not known
2026-05-04 06:45:49,237 - DEBUG - DNS解析重试中 us.616049.xyz: [Errno -2] Name or service not known
2026-05-04 06:45:50,264 - DEBUG - DNS解析重试中 us.616049.xyz: [Errno -2] Name or service not known
2026-05-04 06:45:51,265 - WARNING - [us.616049.xyz (LAX)] ├─ 无有效DNS记录，触发紧急更新
2026-05-04 06:58:44,738 - ERROR - CFST更新失败: None
2026-05-04 06:58:44,738 - INFO - --------------------------------------------------
2026-05-04 06:58:44,738 - INFO - [de.616049.xyz (FRA)] 开始处理节点维护
2026-05-04 06:58:44,834 - DEBUG - DNS解析重试中 de.616049.xyz: [Errno -2] Name or service not known
2026-05-04 06:58:45,866 - DEBUG - DNS解析重试中 de.616049.xyz: [Errno -2] Name or service not known
2026-05-04 06:58:46,873 - DEBUG - DNS解析重试中 de.616049.xyz: [Errno -2] Name or service not known
2026-05-04 06:58:47,874 - WARNING - [de.616049.xyz (FRA)] ├─ 无有效DNS记录，触发紧急更新
2026-05-04 07:11:42,045 - ERROR - CFST更新失败: None
2026-05-04 07:11:42,048 - DEBUG - Starting new HTTPS connection (1): api.telegram.org:443
2026-05-04 07:11:42,521 - DEBUG - https://api.telegram.org:443 "POST /bot/sendMessage HTTP/1.1" 404 55
