2026-05-08 21:13:23,911 - INFO - 启动维护任务 | 协议类型: IPV4
2026-05-08 21:13:23,911 - INFO - --------------------------------------------------
2026-05-08 21:13:23,912 - INFO - [hk.616049.xyz (HKG)] 开始处理节点维护
2026-05-08 21:13:23,922 - DEBUG - DNS解析重试中 hk.616049.xyz: [Errno -2] Name or service not known
2026-05-08 21:13:24,937 - DEBUG - DNS解析重试中 hk.616049.xyz: [Errno -2] Name or service not known
2026-05-08 21:13:25,949 - DEBUG - DNS解析重试中 hk.616049.xyz: [Errno -2] Name or service not known
2026-05-08 21:13:26,950 - WARNING - [hk.616049.xyz (HKG)] ├─ 无有效DNS记录，触发紧急更新
2026-05-08 21:26:07,257 - ERROR - CFST更新失败: None
2026-05-08 21:26:07,258 - INFO - --------------------------------------------------
2026-05-08 21:26:07,258 - INFO - [us.616049.xyz (LAX)] 开始处理节点维护
2026-05-08 21:26:07,348 - DEBUG - DNS解析重试中 us.616049.xyz: [Errno -2] Name or service not known
2026-05-08 21:26:08,442 - DEBUG - DNS解析重试中 us.616049.xyz: [Errno -2] Name or service not known
2026-05-08 21:26:09,452 - DEBUG - DNS解析重试中 us.616049.xyz: [Errno -2] Name or service not known
2026-05-08 21:26:10,454 - WARNING - [us.616049.xyz (LAX)] ├─ 无有效DNS记录，触发紧急更新
2026-05-08 21:38:50,998 - ERROR - CFST更新失败: None
2026-05-08 21:38:50,998 - INFO - --------------------------------------------------
2026-05-08 21:38:50,998 - INFO - [de.616049.xyz (FRA)] 开始处理节点维护
2026-05-08 21:38:51,013 - DEBUG - DNS解析重试中 de.616049.xyz: [Errno -2] Name or service not known
2026-05-08 21:38:52,032 - DEBUG - DNS解析重试中 de.616049.xyz: [Errno -2] Name or service not known
2026-05-08 21:38:53,106 - DEBUG - DNS解析重试中 de.616049.xyz: [Errno -2] Name or service not known
2026-05-08 21:38:54,107 - WARNING - [de.616049.xyz (FRA)] ├─ 无有效DNS记录，触发紧急更新
2026-05-08 21:51:34,038 - ERROR - CFST更新失败: None
2026-05-08 21:51:34,042 - DEBUG - Starting new HTTPS connection (1): api.telegram.org:443
2026-05-08 21:51:34,343 - DEBUG - https://api.telegram.org:443 "POST /bot/sendMessage HTTP/1.1" 404 55
