2026-04-07 18:49:11,419 - INFO - 启动维护任务 | 协议类型: IPV4
2026-04-07 18:49:11,419 - INFO - --------------------------------------------------
2026-04-07 18:49:11,419 - INFO - [hk.616049.xyz (HKG)] 开始处理节点维护
2026-04-07 18:49:11,450 - DEBUG - DNS解析重试中 hk.616049.xyz: [Errno -2] Name or service not known
2026-04-07 18:49:12,456 - DEBUG - DNS解析重试中 hk.616049.xyz: [Errno -2] Name or service not known
2026-04-07 18:49:13,466 - DEBUG - DNS解析重试中 hk.616049.xyz: [Errno -2] Name or service not known
2026-04-07 18:49:14,468 - WARNING - [hk.616049.xyz (HKG)] ├─ 无有效DNS记录，触发紧急更新
2026-04-07 19:02:10,581 - ERROR - CFST更新失败: None
2026-04-07 19:02:10,581 - INFO - --------------------------------------------------
2026-04-07 19:02:10,582 - INFO - [us.616049.xyz (LAX)] 开始处理节点维护
2026-04-07 19:02:10,613 - DEBUG - DNS解析重试中 us.616049.xyz: [Errno -2] Name or service not known
2026-04-07 19:02:11,644 - DEBUG - DNS解析重试中 us.616049.xyz: [Errno -2] Name or service not known
2026-04-07 19:02:12,697 - DEBUG - DNS解析重试中 us.616049.xyz: [Errno -2] Name or service not known
2026-04-07 19:02:13,698 - WARNING - [us.616049.xyz (LAX)] ├─ 无有效DNS记录，触发紧急更新
2026-04-07 19:15:10,061 - ERROR - CFST更新失败: None
2026-04-07 19:15:10,061 - INFO - --------------------------------------------------
2026-04-07 19:15:10,062 - INFO - [de.616049.xyz (FRA)] 开始处理节点维护
2026-04-07 19:15:10,093 - DEBUG - DNS解析重试中 de.616049.xyz: [Errno -2] Name or service not known
2026-04-07 19:15:11,132 - DEBUG - DNS解析重试中 de.616049.xyz: [Errno -2] Name or service not known
2026-04-07 19:15:12,137 - DEBUG - DNS解析重试中 de.616049.xyz: [Errno -2] Name or service not known
2026-04-07 19:15:13,138 - WARNING - [de.616049.xyz (FRA)] ├─ 无有效DNS记录，触发紧急更新
2026-04-07 19:28:09,337 - ERROR - CFST更新失败: None
2026-04-07 19:28:09,340 - DEBUG - Starting new HTTPS connection (1): api.telegram.org:443
2026-04-07 19:28:09,792 - DEBUG - https://api.telegram.org:443 "POST /bot/sendMessage HTTP/1.1" 404 55
