2026-03-12 14:43:26,176 - INFO - 启动维护任务 | 协议类型: IPV4
2026-03-12 14:43:26,176 - INFO - --------------------------------------------------
2026-03-12 14:43:26,176 - INFO - [hk.616049.xyz (HKG)] 开始处理节点维护
2026-03-12 14:43:26,187 - DEBUG - DNS解析重试中 hk.616049.xyz: [Errno -2] Name or service not known
2026-03-12 14:43:27,199 - DEBUG - DNS解析重试中 hk.616049.xyz: [Errno -2] Name or service not known
2026-03-12 14:43:28,219 - DEBUG - DNS解析重试中 hk.616049.xyz: [Errno -2] Name or service not known
2026-03-12 14:43:29,221 - WARNING - [hk.616049.xyz (HKG)] ├─ 无有效DNS记录，触发紧急更新
2026-03-12 14:56:35,796 - ERROR - CFST更新失败: None
2026-03-12 14:56:35,796 - INFO - --------------------------------------------------
2026-03-12 14:56:35,796 - INFO - [us.616049.xyz (LAX)] 开始处理节点维护
2026-03-12 14:56:35,811 - DEBUG - DNS解析重试中 us.616049.xyz: [Errno -2] Name or service not known
2026-03-12 14:56:36,828 - DEBUG - DNS解析重试中 us.616049.xyz: [Errno -2] Name or service not known
2026-03-12 14:56:37,857 - DEBUG - DNS解析重试中 us.616049.xyz: [Errno -2] Name or service not known
2026-03-12 14:56:38,859 - WARNING - [us.616049.xyz (LAX)] ├─ 无有效DNS记录，触发紧急更新
2026-03-12 15:09:40,154 - ERROR - CFST更新失败: None
2026-03-12 15:09:40,154 - INFO - --------------------------------------------------
2026-03-12 15:09:40,154 - INFO - [de.616049.xyz (FRA)] 开始处理节点维护
2026-03-12 15:09:40,166 - DEBUG - DNS解析重试中 de.616049.xyz: [Errno -2] Name or service not known
2026-03-12 15:09:41,188 - DEBUG - DNS解析重试中 de.616049.xyz: [Errno -2] Name or service not known
2026-03-12 15:09:42,200 - DEBUG - DNS解析重试中 de.616049.xyz: [Errno -2] Name or service not known
2026-03-12 15:09:43,202 - WARNING - [de.616049.xyz (FRA)] ├─ 无有效DNS记录，触发紧急更新
2026-03-12 15:22:44,753 - ERROR - CFST更新失败: None
2026-03-12 15:22:44,757 - DEBUG - Starting new HTTPS connection (1): api.telegram.org:443
2026-03-12 15:22:45,056 - DEBUG - https://api.telegram.org:443 "POST /bot/sendMessage HTTP/1.1" 404 55
