2026-07-19 06:39:47,464 - INFO - 启动维护任务 | 协议类型: IPV4
2026-07-19 06:39:47,464 - INFO - --------------------------------------------------
2026-07-19 06:39:47,464 - INFO - [hk.616049.xyz (HKG)] 开始处理节点维护
2026-07-19 06:39:47,483 - DEBUG - DNS解析重试中 hk.616049.xyz: [Errno -5] No address associated with hostname
2026-07-19 06:39:48,509 - DEBUG - DNS解析重试中 hk.616049.xyz: [Errno -5] No address associated with hostname
2026-07-19 06:39:49,525 - DEBUG - DNS解析重试中 hk.616049.xyz: [Errno -5] No address associated with hostname
2026-07-19 06:39:50,526 - WARNING - [hk.616049.xyz (HKG)] ├─ 无有效DNS记录，触发紧急更新
2026-07-19 06:52:20,755 - ERROR - CFST更新失败: None
2026-07-19 06:52:20,756 - INFO - --------------------------------------------------
2026-07-19 06:52:20,756 - INFO - [us.616049.xyz (LAX)] 开始处理节点维护
2026-07-19 06:52:20,780 - DEBUG - DNS解析重试中 us.616049.xyz: [Errno -5] No address associated with hostname
2026-07-19 06:52:21,798 - DEBUG - DNS解析重试中 us.616049.xyz: [Errno -5] No address associated with hostname
2026-07-19 06:52:22,806 - DEBUG - DNS解析重试中 us.616049.xyz: [Errno -5] No address associated with hostname
2026-07-19 06:52:23,807 - WARNING - [us.616049.xyz (LAX)] ├─ 无有效DNS记录，触发紧急更新
2026-07-19 07:04:53,506 - ERROR - CFST更新失败: None
2026-07-19 07:04:53,506 - INFO - --------------------------------------------------
2026-07-19 07:04:53,506 - INFO - [de.616049.xyz (FRA)] 开始处理节点维护
2026-07-19 07:04:53,522 - DEBUG - DNS解析重试中 de.616049.xyz: [Errno -5] No address associated with hostname
2026-07-19 07:04:54,554 - DEBUG - DNS解析重试中 de.616049.xyz: [Errno -5] No address associated with hostname
2026-07-19 07:04:55,569 - DEBUG - DNS解析重试中 de.616049.xyz: [Errno -5] No address associated with hostname
2026-07-19 07:04:56,571 - WARNING - [de.616049.xyz (FRA)] ├─ 无有效DNS记录，触发紧急更新
2026-07-19 07:17:26,696 - ERROR - CFST更新失败: None
2026-07-19 07:17:26,700 - DEBUG - Starting new HTTPS connection (1): api.telegram.org:443
2026-07-19 07:17:26,992 - DEBUG - https://api.telegram.org:443 "POST /bot/sendMessage HTTP/1.1" 404 55
