2026-07-15 15:52:20,074 - INFO - 启动维护任务 | 协议类型: IPV4
2026-07-15 15:52:20,074 - INFO - --------------------------------------------------
2026-07-15 15:52:20,074 - INFO - [hk.616049.xyz (HKG)] 开始处理节点维护
2026-07-15 15:52:20,109 - DEBUG - DNS解析重试中 hk.616049.xyz: [Errno -5] No address associated with hostname
2026-07-15 15:52:21,122 - DEBUG - DNS解析重试中 hk.616049.xyz: [Errno -5] No address associated with hostname
2026-07-15 15:52:22,143 - DEBUG - DNS解析重试中 hk.616049.xyz: [Errno -5] No address associated with hostname
2026-07-15 15:52:23,145 - WARNING - [hk.616049.xyz (HKG)] ├─ 无有效DNS记录，触发紧急更新
2026-07-15 16:04:34,780 - ERROR - CFST更新失败: None
2026-07-15 16:04:34,781 - INFO - --------------------------------------------------
2026-07-15 16:04:34,781 - INFO - [us.616049.xyz (LAX)] 开始处理节点维护
2026-07-15 16:04:34,819 - DEBUG - DNS解析重试中 us.616049.xyz: [Errno -5] No address associated with hostname
2026-07-15 16:04:35,882 - DEBUG - DNS解析重试中 us.616049.xyz: [Errno -5] No address associated with hostname
2026-07-15 16:04:36,907 - DEBUG - DNS解析重试中 us.616049.xyz: [Errno -5] No address associated with hostname
2026-07-15 16:04:37,909 - WARNING - [us.616049.xyz (LAX)] ├─ 无有效DNS记录，触发紧急更新
2026-07-15 16:16:49,545 - ERROR - CFST更新失败: None
2026-07-15 16:16:49,545 - INFO - --------------------------------------------------
2026-07-15 16:16:49,545 - INFO - [de.616049.xyz (FRA)] 开始处理节点维护
2026-07-15 16:16:49,563 - DEBUG - DNS解析重试中 de.616049.xyz: [Errno -5] No address associated with hostname
2026-07-15 16:16:50,577 - DEBUG - DNS解析重试中 de.616049.xyz: [Errno -5] No address associated with hostname
2026-07-15 16:16:51,589 - DEBUG - DNS解析重试中 de.616049.xyz: [Errno -5] No address associated with hostname
2026-07-15 16:16:52,590 - WARNING - [de.616049.xyz (FRA)] ├─ 无有效DNS记录，触发紧急更新
2026-07-15 16:29:09,432 - ERROR - CFST更新失败: None
2026-07-15 16:29:09,434 - DEBUG - Starting new HTTPS connection (1): api.telegram.org:443
2026-07-15 16:29:09,908 - DEBUG - https://api.telegram.org:443 "POST /bot/sendMessage HTTP/1.1" 404 55
