2026-03-06 18:27:22,451 - INFO - 启动维护任务 | 协议类型: IPV4
2026-03-06 18:27:22,451 - INFO - --------------------------------------------------
2026-03-06 18:27:22,451 - INFO - [hk.616049.xyz (HKG)] 开始处理节点维护
2026-03-06 18:27:22,462 - DEBUG - DNS解析重试中 hk.616049.xyz: [Errno -2] Name or service not known
2026-03-06 18:27:23,477 - DEBUG - DNS解析重试中 hk.616049.xyz: [Errno -2] Name or service not known
2026-03-06 18:27:24,487 - DEBUG - DNS解析重试中 hk.616049.xyz: [Errno -2] Name or service not known
2026-03-06 18:27:25,489 - WARNING - [hk.616049.xyz (HKG)] ├─ 无有效DNS记录，触发紧急更新
2026-03-06 18:40:19,343 - ERROR - CFST更新失败: None
2026-03-06 18:40:19,344 - INFO - --------------------------------------------------
2026-03-06 18:40:19,344 - INFO - [us.616049.xyz (LAX)] 开始处理节点维护
2026-03-06 18:40:19,351 - DEBUG - DNS解析重试中 us.616049.xyz: [Errno -2] Name or service not known
2026-03-06 18:40:20,371 - DEBUG - DNS解析重试中 us.616049.xyz: [Errno -2] Name or service not known
2026-03-06 18:40:21,377 - DEBUG - DNS解析重试中 us.616049.xyz: [Errno -2] Name or service not known
2026-03-06 18:40:22,378 - WARNING - [us.616049.xyz (LAX)] ├─ 无有效DNS记录，触发紧急更新
2026-03-06 18:53:16,072 - ERROR - CFST更新失败: None
2026-03-06 18:53:16,072 - INFO - --------------------------------------------------
2026-03-06 18:53:16,073 - INFO - [de.616049.xyz (FRA)] 开始处理节点维护
2026-03-06 18:53:16,094 - DEBUG - DNS解析重试中 de.616049.xyz: [Errno -2] Name or service not known
2026-03-06 18:53:17,103 - DEBUG - DNS解析重试中 de.616049.xyz: [Errno -2] Name or service not known
2026-03-06 18:53:18,118 - DEBUG - DNS解析重试中 de.616049.xyz: [Errno -2] Name or service not known
2026-03-06 18:53:19,119 - WARNING - [de.616049.xyz (FRA)] ├─ 无有效DNS记录，触发紧急更新
2026-03-06 19:06:12,710 - ERROR - CFST更新失败: None
2026-03-06 19:06:12,714 - DEBUG - Starting new HTTPS connection (1): api.telegram.org:443
2026-03-06 19:06:13,196 - DEBUG - https://api.telegram.org:443 "POST /bot/sendMessage HTTP/1.1" 404 55
