2026-05-26 15:37:03,423 - INFO - 启动维护任务 | 协议类型: IPV4
2026-05-26 15:37:03,423 - INFO - --------------------------------------------------
2026-05-26 15:37:03,423 - INFO - [hk.616049.xyz (HKG)] 开始处理节点维护
2026-05-26 15:37:03,449 - DEBUG - DNS解析重试中 hk.616049.xyz: [Errno -2] Name or service not known
2026-05-26 15:37:04,472 - DEBUG - DNS解析重试中 hk.616049.xyz: [Errno -2] Name or service not known
2026-05-26 15:37:05,504 - DEBUG - DNS解析重试中 hk.616049.xyz: [Errno -2] Name or service not known
2026-05-26 15:37:06,505 - WARNING - [hk.616049.xyz (HKG)] ├─ 无有效DNS记录，触发紧急更新
2026-05-26 15:49:59,959 - ERROR - CFST更新失败: None
2026-05-26 15:49:59,960 - INFO - --------------------------------------------------
2026-05-26 15:49:59,960 - INFO - [us.616049.xyz (LAX)] 开始处理节点维护
2026-05-26 15:49:59,981 - DEBUG - DNS解析重试中 us.616049.xyz: [Errno -2] Name or service not known
2026-05-26 15:50:01,004 - DEBUG - DNS解析重试中 us.616049.xyz: [Errno -2] Name or service not known
2026-05-26 15:50:02,026 - DEBUG - DNS解析重试中 us.616049.xyz: [Errno -2] Name or service not known
2026-05-26 15:50:03,027 - WARNING - [us.616049.xyz (LAX)] ├─ 无有效DNS记录，触发紧急更新
2026-05-26 16:02:56,160 - ERROR - CFST更新失败: None
2026-05-26 16:02:56,161 - INFO - --------------------------------------------------
2026-05-26 16:02:56,161 - INFO - [de.616049.xyz (FRA)] 开始处理节点维护
2026-05-26 16:02:56,195 - DEBUG - DNS解析重试中 de.616049.xyz: [Errno -2] Name or service not known
2026-05-26 16:02:57,218 - DEBUG - DNS解析重试中 de.616049.xyz: [Errno -2] Name or service not known
2026-05-26 16:02:58,306 - DEBUG - DNS解析重试中 de.616049.xyz: [Errno -2] Name or service not known
2026-05-26 16:02:59,307 - WARNING - [de.616049.xyz (FRA)] ├─ 无有效DNS记录，触发紧急更新
2026-05-26 16:15:52,695 - ERROR - CFST更新失败: None
2026-05-26 16:15:52,698 - DEBUG - Starting new HTTPS connection (1): api.telegram.org:443
2026-05-26 16:15:53,157 - DEBUG - https://api.telegram.org:443 "POST /bot/sendMessage HTTP/1.1" 404 55
