2026-01-23 20:31:02,738 - INFO - 启动维护任务 | 协议类型: IPV4
2026-01-23 20:31:02,738 - INFO - --------------------------------------------------
2026-01-23 20:31:02,739 - INFO - [hk.616049.xyz (HKG)] 开始处理节点维护
2026-01-23 20:31:02,757 - DEBUG - DNS解析重试中 hk.616049.xyz: [Errno -2] Name or service not known
2026-01-23 20:31:03,785 - DEBUG - DNS解析重试中 hk.616049.xyz: [Errno -2] Name or service not known
2026-01-23 20:31:04,796 - DEBUG - DNS解析重试中 hk.616049.xyz: [Errno -2] Name or service not known
2026-01-23 20:31:05,797 - WARNING - [hk.616049.xyz (HKG)] ├─ 无有效DNS记录，触发紧急更新
2026-01-23 20:44:02,432 - ERROR - CFST更新失败: None
2026-01-23 20:44:02,432 - INFO - --------------------------------------------------
2026-01-23 20:44:02,432 - INFO - [us.616049.xyz (LAX)] 开始处理节点维护
2026-01-23 20:44:02,654 - DEBUG - DNS解析重试中 us.616049.xyz: [Errno -2] Name or service not known
2026-01-23 20:44:03,662 - DEBUG - DNS解析重试中 us.616049.xyz: [Errno -2] Name or service not known
2026-01-23 20:44:04,669 - DEBUG - DNS解析重试中 us.616049.xyz: [Errno -2] Name or service not known
2026-01-23 20:44:05,670 - WARNING - [us.616049.xyz (LAX)] ├─ 无有效DNS记录，触发紧急更新
2026-01-23 20:57:02,061 - ERROR - CFST更新失败: None
2026-01-23 20:57:02,062 - INFO - --------------------------------------------------
2026-01-23 20:57:02,062 - INFO - [de.616049.xyz (FRA)] 开始处理节点维护
2026-01-23 20:57:02,081 - DEBUG - DNS解析重试中 de.616049.xyz: [Errno -2] Name or service not known
2026-01-23 20:57:03,107 - DEBUG - DNS解析重试中 de.616049.xyz: [Errno -2] Name or service not known
2026-01-23 20:57:04,126 - DEBUG - DNS解析重试中 de.616049.xyz: [Errno -2] Name or service not known
2026-01-23 20:57:05,127 - WARNING - [de.616049.xyz (FRA)] ├─ 无有效DNS记录，触发紧急更新
2026-01-23 21:10:01,762 - ERROR - CFST更新失败: None
2026-01-23 21:10:01,765 - DEBUG - Starting new HTTPS connection (1): api.telegram.org:443
2026-01-23 21:10:02,057 - DEBUG - https://api.telegram.org:443 "POST /bot/sendMessage HTTP/1.1" 404 55
