2026-02-12 22:42:40,254 - INFO - 启动维护任务 | 协议类型: IPV4
2026-02-12 22:42:40,254 - INFO - --------------------------------------------------
2026-02-12 22:42:40,254 - INFO - [hk.616049.xyz (HKG)] 开始处理节点维护
2026-02-12 22:42:40,304 - DEBUG - DNS解析重试中 hk.616049.xyz: [Errno -2] Name or service not known
2026-02-12 22:42:41,332 - DEBUG - DNS解析重试中 hk.616049.xyz: [Errno -2] Name or service not known
2026-02-12 22:42:42,362 - DEBUG - DNS解析重试中 hk.616049.xyz: [Errno -2] Name or service not known
2026-02-12 22:42:43,363 - WARNING - [hk.616049.xyz (HKG)] ├─ 无有效DNS记录，触发紧急更新
2026-02-12 22:55:41,975 - ERROR - CFST更新失败: None
2026-02-12 22:55:41,975 - INFO - --------------------------------------------------
2026-02-12 22:55:41,975 - INFO - [us.616049.xyz (LAX)] 开始处理节点维护
2026-02-12 22:55:42,017 - DEBUG - DNS解析重试中 us.616049.xyz: [Errno -2] Name or service not known
2026-02-12 22:55:43,047 - DEBUG - DNS解析重试中 us.616049.xyz: [Errno -2] Name or service not known
2026-02-12 22:55:44,099 - DEBUG - DNS解析重试中 us.616049.xyz: [Errno -2] Name or service not known
2026-02-12 22:55:45,101 - WARNING - [us.616049.xyz (LAX)] ├─ 无有效DNS记录，触发紧急更新
2026-02-12 23:08:43,677 - ERROR - CFST更新失败: None
2026-02-12 23:08:43,677 - INFO - --------------------------------------------------
2026-02-12 23:08:43,677 - INFO - [de.616049.xyz (FRA)] 开始处理节点维护
2026-02-12 23:08:43,730 - DEBUG - DNS解析重试中 de.616049.xyz: [Errno -2] Name or service not known
2026-02-12 23:08:44,773 - DEBUG - DNS解析重试中 de.616049.xyz: [Errno -2] Name or service not known
2026-02-12 23:08:45,780 - DEBUG - DNS解析重试中 de.616049.xyz: [Errno -2] Name or service not known
2026-02-12 23:08:46,781 - WARNING - [de.616049.xyz (FRA)] ├─ 无有效DNS记录，触发紧急更新
2026-02-12 23:21:45,546 - ERROR - CFST更新失败: None
2026-02-12 23:21:45,550 - DEBUG - Starting new HTTPS connection (1): api.telegram.org:443
2026-02-12 23:21:45,982 - DEBUG - https://api.telegram.org:443 "POST /bot/sendMessage HTTP/1.1" 404 55
