2026-04-25 09:45:57,146 - INFO - 启动维护任务 | 协议类型: IPV4
2026-04-25 09:45:57,146 - INFO - --------------------------------------------------
2026-04-25 09:45:57,146 - INFO - [hk.616049.xyz (HKG)] 开始处理节点维护
2026-04-25 09:45:57,173 - DEBUG - DNS解析重试中 hk.616049.xyz: [Errno -2] Name or service not known
2026-04-25 09:45:58,187 - DEBUG - DNS解析重试中 hk.616049.xyz: [Errno -2] Name or service not known
2026-04-25 09:45:59,220 - DEBUG - DNS解析重试中 hk.616049.xyz: [Errno -2] Name or service not known
2026-04-25 09:46:00,222 - WARNING - [hk.616049.xyz (HKG)] ├─ 无有效DNS记录，触发紧急更新
2026-04-25 09:58:54,896 - ERROR - CFST更新失败: None
2026-04-25 09:58:54,897 - INFO - --------------------------------------------------
2026-04-25 09:58:54,897 - INFO - [us.616049.xyz (LAX)] 开始处理节点维护
2026-04-25 09:58:54,910 - DEBUG - DNS解析重试中 us.616049.xyz: [Errno -2] Name or service not known
2026-04-25 09:58:55,937 - DEBUG - DNS解析重试中 us.616049.xyz: [Errno -2] Name or service not known
2026-04-25 09:58:56,964 - DEBUG - DNS解析重试中 us.616049.xyz: [Errno -2] Name or service not known
2026-04-25 09:58:57,965 - WARNING - [us.616049.xyz (LAX)] ├─ 无有效DNS记录，触发紧急更新
2026-04-25 10:11:52,018 - ERROR - CFST更新失败: None
2026-04-25 10:11:52,019 - INFO - --------------------------------------------------
2026-04-25 10:11:52,019 - INFO - [de.616049.xyz (FRA)] 开始处理节点维护
2026-04-25 10:11:52,034 - DEBUG - DNS解析重试中 de.616049.xyz: [Errno -2] Name or service not known
2026-04-25 10:11:53,067 - DEBUG - DNS解析重试中 de.616049.xyz: [Errno -2] Name or service not known
2026-04-25 10:11:54,083 - DEBUG - DNS解析重试中 de.616049.xyz: [Errno -2] Name or service not known
2026-04-25 10:11:55,084 - WARNING - [de.616049.xyz (FRA)] ├─ 无有效DNS记录，触发紧急更新
2026-04-25 10:24:48,840 - ERROR - CFST更新失败: None
2026-04-25 10:24:48,843 - DEBUG - Starting new HTTPS connection (1): api.telegram.org:443
2026-04-25 10:24:49,339 - DEBUG - https://api.telegram.org:443 "POST /bot/sendMessage HTTP/1.1" 404 55
