2026-07-14 21:13:23,307 - INFO - 启动维护任务 | 协议类型: IPV4
2026-07-14 21:13:23,308 - INFO - --------------------------------------------------
2026-07-14 21:13:23,308 - INFO - [hk.616049.xyz (HKG)] 开始处理节点维护
2026-07-14 21:13:23,346 - DEBUG - DNS解析重试中 hk.616049.xyz: [Errno -5] No address associated with hostname
2026-07-14 21:13:24,385 - DEBUG - DNS解析重试中 hk.616049.xyz: [Errno -5] No address associated with hostname
2026-07-14 21:13:25,422 - DEBUG - DNS解析重试中 hk.616049.xyz: [Errno -5] No address associated with hostname
2026-07-14 21:13:26,423 - WARNING - [hk.616049.xyz (HKG)] ├─ 无有效DNS记录，触发紧急更新
2026-07-14 21:25:58,825 - ERROR - CFST更新失败: None
2026-07-14 21:25:58,825 - INFO - --------------------------------------------------
2026-07-14 21:25:58,825 - INFO - [us.616049.xyz (LAX)] 开始处理节点维护
2026-07-14 21:25:58,868 - DEBUG - DNS解析重试中 us.616049.xyz: [Errno -5] No address associated with hostname
2026-07-14 21:25:59,905 - DEBUG - DNS解析重试中 us.616049.xyz: [Errno -5] No address associated with hostname
2026-07-14 21:26:00,950 - DEBUG - DNS解析重试中 us.616049.xyz: [Errno -5] No address associated with hostname
2026-07-14 21:26:01,951 - WARNING - [us.616049.xyz (LAX)] ├─ 无有效DNS记录，触发紧急更新
2026-07-14 21:38:32,886 - ERROR - CFST更新失败: None
2026-07-14 21:38:32,887 - INFO - --------------------------------------------------
2026-07-14 21:38:32,887 - INFO - [de.616049.xyz (FRA)] 开始处理节点维护
2026-07-14 21:38:32,930 - DEBUG - DNS解析重试中 de.616049.xyz: [Errno -5] No address associated with hostname
2026-07-14 21:38:33,970 - DEBUG - DNS解析重试中 de.616049.xyz: [Errno -5] No address associated with hostname
2026-07-14 21:38:34,976 - DEBUG - DNS解析重试中 de.616049.xyz: [Errno -5] No address associated with hostname
2026-07-14 21:38:35,977 - WARNING - [de.616049.xyz (FRA)] ├─ 无有效DNS记录，触发紧急更新
2026-07-14 21:51:07,365 - ERROR - CFST更新失败: None
2026-07-14 21:51:07,368 - DEBUG - Starting new HTTPS connection (1): api.telegram.org:443
2026-07-14 21:51:07,863 - DEBUG - https://api.telegram.org:443 "POST /bot/sendMessage HTTP/1.1" 404 55
