2026-03-14 16:26:22,101 - INFO - 启动维护任务 | 协议类型: IPV4
2026-03-14 16:26:22,101 - INFO - --------------------------------------------------
2026-03-14 16:26:22,101 - INFO - [hk.616049.xyz (HKG)] 开始处理节点维护
2026-03-14 16:26:22,111 - DEBUG - DNS解析重试中 hk.616049.xyz: [Errno -2] Name or service not known
2026-03-14 16:26:23,123 - DEBUG - DNS解析重试中 hk.616049.xyz: [Errno -2] Name or service not known
2026-03-14 16:26:24,135 - DEBUG - DNS解析重试中 hk.616049.xyz: [Errno -2] Name or service not known
2026-03-14 16:26:25,137 - WARNING - [hk.616049.xyz (HKG)] ├─ 无有效DNS记录，触发紧急更新
2026-03-14 16:39:20,537 - ERROR - CFST更新失败: None
2026-03-14 16:39:20,538 - INFO - --------------------------------------------------
2026-03-14 16:39:20,538 - INFO - [us.616049.xyz (LAX)] 开始处理节点维护
2026-03-14 16:39:20,555 - DEBUG - DNS解析重试中 us.616049.xyz: [Errno -2] Name or service not known
2026-03-14 16:39:21,571 - DEBUG - DNS解析重试中 us.616049.xyz: [Errno -2] Name or service not known
2026-03-14 16:39:22,596 - DEBUG - DNS解析重试中 us.616049.xyz: [Errno -2] Name or service not known
2026-03-14 16:39:23,597 - WARNING - [us.616049.xyz (LAX)] ├─ 无有效DNS记录，触发紧急更新
2026-03-14 16:52:18,339 - ERROR - CFST更新失败: None
2026-03-14 16:52:18,339 - INFO - --------------------------------------------------
2026-03-14 16:52:18,339 - INFO - [de.616049.xyz (FRA)] 开始处理节点维护
2026-03-14 16:52:18,360 - DEBUG - DNS解析重试中 de.616049.xyz: [Errno -2] Name or service not known
2026-03-14 16:52:19,372 - DEBUG - DNS解析重试中 de.616049.xyz: [Errno -2] Name or service not known
2026-03-14 16:52:20,383 - DEBUG - DNS解析重试中 de.616049.xyz: [Errno -2] Name or service not known
2026-03-14 16:52:21,385 - WARNING - [de.616049.xyz (FRA)] ├─ 无有效DNS记录，触发紧急更新
2026-03-14 17:05:16,548 - ERROR - CFST更新失败: None
2026-03-14 17:05:16,553 - DEBUG - Starting new HTTPS connection (1): api.telegram.org:443
2026-03-14 17:05:16,853 - DEBUG - https://api.telegram.org:443 "POST /bot/sendMessage HTTP/1.1" 404 55
