2026-04-09 15:12:42,066 - INFO - 启动维护任务 | 协议类型: IPV4
2026-04-09 15:12:42,066 - INFO - --------------------------------------------------
2026-04-09 15:12:42,066 - INFO - [hk.616049.xyz (HKG)] 开始处理节点维护
2026-04-09 15:12:42,088 - DEBUG - DNS解析重试中 hk.616049.xyz: [Errno -2] Name or service not known
2026-04-09 15:12:43,095 - DEBUG - DNS解析重试中 hk.616049.xyz: [Errno -2] Name or service not known
2026-04-09 15:12:44,110 - DEBUG - DNS解析重试中 hk.616049.xyz: [Errno -2] Name or service not known
2026-04-09 15:12:45,111 - WARNING - [hk.616049.xyz (HKG)] ├─ 无有效DNS记录，触发紧急更新
2026-04-09 15:25:43,048 - ERROR - CFST更新失败: None
2026-04-09 15:25:43,049 - INFO - --------------------------------------------------
2026-04-09 15:25:43,049 - INFO - [us.616049.xyz (LAX)] 开始处理节点维护
2026-04-09 15:25:43,076 - DEBUG - DNS解析重试中 us.616049.xyz: [Errno -2] Name or service not known
2026-04-09 15:25:44,110 - DEBUG - DNS解析重试中 us.616049.xyz: [Errno -2] Name or service not known
2026-04-09 15:25:45,116 - DEBUG - DNS解析重试中 us.616049.xyz: [Errno -2] Name or service not known
2026-04-09 15:25:46,118 - WARNING - [us.616049.xyz (LAX)] ├─ 无有效DNS记录，触发紧急更新
2026-04-09 15:38:42,770 - ERROR - CFST更新失败: None
2026-04-09 15:38:42,770 - INFO - --------------------------------------------------
2026-04-09 15:38:42,770 - INFO - [de.616049.xyz (FRA)] 开始处理节点维护
2026-04-09 15:38:42,796 - DEBUG - DNS解析重试中 de.616049.xyz: [Errno -2] Name or service not known
2026-04-09 15:38:43,814 - DEBUG - DNS解析重试中 de.616049.xyz: [Errno -2] Name or service not known
2026-04-09 15:38:44,837 - DEBUG - DNS解析重试中 de.616049.xyz: [Errno -2] Name or service not known
2026-04-09 15:38:45,839 - WARNING - [de.616049.xyz (FRA)] ├─ 无有效DNS记录，触发紧急更新
2026-04-09 15:51:43,409 - ERROR - CFST更新失败: None
2026-04-09 15:51:43,412 - DEBUG - Starting new HTTPS connection (1): api.telegram.org:443
2026-04-09 15:51:43,918 - DEBUG - https://api.telegram.org:443 "POST /bot/sendMessage HTTP/1.1" 404 55
