2026-03-28 12:12:04,854 - INFO - 启动维护任务 | 协议类型: IPV4
2026-03-28 12:12:04,854 - INFO - --------------------------------------------------
2026-03-28 12:12:04,854 - INFO - [hk.616049.xyz (HKG)] 开始处理节点维护
2026-03-28 12:12:04,862 - DEBUG - DNS解析重试中 hk.616049.xyz: [Errno -2] Name or service not known
2026-03-28 12:12:05,882 - DEBUG - DNS解析重试中 hk.616049.xyz: [Errno -2] Name or service not known
2026-03-28 12:12:06,893 - DEBUG - DNS解析重试中 hk.616049.xyz: [Errno -2] Name or service not known
2026-03-28 12:12:07,894 - WARNING - [hk.616049.xyz (HKG)] ├─ 无有效DNS记录，触发紧急更新
2026-03-28 12:25:03,186 - ERROR - CFST更新失败: None
2026-03-28 12:25:03,187 - INFO - --------------------------------------------------
2026-03-28 12:25:03,187 - INFO - [us.616049.xyz (LAX)] 开始处理节点维护
2026-03-28 12:25:03,199 - DEBUG - DNS解析重试中 us.616049.xyz: [Errno -2] Name or service not known
2026-03-28 12:25:04,208 - DEBUG - DNS解析重试中 us.616049.xyz: [Errno -2] Name or service not known
2026-03-28 12:25:05,217 - DEBUG - DNS解析重试中 us.616049.xyz: [Errno -2] Name or service not known
2026-03-28 12:25:06,218 - WARNING - [us.616049.xyz (LAX)] ├─ 无有效DNS记录，触发紧急更新
2026-03-28 12:38:22,647 - ERROR - CFST更新失败: None
2026-03-28 12:38:22,647 - INFO - --------------------------------------------------
2026-03-28 12:38:22,647 - INFO - [de.616049.xyz (FRA)] 开始处理节点维护
2026-03-28 12:38:22,664 - DEBUG - DNS解析重试中 de.616049.xyz: [Errno -2] Name or service not known
2026-03-28 12:38:23,688 - DEBUG - DNS解析重试中 de.616049.xyz: [Errno -2] Name or service not known
2026-03-28 12:38:24,702 - DEBUG - DNS解析重试中 de.616049.xyz: [Errno -2] Name or service not known
2026-03-28 12:38:25,703 - WARNING - [de.616049.xyz (FRA)] ├─ 无有效DNS记录，触发紧急更新
2026-03-28 12:51:21,403 - ERROR - CFST更新失败: None
2026-03-28 12:51:21,407 - DEBUG - Starting new HTTPS connection (1): api.telegram.org:443
2026-03-28 12:51:21,696 - DEBUG - https://api.telegram.org:443 "POST /bot/sendMessage HTTP/1.1" 404 55
