2026-02-23 12:15:45,316 - INFO - 启动维护任务 | 协议类型: IPV4
2026-02-23 12:15:45,316 - INFO - --------------------------------------------------
2026-02-23 12:15:45,317 - INFO - [hk.616049.xyz (HKG)] 开始处理节点维护
2026-02-23 12:15:45,386 - DEBUG - DNS解析重试中 hk.616049.xyz: [Errno -2] Name or service not known
2026-02-23 12:15:46,455 - DEBUG - DNS解析重试中 hk.616049.xyz: [Errno -2] Name or service not known
2026-02-23 12:15:47,469 - DEBUG - DNS解析重试中 hk.616049.xyz: [Errno -2] Name or service not known
2026-02-23 12:15:48,471 - WARNING - [hk.616049.xyz (HKG)] ├─ 无有效DNS记录，触发紧急更新
2026-02-23 12:28:45,952 - ERROR - CFST更新失败: None
2026-02-23 12:28:45,952 - INFO - --------------------------------------------------
2026-02-23 12:28:45,952 - INFO - [us.616049.xyz (LAX)] 开始处理节点维护
2026-02-23 12:28:45,964 - DEBUG - DNS解析重试中 us.616049.xyz: [Errno -2] Name or service not known
2026-02-23 12:28:46,972 - DEBUG - DNS解析重试中 us.616049.xyz: [Errno -2] Name or service not known
2026-02-23 12:28:47,981 - DEBUG - DNS解析重试中 us.616049.xyz: [Errno -2] Name or service not known
2026-02-23 12:28:48,983 - WARNING - [us.616049.xyz (LAX)] ├─ 无有效DNS记录，触发紧急更新
2026-02-23 12:41:46,178 - ERROR - CFST更新失败: None
2026-02-23 12:41:46,178 - INFO - --------------------------------------------------
2026-02-23 12:41:46,179 - INFO - [de.616049.xyz (FRA)] 开始处理节点维护
2026-02-23 12:41:46,186 - DEBUG - DNS解析重试中 de.616049.xyz: [Errno -2] Name or service not known
2026-02-23 12:41:47,199 - DEBUG - DNS解析重试中 de.616049.xyz: [Errno -2] Name or service not known
2026-02-23 12:41:48,208 - DEBUG - DNS解析重试中 de.616049.xyz: [Errno -2] Name or service not known
2026-02-23 12:41:49,209 - WARNING - [de.616049.xyz (FRA)] ├─ 无有效DNS记录，触发紧急更新
2026-02-23 12:54:45,569 - ERROR - CFST更新失败: None
2026-02-23 12:54:45,573 - DEBUG - Starting new HTTPS connection (1): api.telegram.org:443
2026-02-23 12:54:45,854 - DEBUG - https://api.telegram.org:443 "POST /bot/sendMessage HTTP/1.1" 404 55
