2026-02-18 02:45:39,458 - INFO - 启动维护任务 | 协议类型: IPV4
2026-02-18 02:45:39,458 - INFO - --------------------------------------------------
2026-02-18 02:45:39,458 - INFO - [hk.616049.xyz (HKG)] 开始处理节点维护
2026-02-18 02:45:39,489 - DEBUG - DNS解析重试中 hk.616049.xyz: [Errno -2] Name or service not known
2026-02-18 02:45:40,513 - DEBUG - DNS解析重试中 hk.616049.xyz: [Errno -2] Name or service not known
2026-02-18 02:45:41,551 - DEBUG - DNS解析重试中 hk.616049.xyz: [Errno -2] Name or service not known
2026-02-18 02:45:42,552 - WARNING - [hk.616049.xyz (HKG)] ├─ 无有效DNS记录，触发紧急更新
2026-02-18 02:58:37,733 - ERROR - CFST更新失败: None
2026-02-18 02:58:37,733 - INFO - --------------------------------------------------
2026-02-18 02:58:37,733 - INFO - [us.616049.xyz (LAX)] 开始处理节点维护
2026-02-18 02:58:37,772 - DEBUG - DNS解析重试中 us.616049.xyz: [Errno -2] Name or service not known
2026-02-18 02:58:38,809 - DEBUG - DNS解析重试中 us.616049.xyz: [Errno -2] Name or service not known
2026-02-18 02:58:39,833 - DEBUG - DNS解析重试中 us.616049.xyz: [Errno -2] Name or service not known
2026-02-18 02:58:40,834 - WARNING - [us.616049.xyz (LAX)] ├─ 无有效DNS记录，触发紧急更新
2026-02-18 03:11:35,785 - ERROR - CFST更新失败: None
2026-02-18 03:11:35,785 - INFO - --------------------------------------------------
2026-02-18 03:11:35,785 - INFO - [de.616049.xyz (FRA)] 开始处理节点维护
2026-02-18 03:11:35,816 - DEBUG - DNS解析重试中 de.616049.xyz: [Errno -2] Name or service not known
2026-02-18 03:11:36,992 - DEBUG - DNS解析重试中 de.616049.xyz: [Errno -2] Name or service not known
2026-02-18 03:11:38,015 - DEBUG - DNS解析重试中 de.616049.xyz: [Errno -2] Name or service not known
2026-02-18 03:11:39,017 - WARNING - [de.616049.xyz (FRA)] ├─ 无有效DNS记录，触发紧急更新
2026-02-18 03:24:33,987 - ERROR - CFST更新失败: None
2026-02-18 03:24:33,991 - DEBUG - Starting new HTTPS connection (1): api.telegram.org:443
2026-02-18 03:24:34,309 - DEBUG - https://api.telegram.org:443 "POST /bot/sendMessage HTTP/1.1" 404 55
