2026-04-25 00:46:35,585 - INFO - 启动维护任务 | 协议类型: IPV4
2026-04-25 00:46:35,585 - INFO - --------------------------------------------------
2026-04-25 00:46:35,585 - INFO - [hk.616049.xyz (HKG)] 开始处理节点维护
2026-04-25 00:46:35,591 - DEBUG - DNS解析重试中 hk.616049.xyz: [Errno -2] Name or service not known
2026-04-25 00:46:36,599 - DEBUG - DNS解析重试中 hk.616049.xyz: [Errno -2] Name or service not known
2026-04-25 00:46:37,607 - DEBUG - DNS解析重试中 hk.616049.xyz: [Errno -2] Name or service not known
2026-04-25 00:46:38,608 - WARNING - [hk.616049.xyz (HKG)] ├─ 无有效DNS记录，触发紧急更新
2026-04-25 00:59:34,365 - ERROR - CFST更新失败: None
2026-04-25 00:59:34,365 - INFO - --------------------------------------------------
2026-04-25 00:59:34,365 - INFO - [us.616049.xyz (LAX)] 开始处理节点维护
2026-04-25 00:59:34,387 - DEBUG - DNS解析重试中 us.616049.xyz: [Errno -2] Name or service not known
2026-04-25 00:59:35,396 - DEBUG - DNS解析重试中 us.616049.xyz: [Errno -2] Name or service not known
2026-04-25 00:59:36,405 - DEBUG - DNS解析重试中 us.616049.xyz: [Errno -2] Name or service not known
2026-04-25 00:59:37,406 - WARNING - [us.616049.xyz (LAX)] ├─ 无有效DNS记录，触发紧急更新
2026-04-25 01:12:32,624 - ERROR - CFST更新失败: None
2026-04-25 01:12:32,624 - INFO - --------------------------------------------------
2026-04-25 01:12:32,624 - INFO - [de.616049.xyz (FRA)] 开始处理节点维护
2026-04-25 01:12:32,640 - DEBUG - DNS解析重试中 de.616049.xyz: [Errno -2] Name or service not known
2026-04-25 01:12:33,650 - DEBUG - DNS解析重试中 de.616049.xyz: [Errno -2] Name or service not known
2026-04-25 01:12:34,664 - DEBUG - DNS解析重试中 de.616049.xyz: [Errno -2] Name or service not known
2026-04-25 01:12:35,666 - WARNING - [de.616049.xyz (FRA)] ├─ 无有效DNS记录，触发紧急更新
2026-04-25 01:25:31,085 - ERROR - CFST更新失败: None
2026-04-25 01:25:31,088 - DEBUG - Starting new HTTPS connection (1): api.telegram.org:443
2026-04-25 01:25:31,573 - DEBUG - https://api.telegram.org:443 "POST /bot/sendMessage HTTP/1.1" 404 55
