2026-07-07 03:44:22,346 - INFO - 启动维护任务 | 协议类型: IPV4
2026-07-07 03:44:22,346 - INFO - --------------------------------------------------
2026-07-07 03:44:22,346 - INFO - [hk.616049.xyz (HKG)] 开始处理节点维护
2026-07-07 03:44:22,390 - DEBUG - DNS解析重试中 hk.616049.xyz: [Errno -5] No address associated with hostname
2026-07-07 03:44:23,428 - DEBUG - DNS解析重试中 hk.616049.xyz: [Errno -5] No address associated with hostname
2026-07-07 03:44:24,470 - DEBUG - DNS解析重试中 hk.616049.xyz: [Errno -5] No address associated with hostname
2026-07-07 03:44:25,471 - WARNING - [hk.616049.xyz (HKG)] ├─ 无有效DNS记录，触发紧急更新
2026-07-07 03:57:07,564 - ERROR - CFST更新失败: None
2026-07-07 03:57:07,564 - INFO - --------------------------------------------------
2026-07-07 03:57:07,565 - INFO - [us.616049.xyz (LAX)] 开始处理节点维护
2026-07-07 03:57:07,610 - DEBUG - DNS解析重试中 us.616049.xyz: [Errno -5] No address associated with hostname
2026-07-07 03:57:08,646 - DEBUG - DNS解析重试中 us.616049.xyz: [Errno -5] No address associated with hostname
2026-07-07 03:57:09,689 - DEBUG - DNS解析重试中 us.616049.xyz: [Errno -5] No address associated with hostname
2026-07-07 03:57:10,690 - WARNING - [us.616049.xyz (LAX)] ├─ 无有效DNS记录，触发紧急更新
2026-07-07 04:09:52,755 - ERROR - CFST更新失败: None
2026-07-07 04:09:52,756 - INFO - --------------------------------------------------
2026-07-07 04:09:52,756 - INFO - [de.616049.xyz (FRA)] 开始处理节点维护
2026-07-07 04:09:52,810 - DEBUG - DNS解析重试中 de.616049.xyz: [Errno -5] No address associated with hostname
2026-07-07 04:09:53,862 - DEBUG - DNS解析重试中 de.616049.xyz: [Errno -5] No address associated with hostname
2026-07-07 04:09:54,914 - DEBUG - DNS解析重试中 de.616049.xyz: [Errno -5] No address associated with hostname
2026-07-07 04:09:55,915 - WARNING - [de.616049.xyz (FRA)] ├─ 无有效DNS记录，触发紧急更新
2026-07-07 04:22:36,986 - ERROR - CFST更新失败: None
2026-07-07 04:22:36,989 - DEBUG - Starting new HTTPS connection (1): api.telegram.org:443
2026-07-07 04:22:37,444 - DEBUG - https://api.telegram.org:443 "POST /bot/sendMessage HTTP/1.1" 404 55
