2026-01-30 22:29:43,568 - INFO - 启动维护任务 | 协议类型: IPV4
2026-01-30 22:29:43,568 - INFO - --------------------------------------------------
2026-01-30 22:29:43,568 - INFO - [hk.616049.xyz (HKG)] 开始处理节点维护
2026-01-30 22:29:43,575 - DEBUG - DNS解析重试中 hk.616049.xyz: [Errno -2] Name or service not known
2026-01-30 22:29:44,582 - DEBUG - DNS解析重试中 hk.616049.xyz: [Errno -2] Name or service not known
2026-01-30 22:29:45,589 - DEBUG - DNS解析重试中 hk.616049.xyz: [Errno -2] Name or service not known
2026-01-30 22:29:46,590 - WARNING - [hk.616049.xyz (HKG)] ├─ 无有效DNS记录，触发紧急更新
2026-01-30 22:42:42,956 - ERROR - CFST更新失败: None
2026-01-30 22:42:42,956 - INFO - --------------------------------------------------
2026-01-30 22:42:42,956 - INFO - [us.616049.xyz (LAX)] 开始处理节点维护
2026-01-30 22:42:42,969 - DEBUG - DNS解析重试中 us.616049.xyz: [Errno -2] Name or service not known
2026-01-30 22:42:43,989 - DEBUG - DNS解析重试中 us.616049.xyz: [Errno -2] Name or service not known
2026-01-30 22:42:45,024 - DEBUG - DNS解析重试中 us.616049.xyz: [Errno -2] Name or service not known
2026-01-30 22:42:46,026 - WARNING - [us.616049.xyz (LAX)] ├─ 无有效DNS记录，触发紧急更新
2026-01-30 22:55:42,157 - ERROR - CFST更新失败: None
2026-01-30 22:55:42,158 - INFO - --------------------------------------------------
2026-01-30 22:55:42,158 - INFO - [de.616049.xyz (FRA)] 开始处理节点维护
2026-01-30 22:55:42,171 - DEBUG - DNS解析重试中 de.616049.xyz: [Errno -2] Name or service not known
2026-01-30 22:55:43,180 - DEBUG - DNS解析重试中 de.616049.xyz: [Errno -2] Name or service not known
2026-01-30 22:55:44,211 - DEBUG - DNS解析重试中 de.616049.xyz: [Errno -2] Name or service not known
2026-01-30 22:55:45,213 - WARNING - [de.616049.xyz (FRA)] ├─ 无有效DNS记录，触发紧急更新
2026-01-30 23:08:40,462 - ERROR - CFST更新失败: None
2026-01-30 23:08:40,466 - DEBUG - Starting new HTTPS connection (1): api.telegram.org:443
2026-01-30 23:08:40,947 - DEBUG - https://api.telegram.org:443 "POST /bot/sendMessage HTTP/1.1" 404 55
