2026-03-26 18:45:01,799 - INFO - 启动维护任务 | 协议类型: IPV4
2026-03-26 18:45:01,799 - INFO - --------------------------------------------------
2026-03-26 18:45:01,799 - INFO - [hk.616049.xyz (HKG)] 开始处理节点维护
2026-03-26 18:45:01,818 - DEBUG - DNS解析重试中 hk.616049.xyz: [Errno -2] Name or service not known
2026-03-26 18:45:02,840 - DEBUG - DNS解析重试中 hk.616049.xyz: [Errno -2] Name or service not known
2026-03-26 18:45:03,863 - DEBUG - DNS解析重试中 hk.616049.xyz: [Errno -2] Name or service not known
2026-03-26 18:45:04,864 - WARNING - [hk.616049.xyz (HKG)] ├─ 无有效DNS记录，触发紧急更新
2026-03-26 18:58:01,729 - ERROR - CFST更新失败: None
2026-03-26 18:58:01,729 - INFO - --------------------------------------------------
2026-03-26 18:58:01,729 - INFO - [us.616049.xyz (LAX)] 开始处理节点维护
2026-03-26 18:58:01,752 - DEBUG - DNS解析重试中 us.616049.xyz: [Errno -2] Name or service not known
2026-03-26 18:58:02,775 - DEBUG - DNS解析重试中 us.616049.xyz: [Errno -2] Name or service not known
2026-03-26 18:58:03,804 - DEBUG - DNS解析重试中 us.616049.xyz: [Errno -2] Name or service not known
2026-03-26 18:58:04,805 - WARNING - [us.616049.xyz (LAX)] ├─ 无有效DNS记录，触发紧急更新
2026-03-26 19:11:01,017 - ERROR - CFST更新失败: None
2026-03-26 19:11:01,018 - INFO - --------------------------------------------------
2026-03-26 19:11:01,018 - INFO - [de.616049.xyz (FRA)] 开始处理节点维护
2026-03-26 19:11:01,032 - DEBUG - DNS解析重试中 de.616049.xyz: [Errno -2] Name or service not known
2026-03-26 19:11:02,054 - DEBUG - DNS解析重试中 de.616049.xyz: [Errno -2] Name or service not known
2026-03-26 19:11:03,076 - DEBUG - DNS解析重试中 de.616049.xyz: [Errno -2] Name or service not known
2026-03-26 19:11:04,077 - WARNING - [de.616049.xyz (FRA)] ├─ 无有效DNS记录，触发紧急更新
2026-03-26 19:24:00,316 - ERROR - CFST更新失败: None
2026-03-26 19:24:00,319 - DEBUG - Starting new HTTPS connection (1): api.telegram.org:443
2026-03-26 19:24:00,794 - DEBUG - https://api.telegram.org:443 "POST /bot/sendMessage HTTP/1.1" 404 55
