2026-05-07 21:44:58,274 - INFO - 启动维护任务 | 协议类型: IPV4
2026-05-07 21:44:58,274 - INFO - --------------------------------------------------
2026-05-07 21:44:58,274 - INFO - [hk.616049.xyz (HKG)] 开始处理节点维护
2026-05-07 21:44:58,284 - DEBUG - DNS解析重试中 hk.616049.xyz: [Errno -2] Name or service not known
2026-05-07 21:44:59,293 - DEBUG - DNS解析重试中 hk.616049.xyz: [Errno -2] Name or service not known
2026-05-07 21:45:00,303 - DEBUG - DNS解析重试中 hk.616049.xyz: [Errno -2] Name or service not known
2026-05-07 21:45:01,304 - WARNING - [hk.616049.xyz (HKG)] ├─ 无有效DNS记录，触发紧急更新
2026-05-07 21:57:37,674 - ERROR - CFST更新失败: None
2026-05-07 21:57:37,674 - INFO - --------------------------------------------------
2026-05-07 21:57:37,674 - INFO - [us.616049.xyz (LAX)] 开始处理节点维护
2026-05-07 21:57:37,682 - DEBUG - DNS解析重试中 us.616049.xyz: [Errno -2] Name or service not known
2026-05-07 21:57:38,692 - DEBUG - DNS解析重试中 us.616049.xyz: [Errno -2] Name or service not known
2026-05-07 21:57:39,701 - DEBUG - DNS解析重试中 us.616049.xyz: [Errno -2] Name or service not known
2026-05-07 21:57:40,703 - WARNING - [us.616049.xyz (LAX)] ├─ 无有效DNS记录，触发紧急更新
2026-05-07 22:10:16,421 - ERROR - CFST更新失败: None
2026-05-07 22:10:16,421 - INFO - --------------------------------------------------
2026-05-07 22:10:16,421 - INFO - [de.616049.xyz (FRA)] 开始处理节点维护
2026-05-07 22:10:16,429 - DEBUG - DNS解析重试中 de.616049.xyz: [Errno -2] Name or service not known
2026-05-07 22:10:17,436 - DEBUG - DNS解析重试中 de.616049.xyz: [Errno -2] Name or service not known
2026-05-07 22:10:18,460 - DEBUG - DNS解析重试中 de.616049.xyz: [Errno -2] Name or service not known
2026-05-07 22:10:19,461 - WARNING - [de.616049.xyz (FRA)] ├─ 无有效DNS记录，触发紧急更新
2026-05-07 22:22:54,746 - ERROR - CFST更新失败: None
2026-05-07 22:22:54,750 - DEBUG - Starting new HTTPS connection (1): api.telegram.org:443
2026-05-07 22:22:55,045 - DEBUG - https://api.telegram.org:443 "POST /bot/sendMessage HTTP/1.1" 404 55
