2026-05-12 05:11:10,309 - INFO - 启动维护任务 | 协议类型: IPV4
2026-05-12 05:11:10,310 - INFO - --------------------------------------------------
2026-05-12 05:11:10,310 - INFO - [hk.616049.xyz (HKG)] 开始处理节点维护
2026-05-12 05:11:10,325 - DEBUG - DNS解析重试中 hk.616049.xyz: [Errno -2] Name or service not known
2026-05-12 05:11:11,350 - DEBUG - DNS解析重试中 hk.616049.xyz: [Errno -2] Name or service not known
2026-05-12 05:11:12,368 - DEBUG - DNS解析重试中 hk.616049.xyz: [Errno -2] Name or service not known
2026-05-12 05:11:13,369 - WARNING - [hk.616049.xyz (HKG)] ├─ 无有效DNS记录，触发紧急更新
2026-05-12 05:23:49,405 - ERROR - CFST更新失败: None
2026-05-12 05:23:49,405 - INFO - --------------------------------------------------
2026-05-12 05:23:49,405 - INFO - [us.616049.xyz (LAX)] 开始处理节点维护
2026-05-12 05:23:49,416 - DEBUG - DNS解析重试中 us.616049.xyz: [Errno -2] Name or service not known
2026-05-12 05:23:50,429 - DEBUG - DNS解析重试中 us.616049.xyz: [Errno -2] Name or service not known
2026-05-12 05:23:51,441 - DEBUG - DNS解析重试中 us.616049.xyz: [Errno -2] Name or service not known
2026-05-12 05:23:52,442 - WARNING - [us.616049.xyz (LAX)] ├─ 无有效DNS记录，触发紧急更新
2026-05-12 05:36:27,902 - ERROR - CFST更新失败: None
2026-05-12 05:36:27,902 - INFO - --------------------------------------------------
2026-05-12 05:36:27,902 - INFO - [de.616049.xyz (FRA)] 开始处理节点维护
2026-05-12 05:36:27,919 - DEBUG - DNS解析重试中 de.616049.xyz: [Errno -2] Name or service not known
2026-05-12 05:36:28,937 - DEBUG - DNS解析重试中 de.616049.xyz: [Errno -2] Name or service not known
2026-05-12 05:36:29,948 - DEBUG - DNS解析重试中 de.616049.xyz: [Errno -2] Name or service not known
2026-05-12 05:36:30,949 - WARNING - [de.616049.xyz (FRA)] ├─ 无有效DNS记录，触发紧急更新
2026-05-12 05:49:06,560 - ERROR - CFST更新失败: None
2026-05-12 05:49:06,564 - DEBUG - Starting new HTTPS connection (1): api.telegram.org:443
2026-05-12 05:49:06,853 - DEBUG - https://api.telegram.org:443 "POST /bot/sendMessage HTTP/1.1" 404 55
