2026-02-23 14:55:32,029 - INFO - 启动维护任务 | 协议类型: IPV4
2026-02-23 14:55:32,029 - INFO - --------------------------------------------------
2026-02-23 14:55:32,029 - INFO - [hk.616049.xyz (HKG)] 开始处理节点维护
2026-02-23 14:55:32,057 - DEBUG - DNS解析重试中 hk.616049.xyz: [Errno -2] Name or service not known
2026-02-23 14:55:33,094 - DEBUG - DNS解析重试中 hk.616049.xyz: [Errno -2] Name or service not known
2026-02-23 14:55:34,126 - DEBUG - DNS解析重试中 hk.616049.xyz: [Errno -2] Name or service not known
2026-02-23 14:55:35,127 - WARNING - [hk.616049.xyz (HKG)] ├─ 无有效DNS记录，触发紧急更新
2026-02-23 15:08:41,478 - ERROR - CFST更新失败: None
2026-02-23 15:08:41,478 - INFO - --------------------------------------------------
2026-02-23 15:08:41,478 - INFO - [us.616049.xyz (LAX)] 开始处理节点维护
2026-02-23 15:08:41,506 - DEBUG - DNS解析重试中 us.616049.xyz: [Errno -2] Name or service not known
2026-02-23 15:08:42,531 - DEBUG - DNS解析重试中 us.616049.xyz: [Errno -2] Name or service not known
2026-02-23 15:08:43,566 - DEBUG - DNS解析重试中 us.616049.xyz: [Errno -2] Name or service not known
2026-02-23 15:08:44,567 - WARNING - [us.616049.xyz (LAX)] ├─ 无有效DNS记录，触发紧急更新
2026-02-23 15:21:50,095 - ERROR - CFST更新失败: None
2026-02-23 15:21:50,095 - INFO - --------------------------------------------------
2026-02-23 15:21:50,095 - INFO - [de.616049.xyz (FRA)] 开始处理节点维护
2026-02-23 15:21:50,117 - DEBUG - DNS解析重试中 de.616049.xyz: [Errno -2] Name or service not known
2026-02-23 15:21:51,142 - DEBUG - DNS解析重试中 de.616049.xyz: [Errno -2] Name or service not known
2026-02-23 15:21:52,167 - DEBUG - DNS解析重试中 de.616049.xyz: [Errno -2] Name or service not known
2026-02-23 15:21:53,168 - WARNING - [de.616049.xyz (FRA)] ├─ 无有效DNS记录，触发紧急更新
2026-02-23 15:35:01,480 - ERROR - CFST更新失败: None
2026-02-23 15:35:01,483 - DEBUG - Starting new HTTPS connection (1): api.telegram.org:443
2026-02-23 15:35:01,808 - DEBUG - https://api.telegram.org:443 "POST /bot/sendMessage HTTP/1.1" 404 55
