2026-01-20 18:20:07,762 - INFO - 启动维护任务 | 协议类型: IPV4
2026-01-20 18:20:07,763 - INFO - --------------------------------------------------
2026-01-20 18:20:07,763 - INFO - [hk.616049.xyz (HKG)] 开始处理节点维护
2026-01-20 18:20:07,770 - DEBUG - DNS解析重试中 hk.616049.xyz: [Errno -2] Name or service not known
2026-01-20 18:20:08,778 - DEBUG - DNS解析重试中 hk.616049.xyz: [Errno -2] Name or service not known
2026-01-20 18:20:09,822 - DEBUG - DNS解析重试中 hk.616049.xyz: [Errno -2] Name or service not known
2026-01-20 18:20:10,823 - WARNING - [hk.616049.xyz (HKG)] ├─ 无有效DNS记录，触发紧急更新
2026-01-20 18:33:14,541 - ERROR - CFST更新失败: None
2026-01-20 18:33:14,541 - INFO - --------------------------------------------------
2026-01-20 18:33:14,541 - INFO - [us.616049.xyz (LAX)] 开始处理节点维护
2026-01-20 18:33:14,556 - DEBUG - DNS解析重试中 us.616049.xyz: [Errno -2] Name or service not known
2026-01-20 18:33:15,564 - DEBUG - DNS解析重试中 us.616049.xyz: [Errno -2] Name or service not known
2026-01-20 18:33:16,572 - DEBUG - DNS解析重试中 us.616049.xyz: [Errno -2] Name or service not known
2026-01-20 18:33:17,573 - WARNING - [us.616049.xyz (LAX)] ├─ 无有效DNS记录，触发紧急更新
2026-01-20 18:46:15,906 - ERROR - CFST更新失败: None
2026-01-20 18:46:15,907 - INFO - --------------------------------------------------
2026-01-20 18:46:15,907 - INFO - [de.616049.xyz (FRA)] 开始处理节点维护
2026-01-20 18:46:15,914 - DEBUG - DNS解析重试中 de.616049.xyz: [Errno -2] Name or service not known
2026-01-20 18:46:16,930 - DEBUG - DNS解析重试中 de.616049.xyz: [Errno -2] Name or service not known
2026-01-20 18:46:17,972 - DEBUG - DNS解析重试中 de.616049.xyz: [Errno -2] Name or service not known
2026-01-20 18:46:18,973 - WARNING - [de.616049.xyz (FRA)] ├─ 无有效DNS记录，触发紧急更新
2026-01-20 18:59:15,374 - ERROR - CFST更新失败: None
2026-01-20 18:59:15,377 - DEBUG - Starting new HTTPS connection (1): api.telegram.org:443
2026-01-20 18:59:15,874 - DEBUG - https://api.telegram.org:443 "POST /bot/sendMessage HTTP/1.1" 404 55
