2026-01-28 00:21:22,713 - INFO - 启动维护任务 | 协议类型: IPV4
2026-01-28 00:21:22,713 - INFO - --------------------------------------------------
2026-01-28 00:21:22,713 - INFO - [hk.616049.xyz (HKG)] 开始处理节点维护
2026-01-28 00:21:22,768 - DEBUG - DNS解析重试中 hk.616049.xyz: [Errno -2] Name or service not known
2026-01-28 00:21:23,815 - DEBUG - DNS解析重试中 hk.616049.xyz: [Errno -2] Name or service not known
2026-01-28 00:21:24,876 - DEBUG - DNS解析重试中 hk.616049.xyz: [Errno -2] Name or service not known
2026-01-28 00:21:25,877 - WARNING - [hk.616049.xyz (HKG)] ├─ 无有效DNS记录，触发紧急更新
2026-01-28 00:34:35,404 - ERROR - CFST更新失败: None
2026-01-28 00:34:35,404 - INFO - --------------------------------------------------
2026-01-28 00:34:35,404 - INFO - [us.616049.xyz (LAX)] 开始处理节点维护
2026-01-28 00:34:35,422 - DEBUG - DNS解析重试中 us.616049.xyz: [Errno -2] Name or service not known
2026-01-28 00:34:36,527 - DEBUG - DNS解析重试中 us.616049.xyz: [Errno -2] Name or service not known
2026-01-28 00:34:37,547 - DEBUG - DNS解析重试中 us.616049.xyz: [Errno -2] Name or service not known
2026-01-28 00:34:38,548 - WARNING - [us.616049.xyz (LAX)] ├─ 无有效DNS记录，触发紧急更新
2026-01-28 00:47:41,281 - ERROR - CFST更新失败: None
2026-01-28 00:47:41,282 - INFO - --------------------------------------------------
2026-01-28 00:47:41,282 - INFO - [de.616049.xyz (FRA)] 开始处理节点维护
2026-01-28 00:47:41,296 - DEBUG - DNS解析重试中 de.616049.xyz: [Errno -2] Name or service not known
2026-01-28 00:47:42,308 - DEBUG - DNS解析重试中 de.616049.xyz: [Errno -2] Name or service not known
2026-01-28 00:47:43,325 - DEBUG - DNS解析重试中 de.616049.xyz: [Errno -2] Name or service not known
2026-01-28 00:47:44,326 - WARNING - [de.616049.xyz (FRA)] ├─ 无有效DNS记录，触发紧急更新
2026-01-28 01:00:47,163 - ERROR - CFST更新失败: None
2026-01-28 01:00:47,167 - DEBUG - Starting new HTTPS connection (1): api.telegram.org:443
2026-01-28 01:00:47,468 - DEBUG - https://api.telegram.org:443 "POST /bot/sendMessage HTTP/1.1" 404 55
