2026-03-19 09:26:01,675 - INFO - 启动维护任务 | 协议类型: IPV4
2026-03-19 09:26:01,675 - INFO - --------------------------------------------------
2026-03-19 09:26:01,675 - INFO - [hk.616049.xyz (HKG)] 开始处理节点维护
2026-03-19 09:26:01,755 - DEBUG - DNS解析重试中 hk.616049.xyz: [Errno -2] Name or service not known
2026-03-19 09:26:02,830 - DEBUG - DNS解析重试中 hk.616049.xyz: [Errno -2] Name or service not known
2026-03-19 09:26:03,898 - DEBUG - DNS解析重试中 hk.616049.xyz: [Errno -2] Name or service not known
2026-03-19 09:26:04,899 - WARNING - [hk.616049.xyz (HKG)] ├─ 无有效DNS记录，触发紧急更新
2026-03-19 09:38:58,682 - ERROR - CFST更新失败: None
2026-03-19 09:38:58,683 - INFO - --------------------------------------------------
2026-03-19 09:38:58,683 - INFO - [us.616049.xyz (LAX)] 开始处理节点维护
2026-03-19 09:38:58,692 - DEBUG - DNS解析重试中 us.616049.xyz: [Errno -2] Name or service not known
2026-03-19 09:38:59,701 - DEBUG - DNS解析重试中 us.616049.xyz: [Errno -2] Name or service not known
2026-03-19 09:39:00,716 - DEBUG - DNS解析重试中 us.616049.xyz: [Errno -2] Name or service not known
2026-03-19 09:39:01,717 - WARNING - [us.616049.xyz (LAX)] ├─ 无有效DNS记录，触发紧急更新
2026-03-19 09:51:54,859 - ERROR - CFST更新失败: None
2026-03-19 09:51:54,859 - INFO - --------------------------------------------------
2026-03-19 09:51:54,859 - INFO - [de.616049.xyz (FRA)] 开始处理节点维护
2026-03-19 09:51:54,866 - DEBUG - DNS解析重试中 de.616049.xyz: [Errno -2] Name or service not known
2026-03-19 09:51:55,892 - DEBUG - DNS解析重试中 de.616049.xyz: [Errno -2] Name or service not known
2026-03-19 09:51:56,902 - DEBUG - DNS解析重试中 de.616049.xyz: [Errno -2] Name or service not known
2026-03-19 09:51:57,903 - WARNING - [de.616049.xyz (FRA)] ├─ 无有效DNS记录，触发紧急更新
2026-03-19 10:04:51,096 - ERROR - CFST更新失败: None
2026-03-19 10:04:51,099 - DEBUG - Starting new HTTPS connection (1): api.telegram.org:443
2026-03-19 10:04:51,607 - DEBUG - https://api.telegram.org:443 "POST /bot/sendMessage HTTP/1.1" 404 55
