2026-04-01 21:00:07,869 - INFO - 启动维护任务 | 协议类型: IPV4
2026-04-01 21:00:07,869 - INFO - --------------------------------------------------
2026-04-01 21:00:07,869 - INFO - [hk.616049.xyz (HKG)] 开始处理节点维护
2026-04-01 21:00:07,892 - DEBUG - DNS解析重试中 hk.616049.xyz: [Errno -2] Name or service not known
2026-04-01 21:00:08,909 - DEBUG - DNS解析重试中 hk.616049.xyz: [Errno -2] Name or service not known
2026-04-01 21:00:09,920 - DEBUG - DNS解析重试中 hk.616049.xyz: [Errno -2] Name or service not known
2026-04-01 21:00:10,922 - WARNING - [hk.616049.xyz (HKG)] ├─ 无有效DNS记录，触发紧急更新
2026-04-01 21:13:10,046 - ERROR - CFST更新失败: None
2026-04-01 21:13:10,047 - INFO - --------------------------------------------------
2026-04-01 21:13:10,047 - INFO - [us.616049.xyz (LAX)] 开始处理节点维护
2026-04-01 21:13:10,057 - DEBUG - DNS解析重试中 us.616049.xyz: [Errno -2] Name or service not known
2026-04-01 21:13:11,070 - DEBUG - DNS解析重试中 us.616049.xyz: [Errno -2] Name or service not known
2026-04-01 21:13:12,084 - DEBUG - DNS解析重试中 us.616049.xyz: [Errno -2] Name or service not known
2026-04-01 21:13:13,085 - WARNING - [us.616049.xyz (LAX)] ├─ 无有效DNS记录，触发紧急更新
2026-04-01 21:26:09,847 - ERROR - CFST更新失败: None
2026-04-01 21:26:09,847 - INFO - --------------------------------------------------
2026-04-01 21:26:09,847 - INFO - [de.616049.xyz (FRA)] 开始处理节点维护
2026-04-01 21:26:09,858 - DEBUG - DNS解析重试中 de.616049.xyz: [Errno -2] Name or service not known
2026-04-01 21:26:10,881 - DEBUG - DNS解析重试中 de.616049.xyz: [Errno -2] Name or service not known
2026-04-01 21:26:11,892 - DEBUG - DNS解析重试中 de.616049.xyz: [Errno -2] Name or service not known
2026-04-01 21:26:12,893 - WARNING - [de.616049.xyz (FRA)] ├─ 无有效DNS记录，触发紧急更新
2026-04-01 21:39:12,918 - ERROR - CFST更新失败: None
2026-04-01 21:39:12,921 - DEBUG - Starting new HTTPS connection (1): api.telegram.org:443
2026-04-01 21:39:13,218 - DEBUG - https://api.telegram.org:443 "POST /bot/sendMessage HTTP/1.1" 404 55
