2026-05-29 19:20:56,472 - INFO - 启动维护任务 | 协议类型: IPV4
2026-05-29 19:20:56,472 - INFO - --------------------------------------------------
2026-05-29 19:20:56,472 - INFO - [hk.616049.xyz (HKG)] 开始处理节点维护
2026-05-29 19:20:56,500 - DEBUG - DNS解析重试中 hk.616049.xyz: [Errno -2] Name or service not known
2026-05-29 19:20:57,524 - DEBUG - DNS解析重试中 hk.616049.xyz: [Errno -2] Name or service not known
2026-05-29 19:20:58,539 - DEBUG - DNS解析重试中 hk.616049.xyz: [Errno -2] Name or service not known
2026-05-29 19:20:59,540 - WARNING - [hk.616049.xyz (HKG)] ├─ 无有效DNS记录，触发紧急更新
2026-05-29 19:33:53,627 - ERROR - CFST更新失败: None
2026-05-29 19:33:53,627 - INFO - --------------------------------------------------
2026-05-29 19:33:53,627 - INFO - [us.616049.xyz (LAX)] 开始处理节点维护
2026-05-29 19:33:53,639 - DEBUG - DNS解析重试中 us.616049.xyz: [Errno -2] Name or service not known
2026-05-29 19:33:54,812 - DEBUG - DNS解析重试中 us.616049.xyz: [Errno -2] Name or service not known
2026-05-29 19:33:55,831 - DEBUG - DNS解析重试中 us.616049.xyz: [Errno -2] Name or service not known
2026-05-29 19:33:56,832 - WARNING - [us.616049.xyz (LAX)] ├─ 无有效DNS记录，触发紧急更新
2026-05-29 19:46:50,120 - ERROR - CFST更新失败: None
2026-05-29 19:46:50,120 - INFO - --------------------------------------------------
2026-05-29 19:46:50,120 - INFO - [de.616049.xyz (FRA)] 开始处理节点维护
2026-05-29 19:46:50,150 - DEBUG - DNS解析重试中 de.616049.xyz: [Errno -2] Name or service not known
2026-05-29 19:46:51,174 - DEBUG - DNS解析重试中 de.616049.xyz: [Errno -2] Name or service not known
2026-05-29 19:46:52,186 - DEBUG - DNS解析重试中 de.616049.xyz: [Errno -2] Name or service not known
2026-05-29 19:46:53,187 - WARNING - [de.616049.xyz (FRA)] ├─ 无有效DNS记录，触发紧急更新
2026-05-29 19:59:46,298 - ERROR - CFST更新失败: None
2026-05-29 19:59:46,302 - DEBUG - Starting new HTTPS connection (1): api.telegram.org:443
2026-05-29 19:59:46,564 - DEBUG - https://api.telegram.org:443 "POST /bot/sendMessage HTTP/1.1" 404 55
