2026-04-01 04:35:36,999 - INFO - 启动维护任务 | 协议类型: IPV4
2026-04-01 04:35:36,999 - INFO - --------------------------------------------------
2026-04-01 04:35:36,999 - INFO - [hk.616049.xyz (HKG)] 开始处理节点维护
2026-04-01 04:35:37,011 - DEBUG - DNS解析重试中 hk.616049.xyz: [Errno -2] Name or service not known
2026-04-01 04:35:38,024 - DEBUG - DNS解析重试中 hk.616049.xyz: [Errno -2] Name or service not known
2026-04-01 04:35:39,054 - DEBUG - DNS解析重试中 hk.616049.xyz: [Errno -2] Name or service not known
2026-04-01 04:35:40,055 - WARNING - [hk.616049.xyz (HKG)] ├─ 无有效DNS记录，触发紧急更新
2026-04-01 04:48:40,740 - ERROR - CFST更新失败: None
2026-04-01 04:48:40,740 - INFO - --------------------------------------------------
2026-04-01 04:48:40,740 - INFO - [us.616049.xyz (LAX)] 开始处理节点维护
2026-04-01 04:48:40,760 - DEBUG - DNS解析重试中 us.616049.xyz: [Errno -2] Name or service not known
2026-04-01 04:48:41,773 - DEBUG - DNS解析重试中 us.616049.xyz: [Errno -2] Name or service not known
2026-04-01 04:48:42,786 - DEBUG - DNS解析重试中 us.616049.xyz: [Errno -2] Name or service not known
2026-04-01 04:48:43,787 - WARNING - [us.616049.xyz (LAX)] ├─ 无有效DNS记录，触发紧急更新
2026-04-01 05:01:44,671 - ERROR - CFST更新失败: None
2026-04-01 05:01:44,671 - INFO - --------------------------------------------------
2026-04-01 05:01:44,671 - INFO - [de.616049.xyz (FRA)] 开始处理节点维护
2026-04-01 05:01:44,683 - DEBUG - DNS解析重试中 de.616049.xyz: [Errno -2] Name or service not known
2026-04-01 05:01:45,695 - DEBUG - DNS解析重试中 de.616049.xyz: [Errno -2] Name or service not known
2026-04-01 05:01:46,709 - DEBUG - DNS解析重试中 de.616049.xyz: [Errno -2] Name or service not known
2026-04-01 05:01:47,710 - WARNING - [de.616049.xyz (FRA)] ├─ 无有效DNS记录，触发紧急更新
2026-04-01 05:14:47,963 - ERROR - CFST更新失败: None
2026-04-01 05:14:47,967 - DEBUG - Starting new HTTPS connection (1): api.telegram.org:443
2026-04-01 05:14:48,261 - DEBUG - https://api.telegram.org:443 "POST /bot/sendMessage HTTP/1.1" 404 55
