2026-03-22 09:25:10,117 - INFO - 启动维护任务 | 协议类型: IPV4
2026-03-22 09:25:10,117 - INFO - --------------------------------------------------
2026-03-22 09:25:10,117 - INFO - [hk.616049.xyz (HKG)] 开始处理节点维护
2026-03-22 09:25:10,256 - DEBUG - DNS解析重试中 hk.616049.xyz: [Errno -2] Name or service not known
2026-03-22 09:25:11,283 - DEBUG - DNS解析重试中 hk.616049.xyz: [Errno -2] Name or service not known
2026-03-22 09:25:12,319 - DEBUG - DNS解析重试中 hk.616049.xyz: [Errno -2] Name or service not known
2026-03-22 09:25:13,321 - WARNING - [hk.616049.xyz (HKG)] ├─ 无有效DNS记录，触发紧急更新
2026-03-22 09:38:21,169 - ERROR - CFST更新失败: None
2026-03-22 09:38:21,170 - INFO - --------------------------------------------------
2026-03-22 09:38:21,170 - INFO - [us.616049.xyz (LAX)] 开始处理节点维护
2026-03-22 09:38:21,194 - DEBUG - DNS解析重试中 us.616049.xyz: [Errno -2] Name or service not known
2026-03-22 09:38:22,227 - DEBUG - DNS解析重试中 us.616049.xyz: [Errno -2] Name or service not known
2026-03-22 09:38:23,252 - DEBUG - DNS解析重试中 us.616049.xyz: [Errno -2] Name or service not known
2026-03-22 09:38:24,253 - WARNING - [us.616049.xyz (LAX)] ├─ 无有效DNS记录，触发紧急更新
2026-03-22 09:51:38,126 - ERROR - CFST更新失败: None
2026-03-22 09:51:38,126 - INFO - --------------------------------------------------
2026-03-22 09:51:38,126 - INFO - [de.616049.xyz (FRA)] 开始处理节点维护
2026-03-22 09:51:38,152 - DEBUG - DNS解析重试中 de.616049.xyz: [Errno -2] Name or service not known
2026-03-22 09:51:39,251 - DEBUG - DNS解析重试中 de.616049.xyz: [Errno -2] Name or service not known
2026-03-22 09:51:40,275 - DEBUG - DNS解析重试中 de.616049.xyz: [Errno -2] Name or service not known
2026-03-22 09:51:41,276 - WARNING - [de.616049.xyz (FRA)] ├─ 无有效DNS记录，触发紧急更新
2026-03-22 10:04:50,214 - ERROR - CFST更新失败: None
2026-03-22 10:04:50,217 - DEBUG - Starting new HTTPS connection (1): api.telegram.org:443
2026-03-22 10:04:50,699 - DEBUG - https://api.telegram.org:443 "POST /bot/sendMessage HTTP/1.1" 404 55
