2026-03-25 04:33:38,541 - INFO - 启动维护任务 | 协议类型: IPV4
2026-03-25 04:33:38,541 - INFO - --------------------------------------------------
2026-03-25 04:33:38,542 - INFO - [hk.616049.xyz (HKG)] 开始处理节点维护
2026-03-25 04:33:38,553 - DEBUG - DNS解析重试中 hk.616049.xyz: [Errno -2] Name or service not known
2026-03-25 04:33:39,566 - DEBUG - DNS解析重试中 hk.616049.xyz: [Errno -2] Name or service not known
2026-03-25 04:33:40,577 - DEBUG - DNS解析重试中 hk.616049.xyz: [Errno -2] Name or service not known
2026-03-25 04:33:41,579 - WARNING - [hk.616049.xyz (HKG)] ├─ 无有效DNS记录，触发紧急更新
2026-03-25 04:46:37,507 - ERROR - CFST更新失败: None
2026-03-25 04:46:37,507 - INFO - --------------------------------------------------
2026-03-25 04:46:37,507 - INFO - [us.616049.xyz (LAX)] 开始处理节点维护
2026-03-25 04:46:37,520 - DEBUG - DNS解析重试中 us.616049.xyz: [Errno -2] Name or service not known
2026-03-25 04:46:38,531 - DEBUG - DNS解析重试中 us.616049.xyz: [Errno -2] Name or service not known
2026-03-25 04:46:39,551 - DEBUG - DNS解析重试中 us.616049.xyz: [Errno -2] Name or service not known
2026-03-25 04:46:40,553 - WARNING - [us.616049.xyz (LAX)] ├─ 无有效DNS记录，触发紧急更新
2026-03-25 04:59:36,033 - ERROR - CFST更新失败: None
2026-03-25 04:59:36,034 - INFO - --------------------------------------------------
2026-03-25 04:59:36,034 - INFO - [de.616049.xyz (FRA)] 开始处理节点维护
2026-03-25 04:59:36,044 - DEBUG - DNS解析重试中 de.616049.xyz: [Errno -2] Name or service not known
2026-03-25 04:59:37,057 - DEBUG - DNS解析重试中 de.616049.xyz: [Errno -2] Name or service not known
2026-03-25 04:59:38,077 - DEBUG - DNS解析重试中 de.616049.xyz: [Errno -2] Name or service not known
2026-03-25 04:59:39,078 - WARNING - [de.616049.xyz (FRA)] ├─ 无有效DNS记录，触发紧急更新
2026-03-25 05:12:37,438 - ERROR - CFST更新失败: None
2026-03-25 05:12:37,442 - DEBUG - Starting new HTTPS connection (1): api.telegram.org:443
2026-03-25 05:12:37,736 - DEBUG - https://api.telegram.org:443 "POST /bot/sendMessage HTTP/1.1" 404 55
