2026-05-28 02:20:17,808 - INFO - 启动维护任务 | 协议类型: IPV4
2026-05-28 02:20:17,809 - INFO - --------------------------------------------------
2026-05-28 02:20:17,809 - INFO - [hk.616049.xyz (HKG)] 开始处理节点维护
2026-05-28 02:20:17,830 - DEBUG - DNS解析重试中 hk.616049.xyz: [Errno -2] Name or service not known
2026-05-28 02:20:18,855 - DEBUG - DNS解析重试中 hk.616049.xyz: [Errno -2] Name or service not known
2026-05-28 02:20:19,883 - DEBUG - DNS解析重试中 hk.616049.xyz: [Errno -2] Name or service not known
2026-05-28 02:20:20,884 - WARNING - [hk.616049.xyz (HKG)] ├─ 无有效DNS记录，触发紧急更新
2026-05-28 02:33:17,981 - ERROR - CFST更新失败: None
2026-05-28 02:33:17,982 - INFO - --------------------------------------------------
2026-05-28 02:33:17,982 - INFO - [us.616049.xyz (LAX)] 开始处理节点维护
2026-05-28 02:33:18,019 - DEBUG - DNS解析重试中 us.616049.xyz: [Errno -2] Name or service not known
2026-05-28 02:33:19,027 - DEBUG - DNS解析重试中 us.616049.xyz: [Errno -2] Name or service not known
2026-05-28 02:33:20,034 - DEBUG - DNS解析重试中 us.616049.xyz: [Errno -2] Name or service not known
2026-05-28 02:33:21,035 - WARNING - [us.616049.xyz (LAX)] ├─ 无有效DNS记录，触发紧急更新
2026-05-28 02:46:19,447 - ERROR - CFST更新失败: None
2026-05-28 02:46:19,447 - INFO - --------------------------------------------------
2026-05-28 02:46:19,447 - INFO - [de.616049.xyz (FRA)] 开始处理节点维护
2026-05-28 02:46:19,474 - DEBUG - DNS解析重试中 de.616049.xyz: [Errno -2] Name or service not known
2026-05-28 02:46:20,532 - DEBUG - DNS解析重试中 de.616049.xyz: [Errno -2] Name or service not known
2026-05-28 02:46:21,560 - DEBUG - DNS解析重试中 de.616049.xyz: [Errno -2] Name or service not known
2026-05-28 02:46:22,561 - WARNING - [de.616049.xyz (FRA)] ├─ 无有效DNS记录，触发紧急更新
2026-05-28 02:59:19,723 - ERROR - CFST更新失败: None
2026-05-28 02:59:19,727 - DEBUG - Starting new HTTPS connection (1): api.telegram.org:443
2026-05-28 02:59:20,086 - DEBUG - https://api.telegram.org:443 "POST /bot/sendMessage HTTP/1.1" 404 55
