2026-02-26 20:44:31,486 - INFO - 启动维护任务 | 协议类型: IPV4
2026-02-26 20:44:31,486 - INFO - --------------------------------------------------
2026-02-26 20:44:31,486 - INFO - [hk.616049.xyz (HKG)] 开始处理节点维护
2026-02-26 20:44:31,512 - DEBUG - DNS解析重试中 hk.616049.xyz: [Errno -2] Name or service not known
2026-02-26 20:44:32,545 - DEBUG - DNS解析重试中 hk.616049.xyz: [Errno -2] Name or service not known
2026-02-26 20:44:33,570 - DEBUG - DNS解析重试中 hk.616049.xyz: [Errno -2] Name or service not known
2026-02-26 20:44:34,571 - WARNING - [hk.616049.xyz (HKG)] ├─ 无有效DNS记录，触发紧急更新
2026-02-26 20:57:41,595 - ERROR - CFST更新失败: None
2026-02-26 20:57:41,595 - INFO - --------------------------------------------------
2026-02-26 20:57:41,595 - INFO - [us.616049.xyz (LAX)] 开始处理节点维护
2026-02-26 20:57:41,621 - DEBUG - DNS解析重试中 us.616049.xyz: [Errno -2] Name or service not known
2026-02-26 20:57:42,656 - DEBUG - DNS解析重试中 us.616049.xyz: [Errno -2] Name or service not known
2026-02-26 20:57:43,689 - DEBUG - DNS解析重试中 us.616049.xyz: [Errno -2] Name or service not known
2026-02-26 20:57:44,690 - WARNING - [us.616049.xyz (LAX)] ├─ 无有效DNS记录，触发紧急更新
2026-02-26 21:10:50,804 - ERROR - CFST更新失败: None
2026-02-26 21:10:50,804 - INFO - --------------------------------------------------
2026-02-26 21:10:50,804 - INFO - [de.616049.xyz (FRA)] 开始处理节点维护
2026-02-26 21:10:50,846 - DEBUG - DNS解析重试中 de.616049.xyz: [Errno -2] Name or service not known
2026-02-26 21:10:51,874 - DEBUG - DNS解析重试中 de.616049.xyz: [Errno -2] Name or service not known
2026-02-26 21:10:52,898 - DEBUG - DNS解析重试中 de.616049.xyz: [Errno -2] Name or service not known
2026-02-26 21:10:53,899 - WARNING - [de.616049.xyz (FRA)] ├─ 无有效DNS记录，触发紧急更新
2026-02-26 21:24:02,310 - ERROR - CFST更新失败: None
2026-02-26 21:24:02,313 - DEBUG - Starting new HTTPS connection (1): api.telegram.org:443
2026-02-26 21:24:02,641 - DEBUG - https://api.telegram.org:443 "POST /bot/sendMessage HTTP/1.1" 404 55
