2026-07-10 07:03:39,766 - INFO - 启动维护任务 | 协议类型: IPV4
2026-07-10 07:03:39,767 - INFO - --------------------------------------------------
2026-07-10 07:03:39,767 - INFO - [hk.616049.xyz (HKG)] 开始处理节点维护
2026-07-10 07:03:39,783 - DEBUG - DNS解析重试中 hk.616049.xyz: [Errno -5] No address associated with hostname
2026-07-10 07:03:40,816 - DEBUG - DNS解析重试中 hk.616049.xyz: [Errno -5] No address associated with hostname
2026-07-10 07:03:41,830 - DEBUG - DNS解析重试中 hk.616049.xyz: [Errno -5] No address associated with hostname
2026-07-10 07:03:42,832 - WARNING - [hk.616049.xyz (HKG)] ├─ 无有效DNS记录，触发紧急更新
2026-07-10 07:16:12,796 - ERROR - CFST更新失败: None
2026-07-10 07:16:12,796 - INFO - --------------------------------------------------
2026-07-10 07:16:12,797 - INFO - [us.616049.xyz (LAX)] 开始处理节点维护
2026-07-10 07:16:12,813 - DEBUG - DNS解析重试中 us.616049.xyz: [Errno -5] No address associated with hostname
2026-07-10 07:16:13,830 - DEBUG - DNS解析重试中 us.616049.xyz: [Errno -5] No address associated with hostname
2026-07-10 07:16:14,846 - DEBUG - DNS解析重试中 us.616049.xyz: [Errno -5] No address associated with hostname
2026-07-10 07:16:15,847 - WARNING - [us.616049.xyz (LAX)] ├─ 无有效DNS记录，触发紧急更新
2026-07-10 07:28:45,546 - ERROR - CFST更新失败: None
2026-07-10 07:28:45,546 - INFO - --------------------------------------------------
2026-07-10 07:28:45,546 - INFO - [de.616049.xyz (FRA)] 开始处理节点维护
2026-07-10 07:28:45,556 - DEBUG - DNS解析重试中 de.616049.xyz: [Errno -5] No address associated with hostname
2026-07-10 07:28:46,572 - DEBUG - DNS解析重试中 de.616049.xyz: [Errno -5] No address associated with hostname
2026-07-10 07:28:47,595 - DEBUG - DNS解析重试中 de.616049.xyz: [Errno -5] No address associated with hostname
2026-07-10 07:28:48,596 - WARNING - [de.616049.xyz (FRA)] ├─ 无有效DNS记录，触发紧急更新
2026-07-10 07:41:18,797 - ERROR - CFST更新失败: None
2026-07-10 07:41:18,801 - DEBUG - Starting new HTTPS connection (1): api.telegram.org:443
2026-07-10 07:41:19,093 - DEBUG - https://api.telegram.org:443 "POST /bot/sendMessage HTTP/1.1" 404 55
