2026-07-02 07:04:30,601 - INFO - 启动维护任务 | 协议类型: IPV4
2026-07-02 07:04:30,601 - INFO - --------------------------------------------------
2026-07-02 07:04:30,601 - INFO - [hk.616049.xyz (HKG)] 开始处理节点维护
2026-07-02 07:04:30,627 - DEBUG - DNS解析重试中 hk.616049.xyz: [Errno -5] No address associated with hostname
2026-07-02 07:04:31,640 - DEBUG - DNS解析重试中 hk.616049.xyz: [Errno -5] No address associated with hostname
2026-07-02 07:04:32,656 - DEBUG - DNS解析重试中 hk.616049.xyz: [Errno -5] No address associated with hostname
2026-07-02 07:04:33,658 - WARNING - [hk.616049.xyz (HKG)] ├─ 无有效DNS记录，触发紧急更新
2026-07-02 07:17:04,250 - ERROR - CFST更新失败: None
2026-07-02 07:17:04,251 - INFO - --------------------------------------------------
2026-07-02 07:17:04,251 - INFO - [us.616049.xyz (LAX)] 开始处理节点维护
2026-07-02 07:17:04,262 - DEBUG - DNS解析重试中 us.616049.xyz: [Errno -5] No address associated with hostname
2026-07-02 07:17:05,274 - DEBUG - DNS解析重试中 us.616049.xyz: [Errno -5] No address associated with hostname
2026-07-02 07:17:06,285 - DEBUG - DNS解析重试中 us.616049.xyz: [Errno -5] No address associated with hostname
2026-07-02 07:17:07,286 - WARNING - [us.616049.xyz (LAX)] ├─ 无有效DNS记录，触发紧急更新
2026-07-02 07:29:39,270 - ERROR - CFST更新失败: None
2026-07-02 07:29:39,270 - INFO - --------------------------------------------------
2026-07-02 07:29:39,270 - INFO - [de.616049.xyz (FRA)] 开始处理节点维护
2026-07-02 07:29:39,289 - DEBUG - DNS解析重试中 de.616049.xyz: [Errno -5] No address associated with hostname
2026-07-02 07:29:40,303 - DEBUG - DNS解析重试中 de.616049.xyz: [Errno -5] No address associated with hostname
2026-07-02 07:29:41,314 - DEBUG - DNS解析重试中 de.616049.xyz: [Errno -5] No address associated with hostname
2026-07-02 07:29:42,316 - WARNING - [de.616049.xyz (FRA)] ├─ 无有效DNS记录，触发紧急更新
2026-07-02 07:42:13,360 - ERROR - CFST更新失败: None
2026-07-02 07:42:13,363 - DEBUG - Starting new HTTPS connection (1): api.telegram.org:443
2026-07-02 07:42:13,813 - DEBUG - https://api.telegram.org:443 "POST /bot/sendMessage HTTP/1.1" 404 55
