2026-04-25 16:42:32,649 - INFO - 启动维护任务 | 协议类型: IPV4
2026-04-25 16:42:32,649 - INFO - --------------------------------------------------
2026-04-25 16:42:32,649 - INFO - [hk.616049.xyz (HKG)] 开始处理节点维护
2026-04-25 16:42:32,678 - DEBUG - DNS解析重试中 hk.616049.xyz: [Errno -2] Name or service not known
2026-04-25 16:42:33,715 - DEBUG - DNS解析重试中 hk.616049.xyz: [Errno -2] Name or service not known
2026-04-25 16:42:34,745 - DEBUG - DNS解析重试中 hk.616049.xyz: [Errno -2] Name or service not known
2026-04-25 16:42:35,746 - WARNING - [hk.616049.xyz (HKG)] ├─ 无有效DNS记录，触发紧急更新
2026-04-25 16:55:42,189 - ERROR - CFST更新失败: None
2026-04-25 16:55:42,189 - INFO - --------------------------------------------------
2026-04-25 16:55:42,189 - INFO - [us.616049.xyz (LAX)] 开始处理节点维护
2026-04-25 16:55:42,212 - DEBUG - DNS解析重试中 us.616049.xyz: [Errno -2] Name or service not known
2026-04-25 16:55:43,257 - DEBUG - DNS解析重试中 us.616049.xyz: [Errno -2] Name or service not known
2026-04-25 16:55:44,281 - DEBUG - DNS解析重试中 us.616049.xyz: [Errno -2] Name or service not known
2026-04-25 16:55:45,282 - WARNING - [us.616049.xyz (LAX)] ├─ 无有效DNS记录，触发紧急更新
2026-04-25 17:08:52,049 - ERROR - CFST更新失败: None
2026-04-25 17:08:52,050 - INFO - --------------------------------------------------
2026-04-25 17:08:52,050 - INFO - [de.616049.xyz (FRA)] 开始处理节点维护
2026-04-25 17:08:52,081 - DEBUG - DNS解析重试中 de.616049.xyz: [Errno -2] Name or service not known
2026-04-25 17:08:53,118 - DEBUG - DNS解析重试中 de.616049.xyz: [Errno -2] Name or service not known
2026-04-25 17:08:54,144 - DEBUG - DNS解析重试中 de.616049.xyz: [Errno -2] Name or service not known
2026-04-25 17:08:55,146 - WARNING - [de.616049.xyz (FRA)] ├─ 无有效DNS记录，触发紧急更新
2026-04-25 17:21:59,723 - ERROR - CFST更新失败: None
2026-04-25 17:21:59,727 - DEBUG - Starting new HTTPS connection (1): api.telegram.org:443
2026-04-25 17:22:00,074 - DEBUG - https://api.telegram.org:443 "POST /bot/sendMessage HTTP/1.1" 404 55
