2026-06-06 23:06:51,815 - INFO - 启动维护任务 | 协议类型: IPV4
2026-06-06 23:06:51,815 - INFO - --------------------------------------------------
2026-06-06 23:06:51,815 - INFO - [hk.616049.xyz (HKG)] 开始处理节点维护
2026-06-06 23:06:51,839 - DEBUG - DNS解析重试中 hk.616049.xyz: [Errno -2] Name or service not known
2026-06-06 23:06:52,876 - DEBUG - DNS解析重试中 hk.616049.xyz: [Errno -2] Name or service not known
2026-06-06 23:06:53,883 - DEBUG - DNS解析重试中 hk.616049.xyz: [Errno -2] Name or service not known
2026-06-06 23:06:54,885 - WARNING - [hk.616049.xyz (HKG)] ├─ 无有效DNS记录，触发紧急更新
2026-06-06 23:19:09,996 - ERROR - CFST更新失败: None
2026-06-06 23:19:09,996 - INFO - --------------------------------------------------
2026-06-06 23:19:09,996 - INFO - [us.616049.xyz (LAX)] 开始处理节点维护
2026-06-06 23:19:10,021 - DEBUG - DNS解析重试中 us.616049.xyz: [Errno -2] Name or service not known
2026-06-06 23:19:11,063 - DEBUG - DNS解析重试中 us.616049.xyz: [Errno -2] Name or service not known
2026-06-06 23:19:12,093 - DEBUG - DNS解析重试中 us.616049.xyz: [Errno -2] Name or service not known
2026-06-06 23:19:13,094 - WARNING - [us.616049.xyz (LAX)] ├─ 无有效DNS记录，触发紧急更新
2026-06-06 23:31:33,244 - ERROR - CFST更新失败: None
2026-06-06 23:31:33,244 - INFO - --------------------------------------------------
2026-06-06 23:31:33,244 - INFO - [de.616049.xyz (FRA)] 开始处理节点维护
2026-06-06 23:31:33,266 - DEBUG - DNS解析重试中 de.616049.xyz: [Errno -2] Name or service not known
2026-06-06 23:31:34,274 - DEBUG - DNS解析重试中 de.616049.xyz: [Errno -2] Name or service not known
2026-06-06 23:31:35,307 - DEBUG - DNS解析重试中 de.616049.xyz: [Errno -2] Name or service not known
2026-06-06 23:31:36,308 - WARNING - [de.616049.xyz (FRA)] ├─ 无有效DNS记录，触发紧急更新
2026-06-06 23:43:51,508 - ERROR - CFST更新失败: None
2026-06-06 23:43:51,511 - DEBUG - Starting new HTTPS connection (1): api.telegram.org:443
2026-06-06 23:43:51,843 - DEBUG - https://api.telegram.org:443 "POST /bot/sendMessage HTTP/1.1" 404 55
