2026-04-01 12:42:18,401 - INFO - 启动维护任务 | 协议类型: IPV4
2026-04-01 12:42:18,401 - INFO - --------------------------------------------------
2026-04-01 12:42:18,401 - INFO - [hk.616049.xyz (HKG)] 开始处理节点维护
2026-04-01 12:42:18,418 - DEBUG - DNS解析重试中 hk.616049.xyz: [Errno -2] Name or service not known
2026-04-01 12:42:19,426 - DEBUG - DNS解析重试中 hk.616049.xyz: [Errno -2] Name or service not known
2026-04-01 12:42:20,441 - DEBUG - DNS解析重试中 hk.616049.xyz: [Errno -2] Name or service not known
2026-04-01 12:42:21,442 - WARNING - [hk.616049.xyz (HKG)] ├─ 无有效DNS记录，触发紧急更新
2026-04-01 12:55:21,895 - ERROR - CFST更新失败: None
2026-04-01 12:55:21,895 - INFO - --------------------------------------------------
2026-04-01 12:55:21,895 - INFO - [us.616049.xyz (LAX)] 开始处理节点维护
2026-04-01 12:55:21,912 - DEBUG - DNS解析重试中 us.616049.xyz: [Errno -2] Name or service not known
2026-04-01 12:55:22,925 - DEBUG - DNS解析重试中 us.616049.xyz: [Errno -2] Name or service not known
2026-04-01 12:55:23,939 - DEBUG - DNS解析重试中 us.616049.xyz: [Errno -2] Name or service not known
2026-04-01 12:55:24,940 - WARNING - [us.616049.xyz (LAX)] ├─ 无有效DNS记录，触发紧急更新
2026-04-01 13:08:25,339 - ERROR - CFST更新失败: None
2026-04-01 13:08:25,339 - INFO - --------------------------------------------------
2026-04-01 13:08:25,339 - INFO - [de.616049.xyz (FRA)] 开始处理节点维护
2026-04-01 13:08:25,351 - DEBUG - DNS解析重试中 de.616049.xyz: [Errno -2] Name or service not known
2026-04-01 13:08:26,364 - DEBUG - DNS解析重试中 de.616049.xyz: [Errno -2] Name or service not known
2026-04-01 13:08:27,376 - DEBUG - DNS解析重试中 de.616049.xyz: [Errno -2] Name or service not known
2026-04-01 13:08:28,377 - WARNING - [de.616049.xyz (FRA)] ├─ 无有效DNS记录，触发紧急更新
2026-04-01 13:21:33,633 - ERROR - CFST更新失败: None
2026-04-01 13:21:33,637 - DEBUG - Starting new HTTPS connection (1): api.telegram.org:443
2026-04-01 13:21:33,933 - DEBUG - https://api.telegram.org:443 "POST /bot/sendMessage HTTP/1.1" 404 55
