2026-04-13 04:27:12,462 - INFO - 启动维护任务 | 协议类型: IPV4
2026-04-13 04:27:12,462 - INFO - --------------------------------------------------
2026-04-13 04:27:12,462 - INFO - [hk.616049.xyz (HKG)] 开始处理节点维护
2026-04-13 04:27:12,473 - DEBUG - DNS解析重试中 hk.616049.xyz: [Errno -2] Name or service not known
2026-04-13 04:27:13,483 - DEBUG - DNS解析重试中 hk.616049.xyz: [Errno -2] Name or service not known
2026-04-13 04:27:14,498 - DEBUG - DNS解析重试中 hk.616049.xyz: [Errno -2] Name or service not known
2026-04-13 04:27:15,499 - WARNING - [hk.616049.xyz (HKG)] ├─ 无有效DNS记录，触发紧急更新
2026-04-13 04:40:13,312 - ERROR - CFST更新失败: None
2026-04-13 04:40:13,312 - INFO - --------------------------------------------------
2026-04-13 04:40:13,312 - INFO - [us.616049.xyz (LAX)] 开始处理节点维护
2026-04-13 04:40:13,329 - DEBUG - DNS解析重试中 us.616049.xyz: [Errno -2] Name or service not known
2026-04-13 04:40:14,340 - DEBUG - DNS解析重试中 us.616049.xyz: [Errno -2] Name or service not known
2026-04-13 04:40:15,353 - DEBUG - DNS解析重试中 us.616049.xyz: [Errno -2] Name or service not known
2026-04-13 04:40:16,354 - WARNING - [us.616049.xyz (LAX)] ├─ 无有效DNS记录，触发紧急更新
2026-04-13 04:53:13,811 - ERROR - CFST更新失败: None
2026-04-13 04:53:13,811 - INFO - --------------------------------------------------
2026-04-13 04:53:13,812 - INFO - [de.616049.xyz (FRA)] 开始处理节点维护
2026-04-13 04:53:13,824 - DEBUG - DNS解析重试中 de.616049.xyz: [Errno -2] Name or service not known
2026-04-13 04:53:14,840 - DEBUG - DNS解析重试中 de.616049.xyz: [Errno -2] Name or service not known
2026-04-13 04:53:15,851 - DEBUG - DNS解析重试中 de.616049.xyz: [Errno -2] Name or service not known
2026-04-13 04:53:16,852 - WARNING - [de.616049.xyz (FRA)] ├─ 无有效DNS记录，触发紧急更新
2026-04-13 05:06:14,991 - ERROR - CFST更新失败: None
2026-04-13 05:06:14,995 - DEBUG - Starting new HTTPS connection (1): api.telegram.org:443
2026-04-13 05:06:15,281 - DEBUG - https://api.telegram.org:443 "POST /bot/sendMessage HTTP/1.1" 404 55
