2026-05-22 06:58:09,419 - INFO - 启动维护任务 | 协议类型: IPV4
2026-05-22 06:58:09,419 - INFO - --------------------------------------------------
2026-05-22 06:58:09,419 - INFO - [hk.616049.xyz (HKG)] 开始处理节点维护
2026-05-22 06:58:09,432 - DEBUG - DNS解析重试中 hk.616049.xyz: [Errno -2] Name or service not known
2026-05-22 06:58:10,465 - DEBUG - DNS解析重试中 hk.616049.xyz: [Errno -2] Name or service not known
2026-05-22 06:58:11,498 - DEBUG - DNS解析重试中 hk.616049.xyz: [Errno -2] Name or service not known
2026-05-22 06:58:12,499 - WARNING - [hk.616049.xyz (HKG)] ├─ 无有效DNS记录，触发紧急更新
2026-05-22 07:11:17,898 - ERROR - CFST更新失败: None
2026-05-22 07:11:17,898 - INFO - --------------------------------------------------
2026-05-22 07:11:17,898 - INFO - [us.616049.xyz (LAX)] 开始处理节点维护
2026-05-22 07:11:17,942 - DEBUG - DNS解析重试中 us.616049.xyz: [Errno -2] Name or service not known
2026-05-22 07:11:18,958 - DEBUG - DNS解析重试中 us.616049.xyz: [Errno -2] Name or service not known
2026-05-22 07:11:19,970 - DEBUG - DNS解析重试中 us.616049.xyz: [Errno -2] Name or service not known
2026-05-22 07:11:20,971 - WARNING - [us.616049.xyz (LAX)] ├─ 无有效DNS记录，触发紧急更新
2026-05-22 07:24:18,705 - ERROR - CFST更新失败: None
2026-05-22 07:24:18,705 - INFO - --------------------------------------------------
2026-05-22 07:24:18,705 - INFO - [de.616049.xyz (FRA)] 开始处理节点维护
2026-05-22 07:24:18,720 - DEBUG - DNS解析重试中 de.616049.xyz: [Errno -2] Name or service not known
2026-05-22 07:24:19,736 - DEBUG - DNS解析重试中 de.616049.xyz: [Errno -2] Name or service not known
2026-05-22 07:24:20,788 - DEBUG - DNS解析重试中 de.616049.xyz: [Errno -2] Name or service not known
2026-05-22 07:24:21,789 - WARNING - [de.616049.xyz (FRA)] ├─ 无有效DNS记录，触发紧急更新
2026-05-22 07:37:24,092 - ERROR - CFST更新失败: None
2026-05-22 07:37:24,095 - DEBUG - Starting new HTTPS connection (1): api.telegram.org:443
2026-05-22 07:37:24,391 - DEBUG - https://api.telegram.org:443 "POST /bot/sendMessage HTTP/1.1" 404 55
