2026-07-22 06:46:45,604 - INFO - 启动维护任务 | 协议类型: IPV4
2026-07-22 06:46:45,604 - INFO - --------------------------------------------------
2026-07-22 06:46:45,604 - INFO - [hk.616049.xyz (HKG)] 开始处理节点维护
2026-07-22 06:46:45,621 - DEBUG - DNS解析重试中 hk.616049.xyz: [Errno -5] No address associated with hostname
2026-07-22 06:46:46,632 - DEBUG - DNS解析重试中 hk.616049.xyz: [Errno -5] No address associated with hostname
2026-07-22 06:46:47,652 - DEBUG - DNS解析重试中 hk.616049.xyz: [Errno -5] No address associated with hostname
2026-07-22 06:46:48,653 - WARNING - [hk.616049.xyz (HKG)] ├─ 无有效DNS记录，触发紧急更新
2026-07-22 06:59:19,439 - ERROR - CFST更新失败: None
2026-07-22 06:59:19,439 - INFO - --------------------------------------------------
2026-07-22 06:59:19,439 - INFO - [us.616049.xyz (LAX)] 开始处理节点维护
2026-07-22 06:59:19,458 - DEBUG - DNS解析重试中 us.616049.xyz: [Errno -5] No address associated with hostname
2026-07-22 06:59:20,477 - DEBUG - DNS解析重试中 us.616049.xyz: [Errno -5] No address associated with hostname
2026-07-22 06:59:21,491 - DEBUG - DNS解析重试中 us.616049.xyz: [Errno -5] No address associated with hostname
2026-07-22 06:59:22,492 - WARNING - [us.616049.xyz (LAX)] ├─ 无有效DNS记录，触发紧急更新
2026-07-22 07:11:52,903 - ERROR - CFST更新失败: None
2026-07-22 07:11:52,903 - INFO - --------------------------------------------------
2026-07-22 07:11:52,904 - INFO - [de.616049.xyz (FRA)] 开始处理节点维护
2026-07-22 07:11:52,920 - DEBUG - DNS解析重试中 de.616049.xyz: [Errno -5] No address associated with hostname
2026-07-22 07:11:53,947 - DEBUG - DNS解析重试中 de.616049.xyz: [Errno -5] No address associated with hostname
2026-07-22 07:11:54,961 - DEBUG - DNS解析重试中 de.616049.xyz: [Errno -5] No address associated with hostname
2026-07-22 07:11:55,962 - WARNING - [de.616049.xyz (FRA)] ├─ 无有效DNS记录，触发紧急更新
2026-07-22 07:24:26,929 - ERROR - CFST更新失败: None
2026-07-22 07:24:26,933 - DEBUG - Starting new HTTPS connection (1): api.telegram.org:443
2026-07-22 07:24:27,391 - DEBUG - https://api.telegram.org:443 "POST /bot/sendMessage HTTP/1.1" 404 55
