2026-02-12 06:22:23,926 - INFO - 启动维护任务 | 协议类型: IPV4
2026-02-12 06:22:23,926 - INFO - --------------------------------------------------
2026-02-12 06:22:23,926 - INFO - [hk.616049.xyz (HKG)] 开始处理节点维护
2026-02-12 06:22:23,942 - DEBUG - DNS解析重试中 hk.616049.xyz: [Errno -2] Name or service not known
2026-02-12 06:22:24,978 - DEBUG - DNS解析重试中 hk.616049.xyz: [Errno -2] Name or service not known
2026-02-12 06:22:26,003 - DEBUG - DNS解析重试中 hk.616049.xyz: [Errno -2] Name or service not known
2026-02-12 06:22:27,004 - WARNING - [hk.616049.xyz (HKG)] ├─ 无有效DNS记录，触发紧急更新
2026-02-12 06:35:21,703 - ERROR - CFST更新失败: None
2026-02-12 06:35:21,703 - INFO - --------------------------------------------------
2026-02-12 06:35:21,703 - INFO - [us.616049.xyz (LAX)] 开始处理节点维护
2026-02-12 06:35:21,717 - DEBUG - DNS解析重试中 us.616049.xyz: [Errno -2] Name or service not known
2026-02-12 06:35:22,739 - DEBUG - DNS解析重试中 us.616049.xyz: [Errno -2] Name or service not known
2026-02-12 06:35:23,746 - DEBUG - DNS解析重试中 us.616049.xyz: [Errno -2] Name or service not known
2026-02-12 06:35:24,747 - WARNING - [us.616049.xyz (LAX)] ├─ 无有效DNS记录，触发紧急更新
2026-02-12 06:48:18,817 - ERROR - CFST更新失败: None
2026-02-12 06:48:18,817 - INFO - --------------------------------------------------
2026-02-12 06:48:18,817 - INFO - [de.616049.xyz (FRA)] 开始处理节点维护
2026-02-12 06:48:18,838 - DEBUG - DNS解析重试中 de.616049.xyz: [Errno -2] Name or service not known
2026-02-12 06:48:19,847 - DEBUG - DNS解析重试中 de.616049.xyz: [Errno -2] Name or service not known
2026-02-12 06:48:20,863 - DEBUG - DNS解析重试中 de.616049.xyz: [Errno -2] Name or service not known
2026-02-12 06:48:21,865 - WARNING - [de.616049.xyz (FRA)] ├─ 无有效DNS记录，触发紧急更新
2026-02-12 07:01:16,629 - ERROR - CFST更新失败: None
2026-02-12 07:01:16,632 - DEBUG - Starting new HTTPS connection (1): api.telegram.org:443
2026-02-12 07:01:17,127 - DEBUG - https://api.telegram.org:443 "POST /bot/sendMessage HTTP/1.1" 404 55
