2026-05-25 16:12:41,838 - INFO - 启动维护任务 | 协议类型: IPV4
2026-05-25 16:12:41,838 - INFO - --------------------------------------------------
2026-05-25 16:12:41,838 - INFO - [hk.616049.xyz (HKG)] 开始处理节点维护
2026-05-25 16:12:41,852 - DEBUG - DNS解析重试中 hk.616049.xyz: [Errno -2] Name or service not known
2026-05-25 16:12:42,860 - DEBUG - DNS解析重试中 hk.616049.xyz: [Errno -2] Name or service not known
2026-05-25 16:12:43,868 - DEBUG - DNS解析重试中 hk.616049.xyz: [Errno -2] Name or service not known
2026-05-25 16:12:44,869 - WARNING - [hk.616049.xyz (HKG)] ├─ 无有效DNS记录，触发紧急更新
2026-05-25 16:25:38,026 - ERROR - CFST更新失败: None
2026-05-25 16:25:38,026 - INFO - --------------------------------------------------
2026-05-25 16:25:38,026 - INFO - [us.616049.xyz (LAX)] 开始处理节点维护
2026-05-25 16:25:38,036 - DEBUG - DNS解析重试中 us.616049.xyz: [Errno -2] Name or service not known
2026-05-25 16:25:39,042 - DEBUG - DNS解析重试中 us.616049.xyz: [Errno -2] Name or service not known
2026-05-25 16:25:40,050 - DEBUG - DNS解析重试中 us.616049.xyz: [Errno -2] Name or service not known
2026-05-25 16:25:41,051 - WARNING - [us.616049.xyz (LAX)] ├─ 无有效DNS记录，触发紧急更新
2026-05-25 16:38:33,952 - ERROR - CFST更新失败: None
2026-05-25 16:38:33,952 - INFO - --------------------------------------------------
2026-05-25 16:38:33,953 - INFO - [de.616049.xyz (FRA)] 开始处理节点维护
2026-05-25 16:38:33,960 - DEBUG - DNS解析重试中 de.616049.xyz: [Errno -2] Name or service not known
2026-05-25 16:38:34,976 - DEBUG - DNS解析重试中 de.616049.xyz: [Errno -2] Name or service not known
2026-05-25 16:38:35,985 - DEBUG - DNS解析重试中 de.616049.xyz: [Errno -2] Name or service not known
2026-05-25 16:38:36,986 - WARNING - [de.616049.xyz (FRA)] ├─ 无有效DNS记录，触发紧急更新
2026-05-25 16:51:29,616 - ERROR - CFST更新失败: None
2026-05-25 16:51:29,620 - DEBUG - Starting new HTTPS connection (1): api.telegram.org:443
2026-05-25 16:51:30,093 - DEBUG - https://api.telegram.org:443 "POST /bot/sendMessage HTTP/1.1" 404 55
