2026-07-18 18:56:09,599 - INFO - 启动维护任务 | 协议类型: IPV4
2026-07-18 18:56:09,599 - INFO - --------------------------------------------------
2026-07-18 18:56:09,599 - INFO - [hk.616049.xyz (HKG)] 开始处理节点维护
2026-07-18 18:56:09,614 - DEBUG - DNS解析重试中 hk.616049.xyz: [Errno -5] No address associated with hostname
2026-07-18 18:56:10,629 - DEBUG - DNS解析重试中 hk.616049.xyz: [Errno -5] No address associated with hostname
2026-07-18 18:56:11,652 - DEBUG - DNS解析重试中 hk.616049.xyz: [Errno -5] No address associated with hostname
2026-07-18 18:56:12,653 - WARNING - [hk.616049.xyz (HKG)] ├─ 无有效DNS记录，触发紧急更新
2026-07-18 19:08:43,710 - ERROR - CFST更新失败: None
2026-07-18 19:08:43,710 - INFO - --------------------------------------------------
2026-07-18 19:08:43,710 - INFO - [us.616049.xyz (LAX)] 开始处理节点维护
2026-07-18 19:08:43,727 - DEBUG - DNS解析重试中 us.616049.xyz: [Errno -5] No address associated with hostname
2026-07-18 19:08:44,743 - DEBUG - DNS解析重试中 us.616049.xyz: [Errno -5] No address associated with hostname
2026-07-18 19:08:45,757 - DEBUG - DNS解析重试中 us.616049.xyz: [Errno -5] No address associated with hostname
2026-07-18 19:08:46,759 - WARNING - [us.616049.xyz (LAX)] ├─ 无有效DNS记录，触发紧急更新
2026-07-18 19:21:17,681 - ERROR - CFST更新失败: None
2026-07-18 19:21:17,682 - INFO - --------------------------------------------------
2026-07-18 19:21:17,682 - INFO - [de.616049.xyz (FRA)] 开始处理节点维护
2026-07-18 19:21:17,697 - DEBUG - DNS解析重试中 de.616049.xyz: [Errno -5] No address associated with hostname
2026-07-18 19:21:18,724 - DEBUG - DNS解析重试中 de.616049.xyz: [Errno -5] No address associated with hostname
2026-07-18 19:21:19,743 - DEBUG - DNS解析重试中 de.616049.xyz: [Errno -5] No address associated with hostname
2026-07-18 19:21:20,745 - WARNING - [de.616049.xyz (FRA)] ├─ 无有效DNS记录，触发紧急更新
2026-07-18 19:33:51,931 - ERROR - CFST更新失败: None
2026-07-18 19:33:51,935 - DEBUG - Starting new HTTPS connection (1): api.telegram.org:443
2026-07-18 19:33:52,212 - DEBUG - https://api.telegram.org:443 "POST /bot/sendMessage HTTP/1.1" 404 55
