2026-03-19 20:43:10,258 - INFO - 启动维护任务 | 协议类型: IPV4
2026-03-19 20:43:10,258 - INFO - --------------------------------------------------
2026-03-19 20:43:10,258 - INFO - [hk.616049.xyz (HKG)] 开始处理节点维护
2026-03-19 20:43:10,300 - DEBUG - DNS解析重试中 hk.616049.xyz: [Errno -2] Name or service not known
2026-03-19 20:43:11,341 - DEBUG - DNS解析重试中 hk.616049.xyz: [Errno -2] Name or service not known
2026-03-19 20:43:12,383 - DEBUG - DNS解析重试中 hk.616049.xyz: [Errno -2] Name or service not known
2026-03-19 20:43:13,384 - WARNING - [hk.616049.xyz (HKG)] ├─ 无有效DNS记录，触发紧急更新
2026-03-19 20:56:10,730 - ERROR - CFST更新失败: None
2026-03-19 20:56:10,730 - INFO - --------------------------------------------------
2026-03-19 20:56:10,731 - INFO - [us.616049.xyz (LAX)] 开始处理节点维护
2026-03-19 20:56:10,765 - DEBUG - DNS解析重试中 us.616049.xyz: [Errno -2] Name or service not known
2026-03-19 20:56:11,799 - DEBUG - DNS解析重试中 us.616049.xyz: [Errno -2] Name or service not known
2026-03-19 20:56:12,833 - DEBUG - DNS解析重试中 us.616049.xyz: [Errno -2] Name or service not known
2026-03-19 20:56:13,834 - WARNING - [us.616049.xyz (LAX)] ├─ 无有效DNS记录，触发紧急更新
2026-03-19 21:09:09,535 - ERROR - CFST更新失败: None
2026-03-19 21:09:09,535 - INFO - --------------------------------------------------
2026-03-19 21:09:09,535 - INFO - [de.616049.xyz (FRA)] 开始处理节点维护
2026-03-19 21:09:09,562 - DEBUG - DNS解析重试中 de.616049.xyz: [Errno -2] Name or service not known
2026-03-19 21:09:10,567 - DEBUG - DNS解析重试中 de.616049.xyz: [Errno -2] Name or service not known
2026-03-19 21:09:11,598 - DEBUG - DNS解析重试中 de.616049.xyz: [Errno -2] Name or service not known
2026-03-19 21:09:12,599 - WARNING - [de.616049.xyz (FRA)] ├─ 无有效DNS记录，触发紧急更新
2026-03-19 21:22:07,874 - ERROR - CFST更新失败: None
2026-03-19 21:22:07,878 - DEBUG - Starting new HTTPS connection (1): api.telegram.org:443
2026-03-19 21:22:08,255 - DEBUG - https://api.telegram.org:443 "POST /bot/sendMessage HTTP/1.1" 404 55
