2026-06-18 00:51:18,352 - INFO - 启动维护任务 | 协议类型: IPV4
2026-06-18 00:51:18,352 - INFO - --------------------------------------------------
2026-06-18 00:51:18,352 - INFO - [hk.616049.xyz (HKG)] 开始处理节点维护
2026-06-18 00:51:18,388 - DEBUG - DNS解析重试中 hk.616049.xyz: [Errno -2] Name or service not known
2026-06-18 00:51:19,427 - DEBUG - DNS解析重试中 hk.616049.xyz: [Errno -2] Name or service not known
2026-06-18 00:51:20,470 - DEBUG - DNS解析重试中 hk.616049.xyz: [Errno -2] Name or service not known
2026-06-18 00:51:21,472 - WARNING - [hk.616049.xyz (HKG)] ├─ 无有效DNS记录，触发紧急更新
2026-06-18 01:04:03,347 - ERROR - CFST更新失败: None
2026-06-18 01:04:03,347 - INFO - --------------------------------------------------
2026-06-18 01:04:03,347 - INFO - [us.616049.xyz (LAX)] 开始处理节点维护
2026-06-18 01:04:03,380 - DEBUG - DNS解析重试中 us.616049.xyz: [Errno -2] Name or service not known
2026-06-18 01:04:04,412 - DEBUG - DNS解析重试中 us.616049.xyz: [Errno -2] Name or service not known
2026-06-18 01:04:05,454 - DEBUG - DNS解析重试中 us.616049.xyz: [Errno -2] Name or service not known
2026-06-18 01:04:06,455 - WARNING - [us.616049.xyz (LAX)] ├─ 无有效DNS记录，触发紧急更新
2026-06-18 01:16:48,549 - ERROR - CFST更新失败: None
2026-06-18 01:16:48,549 - INFO - --------------------------------------------------
2026-06-18 01:16:48,549 - INFO - [de.616049.xyz (FRA)] 开始处理节点维护
2026-06-18 01:16:48,587 - DEBUG - DNS解析重试中 de.616049.xyz: [Errno -2] Name or service not known
2026-06-18 01:16:49,619 - DEBUG - DNS解析重试中 de.616049.xyz: [Errno -2] Name or service not known
2026-06-18 01:16:50,655 - DEBUG - DNS解析重试中 de.616049.xyz: [Errno -2] Name or service not known
2026-06-18 01:16:51,656 - WARNING - [de.616049.xyz (FRA)] ├─ 无有效DNS记录，触发紧急更新
2026-06-18 01:29:33,890 - ERROR - CFST更新失败: None
2026-06-18 01:29:33,893 - DEBUG - Starting new HTTPS connection (1): api.telegram.org:443
2026-06-18 01:29:34,282 - DEBUG - https://api.telegram.org:443 "POST /bot/sendMessage HTTP/1.1" 404 55
