2026-01-23 02:21:04,342 - INFO - 启动维护任务 | 协议类型: IPV4
2026-01-23 02:21:04,342 - INFO - --------------------------------------------------
2026-01-23 02:21:04,342 - INFO - [hk.616049.xyz (HKG)] 开始处理节点维护
2026-01-23 02:21:04,365 - DEBUG - DNS解析重试中 hk.616049.xyz: [Errno -2] Name or service not known
2026-01-23 02:21:05,392 - DEBUG - DNS解析重试中 hk.616049.xyz: [Errno -2] Name or service not known
2026-01-23 02:21:06,414 - DEBUG - DNS解析重试中 hk.616049.xyz: [Errno -2] Name or service not known
2026-01-23 02:21:07,415 - WARNING - [hk.616049.xyz (HKG)] ├─ 无有效DNS记录，触发紧急更新
2026-01-23 02:34:04,948 - ERROR - CFST更新失败: None
2026-01-23 02:34:04,949 - INFO - --------------------------------------------------
2026-01-23 02:34:04,949 - INFO - [us.616049.xyz (LAX)] 开始处理节点维护
2026-01-23 02:34:04,970 - DEBUG - DNS解析重试中 us.616049.xyz: [Errno -2] Name or service not known
2026-01-23 02:34:05,996 - DEBUG - DNS解析重试中 us.616049.xyz: [Errno -2] Name or service not known
2026-01-23 02:34:07,019 - DEBUG - DNS解析重试中 us.616049.xyz: [Errno -2] Name or service not known
2026-01-23 02:34:08,021 - WARNING - [us.616049.xyz (LAX)] ├─ 无有效DNS记录，触发紧急更新
2026-01-23 02:47:05,750 - ERROR - CFST更新失败: None
2026-01-23 02:47:05,751 - INFO - --------------------------------------------------
2026-01-23 02:47:05,751 - INFO - [de.616049.xyz (FRA)] 开始处理节点维护
2026-01-23 02:47:05,814 - DEBUG - DNS解析重试中 de.616049.xyz: [Errno -2] Name or service not known
2026-01-23 02:47:06,820 - DEBUG - DNS解析重试中 de.616049.xyz: [Errno -2] Name or service not known
2026-01-23 02:47:07,835 - DEBUG - DNS解析重试中 de.616049.xyz: [Errno -2] Name or service not known
2026-01-23 02:47:08,837 - WARNING - [de.616049.xyz (FRA)] ├─ 无有效DNS记录，触发紧急更新
2026-01-23 03:00:05,701 - ERROR - CFST更新失败: None
2026-01-23 03:00:05,704 - DEBUG - Starting new HTTPS connection (1): api.telegram.org:443
2026-01-23 03:00:06,182 - DEBUG - https://api.telegram.org:443 "POST /bot/sendMessage HTTP/1.1" 404 55
