2026-04-16 18:56:00,206 - INFO - 启动维护任务 | 协议类型: IPV4
2026-04-16 18:56:00,206 - INFO - --------------------------------------------------
2026-04-16 18:56:00,206 - INFO - [hk.616049.xyz (HKG)] 开始处理节点维护
2026-04-16 18:56:00,239 - DEBUG - DNS解析重试中 hk.616049.xyz: [Errno -2] Name or service not known
2026-04-16 18:56:01,280 - DEBUG - DNS解析重试中 hk.616049.xyz: [Errno -2] Name or service not known
2026-04-16 18:56:02,292 - DEBUG - DNS解析重试中 hk.616049.xyz: [Errno -2] Name or service not known
2026-04-16 18:56:03,293 - WARNING - [hk.616049.xyz (HKG)] ├─ 无有效DNS记录，触发紧急更新
2026-04-16 19:08:59,339 - ERROR - CFST更新失败: None
2026-04-16 19:08:59,339 - INFO - --------------------------------------------------
2026-04-16 19:08:59,339 - INFO - [us.616049.xyz (LAX)] 开始处理节点维护
2026-04-16 19:08:59,368 - DEBUG - DNS解析重试中 us.616049.xyz: [Errno -2] Name or service not known
2026-04-16 19:09:00,382 - DEBUG - DNS解析重试中 us.616049.xyz: [Errno -2] Name or service not known
2026-04-16 19:09:01,394 - DEBUG - DNS解析重试中 us.616049.xyz: [Errno -2] Name or service not known
2026-04-16 19:09:02,396 - WARNING - [us.616049.xyz (LAX)] ├─ 无有效DNS记录，触发紧急更新
2026-04-16 19:21:56,216 - ERROR - CFST更新失败: None
2026-04-16 19:21:56,216 - INFO - --------------------------------------------------
2026-04-16 19:21:56,216 - INFO - [de.616049.xyz (FRA)] 开始处理节点维护
2026-04-16 19:21:56,236 - DEBUG - DNS解析重试中 de.616049.xyz: [Errno -2] Name or service not known
2026-04-16 19:21:57,254 - DEBUG - DNS解析重试中 de.616049.xyz: [Errno -2] Name or service not known
2026-04-16 19:21:58,269 - DEBUG - DNS解析重试中 de.616049.xyz: [Errno -2] Name or service not known
2026-04-16 19:21:59,270 - WARNING - [de.616049.xyz (FRA)] ├─ 无有效DNS记录，触发紧急更新
2026-04-16 19:34:54,496 - ERROR - CFST更新失败: None
2026-04-16 19:34:54,500 - DEBUG - Starting new HTTPS connection (1): api.telegram.org:443
2026-04-16 19:34:54,800 - DEBUG - https://api.telegram.org:443 "POST /bot/sendMessage HTTP/1.1" 404 55
