2026-07-24 21:20:14,617 - INFO - 启动维护任务 | 协议类型: IPV4
2026-07-24 21:20:14,617 - INFO - --------------------------------------------------
2026-07-24 21:20:14,617 - INFO - [hk.616049.xyz (HKG)] 开始处理节点维护
2026-07-24 21:20:14,681 - DEBUG - DNS解析重试中 hk.616049.xyz: [Errno -5] No address associated with hostname
2026-07-24 21:20:15,711 - DEBUG - DNS解析重试中 hk.616049.xyz: [Errno -5] No address associated with hostname
2026-07-24 21:20:16,743 - DEBUG - DNS解析重试中 hk.616049.xyz: [Errno -5] No address associated with hostname
2026-07-24 21:20:17,745 - WARNING - [hk.616049.xyz (HKG)] ├─ 无有效DNS记录，触发紧急更新
2026-07-24 21:32:58,411 - ERROR - CFST更新失败: None
2026-07-24 21:32:58,411 - INFO - --------------------------------------------------
2026-07-24 21:32:58,411 - INFO - [us.616049.xyz (LAX)] 开始处理节点维护
2026-07-24 21:32:58,443 - DEBUG - DNS解析重试中 us.616049.xyz: [Errno -5] No address associated with hostname
2026-07-24 21:32:59,509 - DEBUG - DNS解析重试中 us.616049.xyz: [Errno -5] No address associated with hostname
2026-07-24 21:33:00,541 - DEBUG - DNS解析重试中 us.616049.xyz: [Errno -5] No address associated with hostname
2026-07-24 21:33:01,542 - WARNING - [us.616049.xyz (LAX)] ├─ 无有效DNS记录，触发紧急更新
2026-07-24 21:45:37,061 - ERROR - CFST更新失败: None
2026-07-24 21:45:37,061 - INFO - --------------------------------------------------
2026-07-24 21:45:37,061 - INFO - [de.616049.xyz (FRA)] 开始处理节点维护
2026-07-24 21:45:37,085 - DEBUG - DNS解析重试中 de.616049.xyz: [Errno -5] No address associated with hostname
2026-07-24 21:45:38,123 - DEBUG - DNS解析重试中 de.616049.xyz: [Errno -5] No address associated with hostname
2026-07-24 21:45:39,147 - DEBUG - DNS解析重试中 de.616049.xyz: [Errno -5] No address associated with hostname
2026-07-24 21:45:40,148 - WARNING - [de.616049.xyz (FRA)] ├─ 无有效DNS记录，触发紧急更新
2026-07-24 21:58:15,590 - ERROR - CFST更新失败: None
2026-07-24 21:58:15,594 - DEBUG - Starting new HTTPS connection (1): api.telegram.org:443
2026-07-24 21:58:15,884 - DEBUG - https://api.telegram.org:443 "POST /bot/sendMessage HTTP/1.1" 404 55
