2026-04-22 06:32:02,244 - INFO - 启动维护任务 | 协议类型: IPV4
2026-04-22 06:32:02,244 - INFO - --------------------------------------------------
2026-04-22 06:32:02,244 - INFO - [hk.616049.xyz (HKG)] 开始处理节点维护
2026-04-22 06:32:02,266 - DEBUG - DNS解析重试中 hk.616049.xyz: [Errno -2] Name or service not known
2026-04-22 06:32:03,299 - DEBUG - DNS解析重试中 hk.616049.xyz: [Errno -2] Name or service not known
2026-04-22 06:32:04,320 - DEBUG - DNS解析重试中 hk.616049.xyz: [Errno -2] Name or service not known
2026-04-22 06:32:05,321 - WARNING - [hk.616049.xyz (HKG)] ├─ 无有效DNS记录，触发紧急更新
2026-04-22 06:45:12,304 - ERROR - CFST更新失败: None
2026-04-22 06:45:12,304 - INFO - --------------------------------------------------
2026-04-22 06:45:12,304 - INFO - [us.616049.xyz (LAX)] 开始处理节点维护
2026-04-22 06:45:12,339 - DEBUG - DNS解析重试中 us.616049.xyz: [Errno -2] Name or service not known
2026-04-22 06:45:13,364 - DEBUG - DNS解析重试中 us.616049.xyz: [Errno -2] Name or service not known
2026-04-22 06:45:14,391 - DEBUG - DNS解析重试中 us.616049.xyz: [Errno -2] Name or service not known
2026-04-22 06:45:15,392 - WARNING - [us.616049.xyz (LAX)] ├─ 无有效DNS记录，触发紧急更新
2026-04-22 06:58:26,800 - ERROR - CFST更新失败: None
2026-04-22 06:58:26,801 - INFO - --------------------------------------------------
2026-04-22 06:58:26,801 - INFO - [de.616049.xyz (FRA)] 开始处理节点维护
2026-04-22 06:58:27,352 - DEBUG - DNS解析重试中 de.616049.xyz: [Errno -2] Name or service not known
2026-04-22 06:58:28,395 - DEBUG - DNS解析重试中 de.616049.xyz: [Errno -2] Name or service not known
2026-04-22 06:58:29,403 - DEBUG - DNS解析重试中 de.616049.xyz: [Errno -2] Name or service not known
2026-04-22 06:58:30,404 - WARNING - [de.616049.xyz (FRA)] ├─ 无有效DNS记录，触发紧急更新
2026-04-22 07:11:36,271 - ERROR - CFST更新失败: None
2026-04-22 07:11:36,274 - DEBUG - Starting new HTTPS connection (1): api.telegram.org:443
2026-04-22 07:11:36,735 - DEBUG - https://api.telegram.org:443 "POST /bot/sendMessage HTTP/1.1" 404 55
