2026-05-01 01:11:02,576 - INFO - 启动维护任务 | 协议类型: IPV4
2026-05-01 01:11:02,576 - INFO - --------------------------------------------------
2026-05-01 01:11:02,576 - INFO - [hk.616049.xyz (HKG)] 开始处理节点维护
2026-05-01 01:11:02,597 - DEBUG - DNS解析重试中 hk.616049.xyz: [Errno -2] Name or service not known
2026-05-01 01:11:03,623 - DEBUG - DNS解析重试中 hk.616049.xyz: [Errno -2] Name or service not known
2026-05-01 01:11:04,647 - DEBUG - DNS解析重试中 hk.616049.xyz: [Errno -2] Name or service not known
2026-05-01 01:11:05,648 - WARNING - [hk.616049.xyz (HKG)] ├─ 无有效DNS记录，触发紧急更新
2026-05-01 01:24:17,880 - ERROR - CFST更新失败: None
2026-05-01 01:24:17,880 - INFO - --------------------------------------------------
2026-05-01 01:24:17,880 - INFO - [us.616049.xyz (LAX)] 开始处理节点维护
2026-05-01 01:24:17,911 - DEBUG - DNS解析重试中 us.616049.xyz: [Errno -2] Name or service not known
2026-05-01 01:24:18,983 - DEBUG - DNS解析重试中 us.616049.xyz: [Errno -2] Name or service not known
2026-05-01 01:24:20,028 - DEBUG - DNS解析重试中 us.616049.xyz: [Errno -2] Name or service not known
2026-05-01 01:24:21,029 - WARNING - [us.616049.xyz (LAX)] ├─ 无有效DNS记录，触发紧急更新
2026-05-01 01:37:33,814 - ERROR - CFST更新失败: None
2026-05-01 01:37:33,814 - INFO - --------------------------------------------------
2026-05-01 01:37:33,814 - INFO - [de.616049.xyz (FRA)] 开始处理节点维护
2026-05-01 01:37:33,859 - DEBUG - DNS解析重试中 de.616049.xyz: [Errno -2] Name or service not known
2026-05-01 01:37:34,909 - DEBUG - DNS解析重试中 de.616049.xyz: [Errno -2] Name or service not known
2026-05-01 01:37:35,931 - DEBUG - DNS解析重试中 de.616049.xyz: [Errno -2] Name or service not known
2026-05-01 01:37:36,932 - WARNING - [de.616049.xyz (FRA)] ├─ 无有效DNS记录，触发紧急更新
2026-05-01 01:50:45,736 - ERROR - CFST更新失败: None
2026-05-01 01:50:45,740 - DEBUG - Starting new HTTPS connection (1): api.telegram.org:443
2026-05-01 01:50:46,223 - DEBUG - https://api.telegram.org:443 "POST /bot/sendMessage HTTP/1.1" 404 55
