2026-04-20 21:10:51,329 - INFO - 启动维护任务 | 协议类型: IPV4
2026-04-20 21:10:51,329 - INFO - --------------------------------------------------
2026-04-20 21:10:51,329 - INFO - [hk.616049.xyz (HKG)] 开始处理节点维护
2026-04-20 21:10:51,336 - DEBUG - DNS解析重试中 hk.616049.xyz: [Errno -2] Name or service not known
2026-04-20 21:10:52,343 - DEBUG - DNS解析重试中 hk.616049.xyz: [Errno -2] Name or service not known
2026-04-20 21:10:53,353 - DEBUG - DNS解析重试中 hk.616049.xyz: [Errno -2] Name or service not known
2026-04-20 21:10:54,354 - WARNING - [hk.616049.xyz (HKG)] ├─ 无有效DNS记录，触发紧急更新
2026-04-20 21:23:48,659 - ERROR - CFST更新失败: None
2026-04-20 21:23:48,659 - INFO - --------------------------------------------------
2026-04-20 21:23:48,659 - INFO - [us.616049.xyz (LAX)] 开始处理节点维护
2026-04-20 21:23:48,665 - DEBUG - DNS解析重试中 us.616049.xyz: [Errno -2] Name or service not known
2026-04-20 21:23:49,673 - DEBUG - DNS解析重试中 us.616049.xyz: [Errno -2] Name or service not known
2026-04-20 21:23:50,682 - DEBUG - DNS解析重试中 us.616049.xyz: [Errno -2] Name or service not known
2026-04-20 21:23:51,683 - WARNING - [us.616049.xyz (LAX)] ├─ 无有效DNS记录，触发紧急更新
2026-04-20 21:36:48,038 - ERROR - CFST更新失败: None
2026-04-20 21:36:48,039 - INFO - --------------------------------------------------
2026-04-20 21:36:48,039 - INFO - [de.616049.xyz (FRA)] 开始处理节点维护
2026-04-20 21:36:48,046 - DEBUG - DNS解析重试中 de.616049.xyz: [Errno -2] Name or service not known
2026-04-20 21:36:49,052 - DEBUG - DNS解析重试中 de.616049.xyz: [Errno -2] Name or service not known
2026-04-20 21:36:50,061 - DEBUG - DNS解析重试中 de.616049.xyz: [Errno -2] Name or service not known
2026-04-20 21:36:51,063 - WARNING - [de.616049.xyz (FRA)] ├─ 无有效DNS记录，触发紧急更新
2026-04-20 21:49:48,481 - ERROR - CFST更新失败: None
2026-04-20 21:49:48,485 - DEBUG - Starting new HTTPS connection (1): api.telegram.org:443
2026-04-20 21:49:48,975 - DEBUG - https://api.telegram.org:443 "POST /bot/sendMessage HTTP/1.1" 404 55
