2026-03-31 00:49:06,263 - INFO - 启动维护任务 | 协议类型: IPV4
2026-03-31 00:49:06,263 - INFO - --------------------------------------------------
2026-03-31 00:49:06,264 - INFO - [hk.616049.xyz (HKG)] 开始处理节点维护
2026-03-31 00:49:06,291 - DEBUG - DNS解析重试中 hk.616049.xyz: [Errno -2] Name or service not known
2026-03-31 00:49:07,315 - DEBUG - DNS解析重试中 hk.616049.xyz: [Errno -2] Name or service not known
2026-03-31 00:49:08,337 - DEBUG - DNS解析重试中 hk.616049.xyz: [Errno -2] Name or service not known
2026-03-31 00:49:09,339 - WARNING - [hk.616049.xyz (HKG)] ├─ 无有效DNS记录，触发紧急更新
2026-03-31 01:02:03,581 - ERROR - CFST更新失败: None
2026-03-31 01:02:03,582 - INFO - --------------------------------------------------
2026-03-31 01:02:03,582 - INFO - [us.616049.xyz (LAX)] 开始处理节点维护
2026-03-31 01:02:03,616 - DEBUG - DNS解析重试中 us.616049.xyz: [Errno -2] Name or service not known
2026-03-31 01:02:04,663 - DEBUG - DNS解析重试中 us.616049.xyz: [Errno -2] Name or service not known
2026-03-31 01:02:05,687 - DEBUG - DNS解析重试中 us.616049.xyz: [Errno -2] Name or service not known
2026-03-31 01:02:06,689 - WARNING - [us.616049.xyz (LAX)] ├─ 无有效DNS记录，触发紧急更新
2026-03-31 01:15:01,638 - ERROR - CFST更新失败: None
2026-03-31 01:15:01,639 - INFO - --------------------------------------------------
2026-03-31 01:15:01,639 - INFO - [de.616049.xyz (FRA)] 开始处理节点维护
2026-03-31 01:15:01,669 - DEBUG - DNS解析重试中 de.616049.xyz: [Errno -2] Name or service not known
2026-03-31 01:15:02,691 - DEBUG - DNS解析重试中 de.616049.xyz: [Errno -2] Name or service not known
2026-03-31 01:15:03,715 - DEBUG - DNS解析重试中 de.616049.xyz: [Errno -2] Name or service not known
2026-03-31 01:15:04,716 - WARNING - [de.616049.xyz (FRA)] ├─ 无有效DNS记录，触发紧急更新
2026-03-31 01:27:58,416 - ERROR - CFST更新失败: None
2026-03-31 01:27:58,419 - DEBUG - Starting new HTTPS connection (1): api.telegram.org:443
2026-03-31 01:27:58,753 - DEBUG - https://api.telegram.org:443 "POST /bot/sendMessage HTTP/1.1" 404 55
