2026-01-21 14:25:35,760 - INFO - 启动维护任务 | 协议类型: IPV4
2026-01-21 14:25:35,760 - INFO - --------------------------------------------------
2026-01-21 14:25:35,760 - INFO - [hk.616049.xyz (HKG)] 开始处理节点维护
2026-01-21 14:25:35,790 - DEBUG - DNS解析重试中 hk.616049.xyz: [Errno -2] Name or service not known
2026-01-21 14:25:36,824 - DEBUG - DNS解析重试中 hk.616049.xyz: [Errno -2] Name or service not known
2026-01-21 14:25:37,851 - DEBUG - DNS解析重试中 hk.616049.xyz: [Errno -2] Name or service not known
2026-01-21 14:25:38,853 - WARNING - [hk.616049.xyz (HKG)] ├─ 无有效DNS记录，触发紧急更新
2026-01-21 14:38:33,593 - ERROR - CFST更新失败: None
2026-01-21 14:38:33,594 - INFO - --------------------------------------------------
2026-01-21 14:38:33,594 - INFO - [us.616049.xyz (LAX)] 开始处理节点维护
2026-01-21 14:38:33,618 - DEBUG - DNS解析重试中 us.616049.xyz: [Errno -2] Name or service not known
2026-01-21 14:38:34,648 - DEBUG - DNS解析重试中 us.616049.xyz: [Errno -2] Name or service not known
2026-01-21 14:38:35,655 - DEBUG - DNS解析重试中 us.616049.xyz: [Errno -2] Name or service not known
2026-01-21 14:38:36,656 - WARNING - [us.616049.xyz (LAX)] ├─ 无有效DNS记录，触发紧急更新
2026-01-21 14:51:31,244 - ERROR - CFST更新失败: None
2026-01-21 14:51:31,244 - INFO - --------------------------------------------------
2026-01-21 14:51:31,244 - INFO - [de.616049.xyz (FRA)] 开始处理节点维护
2026-01-21 14:51:31,284 - DEBUG - DNS解析重试中 de.616049.xyz: [Errno -2] Name or service not known
2026-01-21 14:51:32,338 - DEBUG - DNS解析重试中 de.616049.xyz: [Errno -2] Name or service not known
2026-01-21 14:51:33,370 - DEBUG - DNS解析重试中 de.616049.xyz: [Errno -2] Name or service not known
2026-01-21 14:51:34,372 - WARNING - [de.616049.xyz (FRA)] ├─ 无有效DNS记录，触发紧急更新
2026-01-21 15:04:28,630 - ERROR - CFST更新失败: None
2026-01-21 15:04:28,633 - DEBUG - Starting new HTTPS connection (1): api.telegram.org:443
2026-01-21 15:04:28,964 - DEBUG - https://api.telegram.org:443 "POST /bot/sendMessage HTTP/1.1" 404 55
