2025-03-02 22:23:53,564 - INFO - 已创建或确认目录 csv 存在。
2025-03-02 22:23:53,564 - INFO - 已创建或确认目录 logs 存在。
2025-03-02 22:23:53,564 - INFO - 已创建或确认目录 port 存在。
2025-03-02 22:23:53,565 - INFO - 已创建或确认目录 cfip 存在。
2025-03-02 22:23:53,565 - INFO - 已创建或确认目录 speed 存在。
2025-03-02 22:23:53,565 - INFO - 清理旧CSV文件...
2025-03-02 22:23:53,570 - INFO - 已删除旧CSV文件：csv/ip/HKG.csv
2025-03-02 22:23:53,571 - INFO - 已删除旧CSV文件：csv/result.csv
2025-03-02 22:23:53,572 - INFO - 已清空 cfip/ip.txt 文件。
2025-03-02 22:23:53,572 - INFO - 已清空 port/ip.txt 文件。
2025-03-02 22:23:56,137 - INFO - 使用默认区域列表: ['HKG', 'SJC', 'LAX', 'SEA', 'NRT', 'SIN', 'FRA']
2025-03-02 22:23:56,137 - INFO - 批量测试模式启用，参数设置为 dn=10, p=10
2025-03-02 22:23:56,137 - INFO - 正在测试区域: HKG,SJC,LAX,SEA,NRT,SIN,FRA，模式: HTTPing
2025-03-02 22:34:22,770 - INFO - csv/result.csv 文件已存在，无需新建。
2025-03-02 22:34:22,774 - INFO - 写入: 2606:4700:3037:df9:f0f5:7449:647d:2f47🇭🇰HK
2025-03-02 22:34:22,775 - INFO - 写入: 2606:4700:a8:21eb:db17:2a8a:13ec:dd51🇭🇰HK
2025-03-02 22:34:22,776 - INFO - 写入: 2606:4700:3036:90eb:ac3c:79c0:5e84:9cb5🇭🇰HK
2025-03-02 22:34:22,776 - INFO - 写入: 2a06:98c1:3120:8e77:223d:e71b:2799:fb4b🇭🇰HK
2025-03-02 22:34:22,777 - INFO - 写入: 2a06:98c1:3122:7a:bc64:fc18:f5a7:2293🇭🇰HK
2025-03-02 22:34:22,777 - INFO - 写入: 2a06:98c1:3120:0:b9bc:eebc:81b0:5001🇭🇰HK
2025-03-02 22:34:22,778 - INFO - 写入: 2606:4700:3036:90eb:ac3c:79c0:178e:4152🇭🇰HK
2025-03-02 22:34:22,778 - INFO - 写入: 2606:4700:f4::67a:2727:d111🇭🇰HK
2025-03-02 22:34:22,779 - INFO - 写入: 2a06:98c1:3121:0:e1cc:d4aa:3f4:af6c🇭🇰HK
2025-03-02 22:34:22,779 - INFO - 写入: 2606:4700:3037:df9:f031:3bf8:d800:d118🇭🇰HK
2025-03-02 22:34:22,782 - INFO - 写入: 2606:4700:3037:df9:f0f5:7449:647d:2f47:443🇭🇰HK┃62.13ms
2025-03-02 22:34:22,782 - INFO - 写入: 2606:4700:a8:21eb:db17:2a8a:13ec:dd51:443🇭🇰HK┃62.62ms
2025-03-02 22:34:22,783 - INFO - 写入: 2606:4700:3036:90eb:ac3c:79c0:5e84:9cb5:443🇭🇰HK┃63.11ms
2025-03-02 22:34:22,783 - INFO - 写入: 2a06:98c1:3120:8e77:223d:e71b:2799:fb4b:443🇭🇰HK┃65.07ms
2025-03-02 22:34:22,783 - INFO - 写入: 2a06:98c1:3122:7a:bc64:fc18:f5a7:2293:443🇭🇰HK┃65.82ms
2025-03-02 22:34:22,784 - INFO - 写入: 2a06:98c1:3120:0:b9bc:eebc:81b0:5001:443🇭🇰HK┃66.57ms
2025-03-02 22:34:22,784 - INFO - 写入: 2606:4700:3036:90eb:ac3c:79c0:178e:4152:443🇭🇰HK┃68.72ms
2025-03-02 22:34:22,784 - INFO - 写入: 2606:4700:f4::67a:2727:d111:443🇭🇰HK┃69.81ms
2025-03-02 22:34:22,785 - INFO - 写入: 2a06:98c1:3121:0:e1cc:d4aa:3f4:af6c:443🇭🇰HK┃69.84ms
2025-03-02 22:34:22,785 - INFO - 写入: 2606:4700:3037:df9:f031:3bf8:d800:d118:443🇭🇰HK┃69.94ms
2025-03-02 22:34:22,789 - INFO - 变更已提交到GitHub
