2025-03-04 09:23:54,957 - INFO - 已创建或确认目录 csv 存在。
2025-03-04 09:23:54,958 - INFO - 已创建或确认目录 logs 存在。
2025-03-04 09:23:54,958 - INFO - 已创建或确认目录 port 存在。
2025-03-04 09:23:54,958 - INFO - 已创建或确认目录 cfip 存在。
2025-03-04 09:23:54,958 - INFO - 已创建或确认目录 speed 存在。
2025-03-04 09:23:54,958 - INFO - 清理旧CSV文件...
2025-03-04 09:23:54,958 - INFO - 已删除旧CSV文件：csv/ip/LAX.csv
2025-03-04 09:23:54,958 - INFO - 自定义运行区域: ['FRA', 'NRT', 'SIN']
2025-03-04 09:23:54,958 - INFO - 正在测试区域: FRA，模式: HTTPing
2025-03-04 09:24:31,444 - INFO - csv/resultip.csv 文件已存在，无需新建。
2025-03-04 09:24:31,445 - WARNING - 文件 csv/resultip.csv 为空，跳过读取。
2025-03-04 09:24:31,445 - INFO - 正在测试区域: NRT，模式: HTTPing
2025-03-04 09:25:08,013 - INFO - csv/resultip.csv 文件已存在，无需新建。
2025-03-04 09:25:08,014 - WARNING - 文件 csv/resultip.csv 为空，跳过读取。
2025-03-04 09:25:08,014 - INFO - 正在测试区域: SIN，模式: HTTPing
2025-03-04 09:25:44,502 - INFO - csv/resultip.csv 文件已存在，无需新建。
2025-03-04 09:25:44,503 - WARNING - 文件 csv/resultip.csv 为空，跳过读取。
2025-03-04 09:25:44,503 - INFO - 正在调用 checker.py 检查 IP 列表...
2025-03-04 09:25:50,559 - INFO - checker.py 执行完成。
2025-03-04 09:25:50,559 - INFO - 正在 GitHub Actions 环境中运行，跳过提交代码到github
