2025-03-02 23:20:30,682 - INFO - 已创建或确认目录 csv 存在。
2025-03-02 23:20:30,683 - INFO - 已创建或确认目录 logs 存在。
2025-03-02 23:20:30,683 - INFO - 已创建或确认目录 port 存在。
2025-03-02 23:20:30,683 - INFO - 已创建或确认目录 cfip 存在。
2025-03-02 23:20:30,683 - INFO - 已创建或确认目录 speed 存在。
2025-03-02 23:20:30,683 - INFO - 清理旧CSV文件...
2025-03-02 23:20:30,684 - INFO - 已清空 cfip/ipv6.txt 文件。
2025-03-02 23:20:30,685 - INFO - 已清空 port/ipv6.txt 文件。
2025-03-02 23:20:35,691 - INFO - 使用默认区域列表: ['HKG', 'SJC', 'LAX', 'NRT', 'SIN', 'FRA']
2025-03-02 23:20:35,692 - INFO - 批量测试模式启用，参数设置为 dn=20, p=20
2025-03-02 23:20:35,693 - INFO - 正在测试区域: HKG,SJC,LAX,NRT,SIN,FRA，模式: HTTPing
2025-03-02 23:32:14,042 - INFO - csv/result.csv 文件已存在，无需新建。
2025-03-02 23:32:14,044 - INFO - 写入: 2606:4700:3036:c1ad:f135:3c6d:8d6b:f423#🇭🇰HK
2025-03-02 23:32:14,044 - INFO - 写入: 2606:4700:3035:0:9c:7324:c44e:ecbd#🇭🇰HK
2025-03-02 23:32:14,044 - INFO - 写入: 2606:4700:3034:0:319e:4898:5e08:2d73#🇭🇰HK
2025-03-02 23:32:14,045 - INFO - 写入: 2a06:98c1:3122::5c6e:380:f1bb#🇭🇰HK
2025-03-02 23:32:14,045 - INFO - 写入: 2606:4700:3034:fd:8a0c:dc17:6d41:3f45#🇭🇰HK
2025-03-02 23:32:14,045 - INFO - 写入: 2a06:98c1:3121:237:86b6:e56b:8182:d9a4#🇭🇰HK
2025-03-02 23:32:14,045 - INFO - 写入: 2606:4700:a8:ac59:2635:52e8:648d:354#🇭🇰HK
2025-03-02 23:32:14,046 - INFO - 写入: 2606:4700:3035:c:b4ec:f18b:c7ce:2962#🇭🇰HK
2025-03-02 23:32:14,046 - INFO - 写入: 2606:4700:3037:0:5c73:42b4:5c47:c84c#🇭🇰HK
2025-03-02 23:32:14,047 - INFO - 写入: 2606:4700:3034:6962:d64:74f5:cc13:3ba8#🇭🇰HK
2025-03-02 23:32:14,047 - INFO - 写入: 2606:4700:3035:abb3:6280:3858:7bd7:ce2a#🇭🇰HK
2025-03-02 23:32:14,047 - INFO - 写入: 2606:4700:3035:ab69:a73d:bbc5:895f:737d#🇭🇰HK
2025-03-02 23:32:14,048 - INFO - 写入: 2606:4700:3034:0:319e:48a5:b2ab:ef03#🇭🇰HK
2025-03-02 23:32:14,048 - INFO - 写入: 2606:4700:3031:b6e8:ec46:bab9:1ebb:978f#🇭🇰HK
2025-03-02 23:32:14,049 - INFO - 写入: 2606:4700:3032:e2:27cd:ba15:bdf3:961e#🇭🇰HK
2025-03-02 23:32:14,049 - INFO - 写入: 2606:4700:3031:0:f3e1:485e:d1a:42d9#🇭🇰HK
2025-03-02 23:32:14,049 - INFO - 写入: 2606:4700:3031:0:cecd:75de:a71f:3373#🇭🇰HK
2025-03-02 23:32:14,049 - INFO - 写入: 2a06:98c1:3120:afac:e594:a165:1bac:ad60#🇭🇰HK
2025-03-02 23:32:14,050 - INFO - 写入: 2606:4700:3037:8c2c:d645:9a94:3f75:b2c8#🇭🇰HK
2025-03-02 23:32:14,050 - INFO - 写入: 2606:4700:3034:fb:ee9a:d1cc:6e6d:f510#🇭🇰HK
2025-03-02 23:32:14,051 - INFO - 写入: [2606:4700:3036:c1ad:f135:3c6d:8d6b:f423]:443#🇭🇰HK┃74.97ms
2025-03-02 23:32:14,051 - INFO - 写入: [2606:4700:3035:0:9c:7324:c44e:ecbd]:443#🇭🇰HK┃75.06ms
2025-03-02 23:32:14,051 - INFO - 写入: [2606:4700:3034:0:319e:4898:5e08:2d73]:443#🇭🇰HK┃75.61ms
2025-03-02 23:32:14,051 - INFO - 写入: [2a06:98c1:3122::5c6e:380:f1bb]:443#🇭🇰HK┃77.91ms
2025-03-02 23:32:14,051 - INFO - 写入: [2606:4700:3034:fd:8a0c:dc17:6d41:3f45]:443#🇭🇰HK┃78.4ms
2025-03-02 23:32:14,052 - INFO - 写入: [2a06:98c1:3121:237:86b6:e56b:8182:d9a4]:443#🇭🇰HK┃78.45ms
2025-03-02 23:32:14,052 - INFO - 写入: [2606:4700:a8:ac59:2635:52e8:648d:354]:443#🇭🇰HK┃79.59ms
2025-03-02 23:32:14,052 - INFO - 写入: [2606:4700:3035:c:b4ec:f18b:c7ce:2962]:443#🇭🇰HK┃81.51ms
2025-03-02 23:32:14,052 - INFO - 写入: [2606:4700:3037:0:5c73:42b4:5c47:c84c]:443#🇭🇰HK┃81.55ms
2025-03-02 23:32:14,052 - INFO - 写入: [2606:4700:3034:6962:d64:74f5:cc13:3ba8]:443#🇭🇰HK┃81.6ms
2025-03-02 23:32:14,053 - INFO - 写入: [2606:4700:3035:abb3:6280:3858:7bd7:ce2a]:443#🇭🇰HK┃82.33ms
2025-03-02 23:32:14,053 - INFO - 写入: [2606:4700:3035:ab69:a73d:bbc5:895f:737d]:443#🇭🇰HK┃82.63ms
2025-03-02 23:32:14,053 - INFO - 写入: [2606:4700:3034:0:319e:48a5:b2ab:ef03]:443#🇭🇰HK┃82.94ms
2025-03-02 23:32:14,053 - INFO - 写入: [2606:4700:3031:b6e8:ec46:bab9:1ebb:978f]:443#🇭🇰HK┃83.27ms
2025-03-02 23:32:14,053 - INFO - 写入: [2606:4700:3032:e2:27cd:ba15:bdf3:961e]:443#🇭🇰HK┃83.48ms
2025-03-02 23:32:14,053 - INFO - 写入: [2606:4700:3031:0:f3e1:485e:d1a:42d9]:443#🇭🇰HK┃83.63ms
2025-03-02 23:32:14,054 - INFO - 写入: [2606:4700:3031:0:cecd:75de:a71f:3373]:443#🇭🇰HK┃84.03ms
2025-03-02 23:32:14,054 - INFO - 写入: [2a06:98c1:3120:afac:e594:a165:1bac:ad60]:443#🇭🇰HK┃84.45ms
2025-03-02 23:32:14,054 - INFO - 写入: [2606:4700:3037:8c2c:d645:9a94:3f75:b2c8]:443#🇭🇰HK┃85.19ms
2025-03-02 23:32:14,054 - INFO - 写入: [2606:4700:3034:fb:ee9a:d1cc:6e6d:f510]:443#🇭🇰HK┃85.43ms
2025-03-02 23:32:14,055 - INFO - 变更已提交到GitHub
