2025-03-01 20:13:09,835 - INFO - Connecting to 91.108.56.127:443/TcpFull...
2025-03-01 20:13:09,839 - INFO - Connection to 91.108.56.127:443/TcpFull complete!
2025-03-01 20:13:14,179 - INFO - === 程序启动 ===
2025-03-01 20:13:14,189 - INFO - 已清空下载目录: txt/fdip
2025-03-01 20:13:14,191 - INFO - 已删除旧输出文件: proxy.txt
2025-03-01 20:13:14,856 - INFO - 开始扫描频道消息...
2025-03-01 20:13:15,637 - INFO - 发现新版本文件: 美洲20250228ip ¹.txt
2025-03-01 20:13:15,638 - INFO - 发现新版本文件: 欧洲20250228ip ¹.txt
2025-03-01 20:13:15,638 - INFO - 发现新版本文件: 亚洲20250228ip ¹.txt
2025-03-01 20:13:15,640 - INFO - 共处理 72 条消息，找到 3 个区域的最新文件
2025-03-01 20:13:15,641 - INFO - 开始下载: 美洲20250228ip ¹.txt
2025-03-01 20:13:15,642 - INFO - Starting direct file download in chunks of 131072 at 0, stride 131072
2025-03-01 20:13:16,263 - INFO - 下载成功: 美洲20250228ip ¹.txt (8814 bytes)
2025-03-01 20:13:16,263 - INFO - 开始下载: 欧洲20250228ip ¹.txt
2025-03-01 20:13:16,266 - INFO - Starting direct file download in chunks of 131072 at 0, stride 131072
2025-03-01 20:13:17,320 - INFO - 下载成功: 欧洲20250228ip ¹.txt (56832 bytes)
2025-03-01 20:13:17,321 - INFO - 开始下载: 亚洲20250228ip ¹.txt
2025-03-01 20:13:17,323 - INFO - Starting direct file download in chunks of 131072 at 0, stride 131072
2025-03-01 20:13:17,932 - INFO - 下载成功: 亚洲20250228ip ¹.txt (3475 bytes)
2025-03-01 20:13:17,932 - INFO - 开始合并 3 个文件
2025-03-01 20:13:17,949 - INFO - 合并完成 → proxy.txt
2025-03-01 20:13:17,950 - INFO - 检测到本地运行环境，尝试提交更改...
2025-03-01 20:13:17,950 - INFO - 执行 git add...
2025-03-01 20:13:18,030 - INFO - 执行 git commit: cfst: Update proxy.txt on 2025-03-01 20:13:18
2025-03-01 20:13:18,109 - INFO - 执行 git push...
2025-03-01 20:13:30,979 - INFO - 文件已成功推送至GitHub仓库
2025-03-01 20:13:30,980 - INFO - === 程序结束 ===
2025-03-01 20:13:30,981 - INFO - Disconnecting from 91.108.56.127:443/TcpFull...
2025-03-01 20:13:30,988 - INFO - Disconnection from 91.108.56.127:443/TcpFull complete!
