2025-03-03 06:25:39,436 - INFO - Connecting to 91.108.56.127:443/TcpFull...
2025-03-03 06:25:39,668 - INFO - Connection to 91.108.56.127:443/TcpFull complete!
2025-03-03 06:25:40,861 - INFO - === 程序启动 ===
2025-03-03 06:25:40,862 - INFO - 已清空下载目录: txt/fdip
2025-03-03 06:25:40,862 - INFO - 已删除旧输出文件: proxy.txt
2025-03-03 06:25:41,103 - INFO - 开始扫描频道消息...
2025-03-03 06:25:41,715 - INFO - 发现新版本文件: 欧洲20250302ip ¹.txt
2025-03-03 06:25:41,715 - INFO - 发现新版本文件: 亚洲20250302ip ¹.txt
2025-03-03 06:25:41,715 - INFO - 发现新版本文件: 美洲20250302ip ¹.txt
2025-03-03 06:25:41,716 - INFO - 共处理 78 条消息，找到 3 个区域的最新文件
2025-03-03 06:25:41,716 - INFO - 开始下载: 欧洲20250302ip ¹.txt
2025-03-03 06:25:41,716 - INFO - Starting direct file download in chunks of 131072 at 0, stride 131072
2025-03-03 06:25:42,009 - INFO - 下载成功: 欧洲20250302ip ¹.txt (56714 bytes)
2025-03-03 06:25:42,009 - INFO - 开始下载: 亚洲20250302ip ¹.txt
2025-03-03 06:25:42,009 - INFO - Starting direct file download in chunks of 131072 at 0, stride 131072
2025-03-03 06:25:42,250 - INFO - 下载成功: 亚洲20250302ip ¹.txt (3442 bytes)
2025-03-03 06:25:42,250 - INFO - 开始下载: 美洲20250302ip ¹.txt
2025-03-03 06:25:42,250 - INFO - Starting direct file download in chunks of 131072 at 0, stride 131072
2025-03-03 06:25:42,490 - INFO - 下载成功: 美洲20250302ip ¹.txt (9136 bytes)
2025-03-03 06:25:42,490 - INFO - 开始合并 3 个文件
2025-03-03 06:25:42,492 - INFO - 合并完成 → proxy.txt
2025-03-03 06:25:42,492 - INFO - 检测到GitHub Actions环境，跳过提交步骤
2025-03-03 06:25:42,492 - INFO - === 程序结束 ===
2025-03-03 06:25:42,492 - INFO - Disconnecting from 91.108.56.127:443/TcpFull...
2025-03-03 06:25:42,492 - INFO - Disconnection from 91.108.56.127:443/TcpFull complete!
