2025-03-01 15:20:53,794 - INFO - Connecting to 91.108.56.127:443/TcpFull...
2025-03-01 15:20:54,030 - INFO - Connection to 91.108.56.127:443/TcpFull complete!
2025-03-01 15:20:55,315 - INFO - === 程序启动 ===
2025-03-01 15:20:55,315 - INFO - 已清空下载目录: txt/fdip
2025-03-01 15:20:55,315 - INFO - 已删除旧输出文件: proxy.txt
2025-03-01 15:20:55,561 - INFO - 开始扫描频道消息...
2025-03-01 15:20:56,183 - INFO - 发现新版本文件: 美洲20250228ip ¹.txt
2025-03-01 15:20:56,183 - INFO - 发现新版本文件: 欧洲20250228ip ¹.txt
2025-03-01 15:20:56,183 - INFO - 发现新版本文件: 亚洲20250228ip ¹.txt
2025-03-01 15:20:56,183 - INFO - 共处理 73 条消息，找到 3 个区域的最新文件
2025-03-01 15:20:56,184 - INFO - 开始下载: 美洲20250228ip ¹.txt
2025-03-01 15:20:56,184 - INFO - Starting direct file download in chunks of 131072 at 0, stride 131072
2025-03-01 15:20:56,462 - INFO - 下载成功: 美洲20250228ip ¹.txt (8814 bytes)
2025-03-01 15:20:56,462 - INFO - 开始下载: 欧洲20250228ip ¹.txt
2025-03-01 15:20:56,463 - INFO - Starting direct file download in chunks of 131072 at 0, stride 131072
2025-03-01 15:20:56,798 - INFO - 下载成功: 欧洲20250228ip ¹.txt (56832 bytes)
2025-03-01 15:20:56,799 - INFO - 开始下载: 亚洲20250228ip ¹.txt
2025-03-01 15:20:56,799 - INFO - Starting direct file download in chunks of 131072 at 0, stride 131072
2025-03-01 15:20:57,171 - INFO - 下载成功: 亚洲20250228ip ¹.txt (3475 bytes)
2025-03-01 15:20:57,171 - INFO - 开始合并 3 个文件
2025-03-01 15:20:57,173 - INFO - 合并完成 → proxy.txt
2025-03-01 15:20:57,174 - INFO - 检测到GitHub Actions环境，跳过提交步骤
2025-03-01 15:20:57,174 - INFO - === 程序结束 ===
2025-03-01 15:20:57,174 - INFO - Disconnecting from 91.108.56.127:443/TcpFull...
2025-03-01 15:20:57,174 - INFO - Disconnection from 91.108.56.127:443/TcpFull complete!
